0.00,4648
0.27,4647
0.62,4646
1.71,4645
1.98,4644
2.51,4643
2.68,4642
2.95,4641
3.22,4640
3.93,4639
4.38,4638
5.09,4637
5.36,4636
5.63,4635
5.80,4634
6.16,4633
6.34,4632
6.87,4631
7.05,4630
7.41,4629
7.58,4628
7.76,4627
8.57,4626
9.65,4625
10.32,4624
10.77,4623
11.31,4622
11.58,4621
11.94,4620
12.83,4619
13.19,4618
13.83,4617
14.01,4616
14.38,4615
15.57,4614
16.20,4613
16.47,4612
16.75,4611
17.02,4610
17.47,4609
17.65,4608
18.19,4607
18.37,4606
18.73,4605
19.00,4604
19.18,4603
19.37,4602
19.55,4601
19.73,4600
19.91,4599
20.09,4598
21.27,4597
21.45,4596
22.01,4595
22.19,4594
22.46,4593
22.92,4592
23.83,4591
24.46,4590
24.64,4589
24.82,4588
25.10,4587
25.47,4586
25.84,4585
26.02,4584
26.30,4583
26.48,4582
26.76,4581
26.93,4580
27.29,4579
27.83,4578
28.37,4577
28.64,4576
28.83,4575
29.19,4574
29.37,4573
29.56,4572
30.03,4571
30.30,4570
30.49,4569
31.12,4568
31.40,4567
31.67,4566
31.95,4565
32.13,4564
32.31,4563
32.49,4562
32.77,4561
33.04,4560
33.59,4559
34.42,4558
34.71,4557
34.98,4556
35.16,4555
35.43,4554
35.71,4553
35.98,4552
36.30,4551
36.76,4550
37.04,4549
37.95,4548
38.41,4547
38.77,4546
39.05,4545
39.23,4544
39.41,4543
39.68,4542
40.32,4541
40.59,4540
41.14,4539
41.68,4538
41.95,4537
42.13,4536
42.41,4535
42.59,4534
43.22,4533
43.77,4532
44.04,4531
44.86,4530
45.04,4529
45.41,4528
45.95,4527
46.13,4526
46.76,4525
47.13,4524
47.60,4523
48.32,4522
48.60,4521
48.78,4520
49.24,4519
49.79,4518
50.27,4517
50.63,4516
50.90,4515
51.19,4514
51.39,4513
51.58,4512
51.85,4511
52.21,4510
52.58,4509
52.85,4508
53.03,4507
53.21,4506
53.58,4505
53.85,4504
54.03,4503
54.48,4502
55.13,4501
55.67,4500
56.29,4499
56.84,4498
57.02,4497
58.58,4496
58.76,4495
59.16,4494
59.34,4493
59.98,4492
60.16,4491
60.71,4490
61.25,4489
61.98,4488
62.54,4487
62.73,4486
63.09,4485
63.37,4484
63.64,4483
63.83,4482
64.30,4481
64.85,4480
65.75,4479
66.22,4478
66.85,4477
67.85,4476
68.03,4475
69.30,4474
69.76,4473
70.31,4472
70.49,4471
71.22,4470
71.58,4469
71.77,4468
72.22,4467
72.49,4466
72.91,4465
73.19,4464
73.55,4463
73.93,4462
74.12,4461
74.32,4460
74.61,4459
75.24,4458
75.43,4457
75.61,4456
76.26,4455
76.81,4454
76.99,4453
77.17,4452
77.44,4451
77.72,4450
77.99,4449
78.17,4448
78.63,4447
78.82,4446
79.00,4445
79.36,4444
79.54,4443
79.72,4442
82.08,4441
82.53,4440
83.08,4439
83.34,4438
83.80,4437
84.64,4436
85.00,4435
85.92,4434
86.47,4433
86.75,4432
87.02,4431
87.21,4430
87.48,4429
87.67,4428
87.85,4427
88.31,4426
88.50,4425
88.69,4424
89.06,4423
89.34,4422
89.70,4421
89.89,4420
90.43,4419
90.97,4418
91.34,4417
91.52,4416
91.79,4415
92.06,4414
92.33,4413
92.51,4412
92.69,4411
92.97,4410
93.62,4409
93.89,4408
94.61,4407
94.79,4406
94.97,4405
95.15,4404
95.69,4403
96.87,4402
97.42,4401
97.96,4400
98.70,4399
98.97,4398
99.24,4397
99.51,4396
99.69,4395
100.32,4394
100.59,4393
100.86,4392
101.04,4391
101.22,4390
101.40,4389
101.67,4388
101.94,4387
102.12,4386
102.39,4385
102.84,4384
103.11,4383
103.38,4382
103.93,4381
104.19,4380
104.48,4379
104.66,4378
105.03,4377
105.92,4376
106.55,4375
107.46,4374
107.73,4373
108.01,4372
108.19,4371
108.74,4370
109.53,4369
109.81,4368
110.18,4367
110.36,4366
110.63,4365
110.81,4364
111.08,4363
111.26,4362
111.44,4361
111.62,4360
111.89,4359
112.26,4358
112.72,4357
113.36,4356
113.63,4355
113.82,4354
114.27,4353
114.80,4352
115.62,4351
115.80,4350
116.54,4349
116.72,4348
117.17,4347
117.53,4346
117.71,4345
118.52,4344
118.80,4343
119.69,4342
119.87,4341
120.32,4340
120.75,4339
121.02,4338
121.46,4337
121.63,4336
122.16,4335
122.34,4334
122.61,4333
123.14,4332
123.31,4331
123.49,4330
123.67,4329
123.84,4328
124.02,4327
124.19,4326
124.46,4325
124.63,4324
124.82,4323
125.00,4322
125.18,4321
125.36,4320
126.26,4319
126.53,4318
126.98,4317
127.16,4316
127.34,4315
127.70,4314
127.98,4313
128.16,4312
128.43,4311
128.61,4310
128.97,4309
129.24,4308
129.79,4307
130.43,4306
131.10,4305
131.28,4304
131.64,4303
131.92,4302
132.37,4301
133.46,4300
133.73,4299
134.00,4298
134.18,4297
134.63,4296
134.99,4295
135.17,4294
135.63,4293
135.99,4292
136.17,4291
136.35,4290
136.80,4289
137.17,4288
137.44,4287
137.62,4286
137.98,4285
138.34,4284
138.79,4283
139.34,4282
139.61,4281
139.98,4280
140.16,4279
140.53,4278
140.70,4277
140.89,4276
141.25,4275
141.61,4274
141.97,4273
142.63,4272
142.90,4271
143.43,4270
143.79,4269
144.33,4268
144.51,4267
145.03,4266
145.89,4265
146.07,4264
146.34,4263
146.61,4262
146.97,4261
147.24,4260
147.43,4259
148.42,4258
148.97,4257
149.61,4256
149.97,4255
150.34,4254
150.52,4253
150.70,4252
150.88,4251
151.41,4250
151.60,4249
151.95,4248
152.31,4247
152.58,4246
152.75,4245
153.20,4244
153.56,4243
153.92,4242
154.20,4241
154.65,4240
155.29,4239
155.47,4238
155.83,4237
156.10,4236
156.37,4235
156.64,4234
156.82,4233
157.27,4232
157.45,4231
157.63,4230
157.81,4229
157.99,4228
158.63,4227
159.18,4226
159.64,4225
160.01,4224
160.48,4223
160.76,4222
161.35,4221
161.71,4220
161.99,4219
162.46,4218
162.92,4217
163.66,4216
163.94,4215
164.30,4214
164.48,4213
164.66,4212
165.02,4211
165.65,4210
166.01,4209
166.28,4208
166.64,4207
166.82,4206
167.09,4205
167.27,4204
168.07,4203
168.25,4202
168.70,4201
168.89,4200
169.25,4199
170.45,4198
170.63,4197
170.81,4196
171.69,4195
172.69,4194
173.32,4193
173.95,4192
174.67,4191
174.85,4190
175.12,4189
175.58,4188
176.76,4187
176.94,4186
177.39,4185
177.74,4184
178.00,4183
178.18,4182
178.44,4181
178.63,4180
178.81,4179
178.99,4178
179.17,4177
179.35,4176
179.81,4175
180.08,4174
181.55,4173
182.39,4172
182.93,4171
183.11,4170
183.29,4169
183.55,4168
183.73,4167
184.26,4166
184.62,4165
184.91,4164
185.65,4163
185.83,4162
186.01,4161
186.64,4160
187.00,4159
187.44,4158
187.80,4157
188.25,4156
188.42,4155
188.60,4154
188.78,4153
188.96,4152
189.40,4151
189.85,4150
190.20,4149
191.37,4148
192.17,4147
192.61,4146
192.88,4145
193.05,4144
193.32,4143
193.86,4142
194.65,4141
194.83,4140
195.19,4139
195.91,4138
196.17,4137
196.53,4136
197.06,4135
197.41,4134
197.59,4133
197.77,4132
198.31,4131
198.68,4130
198.95,4129
199.30,4128
199.57,4127
200.20,4126
200.65,4125
201.27,4124
201.45,4123
201.90,4122
202.08,4121
202.26,4120
202.44,4119
202.71,4118
203.07,4117
203.87,4116
204.05,4115
204.23,4114
204.58,4113
204.76,4112
205.29,4111
205.56,4110
205.74,4109
205.92,4108
206.10,4107
206.37,4106
206.99,4105
207.17,4104
207.52,4103
207.79,4102
208.06,4101
208.51,4100
208.69,4099
208.96,4098
209.32,4097
209.79,4096
210.76,4095
210.94,4094
211.38,4093
211.56,4092
212.00,4091
212.17,4090
213.14,4089
213.41,4088
213.68,4087
213.85,4086
214.21,4085
214.48,4084
214.66,4083
215.11,4082
215.46,4081
216.00,4080
216.26,4079
216.44,4078
216.61,4077
216.96,4076
217.22,4075
217.66,4074
217.99,4073
218.43,4072
219.26,4071
219.44,4070
219.62,4069
219.99,4068
220.36,4067
221.02,4066
221.38,4065
222.02,4064
222.29,4063
222.56,4062
222.74,4061
223.19,4060
223.63,4059
224.26,4058
224.45,4057
224.81,4056
225.61,4055
226.80,4054
227.07,4053
227.74,4052
227.92,4051
228.28,4050
228.46,4049
228.91,4048
229.36,4047
229.54,4046
229.72,4045
230.26,4044
230.89,4043
231.07,4042
231.70,4041
231.97,4040
232.15,4039
232.34,4038
232.62,4037
233.07,4036
233.34,4035
234.15,4034
234.41,4033
234.68,4032
234.95,4031
235.13,4030
235.42,4029
235.78,4028
236.23,4027
236.50,4026
237.06,4025
237.72,4024
237.99,4023
238.43,4022
238.70,4021
239.61,4020
239.88,4019
241.64,4018
242.54,4017
242.72,4016
243.08,4015
243.35,4014
243.62,4013
244.16,4012
244.52,4011
244.70,4010
245.14,4009
245.59,4008
245.95,4007
246.40,4006
246.58,4005
246.85,4004
247.48,4003
247.84,4002
248.75,4001
248.93,4000
249.29,3999
249.65,3998
249.84,3997
250.20,3996
250.38,3995
250.56,3994
250.73,3993
250.91,3992
251.18,3991
251.64,3990
252.08,3989
252.79,3988
253.14,3987
253.40,3986
254.37,3985
255.11,3984
255.38,3983
255.82,3982
256.01,3981
257.08,3980
257.26,3979
257.62,3978
257.89,3977
258.25,3976
258.43,3975
258.79,3974
259.06,3973
259.67,3972
259.93,3971
260.38,3970
260.92,3969
261.10,3968
261.28,3967
261.45,3966
261.63,3965
262.35,3964
262.52,3963
263.06,3962
263.24,3961
263.77,3960
264.13,3959
264.84,3958
265.83,3957
266.72,3956
266.99,3955
267.19,3954
268.72,3953
268.90,3952
269.17,3951
269.35,3950
270.77,3949
272.02,3948
272.29,3947
272.82,3946
273.53,3945
273.97,3944
274.86,3943
275.31,3942
275.76,3941
276.47,3940
276.92,3939
277.19,3938
277.36,3937
277.72,3936
278.08,3935
278.35,3934
278.53,3933
280.66,3932
281.02,3931
281.20,3930
282.47,3929
282.83,3928
283.10,3927
283.45,3926
284.08,3925
284.43,3924
284.71,3923
285.15,3922
285.51,3921
286.83,3920
287.01,3919
287.72,3918
288.17,3917
288.34,3916
288.61,3915
290.08,3914
290.89,3913
292.69,3912
292.96,3911
295.33,3910
295.52,3909
296.11,3908
296.40,3907
296.60,3906
296.78,3905
297.40,3904
298.29,3903
299.54,3902
299.99,3901
300.17,3900
300.80,3899
302.66,3898
303.49,3897
303.67,3896
304.49,3895
305.03,3894
305.75,3893
306.01,3892
306.19,3891
306.82,3890
307.08,3889
308.36,3888
308.63,3887
309.79,3886
311.13,3885
311.84,3884
312.37,3883
312.64,3882
313.00,3881
313.18,3880
313.45,3879
314.96,3878
316.84,3877
317.11,3876
318.01,3875
318.37,3874
318.64,3873
319.08,3872
319.35,3871
319.53,3870
321.36,3869
321.75,3868
321.95,3867
322.14,3866
322.53,3865
322.98,3864
323.52,3863
324.05,3862
324.31,3861
324.49,3860
324.84,3859
325.11,3858
325.41,3857
325.60,3856
326.55,3855
326.94,3854
327.13,3853
327.30,3852
327.84,3851
328.11,3850
328.55,3849
329.35,3848
329.79,3847
330.06,3846
330.42,3845
330.60,3844
330.77,3843
330.95,3842
331.65,3841
332.44,3840
333.05,3839
333.50,3838
334.30,3837
335.00,3836
335.18,3835
335.45,3834
335.89,3833
336.16,3832
336.51,3831
337.14,3830
337.50,3829
337.67,3828
338.57,3827
339.10,3826
340.26,3825
340.53,3824
340.70,3823
341.15,3822
341.68,3821
342.12,3820
342.56,3819
343.00,3818
343.18,3817
343.72,3816
343.90,3815
344.93,3814
345.19,3813
345.55,3812
345.81,3811
346.42,3810
347.39,3809
347.74,3808
348.18,3807
348.80,3806
349.42,3805
349.86,3804
350.12,3803
350.38,3802
350.56,3801
350.74,3800
350.91,3799
351.26,3798
351.53,3797
351.70,3796
352.68,3795
352.94,3794
354.00,3793
354.27,3792
354.53,3791
354.71,3790
355.77,3789
356.30,3788
356.66,3787
356.83,3786
357.10,3785
357.54,3784
357.81,3783
358.26,3782
358.44,3781
358.88,3780
359.15,3779
359.77,3778
359.94,3777
360.12,3776
360.39,3775
360.66,3774
361.10,3773
361.95,3772
362.30,3771
362.48,3770
362.66,3769
363.63,3768
364.19,3767
364.57,3766
364.75,3765
365.37,3764
365.63,3763
365.81,3762
366.16,3761
366.96,3760
367.22,3759
367.58,3758
367.84,3757
368.28,3756
368.55,3755
368.72,3754
368.90,3753
369.17,3752
369.70,3751
369.88,3750
370.23,3749
370.76,3748
370.93,3747
371.28,3746
372.15,3745
373.20,3744
374.17,3743
374.61,3742
375.05,3741
375.40,3740
375.84,3739
376.54,3738
376.80,3737
377.50,3736
378.12,3735
378.38,3734
378.99,3733
379.70,3732
379.96,3731
380.58,3730
380.84,3729
381.10,3728
381.37,3727
383.03,3726
383.91,3725
384.18,3724
384.61,3723
385.05,3722
385.32,3721
385.59,3720
385.76,3719
386.20,3718
386.73,3717
387.07,3716
387.77,3715
389.00,3714
389.44,3713
390.07,3712
390.43,3711
390.69,3710
391.31,3709
391.75,3708
392.28,3707
392.45,3706
392.89,3705
393.42,3704
394.12,3703
394.75,3702
395.91,3701
396.62,3700
397.22,3699
397.51,3698
397.69,3697
397.87,3696
398.05,3695
398.23,3694
398.41,3693
398.94,3692
399.74,3691
399.92,3690
400.82,3689
401.18,3688
402.06,3687
403.37,3686
404.16,3685
404.60,3684
405.13,3683
405.49,3682
405.66,3681
406.37,3680
408.58,3679
408.85,3678
409.11,3677
410.25,3676
411.32,3675
411.76,3674
412.20,3673
412.37,3672
412.91,3671
413.69,3670
414.57,3669
415.65,3668
418.02,3667
419.17,3666
420.40,3665
420.84,3664
421.01,3663
421.72,3662
422.33,3661
422.69,3660
423.04,3659
423.39,3658
423.74,3657
424.00,3656
424.18,3655
424.80,3654
425.42,3653
426.21,3652
427.00,3651
428.05,3650
428.41,3649
428.58,3648
428.85,3647
429.46,3646
429.63,3645
429.81,3644
430.27,3643
431.50,3642
431.67,3641
432.20,3640
433.22,3639
433.49,3638
433.76,3637
434.03,3636
434.38,3635
434.81,3634
435.51,3633
436.58,3632
437.26,3631
437.52,3630
437.78,3629
438.69,3628
439.30,3627
439.82,3626
440.69,3625
440.87,3624
441.04,3623
441.83,3622
442.88,3621
445.32,3620
446.28,3619
446.63,3618
446.80,3617
448.03,3616
448.21,3615
448.56,3614
450.02,3613
450.37,3612
450.55,3611
450.98,3610
451.24,3609
451.67,3608
451.93,3607
452.79,3606
453.57,3605
453.74,3604
454.08,3603
455.74,3602
456.08,3601
457.46,3600
458.70,3599
458.97,3598
459.58,3597
460.01,3596
460.27,3595
460.99,3594
461.52,3593
462.30,3592
462.56,3591
462.83,3590
464.29,3589
464.80,3588
464.97,3587
465.32,3586
466.28,3585
467.63,3584
468.07,3583
469.47,3582
470.35,3581
470.61,3580
471.22,3579
471.49,3578
471.83,3577
472.12,3576
472.29,3575
472.47,3574
473.34,3573
473.78,3572
474.65,3571
474.91,3570
475.51,3569
476.12,3568
476.39,3567
476.91,3566
477.87,3565
478.47,3564
479.16,3563
479.67,3562
480.02,3561
480.28,3560
480.55,3559
480.72,3558
480.90,3557
481.94,3556
482.47,3555
483.08,3554
483.26,3553
484.39,3552
486.05,3551
487.90,3550
492.63,3549
493.94,3548
494.55,3547
497.22,3546
497.73,3545
498.15,3544
499.43,3543
500.14,3542
501.83,3541
503.27,3540
503.45,3539
504.14,3538
504.58,3537
506.25,3536
506.76,3535
507.44,3534
510.70,3533
510.96,3532
