0.00,4611
0.71,4610
1.57,4609
2.09,4608
2.44,4607
2.70,4606
3.14,4605
3.41,4604
3.85,4603
4.46,4602
4.64,4601
4.90,4600
5.17,4599
5.43,4598
5.61,4597
5.79,4596
6.67,4595
7.11,4594
7.65,4593
7.83,4592
8.45,4591
8.72,4590
9.16,4589
9.69,4588
9.96,4587
10.58,4586
11.56,4585
12.08,4584
12.26,4583
13.00,4582
13.54,4581
13.90,4580
14.18,4579
15.01,4578
15.54,4577
15.72,4576
15.99,4575
16.17,4574
16.80,4573
16.98,4572
17.34,4571
17.60,4570
17.96,4569
18.14,4568
18.41,4567
18.59,4566
19.21,4565
19.39,4564
19.66,4563
20.37,4562
20.64,4561
20.82,4560
21.35,4559
21.71,4558
22.90,4557
23.16,4556
23.88,4555
24.06,4554
24.60,4553
24.90,4552
25.71,4551
25.98,4550
26.24,4549
26.42,4548
26.78,4547
27.31,4546
27.49,4545
27.94,4544
28.30,4543
28.47,4542
28.83,4541
29.10,4540
29.27,4539
29.99,4538
30.26,4537
30.79,4536
31.07,4535
31.26,4534
31.55,4533
31.74,4532
31.92,4531
32.99,4530
33.17,4529
33.71,4528
34.06,4527
34.24,4526
34.50,4525
34.77,4524
34.95,4523
35.91,4522
36.47,4521
36.94,4520
37.21,4519
37.39,4518
37.66,4517
38.01,4516
38.37,4515
38.82,4514
39.00,4513
39.36,4512
39.62,4511
39.80,4510
39.98,4509
40.15,4508
40.33,4507
41.04,4506
41.92,4505
43.34,4504
44.32,4503
44.76,4502
44.94,4501
45.48,4500
45.92,4499
46.46,4498
46.64,4497
46.82,4496
46.99,4495
47.44,4494
48.06,4493
48.42,4492
48.68,4491
48.86,4490
49.38,4489
49.56,4488
49.82,4487
50.17,4486
50.43,4485
51.24,4484
52.04,4483
52.21,4482
52.39,4481
52.83,4480
53.36,4479
53.54,4478
53.72,4477
53.90,4476
54.71,4475
55.06,4474
55.94,4473
56.20,4472
56.38,4471
56.64,4470
56.90,4469
57.61,4468
57.78,4467
58.05,4466
58.68,4465
58.86,4464
59.22,4463
59.76,4462
60.12,4461
60.47,4460
60.65,4459
61.19,4458
61.45,4457
61.72,4456
62.44,4455
62.63,4454
63.73,4453
64.43,4452
65.05,4451
65.31,4450
65.49,4449
65.68,4448
65.94,4447
66.12,4446
66.29,4445
67.08,4444
67.53,4443
67.88,4442
68.15,4441
68.59,4440
68.95,4439
69.13,4438
69.75,4437
70.02,4436
70.28,4435
70.46,4434
70.73,4433
71.26,4432
71.67,4431
71.93,4430
72.55,4429
73.08,4428
73.72,4427
74.36,4426
74.81,4425
75.87,4424
76.05,4423
76.32,4422
77.04,4421
77.31,4420
77.59,4419
77.86,4418
78.13,4417
78.79,4416
78.97,4415
79.24,4414
79.60,4413
80.04,4412
80.31,4411
80.57,4410
81.02,4409
81.73,4408
81.91,4407
82.61,4406
83.32,4405
83.75,4404
84.02,4403
84.19,4402
84.37,4401
84.99,4400
85.35,4399
85.61,4398
85.80,4397
85.97,4396
86.33,4395
87.83,4394
88.01,4393
88.46,4392
88.73,4391
88.91,4390
89.35,4389
89.70,4388
89.88,4387
90.32,4386
90.75,4385
91.02,4384
91.38,4383
91.67,4382
92.20,4381
92.83,4380
93.27,4379
93.63,4378
93.89,4377
94.25,4376
94.52,4375
94.70,4374
95.84,4373
96.54,4372
96.72,4371
96.98,4370
97.51,4369
97.86,4368
98.30,4367
98.57,4366
99.01,4365
99.81,4364
99.99,4363
100.16,4362
100.34,4361
100.69,4360
101.30,4359
101.48,4358
101.92,4357
102.10,4356
102.37,4355
102.74,4354
102.92,4353
103.18,4352
103.36,4351
103.54,4350
103.81,4349
104.07,4348
104.25,4347
104.51,4346
105.24,4345
105.50,4344
105.86,4343
106.50,4342
106.67,4341
106.85,4340
107.03,4339
107.25,4338
107.61,4337
107.88,4336
108.50,4335
108.85,4334
109.03,4333
109.75,4332
110.19,4331
110.37,4330
110.54,4329
110.72,4328
110.90,4327
111.08,4326
111.26,4325
111.44,4324
111.61,4323
112.14,4322
112.76,4321
112.94,4320
113.11,4319
113.74,4318
114.27,4317
114.53,4316
115.15,4315
115.41,4314
115.77,4313
115.95,4312
116.56,4311
116.74,4310
117.09,4309
117.71,4308
118.32,4307
118.76,4306
118.94,4305
119.38,4304
119.55,4303
119.73,4302
119.91,4301
120.43,4300
121.23,4299
121.49,4298
121.67,4297
122.02,4296
122.37,4295
122.54,4294
122.99,4293
123.17,4292
123.34,4291
123.52,4290
124.41,4289
124.77,4288
124.96,4287
125.14,4286
125.49,4285
125.66,4284
126.91,4283
127.35,4282
127.53,4281
128.58,4280
129.02,4279
129.19,4278
129.37,4277
129.89,4276
130.25,4275
130.61,4274
130.79,4273
131.14,4272
131.95,4271
132.39,4270
132.56,4269
132.74,4268
132.92,4267
133.18,4266
133.35,4265
133.53,4264
133.71,4263
134.16,4262
134.33,4261
134.69,4260
134.96,4259
135.22,4258
135.58,4257
135.76,4256
136.02,4255
136.38,4254
136.84,4253
137.21,4252
137.39,4251
137.92,4250
138.19,4249
138.36,4248
138.54,4247
138.90,4246
139.52,4245
139.70,4244
140.76,4243
140.93,4242
141.11,4241
141.98,4240
142.34,4239
142.83,4238
143.10,4237
145.39,4236
146.01,4235
146.28,4234
146.47,4233
146.93,4232
147.28,4231
147.72,4230
147.90,4229
148.43,4228
148.95,4227
149.13,4226
149.39,4225
149.56,4224
150.00,4223
150.17,4222
150.44,4221
150.70,4220
150.88,4219
151.75,4218
152.14,4217
152.67,4216
152.84,4215
153.02,4214
153.38,4213
153.65,4212
153.84,4211
154.53,4210
154.79,4209
155.05,4208
155.23,4207
155.58,4206
155.93,4205
156.10,4204
156.36,4203
156.62,4202
157.14,4201
157.49,4200
158.01,4199
158.71,4198
159.76,4197
160.37,4196
160.54,4195
161.28,4194
161.45,4193
161.63,4192
162.24,4191
162.42,4190
163.73,4189
164.17,4188
165.06,4187
166.13,4186
166.48,4185
167.01,4184
167.19,4183
167.82,4182
167.99,4181
168.26,4180
168.87,4179
169.13,4178
169.84,4177
170.37,4176
170.81,4175
171.79,4174
172.05,4173
172.49,4172
173.13,4171
173.32,4170
173.50,4169
173.97,4168
174.76,4167
175.20,4166
175.38,4165
175.65,4164
175.84,4163
176.31,4162
176.57,4161
176.75,4160
178.28,4159
178.46,4158
178.90,4157
179.53,4156
180.24,4155
180.42,4154
181.31,4153
182.11,4152
182.47,4151
182.66,4150
183.28,4149
183.46,4148
183.72,4147
184.26,4146
184.44,4145
184.71,4144
184.98,4143
185.15,4142
185.33,4141
185.69,4140
186.16,4139
186.43,4138
186.78,4137
187.05,4136
187.49,4135
188.19,4134
188.71,4133
189.06,4132
189.50,4131
190.12,4130
190.47,4129
190.65,4128
190.83,4127
191.01,4126
191.80,4125
191.97,4124
192.15,4123
192.32,4122
192.67,4121
192.93,4120
193.20,4119
193.37,4118
193.73,4117
193.99,4116
194.43,4115
194.78,4114
195.14,4113
195.50,4112
195.68,4111
195.85,4110
196.29,4109
196.74,4108
197.10,4107
197.54,4106
198.07,4105
198.68,4104
198.86,4103
199.21,4102
199.83,4101
200.19,4100
200.37,4099
200.55,4098
200.72,4097
200.99,4096
201.78,4095
202.13,4094
202.58,4093
202.93,4092
203.19,4091
203.46,4090
203.64,4089
203.82,4088
203.99,4087
204.27,4086
204.89,4085
205.94,4084
206.12,4083
206.74,4082
206.92,4081
207.27,4080
207.89,4079
208.07,4078
208.33,4077
208.77,4076
209.03,4075
209.21,4074
209.91,4073
210.17,4072
210.34,4071
210.52,4070
210.69,4069
211.04,4068
211.48,4067
211.65,4066
212.00,4065
212.96,4064
213.13,4063
213.53,4062
214.35,4061
214.81,4060
215.16,4059
215.77,4058
216.38,4057
217.17,4056
217.35,4055
217.61,4054
218.40,4053
218.58,4052
218.84,4051
219.10,4050
219.28,4049
219.54,4048
219.80,4047
220.24,4046
220.51,4045
220.78,4044
221.13,4043
221.49,4042
221.84,4041
222.19,4040
222.54,4039
222.72,4038
222.89,4037
223.07,4036
223.52,4035
223.70,4034
224.49,4033
225.81,4032
226.07,4031
226.25,4030
226.69,4029
226.87,4028
227.13,4027
228.19,4026
228.72,4025
228.90,4024
229.08,4023
229.35,4022
229.71,4021
230.07,4020
230.34,4019
230.89,4018
231.80,4017
232.24,4016
232.68,4015
233.03,4014
233.21,4013
233.38,4012
233.82,4011
234.08,4010
234.25,4009
234.43,4008
234.60,4007
234.86,4006
235.21,4005
235.57,4004
236.45,4003
236.80,4002
237.16,4001
237.42,4000
238.12,3999
238.30,3998
239.45,3997
239.71,3996
240.50,3995
241.03,3994
241.46,3993
242.54,3992
242.98,3991
243.59,3990
243.94,3989
244.39,3988
245.74,3987
245.92,3986
246.45,3985
246.89,3984
247.24,3983
247.60,3982
247.77,3981
248.03,3980
248.29,3979
248.55,3978
248.73,3977
248.96,3976
249.14,3975
249.49,3974
249.85,3973
250.11,3972
250.38,3971
250.73,3970
251.26,3969
251.44,3968
252.16,3967
252.43,3966
252.78,3965
252.96,3964
253.93,3963
254.46,3962
254.91,3961
255.44,3960
255.61,3959
256.23,3958
256.58,3957
256.85,3956
257.21,3955
257.92,3954
258.36,3953
258.54,3952
258.80,3951
260.31,3950
260.48,3949
260.92,3948
261.36,3947
261.79,3946
262.49,3945
263.11,3944
263.46,3943
263.63,3942
264.25,3941
264.77,3940
265.12,3939
265.39,3938
265.91,3937
266.09,3936
266.35,3935
266.62,3934
267.40,3933
267.76,3932
268.28,3931
269.59,3930
269.77,3929
270.03,3928
270.20,3927
270.37,3926
270.81,3925
271.25,3924
271.52,3923
272.14,3922
272.77,3921
273.03,3920
273.46,3919
274.07,3918
274.45,3917
274.63,3916
274.81,3915
276.03,3914
276.38,3913
277.43,3912
277.69,3911
278.24,3910
278.68,3909
278.94,3908
280.16,3907
280.34,3906
280.51,3905
280.69,3904
281.13,3903
281.30,3902
281.56,3901
282.25,3900
282.96,3899
283.13,3898
284.13,3897
284.36,3896
284.55,3895
284.73,3894
285.18,3893
285.35,3892
285.62,3891
285.89,3890
286.35,3889
286.52,3888
286.80,3887
287.25,3886
287.86,3885
288.76,3884
290.34,3883
290.78,3882
291.13,3881
292.36,3880
292.54,3879
292.71,3878
292.89,3877
293.32,3876
293.50,3875
294.90,3874
295.37,3873
296.08,3872
297.22,3871
297.48,3870
298.36,3869
298.62,3868
298.98,3867
299.77,3866
300.57,3865
301.14,3864
301.68,3863
302.85,3862
303.74,3861
304.53,3860
307.18,3859
307.79,3858
308.41,3857
308.61,3856
309.07,3855
310.29,3854
311.08,3853
311.52,3852
311.87,3851
312.04,3850
312.30,3849
312.47,3848
312.65,3847
313.09,3846
313.36,3845
313.62,3844
314.07,3843
314.86,3842
315.12,3841
315.47,3840
315.73,3839
316.52,3838
316.69,3837
317.13,3836
317.57,3835
318.26,3834
319.09,3833
319.70,3832
320.02,3831
320.63,3830
321.25,3829
322.14,3828
322.66,3827
322.92,3826
323.18,3825
323.53,3824
323.79,3823
324.15,3822
324.77,3821
325.39,3820
325.83,3819
326.63,3818
326.80,3817
326.98,3816
327.59,3815
328.21,3814
328.65,3813
328.91,3812
329.09,3811
329.62,3810
330.24,3809
330.70,3808
330.96,3807
331.22,3806
332.97,3805
335.66,3804
335.83,3803
336.09,3802
336.35,3801
336.52,3800
337.30,3799
338.18,3798
338.64,3797
338.91,3796
339.27,3795
339.71,3794
339.88,3793
340.32,3792
340.60,3791
340.78,3790
341.13,3789
341.39,3788
342.01,3787
342.19,3786
342.55,3785
342.72,3784
342.89,3783
343.07,3782
343.24,3781
343.76,3780
344.55,3779
345.76,3778
345.94,3777
346.62,3776
346.80,3775
347.15,3774
347.32,3773
347.58,3772
347.84,3771
348.37,3770
348.54,3769
349.15,3768
349.67,3767
349.93,3766
350.11,3765
350.28,3764
350.54,3763
350.89,3762
351.15,3761
352.10,3760
352.27,3759
353.57,3758
353.83,3757
354.01,3756
356.06,3755
356.85,3754
357.47,3753
358.94,3752
359.46,3751
359.89,3750
360.32,3749
360.67,3748
361.10,3747
361.53,3746
363.08,3745
363.25,3744
365.17,3743
365.52,3742
365.95,3741
366.21,3740
366.74,3739
367.18,3738
367.44,3737
369.00,3736
369.26,3735
369.45,3734
370.75,3733
371.44,3732
371.78,3731
372.04,3730
373.16,3729
374.03,3728
375.53,3727
375.70,3726
376.66,3725
377.18,3724
377.44,3723
377.69,3722
378.13,3721
378.64,3720
379.84,3719
380.02,3718
381.47,3717
381.82,3716
382.59,3715
383.53,3714
383.70,3713
383.87,3712
384.72,3711
385.24,3710
385.83,3709
386.18,3708
386.35,3707
386.52,3706
387.22,3705
387.74,3704
388.00,3703
388.26,3702
388.52,3701
388.78,3700
389.58,3699
389.82,3698
390.77,3697
391.63,3696
392.66,3695
393.00,3694
393.34,3693
394.62,3692
394.88,3691
395.58,3690
397.11,3689
397.36,3688
397.62,3687
398.30,3686
399.24,3685
399.58,3684
401.14,3683
401.66,3682
402.08,3681
403.11,3680
403.28,3679
403.45,3678
403.88,3677
404.05,3676
404.48,3675
404.74,3674
405.08,3673
405.25,3672
405.43,3671
407.06,3670
407.75,3669
408.01,3668
408.70,3667
409.83,3666
410.09,3665
410.71,3664
410.98,3663
411.24,3662
411.41,3661
411.58,3660
413.53,3659
414.04,3658
414.21,3657
414.55,3656
415.07,3655
415.32,3654
417.26,3653
417.52,3652
418.23,3651
419.18,3650
419.78,3649
420.29,3648
420.54,3647
420.80,3646
421.41,3645
421.93,3644
422.19,3643
422.36,3642
423.68,3641
423.93,3640
424.58,3639
424.75,3638
425.10,3637
425.35,3636
426.77,3635
426.94,3634
427.98,3633
428.67,3632
430.24,3631
430.41,3630
430.85,3629
431.28,3628
431.63,3627
431.98,3626
433.51,3625
433.85,3624
436.96,3623
437.91,3622
438.25,3621
439.02,3620
439.19,3619
439.87,3618
440.13,3617
441.32,3616
441.49,3615
441.67,3614
441.84,3613
442.18,3612
443.30,3611
443.64,3610
445.73,3609
445.90,3608
446.08,3607
446.34,3606
446.51,3605
446.68,3604
447.89,3603
448.23,3602
448.57,3601
449.19,3600
449.45,3599
450.55,3598
451.41,3597
452.19,3596
453.75,3595
453.93,3594
454.10,3593
454.87,3592
455.12,3591
455.55,3590
455.72,3589
455.90,3588
456.07,3587
456.32,3586
457.01,3585
459.66,3584
460.09,3583
460.78,3582
461.21,3581
462.32,3580
462.93,3579
463.87,3578
464.13,3577
464.56,3576
465.70,3575
466.22,3574
466.81,3573
468.43,3572
469.36,3571
470.72,3570
471.14,3569
472.33,3568
473.60,3567
475.82,3566
476.76,3565
477.18,3564
477.35,3563
478.87,3562
479.88,3561
480.04,3560
482.05,3559
483.57,3558
484.16,3557
485.26,3556
485.94,3555
486.19,3554
486.54,3553
487.05,3552
487.22,3551
487.47,3550
488.74,3549
489.25,3548
492.12,3547
492.63,3546
