0.00,4674
0.43,4673
0.69,4672
1.14,4671
1.49,4670
2.45,4669
2.62,4668
3.31,4667
3.92,4666
4.27,4665
5.15,4664
5.33,4663
5.59,4662
5.76,4661
6.02,4660
6.54,4659
7.68,4658
7.86,4657
8.21,4656
8.82,4655
9.09,4654
9.26,4653
9.79,4652
10.14,4651
10.58,4650
11.31,4649
11.93,4648
12.20,4647
13.18,4646
13.45,4645
13.63,4644
13.98,4643
15.57,4642
15.74,4641
16.10,4640
16.54,4639
16.71,4638
17.16,4637
17.34,4636
17.70,4635
18.05,4634
18.23,4633
18.40,4632
18.60,4631
18.97,4630
19.32,4629
19.50,4628
19.86,4627
20.03,4626
20.56,4625
20.74,4624
21.00,4623
21.27,4622
21.55,4621
21.75,4620
21.92,4619
22.10,4618
22.46,4617
22.64,4616
22.82,4615
23.09,4614
23.62,4613
23.89,4612
24.34,4611
24.96,4610
25.86,4609
26.04,4608
26.22,4607
26.40,4606
26.57,4605
26.84,4604
27.20,4603
27.37,4602
27.55,4601
27.90,4600
28.07,4599
28.25,4598
28.43,4597
28.69,4596
28.87,4595
29.04,4594
29.22,4593
29.57,4592
30.13,4591
30.57,4590
30.75,4589
31.02,4588
31.20,4587
31.56,4586
32.09,4585
32.36,4584
32.54,4583
32.81,4582
33.16,4581
33.43,4580
34.14,4579
34.31,4578
34.67,4577
34.93,4576
35.11,4575
35.28,4574
35.51,4573
35.70,4572
36.08,4571
36.37,4570
36.65,4569
36.92,4568
37.11,4567
37.74,4566
38.00,4565
38.18,4564
38.71,4563
38.98,4562
39.86,4561
40.04,4560
40.22,4559
40.66,4558
41.10,4557
41.54,4556
41.81,4555
42.07,4554
42.25,4553
42.78,4552
42.95,4551
43.13,4550
43.30,4549
43.57,4548
43.93,4547
44.10,4546
44.28,4545
44.63,4544
44.90,4543
45.08,4542
45.25,4541
45.61,4540
45.88,4539
46.33,4538
46.78,4537
47.49,4536
47.75,4535
48.11,4534
48.38,4533
49.09,4532
49.54,4531
49.72,4530
50.61,4529
51.14,4528
51.58,4527
51.85,4526
52.12,4525
52.30,4524
52.58,4523
53.03,4522
53.57,4521
53.83,4520
54.19,4519
54.55,4518
54.73,4517
55.37,4516
55.75,4515
56.02,4514
56.38,4513
57.00,4512
57.18,4511
57.54,4510
58.51,4509
59.32,4508
59.84,4507
60.02,4506
60.54,4505
61.16,4504
61.68,4503
61.95,4502
62.13,4501
62.39,4500
63.19,4499
64.16,4498
64.42,4497
64.60,4496
64.96,4495
65.23,4494
65.86,4493
66.03,4492
66.21,4491
66.39,4490
66.65,4489
66.83,4488
67.09,4487
67.36,4486
67.98,4485
68.17,4484
68.88,4483
69.23,4482
69.41,4481
69.76,4480
70.20,4479
70.56,4478
71.50,4477
71.76,4476
72.03,4475
72.29,4474
72.74,4473
73.11,4472
73.30,4471
73.48,4470
73.66,4469
74.11,4468
74.28,4467
74.64,4466
74.81,4465
75.08,4464
75.43,4463
75.60,4462
75.78,4461
75.96,4460
76.31,4459
77.04,4458
77.33,4457
77.51,4456
78.13,4455
78.40,4454
78.59,4453
79.03,4452
79.59,4451
80.05,4450
80.85,4449
81.02,4448
81.46,4447
82.08,4446
82.79,4445
83.24,4444
83.60,4443
84.04,4442
84.58,4441
84.85,4440
85.29,4439
85.64,4438
86.34,4437
86.87,4436
87.13,4435
87.31,4434
87.49,4433
87.93,4432
88.11,4431
88.47,4430
88.83,4429
89.18,4428
89.53,4427
90.07,4426
90.33,4425
90.86,4424
91.39,4423
91.66,4422
92.20,4421
92.47,4420
92.91,4419
93.45,4418
93.98,4417
94.17,4416
94.70,4415
94.97,4414
95.14,4413
95.32,4412
95.77,4411
96.30,4410
96.57,4409
97.18,4408
97.71,4407
97.88,4406
98.77,4405
99.04,4404
99.22,4403
99.93,4402
100.28,4401
100.46,4400
100.82,4399
101.08,4398
101.61,4397
102.41,4396
102.85,4395
103.03,4394
103.30,4393
103.56,4392
103.83,4391
104.28,4390
104.45,4389
104.63,4388
104.90,4387
105.61,4386
106.14,4385
106.58,4384
106.91,4383
107.63,4382
108.34,4381
108.78,4380
108.96,4379
109.14,4378
109.85,4377
110.03,4376
110.20,4375
110.64,4374
111.09,4373
111.26,4372
111.44,4371
111.79,4370
112.06,4369
112.86,4368
113.04,4367
113.31,4366
113.57,4365
113.75,4364
113.93,4363
115.08,4362
115.87,4361
116.13,4360
117.28,4359
118.08,4358
118.34,4357
119.23,4356
119.84,4355
120.11,4354
120.37,4353
120.73,4352
120.99,4351
121.25,4350
122.41,4349
123.31,4348
124.11,4347
124.38,4346
125.27,4345
125.90,4344
126.08,4343
126.62,4342
126.80,4341
127.79,4340
128.42,4339
128.96,4338
129.31,4337
129.75,4336
129.93,4335
130.20,4334
130.37,4333
130.64,4332
130.82,4331
131.26,4330
131.71,4329
132.07,4328
132.34,4327
132.79,4326
133.24,4325
133.42,4324
133.60,4323
134.57,4322
135.03,4321
135.22,4320
135.66,4319
136.53,4318
137.69,4317
137.95,4316
138.21,4315
138.47,4314
138.73,4313
138.99,4312
139.61,4311
139.88,4310
140.32,4309
140.76,4308
141.20,4307
141.81,4306
141.99,4305
142.95,4304
143.49,4303
144.11,4302
144.47,4301
145.18,4300
145.63,4299
145.90,4298
146.16,4297
146.43,4296
146.79,4295
147.06,4294
147.23,4293
147.76,4292
148.03,4291
148.38,4290
148.82,4289
149.35,4288
149.63,4287
149.98,4286
150.15,4285
150.41,4284
150.59,4283
151.02,4282
151.81,4281
152.16,4280
152.42,4279
153.03,4278
153.22,4277
153.67,4276
154.15,4275
155.04,4274
155.48,4273
155.66,4272
155.83,4271
156.18,4270
156.45,4269
156.80,4268
157.06,4267
157.42,4266
157.86,4265
158.04,4264
158.57,4263
159.01,4262
159.18,4261
159.54,4260
159.81,4259
160.16,4258
160.34,4257
160.87,4256
161.57,4255
162.83,4254
163.37,4253
164.08,4252
165.68,4251
166.12,4250
166.29,4249
166.65,4248
167.27,4247
167.62,4246
168.43,4245
168.61,4244
168.79,4243
169.23,4242
169.76,4241
170.20,4240
170.65,4239
171.09,4238
171.35,4237
171.62,4236
171.80,4235
172.06,4234
172.42,4233
172.78,4232
173.05,4231
173.23,4230
173.49,4229
173.67,4228
173.85,4227
174.20,4226
174.47,4225
174.73,4224
174.92,4223
175.18,4222
175.36,4221
175.62,4220
175.80,4219
176.06,4218
176.50,4217
176.86,4216
177.03,4215
177.30,4214
177.74,4213
177.92,4212
178.24,4211
178.42,4210
178.60,4209
179.39,4208
179.57,4207
179.74,4206
180.27,4205
180.72,4204
181.88,4203
182.77,4202
183.03,4201
183.29,4200
183.56,4199
184.02,4198
184.30,4197
184.56,4196
185.00,4195
185.27,4194
185.80,4193
185.98,4192
186.79,4191
187.05,4190
187.58,4189
187.84,4188
188.21,4187
188.48,4186
188.83,4185
189.00,4184
189.26,4183
189.44,4182
189.70,4181
190.58,4180
190.85,4179
191.02,4178
191.19,4177
191.72,4176
191.99,4175
192.26,4174
192.79,4173
193.06,4172
193.77,4171
194.75,4170
195.02,4169
195.82,4168
196.27,4167
196.80,4166
197.68,4165
197.86,4164
198.12,4163
198.38,4162
198.56,4161
198.74,4160
199.44,4159
199.62,4158
200.06,4157
200.32,4156
200.50,4155
200.94,4154
201.38,4153
201.64,4152
201.81,4151
202.43,4150
202.96,4149
203.22,4148
203.57,4147
203.84,4146
204.28,4145
205.25,4144
205.51,4143
205.78,4142
206.23,4141
206.58,4140
206.75,4139
207.10,4138
207.54,4137
207.71,4136
208.94,4135
209.21,4134
209.56,4133
210.53,4132
210.89,4131
212.23,4130
212.58,4129
212.94,4128
213.38,4127
213.68,4126
214.39,4125
214.56,4124
215.18,4123
215.35,4122
216.23,4121
216.41,4120
216.58,4119
216.76,4118
217.11,4117
217.72,4116
218.07,4115
218.34,4114
218.60,4113
218.78,4112
218.95,4111
219.22,4110
219.57,4109
219.75,4108
220.73,4107
221.44,4106
221.71,4105
221.98,4104
222.15,4103
222.50,4102
222.85,4101
223.02,4100
223.37,4099
223.81,4098
223.98,4097
224.24,4096
224.50,4095
225.11,4094
225.29,4093
225.55,4092
225.90,4091
226.34,4090
226.70,4089
226.97,4088
227.14,4087
227.40,4086
227.58,4085
227.93,4084
228.45,4083
229.06,4082
229.67,4081
230.12,4080
230.29,4079
230.47,4078
230.73,4077
231.09,4076
231.27,4075
231.44,4074
231.79,4073
231.97,4072
232.32,4071
232.49,4070
232.76,4069
232.93,4068
233.72,4067
233.98,4066
234.95,4065
235.22,4064
235.39,4063
236.01,4062
236.63,4061
236.81,4060
237.17,4059
237.53,4058
238.25,4057
238.69,4056
239.56,4055
240.09,4054
240.27,4053
240.44,4052
240.71,4051
240.88,4050
241.14,4049
241.32,4048
241.67,4047
242.38,4046
242.91,4045
243.08,4044
243.52,4043
243.70,4042
244.05,4041
244.23,4040
244.94,4039
245.12,4038
245.75,4037
246.02,4036
246.38,4035
246.56,4034
246.73,4033
246.92,4032
247.28,4031
247.54,4030
247.71,4029
248.06,4028
248.33,4027
248.68,4026
249.07,4025
249.43,4024
249.69,4023
249.96,4022
250.22,4021
251.02,4020
252.28,4019
253.24,4018
253.68,4017
253.85,4016
254.02,4015
254.63,4014
255.85,4013
257.08,4012
257.34,4011
257.60,4010
258.03,4009
258.98,4008
259.94,4007
261.95,4006
262.65,4005
262.91,4004
263.69,4003
263.86,4002
264.39,4001
264.92,4000
265.44,3999
265.61,3998
265.96,3997
266.66,3996
267.54,3995
267.80,3994
267.97,3993
268.41,3992
268.76,3991
269.10,3990
270.22,3989
270.96,3988
271.49,3987
271.93,3986
272.19,3985
272.37,3984
272.55,3983
273.50,3982
274.02,3981
274.89,3980
275.67,3979
276.02,3978
277.15,3977
277.51,3976
277.95,3975
278.29,3974
278.64,3973
279.12,3972
279.31,3971
280.19,3970
280.36,3969
281.50,3968
282.20,3967
283.86,3966
284.19,3965
285.26,3964
286.09,3963
286.79,3962
287.23,3961
287.67,3960
287.93,3959
288.37,3958
289.07,3957
289.51,3956
289.69,3955
289.87,3954
291.46,3953
291.72,3952
292.52,3951
292.87,3950
293.83,3949
294.09,3948
294.27,3947
295.41,3946
296.53,3945
296.70,3944
297.05,3943
297.23,3942
297.68,3941
299.26,3940
299.88,3939
300.77,3938
300.95,3937
301.48,3936
302.19,3935
302.80,3934
303.15,3933
303.86,3932
304.30,3931
304.74,3930
305.96,3929
306.75,3928
306.92,3927
307.63,3926
308.76,3925
309.11,3924
309.63,3923
309.81,3922
310.42,3921
311.74,3920
311.92,3919
312.19,3918
312.54,3917
313.16,3916
314.32,3915
314.85,3914
315.92,3913
317.32,3912
317.68,3911
318.22,3910
318.49,3909
318.67,3908
318.94,3907
319.11,3906
319.29,3905
319.52,3904
319.71,3903
320.25,3902
321.66,3901
322.01,3900
322.36,3899
322.62,3898
322.89,3897
323.67,3896
323.93,3895
324.11,3894
325.06,3893
325.24,3892
325.41,3891
325.94,3890
326.11,3889
326.89,3888
327.66,3887
327.84,3886
328.10,3885
328.36,3884
328.62,3883
329.07,3882
329.44,3881
329.70,3880
329.87,3879
330.04,3878
330.64,3877
330.82,3876
330.99,3875
331.25,3874
331.85,3873
332.32,3872
332.58,3871
332.86,3870
333.20,3869
333.72,3868
334.06,3867
334.32,3866
335.27,3865
335.44,3864
335.70,3863
336.04,3862
336.21,3861
336.39,3860
336.56,3859
337.34,3858
337.77,3857
337.95,3856
338.47,3855
339.25,3854
339.86,3853
340.12,3852
340.37,3851
340.72,3850
340.89,3849
341.49,3848
342.18,3847
342.61,3846
342.87,3845
343.04,3844
343.31,3843
343.57,3842
344.00,3841
344.34,3840
344.60,3839
344.78,3838
345.21,3837
345.55,3836
345.81,3835
345.98,3834
346.42,3833
347.29,3832
347.90,3831
348.07,3830
348.42,3829
348.95,3828
349.12,3827
349.73,3826
349.91,3825
350.34,3824
350.51,3823
350.68,3822
351.28,3821
351.45,3820
351.70,3819
351.88,3818
352.05,3817
352.39,3816
352.74,3815
353.08,3814
353.27,3813
353.44,3812
353.70,3811
353.97,3810
354.29,3809
354.74,3808
355.47,3807
355.82,3806
356.08,3805
356.43,3804
357.12,3803
357.30,3802
359.31,3801
359.49,3800
359.66,3799
359.84,3798
360.28,3797
360.82,3796
361.35,3795
361.70,3794
362.50,3793
363.21,3792
363.38,3791
363.82,3790
363.99,3789
364.25,3788
364.60,3787
364.77,3786
365.89,3785
366.15,3784
366.49,3783
366.93,3782
367.19,3781
367.45,3780
367.97,3779
368.41,3778
368.93,3777
369.10,3776
369.80,3775
369.98,3774
371.47,3773
373.38,3772
373.91,3771
374.17,3770
374.35,3769
374.52,3768
375.04,3767
375.22,3766
375.74,3765
375.99,3764
376.87,3763
377.23,3762
377.41,3761
377.59,3760
378.28,3759
378.90,3758
380.14,3757
381.69,3756
381.95,3755
382.82,3754
384.11,3753
384.29,3752
384.55,3751
385.42,3750
385.59,3749
386.11,3748
386.45,3747
386.63,3746
386.80,3745
387.32,3744
387.49,3743
388.02,3742
388.21,3741
388.55,3740
388.81,3739
389.25,3738
389.74,3737
390.35,3736
391.12,3735
391.38,3734
391.73,3733
392.16,3732
393.02,3731
394.13,3730
394.31,3729
394.83,3728
395.20,3727
395.37,3726
395.72,3725
397.19,3724
397.36,3723
398.05,3722
399.00,3721
399.61,3720
400.83,3719
401.17,3718
401.78,3717
402.65,3716
403.34,3715
404.88,3714
405.05,3713
405.23,3712
405.48,3711
405.66,3710
406.99,3709
408.89,3708
409.15,3707
409.33,3706
409.86,3705
410.89,3704
411.40,3703
411.66,3702
412.00,3701
412.42,3700
412.68,3699
413.90,3698
414.25,3697
414.88,3696
415.23,3695
415.40,3694
415.66,3693
417.12,3692
418.18,3691
418.35,3690
419.29,3689
419.72,3688
420.23,3687
420.57,3686
421.17,3685
421.34,3684
421.59,3683
421.85,3682
422.02,3681
422.28,3680
424.11,3679
424.29,3678
425.06,3677
425.93,3676
427.66,3675
428.44,3674
428.61,3673
429.04,3672
429.55,3671
429.72,3670
429.98,3669
430.59,3668
431.02,3667
431.54,3666
432.14,3665
432.65,3664
432.99,3663
433.25,3662
433.51,3661
433.77,3660
436.30,3659
436.47,3658
437.67,3657
438.18,3656
439.29,3655
441.53,3654
442.13,3653
442.48,3652
442.65,3651
443.26,3650
443.61,3649
444.75,3648
445.44,3647
445.86,3646
447.92,3645
449.89,3644
450.93,3643
451.19,3642
451.71,3641
453.09,3640
453.35,3639
453.52,3638
456.12,3637
456.72,3636
458.34,3635
458.65,3634
459.60,3633
459.77,3632
460.29,3631
460.63,3630
461.15,3629
461.40,3628
462.69,3627
462.86,3626
463.45,3625
464.05,3624
464.31,3623
464.74,3622
464.91,3621
465.17,3620
465.51,3619
466.36,3618
466.53,3617
466.78,3616
466.95,3615
467.38,3614
467.64,3613
468.49,3612
468.92,3611
469.51,3610
470.20,3609
470.63,3608
470.97,3607
471.22,3606
471.39,3605
471.56,3604
472.24,3603
473.34,3602
473.77,3601
474.20,3600
475.21,3599
477.41,3598
479.30,3597
479.98,3596
480.15,3595
481.42,3594
482.29,3593
482.55,3592
483.65,3591
484.16,3590
485.70,3589
486.12,3588
486.29,3587
486.71,3586
487.73,3585
487.90,3584
488.16,3583
488.67,3582
489.09,3581
489.26,3580
490.18,3579
490.60,3578
490.94,3577
491.70,3576
493.30,3575
494.59,3574
494.94,3573
495.28,3572
495.64,3571
495.98,3570
496.58,3569
497.00,3568
497.35,3567
498.36,3566
499.38,3565
499.82,3564
502.27,3563
502.52,3562
