0.00,4624
0.27,4623
0.62,4622
1.85,4621
2.63,4620
3.25,4619
3.43,4618
3.95,4617
4.23,4616
4.61,4615
4.96,4614
5.92,4613
6.09,4612
6.36,4611
8.22,4610
8.56,4609
8.74,4608
9.09,4607
9.35,4606
10.75,4605
11.10,4604
11.72,4603
12.24,4602
12.86,4601
13.66,4600
14.01,4599
14.90,4598
15.08,4597
15.36,4596
15.56,4595
15.84,4594
16.20,4593
17.00,4592
17.27,4591
17.54,4590
17.89,4589
18.06,4588
18.24,4587
18.51,4586
18.69,4585
19.49,4584
19.67,4583
20.56,4582
20.74,4581
20.92,4580
21.36,4579
21.80,4578
21.98,4577
22.25,4576
22.43,4575
23.31,4574
24.02,4573
24.37,4572
24.55,4571
24.99,4570
25.44,4569
25.76,4568
26.20,4567
26.47,4566
26.91,4565
27.44,4564
27.71,4563
28.95,4562
29.12,4561
29.65,4560
30.09,4559
30.44,4558
30.71,4557
31.06,4556
31.33,4555
31.59,4554
31.86,4553
32.12,4552
32.30,4551
33.09,4550
33.45,4549
34.34,4548
34.96,4547
35.22,4546
35.58,4545
36.20,4544
36.55,4543
36.90,4542
37.08,4541
37.44,4540
37.97,4539
38.23,4538
38.41,4537
39.20,4536
39.99,4535
40.35,4534
40.53,4533
41.28,4532
41.99,4531
42.44,4530
42.64,4529
43.18,4528
43.45,4527
43.72,4526
44.07,4525
44.25,4524
44.52,4523
44.79,4522
45.05,4521
45.23,4520
45.41,4519
45.86,4518
46.03,4517
46.21,4516
46.47,4515
46.65,4514
47.01,4513
47.27,4512
47.46,4511
47.91,4510
48.09,4509
48.27,4508
48.54,4507
49.11,4506
49.64,4505
49.90,4504
50.17,4503
50.43,4502
50.96,4501
51.14,4500
51.32,4499
52.03,4498
52.29,4497
52.82,4496
53.01,4495
53.19,4494
53.55,4493
53.91,4492
54.17,4491
54.44,4490
55.41,4489
56.38,4488
56.74,4487
57.35,4486
57.71,4485
57.89,4484
58.16,4483
58.34,4482
58.87,4481
59.59,4480
59.77,4479
60.22,4478
60.40,4477
60.75,4476
60.92,4475
61.51,4474
61.78,4473
61.95,4472
62.22,4471
62.57,4470
63.10,4469
63.28,4468
63.55,4467
63.81,4466
63.99,4465
64.25,4464
64.52,4463
64.69,4462
65.84,4461
66.28,4460
66.72,4459
67.16,4458
67.34,4457
67.63,4456
67.90,4455
68.07,4454
68.69,4453
69.49,4452
69.66,4451
70.41,4450
70.68,4449
71.04,4448
71.67,4447
72.02,4446
72.29,4445
72.55,4444
72.73,4443
73.54,4442
74.25,4441
74.51,4440
75.04,4439
75.57,4438
76.63,4437
77.34,4436
77.60,4435
78.14,4434
79.82,4433
80.80,4432
81.41,4431
81.59,4430
81.76,4429
82.20,4428
82.47,4427
82.74,4426
83.27,4425
83.71,4424
83.98,4423
84.15,4422
84.68,4421
85.04,4420
85.48,4419
85.66,4418
86.04,4417
86.31,4416
86.50,4415
86.69,4414
86.89,4413
87.51,4412
87.69,4411
87.95,4410
88.13,4409
88.30,4408
88.48,4407
88.67,4406
89.02,4405
89.64,4404
89.82,4403
90.56,4402
90.83,4401
91.01,4400
91.46,4399
91.64,4398
92.35,4397
92.62,4396
92.98,4395
93.52,4394
93.78,4393
94.22,4392
94.40,4391
95.02,4390
95.20,4389
95.55,4388
95.73,4387
96.35,4386
96.71,4385
97.12,4384
97.56,4383
97.93,4382
98.12,4381
98.39,4380
98.66,4379
98.86,4378
99.04,4377
99.83,4376
100.71,4375
100.98,4374
101.33,4373
101.51,4372
101.78,4371
102.04,4370
102.31,4369
102.49,4368
102.67,4367
102.85,4366
103.03,4365
103.82,4364
104.70,4363
104.87,4362
105.05,4361
105.57,4360
106.01,4359
106.55,4358
106.99,4357
107.26,4356
107.61,4355
107.79,4354
108.50,4353
108.76,4352
108.94,4351
109.11,4350
109.29,4349
109.46,4348
109.90,4347
110.16,4346
110.51,4345
111.05,4344
111.23,4343
111.40,4342
112.12,4341
112.55,4340
113.08,4339
113.52,4338
113.69,4337
114.04,4336
114.31,4335
114.57,4334
114.74,4333
115.61,4332
116.06,4331
116.32,4330
116.76,4329
116.93,4328
117.19,4327
117.37,4326
117.54,4325
117.81,4324
117.98,4323
118.16,4322
118.42,4321
119.03,4320
119.47,4319
120.07,4318
120.68,4317
120.94,4316
121.30,4315
121.65,4314
121.83,4313
122.01,4312
122.18,4311
122.36,4310
122.81,4309
122.98,4308
123.95,4307
124.29,4306
125.00,4305
125.87,4304
126.13,4303
126.92,4302
127.09,4301
127.53,4300
127.70,4299
127.90,4298
128.10,4297
128.27,4296
128.45,4295
128.80,4294
128.97,4293
130.03,4292
130.29,4291
130.64,4290
131.51,4289
132.12,4288
132.53,4287
132.80,4286
133.42,4285
133.69,4284
133.87,4283
134.05,4282
134.31,4281
134.49,4280
134.94,4279
135.29,4278
135.47,4277
135.64,4276
136.43,4275
136.86,4274
137.21,4273
137.38,4272
138.35,4271
138.61,4270
139.05,4269
139.22,4268
139.66,4267
139.84,4266
140.27,4265
140.53,4264
140.71,4263
140.98,4262
141.86,4261
142.12,4260
142.30,4259
142.91,4258
143.26,4257
143.52,4256
143.78,4255
144.41,4254
144.58,4253
144.85,4252
145.11,4251
145.29,4250
145.47,4249
146.20,4248
146.99,4247
147.69,4246
148.99,4245
149.25,4244
149.42,4243
149.60,4242
149.86,4241
150.12,4240
150.30,4239
150.56,4238
150.82,4237
150.99,4236
151.26,4235
151.43,4234
151.78,4233
151.96,4232
152.40,4231
152.75,4230
153.45,4229
153.97,4228
154.32,4227
154.67,4226
154.84,4225
155.61,4224
155.87,4223
156.05,4222
156.22,4221
156.48,4220
156.83,4219
157.09,4218
157.53,4217
158.40,4216
158.57,4215
158.75,4214
158.93,4213
159.29,4212
159.82,4211
160.16,4210
160.34,4209
160.51,4208
161.20,4207
161.65,4206
162.01,4205
162.89,4204
163.25,4203
163.78,4202
164.04,4201
164.22,4200
164.40,4199
164.75,4198
165.29,4197
165.46,4196
166.17,4195
166.62,4194
167.06,4193
167.33,4192
167.73,4191
167.91,4190
168.26,4189
168.43,4188
169.14,4187
169.31,4186
170.10,4185
170.62,4184
171.41,4183
171.77,4182
172.21,4181
172.57,4180
172.74,4179
172.94,4178
173.30,4177
173.74,4176
173.92,4175
174.28,4174
174.54,4173
174.99,4172
175.18,4171
175.44,4170
175.61,4169
176.41,4168
176.93,4167
177.29,4166
177.46,4165
177.90,4164
178.43,4163
178.62,4162
178.97,4161
179.23,4160
179.41,4159
179.93,4158
180.37,4157
181.37,4156
181.55,4155
182.08,4154
182.61,4153
182.97,4152
183.41,4151
183.76,4150
183.94,4149
184.20,4148
184.38,4147
184.56,4146
185.27,4145
185.44,4144
185.62,4143
185.89,4142
186.24,4141
186.42,4140
186.78,4139
187.13,4138
187.75,4137
188.10,4136
188.45,4135
188.62,4134
189.34,4133
189.52,4132
189.69,4131
189.96,4130
190.76,4129
191.38,4128
191.82,4127
192.44,4126
193.14,4125
193.75,4124
193.92,4123
194.53,4122
194.88,4121
195.05,4120
195.31,4119
195.48,4118
195.66,4117
196.05,4116
196.59,4115
196.95,4114
197.22,4113
197.39,4112
197.66,4111
197.84,4110
198.01,4109
198.27,4108
198.45,4107
199.33,4106
199.60,4105
199.78,4104
201.16,4103
201.35,4102
201.71,4101
202.07,4100
202.24,4099
202.68,4098
202.94,4097
203.26,4096
204.05,4095
204.23,4094
205.20,4093
205.46,4092
205.63,4091
205.82,4090
206.18,4089
206.35,4088
206.62,4087
206.79,4086
208.27,4085
208.62,4084
208.79,4083
209.14,4082
209.76,4081
209.94,4080
210.30,4079
211.27,4078
211.45,4077
211.71,4076
211.97,4075
212.24,4074
212.42,4073
212.68,4072
212.94,4071
213.11,4070
213.29,4069
213.46,4068
213.64,4067
214.08,4066
214.25,4065
214.43,4064
215.21,4063
215.38,4062
215.91,4061
216.69,4060
216.87,4059
217.04,4058
217.49,4057
217.93,4056
218.45,4055
218.63,4054
218.89,4053
219.24,4052
219.50,4051
219.68,4050
220.11,4049
220.38,4048
221.17,4047
221.61,4046
221.87,4045
222.13,4044
223.00,4043
223.61,4042
224.04,4041
224.39,4040
224.65,4039
224.83,4038
225.79,4037
225.96,4036
226.31,4035
226.48,4034
227.00,4033
227.26,4032
227.44,4031
227.61,4030
228.13,4029
228.31,4028
228.66,4027
228.93,4026
229.11,4025
229.28,4024
229.46,4023
229.80,4022
230.59,4021
231.11,4020
231.29,4019
231.91,4018
232.26,4017
232.53,4016
232.71,4015
232.91,4014
233.09,4013
233.26,4012
233.44,4011
233.61,4010
234.05,4009
235.19,4008
235.63,4007
236.06,4006
237.02,4005
238.30,4004
238.47,4003
238.82,4002
239.08,4001
239.35,4000
239.61,3999
239.78,3998
240.22,3997
240.74,3996
241.02,3995
242.07,3994
243.02,3993
243.29,3992
244.34,3991
244.52,3990
244.96,3989
245.32,3988
245.58,3987
245.84,3986
246.11,3985
246.29,3984
246.55,3983
247.44,3982
247.62,3981
247.79,3980
248.76,3979
249.29,3978
249.47,3977
249.99,3976
250.68,3975
251.03,3974
251.20,3973
251.46,3972
251.92,3971
252.49,3970
252.93,3969
253.28,3968
254.33,3967
254.50,3966
254.85,3965
255.28,3964
255.72,3963
256.07,3962
256.24,3961
256.42,3960
257.20,3959
257.63,3958
257.99,3957
258.44,3956
258.61,3955
258.79,3954
259.23,3953
259.40,3952
260.10,3951
261.09,3950
261.69,3949
262.82,3948
263.44,3947
264.31,3946
264.48,3945
264.74,3944
265.44,3943
265.96,3942
266.22,3941
266.66,3940
267.09,3939
267.44,3938
267.61,3937
268.31,3936
268.77,3935
269.04,3934
270.25,3933
271.48,3932
271.66,3931
272.37,3930
272.90,3929
273.26,3928
273.58,3927
274.03,3926
274.65,3925
275.26,3924
275.61,3923
276.13,3922
276.31,3921
276.83,3920
277.00,3919
277.35,3918
277.70,3917
277.88,3916
278.41,3915
279.56,3914
279.73,3913
280.52,3912
281.13,3911
281.31,3910
282.10,3909
282.54,3908
282.72,3907
283.20,3906
283.48,3905
283.66,3904
284.30,3903
285.49,3902
286.39,3901
286.75,3900
287.19,3899
287.63,3898
288.27,3897
289.33,3896
290.38,3895
290.73,3894
291.08,3893
291.26,3892
291.70,3891
291.87,3890
292.05,3889
292.69,3888
293.13,3887
294.37,3886
295.17,3885
295.70,3884
296.14,3883
297.38,3882
297.64,3881
297.82,3880
298.79,3879
299.67,3878
300.37,3877
300.90,3876
301.69,3875
302.84,3874
303.02,3873
303.37,3872
303.63,3871
303.81,3870
304.85,3869
305.58,3868
306.41,3867
306.84,3866
307.46,3865
307.99,3864
309.45,3863
310.31,3862
310.49,3861
310.66,3860
311.86,3859
312.12,3858
312.63,3857
313.15,3856
313.58,3855
313.76,3854
313.93,3853
314.37,3852
314.80,3851
315.49,3850
316.55,3849
316.81,3848
318.02,3847
318.36,3846
318.72,3845
318.90,3844
319.07,3843
319.34,3842
319.51,3841
319.69,3840
319.95,3839
320.13,3838
321.02,3837
321.75,3836
322.01,3835
322.36,3834
322.70,3833
323.21,3832
323.56,3831
324.08,3830
324.43,3829
324.60,3828
324.95,3827
326.22,3826
326.39,3825
326.56,3824
326.73,3823
327.59,3822
328.02,3821
328.73,3820
328.98,3819
329.33,3818
329.94,3817
330.38,3816
330.73,3815
331.01,3814
331.27,3813
331.79,3812
333.10,3811
333.70,3810
333.88,3809
334.75,3808
334.92,3807
335.46,3806
335.80,3805
335.97,3804
336.15,3803
336.32,3802
336.67,3801
337.53,3800
337.79,3799
338.22,3798
338.56,3797
338.82,3796
338.99,3795
339.16,3794
339.34,3793
339.51,3792
339.69,3791
340.03,3790
340.20,3789
341.33,3788
341.50,3787
342.56,3786
343.18,3785
343.93,3784
344.20,3783
344.55,3782
344.90,3781
345.17,3780
345.34,3779
345.70,3778
346.31,3777
346.48,3776
346.65,3775
348.04,3774
348.31,3773
348.49,3772
349.53,3771
349.70,3770
350.48,3769
350.66,3768
351.03,3767
351.56,3766
352.25,3765
352.77,3764
353.03,3763
353.72,3762
353.99,3761
354.34,3760
354.77,3759
355.89,3758
356.23,3757
357.44,3756
357.97,3755
359.18,3754
359.88,3753
360.41,3752
360.76,3751
360.94,3750
361.47,3749
361.64,3748
361.91,3747
362.26,3746
362.53,3745
363.05,3744
363.31,3743
363.57,3742
363.74,3741
363.91,3740
364.18,3739
364.61,3738
364.78,3737
365.04,3736
365.21,3735
365.47,3734
366.20,3733
366.80,3732
367.51,3731
368.56,3730
369.09,3729
369.35,3728
369.53,3727
370.05,3726
370.49,3725
370.66,3724
371.01,3723
371.38,3722
371.81,3721
372.94,3720
373.63,3719
375.70,3718
375.96,3717
377.08,3716
377.25,3715
378.39,3714
378.97,3713
379.49,3712
381.36,3711
382.22,3710
382.65,3709
382.83,3708
383.09,3707
383.43,3706
383.78,3705
383.95,3704
384.13,3703
384.74,3702
384.91,3701
385.26,3700
385.60,3699
386.11,3698
386.54,3697
387.48,3696
387.65,3695
388.08,3694
388.42,3693
389.15,3692
389.83,3691
390.09,3690
390.61,3689
391.21,3688
391.55,3687
392.14,3686
393.08,3685
393.34,3684
395.30,3683
395.47,3682
395.73,3681
396.84,3680
397.36,3679
397.79,3678
398.04,3677
398.56,3676
399.24,3675
400.11,3674
401.06,3673
401.83,3672
402.69,3671
403.21,3670
403.39,3669
403.56,3668
405.18,3667
405.96,3666
407.16,3665
407.94,3664
408.55,3663
408.74,3662
409.02,3661
409.19,3660
409.45,3659
409.71,3658
409.88,3657
411.51,3656
411.68,3655
412.62,3654
413.05,3653
413.39,3652
413.70,3651
413.88,3650
414.05,3649
414.67,3648
415.09,3647
415.44,3646
415.70,3645
416.13,3644
416.56,3643
417.68,3642
417.86,3641
418.04,3640
419.42,3639
419.93,3638
420.18,3637
420.63,3636
420.96,3635
421.48,3634
421.82,3633
422.85,3632
423.27,3631
423.53,3630
424.22,3629
424.82,3628
425.42,3627
425.59,3626
425.93,3625
426.10,3624
426.54,3623
426.80,3622
427.06,3621
427.23,3620
429.78,3619
430.63,3618
431.44,3617
432.30,3616
433.67,3615
433.92,3614
434.78,3613
435.21,3612
435.38,3611
436.15,3610
436.58,3609
436.92,3608
437.26,3607
438.11,3606
438.37,3605
439.47,3604
439.72,3603
439.89,3602
440.99,3601
442.27,3600
442.60,3599
444.05,3598
444.47,3597
445.23,3596
446.24,3595
446.58,3594
446.91,3593
447.60,3592
448.17,3591
448.60,3590
449.64,3589
450.41,3588
451.19,3587
451.45,3586
452.13,3585
452.39,3584
452.73,3583
452.90,3582
453.24,3581
454.43,3580
455.14,3579
455.50,3578
455.84,3577
456.26,3576
457.54,3575
458.13,3574
459.73,3573
459.98,3572
462.95,3571
463.29,3570
463.97,3569
464.82,3568
465.41,3567
466.00,3566
466.59,3565
467.45,3564
467.87,3563
471.46,3562
473.42,3561
475.46,3560
477.49,3559
478.94,3558
479.29,3557
481.67,3556
482.21,3555
482.47,3554
483.24,3553
484.25,3552
485.52,3551
486.20,3550
487.21,3549
487.47,3548
487.89,3547
488.23,3546
489.09,3545
489.26,3544
489.52,3543
489.77,3542
490.71,3541
491.05,3540
491.47,3539
491.64,3538
