0.00,4572
0.70,4571
1.06,4570
2.01,4569
2.79,4568
3.32,4567
3.84,4566
4.02,4565
4.37,4564
4.54,4563
4.72,4562
4.89,4561
5.25,4560
5.68,4559
5.86,4558
6.47,4557
7.01,4556
7.19,4555
7.37,4554
7.99,4553
8.69,4552
9.31,4551
9.67,4550
10.29,4549
11.74,4548
12.10,4547
12.28,4546
12.45,4545
12.72,4544
12.90,4543
13.08,4542
13.79,4541
14.33,4540
14.86,4539
15.23,4538
15.41,4537
15.68,4536
16.13,4535
16.39,4534
16.57,4533
16.75,4532
17.11,4531
17.55,4530
17.72,4529
17.90,4528
19.14,4527
19.32,4526
19.50,4525
20.58,4524
21.39,4523
21.83,4522
22.02,4521
22.20,4520
22.37,4519
22.74,4518
22.92,4517
23.10,4516
23.28,4515
23.46,4514
23.91,4513
24.63,4512
24.81,4511
25.17,4510
25.87,4509
26.32,4508
26.51,4507
26.70,4506
26.88,4505
27.06,4504
27.51,4503
28.13,4502
28.48,4501
28.66,4500
28.93,4499
29.47,4498
29.73,4497
30.27,4496
30.54,4495
30.80,4494
31.09,4493
31.27,4492
31.45,4491
31.63,4490
31.90,4489
32.61,4488
32.79,4487
33.33,4486
33.68,4485
33.95,4484
34.13,4483
34.49,4482
34.66,4481
34.84,4480
35.02,4479
35.70,4478
36.06,4477
36.78,4476
37.22,4475
37.40,4474
37.67,4473
38.25,4472
38.43,4471
38.60,4470
39.32,4469
40.12,4468
40.30,4467
40.75,4466
41.02,4465
41.73,4464
42.00,4463
42.44,4462
42.70,4461
43.59,4460
44.04,4459
44.22,4458
44.61,4457
44.88,4456
45.06,4455
45.32,4454
45.76,4453
46.21,4452
46.39,4451
46.58,4450
46.86,4449
47.13,4448
47.40,4447
47.66,4446
47.84,4445
48.19,4444
48.46,4443
48.90,4442
49.07,4441
49.34,4440
49.52,4439
50.04,4438
50.48,4437
50.83,4436
51.09,4435
51.54,4434
51.98,4433
52.33,4432
52.59,4431
53.03,4430
53.38,4429
53.90,4428
54.08,4427
54.36,4426
54.56,4425
54.92,4424
55.28,4423
55.54,4422
55.72,4421
55.90,4420
56.07,4419
56.25,4418
56.43,4417
56.79,4416
57.14,4415
57.58,4414
58.03,4413
58.20,4412
58.55,4411
58.73,4410
59.17,4409
59.88,4408
60.06,4407
60.93,4406
61.11,4405
61.28,4404
61.55,4403
62.08,4402
62.43,4401
62.87,4400
63.58,4399
63.76,4398
64.20,4397
64.38,4396
64.65,4395
65.27,4394
65.89,4393
66.25,4392
67.31,4391
67.67,4390
67.93,4389
68.20,4388
68.46,4387
68.64,4386
69.43,4385
69.96,4384
70.32,4383
70.58,4382
70.85,4381
71.11,4380
71.33,4379
71.78,4378
72.05,4377
72.23,4376
72.94,4375
73.12,4374
73.65,4373
74.09,4372
74.27,4371
74.98,4370
75.15,4369
75.59,4368
75.95,4367
76.75,4366
77.73,4365
78.09,4364
78.36,4363
79.26,4362
79.61,4361
79.88,4360
80.15,4359
80.33,4358
80.69,4357
80.87,4356
81.23,4355
81.70,4354
81.97,4353
82.76,4352
83.03,4351
83.46,4350
84.00,4349
84.17,4348
84.62,4347
85.15,4346
85.42,4345
85.85,4344
86.21,4343
86.39,4342
87.01,4341
87.27,4340
87.81,4339
87.98,4338
88.16,4337
88.34,4336
90.02,4335
90.37,4334
90.55,4333
91.08,4332
91.61,4331
92.23,4330
92.50,4329
93.12,4328
93.29,4327
93.47,4326
93.91,4325
94.44,4324
94.62,4323
94.80,4322
95.07,4321
95.25,4320
95.43,4319
95.61,4318
95.97,4317
96.32,4316
97.55,4315
98.52,4314
98.70,4313
98.97,4312
99.41,4311
99.76,4310
100.21,4309
100.39,4308
100.57,4307
100.75,4306
101.02,4305
101.29,4304
101.92,4303
102.28,4302
102.64,4301
102.82,4300
103.43,4299
103.79,4298
104.14,4297
104.49,4296
104.66,4295
106.10,4294
106.28,4293
106.55,4292
106.82,4291
107.50,4290
108.03,4289
108.30,4288
109.02,4287
109.55,4286
109.82,4285
110.00,4284
110.27,4283
110.44,4282
110.62,4281
110.80,4280
111.07,4279
111.34,4278
111.51,4277
112.05,4276
112.31,4275
112.86,4274
113.48,4273
113.65,4272
113.92,4271
114.28,4270
115.08,4269
115.26,4268
115.71,4267
115.98,4266
116.60,4265
116.87,4264
117.23,4263
117.67,4262
117.85,4261
118.04,4260
118.33,4259
118.73,4258
119.09,4257
119.35,4256
119.88,4255
120.15,4254
120.33,4253
120.59,4252
120.77,4251
121.92,4250
122.27,4249
122.45,4248
122.63,4247
122.81,4246
123.61,4245
123.88,4244
124.32,4243
124.59,4242
125.03,4241
125.56,4240
125.92,4239
126.10,4238
126.37,4237
126.56,4236
126.84,4235
127.02,4234
127.20,4233
127.38,4232
127.82,4231
128.10,4230
128.29,4229
128.55,4228
128.74,4227
129.28,4226
129.46,4225
130.08,4224
130.26,4223
130.52,4222
130.70,4221
131.06,4220
131.60,4219
131.78,4218
132.58,4217
132.84,4216
133.11,4215
133.29,4214
133.47,4213
133.83,4212
134.00,4211
134.18,4210
134.45,4209
134.90,4208
135.43,4207
135.96,4206
136.66,4205
137.28,4204
137.46,4203
137.64,4202
138.70,4201
139.40,4200
139.76,4199
140.48,4198
140.66,4197
140.84,4196
141.02,4195
141.29,4194
141.73,4193
142.35,4192
143.03,4191
143.21,4190
143.74,4189
144.02,4188
144.19,4187
144.46,4186
144.82,4185
145.52,4184
145.78,4183
146.14,4182
146.32,4181
146.59,4180
146.77,4179
146.95,4178
147.57,4177
148.01,4176
148.63,4175
148.81,4174
149.08,4173
149.96,4172
150.14,4171
150.31,4170
150.49,4169
151.11,4168
151.56,4167
152.09,4166
152.27,4165
152.45,4164
153.33,4163
153.60,4162
153.86,4161
154.12,4160
154.93,4159
155.28,4158
155.55,4157
155.82,4156
155.99,4155
156.17,4154
156.43,4153
156.61,4152
156.87,4151
157.40,4150
157.67,4149
157.94,4148
158.21,4147
158.47,4146
158.74,4145
159.01,4144
159.37,4143
159.55,4142
159.99,4141
160.35,4140
160.52,4139
160.70,4138
161.14,4137
161.67,4136
161.93,4135
162.46,4134
162.82,4133
163.00,4132
163.18,4131
163.54,4130
163.72,4129
163.90,4128
164.25,4127
164.69,4126
165.04,4125
165.31,4124
165.66,4123
165.93,4122
166.20,4121
166.96,4120
167.48,4119
168.12,4118
168.51,4117
169.22,4116
169.84,4115
170.10,4114
170.46,4113
171.08,4112
171.44,4111
172.68,4110
172.86,4109
173.30,4108
173.57,4107
174.19,4106
174.36,4105
174.81,4104
175.70,4103
175.88,4102
176.33,4101
176.94,4100
177.13,4099
177.39,4098
177.84,4097
178.53,4096
178.80,4095
179.08,4094
179.44,4093
179.62,4092
179.89,4091
180.16,4090
181.04,4089
181.22,4088
181.75,4087
181.92,4086
182.18,4085
182.45,4084
182.80,4083
182.97,4082
183.15,4081
183.59,4080
183.85,4079
184.20,4078
184.65,4077
184.82,4076
185.00,4075
185.27,4074
185.54,4073
185.90,4072
186.16,4071
186.51,4070
186.68,4069
186.86,4068
187.03,4067
187.20,4066
188.08,4065
188.34,4064
188.51,4063
188.95,4062
189.21,4061
189.47,4060
190.79,4059
191.40,4058
191.84,4057
192.19,4056
192.54,4055
192.82,4054
192.99,4053
193.17,4052
193.43,4051
193.69,4050
193.87,4049
194.04,4048
194.75,4047
195.28,4046
195.46,4045
195.73,4044
195.91,4043
196.34,4042
196.52,4041
196.69,4040
197.83,4039
198.00,4038
198.17,4037
198.43,4036
199.13,4035
199.48,4034
199.66,4033
200.82,4032
201.09,4031
201.54,4030
202.25,4029
202.43,4028
202.70,4027
202.87,4026
203.05,4025
203.40,4024
203.59,4023
203.97,4022
204.15,4021
204.32,4020
204.77,4019
205.30,4018
205.56,4017
205.75,4016
206.55,4015
207.00,4014
207.17,4013
207.44,4012
207.71,4011
207.88,4010
208.06,4009
208.23,4008
208.41,4007
209.11,4006
209.29,4005
209.64,4004
210.35,4003
210.97,4002
211.32,4001
211.50,4000
211.77,3999
212.03,3998
212.83,3997
213.28,3996
213.55,3995
213.87,3994
214.41,3993
214.58,3992
214.85,3991
215.02,3990
215.38,3989
215.73,3988
215.91,3987
216.08,3986
216.69,3985
217.04,3984
218.35,3983
218.53,3982
218.97,3981
219.67,3980
220.02,3979
220.28,3978
220.45,3977
220.63,3976
221.15,3975
222.10,3974
222.45,3973
222.63,3972
223.06,3971
223.24,3970
223.58,3969
224.02,3968
224.37,3967
224.92,3966
225.39,3965
226.11,3964
226.28,3963
227.36,3962
227.54,3961
227.89,3960
228.24,3959
228.59,3958
229.85,3957
230.30,3956
230.86,3955
231.04,3954
231.77,3953
232.20,3952
232.46,3951
232.90,3950
233.61,3949
234.15,3948
235.50,3947
235.87,3946
236.14,3945
236.75,3944
236.93,3943
237.37,3942
237.80,3941
238.15,3940
239.24,3939
240.29,3938
240.55,3937
240.72,3936
241.77,3935
242.29,3934
242.73,3933
242.90,3932
243.25,3931
243.42,3930
243.77,3929
243.94,3928
244.29,3927
244.81,3926
245.33,3925
245.50,3924
245.85,3923
246.21,3922
246.82,3921
247.09,3920
247.45,3919
248.16,3918
248.33,3917
248.69,3916
249.04,3915
249.46,3914
249.73,3913
250.09,3912
250.53,3911
250.80,3910
251.41,3909
251.58,3908
252.20,3907
252.91,3906
253.79,3905
253.97,3904
254.49,3903
254.85,3902
255.03,3901
255.21,3900
255.84,3899
256.19,3898
256.54,3897
256.72,3896
257.42,3895
257.69,3894
257.86,3893
258.13,3892
258.48,3891
258.65,3890
259.53,3889
259.70,3888
260.14,3887
260.95,3886
261.56,3885
261.91,3884
262.17,3883
262.35,3882
262.53,3881
262.80,3880
263.42,3879
263.78,3878
264.97,3877
266.74,3876
267.18,3875
267.72,3874
268.09,3873
268.44,3872
268.61,3871
269.06,3870
269.23,3869
269.67,3868
270.20,3867
271.87,3866
272.69,3865
273.04,3864
273.57,3863
273.92,3862
274.19,3861
274.45,3860
274.72,3859
275.07,3858
275.33,3857
277.00,3856
277.26,3855
277.52,3854
277.79,3853
278.06,3852
279.04,3851
279.21,3850
279.57,3849
280.45,3848
280.62,3847
281.24,3846
281.68,3845
281.95,3844
282.21,3843
282.56,3842
283.52,3841
284.05,3840
284.67,3839
284.90,3838
285.07,3837
285.25,3836
285.78,3835
286.31,3834
287.01,3833
287.18,3832
287.71,3831
287.97,3830
288.24,3829
288.94,3828
289.38,3827
289.63,3826
290.41,3825
292.41,3824
292.76,3823
293.11,3822
293.63,3821
294.15,3820
294.49,3819
295.27,3818
296.40,3817
296.92,3816
297.30,3815
297.65,3814
297.91,3813
298.17,3812
298.34,3811
299.56,3810
300.08,3809
300.60,3808
301.47,3807
302.16,3806
302.42,3805
304.05,3804
304.32,3803
304.93,3802
305.28,3801
306.16,3800
306.51,3799
307.03,3798
307.20,3797
307.72,3796
309.28,3795
309.45,3794
309.89,3793
310.58,3792
311.27,3791
311.71,3790
311.97,3789
312.32,3788
312.49,3787
312.75,3786
312.92,3785
313.96,3784
314.30,3783
314.65,3782
315.78,3781
317.43,3780
318.31,3779
318.66,3778
319.10,3777
319.54,3776
319.77,3775
320.90,3774
321.08,3773
322.12,3772
322.38,3771
323.16,3770
323.60,3769
324.29,3768
324.64,3767
324.81,3766
324.99,3765
325.34,3764
325.95,3763
326.58,3762
326.94,3761
327.55,3760
327.81,3759
328.24,3758
328.51,3757
329.38,3756
330.08,3755
330.53,3754
331.24,3753
331.93,3752
332.37,3751
332.54,3750
332.80,3749
332.98,3748
333.58,3747
334.01,3746
334.27,3745
334.62,3744
334.80,3743
335.67,3742
336.19,3741
337.23,3740
337.92,3739
338.71,3738
338.97,3737
339.68,3736
339.94,3735
340.11,3734
340.80,3733
341.32,3732
341.76,3731
341.93,3730
342.20,3729
342.38,3728
342.64,3727
343.52,3726
343.70,3725
344.32,3724
344.84,3723
345.11,3722
345.28,3721
345.71,3720
346.24,3719
346.69,3718
347.06,3717
347.40,3716
347.58,3715
347.84,3714
348.01,3713
348.97,3712
349.34,3711
349.79,3710
350.22,3709
351.71,3708
351.88,3707
352.15,3706
353.58,3705
353.94,3704
355.01,3703
355.52,3702
356.04,3701
356.29,3700
356.55,3699
356.98,3698
357.15,3697
357.41,3696
357.98,3695
358.60,3694
358.77,3693
360.88,3692
361.23,3691
361.49,3690
361.84,3689
363.15,3688
363.58,3687
363.94,3686
365.67,3685
366.28,3684
366.83,3683
367.18,3682
367.53,3681
369.71,3680
370.15,3679
372.23,3678
373.09,3677
374.30,3676
376.37,3675
376.63,3674
377.33,3673
378.11,3672
378.37,3671
378.64,3670
378.81,3669
379.68,3668
379.86,3667
380.47,3666
380.82,3665
380.99,3664
381.17,3663
381.70,3662
382.04,3661
382.48,3660
383.70,3659
384.65,3658
385.80,3657
385.97,3656
386.49,3655
386.84,3654
387.01,3653
387.27,3652
387.79,3651
388.14,3650
388.58,3649
389.28,3648
389.54,3647
390.81,3646
391.07,3645
391.84,3644
392.62,3643
393.14,3642
393.93,3641
394.89,3640
395.50,3639
395.93,3638
396.19,3637
396.46,3636
396.63,3635
397.43,3634
397.87,3633
398.75,3632
399.90,3631
400.91,3630
401.42,3629
402.83,3628
403.69,3627
404.84,3626
405.98,3625
407.80,3624
408.06,3623
409.02,3622
409.54,3621
409.80,3620
410.23,3619
410.40,3618
410.66,3617
410.83,3616
411.00,3615
412.49,3614
413.19,3613
413.54,3612
413.71,3611
415.03,3610
415.29,3609
415.47,3608
415.81,3607
416.42,3606
416.76,3605
417.20,3604
417.55,3603
417.99,3602
418.68,3601
419.37,3600
420.23,3599
421.70,3598
421.96,3597
422.48,3596
422.83,3595
423.01,3594
423.61,3593
423.96,3592
424.13,3591
424.48,3590
424.80,3589
426.05,3588
426.57,3587
426.99,3586
427.77,3585
429.16,3584
429.84,3583
430.10,3582
430.36,3581
433.46,3580
434.65,3579
435.00,3578
435.34,3577
437.42,3576
439.51,3575
441.04,3574
441.21,3573
441.47,3572
441.73,3571
442.52,3570
444.15,3569
445.01,3568
445.18,3567
446.03,3566
446.72,3565
447.23,3564
447.58,3563
448.00,3562
448.26,3561
449.46,3560
449.81,3559
450.32,3558
451.79,3557
452.04,3556
452.21,3555
453.07,3554
453.24,3553
453.41,3552
454.10,3551
454.36,3550
455.13,3549
455.47,3548
455.64,3547
455.90,3546
456.16,3545
457.10,3544
457.61,3543
457.95,3542
458.21,3541
458.38,3540
458.55,3539
459.29,3538
464.44,3537
464.70,3536
465.81,3535
466.88,3534
468.09,3533
468.73,3532
469.17,3531
469.34,3530
472.13,3529
472.49,3528
473.34,3527
473.68,3526
474.28,3525
475.22,3524
475.74,3523
476.08,3522
476.85,3521
478.15,3520
479.00,3519
479.85,3518
480.11,3517
480.53,3516
480.71,3515
480.88,3514
481.14,3513
481.31,3512
482.33,3511
483.02,3510
483.19,3509
483.65,3508
484.95,3507
485.73,3506
486.69,3505
487.38,3504
488.31,3503
488.90,3502
489.58,3501
489.76,3500
