0.00,4625
0.18,4624
0.61,4623
0.78,4622
2.44,4621
2.62,4620
2.80,4619
3.33,4618
3.50,4617
4.03,4616
6.25,4615
6.43,4614
6.97,4613
7.24,4612
7.95,4611
8.30,4610
8.47,4609
9.29,4608
9.46,4607
9.93,4606
10.20,4605
11.10,4604
11.55,4603
12.27,4602
12.63,4601
12.81,4600
12.99,4599
13.53,4598
13.71,4597
13.90,4596
14.71,4595
15.42,4594
16.03,4593
16.49,4592
17.12,4591
17.48,4590
17.96,4589
18.40,4588
18.58,4587
18.76,4586
18.96,4585
19.15,4584
19.52,4583
19.79,4582
20.07,4581
20.61,4580
20.79,4579
21.14,4578
21.68,4577
22.21,4576
22.74,4575
22.91,4574
23.09,4573
23.27,4572
23.44,4571
23.80,4570
24.06,4569
24.86,4568
25.21,4567
25.39,4566
25.65,4565
25.83,4564
26.00,4563
26.27,4562
26.46,4561
27.63,4560
28.87,4559
29.13,4558
29.31,4557
29.49,4556
29.76,4555
30.12,4554
30.30,4553
30.48,4552
30.93,4551
31.11,4550
31.38,4549
31.57,4548
31.75,4547
32.20,4546
32.47,4545
32.74,4544
32.92,4543
33.19,4542
33.37,4541
33.83,4540
34.28,4539
34.65,4538
34.85,4537
35.09,4536
35.28,4535
35.86,4534
36.17,4533
36.56,4532
37.04,4531
37.52,4530
37.70,4529
38.16,4528
38.34,4527
38.71,4526
38.98,4525
39.17,4524
39.45,4523
40.29,4522
40.92,4521
41.29,4520
41.92,4519
42.10,4518
42.27,4517
42.72,4516
42.90,4515
43.17,4514
43.44,4513
43.70,4512
43.98,4511
44.24,4510
44.43,4509
44.72,4508
44.91,4507
45.11,4506
45.31,4505
45.59,4504
46.13,4503
46.39,4502
46.58,4501
46.96,4500
47.26,4499
47.54,4498
48.17,4497
48.44,4496
48.89,4495
49.25,4494
49.61,4493
49.88,4492
50.24,4491
50.97,4490
51.43,4489
52.05,4488
52.41,4487
52.67,4486
52.93,4485
53.55,4484
53.98,4483
54.61,4482
54.99,4481
55.28,4480
55.66,4479
56.10,4478
56.73,4477
57.25,4476
57.52,4475
57.96,4474
58.23,4473
58.49,4472
58.67,4471
59.30,4470
59.48,4469
59.75,4468
59.93,4467
60.12,4466
60.57,4465
61.01,4464
61.37,4463
61.64,4462
62.62,4461
63.58,4460
63.75,4459
63.93,4458
64.63,4457
64.89,4456
65.50,4455
65.68,4454
66.57,4453
66.92,4452
67.27,4451
67.45,4450
67.99,4449
68.26,4448
68.44,4447
68.71,4446
68.88,4445
69.06,4444
70.05,4443
70.42,4442
70.61,4441
70.79,4440
71.23,4439
71.55,4438
72.10,4437
72.28,4436
72.56,4435
73.01,4434
73.19,4433
73.36,4432
73.63,4431
73.98,4430
74.25,4429
74.42,4428
74.78,4427
75.13,4426
75.84,4425
76.40,4424
76.76,4423
77.39,4422
78.22,4421
78.66,4420
78.84,4419
79.12,4418
79.39,4417
80.42,4416
80.95,4415
81.21,4414
81.91,4413
82.62,4412
82.98,4411
83.33,4410
83.95,4409
84.66,4408
85.19,4407
85.72,4406
85.98,4405
86.16,4404
86.44,4403
86.70,4402
86.97,4401
87.23,4400
87.68,4399
88.22,4398
88.84,4397
89.65,4396
89.83,4395
90.19,4394
90.37,4393
90.55,4392
91.00,4391
92.25,4390
92.71,4389
92.97,4388
93.33,4387
93.77,4386
94.75,4385
95.28,4384
95.55,4383
95.72,4382
96.44,4381
96.97,4380
97.16,4379
97.42,4378
97.61,4377
97.81,4376
98.26,4375
98.44,4374
98.70,4373
99.24,4372
99.69,4371
99.96,4370
100.59,4369
100.86,4368
101.04,4367
101.22,4366
101.49,4365
102.38,4364
102.65,4363
103.01,4362
103.28,4361
103.46,4360
104.46,4359
104.82,4358
105.27,4357
106.24,4356
106.41,4355
106.59,4354
106.94,4353
107.11,4352
107.63,4351
108.25,4350
108.98,4349
109.97,4348
111.12,4347
111.48,4346
111.66,4345
112.29,4344
112.66,4343
113.11,4342
113.56,4341
115.38,4340
115.65,4339
116.00,4338
116.54,4337
116.99,4336
117.26,4335
117.91,4334
118.26,4333
118.62,4332
118.89,4331
119.43,4330
119.79,4329
120.86,4328
121.22,4327
121.58,4326
122.03,4325
122.39,4324
122.66,4323
123.93,4322
124.29,4321
124.93,4320
125.47,4319
125.92,4318
126.10,4317
126.37,4316
126.55,4315
126.82,4314
127.01,4313
127.36,4312
127.54,4311
127.72,4310
128.34,4309
128.70,4308
129.06,4307
129.23,4306
129.59,4305
129.86,4304
130.31,4303
131.20,4302
132.88,4301
133.41,4300
133.68,4299
133.86,4298
134.13,4297
134.58,4296
134.84,4295
135.11,4294
135.55,4293
136.09,4292
136.71,4291
136.89,4290
137.16,4289
137.43,4288
137.61,4287
138.15,4286
138.42,4285
138.70,4284
139.60,4283
139.87,4282
140.49,4281
140.66,4280
141.03,4279
141.21,4278
141.65,4277
141.83,4276
142.18,4275
142.45,4274
142.97,4273
143.75,4272
144.39,4271
144.66,4270
144.84,4269
145.28,4268
145.65,4267
146.28,4266
146.46,4265
146.72,4264
146.99,4263
147.16,4262
147.52,4261
147.78,4260
147.96,4259
148.13,4258
148.49,4257
148.76,4256
148.94,4255
149.55,4254
149.91,4253
150.17,4252
150.78,4251
151.05,4250
151.78,4249
152.05,4248
152.40,4247
152.96,4246
153.14,4245
153.41,4244
153.75,4243
154.55,4242
154.73,4241
154.90,4240
155.46,4239
155.83,4238
156.55,4237
156.99,4236
157.54,4235
158.25,4234
158.97,4233
159.51,4232
159.77,4231
160.04,4230
160.22,4229
160.49,4228
161.38,4227
162.10,4226
162.46,4225
162.91,4224
163.54,4223
163.81,4222
163.99,4221
164.35,4220
164.62,4219
164.88,4218
165.07,4217
165.61,4216
166.33,4215
167.12,4214
167.30,4213
167.56,4212
168.00,4211
168.27,4210
168.55,4209
170.42,4208
170.69,4207
171.22,4206
171.76,4205
171.93,4204
172.64,4203
172.91,4202
173.09,4201
173.44,4200
173.81,4199
174.36,4198
174.62,4197
174.80,4196
175.07,4195
175.43,4194
175.61,4193
176.24,4192
176.51,4191
176.78,4190
176.96,4189
177.23,4188
177.41,4187
178.20,4186
178.37,4185
178.82,4184
179.34,4183
179.52,4182
179.69,4181
180.59,4180
180.77,4179
180.95,4178
181.22,4177
181.39,4176
181.74,4175
182.01,4174
182.27,4173
182.44,4172
182.91,4171
183.18,4170
183.36,4169
183.72,4168
183.99,4167
184.35,4166
184.79,4165
185.05,4164
185.23,4163
185.49,4162
185.85,4161
186.03,4160
186.30,4159
187.73,4158
188.00,4157
188.18,4156
188.62,4155
188.98,4154
189.50,4153
189.86,4152
190.13,4151
190.31,4150
190.58,4149
190.85,4148
191.03,4147
191.47,4146
192.28,4145
192.46,4144
192.64,4143
192.99,4142
193.34,4141
193.78,4140
193.97,4139
194.41,4138
194.68,4137
194.94,4136
195.29,4135
195.91,4134
196.08,4133
196.69,4132
196.95,4131
197.21,4130
197.75,4129
198.72,4128
199.16,4127
199.52,4126
199.88,4125
200.15,4124
200.33,4123
201.12,4122
201.47,4121
201.83,4120
202.09,4119
202.53,4118
202.71,4117
203.33,4116
203.59,4115
203.95,4114
204.22,4113
204.57,4112
204.92,4111
205.10,4110
205.37,4109
206.35,4108
206.52,4107
206.87,4106
207.22,4105
208.76,4104
209.03,4103
210.00,4102
210.48,4101
211.03,4100
211.47,4099
211.64,4098
212.16,4097
212.34,4096
212.51,4095
213.03,4094
213.38,4093
213.65,4092
213.91,4091
214.44,4090
214.61,4089
215.11,4088
215.29,4087
215.65,4086
216.26,4085
216.78,4084
217.05,4083
217.22,4082
217.39,4081
218.18,4080
218.36,4079
218.53,4078
219.15,4077
219.69,4076
220.14,4075
220.41,4074
220.58,4073
220.77,4072
220.95,4071
221.13,4070
221.57,4069
223.10,4068
223.37,4067
223.64,4066
224.00,4065
224.26,4064
224.90,4063
225.17,4062
225.44,4061
225.88,4060
226.16,4059
226.69,4058
227.05,4057
227.32,4056
227.58,4055
227.76,4054
227.94,4053
228.37,4052
228.55,4051
229.16,4050
229.97,4049
230.15,4048
230.52,4047
230.87,4046
231.23,4045
231.41,4044
231.76,4043
232.03,4042
232.30,4041
232.48,4040
232.66,4039
233.29,4038
233.47,4037
233.65,4036
234.19,4035
234.37,4034
234.55,4033
235.09,4032
235.26,4031
235.72,4030
235.99,4029
236.26,4028
236.61,4027
236.79,4026
236.96,4025
237.67,4024
238.11,4023
238.47,4022
238.73,4021
239.17,4020
239.89,4019
240.35,4018
240.79,4017
241.06,4016
241.42,4015
241.59,4014
242.04,4013
242.39,4012
243.35,4011
243.62,4010
244.33,4009
244.59,4008
244.78,4007
245.23,4006
245.76,4005
246.02,4004
246.28,4003
246.89,4002
247.16,4001
247.51,4000
247.77,3999
248.12,3998
248.56,3997
248.84,3996
249.20,3995
249.38,3994
249.82,3993
249.99,3992
250.17,3991
250.40,3990
250.58,3989
250.94,3988
251.56,3987
251.91,3986
252.09,3985
252.44,3984
252.88,3983
254.12,3982
254.56,3981
255.46,3980
255.98,3979
256.25,3978
256.43,3977
256.97,3976
257.59,3975
258.03,3974
258.40,3973
258.57,3972
258.75,3971
259.47,3970
259.74,3969
259.92,3968
260.99,3967
261.69,3966
262.90,3965
264.21,3964
264.55,3963
265.80,3962
265.98,3961
266.24,3960
266.77,3959
267.13,3958
267.75,3957
269.17,3956
269.43,3955
269.78,3954
270.83,3953
271.18,3952
271.62,3951
271.97,3950
272.60,3949
273.40,3948
274.37,3947
274.73,3946
275.28,3945
275.55,3944
275.72,3943
276.34,3942
277.58,3941
278.02,3940
278.65,3939
279.09,3938
280.04,3937
280.84,3936
281.28,3935
281.91,3934
282.44,3933
282.62,3932
282.97,3931
283.24,3930
283.42,3929
284.22,3928
284.75,3927
286.32,3926
287.67,3925
288.48,3924
288.92,3923
289.63,3922
290.17,3921
290.79,3920
291.41,3919
291.93,3918
292.80,3917
295.08,3916
295.45,3915
295.63,3914
295.81,3913
296.17,3912
296.52,3911
296.97,3910
297.59,3909
298.75,3908
299.46,3907
299.64,3906
300.17,3905
300.90,3904
301.52,3903
302.31,3902
302.85,3901
303.21,3900
304.30,3899
304.57,3898
304.92,3897
305.37,3896
305.99,3895
306.52,3894
306.70,3893
307.89,3892
308.09,3891
309.37,3890
309.73,3889
309.91,3888
310.18,3887
310.64,3886
310.93,3885
311.64,3884
312.09,3883
312.44,3882
312.80,3881
312.98,3880
313.25,3879
313.60,3878
313.87,3877
314.14,3876
314.41,3875
315.20,3874
315.47,3873
315.74,3872
316.55,3871
316.82,3870
318.60,3869
319.22,3868
320.28,3867
320.73,3866
322.66,3865
323.89,3864
324.42,3863
325.04,3862
325.56,3861
326.09,3860
327.51,3859
327.79,3858
328.41,3857
328.67,3856
328.85,3855
329.20,3854
329.82,3853
330.00,3852
330.26,3851
330.44,3850
330.70,3849
330.97,3848
331.41,3847
331.59,3846
332.02,3845
332.19,3844
332.45,3843
333.14,3842
333.40,3841
333.83,3840
334.08,3839
334.43,3838
335.22,3837
335.57,3836
335.75,3835
336.11,3834
336.73,3833
336.99,3832
337.61,3831
338.88,3830
339.77,3829
340.39,3828
340.82,3827
341.18,3826
341.45,3825
341.71,3824
341.89,3823
342.07,3822
342.33,3821
343.22,3820
343.49,3819
344.03,3818
344.20,3817
344.48,3816
345.08,3815
345.25,3814
345.68,3813
346.11,3812
346.29,3811
346.65,3810
346.82,3809
347.09,3808
347.27,3807
347.62,3806
348.05,3805
348.57,3804
349.10,3803
349.64,3802
350.11,3801
350.45,3800
350.71,3799
350.88,3798
351.84,3797
352.37,3796
352.89,3795
353.23,3794
353.49,3793
353.66,3792
354.26,3791
354.78,3790
355.04,3789
355.38,3788
355.64,3787
355.81,3786
356.85,3785
357.70,3784
358.05,3783
358.39,3782
358.65,3781
359.26,3780
359.53,3779
359.80,3778
359.97,3777
360.76,3776
362.42,3775
362.76,3774
363.20,3773
364.36,3772
365.32,3771
366.20,3770
367.50,3769
367.67,3768
368.44,3767
368.96,3766
369.82,3765
370.51,3764
370.94,3763
371.11,3762
371.29,3761
371.82,3760
372.00,3759
372.72,3758
372.90,3757
373.37,3756
373.56,3755
373.74,3754
375.15,3753
375.51,3752
376.21,3751
376.83,3750
377.00,3749
378.82,3748
379.00,3747
379.91,3746
380.53,3745
380.71,3744
381.67,3743
382.27,3742
382.44,3741
382.71,3740
383.50,3739
383.67,3738
383.93,3737
384.55,3736
385.90,3735
387.39,3734
387.91,3733
388.43,3732
388.60,3731
389.03,3730
389.47,3729
389.73,3728
390.02,3727
390.39,3726
390.58,3725
390.86,3724
391.12,3723
391.30,3722
391.48,3721
391.74,3720
392.58,3719
393.20,3718
393.82,3717
394.08,3716
395.13,3715
395.76,3714
395.93,3713
396.45,3712
396.63,3711
398.12,3710
399.16,3709
399.42,3708
399.77,3707
400.29,3706
400.64,3705
400.90,3704
401.16,3703
401.33,3702
401.85,3701
402.98,3700
403.16,3699
404.48,3698
404.66,3697
405.28,3696
407.31,3695
408.81,3694
409.34,3693
410.12,3692
410.65,3691
411.44,3690
411.61,3689
412.04,3688
413.17,3687
414.49,3686
416.45,3685
417.22,3684
418.38,3683
419.72,3682
420.07,3681
420.33,3680
420.85,3679
421.19,3678
421.45,3677
421.62,3676
422.06,3675
422.23,3674
422.49,3673
422.93,3672
423.45,3671
423.80,3670
424.06,3669
424.84,3668
425.72,3667
426.23,3666
426.92,3665
427.75,3664
427.93,3663
428.37,3662
428.90,3661
429.69,3660
430.04,3659
430.21,3658
430.73,3657
431.25,3656
432.04,3655
432.30,3654
433.08,3653
433.51,3652
434.05,3651
434.23,3650
435.30,3649
435.82,3648
436.44,3647
436.69,3646
436.95,3645
437.20,3644
437.46,3643
439.10,3642
440.48,3641
441.71,3640
441.98,3639
442.24,3638
442.58,3637
444.44,3636
444.70,3635
445.65,3634
445.91,3633
446.35,3632
447.92,3631
448.09,3630
448.27,3629
448.71,3628
449.85,3627
450.20,3626
450.39,3625
450.92,3624
451.18,3623
452.31,3622
454.59,3621
454.85,3620
455.02,3619
455.37,3618
455.63,3617
457.78,3616
458.99,3615
461.79,3614
461.96,3613
462.31,3612
462.54,3611
463.45,3610
464.00,3609
464.18,3608
465.50,3607
465.84,3606
466.45,3605
466.89,3604
467.15,3603
467.67,3602
468.35,3601
468.52,3600
468.87,3599
469.13,3598
470.17,3597
471.37,3596
471.88,3595
472.64,3594
472.81,3593
473.15,3592
473.66,3591
474.28,3590
474.97,3589
477.04,3588
477.56,3587
478.07,3586
482.19,3585
482.69,3584
483.62,3583
484.31,3582
484.92,3581
486.05,3580
486.83,3579
488.95,3578
489.89,3577
490.57,3576
490.74,3575
491.08,3574
491.77,3573
492.75,3572
493.18,3571
494.93,3570
495.52,3569
495.77,3568
496.11,3567
497.69,3566
