0.00,4653
0.18,4652
0.45,4651
0.97,4650
1.50,4649
2.56,4648
3.37,4647
3.74,4646
4.45,4645
4.89,4644
5.42,4643
6.30,4642
6.84,4641
7.11,4640
7.39,4639
7.66,4638
8.11,4637
9.09,4636
9.72,4635
9.90,4634
10.25,4633
10.52,4632
11.23,4631
11.59,4630
11.95,4629
12.23,4628
12.41,4627
12.67,4626
12.94,4625
13.12,4624
13.56,4623
13.84,4622
14.02,4621
14.37,4620
15.09,4619
15.27,4618
15.44,4617
15.89,4616
16.25,4615
16.72,4614
16.99,4613
18.33,4612
19.31,4611
19.49,4610
20.12,4609
20.30,4608
21.19,4607
21.64,4606
21.92,4605
22.37,4604
23.45,4603
23.71,4602
23.90,4601
24.26,4600
24.54,4599
25.17,4598
25.45,4597
25.63,4596
25.81,4595
25.99,4594
26.18,4593
26.37,4592
26.75,4591
27.11,4590
27.39,4589
27.57,4588
27.93,4587
28.20,4586
28.83,4585
29.19,4584
29.46,4583
29.73,4582
29.92,4581
30.28,4580
30.46,4579
30.64,4578
30.82,4577
31.37,4576
31.73,4575
32.29,4574
32.56,4573
32.75,4572
33.48,4571
33.66,4570
33.84,4569
34.29,4568
34.56,4567
34.75,4566
34.95,4565
35.14,4564
35.34,4563
35.59,4562
35.86,4561
36.04,4560
36.22,4559
36.60,4558
37.07,4557
37.25,4556
37.52,4555
37.70,4554
37.88,4553
38.25,4552
38.79,4551
38.98,4550
39.16,4549
39.69,4548
39.88,4547
40.24,4546
41.41,4545
41.68,4544
41.95,4543
42.22,4542
42.58,4541
42.76,4540
42.94,4539
43.12,4538
43.84,4537
44.11,4536
44.29,4535
44.47,4534
44.76,4533
45.12,4532
45.39,4531
45.57,4530
45.75,4529
46.11,4528
46.83,4527
47.46,4526
47.64,4525
48.62,4524
48.80,4523
49.07,4522
49.25,4521
49.60,4520
50.15,4519
50.42,4518
50.69,4517
51.40,4516
52.12,4515
52.57,4514
52.93,4513
53.38,4512
53.73,4511
54.00,4510
54.26,4509
54.44,4508
54.62,4507
54.81,4506
55.16,4505
55.69,4504
56.14,4503
56.50,4502
56.68,4501
57.21,4500
57.75,4499
58.29,4498
58.56,4497
59.19,4496
59.64,4495
60.17,4494
60.35,4493
60.62,4492
60.80,4491
60.98,4490
61.25,4489
61.52,4488
61.78,4487
62.04,4486
62.22,4485
62.49,4484
63.14,4483
63.32,4482
64.20,4481
64.46,4480
64.99,4479
65.17,4478
65.53,4477
65.89,4476
66.16,4475
66.43,4474
66.61,4473
66.97,4472
67.15,4471
67.51,4470
68.16,4469
68.34,4468
69.07,4467
69.42,4466
69.78,4465
69.96,4464
70.14,4463
70.49,4462
70.67,4461
70.94,4460
71.30,4459
71.71,4458
71.97,4457
72.15,4456
73.17,4455
73.79,4454
73.97,4453
75.22,4452
75.57,4451
75.74,4450
75.92,4449
76.91,4448
77.09,4447
77.27,4446
77.63,4445
77.81,4444
78.17,4443
78.70,4442
79.07,4441
79.34,4440
79.79,4439
79.98,4438
80.25,4437
80.51,4436
80.96,4435
81.16,4434
81.79,4433
81.96,4432
82.23,4431
82.59,4430
82.86,4429
83.12,4428
83.30,4427
83.83,4426
84.27,4425
84.54,4424
84.81,4423
85.87,4422
86.05,4421
86.50,4420
86.77,4419
87.12,4418
87.30,4417
88.04,4416
88.22,4415
88.39,4414
88.66,4413
90.02,4412
90.38,4411
90.56,4410
90.82,4409
91.27,4408
91.54,4407
91.81,4406
92.08,4405
92.35,4404
92.62,4403
92.97,4402
93.50,4401
93.67,4400
93.85,4399
94.03,4398
94.29,4397
94.56,4396
95.10,4395
95.73,4394
96.00,4393
96.26,4392
96.53,4391
96.88,4390
97.05,4389
97.23,4388
98.63,4387
98.81,4386
99.08,4385
99.43,4384
99.69,4383
100.13,4382
100.66,4381
100.83,4380
101.72,4379
101.99,4378
102.44,4377
102.62,4376
103.16,4375
103.61,4374
104.15,4373
104.33,4372
104.59,4371
105.03,4370
105.22,4369
106.29,4368
106.55,4367
106.73,4366
107.68,4365
108.12,4364
108.30,4363
108.48,4362
108.92,4361
109.19,4360
109.37,4359
109.55,4358
110.08,4357
110.26,4356
110.71,4355
112.06,4354
112.61,4353
112.79,4352
113.15,4351
113.42,4350
113.69,4349
114.68,4348
114.86,4347
115.04,4346
115.31,4345
115.58,4344
116.22,4343
116.58,4342
116.94,4341
117.21,4340
117.39,4339
118.11,4338
118.65,4337
118.83,4336
119.09,4335
119.89,4334
120.25,4333
120.69,4332
120.96,4331
121.15,4330
121.33,4329
121.51,4328
121.69,4327
121.96,4326
122.32,4325
122.50,4324
122.85,4323
123.38,4322
123.56,4321
123.82,4320
124.00,4319
124.71,4318
125.06,4317
125.51,4316
125.97,4315
126.24,4314
126.42,4313
126.59,4312
126.77,4311
126.95,4310
127.12,4309
127.39,4308
127.57,4307
127.74,4306
128.09,4305
128.71,4304
128.89,4303
129.52,4302
129.87,4301
130.05,4300
130.40,4299
130.67,4298
130.85,4297
131.21,4296
131.67,4295
131.85,4294
132.12,4293
132.31,4292
132.49,4291
132.67,4290
132.85,4289
133.31,4288
134.03,4287
134.21,4286
134.48,4285
134.65,4284
135.36,4283
135.89,4282
136.07,4281
136.25,4280
136.60,4279
136.95,4278
137.13,4277
138.02,4276
138.64,4275
138.91,4274
139.09,4273
139.27,4272
139.45,4271
139.63,4270
139.81,4269
140.53,4268
141.16,4267
141.34,4266
141.52,4265
141.70,4264
141.88,4263
142.15,4262
142.32,4261
142.50,4260
142.85,4259
143.04,4258
143.81,4257
144.00,4256
144.45,4255
144.72,4254
145.78,4253
145.96,4252
147.22,4251
147.94,4250
148.12,4249
148.47,4248
148.65,4247
148.83,4246
149.13,4245
149.39,4244
149.84,4243
150.11,4242
150.64,4241
150.91,4240
151.48,4239
151.78,4238
152.04,4237
152.40,4236
152.75,4235
153.28,4234
153.63,4233
153.89,4232
154.07,4231
154.25,4230
154.52,4229
154.96,4228
155.50,4227
155.67,4226
156.12,4225
156.39,4224
156.65,4223
156.92,4222
157.53,4221
157.71,4220
158.05,4219
158.68,4218
159.57,4217
159.75,4216
160.19,4215
160.37,4214
161.35,4213
161.53,4212
161.71,4211
162.07,4210
162.34,4209
162.61,4208
162.79,4207
162.97,4206
163.15,4205
163.50,4204
163.68,4203
163.86,4202
164.21,4201
165.08,4200
165.26,4199
165.52,4198
165.79,4197
166.23,4196
166.41,4195
166.77,4194
167.40,4193
167.84,4192
168.02,4191
168.19,4190
168.54,4189
169.33,4188
169.62,4187
170.33,4186
170.50,4185
170.85,4184
171.03,4183
171.30,4182
172.02,4181
172.46,4180
172.64,4179
172.90,4178
173.81,4177
173.99,4176
174.25,4175
174.43,4174
174.88,4173
175.24,4172
175.41,4171
176.07,4170
176.34,4169
176.61,4168
177.07,4167
177.36,4166
178.18,4165
178.54,4164
178.90,4163
179.22,4162
179.94,4161
180.12,4160
180.30,4159
180.83,4158
181.01,4157
181.45,4156
181.72,4155
181.99,4154
182.44,4153
183.07,4152
183.73,4151
184.44,4150
184.80,4149
184.98,4148
185.34,4147
185.51,4146
185.69,4145
186.04,4144
186.40,4143
187.11,4142
187.74,4141
188.09,4140
188.36,4139
188.63,4138
188.99,4137
189.26,4136
189.43,4135
189.61,4134
189.79,4133
190.32,4132
190.50,4131
190.94,4130
191.21,4129
191.83,4128
192.01,4127
192.19,4126
192.55,4125
192.73,4124
193.18,4123
193.71,4122
194.06,4121
194.34,4120
194.51,4119
195.13,4118
195.31,4117
195.93,4116
196.11,4115
196.82,4114
197.00,4113
197.54,4112
197.89,4111
198.16,4110
198.43,4109
199.42,4108
199.59,4107
199.77,4106
200.39,4105
200.66,4104
200.93,4103
201.10,4102
201.28,4101
201.46,4100
201.73,4099
202.17,4098
202.62,4097
203.33,4096
204.04,4095
204.66,4094
204.92,4093
205.10,4092
205.28,4091
205.63,4090
205.90,4089
206.34,4088
206.79,4087
207.06,4086
207.68,4085
208.04,4084
208.93,4083
209.19,4082
209.37,4081
209.73,4080
210.61,4079
211.23,4078
211.59,4077
211.86,4076
212.13,4075
212.40,4074
212.58,4073
212.75,4072
213.02,4071
213.38,4070
213.64,4069
213.82,4068
214.36,4067
214.62,4066
215.29,4065
215.82,4064
216.01,4063
216.36,4062
216.54,4061
216.80,4060
216.98,4059
217.25,4058
217.43,4057
217.61,4056
217.79,4055
218.15,4054
218.33,4053
218.51,4052
219.04,4051
219.22,4050
219.40,4049
219.66,4048
220.10,4047
220.88,4046
221.15,4045
221.33,4044
221.59,4043
221.86,4042
222.03,4041
222.39,4040
222.74,4039
222.92,4038
223.90,4037
224.08,4036
224.94,4035
225.21,4034
225.50,4033
225.69,4032
225.89,4031
226.15,4030
226.93,4029
227.54,4028
227.91,4027
228.18,4026
228.46,4025
229.00,4024
229.29,4023
229.46,4022
229.64,4021
229.81,4020
230.07,4019
230.86,4018
231.03,4017
232.10,4016
232.36,4015
232.54,4014
232.72,4013
233.16,4012
233.52,4011
234.41,4010
234.85,4009
235.02,4008
235.29,4007
235.46,4006
235.90,4005
236.52,4004
236.96,4003
237.14,4002
237.76,4001
238.83,4000
239.00,3999
239.26,3998
239.44,3997
239.79,3996
239.96,3995
240.40,3994
240.66,3993
241.01,3992
241.19,3991
241.37,3990
241.55,3989
241.73,3988
243.06,3987
243.59,3986
245.10,3985
245.64,3984
246.08,3983
247.14,3982
247.41,3981
247.58,3980
248.20,3979
249.18,3978
249.92,3977
250.49,3976
250.76,3975
250.94,3974
251.74,3973
252.00,3972
252.27,3971
252.53,3970
252.71,3969
252.97,3968
253.15,3967
253.86,3966
254.13,3965
254.66,3964
254.92,3963
255.19,3962
255.54,3961
255.98,3960
256.87,3959
257.14,3958
257.32,3957
257.67,3956
258.12,3955
258.39,3954
258.84,3953
259.11,3952
259.47,3951
259.74,3950
260.00,3949
260.18,3948
260.53,3947
262.79,3946
262.99,3945
263.27,3944
263.44,3943
263.62,3942
264.08,3941
264.62,3940
265.33,3939
265.60,3938
266.05,3937
266.32,3936
266.68,3935
267.21,3934
267.66,3933
268.73,3932
268.91,3931
269.49,3930
269.77,3929
270.76,3928
270.93,3927
271.29,3926
271.83,3925
272.46,3924
272.63,3923
273.71,3922
274.07,3921
274.24,3920
275.13,3919
275.40,3918
275.75,3917
276.02,3916
276.19,3915
276.37,3914
276.64,3913
277.17,3912
277.35,3911
277.79,3910
278.43,3909
279.15,3908
279.33,3907
279.51,3906
280.04,3905
280.59,3904
280.85,3903
282.00,3902
282.62,3901
282.89,3900
284.12,3899
284.66,3898
284.84,3897
285.20,3896
285.73,3895
286.01,3894
286.78,3893
286.95,3892
287.49,3891
287.68,3890
288.12,3889
289.10,3888
289.64,3887
289.99,3886
290.25,3885
291.13,3884
291.49,3883
293.53,3882
293.97,3881
294.24,3880
294.51,3879
294.86,3878
295.48,3877
295.74,3876
296.18,3875
296.45,3874
296.98,3873
297.17,3872
297.54,3871
298.25,3870
299.37,3869
300.50,3868
301.38,3867
301.56,3866
302.45,3865
302.71,3864
303.16,3863
303.60,3862
304.58,3861
304.93,3860
305.55,3859
306.18,3858
307.70,3857
308.74,3856
310.44,3855
310.61,3854
310.79,3853
310.97,3852
311.15,3851
311.94,3850
313.43,3849
314.67,3848
315.38,3847
316.07,3846
316.43,3845
316.95,3844
317.13,3843
317.30,3842
317.65,3841
317.91,3840
318.34,3839
318.52,3838
320.81,3837
320.99,3836
321.42,3835
321.73,3834
321.99,3833
322.26,3832
322.52,3831
323.22,3830
323.93,3829
324.29,3828
324.56,3827
325.00,3826
325.27,3825
325.62,3824
326.62,3823
326.98,3822
327.16,3821
327.86,3820
328.82,3819
329.36,3818
329.53,3817
329.97,3816
331.20,3815
331.83,3814
332.83,3813
333.53,3812
334.15,3811
334.42,3810
335.12,3809
335.81,3808
336.34,3807
336.69,3806
337.13,3805
337.31,3804
337.48,3803
337.66,3802
337.92,3801
338.10,3800
338.90,3799
339.34,3798
339.52,3797
339.95,3796
340.21,3795
340.64,3794
340.90,3793
341.24,3792
341.42,3791
341.77,3790
341.95,3789
342.64,3788
343.25,3787
343.86,3786
344.04,3785
344.30,3784
344.56,3783
345.79,3782
346.40,3781
347.19,3780
347.55,3779
347.73,3778
348.26,3777
348.61,3776
349.22,3775
349.83,3774
350.18,3773
350.87,3772
351.74,3771
352.36,3770
352.71,3769
353.06,3768
354.20,3767
354.90,3766
355.25,3765
355.52,3764
355.96,3763
356.23,3762
356.49,3761
356.75,3760
357.07,3759
357.34,3758
357.69,3757
358.04,3756
358.39,3755
358.65,3754
359.16,3753
359.77,3752
360.73,3751
361.43,3750
361.78,3749
362.40,3748
362.57,3747
362.93,3746
363.89,3745
365.04,3744
365.30,3743
365.56,3742
365.73,3741
366.26,3740
366.97,3739
367.58,3738
367.77,3737
368.12,3736
368.30,3735
369.00,3734
369.70,3733
370.87,3732
371.66,3731
372.81,3730
372.98,3729
373.16,3728
373.54,3727
375.29,3726
376.26,3725
377.14,3724
377.32,3723
377.49,3722
377.67,3721
378.28,3720
378.55,3719
379.34,3718
379.87,3717
380.74,3716
380.92,3715
381.09,3714
382.13,3713
382.30,3712
382.56,3711
383.08,3710
383.53,3709
383.70,3708
384.65,3707
384.82,3706
385.35,3705
385.52,3704
386.32,3703
388.67,3702
391.21,3701
392.32,3700
392.50,3699
393.19,3698
393.80,3697
394.49,3696
395.28,3695
395.72,3694
396.15,3693
396.67,3692
396.84,3691
397.78,3690
398.47,3689
398.64,3688
399.43,3687
399.86,3686
400.75,3685
402.16,3684
402.88,3683
403.59,3682
404.46,3681
404.73,3680
405.35,3679
406.66,3678
407.36,3677
407.80,3676
409.83,3675
410.27,3674
410.53,3673
411.49,3672
412.27,3671
412.70,3670
413.39,3669
414.00,3668
414.18,3667
414.44,3666
415.14,3665
415.58,3664
415.93,3663
416.11,3662
416.29,3661
416.47,3660
416.73,3659
416.91,3658
417.70,3657
417.87,3656
419.53,3655
420.32,3654
420.58,3653
421.38,3652
421.73,3651
421.90,3650
422.16,3649
423.89,3648
424.06,3647
424.32,3646
424.74,3645
425.17,3644
425.60,3643
425.86,3642
426.39,3641
426.56,3640
426.82,3639
428.22,3638
428.48,3637
428.73,3636
429.94,3635
430.89,3634
431.25,3633
431.77,3632
432.03,3631
432.90,3630
433.50,3629
434.09,3628
434.69,3627
435.03,3626
435.28,3625
435.54,3624
435.88,3623
436.40,3622
436.58,3621
436.84,3620
437.36,3619
438.69,3618
439.40,3617
441.27,3616
441.45,3615
442.39,3614
443.24,3613
443.58,3612
443.83,3611
444.09,3610
445.02,3609
445.96,3608
446.47,3607
447.15,3606
447.49,3605
448.26,3604
449.19,3603
449.45,3602
450.89,3601
451.23,3600
451.92,3599
452.76,3598
453.02,3597
453.79,3596
454.39,3595
454.82,3594
455.08,3593
455.53,3592
455.87,3591
456.21,3590
456.38,3589
456.64,3588
456.98,3587
457.57,3586
457.92,3585
459.04,3584
460.24,3583
461.34,3582
461.52,3581
462.42,3580
463.37,3579
463.62,3578
464.39,3577
464.90,3576
465.33,3575
466.18,3574
466.44,3573
467.49,3572
467.84,3571
468.18,3570
468.34,3569
468.85,3568
469.02,3567
469.72,3566
471.01,3565
471.81,3564
471.98,3563
472.15,3562
472.49,3561
472.75,3560
472.92,3559
473.10,3558
473.27,3557
473.79,3556
473.96,3555
474.48,3554
475.43,3553
476.19,3552
477.14,3551
477.40,3550
477.75,3549
479.04,3548
479.40,3547
479.57,3546
480.63,3545
482.20,3544
483.41,3543
485.13,3542
486.85,3541
487.29,3540
487.90,3539
488.68,3538
489.29,3537
491.83,3536
492.93,3535
494.47,3534
496.93,3533
497.62,3532
499.79,3531
500.82,3530
500.99,3529
501.71,3528
502.41,3527
502.86,3526
503.20,3525
503.99,3524
504.17,3523
504.85,3522
505.12,3521
505.64,3520
506.77,3519
