0.00,4629
0.18,4628
1.26,4627
1.52,4626
2.22,4625
2.48,4624
2.83,4623
3.20,4622
4.08,4621
5.57,4620
6.72,4619
7.07,4618
7.34,4617
7.79,4616
7.96,4615
8.23,4614
8.50,4613
8.68,4612
9.40,4611
9.58,4610
9.94,4609
10.12,4608
10.74,4607
10.92,4606
12.03,4605
12.31,4604
12.80,4603
13.35,4602
13.62,4601
13.98,4600
14.16,4599
14.52,4598
14.70,4597
14.88,4596
15.25,4595
15.60,4594
15.77,4593
15.95,4592
16.39,4591
17.10,4590
17.71,4589
18.06,4588
18.41,4587
19.22,4586
19.40,4585
19.67,4584
19.93,4583
20.56,4582
20.76,4581
21.22,4580
21.49,4579
21.94,4578
22.29,4577
22.56,4576
23.00,4575
23.18,4574
23.71,4573
23.89,4572
24.06,4571
24.41,4570
24.59,4569
24.85,4568
25.21,4567
25.48,4566
25.74,4565
25.92,4564
26.72,4563
26.90,4562
27.34,4561
27.69,4560
28.14,4559
28.58,4558
29.20,4557
29.73,4556
30.00,4555
30.18,4554
30.45,4553
30.90,4552
31.08,4551
31.64,4550
31.91,4549
32.26,4548
32.53,4547
32.79,4546
33.06,4545
33.24,4544
34.38,4543
34.56,4542
35.45,4541
35.63,4540
36.13,4539
36.40,4538
36.57,4537
36.75,4536
36.93,4535
37.11,4534
37.28,4533
37.55,4532
37.73,4531
38.08,4530
38.26,4529
38.61,4528
38.88,4527
39.06,4526
39.42,4525
39.60,4524
39.87,4523
40.05,4522
40.40,4521
40.67,4520
41.02,4519
41.20,4518
41.46,4517
42.17,4516
42.97,4515
43.14,4514
43.85,4513
44.20,4512
44.64,4511
44.90,4510
45.07,4509
45.35,4508
45.62,4507
46.25,4506
46.51,4505
46.69,4504
46.95,4503
47.12,4502
47.30,4501
47.73,4500
48.26,4499
48.44,4498
48.87,4497
49.05,4496
49.31,4495
50.45,4494
50.89,4493
51.07,4492
51.61,4491
51.79,4490
52.06,4489
52.42,4488
52.69,4487
53.23,4486
53.85,4485
54.03,4484
54.39,4483
54.83,4482
55.37,4481
55.55,4480
56.08,4479
56.86,4478
57.12,4477
57.75,4476
58.11,4475
58.28,4474
58.64,4473
59.18,4472
59.36,4471
59.53,4470
59.89,4469
60.06,4468
60.24,4467
60.60,4466
60.87,4465
61.23,4464
61.41,4463
61.59,4462
61.77,4461
62.03,4460
62.56,4459
62.82,4458
63.09,4457
63.27,4456
63.53,4455
63.98,4454
64.15,4453
64.51,4452
64.86,4451
65.22,4450
65.40,4449
65.58,4448
65.76,4447
65.94,4446
66.12,4445
66.30,4444
66.57,4443
66.84,4442
67.02,4441
67.46,4440
67.64,4439
68.08,4438
68.34,4437
69.40,4436
69.67,4435
70.39,4434
70.57,4433
70.83,4432
71.70,4431
71.88,4430
72.06,4429
72.51,4428
72.69,4427
72.96,4426
73.14,4425
73.32,4424
73.58,4423
73.76,4422
74.02,4421
74.37,4420
74.91,4419
75.27,4418
75.62,4417
76.25,4416
76.78,4415
76.96,4414
77.23,4413
77.41,4412
77.59,4411
77.86,4410
78.04,4409
78.21,4408
78.66,4407
78.92,4406
79.10,4405
79.36,4404
79.53,4403
79.79,4402
80.06,4401
80.23,4400
80.41,4399
81.20,4398
81.81,4397
82.07,4396
82.94,4395
83.29,4394
83.74,4393
84.27,4392
84.54,4391
84.72,4390
84.98,4389
85.16,4388
85.52,4387
86.42,4386
86.60,4385
87.49,4384
87.76,4383
88.20,4382
88.55,4381
88.73,4380
89.43,4379
89.79,4378
89.96,4377
90.14,4376
90.41,4375
90.68,4374
91.13,4373
91.31,4372
92.01,4371
92.19,4370
92.37,4369
93.07,4368
93.52,4367
93.89,4366
96.01,4365
96.19,4364
96.54,4363
96.89,4362
97.15,4361
97.41,4360
97.85,4359
98.37,4358
98.82,4357
99.26,4356
99.53,4355
99.80,4354
99.97,4353
100.24,4352
100.68,4351
101.21,4350
101.39,4349
101.57,4348
101.75,4347
102.19,4346
103.43,4345
103.69,4344
104.49,4343
104.93,4342
105.19,4341
105.57,4340
106.45,4339
107.05,4338
107.23,4337
107.59,4336
108.12,4335
108.39,4334
108.66,4333
108.83,4332
109.37,4331
109.81,4330
110.26,4329
110.44,4328
110.70,4327
111.05,4326
111.49,4325
111.75,4324
111.93,4323
112.11,4322
112.28,4321
112.63,4320
112.81,4319
113.07,4318
113.25,4317
113.61,4316
113.96,4315
114.40,4314
114.75,4313
115.19,4312
115.37,4311
115.64,4310
115.91,4309
116.25,4308
116.97,4307
117.41,4306
117.77,4305
118.30,4304
118.57,4303
118.93,4302
119.28,4301
120.63,4300
121.08,4299
121.69,4298
122.05,4297
122.40,4296
123.62,4295
123.80,4294
124.68,4293
125.29,4292
125.55,4291
125.73,4290
125.90,4289
126.07,4288
126.25,4287
126.52,4286
126.69,4285
127.05,4284
127.23,4283
127.41,4282
127.94,4281
128.92,4280
129.09,4279
129.35,4278
129.62,4277
129.88,4276
130.07,4275
130.26,4274
130.79,4273
130.97,4272
131.14,4271
131.59,4270
131.85,4269
132.12,4268
132.29,4267
132.46,4266
132.73,4265
133.16,4264
133.68,4263
133.86,4262
134.03,4261
134.21,4260
134.38,4259
135.17,4258
135.53,4257
135.88,4256
136.06,4255
136.41,4254
136.68,4253
136.85,4252
138.37,4251
139.07,4250
139.51,4249
139.68,4248
139.86,4247
140.03,4246
140.30,4245
141.36,4244
141.54,4243
141.88,4242
142.45,4241
143.07,4240
144.56,4239
144.74,4238
145.37,4237
145.81,4236
147.04,4235
147.22,4234
147.40,4233
147.75,4232
148.28,4231
148.46,4230
148.81,4229
149.07,4228
149.33,4227
149.50,4226
149.94,4225
150.11,4224
150.29,4223
150.46,4222
150.82,4221
151.08,4220
151.78,4219
152.31,4218
152.49,4217
152.66,4216
152.84,4215
153.45,4214
153.91,4213
154.55,4212
154.72,4211
154.90,4210
155.08,4209
155.26,4208
155.44,4207
155.62,4206
155.88,4205
156.24,4204
156.42,4203
156.59,4202
156.77,4201
157.13,4200
157.39,4199
157.74,4198
157.92,4197
158.54,4196
158.71,4195
159.68,4194
160.21,4193
160.38,4192
161.10,4191
161.54,4190
161.72,4189
161.99,4188
162.88,4187
163.50,4186
163.68,4185
163.85,4184
164.03,4183
164.72,4182
165.34,4181
165.52,4180
166.31,4179
167.11,4178
167.47,4177
168.00,4176
168.90,4175
169.87,4174
170.31,4173
170.84,4172
171.01,4171
171.37,4170
171.54,4169
172.15,4168
172.69,4167
173.04,4166
173.31,4165
173.49,4164
173.67,4163
173.94,4162
174.65,4161
174.83,4160
175.45,4159
175.62,4158
175.97,4157
176.32,4156
176.50,4155
177.03,4154
177.30,4153
177.66,4152
177.98,4151
178.16,4150
178.43,4149
178.78,4148
178.96,4147
179.14,4146
179.76,4145
180.11,4144
180.29,4143
180.55,4142
180.72,4141
181.78,4140
181.95,4139
182.31,4138
182.49,4137
183.02,4136
183.28,4135
183.98,4134
184.16,4133
184.33,4132
184.86,4131
185.65,4130
185.82,4129
186.18,4128
186.44,4127
187.50,4126
187.77,4125
187.95,4124
188.12,4123
188.48,4122
188.82,4121
189.08,4120
190.04,4119
190.21,4118
190.39,4117
190.66,4116
191.10,4115
191.37,4114
192.69,4113
193.13,4112
193.31,4111
193.50,4110
193.96,4109
194.14,4108
194.32,4107
194.58,4106
194.75,4105
195.10,4104
195.70,4103
196.05,4102
196.32,4101
196.50,4100
196.67,4099
197.20,4098
197.55,4097
197.72,4096
197.90,4095
198.09,4094
198.28,4093
198.46,4092
198.81,4091
199.25,4090
199.60,4089
199.87,4088
200.22,4087
200.48,4086
200.92,4085
201.28,4084
201.45,4083
201.62,4082
202.06,4081
202.41,4080
202.76,4079
202.94,4078
203.21,4077
203.38,4076
204.00,4075
204.18,4074
204.71,4073
204.98,4072
205.15,4071
205.33,4070
205.51,4069
206.04,4068
206.31,4067
206.66,4066
206.84,4065
207.28,4064
207.63,4063
207.80,4062
208.95,4061
209.41,4060
209.59,4059
210.20,4058
210.37,4057
211.16,4056
211.42,4055
212.03,4054
212.29,4053
212.55,4052
213.14,4051
213.86,4050
214.39,4049
214.57,4048
215.01,4047
215.54,4046
216.78,4045
217.05,4044
217.31,4043
218.19,4042
218.55,4041
218.73,4040
219.17,4039
219.35,4038
219.61,4037
219.88,4036
220.14,4035
220.32,4034
220.77,4033
221.84,4032
223.28,4031
223.55,4030
224.16,4029
224.33,4028
224.51,4027
224.86,4026
225.03,4025
225.38,4024
225.56,4023
225.82,4022
226.08,4021
226.35,4020
226.62,4019
226.88,4018
227.06,4017
227.24,4016
228.03,4015
228.30,4014
228.68,4013
229.03,4012
229.38,4011
229.56,4010
230.44,4009
230.88,4008
231.06,4007
231.33,4006
231.77,4005
232.84,4004
233.11,4003
233.28,4002
233.46,4001
234.00,4000
234.18,3999
234.35,3998
234.62,3997
234.97,3996
235.15,3995
235.33,3994
235.51,3993
236.23,3992
237.39,3991
237.75,3990
238.29,3989
238.92,3988
239.53,3987
239.79,3986
240.23,3985
240.49,3984
240.66,3983
240.93,3982
241.54,3981
241.72,3980
242.27,3979
242.98,3978
243.18,3977
243.35,3976
243.88,3975
244.67,3974
244.93,3973
245.64,3972
245.82,3971
246.35,3970
247.05,3969
248.38,3968
248.88,3967
249.62,3966
249.88,3965
250.06,3964
250.32,3963
250.50,3962
250.76,3961
250.94,3960
251.11,3959
251.29,3958
251.81,3957
251.98,3956
252.94,3955
253.46,3954
254.09,3953
254.53,3952
254.80,3951
255.34,3950
255.51,3949
255.78,3948
256.31,3947
256.74,3946
257.61,3945
258.14,3944
258.33,3943
258.71,3942
258.98,3941
259.76,3940
260.82,3939
261.27,3938
262.07,3937
262.51,3936
262.77,3935
264.19,3934
265.43,3933
265.86,3932
266.13,3931
266.48,3930
266.75,3929
267.19,3928
267.36,3927
267.71,3926
267.89,3925
268.33,3924
268.59,3923
268.76,3922
269.11,3921
270.26,3920
270.62,3919
270.80,3918
270.97,3917
271.76,3916
272.02,3915
272.98,3914
273.43,3913
274.06,3912
274.32,3911
274.50,3910
275.65,3909
276.46,3908
277.41,3907
277.59,3906
277.93,3905
278.65,3904
279.08,3903
279.35,3902
279.70,3901
279.88,3900
280.49,3899
280.76,3898
281.37,3897
281.98,3896
282.24,3895
282.42,3894
283.20,3893
283.46,3892
284.94,3891
285.65,3890
286.10,3889
286.28,3888
286.64,3887
287.00,3886
288.48,3885
288.66,3884
288.92,3883
289.74,3882
290.37,3881
290.72,3880
291.24,3879
291.76,3878
291.94,3877
292.46,3876
292.63,3875
292.98,3874
293.33,3873
294.40,3872
295.27,3871
295.72,3870
296.16,3869
296.34,3868
297.04,3867
297.49,3866
298.29,3865
298.73,3864
299.26,3863
299.62,3862
301.11,3861
301.38,3860
301.83,3859
302.45,3858
303.68,3857
304.29,3856
305.43,3855
305.86,3854
306.13,3853
306.39,3852
307.27,3851
307.71,3850
308.06,3849
309.91,3848
310.62,3847
310.88,3846
311.67,3845
312.81,3844
313.07,3843
313.86,3842
315.34,3841
315.87,3840
316.49,3839
317.02,3838
317.28,3837
318.62,3836
319.25,3835
319.73,3834
320.09,3833
320.36,3832
321.05,3831
322.37,3830
322.72,3829
323.44,3828
323.72,3827
323.89,3826
324.59,3825
324.76,3824
324.93,3823
325.28,3822
326.06,3821
326.24,3820
326.50,3819
326.67,3818
326.93,3817
327.53,3816
327.79,3815
328.30,3814
328.48,3813
328.73,3812
329.17,3811
329.42,3810
330.28,3809
330.80,3808
330.98,3807
332.39,3806
332.66,3805
335.55,3804
336.41,3803
336.59,3802
337.19,3801
337.36,3800
337.62,3799
337.96,3798
338.14,3797
338.31,3796
339.09,3795
339.44,3794
339.71,3793
341.36,3792
341.70,3791
341.87,3790
342.56,3789
342.73,3788
343.07,3787
343.33,3786
343.84,3785
344.18,3784
344.44,3783
344.61,3782
344.78,3781
344.95,3780
345.12,3779
345.38,3778
345.55,3777
345.72,3776
346.07,3775
346.67,3774
347.10,3773
347.36,3772
347.71,3771
347.97,3770
348.22,3769
348.60,3768
348.77,3767
349.47,3766
349.65,3765
350.36,3764
350.87,3763
351.04,3762
351.39,3761
351.90,3760
352.08,3759
352.33,3758
352.94,3757
353.11,3756
353.28,3755
353.55,3754
354.01,3753
354.20,3752
354.54,3751
354.90,3750
355.16,3749
355.34,3748
356.48,3747
356.65,3746
356.82,3745
357.69,3744
358.03,3743
358.46,3742
358.90,3741
359.25,3740
359.68,3739
360.03,3738
360.46,3737
360.81,3736
361.25,3735
361.42,3734
362.22,3733
362.84,3732
363.46,3731
364.51,3730
364.86,3729
365.04,3728
365.48,3727
365.83,3726
366.45,3725
366.63,3724
366.80,3723
367.32,3722
367.67,3721
367.84,3720
368.27,3719
368.45,3718
368.88,3717
369.85,3716
370.11,3715
370.29,3714
370.90,3713
371.52,3712
372.05,3711
372.50,3710
373.29,3709
374.50,3708
375.88,3707
376.14,3706
376.66,3705
378.40,3704
379.39,3703
379.73,3702
379.91,3701
381.21,3700
381.55,3699
382.76,3698
383.01,3697
383.44,3696
383.71,3695
384.32,3694
384.67,3693
384.95,3692
385.64,3691
385.90,3690
386.08,3689
386.78,3688
388.08,3687
389.12,3686
389.60,3685
389.86,3684
390.03,3683
391.16,3682
392.12,3681
392.30,3680
393.09,3679
393.35,3678
393.97,3677
394.93,3676
395.45,3675
396.49,3674
397.61,3673
397.78,3672
398.30,3671
400.01,3670
400.27,3669
401.14,3668
401.66,3667
401.92,3666
403.24,3665
403.50,3664
405.14,3663
406.18,3662
406.43,3661
406.87,3660
407.23,3659
408.17,3658
408.35,3657
408.86,3656
409.74,3655
410.26,3654
410.70,3653
411.04,3652
411.30,3651
411.47,3650
413.05,3649
413.31,3648
413.49,3647
413.84,3646
414.79,3645
415.13,3644
415.66,3643
415.92,3642
416.35,3641
416.61,3640
417.39,3639
418.25,3638
418.51,3637
418.94,3636
419.36,3635
419.53,3634
420.05,3633
420.65,3632
421.16,3631
421.33,3630
421.50,3629
422.03,3628
422.55,3627
422.81,3626
422.98,3625
423.33,3624
423.85,3623
424.02,3622
424.25,3621
424.59,3620
424.85,3619
425.10,3618
426.23,3617
426.92,3616
427.09,3615
427.44,3614
427.70,3613
428.31,3612
428.66,3611
428.93,3610
429.11,3609
429.30,3608
430.25,3607
430.51,3606
431.46,3605
431.81,3604
432.25,3603
432.60,3602
433.47,3601
435.03,3600
435.55,3599
435.72,3598
436.42,3597
438.17,3596
438.36,3595
439.39,3594
441.04,3593
441.48,3592
442.00,3591
442.25,3590
442.77,3589
443.38,3588
444.50,3587
445.10,3586
445.44,3585
445.70,3584
446.55,3583
447.50,3582
448.53,3581
448.87,3580
449.47,3579
449.89,3578
450.14,3577
450.58,3576
450.83,3575
451.75,3574
452.10,3573
452.71,3572
452.88,3571
454.72,3570
456.50,3569
456.68,3568
456.85,3567
457.89,3566
458.41,3565
458.76,3564
458.98,3563
459.33,3562
459.84,3561
460.02,3560
460.28,3559
460.62,3558
460.78,3557
461.30,3556
462.07,3555
462.24,3554
462.50,3553
463.10,3552
463.70,3551
463.96,3550
464.13,3549
465.68,3548
465.85,3547
466.03,3546
466.37,3545
467.41,3544
467.75,3543
468.18,3542
468.79,3541
469.21,3540
474.76,3539
475.02,3538
475.27,3537
475.44,3536
476.04,3535
476.96,3534
478.24,3533
478.41,3532
480.14,3531
481.48,3530
483.00,3529
483.33,3528
484.09,3527
485.45,3526
487.05,3525
487.55,3524
488.56,3523
489.16,3522
489.84,3521
490.01,3520
490.44,3519
490.69,3518
491.11,3517
491.44,3516
491.78,3515
492.12,3514
493.37,3513
493.81,3512
494.08,3511
495.58,3510
497.52,3509
497.78,3508
497.96,3507
498.93,3506
499.69,3505
500.03,3504
