0.00,4550
0.63,4549
1.36,4548
1.62,4547
2.49,4546
2.84,4545
3.83,4544
4.51,4543
4.78,4542
5.50,4541
6.31,4540
6.49,4539
7.04,4538
7.49,4537
7.85,4536
8.21,4535
8.39,4534
8.57,4533
8.75,4532
8.93,4531
9.20,4530
9.46,4529
10.53,4528
11.25,4527
13.07,4526
13.47,4525
13.77,4524
14.04,4523
14.59,4522
14.77,4521
15.59,4520
15.86,4519
16.40,4518
16.68,4517
16.86,4516
17.14,4515
17.42,4514
17.60,4513
17.78,4512
18.15,4511
18.43,4510
18.61,4509
18.79,4508
18.98,4507
19.16,4506
19.72,4505
19.90,4504
20.18,4503
20.46,4502
20.73,4501
20.91,4500
21.10,4499
21.37,4498
21.73,4497
22.00,4496
22.27,4495
22.55,4494
22.73,4493
22.91,4492
23.18,4491
23.64,4490
23.82,4489
24.10,4488
25.11,4487
25.75,4486
26.11,4485
26.47,4484
26.83,4483
27.10,4482
27.47,4481
27.74,4480
28.66,4479
28.93,4478
29.29,4477
29.84,4476
30.02,4475
30.20,4474
30.56,4473
31.20,4472
31.75,4471
32.21,4470
32.58,4469
32.94,4468
33.49,4467
33.67,4466
34.03,4465
34.77,4464
35.24,4463
35.53,4462
35.71,4461
35.89,4460
36.08,4459
36.58,4458
36.77,4457
36.95,4456
37.49,4455
37.86,4454
38.13,4453
38.85,4452
39.03,4451
39.47,4450
39.65,4449
40.29,4448
40.48,4447
41.29,4446
41.92,4445
42.63,4444
42.99,4443
43.36,4442
43.81,4441
44.08,4440
44.83,4439
45.54,4438
45.99,4437
46.17,4436
46.53,4435
46.89,4434
47.07,4433
47.43,4432
47.61,4431
47.79,4430
48.06,4429
48.33,4428
48.51,4427
49.62,4426
49.89,4425
50.43,4424
50.61,4423
50.89,4422
51.44,4421
52.35,4420
52.72,4419
52.90,4418
53.36,4417
53.54,4416
53.81,4415
54.26,4414
54.44,4413
55.25,4412
55.80,4411
55.98,4410
56.43,4409
56.98,4408
57.43,4407
58.42,4406
58.78,4405
59.14,4404
59.40,4403
60.03,4402
60.21,4401
60.48,4400
60.75,4399
61.03,4398
61.21,4397
61.48,4396
62.12,4395
62.48,4394
62.66,4393
62.85,4392
63.12,4391
63.30,4390
63.83,4389
64.10,4388
64.36,4387
64.55,4386
64.99,4385
65.17,4384
65.35,4383
65.62,4382
65.89,4381
66.07,4380
66.26,4379
66.43,4378
66.61,4377
66.79,4376
66.97,4375
67.15,4374
67.52,4373
67.88,4372
68.15,4371
69.14,4370
69.42,4369
69.87,4368
70.32,4367
70.68,4366
71.40,4365
71.76,4364
72.03,4363
73.27,4362
73.72,4361
73.90,4360
74.44,4359
75.07,4358
75.44,4357
75.62,4356
75.80,4355
76.17,4354
78.07,4353
78.25,4352
78.43,4351
78.62,4350
78.89,4349
79.16,4348
79.43,4347
79.60,4346
79.88,4345
80.06,4344
80.33,4343
81.41,4342
81.68,4341
82.85,4340
83.21,4339
83.48,4338
84.55,4337
84.99,4336
85.52,4335
85.88,4334
86.70,4333
86.97,4332
87.42,4331
87.96,4330
88.23,4329
88.41,4328
88.77,4327
89.49,4326
90.04,4325
90.23,4324
90.86,4323
91.05,4322
91.23,4321
91.41,4320
91.77,4319
92.14,4318
92.32,4317
92.68,4316
93.05,4315
93.69,4314
94.51,4313
94.69,4312
94.97,4311
95.15,4310
95.42,4309
95.60,4308
95.78,4307
96.06,4306
96.51,4305
97.33,4304
97.51,4303
97.97,4302
98.15,4301
98.97,4300
99.34,4299
99.52,4298
99.80,4297
100.16,4296
100.53,4295
100.98,4294
101.44,4293
101.90,4292
102.45,4291
102.81,4290
103.08,4289
103.35,4288
103.71,4287
103.89,4286
104.34,4285
104.52,4284
104.88,4283
105.06,4282
105.33,4281
105.51,4280
105.79,4279
106.07,4278
106.46,4277
106.65,4276
106.85,4275
107.12,4274
107.75,4273
107.93,4272
108.21,4271
108.84,4270
109.06,4269
109.42,4268
109.60,4267
110.25,4266
110.53,4265
111.00,4264
111.27,4263
111.73,4262
112.21,4261
112.95,4260
113.13,4259
113.39,4258
113.84,4257
114.38,4256
114.92,4255
115.10,4254
115.64,4253
115.91,4252
116.09,4251
116.45,4250
116.81,4249
117.35,4248
117.82,4247
118.18,4246
118.64,4245
118.91,4244
119.18,4243
119.45,4242
120.08,4241
120.26,4240
120.44,4239
120.89,4238
121.07,4237
121.80,4236
122.53,4235
122.98,4234
123.26,4233
123.45,4232
123.73,4231
123.92,4230
124.10,4229
124.36,4228
124.63,4227
125.08,4226
125.26,4225
125.62,4224
126.07,4223
126.25,4222
126.43,4221
127.38,4220
128.20,4219
128.47,4218
128.83,4217
129.38,4216
129.75,4215
130.11,4214
130.48,4213
131.02,4212
131.20,4211
131.38,4210
131.65,4209
131.92,4208
132.10,4207
132.28,4206
132.65,4205
133.11,4204
133.29,4203
133.65,4202
134.48,4201
134.84,4200
135.02,4199
135.39,4198
135.57,4197
135.93,4196
136.84,4195
137.03,4194
137.56,4193
137.83,4192
138.47,4191
139.11,4190
139.29,4189
139.83,4188
140.09,4187
140.36,4186
140.54,4185
141.17,4184
141.35,4183
141.62,4182
141.98,4181
142.34,4180
142.70,4179
143.23,4178
143.42,4177
143.69,4176
144.06,4175
144.32,4174
144.68,4173
144.95,4172
145.85,4171
146.05,4170
146.25,4169
146.45,4168
147.46,4167
147.64,4166
147.83,4165
148.01,4164
148.18,4163
149.34,4162
149.70,4161
150.33,4160
150.60,4159
150.78,4158
151.05,4157
151.23,4156
152.59,4155
153.13,4154
153.49,4153
153.67,4152
153.94,4151
154.95,4150
155.32,4149
155.50,4148
156.12,4147
156.30,4146
156.48,4145
157.55,4144
158.09,4143
158.63,4142
158.81,4141
158.98,4140
159.16,4139
159.43,4138
159.70,4137
159.88,4136
160.87,4135
161.05,4134
161.42,4133
161.60,4132
162.23,4131
162.78,4130
163.04,4129
163.22,4128
163.85,4127
164.56,4126
164.74,4125
165.02,4124
165.29,4123
165.74,4122
166.01,4121
167.53,4120
168.55,4119
169.26,4118
169.71,4117
169.97,4116
170.33,4115
170.51,4114
170.88,4113
171.06,4112
171.86,4111
172.04,4110
172.59,4109
173.24,4108
173.70,4107
174.06,4106
174.33,4105
174.78,4104
174.96,4103
175.41,4102
175.69,4101
176.41,4100
176.68,4099
177.03,4098
177.39,4097
177.66,4096
178.39,4095
178.67,4094
179.21,4093
179.49,4092
179.85,4091
180.03,4090
180.22,4089
180.48,4088
180.75,4087
180.93,4086
181.80,4085
183.09,4084
183.27,4083
183.63,4082
183.90,4081
184.08,4080
184.99,4079
185.53,4078
186.07,4077
186.25,4076
186.87,4075
187.32,4074
187.95,4073
188.23,4072
188.41,4071
189.13,4070
189.58,4069
191.20,4068
191.38,4067
191.56,4066
191.84,4065
192.11,4064
192.29,4063
192.65,4062
193.29,4061
193.47,4060
193.93,4059
194.20,4058
194.47,4057
195.02,4056
195.20,4055
195.38,4054
195.93,4053
196.20,4052
197.01,4051
197.92,4050
198.46,4049
198.92,4048
199.29,4047
199.57,4046
200.12,4045
200.30,4044
200.93,4043
201.20,4042
201.76,4041
202.21,4040
202.66,4039
203.03,4038
203.30,4037
203.48,4036
203.66,4035
203.84,4034
204.02,4033
204.20,4032
204.56,4031
204.74,4030
205.01,4029
205.29,4028
205.56,4027
205.74,4026
206.73,4025
206.92,4024
207.38,4023
207.75,4022
208.11,4021
208.56,4020
208.74,4019
208.92,4018
209.28,4017
209.46,4016
209.64,4015
210.63,4014
210.90,4013
211.35,4012
211.71,4011
211.98,4010
212.25,4009
212.88,4008
213.23,4007
213.41,4006
213.60,4005
213.78,4004
214.61,4003
214.79,4002
215.25,4001
216.42,4000
217.71,3999
217.89,3998
218.22,3997
218.49,3996
219.21,3995
219.39,3994
219.57,3993
219.75,3992
220.41,3991
220.68,3990
220.86,3989
221.21,3988
221.39,3987
221.66,3986
221.93,3985
222.37,3984
222.82,3983
223.00,3982
223.36,3981
223.54,3980
224.43,3979
224.79,3978
225.25,3977
225.52,3976
225.79,3975
225.97,3974
226.15,3973
226.51,3972
226.78,3971
227.72,3970
228.08,3969
228.37,3968
228.55,3967
229.55,3966
229.74,3965
230.10,3964
230.64,3963
231.19,3962
231.82,3961
232.09,3960
232.98,3959
233.34,3958
233.52,3957
233.70,3956
234.33,3955
234.78,3954
235.85,3953
236.21,3952
236.57,3951
236.83,3950
237.19,3949
237.46,3948
238.08,3947
238.44,3946
238.98,3945
239.42,3944
240.04,3943
241.12,3942
241.38,3941
241.56,3940
241.74,3939
241.92,3938
242.29,3937
242.47,3936
242.74,3935
243.20,3934
243.47,3933
244.10,3932
244.46,3931
244.64,3930
245.10,3929
245.46,3928
245.81,3927
246.17,3926
246.71,3925
247.06,3924
247.87,3923
249.85,3922
250.03,3921
250.57,3920
251.37,3919
252.00,3918
252.63,3917
254.13,3916
254.50,3915
254.68,3914
255.86,3913
256.75,3912
257.29,3911
257.46,3910
257.90,3909
258.64,3908
259.17,3907
259.35,3906
259.62,3905
259.97,3904
260.51,3903
260.86,3902
261.23,3901
261.49,3900
261.76,3899
262.12,3898
262.39,3897
263.46,3896
264.26,3895
264.44,3894
264.80,3893
265.87,3892
266.14,3891
266.76,3890
266.94,3889
267.65,3888
268.18,3887
269.07,3886
269.34,3885
269.52,3884
269.88,3883
270.60,3882
272.29,3881
273.27,3880
274.52,3879
274.70,3878
275.41,3877
275.59,3876
276.04,3875
276.41,3874
276.68,3873
276.95,3872
277.22,3871
277.93,3870
278.64,3869
279.01,3868
279.28,3867
280.63,3866
280.90,3865
281.25,3864
282.96,3863
284.68,3862
285.03,3861
285.30,3860
286.01,3859
286.46,3858
286.99,3857
287.34,3856
288.50,3855
289.03,3854
289.39,3853
290.18,3852
290.62,3851
291.33,3850
291.77,3849
291.95,3848
292.31,3847
293.21,3846
294.37,3845
295.46,3844
295.64,3843
296.26,3842
296.62,3841
297.07,3840
298.15,3839
298.33,3838
299.87,3837
301.31,3836
302.77,3835
303.40,3834
304.93,3833
305.56,3832
305.83,3831
306.66,3830
306.93,3829
307.37,3828
307.73,3827
308.89,3826
309.33,3825
309.77,3824
309.95,3823
310.31,3822
310.84,3821
311.28,3820
311.90,3819
312.08,3818
312.44,3817
312.80,3816
312.97,3815
313.15,3814
313.60,3813
313.77,3812
313.95,3811
314.22,3810
314.84,3809
315.01,3808
315.73,3807
316.17,3806
317.15,3805
317.77,3804
318.13,3803
318.49,3802
319.55,3801
320.27,3800
322.29,3799
322.73,3798
323.00,3797
323.98,3796
324.51,3795
325.13,3794
325.31,3793
325.49,3792
325.67,3791
326.70,3790
326.97,3789
327.42,3788
327.95,3787
328.13,3786
329.21,3785
329.39,3784
329.57,3783
329.93,3782
330.65,3781
330.83,3780
331.18,3779
331.71,3778
332.86,3777
334.22,3776
334.39,3775
335.19,3774
335.81,3773
336.08,3772
336.34,3771
336.52,3770
337.94,3769
339.47,3768
340.19,3767
340.55,3766
341.35,3765
341.79,3764
342.06,3763
344.28,3762
344.46,3761
344.63,3760
344.81,3759
344.99,3758
345.70,3757
345.88,3756
346.59,3755
347.49,3754
348.10,3753
348.99,3752
349.25,3751
349.70,3750
349.97,3749
350.14,3748
351.30,3747
352.46,3746
352.64,3745
352.99,3744
353.35,3743
353.79,3742
354.59,3741
355.93,3740
356.19,3739
356.81,3738
357.52,3737
358.76,3736
359.03,3735
360.02,3734
360.56,3733
360.92,3732
361.46,3731
361.87,3730
362.04,3729
362.40,3728
363.02,3727
363.37,3726
364.44,3725
364.97,3724
365.24,3723
366.42,3722
366.78,3721
366.96,3720
367.14,3719
367.50,3718
368.94,3717
369.39,3716
369.93,3715
370.19,3714
370.99,3713
371.44,3712
372.33,3711
372.51,3710
373.23,3709
375.01,3708
375.19,3707
375.46,3706
375.64,3705
376.98,3704
377.43,3703
377.88,3702
378.69,3701
378.87,3700
379.41,3699
380.13,3698
381.02,3697
381.82,3696
382.17,3695
382.70,3694
382.88,3693
383.14,3692
383.40,3691
384.20,3690
384.47,3689
384.64,3688
385.26,3687
385.62,3686
386.41,3685
387.22,3684
387.85,3683
388.03,3682
388.30,3681
388.66,3680
389.63,3679
389.81,3678
390.97,3677
392.06,3676
392.77,3675
393.12,3674
394.11,3673
395.53,3672
396.33,3671
397.89,3670
399.84,3669
400.10,3668
400.37,3667
400.54,3666
401.07,3665
402.05,3664
402.40,3663
403.30,3662
405.33,3661
405.60,3660
406.86,3659
407.31,3658
407.76,3657
408.39,3656
408.92,3655
409.19,3654
409.37,3653
409.64,3652
410.17,3651
410.45,3650
410.99,3649
411.17,3648
411.73,3647
413.24,3646
413.95,3645
414.56,3644
414.92,3643
415.18,3642
415.62,3641
415.97,3640
416.42,3639
416.60,3638
417.49,3637
419.64,3636
420.26,3635
420.79,3634
420.97,3633
421.76,3632
421.94,3631
422.38,3630
422.82,3629
423.17,3628
423.90,3627
424.60,3626
425.39,3625
425.66,3624
426.02,3623
426.19,3622
426.82,3621
428.53,3620
428.88,3619
429.42,3618
429.78,3617
431.58,3616
432.66,3615
433.23,3614
434.73,3613
436.57,3612
437.27,3611
437.62,3610
438.75,3609
439.88,3608
440.57,3607
441.01,3606
441.53,3605
442.49,3604
442.84,3603
443.99,3602
444.78,3601
446.63,3600
447.76,3599
449.33,3598
450.45,3597
450.72,3596
450.98,3595
451.85,3594
453.61,3593
455.61,3592
456.21,3591
456.65,3590
457.35,3589
457.79,3588
458.58,3587
458.76,3586
458.93,3585
459.10,3584
459.79,3583
460.92,3582
461.09,3581
462.04,3580
462.39,3579
462.91,3578
463.44,3577
463.70,3576
463.87,3575
464.74,3574
465.52,3573
465.78,3572
466.48,3571
468.35,3570
469.15,3569
472.06,3568
472.23,3567
474.42,3566
475.90,3565
476.17,3564
476.95,3563
479.33,3562
480.65,3561
481.00,3560
482.21,3559
482.56,3558
483.34,3557
484.12,3556
487.69,3555
488.48,3554
489.75,3553
489.92,3552
