0.00,4645
0.46,4644
0.72,4643
1.07,4642
1.24,4641
1.76,4640
3.08,4639
3.77,4638
4.21,4637
4.47,4636
4.65,4635
4.83,4634
5.36,4633
6.35,4632
6.70,4631
7.23,4630
7.93,4629
8.12,4628
8.40,4627
8.85,4626
9.03,4625
9.21,4624
9.38,4623
9.91,4622
10.26,4621
10.44,4620
10.61,4619
10.87,4618
11.05,4617
11.49,4616
11.84,4615
13.08,4614
13.25,4613
14.41,4612
14.68,4611
14.95,4610
15.41,4609
15.59,4608
15.95,4607
16.12,4606
16.83,4605
17.01,4604
17.19,4603
17.36,4602
17.63,4601
17.89,4600
18.27,4599
18.92,4598
19.63,4597
21.64,4596
22.09,4595
22.26,4594
22.88,4593
23.32,4592
23.59,4591
23.94,4590
24.30,4589
24.48,4588
24.67,4587
24.85,4586
25.48,4585
25.83,4584
26.63,4583
27.25,4582
27.42,4581
27.78,4580
28.04,4579
28.40,4578
28.73,4577
28.91,4576
29.27,4575
29.54,4574
29.90,4573
30.53,4572
30.71,4571
31.43,4570
31.70,4569
31.89,4568
32.07,4567
32.43,4566
33.15,4565
33.33,4564
33.51,4563
33.69,4562
34.05,4561
34.41,4560
34.68,4559
35.04,4558
35.31,4557
35.67,4556
35.85,4555
36.03,4554
36.38,4553
36.58,4552
37.31,4551
37.58,4550
37.75,4549
38.37,4548
38.74,4547
39.64,4546
40.00,4545
40.18,4544
40.36,4543
40.63,4542
40.81,4541
41.39,4540
41.65,4539
41.83,4538
42.18,4537
42.54,4536
42.81,4535
43.44,4534
43.63,4533
43.99,4532
44.17,4531
44.80,4530
45.78,4529
46.40,4528
46.58,4527
46.76,4526
46.93,4525
47.11,4524
47.29,4523
47.56,4522
47.73,4521
48.09,4520
48.71,4519
48.88,4518
49.50,4517
49.86,4516
50.40,4515
50.58,4514
51.03,4513
51.75,4512
52.10,4511
52.38,4510
52.75,4509
53.64,4508
53.82,4507
54.27,4506
54.53,4505
54.72,4504
55.08,4503
55.34,4502
55.79,4501
55.96,4500
56.32,4499
57.14,4498
57.62,4497
58.15,4496
58.33,4495
58.50,4494
59.13,4493
59.58,4492
59.94,4491
60.12,4490
60.30,4489
60.83,4488
61.10,4487
61.71,4486
61.98,4485
62.15,4484
62.50,4483
62.77,4482
62.95,4481
63.13,4480
63.40,4479
63.58,4478
63.76,4477
64.31,4476
64.62,4475
64.81,4474
65.08,4473
65.26,4472
65.71,4471
65.89,4470
66.16,4469
66.43,4468
67.23,4467
67.68,4466
67.95,4465
69.90,4464
70.26,4463
70.80,4462
71.07,4461
71.43,4460
71.70,4459
72.06,4458
72.59,4457
73.03,4456
73.40,4455
73.58,4454
73.76,4453
74.03,4452
74.47,4451
74.83,4450
75.29,4449
75.65,4448
76.01,4447
76.27,4446
76.63,4445
76.89,4444
77.77,4443
78.75,4442
78.93,4441
79.38,4440
79.75,4439
80.10,4438
80.45,4437
81.88,4436
82.32,4435
82.95,4434
83.40,4433
84.20,4432
84.38,4431
84.65,4430
85.09,4429
85.35,4428
85.53,4427
85.79,4426
86.60,4425
87.13,4424
87.39,4423
87.57,4422
87.84,4421
88.01,4420
88.28,4419
88.46,4418
88.63,4417
88.99,4416
89.34,4415
89.52,4414
90.23,4413
90.50,4412
90.95,4411
91.49,4410
91.76,4409
91.94,4408
92.78,4407
93.04,4406
93.22,4405
93.39,4404
93.92,4403
94.18,4402
94.54,4401
94.72,4400
95.08,4399
95.26,4398
95.97,4397
96.15,4396
96.50,4395
97.13,4394
97.67,4393
98.11,4392
98.65,4391
99.54,4390
99.90,4389
100.08,4388
100.58,4387
101.02,4386
101.64,4385
101.91,4384
102.18,4383
102.45,4382
102.63,4381
102.82,4380
103.09,4379
103.45,4378
103.72,4377
103.90,4376
104.17,4375
104.62,4374
104.80,4373
105.07,4372
105.34,4371
105.61,4370
105.88,4369
106.33,4368
106.68,4367
107.13,4366
107.31,4365
107.49,4364
107.75,4363
107.93,4362
108.11,4361
108.56,4360
108.83,4359
109.28,4358
109.46,4357
109.64,4356
110.17,4355
110.34,4354
110.61,4353
111.05,4352
111.75,4351
112.18,4350
112.53,4349
112.99,4348
113.44,4347
113.97,4346
114.24,4345
114.51,4344
114.69,4343
115.30,4342
115.48,4341
115.66,4340
116.09,4339
116.27,4338
116.44,4337
117.23,4336
117.49,4335
118.02,4334
118.28,4333
118.54,4332
118.89,4331
119.24,4330
119.50,4329
119.68,4328
120.73,4327
121.69,4326
123.26,4325
123.44,4324
123.79,4323
124.14,4322
124.75,4321
125.38,4320
125.56,4319
125.74,4318
126.28,4317
127.00,4316
127.35,4315
127.53,4314
127.92,4313
128.10,4312
128.54,4311
129.16,4310
129.43,4309
129.61,4308
129.89,4307
130.06,4306
130.61,4305
130.78,4304
130.96,4303
131.50,4302
131.67,4301
132.72,4300
132.90,4299
133.25,4298
133.69,4297
134.56,4296
134.91,4295
135.18,4294
135.54,4293
136.32,4292
136.58,4291
136.76,4290
136.94,4289
137.20,4288
137.74,4287
137.91,4286
138.27,4285
138.62,4284
138.88,4283
139.06,4282
139.23,4281
139.41,4280
139.85,4279
140.48,4278
141.11,4277
141.37,4276
141.90,4275
142.33,4274
142.60,4273
143.58,4272
144.02,4271
144.29,4270
144.56,4269
144.74,4268
145.09,4267
145.35,4266
146.14,4265
146.59,4264
146.94,4263
147.20,4262
147.55,4261
148.17,4260
148.34,4259
149.40,4258
149.66,4257
150.19,4256
150.55,4255
150.90,4254
151.16,4253
151.34,4252
151.51,4251
151.77,4250
151.95,4249
152.30,4248
152.99,4247
153.17,4246
153.43,4245
154.04,4244
154.21,4243
154.83,4242
155.19,4241
155.46,4240
155.64,4239
155.82,4238
156.01,4237
156.19,4236
156.73,4235
157.00,4234
157.26,4233
157.53,4232
158.15,4231
158.59,4230
159.12,4229
159.38,4228
159.56,4227
159.74,4226
160.35,4225
160.53,4224
160.70,4223
160.88,4222
161.31,4221
161.49,4220
161.93,4219
162.19,4218
162.37,4217
162.94,4216
163.12,4215
163.65,4214
164.01,4213
164.37,4212
164.65,4211
164.92,4210
165.10,4209
165.36,4208
165.90,4207
166.33,4206
166.51,4205
166.86,4204
167.04,4203
167.31,4202
167.58,4201
168.04,4200
169.02,4199
169.74,4198
169.92,4197
170.19,4196
170.64,4195
170.82,4194
171.09,4193
171.96,4192
172.67,4191
172.85,4190
173.11,4189
173.29,4188
173.46,4187
174.89,4186
175.15,4185
175.50,4184
175.76,4183
176.21,4182
176.91,4181
177.26,4180
177.61,4179
177.87,4178
178.04,4177
179.36,4176
179.80,4175
180.87,4174
181.22,4173
181.49,4172
181.75,4171
181.93,4170
182.28,4169
182.45,4168
182.72,4167
183.16,4166
183.42,4165
183.60,4164
183.87,4163
184.14,4162
184.31,4161
184.66,4160
184.84,4159
185.54,4158
185.80,4157
185.98,4156
186.24,4155
186.68,4154
186.86,4153
187.13,4152
187.48,4151
187.66,4150
187.84,4149
188.11,4148
188.46,4147
188.64,4146
188.90,4145
189.16,4144
189.72,4143
189.90,4142
190.52,4141
190.69,4140
191.04,4139
191.30,4138
191.91,4137
192.34,4136
192.52,4135
192.78,4134
193.32,4133
193.66,4132
193.84,4131
194.01,4130
194.19,4129
194.45,4128
194.63,4127
194.81,4126
195.52,4125
196.26,4124
196.61,4123
197.32,4122
197.85,4121
198.20,4120
198.72,4119
198.90,4118
199.07,4117
199.42,4116
199.68,4115
200.56,4114
200.91,4113
201.45,4112
201.80,4111
202.32,4110
202.58,4109
203.28,4108
203.63,4107
203.81,4106
204.07,4105
204.78,4104
205.04,4103
205.39,4102
205.67,4101
206.20,4100
206.57,4099
206.75,4098
206.99,4097
207.19,4096
207.46,4095
207.82,4094
209.15,4093
209.32,4092
210.14,4091
210.50,4090
210.67,4089
211.03,4088
211.39,4087
211.92,4086
212.19,4085
212.54,4084
213.07,4083
213.33,4082
213.59,4081
213.77,4080
214.56,4079
215.37,4078
215.55,4077
215.81,4076
216.16,4075
216.42,4074
217.04,4073
217.21,4072
218.78,4071
219.65,4070
220.26,4069
220.70,4068
220.96,4067
221.40,4066
221.75,4065
222.20,4064
222.38,4063
222.91,4062
223.19,4061
223.71,4060
223.89,4059
224.86,4058
225.30,4057
225.57,4056
225.75,4055
225.93,4054
226.19,4053
226.37,4052
227.69,4051
228.13,4050
228.66,4049
229.54,4048
230.17,4047
231.15,4046
231.50,4045
231.68,4044
231.86,4043
232.22,4042
232.57,4041
232.83,4040
233.01,4039
233.90,4038
234.16,4037
234.34,4036
234.95,4035
235.39,4034
236.37,4033
236.55,4032
236.73,4031
237.00,4030
237.18,4029
237.37,4028
237.64,4027
238.60,4026
238.86,4025
239.03,4024
239.47,4023
239.65,4022
239.92,4021
240.18,4020
240.36,4019
240.63,4018
240.81,4017
240.99,4016
241.17,4015
241.52,4014
242.15,4013
242.38,4012
242.66,4011
243.34,4010
243.88,4009
244.23,4008
244.41,4007
244.68,4006
244.95,4005
245.13,4004
245.31,4003
245.67,4002
245.93,4001
246.11,4000
246.56,3999
246.73,3998
247.00,3997
247.45,3996
247.63,3995
247.98,3994
248.16,3993
248.52,3992
248.70,3991
249.15,3990
249.59,3989
249.77,3988
250.04,3987
250.92,3986
251.70,3985
252.05,3984
252.31,3983
252.57,3982
252.84,3981
253.20,3980
253.37,3979
254.77,3978
255.77,3977
255.95,3976
257.00,3975
257.18,3974
257.89,3973
258.16,3972
258.70,3971
259.23,3970
260.75,3969
261.29,3968
263.45,3967
264.60,3966
264.79,3965
265.05,3964
265.22,3963
265.93,3962
267.69,3961
268.57,3960
269.38,3959
270.60,3958
270.86,3957
271.47,3956
272.42,3955
273.04,3954
273.66,3953
273.83,3952
274.44,3951
275.06,3950
275.40,3949
276.27,3948
276.79,3947
277.97,3946
278.24,3945
279.46,3944
279.64,3943
280.35,3942
280.97,3941
282.22,3940
282.57,3939
282.76,3938
283.30,3937
283.74,3936
284.36,3935
284.63,3934
285.33,3933
285.68,3932
285.86,3931
286.03,3930
286.38,3929
286.98,3928
287.42,3927
287.68,3926
288.20,3925
288.55,3924
289.08,3923
289.25,3922
289.43,3921
289.97,3920
290.15,3919
290.86,3918
291.65,3917
292.34,3916
292.96,3915
293.31,3914
293.67,3913
294.10,3912
294.45,3911
295.08,3910
296.76,3909
297.29,3908
297.73,3907
298.54,3906
298.97,3905
299.15,3904
299.33,3903
300.40,3902
302.00,3901
302.26,3900
304.04,3899
304.39,3898
304.65,3897
305.72,3896
306.18,3895
306.54,3894
306.90,3893
307.51,3892
308.39,3891
308.75,3890
308.92,3889
309.28,3888
309.55,3887
309.81,3886
310.25,3885
310.43,3884
310.95,3883
312.35,3882
312.62,3881
314.45,3880
314.90,3879
315.43,3878
317.03,3877
317.20,3876
317.38,3875
317.73,3874
318.52,3873
318.97,3872
319.23,3871
319.77,3870
321.18,3869
321.98,3868
322.16,3867
322.96,3866
323.22,3865
323.40,3864
324.47,3863
324.65,3862
324.92,3861
325.09,3860
325.45,3859
326.42,3858
326.60,3857
328.20,3856
328.38,3855
328.92,3854
329.19,3853
330.00,3852
330.62,3851
331.05,3850
331.31,3849
331.58,3848
331.93,3847
332.19,3846
332.36,3845
332.80,3844
332.97,3843
333.41,3842
333.59,3841
333.94,3840
334.12,3839
336.23,3838
336.41,3837
336.67,3836
336.93,3835
337.37,3834
338.24,3833
340.45,3832
340.72,3831
340.89,3830
341.06,3829
341.50,3828
341.85,3827
342.37,3826
342.54,3825
343.42,3824
343.95,3823
344.12,3822
344.38,3821
344.64,3820
344.82,3819
345.62,3818
346.05,3817
346.49,3816
346.92,3815
347.35,3814
347.52,3813
347.70,3812
347.87,3811
348.39,3810
348.80,3809
349.97,3808
350.85,3807
351.45,3806
351.63,3805
351.80,3804
351.98,3803
352.42,3802
352.77,3801
352.95,3800
353.13,3799
353.48,3798
354.55,3797
355.07,3796
355.51,3795
355.68,3794
358.18,3793
358.36,3792
358.61,3791
358.87,3790
359.13,3789
359.31,3788
360.62,3787
360.88,3786
361.14,3785
361.40,3784
362.18,3783
362.70,3782
363.05,3781
363.83,3780
364.44,3779
365.23,3778
365.49,3777
365.83,3776
366.09,3775
366.78,3774
367.22,3773
367.39,3772
367.57,3771
367.74,3770
368.44,3769
368.70,3768
368.87,3767
369.13,3766
370.10,3765
370.36,3764
371.24,3763
371.77,3762
371.94,3761
372.12,3760
372.47,3759
372.73,3758
373.26,3757
373.78,3756
374.13,3755
374.39,3754
374.92,3753
375.26,3752
375.53,3751
376.06,3750
376.32,3749
376.85,3748
377.19,3747
377.37,3746
378.50,3745
378.76,3744
379.11,3743
379.47,3742
379.74,3741
380.26,3740
381.05,3739
381.48,3738
382.27,3737
384.06,3736
384.67,3735
385.20,3734
386.20,3733
386.71,3732
386.98,3731
387.42,3730
388.03,3729
388.64,3728
388.81,3727
389.52,3726
390.21,3725
390.56,3724
390.73,3723
391.75,3722
391.92,3721
393.28,3720
393.64,3719
394.24,3718
394.85,3717
395.02,3716
396.14,3715
396.31,3714
397.17,3713
397.86,3712
398.90,3711
399.59,3710
400.04,3709
400.57,3708
400.91,3707
401.70,3706
404.28,3705
405.42,3704
406.02,3703
406.61,3702
407.93,3701
408.11,3700
410.35,3699
410.88,3698
411.05,3697
412.18,3696
412.35,3695
412.87,3694
413.66,3693
415.49,3692
415.66,3691
416.44,3690
417.81,3689
418.16,3688
418.41,3687
418.81,3686
419.34,3685
420.39,3684
420.66,3683
421.09,3682
421.44,3681
421.61,3680
421.79,3679
422.13,3678
422.39,3677
423.34,3676
423.95,3675
424.29,3674
425.34,3673
425.52,3672
425.78,3671
426.92,3670
428.22,3669
428.74,3668
429.44,3667
429.98,3666
430.42,3665
430.78,3664
430.95,3663
431.21,3662
431.99,3661
432.77,3660
433.20,3659
433.46,3658
433.90,3657
434.07,3656
434.68,3655
435.03,3654
435.30,3653
435.91,3652
438.41,3651
438.85,3650
439.64,3649
440.55,3648
441.68,3647
442.63,3646
442.89,3645
443.92,3644
444.56,3643
446.21,3642
446.39,3641
447.70,3640
448.31,3639
448.66,3638
448.92,3637
449.27,3636
449.71,3635
451.72,3634
452.07,3633
452.33,3632
452.93,3631
453.68,3630
453.93,3629
454.19,3628
456.25,3627
458.35,3626
458.96,3625
459.65,3624
460.09,3623
460.26,3622
461.03,3621
462.92,3620
463.18,3619
463.86,3618
464.47,3617
464.81,3616
464.99,3615
465.25,3614
465.69,3613
466.89,3612
467.57,3611
468.08,3610
469.94,3609
472.40,3608
472.74,3607
473.41,3606
474.36,3605
476.60,3604
478.03,3603
479.72,3602
481.59,3601
482.62,3600
483.13,3599
483.38,3598
483.98,3597
484.75,3596
485.68,3595
485.93,3594
486.10,3593
486.86,3592
487.29,3591
487.45,3590
488.53,3589
490.16,3588
490.58,3587
490.84,3586
491.87,3585
492.04,3584
492.29,3583
493.15,3582
493.83,3581
494.50,3580
495.09,3579
495.35,3578
495.95,3577
496.21,3576
496.72,3575
