0.00,860
0.02,859
0.12,858
0.18,857
0.28,856
0.41,855
0.52,854
0.65,853
0.71,852
0.74,851
0.75,850
0.77,849
0.85,848
0.93,847
0.95,846
1.02,845
1.06,844
1.08,843
1.16,842
1.25,841
1.39,840
1.44,839
1.46,838
1.54,837
1.56,836
1.78,835
1.80,834
1.83,833
1.90,832
1.95,831
1.96,830
2.00,829
2.14,828
2.16,827
2.30,826
2.34,825
2.35,824
2.38,823
2.40,822
2.52,821
2.57,820
2.64,819
2.70,818
2.82,817
2.94,816
2.98,815
2.99,814
3.01,813
3.08,812
3.17,811
3.18,810
3.20,809
3.24,808
3.27,807
3.30,806
3.32,805
3.35,804
3.42,803
3.49,802
3.54,801
3.65,800
3.69,799
3.70,798
3.77,797
3.91,796
4.13,795
4.24,794
4.43,793
4.48,792
4.54,791
4.62,790
4.69,789
4.75,788
4.83,787
4.90,786
4.94,785
5.02,784
5.12,783
5.16,782
5.20,781
5.39,780
5.57,779
5.74,778
5.75,777
5.89,776
5.95,775
6.09,774
6.12,773
6.33,772
6.60,771
6.73,770
6.87,769
6.98,768
6.99,767
7.25,766
7.30,765
