0.00,863
0.03,862
0.05,861
0.08,860
0.14,859
0.19,858
0.32,857
0.40,856
0.42,855
0.55,854
0.57,853
0.66,852
0.69,851
0.72,850
0.85,849
1.06,848
1.09,847
1.19,846
1.31,845
1.36,844
1.46,843
1.48,842
1.54,841
1.57,840
1.76,839
1.82,838
1.85,837
1.92,836
2.00,835
2.03,834
2.08,833
2.17,832
2.25,831
2.30,830
2.34,829
2.39,828
2.49,827
2.54,826
2.57,825
2.65,824
2.74,823
2.77,822
2.79,821
2.84,820
2.88,819
2.93,818
2.96,817
3.00,816
3.16,815
3.20,814
3.38,813
3.51,812
3.53,811
3.55,810
3.58,809
3.61,808
3.64,807
3.70,806
3.75,805
3.83,804
3.85,803
3.95,802
4.44,801
4.50,800
4.55,799
4.62,798
4.63,797
4.96,796
5.20,795
5.38,794
5.41,793
5.68,792
5.90,791
6.07,790
6.20,789
6.34,788
6.78,787
7.03,786
7.24,785
7.29,784
7.31,783
7.56,782
7.60,781
7.68,780
7.71,779
7.82,778
7.84,777
7.87,776
7.91,775
8.03,774
8.07,773
8.26,772
8.40,771
8.42,770
8.49,769
