0.05,1023
0.05,1022
0.05,1021
0.05,1020
0.05,1019
0.05,1018
0.05,1017
0.05,1016
0.05,1015
0.05,1014
0.05,1013
0.05,1012
0.05,1011
0.05,1010
0.05,1009
0.05,1008
0.05,1007
0.05,1006
0.05,1005
0.05,1004
0.05,1003
0.05,1002
0.05,1001
0.05,1000
0.05,999
0.05,998
0.05,997
0.05,996
0.05,995
0.05,994
0.05,993
0.05,992
0.05,991
0.05,990
0.05,989
0.05,988
0.05,987
0.05,986
0.05,985
0.05,984
0.05,983
0.05,982
0.05,981
0.05,980
0.05,979
0.05,978
0.05,977
0.05,976
0.05,975
0.06,974
0.06,973
0.06,972
0.06,971
0.06,970
0.06,969
0.06,968
0.06,967
0.06,966
0.06,965
0.06,964
0.06,963
0.06,962
0.06,961
0.06,960
0.06,959
0.06,958
0.06,957
0.06,956
0.06,955
0.06,954
0.06,953
0.07,952
0.07,951
0.07,950
0.07,949
0.07,948
0.07,947
0.07,946
0.07,945
0.07,944
0.07,943
0.07,942
0.07,941
0.08,940
0.08,939
0.08,938
0.08,937
0.08,936
0.08,935
0.08,934
0.08,933
0.08,932
0.08,931
0.08,930
0.10,929
0.10,928
0.10,927
0.10,926
0.10,925
0.10,924
0.10,923
0.10,922
0.10,921
0.10,920
0.10,919
0.10,918
0.11,917
0.11,916
0.27,915
0.37,914
0.37,913
0.39,912
0.39,911
0.39,910
0.39,909
1.47,908
1.47,907
1.47,906
2.81,905
2.81,904
2.89,903
2.89,902
2.89,901
2.89,900
2.89,899
5.79,898
5.79,897
5.79,896
5.79,895
5.79,894
5.79,893
5.79,892
6.15,891
6.15,890
6.15,889
6.15,888
6.15,887
6.15,886
6.15,885
6.15,884
6.15,883
7.09,882
7.09,881
7.09,880
7.63,879
7.63,878
7.64,877
7.64,876
7.65,875
7.65,874
7.66,873
7.66,872
7.67,871
7.67,870
7.67,869
8.15,868
8.16,867
8.16,866
8.54,865
8.55,864
8.55,863
8.55,862
8.58,861
8.58,860
8.58,859
8.58,858
8.58,857
8.58,856
8.58,855
8.58,854
8.59,853
8.59,852
8.94,851
8.94,850
8.94,849
8.94,848
9.23,847
9.23,846
9.23,845
9.23,844
9.23,843
9.24,842
9.45,841
9.46,840
9.46,839
9.46,838
9.47,837
9.47,836
9.48,835
9.48,834
9.48,833
9.48,832
9.48,831
9.48,830
9.49,829
9.49,828
9.49,827
9.90,826
9.90,825
10.20,824
10.90,823
11.06,822
11.06,821
11.06,820
11.08,819
11.08,818
11.08,817
11.08,816
11.08,815
11.20,814
11.21,813
11.21,812
11.22,811
11.22,810
11.23,809
11.27,808
11.27,807
11.31,806
11.36,805
11.36,804
11.56,803
11.56,802
11.57,801
11.57,800
11.57,799
11.58,798
11.58,797
11.58,796
11.91,795
12.31,794
12.31,793
12.32,792
12.32,791
12.33,790
12.34,789
12.34,788
12.34,787
13.06,786
13.06,785
13.07,784
13.86,783
13.86,782
13.86,781
13.86,780
13.92,779
13.99,778
14.00,777
14.00,776
14.01,775
14.01,774
14.04,773
14.04,772
14.20,771
15.13,770
15.14,769
15.15,768
15.50,767
15.66,766
15.71,765
15.72,764
15.72,763
16.40,762
16.41,761
16.43,760
16.43,759
17.32,758
17.32,757
17.33,756
17.33,755
17.33,754
17.33,753
19.36,752
21.37,751
21.37,750
21.38,749
21.94,748
21.94,747
21.94,746
22.14,745
24.20,744
24.87,743
24.88,742
24.89,741
25.80,740
26.84,739
26.87,738
27.82,737
27.95,736
28.08,735
28.77,734
38.73,733
40.44,732
40.45,731
41.36,730
41.76,729
42.69,728
44.30,727
44.44,726
47.79,725
51.58,724
55.33,723
56.00,722
75.23,721
152.36,720
168.65,719
233.10,718
240.40,717
289.03,716
