0.05,1023
0.05,1022
0.05,1021
0.05,1020
0.05,1019
0.05,1018
0.05,1017
0.05,1016
0.05,1015
0.05,1014
0.05,1013
0.05,1012
0.05,1011
0.05,1010
0.05,1009
0.05,1008
0.05,1007
0.05,1006
0.05,1005
0.05,1004
0.05,1003
0.05,1002
0.05,1001
0.05,1000
0.05,999
0.05,998
0.05,997
0.05,996
0.05,995
0.05,994
0.05,993
0.05,992
0.05,991
0.05,990
0.05,989
0.06,988
0.06,987
0.06,986
0.06,985
0.06,984
0.06,983
0.06,982
0.06,981
0.06,980
0.06,979
0.06,978
0.06,977
0.06,976
0.06,975
0.06,974
0.06,973
0.06,972
0.06,971
0.06,970
0.06,969
0.06,968
0.06,967
0.06,966
0.06,965
0.06,964
0.06,963
0.06,962
0.06,961
0.06,960
0.06,959
0.06,958
0.06,957
0.06,956
0.06,955
0.06,954
0.06,953
0.07,952
0.07,951
0.07,950
0.07,949
0.07,948
0.07,947
0.07,946
0.07,945
0.07,944
0.07,943
0.08,942
0.08,941
0.08,940
0.08,939
0.08,938
0.08,937
0.08,936
0.08,935
0.08,934
0.09,933
0.09,932
0.09,931
0.09,930
0.09,929
0.09,928
0.09,927
0.09,926
0.09,925
0.09,924
0.09,923
0.15,922
0.15,921
0.15,920
0.15,919
0.15,918
0.16,917
0.16,916
0.26,915
0.26,914
0.26,913
0.26,912
0.41,911
0.41,910
0.41,909
0.41,908
0.41,907
0.41,906
0.41,905
0.67,904
0.77,903
0.77,902
0.77,901
0.77,900
0.77,899
3.67,898
3.67,897
3.67,896
3.67,895
3.67,894
3.67,893
5.53,892
5.53,891
5.53,890
6.15,889
6.17,888
6.17,887
6.17,886
6.62,885
6.62,884
6.89,883
7.47,882
7.47,881
7.61,880
7.61,879
7.63,878
7.64,877
7.64,876
7.64,875
7.64,874
7.64,873
7.64,872
7.68,871
7.68,870
7.80,869
7.81,868
7.81,867
8.01,866
8.01,865
8.01,864
8.01,863
8.01,862
8.02,861
8.02,860
8.02,859
8.47,858
8.48,857
8.48,856
8.49,855
8.49,854
8.49,853
8.50,852
8.50,851
8.50,850
8.50,849
8.50,848
8.51,847
9.11,846
9.11,845
9.12,844
9.26,843
9.26,842
9.26,841
9.26,840
9.26,839
9.31,838
9.31,837
9.46,836
9.47,835
9.69,834
9.69,833
9.70,832
9.70,831
9.70,830
9.70,829
9.70,828
9.91,827
9.91,826
9.92,825
10.10,824
10.10,823
10.11,822
10.11,821
10.13,820
10.13,819
10.13,818
10.13,817
10.13,816
10.13,815
10.45,814
10.45,813
10.71,812
10.77,811
10.77,810
10.77,809
10.78,808
10.78,807
10.78,806
10.78,805
10.78,804
10.79,803
10.80,802
10.81,801
10.81,800
10.81,799
11.86,798
11.87,797
11.87,796
11.87,795
11.91,794
11.91,793
11.97,792
12.03,791
12.04,790
12.05,789
12.05,788
12.05,787
12.07,786
12.07,785
12.13,784
12.13,783
12.13,782
12.13,781
12.55,780
12.56,779
12.56,778
12.56,777
12.57,776
12.64,775
12.64,774
12.65,773
12.65,772
12.65,771
13.80,770
13.80,769
13.80,768
14.37,767
14.38,766
14.63,765
14.63,764
14.64,763
14.64,762
14.78,761
14.78,760
14.78,759
15.09,758
15.45,757
16.35,756
16.41,755
16.41,754
16.43,753
16.72,752
16.86,751
17.86,750
17.87,749
17.88,748
17.88,747
17.89,746
17.89,745
19.83,744
19.83,743
19.98,742
20.10,741
20.29,740
20.29,739
20.29,738
20.45,737
21.58,736
21.59,735
21.61,734
22.79,733
22.83,732
22.83,731
23.01,730
23.02,729
24.62,728
28.28,727
36.22,726
62.82,725
87.11,724
89.12,723
96.70,722
137.84,721
137.94,720
151.77,719
164.40,718
