0.04,1023
0.04,1022
0.04,1021
0.04,1020
0.04,1019
0.04,1018
0.04,1017
0.05,1016
0.05,1015
0.05,1014
0.05,1013
0.05,1012
0.05,1011
0.05,1010
0.05,1009
0.05,1008
0.05,1007
0.05,1006
0.05,1005
0.05,1004
0.05,1003
0.05,1002
0.05,1001
0.05,1000
0.05,999
0.05,998
0.05,997
0.05,996
0.05,995
0.05,994
0.05,993
0.05,992
0.05,991
0.05,990
0.05,989
0.05,988
0.05,987
0.05,986
0.05,985
0.05,984
0.05,983
0.05,982
0.05,981
0.05,980
0.05,979
0.05,978
0.05,977
0.05,976
0.05,975
0.05,974
0.05,973
0.05,972
0.05,971
0.05,970
0.05,969
0.06,968
0.06,967
0.06,966
0.06,965
0.06,964
0.06,963
0.06,962
0.06,961
0.06,960
0.06,959
0.06,958
0.06,957
0.06,956
0.06,955
0.06,954
0.07,953
0.07,952
0.07,951
0.07,950
0.07,949
0.07,948
0.07,947
0.07,946
0.07,945
0.07,944
0.07,943
0.07,942
0.07,941
0.07,940
0.07,939
0.07,938
0.08,937
0.08,936
0.08,935
0.08,934
0.11,933
0.11,932
0.11,931
0.11,930
0.11,929
0.13,928
0.14,927
0.14,926
0.14,925
0.15,924
0.15,923
0.18,922
0.35,921
0.35,920
0.36,919
0.36,918
0.36,917
0.36,916
0.39,915
0.56,914
0.56,913
0.62,912
0.62,911
0.62,910
1.40,909
1.40,908
2.30,907
2.76,906
2.76,905
2.76,904
3.12,903
3.12,902
4.35,901
4.35,900
4.35,899
4.54,898
4.96,897
4.96,896
4.96,895
4.96,894
4.97,893
4.97,892
7.12,891
7.12,890
7.12,889
7.12,888
7.12,887
7.12,886
7.12,885
7.12,884
7.12,883
7.13,882
7.80,881
7.80,880
7.80,879
7.81,878
7.81,877
8.38,876
9.03,875
9.05,874
9.06,873
9.06,872
9.06,871
9.06,870
9.06,869
9.06,868
9.07,867
9.07,866
9.37,865
9.37,864
9.37,863
9.37,862
9.37,861
9.40,860
9.74,859
10.02,858
10.23,857
10.26,856
10.27,855
10.27,854
10.27,853
10.27,852
10.28,851
10.28,850
10.28,849
10.41,848
10.42,847
10.42,846
10.42,845
10.43,844
10.46,843
10.88,842
10.88,841
10.89,840
10.90,839
10.90,838
10.90,837
10.90,836
10.91,835
10.91,834
10.91,833
10.91,832
10.91,831
11.29,830
11.29,829
11.29,828
11.29,827
11.29,826
11.30,825
11.31,824
11.32,823
11.32,822
11.32,821
11.75,820
11.75,819
11.91,818
11.91,817
11.91,816
11.91,815
11.91,814
11.92,813
11.92,812
12.06,811
12.06,810
12.06,809
12.10,808
12.13,807
12.29,806
12.29,805
12.29,804
12.29,803
12.29,802
12.30,801
12.30,800
12.51,799
12.85,798
12.85,797
12.86,796
12.87,795
12.89,794
12.89,793
12.90,792
12.90,791
12.90,790
12.90,789
12.90,788
14.47,787
14.53,786
14.53,785
14.91,784
14.92,783
14.92,782
14.95,781
15.30,780
15.31,779
15.33,778
15.35,777
15.36,776
15.36,775
15.39,774
15.40,773
15.40,772
15.41,771
15.42,770
15.87,769
15.87,768
15.98,767
16.01,766
16.21,765
16.23,764
16.24,763
16.24,762
16.26,761
16.98,760
16.99,759
16.99,758
17.03,757
17.03,756
17.03,755
18.66,754
18.81,753
18.81,752
18.81,751
20.39,750
20.40,749
20.41,748
20.46,747
20.47,746
21.56,745
21.56,744
21.64,743
21.65,742
22.79,741
22.90,740
22.97,739
23.88,738
24.58,737
24.61,736
26.94,735
27.26,734
27.43,733
27.63,732
27.63,731
27.64,730
28.71,729
32.70,728
34.47,727
36.32,726
36.34,725
37.58,724
40.93,723
46.94,722
50.04,721
64.60,720
66.68,719
107.06,718
116.27,717
253.13,716
340.03,715
481.72,714
