0.05,1023
0.05,1022
0.05,1021
0.05,1020
0.05,1019
0.05,1018
0.05,1017
0.05,1016
0.05,1015
0.05,1014
0.05,1013
0.05,1012
0.05,1011
0.05,1010
0.05,1009
0.05,1008
0.05,1007
0.05,1006
0.05,1005
0.05,1004
0.05,1003
0.05,1002
0.05,1001
0.05,1000
0.05,999
0.05,998
0.05,997
0.05,996
0.05,995
0.05,994
0.05,993
0.05,992
0.05,991
0.05,990
0.05,989
0.05,988
0.05,987
0.05,986
0.05,985
0.05,984
0.05,983
0.05,982
0.05,981
0.05,980
0.05,979
0.05,978
0.05,977
0.05,976
0.05,975
0.05,974
0.05,973
0.05,972
0.05,971
0.05,970
0.05,969
0.05,968
0.05,967
0.05,966
0.06,965
0.06,964
0.06,963
0.06,962
0.06,961
0.06,960
0.06,959
0.06,958
0.06,957
0.06,956
0.06,955
0.06,954
0.06,953
0.07,952
0.07,951
0.07,950
0.07,949
0.07,948
0.07,947
0.07,946
0.07,945
0.07,944
0.07,943
0.07,942
0.07,941
0.07,940
0.07,939
0.07,938
0.07,937
0.07,936
0.07,935
0.09,934
0.09,933
0.09,932
0.09,931
0.10,930
0.10,929
0.10,928
0.11,927
0.11,926
0.12,925
0.12,924
0.12,923
0.12,922
0.12,921
0.12,920
0.12,919
0.12,918
0.12,917
0.12,916
0.12,915
0.13,914
0.13,913
0.13,912
0.13,911
0.13,910
0.13,909
0.25,908
0.27,907
0.83,906
0.83,905
0.83,904
0.83,903
0.84,902
1.45,901
1.45,900
1.45,899
1.45,898
1.45,897
1.45,896
1.45,895
5.95,894
5.96,893
6.49,892
6.79,891
6.89,890
6.89,889
6.89,888
6.89,887
6.89,886
6.90,885
7.17,884
7.24,883
7.24,882
7.44,881
7.44,880
7.44,879
7.44,878
7.44,877
7.44,876
7.71,875
7.71,874
7.71,873
7.71,872
7.71,871
7.71,870
7.72,869
7.80,868
7.80,867
7.93,866
7.93,865
7.93,864
7.94,863
7.94,862
7.95,861
8.59,860
8.59,859
8.59,858
8.59,857
8.77,856
8.83,855
8.83,854
8.83,853
8.83,852
8.95,851
8.95,850
8.95,849
8.95,848
8.95,847
8.95,846
8.95,845
8.95,844
9.15,843
9.16,842
9.16,841
9.16,840
9.16,839
9.16,838
9.67,837
9.74,836
9.74,835
9.74,834
9.87,833
10.08,832
10.33,831
10.33,830
10.33,829
10.33,828
10.33,827
10.60,826
10.61,825
10.61,824
10.62,823
10.62,822
10.71,821
10.72,820
10.76,819
10.76,818
10.76,817
10.80,816
10.81,815
10.81,814
11.29,813
11.33,812
11.34,811
11.34,810
11.34,809
11.34,808
11.34,807
11.34,806
11.34,805
11.35,804
11.94,803
11.95,802
11.97,801
12.01,800
12.01,799
12.03,798
12.13,797
12.13,796
12.14,795
12.57,794
12.57,793
12.57,792
12.57,791
12.59,790
12.60,789
12.60,788
12.69,787
13.23,786
13.23,785
13.25,784
13.25,783
13.32,782
13.86,781
13.86,780
13.86,779
13.86,778
13.86,777
13.89,776
13.90,775
13.90,774
14.96,773
15.16,772
15.22,771
15.44,770
15.44,769
15.45,768
16.13,767
16.14,766
16.54,765
16.55,764
16.55,763
16.64,762
16.90,761
16.90,760
16.91,759
17.79,758
17.88,757
17.88,756
17.89,755
17.90,754
17.90,753
20.05,752
20.06,751
20.20,750
20.22,749
20.30,748
21.44,747
21.75,746
21.77,745
22.42,744
22.46,743
22.46,742
22.49,741
22.77,740
22.83,739
22.83,738
22.84,737
24.57,736
26.92,735
27.22,734
27.25,733
28.11,732
29.18,731
34.12,730
36.02,729
36.24,728
36.26,727
43.03,726
47.21,725
47.42,724
47.75,723
48.59,722
50.23,721
53.06,720
69.16,719
86.95,718
