0.04,1023
0.04,1022
0.04,1021
0.04,1020
0.04,1019
0.04,1018
0.04,1017
0.04,1016
0.04,1015
0.04,1014
0.04,1013
0.04,1012
0.05,1011
0.05,1010
0.05,1009
0.05,1008
0.05,1007
0.05,1006
0.05,1005
0.05,1004
0.05,1003
0.05,1002
0.05,1001
0.05,1000
0.05,999
0.05,998
0.05,997
0.05,996
0.05,995
0.05,994
0.05,993
0.05,992
0.05,991
0.05,990
0.05,989
0.05,988
0.05,987
0.05,986
0.05,985
0.05,984
0.05,983
0.05,982
0.05,981
0.05,980
0.05,979
0.05,978
0.05,977
0.05,976
0.05,975
0.05,974
0.05,973
0.05,972
0.05,971
0.05,970
0.05,969
0.05,968
0.05,967
0.05,966
0.05,965
0.05,964
0.05,963
0.05,962
0.05,961
0.05,960
0.05,959
0.05,958
0.05,957
0.05,956
0.05,955
0.05,954
0.06,953
0.06,952
0.06,951
0.06,950
0.06,949
0.06,948
0.06,947
0.06,946
0.06,945
0.06,944
0.06,943
0.06,942
0.06,941
0.06,940
0.06,939
0.06,938
0.06,937
0.06,936
0.06,935
0.06,934
0.06,933
0.06,932
0.06,931
0.06,930
0.09,929
0.09,928
0.09,927
0.09,926
0.09,925
0.09,924
0.09,923
0.09,922
0.09,921
0.10,920
0.10,919
0.10,918
0.14,917
0.14,916
0.14,915
0.14,914
0.14,913
0.30,912
0.30,911
0.37,910
0.44,909
0.45,908
0.45,907
0.45,906
0.46,905
1.19,904
1.19,903
4.39,902
4.39,901
4.39,900
4.40,899
4.41,898
4.41,897
5.10,896
5.69,895
5.69,894
5.69,893
5.69,892
5.69,891
5.69,890
5.69,889
6.42,888
6.42,887
6.42,886
6.42,885
6.42,884
6.42,883
6.44,882
6.44,881
6.44,880
6.44,879
6.44,878
6.44,877
7.94,876
7.95,875
7.95,874
7.95,873
7.95,872
8.15,871
8.15,870
8.16,869
8.16,868
8.17,867
8.17,866
8.17,865
8.17,864
8.18,863
8.46,862
8.46,861
8.46,860
8.75,859
8.75,858
8.92,857
8.92,856
8.92,855
8.92,854
8.93,853
8.93,852
8.93,851
8.93,850
8.93,849
8.93,848
9.56,847
9.56,846
9.58,845
9.58,844
9.58,843
9.59,842
9.59,841
9.59,840
9.59,839
9.59,838
9.59,837
9.59,836
9.65,835
9.71,834
9.75,833
10.07,832
10.07,831
10.07,830
10.22,829
10.22,828
10.22,827
10.44,826
10.44,825
10.44,824
10.59,823
10.59,822
10.59,821
10.60,820
10.60,819
10.60,818
10.60,817
10.60,816
10.60,815
11.06,814
11.06,813
11.07,812
11.08,811
11.08,810
11.08,809
11.08,808
11.11,807
11.78,806
11.82,805
11.82,804
11.83,803
11.84,802
11.84,801
11.84,800
11.86,799
11.86,798
11.88,797
11.89,796
11.96,795
12.76,794
12.76,793
12.76,792
12.76,791
12.76,790
12.77,789
12.79,788
12.84,787
12.84,786
12.84,785
13.05,784
13.05,783
13.06,782
13.58,781
13.58,780
13.71,779
13.71,778
13.71,777
13.71,776
13.89,775
13.89,774
13.89,773
14.14,772
14.14,771
14.29,770
14.29,769
14.29,768
14.37,767
14.37,766
14.38,765
14.38,764
14.39,763
14.39,762
14.66,761
14.66,760
14.66,759
14.69,758
16.13,757
16.15,756
16.17,755
16.33,754
16.33,753
16.33,752
16.34,751
16.35,750
16.77,749
16.93,748
16.97,747
18.43,746
18.43,745
18.49,744
18.49,743
18.50,742
18.51,741
19.44,740
21.69,739
22.54,738
22.54,737
24.30,736
24.35,735
24.35,734
24.37,733
26.12,732
26.18,731
28.77,730
30.32,729
31.09,728
32.27,727
59.06,726
60.16,725
68.76,724
74.07,723
76.45,722
77.58,721
79.26,720
145.28,719
208.99,718
273.31,717
304.25,716
346.57,715
416.95,714
561.20,713
584.98,712
