0.00,857
0.12,856
0.16,855
0.26,854
0.33,853
0.40,852
0.42,851
0.48,850
0.51,849
0.54,848
0.58,847
0.62,846
0.64,845
0.74,844
0.78,843
0.85,842
0.90,841
1.04,840
1.07,839
1.10,838
1.17,837
1.21,836
1.26,835
1.36,834
1.44,833
1.51,832
1.61,831
1.70,830
1.75,829
1.78,828
1.83,827
1.92,826
1.95,825
2.01,824
2.10,823
2.28,822
2.39,821
2.50,820
2.53,819
2.63,818
2.65,817
2.74,816
2.77,815
2.87,814
2.95,813
2.96,812
3.01,811
3.10,810
3.19,809
3.40,808
3.51,807
3.56,806
3.62,805
3.68,804
3.75,803
3.80,802
3.87,801
4.04,800
4.10,799
4.29,798
4.31,797
4.34,796
4.51,795
4.59,794
4.94,793
4.98,792
5.19,791
5.26,790
5.30,789
5.37,788
5.47,787
5.65,786
5.82,785
5.95,784
6.14,783
6.34,782
6.38,781
6.42,780
6.46,779
6.68,778
6.88,777
7.13,776
7.28,775
7.43,774
7.86,773
7.99,772
8.31,771
8.50,770
8.52,769
