0.00,864
0.03,863
0.08,862
0.13,861
0.18,860
0.25,859
0.32,858
0.40,857
0.45,856
0.46,855
0.53,854
0.55,853
0.63,852
0.65,851
0.69,850
0.71,849
0.77,848
0.79,847
0.84,846
0.86,845
0.91,844
0.96,843
1.01,842
1.07,841
1.12,840
1.19,839
1.27,838
1.28,837
1.34,836
1.54,835
1.58,834
1.64,833
1.76,832
1.83,831
1.89,830
1.97,829
2.07,828
2.14,827
2.17,826
2.23,825
2.45,824
2.52,823
2.54,822
2.67,821
2.71,820
2.80,819
2.83,818
2.89,817
2.94,816
3.01,815
3.09,814
3.11,813
3.15,812
3.19,811
3.28,810
3.36,809
3.52,808
3.56,807
3.58,806
3.66,805
3.67,804
3.70,803
3.78,802
3.84,801
3.86,800
4.02,799
4.10,798
4.24,797
4.42,796
4.55,795
4.62,794
4.76,793
4.79,792
4.85,791
4.87,790
4.99,789
5.04,788
5.09,787
5.15,786
5.36,785
5.48,784
5.57,783
5.66,782
5.72,781
5.75,780
5.85,779
5.92,778
6.03,777
6.14,776
6.25,775
6.33,774
6.35,773
6.56,772
6.63,771
6.69,770
6.81,769
6.91,768
7.07,767
7.09,766
7.20,765
7.30,764
7.37,763
7.49,762
7.53,761
