0.00,857
0.09,856
0.11,855
0.15,854
0.24,853
0.26,852
0.30,851
0.35,850
0.41,849
0.43,848
0.52,847
0.60,846
0.73,845
0.78,844
0.80,843
0.81,842
0.84,841
1.01,840
1.06,839
1.15,838
1.24,837
1.28,836
1.31,835
1.35,834
1.39,833
1.53,832
1.61,831
1.68,830
1.69,829
1.75,828
1.80,827
1.87,826
1.91,825
1.94,824
1.98,823
2.12,822
2.14,821
2.19,820
2.26,819
2.28,818
2.36,817
2.46,816
2.56,815
2.64,814
2.67,813
2.71,812
2.77,811
2.80,810
2.87,809
2.94,808
3.06,807
3.19,806
3.23,805
3.27,804
3.34,803
3.49,802
3.59,801
3.63,800
3.73,799
3.94,798
4.26,797
4.27,796
4.29,795
4.50,794
4.68,793
4.83,792
4.85,791
4.87,790
4.92,789
5.01,788
5.07,787
5.17,786
5.27,785
5.37,784
5.39,783
5.52,782
5.64,781
5.66,780
5.68,779
5.82,778
6.10,777
6.17,776
6.20,775
6.25,774
6.33,773
6.40,772
6.56,771
6.58,770
6.70,769
6.85,768
6.99,767
7.02,766
7.10,765
7.12,764
7.23,763
