0.00,858
0.16,857
0.21,856
0.23,855
0.31,854
0.34,853
0.36,852
0.44,851
0.47,850
0.51,849
0.57,848
0.62,847
0.64,846
0.68,845
0.84,844
0.86,843
0.98,842
1.00,841
1.03,840
1.09,839
1.12,838
1.16,837
1.19,836
1.25,835
1.32,834
1.43,833
1.49,832
1.55,831
1.62,830
1.69,829
1.87,828
2.04,827
2.10,826
2.13,825
2.23,824
2.28,823
2.30,822
2.38,821
2.47,820
2.57,819
2.79,818
2.89,817
3.01,816
3.05,815
3.09,814
3.22,813
3.24,812
3.28,811
3.34,810
3.40,809
3.52,808
3.59,807
3.64,806
3.83,805
3.92,804
4.00,803
4.04,802
4.24,801
4.26,800
4.48,799
4.63,798
4.66,797
4.91,796
5.08,795
5.23,794
5.34,793
5.46,792
5.61,791
5.72,790
5.78,789
5.88,788
6.09,787
6.47,786
6.49,785
6.63,784
6.66,783
6.75,782
6.86,781
7.09,780
7.35,779
7.39,778
7.46,777
7.63,776
7.71,775
7.83,774
8.02,773
8.18,772
8.36,771
8.39,770
8.45,769
8.57,768
