0.04,1023
0.04,1022
0.04,1021
0.04,1020
0.04,1019
0.04,1018
0.04,1017
0.04,1016
0.04,1015
0.04,1014
0.04,1013
0.04,1012
0.04,1011
0.04,1010
0.04,1009
0.04,1008
0.04,1007
0.04,1006
0.04,1005
0.04,1004
0.05,1003
0.05,1002
0.05,1001
0.05,1000
0.05,999
0.05,998
0.05,997
0.05,996
0.05,995
0.05,994
0.05,993
0.05,992
0.05,991
0.05,990
0.05,989
0.05,988
0.05,987
0.05,986
0.05,985
0.05,984
0.05,983
0.05,982
0.05,981
0.05,980
0.05,979
0.05,978
0.05,977
0.05,976
0.05,975
0.05,974
0.05,973
0.05,972
0.05,971
0.05,970
0.05,969
0.05,968
0.05,967
0.05,966
0.05,965
0.05,964
0.05,963
0.05,962
0.05,961
0.05,960
0.05,959
0.05,958
0.05,957
0.05,956
0.05,955
0.05,954
0.06,953
0.06,952
0.06,951
0.06,950
0.06,949
0.06,948
0.06,947
0.06,946
0.06,945
0.06,944
0.06,943
0.06,942
0.06,941
0.06,940
0.06,939
0.06,938
0.06,937
0.06,936
0.06,935
0.06,934
0.07,933
0.07,932
0.07,931
0.08,930
0.08,929
0.08,928
0.09,927
0.09,926
0.11,925
0.12,924
0.12,923
0.12,922
0.12,921
0.12,920
0.12,919
0.12,918
0.12,917
0.12,916
0.12,915
0.12,914
0.13,913
0.13,912
0.13,911
0.13,910
0.13,909
0.13,908
1.57,907
2.47,906
2.47,905
2.57,904
2.57,903
3.52,902
3.52,901
3.52,900
4.63,899
4.63,898
4.64,897
4.64,896
4.64,895
5.91,894
5.92,893
5.92,892
5.92,891
5.92,890
5.92,889
6.52,888
6.52,887
6.52,886
6.52,885
6.53,884
6.53,883
6.53,882
6.54,881
6.55,880
6.55,879
6.55,878
6.55,877
7.58,876
7.58,875
7.58,874
7.58,873
7.58,872
7.58,871
7.58,870
7.58,869
7.58,868
7.59,867
8.00,866
8.00,865
8.00,864
8.60,863
8.60,862
8.60,861
8.60,860
8.60,859
8.60,858
8.60,857
8.60,856
8.60,855
8.60,854
8.66,853
8.66,852
8.66,851
8.66,850
8.66,849
8.66,848
8.66,847
8.66,846
8.66,845
9.34,844
9.34,843
9.35,842
9.35,841
9.35,840
9.35,839
9.50,838
9.50,837
9.51,836
9.51,835
9.51,834
9.51,833
9.51,832
10.19,831
10.19,830
10.25,829
10.25,828
10.25,827
10.25,826
10.25,825
10.27,824
10.27,823
10.34,822
10.34,821
10.36,820
10.36,819
10.37,818
10.37,817
10.99,816
11.36,815
11.36,814
11.36,813
11.37,812
11.37,811
11.37,810
11.39,809
11.39,808
11.39,807
11.39,806
11.39,805
11.40,804
11.40,803
11.40,802
11.40,801
11.55,800
11.56,799
11.56,798
11.56,797
12.16,796
12.16,795
12.16,794
12.16,793
12.16,792
12.16,791
12.17,790
12.38,789
12.48,788
12.48,787
12.48,786
12.48,785
12.48,784
12.49,783
12.64,782
13.72,781
13.77,780
14.11,779
14.12,778
14.12,777
14.12,776
14.15,775
14.16,774
14.16,773
14.23,772
14.23,771
14.53,770
14.84,769
14.85,768
14.85,767
14.85,766
15.10,765
15.10,764
15.11,763
15.12,762
16.24,761
16.24,760
16.72,759
16.72,758
17.32,757
17.45,756
17.45,755
17.73,754
18.07,753
18.11,752
18.11,751
18.11,750
18.75,749
18.76,748
20.09,747
20.14,746
20.17,745
20.18,744
20.18,743
20.19,742
21.26,741
21.87,740
23.67,739
24.94,738
25.01,737
25.64,736
25.64,735
25.66,734
31.44,733
32.78,732
32.79,731
33.38,730
33.40,729
38.56,728
40.84,727
40.84,726
54.71,725
55.21,724
70.71,723
77.00,722
78.88,721
80.07,720
273.82,719
292.20,718
