0.04,1023
0.04,1022
0.04,1021
0.04,1020
0.04,1019
0.04,1018
0.04,1017
0.04,1016
0.04,1015
0.04,1014
0.04,1013
0.04,1012
0.04,1011
0.04,1010
0.04,1009
0.05,1008
0.05,1007
0.05,1006
0.05,1005
0.05,1004
0.05,1003
0.05,1002
0.05,1001
0.05,1000
0.05,999
0.05,998
0.05,997
0.05,996
0.05,995
0.05,994
0.05,993
0.05,992
0.05,991
0.05,990
0.05,989
0.05,988
0.05,987
0.05,986
0.05,985
0.05,984
0.05,983
0.05,982
0.05,981
0.05,980
0.05,979
0.05,978
0.05,977
0.05,976
0.05,975
0.05,974
0.05,973
0.05,972
0.05,971
0.05,970
0.05,969
0.05,968
0.05,967
0.05,966
0.06,965
0.06,964
0.06,963
0.06,962
0.06,961
0.06,960
0.06,959
0.06,958
0.06,957
0.06,956
0.06,955
0.06,954
0.06,953
0.06,952
0.06,951
0.06,950
0.06,949
0.06,948
0.06,947
0.06,946
0.06,945
0.07,944
0.07,943
0.07,942
0.07,941
0.07,940
0.07,939
0.07,938
0.07,937
0.07,936
0.07,935
0.07,934
0.07,933
0.07,932
0.08,931
0.08,930
0.09,929
0.09,928
0.09,927
0.09,926
0.09,925
0.09,924
0.09,923
0.09,922
0.09,921
0.09,920
0.10,919
0.11,918
0.11,917
0.21,916
0.21,915
0.21,914
0.22,913
0.22,912
0.22,911
0.34,910
0.61,909
0.61,908
0.61,907
0.61,906
0.61,905
2.02,904
3.77,903
4.01,902
4.01,901
4.01,900
4.01,899
4.63,898
4.63,897
4.63,896
4.63,895
4.71,894
5.42,893
5.42,892
5.42,891
5.42,890
5.42,889
5.42,888
6.01,887
6.03,886
6.03,885
6.03,884
6.03,883
6.03,882
6.03,881
6.03,880
6.03,879
6.03,878
6.03,877
7.16,876
7.23,875
7.24,874
7.25,873
7.26,872
7.26,871
7.44,870
7.77,869
7.77,868
7.77,867
7.87,866
7.87,865
7.87,864
7.87,863
7.94,862
7.94,861
7.95,860
7.96,859
7.96,858
8.25,857
8.26,856
8.36,855
8.36,854
8.36,853
8.41,852
8.50,851
8.50,850
9.03,849
9.03,848
9.03,847
9.04,846
9.04,845
9.04,844
9.04,843
9.04,842
9.04,841
9.04,840
9.06,839
9.07,838
9.07,837
9.08,836
9.08,835
9.08,834
9.08,833
9.08,832
9.49,831
9.49,830
9.61,829
9.62,828
9.62,827
9.66,826
9.67,825
9.79,824
9.79,823
9.80,822
9.80,821
9.80,820
9.80,819
9.80,818
9.80,817
10.33,816
10.33,815
10.33,814
10.39,813
10.39,812
10.39,811
10.39,810
10.39,809
10.40,808
10.40,807
10.54,806
10.54,805
10.55,804
10.59,803
10.59,802
10.60,801
10.61,800
10.61,799
10.61,798
10.61,797
10.62,796
10.62,795
10.63,794
10.64,793
10.64,792
10.64,791
10.64,790
10.65,789
11.82,788
11.82,787
11.82,786
11.82,785
11.82,784
11.94,783
11.94,782
11.95,781
11.95,780
11.96,779
11.96,778
11.97,777
11.97,776
12.49,775
12.69,774
12.69,773
12.69,772
12.70,771
12.74,770
12.74,769
12.75,768
13.39,767
13.40,766
13.43,765
13.43,764
13.44,763
13.45,762
13.46,761
13.48,760
14.32,759
14.32,758
15.85,757
15.85,756
16.18,755
16.24,754
16.24,753
16.27,752
16.28,751
16.28,750
16.35,749
16.35,748
16.41,747
16.87,746
16.89,745
17.76,744
17.76,743
17.77,742
19.23,741
19.93,740
22.61,739
23.55,738
23.57,737
23.89,736
24.00,735
24.01,734
24.01,733
24.46,732
28.83,731
29.19,730
29.83,729
30.08,728
30.76,727
37.16,726
57.63,725
71.95,724
84.13,723
101.22,722
101.75,721
268.22,720
275.55,719
309.03,718
386.64,717
421.86,716
502.13,715
