0.00,854
0.02,853
0.04,852
0.11,851
0.14,850
0.29,849
0.43,848
0.44,847
0.47,846
0.55,845
0.64,844
0.75,843
0.76,842
0.79,841
0.86,840
0.93,839
1.05,838
1.09,837
1.10,836
1.17,835
1.42,834
1.48,833
1.60,832
1.73,831
1.83,830
1.94,829
2.05,828
2.10,827
2.16,826
2.18,825
2.36,824
2.51,823
2.62,822
2.84,821
2.90,820
3.03,819
3.11,818
3.19,817
3.24,816
3.28,815
3.34,814
3.41,813
3.63,812
3.77,811
3.83,810
3.84,809
3.86,808
3.90,807
3.93,806
4.01,805
4.03,804
4.06,803
4.17,802
4.25,801
4.38,800
4.62,799
4.67,798
4.73,797
4.84,796
4.95,795
5.02,794
5.16,793
5.21,792
5.25,791
5.31,790
5.46,789
5.58,788
5.62,787
5.74,786
5.86,785
6.04,784
6.24,783
6.41,782
6.45,781
6.59,780
6.71,779
6.75,778
6.76,777
6.84,776
6.90,775
6.94,774
6.98,773
7.02,772
7.12,771
7.21,770
7.26,769
7.37,768
7.46,767
7.59,766
