0.04,1023
0.04,1022
0.04,1021
0.04,1020
0.04,1019
0.04,1018
0.04,1017
0.04,1016
0.04,1015
0.04,1014
0.04,1013
0.04,1012
0.04,1011
0.04,1010
0.04,1009
0.04,1008
0.04,1007
0.05,1006
0.05,1005
0.05,1004
0.05,1003
0.05,1002
0.05,1001
0.05,1000
0.05,999
0.05,998
0.05,997
0.05,996
0.05,995
0.05,994
0.05,993
0.05,992
0.05,991
0.05,990
0.05,989
0.05,988
0.05,987
0.05,986
0.05,985
0.05,984
0.05,983
0.05,982
0.05,981
0.05,980
0.05,979
0.05,978
0.05,977
0.05,976
0.05,975
0.05,974
0.05,973
0.05,972
0.05,971
0.05,970
0.05,969
0.05,968
0.05,967
0.05,966
0.05,965
0.05,964
0.06,963
0.06,962
0.06,961
0.06,960
0.06,959
0.06,958
0.06,957
0.06,956
0.06,955
0.06,954
0.06,953
0.06,952
0.06,951
0.06,950
0.06,949
0.06,948
0.06,947
0.06,946
0.07,945
0.07,944
0.07,943
0.07,942
0.07,941
0.07,940
0.07,939
0.07,938
0.07,937
0.09,936
0.09,935
0.09,934
0.09,933
0.09,932
0.09,931
0.09,930
0.09,929
0.09,928
0.09,927
0.10,926
0.14,925
0.14,924
0.14,923
0.15,922
0.15,921
0.15,920
0.20,919
0.20,918
0.23,917
0.23,916
0.23,915
0.44,914
0.45,913
0.69,912
0.69,911
0.70,910
0.70,909
0.70,908
0.70,907
0.70,906
0.70,905
0.70,904
0.95,903
0.95,902
4.23,901
4.23,900
4.23,899
4.23,898
4.23,897
4.23,896
4.23,895
4.79,894
5.69,893
5.69,892
5.69,891
6.07,890
6.07,889
6.07,888
6.07,887
6.07,886
6.07,885
6.08,884
6.08,883
6.08,882
6.08,881
6.08,880
6.08,879
6.08,878
6.08,877
7.27,876
7.27,875
7.27,874
7.27,873
7.28,872
7.41,871
7.41,870
7.83,869
7.99,868
8.06,867
8.06,866
8.06,865
8.20,864
8.21,863
8.21,862
8.21,861
8.21,860
8.21,859
8.21,858
8.66,857
8.69,856
8.69,855
8.69,854
8.69,853
8.69,852
8.69,851
8.89,850
8.89,849
8.91,848
8.91,847
8.91,846
8.97,845
8.97,844
8.97,843
8.97,842
8.97,841
8.97,840
8.97,839
8.97,838
8.97,837
8.98,836
8.98,835
8.98,834
8.98,833
8.98,832
9.31,831
9.31,830
9.31,829
9.31,828
9.32,827
9.32,826
9.32,825
9.47,824
9.56,823
9.57,822
9.57,821
9.57,820
9.57,819
9.57,818
9.57,817
9.57,816
9.57,815
9.57,814
9.57,813
9.57,812
10.19,811
10.20,810
10.20,809
10.66,808
10.66,807
10.66,806
10.69,805
10.82,804
10.82,803
10.84,802
10.84,801
11.07,800
11.07,799
11.26,798
11.26,797
11.27,796
11.27,795
11.27,794
11.42,793
11.46,792
11.50,791
11.50,790
11.50,789
11.50,788
11.50,787
11.51,786
12.21,785
12.21,784
12.22,783
12.46,782
12.47,781
12.47,780
12.47,779
13.41,778
13.41,777
13.42,776
13.42,775
13.42,774
14.28,773
14.28,772
14.28,771
14.32,770
14.44,769
14.44,768
14.45,767
14.91,766
14.91,765
14.91,764
14.92,763
14.92,762
15.21,761
15.22,760
15.23,759
15.23,758
15.23,757
15.24,756
15.24,755
15.33,754
15.35,753
15.69,752
15.70,751
15.70,750
15.70,749
16.92,748
17.04,747
17.14,746
17.22,745
18.51,744
18.53,743
18.53,742
18.53,741
19.28,740
19.67,739
19.67,738
19.70,737
21.54,736
21.54,735
22.18,734
22.18,733
24.69,732
24.70,731
24.83,730
24.83,729
26.80,728
28.11,727
30.02,726
30.05,725
30.05,724
38.28,723
38.28,722
40.35,721
49.22,720
61.80,719
62.92,718
74.76,717
77.21,716
102.40,715
112.46,714
118.52,713
506.22,712
