0.00,853
0.03,852
0.11,851
0.36,850
0.44,849
0.47,848
0.53,847
0.60,846
0.68,845
0.87,844
0.89,843
0.93,842
1.02,841
1.16,840
1.19,839
1.25,838
1.53,837
1.71,836
1.81,835
1.83,834
2.10,833
2.14,832
2.23,831
2.29,830
2.38,829
2.42,828
2.49,827
2.56,826
2.72,825
2.95,824
2.97,823
3.07,822
3.18,821
3.23,820
3.25,819
3.29,818
3.36,817
3.37,816
3.42,815
3.50,814
3.65,813
3.72,812
3.86,811
3.88,810
3.95,809
3.97,808
4.06,807
4.13,806
4.20,805
4.28,804
4.54,803
4.58,802
4.68,801
4.76,800
4.87,799
5.32,798
5.58,797
5.77,796
5.86,795
5.89,794
5.91,793
5.97,792
6.05,791
6.19,790
6.28,789
6.36,788
6.45,787
6.70,786
6.82,785
6.85,784
6.87,783
6.95,782
7.04,781
7.14,780
7.30,779
7.48,778
7.60,777
7.80,776
7.87,775
7.89,774
8.05,773
8.17,772
8.31,771
8.37,770
8.46,769
8.56,768
8.73,767
