0.05,1023
0.05,1022
0.05,1021
0.05,1020
0.05,1019
0.05,1018
0.05,1017
0.05,1016
0.05,1015
0.05,1014
0.05,1013
0.05,1012
0.05,1011
0.05,1010
0.05,1009
0.05,1008
0.05,1007
0.05,1006
0.05,1005
0.05,1004
0.05,1003
0.05,1002
0.05,1001
0.05,1000
0.05,999
0.05,998
0.05,997
0.05,996
0.05,995
0.05,994
0.05,993
0.05,992
0.05,991
0.05,990
0.05,989
0.05,988
0.05,987
0.05,986
0.05,985
0.05,984
0.05,983
0.05,982
0.05,981
0.05,980
0.06,979
0.06,978
0.06,977
0.06,976
0.06,975
0.06,974
0.06,973
0.06,972
0.06,971
0.06,970
0.06,969
0.06,968
0.06,967
0.06,966
0.06,965
0.06,964
0.06,963
0.06,962
0.06,961
0.06,960
0.06,959
0.06,958
0.06,957
0.06,956
0.06,955
0.06,954
0.06,953
0.06,952
0.06,951
0.06,950
0.06,949
0.06,948
0.06,947
0.06,946
0.06,945
0.06,944
0.06,943
0.07,942
0.07,941
0.07,940
0.07,939
0.07,938
0.07,937
0.07,936
0.07,935
0.07,934
0.12,933
0.12,932
0.12,931
0.12,930
0.12,929
0.12,928
0.12,927
0.12,926
0.14,925
0.14,924
0.14,923
0.14,922
0.19,921
0.21,920
0.22,919
0.22,918
0.22,917
0.22,916
0.22,915
0.22,914
0.22,913
0.22,912
0.23,911
0.23,910
0.23,909
0.23,908
0.52,907
2.12,906
2.12,905
2.13,904
2.13,903
2.13,902
2.13,901
3.29,900
3.29,899
3.29,898
5.32,897
6.19,896
6.24,895
6.33,894
6.33,893
6.36,892
6.37,891
6.37,890
6.39,889
6.39,888
6.39,887
6.39,886
6.39,885
6.40,884
6.40,883
6.41,882
7.04,881
7.07,880
7.24,879
7.25,878
7.25,877
7.41,876
7.41,875
7.90,874
7.96,873
8.07,872
8.09,871
8.09,870
8.10,869
8.27,868
8.27,867
8.27,866
8.27,865
8.27,864
8.28,863
8.28,862
8.29,861
8.29,860
8.29,859
8.37,858
8.66,857
8.69,856
8.69,855
8.69,854
8.70,853
8.70,852
8.71,851
8.74,850
8.74,849
8.74,848
8.99,847
8.99,846
8.99,845
8.99,844
8.99,843
9.09,842
9.09,841
9.09,840
9.10,839
9.11,838
9.11,837
9.58,836
9.58,835
9.58,834
9.58,833
9.60,832
9.60,831
9.60,830
9.80,829
9.80,828
9.80,827
9.80,826
9.80,825
9.80,824
10.36,823
10.37,822
10.37,821
10.37,820
10.37,819
10.45,818
10.45,817
10.45,816
10.53,815
10.57,814
10.57,813
11.04,812
11.05,811
11.05,810
11.06,809
11.06,808
11.07,807
11.07,806
11.07,805
11.08,804
11.08,803
11.34,802
11.97,801
11.97,800
11.97,799
11.97,798
11.97,797
11.99,796
11.99,795
11.99,794
11.99,793
12.32,792
12.32,791
12.32,790
12.32,789
12.70,788
12.87,787
12.91,786
12.91,785
13.42,784
13.42,783
13.49,782
13.49,781
13.52,780
13.53,779
13.63,778
13.92,777
13.93,776
13.93,775
13.93,774
13.93,773
14.57,772
14.57,771
15.15,770
15.15,769
15.15,768
15.15,767
15.16,766
15.16,765
15.16,764
15.17,763
15.19,762
15.19,761
15.42,760
15.43,759
15.44,758
16.72,757
16.95,756
16.96,755
16.96,754
16.97,753
17.07,752
17.07,751
17.07,750
17.08,749
17.68,748
17.68,747
17.81,746
17.85,745
17.86,744
17.86,743
17.87,742
18.25,741
18.25,740
20.72,739
21.71,738
21.85,737
22.11,736
23.40,735
23.40,734
23.41,733
23.53,732
23.62,731
26.97,730
27.11,729
27.48,728
29.00,727
71.51,726
71.53,725
84.85,724
100.50,723
143.53,722
162.42,721
169.03,720
195.80,719
198.93,718
271.75,717
312.46,716
388.08,715
