0.04,1023
0.04,1022
0.04,1021
0.04,1020
0.04,1019
0.04,1018
0.04,1017
0.05,1016
0.05,1015
0.05,1014
0.05,1013
0.05,1012
0.05,1011
0.05,1010
0.05,1009
0.05,1008
0.05,1007
0.05,1006
0.05,1005
0.05,1004
0.05,1003
0.05,1002
0.05,1001
0.05,1000
0.05,999
0.05,998
0.05,997
0.05,996
0.05,995
0.05,994
0.05,993
0.05,992
0.05,991
0.05,990
0.05,989
0.05,988
0.05,987
0.05,986
0.05,985
0.05,984
0.05,983
0.05,982
0.05,981
0.05,980
0.05,979
0.05,978
0.05,977
0.05,976
0.05,975
0.05,974
0.05,973
0.05,972
0.05,971
0.05,970
0.05,969
0.05,968
0.05,967
0.05,966
0.05,965
0.05,964
0.06,963
0.06,962
0.06,961
0.06,960
0.06,959
0.06,958
0.06,957
0.06,956
0.06,955
0.06,954
0.06,953
0.06,952
0.06,951
0.06,950
0.06,949
0.06,948
0.06,947
0.06,946
0.06,945
0.06,944
0.06,943
0.06,942
0.06,941
0.06,940
0.06,939
0.06,938
0.06,937
0.06,936
0.06,935
0.06,934
0.07,933
0.07,932
0.07,931
0.07,930
0.07,929
0.07,928
0.07,927
0.08,926
0.08,925
0.08,924
0.08,923
0.08,922
0.08,921
0.08,920
0.08,919
0.08,918
0.08,917
0.09,916
0.09,915
0.09,914
0.09,913
0.09,912
0.09,911
0.09,910
0.09,909
0.92,908
0.92,907
0.92,906
0.97,905
0.97,904
0.97,903
0.97,902
3.14,901
3.30,900
4.24,899
4.63,898
4.64,897
4.64,896
4.64,895
5.27,894
5.27,893
5.27,892
5.27,891
5.27,890
5.27,889
5.27,888
5.27,887
5.27,886
6.34,885
6.35,884
6.35,883
6.35,882
6.35,881
6.56,880
6.56,879
6.56,878
6.64,877
6.64,876
6.88,875
6.88,874
6.99,873
7.00,872
7.00,871
7.00,870
7.54,869
7.57,868
7.57,867
7.57,866
7.68,865
7.68,864
7.68,863
7.81,862
7.81,861
7.81,860
7.81,859
7.81,858
7.81,857
7.82,856
7.93,855
7.93,854
7.93,853
7.93,852
7.93,851
7.93,850
8.54,849
8.54,848
8.54,847
8.55,846
8.55,845
8.71,844
8.86,843
8.86,842
8.87,841
9.19,840
9.19,839
9.19,838
9.19,837
9.19,836
9.19,835
9.19,834
9.23,833
9.23,832
9.26,831
9.26,830
9.27,829
9.27,828
9.57,827
9.57,826
9.57,825
9.57,824
9.65,823
10.01,822
10.01,821
10.01,820
10.03,819
10.04,818
10.04,817
10.04,816
10.04,815
10.04,814
10.04,813
10.59,812
10.59,811
10.59,810
10.59,809
10.59,808
10.71,807
10.71,806
10.71,805
10.73,804
10.74,803
10.74,802
10.74,801
10.75,800
10.76,799
10.78,798
10.79,797
10.80,796
10.80,795
10.80,794
10.87,793
10.87,792
10.87,791
10.88,790
10.88,789
11.16,788
11.25,787
11.26,786
11.26,785
11.26,784
11.26,783
11.47,782
11.48,781
12.11,780
12.11,779
12.11,778
12.48,777
12.48,776
12.48,775
12.48,774
12.48,773
12.48,772
12.71,771
12.80,770
12.81,769
12.81,768
13.20,767
13.20,766
13.72,765
14.04,764
14.05,763
14.09,762
14.12,761
14.35,760
14.35,759
14.36,758
14.36,757
15.77,756
15.79,755
15.81,754
15.81,753
16.30,752
16.32,751
16.61,750
16.76,749
16.77,748
16.77,747
16.79,746
16.79,745
16.82,744
16.83,743
17.14,742
17.14,741
18.74,740
18.74,739
19.61,738
19.63,737
20.88,736
21.82,735
22.48,734
22.48,733
22.57,732
23.56,731
24.34,730
24.35,729
25.11,728
25.12,727
34.97,726
37.60,725
38.90,724
59.00,723
59.48,722
91.26,721
97.92,720
188.87,719
207.57,718
211.66,717
378.08,716
382.26,715
