0.00,866
0.11,865
0.15,864
0.21,863
0.29,862
0.34,861
0.38,860
0.56,859
0.73,858
0.76,857
0.79,856
0.93,855
0.99,854
1.06,853
1.08,852
1.11,851
1.14,850
1.17,849
1.20,848
1.24,847
1.28,846
1.33,845
1.46,844
1.48,843
1.61,842
1.70,841
1.77,840
1.84,839
1.90,838
1.95,837
2.21,836
2.28,835
2.34,834
2.36,833
2.54,832
2.57,831
2.63,830
2.65,829
2.67,828
2.71,827
2.79,826
2.82,825
2.85,824
2.92,823
2.95,822
3.00,821
3.04,820
3.08,819
3.14,818
3.18,817
3.30,816
3.37,815
3.44,814
3.51,813
3.57,812
3.63,811
3.68,810
3.81,809
3.83,808
3.90,807
3.92,806
4.19,805
4.22,804
4.33,803
4.47,802
4.49,801
4.68,800
4.74,799
4.90,798
4.94,797
5.18,796
5.21,795
5.26,794
5.31,793
5.36,792
5.51,791
5.56,790
6.02,789
6.14,788
6.26,787
6.61,786
6.63,785
6.71,784
6.73,783
6.85,782
6.95,781
7.24,780
7.45,779
7.55,778
7.73,777
7.81,776
7.85,775
8.06,774
8.13,773
8.31,772
8.43,771
8.52,770
8.59,769
