0.00,858
0.04,857
0.08,856
0.19,855
0.25,854
0.27,853
0.38,852
0.40,851
0.47,850
0.50,849
0.55,848
0.58,847
0.61,846
0.63,845
0.74,844
0.88,843
0.93,842
0.98,841
1.00,840
1.08,839
1.15,838
1.27,837
1.37,836
1.41,835
1.53,834
1.56,833
1.67,832
1.71,831
1.73,830
1.78,829
1.82,828
1.83,827
1.88,826
1.96,825
2.05,824
2.36,823
2.59,822
2.64,821
2.70,820
2.80,819
2.87,818
2.97,817
3.08,816
3.15,815
3.24,814
3.31,813
3.36,812
3.43,811
3.49,810
3.53,809
3.60,808
3.65,807
3.73,806
3.82,805
3.89,804
3.91,803
3.95,802
4.10,801
4.20,800
4.36,799
4.82,798
4.94,797
5.01,796
5.09,795
5.15,794
5.21,793
5.29,792
5.38,791
5.44,790
5.48,789
5.57,788
5.66,787
5.76,786
5.84,785
5.98,784
6.13,783
6.22,782
6.31,781
6.36,780
6.52,779
6.59,778
6.64,777
6.79,776
6.82,775
7.01,774
7.19,773
7.30,772
7.33,771
7.40,770
7.43,769
7.44,768
7.56,767
7.64,766
7.73,765
