0.05,1132
0.05,1131
0.06,1130
0.06,1129
0.06,1128
0.06,1127
0.06,1126
0.06,1125
0.06,1124
0.06,1123
0.06,1122
0.06,1121
0.06,1120
0.06,1119
0.06,1118
0.06,1117
0.06,1116
0.06,1115
0.06,1114
0.06,1113
0.06,1112
0.06,1111
0.06,1110
0.06,1109
0.06,1108
0.06,1107
0.06,1106
0.06,1105
0.06,1104
0.06,1103
0.06,1102
0.07,1101
0.07,1100
0.07,1099
0.07,1098
0.07,1097
0.07,1096
0.07,1095
0.07,1094
0.07,1093
0.07,1092
0.07,1091
0.07,1090
0.07,1089
0.07,1088
0.07,1087
0.08,1086
0.08,1085
0.08,1084
0.08,1083
0.08,1082
0.08,1081
0.08,1080
0.08,1079
0.08,1078
0.08,1077
0.09,1076
0.09,1075
0.09,1074
0.09,1073
0.09,1072
0.09,1071
0.09,1070
0.09,1069
0.09,1068
0.09,1067
0.09,1066
0.09,1065
0.09,1064
0.10,1063
0.10,1062
0.10,1061
0.10,1060
0.10,1059
0.10,1058
0.10,1057
0.10,1056
0.10,1055
0.10,1054
0.10,1053
0.10,1052
0.10,1051
0.10,1050
0.10,1049
0.10,1048
0.10,1047
0.11,1046
0.11,1045
0.11,1044
0.11,1043
0.11,1042
0.11,1041
0.11,1040
0.11,1039
0.12,1038
0.12,1037
0.12,1036
0.12,1035
0.12,1034
0.12,1033
0.12,1032
0.12,1031
0.13,1030
0.15,1029
0.15,1028
0.15,1027
0.15,1026
0.17,1025
0.17,1024
0.17,1023
0.17,1022
0.17,1021
0.17,1020
0.17,1019
0.17,1018
0.17,1017
0.17,1016
0.17,1015
0.19,1014
0.19,1013
0.19,1012
0.19,1011
0.19,1010
0.19,1009
0.19,1008
0.19,1007
0.19,1006
0.19,1005
0.20,1004
0.20,1003
0.21,1002
0.21,1001
0.21,1000
0.21,999
0.22,998
0.22,997
0.22,996
0.22,995
0.22,994
0.22,993
0.22,992
0.22,991
0.22,990
0.22,989
0.22,988
0.22,987
0.22,986
0.23,985
0.23,984
0.23,983
0.23,982
0.31,981
0.31,980
0.31,979
0.31,978
0.33,977
0.33,976
0.33,975
0.45,974
0.46,973
0.47,972
0.47,971
0.47,970
0.47,969
0.47,968
0.47,967
0.47,966
0.47,965
0.81,964
0.81,963
0.81,962
0.81,961
0.81,960
0.81,959
0.82,958
0.82,957
3.77,956
3.78,955
3.78,954
3.80,953
3.84,952
3.84,951
3.84,950
3.85,949
3.85,948
3.85,947
3.85,946
3.85,945
3.85,944
3.85,943
3.85,942
3.85,941
3.86,940
3.86,939
3.86,938
3.86,937
3.86,936
7.80,935
7.80,934
7.81,933
7.81,932
7.81,931
7.81,930
7.81,929
7.82,928
8.64,927
8.65,926
8.65,925
8.65,924
8.65,923
8.65,922
8.65,921
8.65,920
8.79,919
10.38,918
11.50,917
11.50,916
11.50,915
11.51,914
11.51,913
11.51,912
11.51,911
11.51,910
11.51,909
11.51,908
11.52,907
11.52,906
11.52,905
12.31,904
12.32,903
12.32,902
12.32,901
12.33,900
12.33,899
12.33,898
12.33,897
12.33,896
12.33,895
12.33,894
12.33,893
12.33,892
12.33,891
12.34,890
12.34,889
12.34,888
12.34,887
12.34,886
12.52,885
12.52,884
12.53,883
12.53,882
12.98,881
12.98,880
12.98,879
12.98,878
12.98,877
13.24,876
13.24,875
13.24,874
13.25,873
13.25,872
13.25,871
13.38,870
13.39,869
13.39,868
13.39,867
13.40,866
13.40,865
13.40,864
13.49,863
13.49,862
14.11,861
14.11,860
14.12,859
14.12,858
14.12,857
14.12,856
14.12,855
14.12,854
14.17,853
14.17,852
14.25,851
14.25,850
15.09,849
15.09,848
15.09,847
15.09,846
15.09,845
15.09,844
15.10,843
15.10,842
15.10,841
15.11,840
15.83,839
15.83,838
15.83,837
15.91,836
15.91,835
15.94,834
15.94,833
15.94,832
16.16,831
16.16,830
16.17,829
16.17,828
16.17,827
16.17,826
16.18,825
16.18,824
16.18,823
16.18,822
16.18,821
16.18,820
16.18,819
16.18,818
16.21,817
16.21,816
16.21,815
16.29,814
16.43,813
16.43,812
16.44,811
16.44,810
16.44,809
16.44,808
16.46,807
16.46,806
16.48,805
16.48,804
16.48,803
16.48,802
16.48,801
16.56,800
16.56,799
16.56,798
16.75,797
16.76,796
16.76,795
16.76,794
16.76,793
16.77,792
16.77,791
16.77,790
16.78,789
16.79,788
16.79,787
16.79,786
16.80,785
16.80,784
16.80,783
16.80,782
16.80,781
16.80,780
16.81,779
16.81,778
16.81,777
16.81,776
16.81,775
16.81,774
16.81,773
16.81,772
16.81,771
16.81,770
16.84,769
16.85,768
16.85,767
16.85,766
16.86,765
16.87,764
16.87,763
17.72,762
17.72,761
17.72,760
17.72,759
17.72,758
17.73,757
17.73,756
18.54,755
18.54,754
18.54,753
18.54,752
18.55,751
18.55,750
18.56,749
18.56,748
18.56,747
18.57,746
18.57,745
18.57,744
18.58,743
18.58,742
18.58,741
18.59,740
18.61,739
18.61,738
18.61,737
18.62,736
18.62,735
18.62,734
18.63,733
18.63,732
18.64,731
18.64,730
18.64,729
18.64,728
18.72,727
18.73,726
18.74,725
18.75,724
18.75,723
18.75,722
18.75,721
18.75,720
18.75,719
18.81,718
18.81,717
18.97,716
18.97,715
18.97,714
20.12,713
20.12,712
20.12,711
20.12,710
20.16,709
20.16,708
20.16,707
20.16,706
20.46,705
20.46,704
20.46,703
20.56,702
20.87,701
20.90,700
20.90,699
20.90,698
20.90,697
20.90,696
20.91,695
20.91,694
21.97,693
21.97,692
21.97,691
22.00,690
22.01,689
22.10,688
22.10,687
22.10,686
22.11,685
22.11,684
22.12,683
22.16,682
22.17,681
22.17,680
22.18,679
22.18,678
22.19,677
22.25,676
22.52,675
22.53,674
22.53,673
22.55,672
23.80,671
23.81,670
23.82,669
23.82,668
23.84,667
23.84,666
23.85,665
23.85,664
23.85,663
24.75,662
24.77,661
24.77,660
25.02,659
25.06,658
25.16,657
25.74,656
26.08,655
26.55,654
26.56,653
26.56,652
26.63,651
26.64,650
26.68,649
26.69,648
27.50,647
27.50,646
28.21,645
28.21,644
28.24,643
28.24,642
28.25,641
28.25,640
28.66,639
28.66,638
28.66,637
30.00,636
30.01,635
30.11,634
31.30,633
31.91,632
31.91,631
31.94,630
31.94,629
31.94,628
31.95,627
31.95,626
33.32,625
33.34,624
33.52,623
33.70,622
33.70,621
33.71,620
33.79,619
33.80,618
36.17,617
36.18,616
37.12,615
37.13,614
37.40,613
37.41,612
38.73,611
42.72,610
45.59,609
45.60,608
48.40,607
50.41,606
56.49,605
60.25,604
61.14,603
63.15,602
69.41,601
88.83,600
130.16,599
133.10,598
175.22,597
289.43,596
