0.05,1132
0.06,1131
0.06,1130
0.06,1129
0.06,1128
0.06,1127
0.06,1126
0.06,1125
0.06,1124
0.06,1123
0.06,1122
0.06,1121
0.06,1120
0.06,1119
0.06,1118
0.06,1117
0.06,1116
0.06,1115
0.06,1114
0.06,1113
0.06,1112
0.06,1111
0.06,1110
0.06,1109
0.06,1108
0.06,1107
0.06,1106
0.06,1105
0.06,1104
0.06,1103
0.06,1102
0.06,1101
0.07,1100
0.07,1099
0.07,1098
0.07,1097
0.07,1096
0.07,1095
0.07,1094
0.07,1093
0.07,1092
0.07,1091
0.07,1090
0.07,1089
0.07,1088
0.07,1087
0.07,1086
0.07,1085
0.07,1084
0.07,1083
0.07,1082
0.07,1081
0.07,1080
0.07,1079
0.07,1078
0.07,1077
0.07,1076
0.07,1075
0.07,1074
0.08,1073
0.08,1072
0.08,1071
0.08,1070
0.08,1069
0.08,1068
0.08,1067
0.08,1066
0.08,1065
0.08,1064
0.08,1063
0.08,1062
0.08,1061
0.08,1060
0.08,1059
0.08,1058
0.08,1057
0.08,1056
0.08,1055
0.09,1054
0.09,1053
0.09,1052
0.09,1051
0.09,1050
0.09,1049
0.09,1048
0.09,1047
0.09,1046
0.09,1045
0.10,1044
0.10,1043
0.10,1042
0.10,1041
0.10,1040
0.10,1039
0.10,1038
0.10,1037
0.10,1036
0.10,1035
0.10,1034
0.10,1033
0.10,1032
0.10,1031
0.10,1030
0.10,1029
0.10,1028
0.10,1027
0.10,1026
0.10,1025
0.10,1024
0.11,1023
0.11,1022
0.11,1021
0.11,1020
0.11,1019
0.13,1018
0.13,1017
0.13,1016
0.13,1015
0.13,1014
0.13,1013
0.13,1012
0.13,1011
0.13,1010
0.13,1009
0.13,1008
0.13,1007
0.13,1006
0.13,1005
0.13,1004
0.13,1003
0.13,1002
0.13,1001
0.15,1000
0.15,999
0.15,998
0.15,997
0.17,996
0.17,995
0.17,994
0.17,993
0.17,992
0.21,991
0.21,990
0.21,989
0.22,988
0.22,987
0.23,986
0.23,985
0.23,984
0.23,983
0.23,982
0.23,981
0.25,980
0.25,979
0.25,978
0.42,977
0.43,976
0.43,975
0.43,974
0.44,973
0.44,972
0.61,971
0.61,970
0.61,969
0.61,968
0.61,967
0.61,966
0.62,965
0.66,964
0.66,963
0.66,962
0.68,961
0.68,960
0.68,959
0.68,958
0.87,957
0.87,956
0.98,955
1.10,954
1.10,953
1.10,952
1.10,951
1.11,950
4.12,949
5.15,948
5.16,947
5.16,946
5.16,945
5.16,944
5.16,943
5.39,942
5.39,941
5.39,940
5.87,939
7.23,938
7.23,937
7.23,936
7.23,935
7.23,934
7.23,933
7.23,932
7.23,931
7.23,930
9.49,929
10.00,928
10.01,927
10.01,926
10.01,925
10.01,924
10.01,923
10.01,922
10.17,921
10.17,920
10.17,919
10.17,918
10.17,917
10.19,916
10.20,915
10.20,914
10.20,913
10.20,912
10.21,911
10.21,910
10.21,909
10.22,908
10.22,907
10.22,906
10.24,905
10.48,904
10.49,903
10.50,902
10.98,901
10.98,900
10.99,899
11.00,898
11.00,897
11.00,896
11.00,895
11.38,894
11.38,893
11.38,892
11.39,891
11.39,890
11.39,889
11.39,888
11.39,887
11.39,886
11.40,885
11.40,884
11.40,883
11.40,882
11.40,881
11.40,880
11.50,879
11.50,878
11.50,877
11.50,876
11.50,875
11.50,874
11.50,873
11.50,872
11.50,871
12.51,870
12.62,869
12.62,868
12.62,867
12.62,866
12.62,865
12.62,864
12.63,863
12.63,862
12.63,861
13.18,860
13.19,859
13.19,858
13.19,857
13.24,856
13.25,855
13.25,854
13.25,853
13.25,852
13.43,851
13.43,850
13.43,849
13.43,848
13.43,847
13.50,846
13.50,845
13.50,844
13.50,843
13.50,842
13.50,841
13.50,840
13.51,839
13.61,838
13.61,837
13.61,836
13.62,835
13.62,834
13.63,833
13.63,832
13.63,831
13.65,830
13.68,829
13.68,828
13.68,827
13.68,826
13.68,825
13.98,824
13.98,823
13.98,822
13.98,821
13.98,820
13.98,819
13.99,818
13.99,817
14.30,816
14.30,815
14.30,814
14.30,813
14.31,812
14.31,811
14.52,810
14.52,809
14.52,808
14.62,807
14.62,806
14.62,805
14.62,804
14.62,803
14.63,802
14.66,801
14.66,800
14.66,799
14.92,798
14.92,797
14.92,796
14.93,795
14.93,794
14.96,793
14.96,792
14.97,791
14.98,790
14.98,789
14.98,788
14.99,787
15.64,786
15.64,785
15.71,784
15.75,783
15.75,782
15.75,781
15.80,780
15.80,779
15.80,778
15.80,777
15.81,776
15.81,775
15.81,774
15.82,773
15.82,772
15.82,771
15.82,770
15.82,769
15.82,768
15.82,767
15.82,766
15.82,765
16.06,764
16.06,763
16.10,762
16.10,761
16.11,760
16.11,759
16.52,758
16.52,757
16.54,756
16.54,755
16.56,754
16.56,753
16.66,752
16.66,751
16.66,750
16.66,749
16.66,748
16.70,747
16.70,746
16.70,745
16.70,744
16.70,743
16.70,742
16.70,741
17.49,740
17.84,739
17.84,738
17.84,737
17.84,736
17.84,735
17.84,734
18.17,733
18.17,732
18.17,731
18.17,730
18.17,729
18.17,728
18.21,727
18.21,726
18.21,725
18.27,724
18.28,723
18.29,722
18.29,721
18.29,720
18.29,719
18.30,718
18.30,717
18.31,716
18.31,715
18.31,714
18.31,713
18.32,712
18.60,711
18.60,710
18.89,709
18.89,708
18.89,707
18.89,706
18.90,705
18.90,704
18.91,703
18.91,702
18.91,701
18.92,700
18.92,699
18.92,698
18.92,697
18.92,696
18.92,695
18.92,694
19.56,693
19.57,692
19.57,691
19.60,690
19.61,689
19.81,688
19.94,687
19.94,686
19.96,685
19.97,684
19.97,683
20.09,682
20.14,681
20.15,680
20.15,679
20.15,678
20.15,677
20.16,676
20.16,675
20.17,674
20.17,673
20.17,672
21.75,671
21.75,670
21.75,669
21.75,668
21.76,667
21.76,666
21.76,665
21.78,664
21.80,663
21.80,662
21.80,661
21.81,660
22.11,659
22.12,658
22.12,657
22.12,656
22.13,655
22.13,654
22.15,653
23.02,652
23.02,651
23.03,650
23.03,649
23.03,648
23.03,647
23.04,646
23.04,645
24.14,644
24.15,643
24.16,642
24.16,641
24.18,640
24.20,639
24.20,638
24.28,637
24.28,636
27.57,635
27.57,634
28.94,633
29.54,632
29.62,631
29.62,630
29.72,629
29.76,628
29.77,627
29.78,626
29.78,625
29.89,624
30.08,623
30.08,622
30.08,621
30.09,620
30.09,619
30.13,618
32.14,617
32.16,616
32.16,615
32.62,614
32.70,613
40.05,612
41.19,611
41.19,610
41.19,609
42.21,608
42.22,607
45.42,606
45.44,605
45.44,604
45.48,603
50.74,602
59.13,601
65.77,600
65.86,599
69.95,598
