0.07,1132
0.07,1131
0.07,1130
0.07,1129
0.07,1128
0.07,1127
0.07,1126
0.07,1125
0.07,1124
0.07,1123
0.07,1122
0.07,1121
0.07,1120
0.07,1119
0.08,1118
0.08,1117
0.08,1116
0.08,1115
0.08,1114
0.08,1113
0.08,1112
0.08,1111
0.08,1110
0.08,1109
0.08,1108
0.08,1107
0.08,1106
0.08,1105
0.08,1104
0.08,1103
0.08,1102
0.08,1101
0.08,1100
0.08,1099
0.08,1098
0.08,1097
0.08,1096
0.08,1095
0.08,1094
0.08,1093
0.08,1092
0.08,1091
0.08,1090
0.08,1089
0.08,1088
0.08,1087
0.08,1086
0.08,1085
0.08,1084
0.08,1083
0.08,1082
0.09,1081
0.09,1080
0.09,1079
0.09,1078
0.10,1077
0.10,1076
0.10,1075
0.10,1074
0.10,1073
0.10,1072
0.10,1071
0.10,1070
0.10,1069
0.10,1068
0.10,1067
0.10,1066
0.10,1065
0.10,1064
0.10,1063
0.10,1062
0.10,1061
0.11,1060
0.11,1059
0.11,1058
0.11,1057
0.11,1056
0.11,1055
0.11,1054
0.11,1053
0.11,1052
0.12,1051
0.12,1050
0.12,1049
0.12,1048
0.12,1047
0.12,1046
0.12,1045
0.13,1044
0.13,1043
0.13,1042
0.13,1041
0.13,1040
0.13,1039
0.13,1038
0.13,1037
0.13,1036
0.13,1035
0.14,1034
0.14,1033
0.14,1032
0.14,1031
0.14,1030
0.14,1029
0.14,1028
0.14,1027
0.14,1026
0.14,1025
0.14,1024
0.15,1023
0.15,1022
0.15,1021
0.15,1020
0.15,1019
0.15,1018
0.15,1017
0.16,1016
0.16,1015
0.16,1014
0.16,1013
0.16,1012
0.16,1011
0.16,1010
0.16,1009
0.16,1008
0.16,1007
0.16,1006
0.16,1005
0.16,1004
0.20,1003
0.20,1002
0.20,1001
0.20,1000
0.34,999
0.36,998
0.36,997
0.36,996
0.38,995
0.38,994
0.38,993
0.38,992
0.38,991
0.40,990
0.40,989
0.41,988
0.41,987
0.41,986
0.41,985
0.42,984
0.42,983
0.42,982
0.42,981
0.45,980
0.45,979
0.45,978
0.55,977
0.55,976
0.55,975
0.55,974
0.55,973
0.55,972
0.62,971
0.64,970
0.64,969
0.64,968
0.64,967
0.64,966
0.66,965
1.61,964
1.62,963
1.62,962
1.63,961
3.46,960
3.47,959
3.47,958
3.47,957
3.47,956
3.47,955
3.47,954
3.47,953
3.47,952
3.47,951
3.47,950
3.47,949
3.47,948
3.48,947
3.48,946
4.27,945
5.25,944
5.25,943
5.25,942
5.25,941
7.24,940
7.25,939
7.25,938
8.69,937
8.70,936
8.70,935
8.70,934
8.70,933
8.72,932
8.72,931
8.72,930
9.18,929
9.18,928
9.19,927
9.19,926
9.19,925
11.67,924
11.77,923
11.77,922
11.77,921
11.77,920
11.77,919
11.77,918
11.77,917
11.77,916
11.77,915
11.77,914
11.77,913
11.77,912
11.77,911
11.78,910
11.79,909
11.79,908
11.79,907
11.83,906
11.95,905
11.95,904
11.95,903
11.95,902
11.95,901
11.95,900
11.95,899
11.96,898
12.64,897
12.64,896
12.64,895
12.64,894
12.64,893
12.65,892
12.65,891
12.65,890
12.66,889
12.66,888
12.66,887
12.66,886
12.66,885
12.66,884
12.66,883
12.66,882
12.66,881
12.67,880
12.67,879
12.67,878
12.67,877
12.67,876
12.67,875
14.46,874
14.46,873
14.47,872
14.47,871
14.48,870
14.48,869
14.52,868
14.52,867
14.52,866
14.52,865
14.52,864
14.53,863
14.53,862
14.53,861
14.53,860
14.53,859
14.53,858
14.54,857
15.29,856
15.41,855
15.41,854
15.41,853
15.41,852
15.41,851
15.42,850
15.42,849
15.42,848
15.42,847
15.42,846
15.42,845
15.42,844
15.42,843
15.42,842
15.42,841
15.42,840
15.43,839
15.43,838
15.43,837
15.45,836
15.45,835
16.52,834
16.53,833
16.53,832
16.53,831
16.62,830
16.62,829
16.62,828
16.62,827
16.63,826
16.63,825
16.63,824
16.63,823
16.63,822
16.67,821
16.68,820
16.68,819
16.69,818
16.69,817
16.69,816
16.70,815
16.71,814
16.71,813
16.71,812
16.71,811
16.74,810
16.74,809
16.79,808
16.79,807
16.96,806
16.97,805
16.97,804
16.97,803
16.97,802
16.97,801
16.99,800
17.00,799
17.09,798
17.09,797
17.09,796
17.20,795
17.21,794
17.21,793
17.22,792
17.22,791
17.22,790
17.30,789
17.30,788
17.31,787
17.31,786
17.31,785
17.34,784
17.34,783
17.34,782
18.53,781
18.57,780
18.57,779
18.64,778
18.64,777
18.64,776
18.67,775
18.67,774
18.69,773
18.72,772
18.72,771
18.73,770
18.75,769
18.75,768
18.75,767
18.75,766
18.75,765
18.75,764
18.84,763
18.85,762
18.85,761
18.86,760
18.86,759
18.86,758
19.11,757
19.11,756
19.11,755
19.20,754
19.34,753
19.37,752
19.38,751
19.39,750
19.50,749
19.50,748
19.50,747
20.37,746
20.37,745
20.37,744
20.37,743
20.37,742
20.37,741
20.38,740
20.38,739
20.39,738
20.40,737
20.40,736
20.40,735
20.40,734
20.40,733
20.49,732
20.49,731
20.49,730
20.51,729
20.51,728
20.58,727
20.58,726
20.58,725
20.59,724
20.59,723
20.59,722
20.61,721
20.61,720
20.61,719
20.61,718
20.61,717
20.61,716
20.61,715
20.61,714
20.67,713
21.70,712
21.70,711
21.70,710
21.71,709
21.71,708
21.80,707
21.80,706
21.82,705
21.82,704
21.83,703
21.85,702
21.86,701
21.86,700
21.86,699
21.86,698
21.86,697
21.86,696
22.98,695
22.98,694
22.98,693
22.98,692
22.98,691
22.99,690
22.99,689
22.99,688
22.99,687
22.99,686
22.99,685
22.99,684
22.99,683
23.31,682
23.31,681
23.31,680
23.32,679
23.32,678
23.33,677
23.33,676
23.33,675
23.33,674
23.33,673
23.34,672
23.37,671
24.19,670
24.21,669
24.62,668
24.68,667
24.69,666
24.69,665
24.69,664
24.88,663
25.25,662
25.25,661
25.25,660
25.26,659
25.27,658
25.29,657
25.29,656
25.45,655
25.45,654
26.37,653
26.37,652
26.37,651
26.37,650
26.44,649
26.44,648
26.45,647
26.53,646
26.53,645
26.54,644
26.55,643
26.59,642
27.18,641
27.22,640
28.92,639
29.03,638
29.04,637
29.07,636
29.07,635
30.35,634
30.35,633
30.35,632
30.36,631
31.15,630
31.19,629
31.20,628
31.22,627
31.22,626
31.24,625
33.06,624
33.06,623
33.08,622
33.42,621
33.43,620
33.46,619
33.47,618
33.49,617
34.40,616
34.43,615
37.96,614
38.46,613
38.46,612
42.51,611
42.57,610
42.57,609
44.17,608
48.68,607
48.68,606
48.69,605
54.23,604
54.36,603
55.82,602
55.84,601
121.89,600
133.76,599
