0.00,736
0.15,735
0.20,734
0.24,733
0.31,732
0.35,731
0.56,730
0.64,729
0.72,728
0.83,727
0.99,726
1.18,725
1.52,724
1.69,723
1.80,722
1.83,721
1.90,720
2.07,719
2.11,718
2.15,717
2.21,716
2.24,715
2.36,714
2.68,713
2.89,712
3.04,711
3.50,710
3.53,709
3.62,708
3.66,707
3.74,706
3.80,705
3.85,704
4.10,703
4.28,702
4.41,701
4.60,700
4.75,699
4.87,698
4.93,697
5.04,696
5.19,695
5.28,694
5.38,693
5.41,692
5.68,691
5.72,690
5.75,689
5.82,688
5.85,687
5.93,686
6.13,685
6.15,684
6.32,683
6.49,682
6.53,681
6.56,680
6.60,679
6.63,678
6.68,677
6.75,676
6.85,675
6.95,674
6.99,673
7.10,672
7.13,671
7.16,670
7.19,669
7.31,668
7.43,667
7.57,666
7.67,665
7.75,664
7.84,663
8.01,662
8.11,661
8.24,660
8.43,659
8.55,658
8.58,657
8.93,656
8.99,655
9.19,654
9.30,653
9.41,652
9.60,651
9.75,650
9.80,649
9.92,648
9.98,647
10.13,646
10.25,645
10.37,644
10.51,643
10.56,642
10.60,641
10.66,640
11.02,639
11.10,638
11.35,637
11.46,636
11.57,635
11.69,634
11.77,633
11.84,632
