0.07,1132
0.07,1131
0.07,1130
0.07,1129
0.07,1128
0.07,1127
0.08,1126
0.08,1125
0.08,1124
0.08,1123
0.08,1122
0.08,1121
0.08,1120
0.08,1119
0.08,1118
0.08,1117
0.08,1116
0.08,1115
0.08,1114
0.08,1113
0.08,1112
0.08,1111
0.08,1110
0.08,1109
0.08,1108
0.08,1107
0.08,1106
0.08,1105
0.09,1104
0.09,1103
0.09,1102
0.09,1101
0.09,1100
0.09,1099
0.09,1098
0.09,1097
0.09,1096
0.09,1095
0.09,1094
0.09,1093
0.09,1092
0.09,1091
0.09,1090
0.09,1089
0.10,1088
0.10,1087
0.10,1086
0.10,1085
0.10,1084
0.10,1083
0.10,1082
0.10,1081
0.10,1080
0.10,1079
0.10,1078
0.10,1077
0.10,1076
0.10,1075
0.10,1074
0.10,1073
0.11,1072
0.11,1071
0.11,1070
0.11,1069
0.11,1068
0.11,1067
0.11,1066
0.12,1065
0.12,1064
0.12,1063
0.12,1062
0.12,1061
0.12,1060
0.12,1059
0.13,1058
0.13,1057
0.13,1056
0.13,1055
0.13,1054
0.14,1053
0.14,1052
0.14,1051
0.14,1050
0.14,1049
0.14,1048
0.14,1047
0.14,1046
0.14,1045
0.14,1044
0.14,1043
0.14,1042
0.14,1041
0.14,1040
0.14,1039
0.14,1038
0.14,1037
0.15,1036
0.15,1035
0.15,1034
0.15,1033
0.15,1032
0.16,1031
0.16,1030
0.16,1029
0.16,1028
0.16,1027
0.16,1026
0.16,1025
0.16,1024
0.17,1023
0.17,1022
0.17,1021
0.17,1020
0.17,1019
0.17,1018
0.17,1017
0.17,1016
0.17,1015
0.17,1014
0.17,1013
0.17,1012
0.17,1011
0.17,1010
0.17,1009
0.17,1008
0.17,1007
0.18,1006
0.18,1005
0.26,1004
0.26,1003
0.26,1002
0.29,1001
0.29,1000
0.29,999
0.29,998
0.29,997
0.29,996
0.29,995
0.29,994
0.29,993
0.31,992
0.39,991
0.39,990
0.39,989
0.39,988
0.39,987
0.39,986
0.39,985
0.40,984
0.40,983
0.40,982
0.44,981
0.45,980
0.49,979
0.50,978
0.50,977
0.50,976
0.52,975
0.52,974
0.52,973
0.52,972
0.52,971
0.52,970
0.53,969
0.53,968
0.53,967
0.54,966
0.54,965
0.54,964
0.54,963
0.54,962
0.54,961
0.54,960
0.54,959
0.54,958
0.55,957
0.65,956
0.65,955
0.66,954
0.66,953
0.66,952
0.74,951
0.74,950
0.74,949
1.01,948
1.01,947
1.01,946
1.01,945
1.05,944
1.05,943
2.91,942
4.92,941
4.92,940
4.92,939
4.92,938
4.92,937
4.92,936
4.92,935
4.92,934
4.92,933
4.92,932
4.92,931
4.92,930
11.02,929
11.02,928
11.02,927
11.03,926
11.03,925
11.03,924
11.03,923
11.03,922
11.03,921
11.03,920
11.03,919
11.03,918
11.03,917
11.06,916
11.06,915
11.06,914
11.06,913
11.07,912
11.07,911
11.07,910
11.07,909
12.01,908
12.01,907
12.01,906
12.01,905
12.06,904
12.31,903
12.31,902
12.32,901
12.32,900
12.32,899
12.32,898
12.32,897
12.33,896
12.33,895
12.33,894
12.33,893
12.33,892
12.33,891
12.33,890
12.33,889
12.33,888
13.33,887
13.36,886
13.37,885
13.37,884
13.37,883
13.37,882
13.37,881
13.37,880
13.37,879
13.37,878
13.37,877
13.37,876
13.42,875
13.42,874
13.42,873
13.42,872
14.20,871
14.20,870
14.20,869
14.70,868
14.95,867
14.95,866
14.95,865
14.95,864
14.95,863
14.96,862
14.96,861
14.96,860
14.98,859
14.98,858
16.04,857
16.04,856
16.04,855
16.07,854
16.07,853
16.08,852
16.09,851
16.09,850
16.09,849
16.09,848
16.09,847
16.21,846
16.21,845
16.21,844
16.22,843
16.22,842
16.22,841
16.22,840
16.41,839
16.41,838
16.41,837
16.41,836
16.41,835
16.41,834
16.41,833
16.41,832
16.48,831
16.48,830
16.49,829
16.63,828
16.64,827
16.64,826
16.64,825
16.64,824
16.64,823
16.65,822
16.65,821
16.65,820
16.83,819
16.84,818
16.89,817
16.89,816
16.90,815
16.90,814
17.35,813
17.44,812
17.48,811
17.48,810
17.59,809
18.21,808
18.33,807
18.33,806
18.33,805
18.34,804
18.35,803
18.35,802
18.35,801
18.36,800
18.36,799
18.36,798
18.36,797
18.37,796
18.37,795
18.37,794
18.38,793
18.38,792
18.42,791
18.42,790
18.42,789
18.42,788
18.42,787
18.42,786
18.43,785
18.43,784
18.43,783
18.43,782
18.43,781
18.43,780
18.44,779
18.44,778
18.44,777
18.44,776
18.52,775
18.53,774
18.53,773
18.53,772
18.53,771
18.53,770
18.53,769
18.54,768
18.54,767
18.55,766
18.55,765
18.55,764
18.56,763
18.56,762
18.56,761
18.56,760
18.56,759
18.56,758
18.62,757
18.62,756
18.64,755
18.64,754
18.64,753
18.64,752
18.79,751
18.92,750
18.93,749
18.93,748
18.95,747
18.95,746
18.97,745
19.07,744
19.08,743
19.63,742
19.63,741
19.63,740
19.64,739
19.64,738
19.76,737
19.77,736
19.77,735
19.77,734
19.78,733
19.78,732
19.78,731
19.78,730
19.79,729
19.79,728
20.35,727
20.65,726
20.65,725
21.19,724
21.20,723
21.20,722
21.20,721
21.21,720
21.22,719
21.23,718
21.25,717
21.48,716
21.48,715
21.48,714
21.58,713
21.69,712
21.82,711
21.92,710
21.92,709
21.92,708
21.99,707
21.99,706
21.99,705
21.99,704
21.99,703
21.99,702
22.00,701
22.00,700
22.00,699
22.07,698
22.07,697
22.07,696
22.07,695
22.07,694
22.07,693
22.08,692
22.08,691
22.09,690
22.35,689
22.35,688
22.35,687
22.35,686
22.35,685
22.44,684
22.53,683
22.53,682
22.54,681
22.54,680
23.61,679
23.61,678
23.62,677
23.63,676
23.63,675
23.63,674
23.63,673
23.66,672
23.66,671
23.91,670
23.91,669
23.91,668
23.91,667
24.18,666
24.18,665
24.18,664
24.18,663
24.19,662
24.92,661
25.19,660
25.34,659
25.47,658
25.47,657
25.48,656
25.49,655
25.50,654
25.53,653
25.53,652
27.00,651
27.00,650
27.00,649
27.00,648
27.20,647
27.21,646
27.21,645
27.21,644
27.21,643
27.22,642
27.22,641
27.92,640
27.92,639
27.92,638
27.93,637
28.02,636
28.34,635
28.36,634
28.36,633
28.36,632
28.36,631
29.03,630
29.06,629
29.08,628
29.17,627
29.18,626
30.83,625
30.85,624
30.85,623
31.12,622
31.14,621
31.16,620
34.37,619
34.37,618
35.42,617
35.43,616
35.44,615
37.31,614
37.31,613
37.33,612
39.28,611
39.29,610
40.22,609
40.34,608
40.34,607
45.74,606
45.75,605
45.79,604
46.00,603
55.38,602
55.56,601
58.24,600
58.25,599
65.37,598
68.08,597
92.98,596
