0.06,1132
0.06,1131
0.06,1130
0.06,1129
0.06,1128
0.06,1127
0.06,1126
0.06,1125
0.06,1124
0.06,1123
0.06,1122
0.06,1121
0.06,1120
0.06,1119
0.06,1118
0.06,1117
0.06,1116
0.06,1115
0.06,1114
0.06,1113
0.06,1112
0.06,1111
0.06,1110
0.06,1109
0.06,1108
0.06,1107
0.07,1106
0.07,1105
0.07,1104
0.07,1103
0.07,1102
0.07,1101
0.07,1100
0.07,1099
0.07,1098
0.07,1097
0.07,1096
0.07,1095
0.07,1094
0.07,1093
0.07,1092
0.07,1091
0.08,1090
0.08,1089
0.08,1088
0.08,1087
0.08,1086
0.08,1085
0.08,1084
0.08,1083
0.08,1082
0.08,1081
0.08,1080
0.08,1079
0.08,1078
0.08,1077
0.08,1076
0.08,1075
0.08,1074
0.08,1073
0.08,1072
0.08,1071
0.08,1070
0.09,1069
0.09,1068
0.09,1067
0.09,1066
0.09,1065
0.09,1064
0.09,1063
0.09,1062
0.09,1061
0.09,1060
0.09,1059
0.09,1058
0.10,1057
0.11,1056
0.11,1055
0.11,1054
0.11,1053
0.11,1052
0.11,1051
0.11,1050
0.11,1049
0.11,1048
0.11,1047
0.11,1046
0.11,1045
0.11,1044
0.11,1043
0.11,1042
0.11,1041
0.11,1040
0.11,1039
0.11,1038
0.11,1037
0.11,1036
0.11,1035
0.11,1034
0.11,1033
0.12,1032
0.12,1031
0.12,1030
0.12,1029
0.12,1028
0.12,1027
0.12,1026
0.12,1025
0.12,1024
0.12,1023
0.12,1022
0.12,1021
0.12,1020
0.19,1019
0.19,1018
0.23,1017
0.23,1016
0.23,1015
0.24,1014
0.24,1013
0.27,1012
0.27,1011
0.27,1010
0.27,1009
0.27,1008
0.27,1007
0.27,1006
0.27,1005
0.27,1004
0.28,1003
0.28,1002
0.28,1001
0.28,1000
0.29,999
0.29,998
0.29,997
0.32,996
0.32,995
0.33,994
0.33,993
0.33,992
0.33,991
0.33,990
0.34,989
0.34,988
0.34,987
0.34,986
0.34,985
0.35,984
0.35,983
0.35,982
0.36,981
0.36,980
0.36,979
0.36,978
0.36,977
0.36,976
0.36,975
0.36,974
0.36,973
0.36,972
0.36,971
0.36,970
0.36,969
0.36,968
0.37,967
0.37,966
0.37,965
0.38,964
0.38,963
0.38,962
0.38,961
0.38,960
0.38,959
0.38,958
0.38,957
0.38,956
0.40,955
0.40,954
0.40,953
0.40,952
0.41,951
0.41,950
2.70,949
2.70,948
2.70,947
2.70,946
2.71,945
2.80,944
5.32,943
5.33,942
5.42,941
5.42,940
5.43,939
5.43,938
5.43,937
5.45,936
5.54,935
5.54,934
5.54,933
5.54,932
5.54,931
5.55,930
5.55,929
5.55,928
5.55,927
5.55,926
5.55,925
6.81,924
6.81,923
6.81,922
10.47,921
10.47,920
10.47,919
10.47,918
10.79,917
10.79,916
10.79,915
10.79,914
10.79,913
10.92,912
11.12,911
11.12,910
11.12,909
11.12,908
11.12,907
11.13,906
11.13,905
11.13,904
11.15,903
11.15,902
11.15,901
11.15,900
11.15,899
11.15,898
11.15,897
11.15,896
11.15,895
11.47,894
11.48,893
11.56,892
11.56,891
11.56,890
11.56,889
11.56,888
11.56,887
11.56,886
11.56,885
11.56,884
11.57,883
11.58,882
11.58,881
11.58,880
11.58,879
11.58,878
11.58,877
13.40,876
13.41,875
13.41,874
13.41,873
13.71,872
13.71,871
13.71,870
13.72,869
13.73,868
13.90,867
13.90,866
13.90,865
13.90,864
13.90,863
13.98,862
14.08,861
14.09,860
14.68,859
14.68,858
14.68,857
14.68,856
14.72,855
14.72,854
14.77,853
14.78,852
14.78,851
14.96,850
14.97,849
14.97,848
14.97,847
14.97,846
14.97,845
14.97,844
14.97,843
14.98,842
14.98,841
14.98,840
15.00,839
15.00,838
15.00,837
15.00,836
15.04,835
15.06,834
15.06,833
15.06,832
15.07,831
15.07,830
15.08,829
15.08,828
15.15,827
15.16,826
15.16,825
15.16,824
15.16,823
15.16,822
15.16,821
15.16,820
15.16,819
15.17,818
15.17,817
15.17,816
15.17,815
15.17,814
15.17,813
15.18,812
15.70,811
15.70,810
15.70,809
15.82,808
15.82,807
15.82,806
15.83,805
15.93,804
15.95,803
16.05,802
16.05,801
16.07,800
16.07,799
16.07,798
16.07,797
16.07,796
16.07,795
16.07,794
16.07,793
16.07,792
16.07,791
16.08,790
16.08,789
16.08,788
16.08,787
16.10,786
16.10,785
16.11,784
16.11,783
16.13,782
16.13,781
16.14,780
16.19,779
16.72,778
16.72,777
16.73,776
16.73,775
16.73,774
16.75,773
16.75,772
16.75,771
16.75,770
16.76,769
17.18,768
17.18,767
17.18,766
17.18,765
17.26,764
17.26,763
17.37,762
17.49,761
17.49,760
17.50,759
17.50,758
17.90,757
17.90,756
17.91,755
18.57,754
18.58,753
18.58,752
18.58,751
18.62,750
18.65,749
18.65,748
18.66,747
18.66,746
18.66,745
18.66,744
18.66,743
18.67,742
18.67,741
18.67,740
18.68,739
18.83,738
18.84,737
18.84,736
18.85,735
18.85,734
18.85,733
18.87,732
18.90,731
18.90,730
18.91,729
18.91,728
18.91,727
18.91,726
18.92,725
18.92,724
19.40,723
19.40,722
19.41,721
19.41,720
19.41,719
19.42,718
19.42,717
19.44,716
19.45,715
19.49,714
19.49,713
19.50,712
19.52,711
20.76,710
20.82,709
20.82,708
20.83,707
20.85,706
20.85,705
20.85,704
20.85,703
20.85,702
20.86,701
20.93,700
20.93,699
20.97,698
20.97,697
20.98,696
20.98,695
20.98,694
20.98,693
21.01,692
21.31,691
21.31,690
21.31,689
21.31,688
21.34,687
21.35,686
21.37,685
21.37,684
22.14,683
22.15,682
22.43,681
22.44,680
22.45,679
22.55,678
22.64,677
22.64,676
22.64,675
22.67,674
22.68,673
23.54,672
23.54,671
23.54,670
23.70,669
23.75,668
23.75,667
23.79,666
23.80,665
23.80,664
23.80,663
23.82,662
23.82,661
24.27,660
24.40,659
24.41,658
24.41,657
24.42,656
24.42,655
24.43,654
24.43,653
24.43,652
25.02,651
25.05,650
25.06,649
25.06,648
25.18,647
25.18,646
25.18,645
25.18,644
27.64,643
27.64,642
27.88,641
27.88,640
27.89,639
27.89,638
27.95,637
27.95,636
29.44,635
29.44,634
29.46,633
29.49,632
29.49,631
29.50,630
29.50,629
29.56,628
29.57,627
29.58,626
29.61,625
29.61,624
31.75,623
31.76,622
31.77,621
31.83,620
34.33,619
34.40,618
34.40,617
34.41,616
35.26,615
35.26,614
35.27,613
35.27,612
35.28,611
40.96,610
41.07,609
51.03,608
51.04,607
51.04,606
59.14,605
59.23,604
59.25,603
76.74,602
111.78,601
