0.00,748
0.06,747
0.12,746
0.18,745
0.26,744
0.34,743
0.44,742
0.52,741
0.60,740
0.80,739
0.96,738
1.02,737
1.68,736
1.78,735
1.82,734
1.90,733
1.98,732
2.02,731
2.18,730
2.34,729
2.48,728
2.60,727
2.64,726
2.74,725
2.82,724
3.05,723
3.65,722
3.72,721
3.76,720
3.88,719
3.92,718
3.96,717
4.20,716
4.44,715
4.60,714
4.66,713
4.82,712
4.88,711
4.99,710
5.09,709
5.13,708
5.23,707
5.29,706
5.35,705
5.41,704
5.76,703
6.32,702
6.57,701
6.67,700
6.86,699
7.35,698
7.51,697
7.65,696
7.84,695
7.88,694
7.94,693
7.98,692
8.01,691
8.07,690
8.11,689
8.17,688
8.26,687
8.40,686
8.65,685
8.89,684
8.96,683
9.04,682
9.30,681
9.34,680
9.63,679
9.82,678
9.97,677
10.17,676
10.24,675
10.29,674
10.59,673
10.76,672
11.22,671
11.38,670
11.49,669
11.63,668
11.70,667
11.74,666
11.80,665
11.97,664
12.17,663
12.32,662
12.51,661
12.66,660
12.72,659
12.79,658
13.02,657
13.16,656
13.28,655
13.36,654
13.53,653
13.57,652
14.08,651
14.20,650
14.29,649
14.53,648
14.64,647
14.82,646
14.90,645
15.01,644
15.24,643
15.40,642
15.61,641
15.66,640
15.83,639
16.04,638
16.10,637
