0.00,743
0.07,742
0.10,741
0.18,740
0.32,739
0.45,738
0.73,737
0.76,736
0.82,735
0.87,734
0.99,733
1.18,732
1.24,731
1.46,730
1.59,729
1.72,728
2.00,727
2.12,726
2.18,725
2.22,724
2.37,723
2.47,722
2.54,721
2.60,720
2.72,719
2.76,718
2.80,717
2.85,716
3.06,715
3.21,714
3.27,713
3.30,712
3.33,711
3.42,710
3.56,709
3.61,708
3.76,707
3.92,706
3.99,705
4.03,704
4.08,703
4.13,702
4.25,701
4.28,700
4.33,699
4.44,698
4.71,697
4.76,696
4.79,695
4.86,694
5.12,693
5.20,692
5.36,691
5.42,690
5.49,689
5.56,688
5.62,687
5.66,686
5.71,685
5.81,684
5.84,683
5.92,682
5.98,681
6.01,680
6.18,679
6.21,678
6.27,677
6.59,676
6.70,675
7.16,674
7.46,673
7.68,672
7.74,671
7.77,670
7.94,669
8.08,668
8.11,667
8.25,666
8.31,665
8.36,664
8.58,663
8.66,662
8.89,661
9.25,660
9.28,659
9.31,658
9.56,657
9.70,656
9.87,655
10.42,654
10.58,653
10.67,652
10.98,651
11.15,650
11.31,649
11.41,648
11.55,647
11.58,646
11.90,645
12.21,644
