0.00,733
0.11,732
0.21,731
0.32,730
0.58,729
0.66,728
0.73,727
0.96,726
1.04,725
1.16,724
1.23,723
1.27,722
1.58,721
1.75,720
1.87,719
1.91,718
2.03,717
2.08,716
2.41,715
2.51,714
2.57,713
2.79,712
2.88,711
2.98,710
3.03,709
3.12,708
3.19,707
3.43,706
3.72,705
3.76,704
3.81,703
4.09,702
4.12,701
4.26,700
4.34,699
4.43,698
4.52,697
4.63,696
4.67,695
4.72,694
4.84,693
4.88,692
4.93,691
4.96,690
5.35,689
5.41,688
5.57,687
5.74,686
5.85,685
5.88,684
6.36,683
6.48,682
6.53,681
6.57,680
6.67,679
6.74,678
6.82,677
6.89,676
6.96,675
7.13,674
7.17,673
7.27,672
7.32,671
7.43,670
7.60,669
7.72,668
7.82,667
7.87,666
8.09,665
8.39,664
8.49,663
8.66,662
8.80,661
9.10,660
9.29,659
9.39,658
9.48,657
9.60,656
9.63,655
9.87,654
9.91,653
10.11,652
10.16,651
10.46,650
10.57,649
10.65,648
10.78,647
10.85,646
11.07,645
11.22,644
11.25,643
11.66,642
11.70,641
11.83,640
11.88,639
12.02,638
12.10,637
12.15,636
12.31,635
12.42,634
12.61,633
12.65,632
12.90,631
