0.05,1132
0.05,1131
0.05,1130
0.06,1129
0.06,1128
0.06,1127
0.06,1126
0.06,1125
0.06,1124
0.06,1123
0.06,1122
0.06,1121
0.06,1120
0.06,1119
0.06,1118
0.06,1117
0.06,1116
0.06,1115
0.06,1114
0.06,1113
0.06,1112
0.06,1111
0.06,1110
0.06,1109
0.06,1108
0.06,1107
0.06,1106
0.06,1105
0.06,1104
0.06,1103
0.06,1102
0.06,1101
0.06,1100
0.06,1099
0.06,1098
0.06,1097
0.06,1096
0.06,1095
0.06,1094
0.06,1093
0.06,1092
0.06,1091
0.07,1090
0.07,1089
0.07,1088
0.07,1087
0.07,1086
0.07,1085
0.07,1084
0.07,1083
0.07,1082
0.07,1081
0.07,1080
0.07,1079
0.07,1078
0.07,1077
0.07,1076
0.07,1075
0.07,1074
0.07,1073
0.07,1072
0.07,1071
0.07,1070
0.08,1069
0.08,1068
0.08,1067
0.08,1066
0.08,1065
0.08,1064
0.08,1063
0.08,1062
0.08,1061
0.08,1060
0.08,1059
0.08,1058
0.08,1057
0.08,1056
0.08,1055
0.08,1054
0.08,1053
0.09,1052
0.09,1051
0.09,1050
0.10,1049
0.10,1048
0.10,1047
0.10,1046
0.10,1045
0.10,1044
0.10,1043
0.10,1042
0.10,1041
0.10,1040
0.10,1039
0.10,1038
0.11,1037
0.11,1036
0.12,1035
0.12,1034
0.12,1033
0.12,1032
0.12,1031
0.15,1030
0.15,1029
0.15,1028
0.15,1027
0.16,1026
0.16,1025
0.16,1024
0.16,1023
0.16,1022
0.17,1021
0.17,1020
0.17,1019
0.17,1018
0.17,1017
0.18,1016
0.18,1015
0.19,1014
0.20,1013
0.20,1012
0.20,1011
0.21,1010
0.21,1009
0.21,1008
0.21,1007
0.21,1006
0.21,1005
0.21,1004
0.21,1003
0.21,1002
0.21,1001
0.21,1000
0.21,999
0.21,998
0.22,997
0.22,996
0.22,995
0.22,994
0.22,993
0.22,992
0.23,991
0.28,990
0.28,989
0.28,988
0.28,987
0.28,986
0.28,985
0.28,984
0.28,983
0.28,982
0.28,981
0.28,980
0.28,979
0.28,978
0.28,977
0.29,976
0.29,975
0.29,974
0.29,973
0.29,972
0.29,971
0.29,970
0.29,969
0.46,968
0.46,967
0.46,966
0.46,965
0.47,964
0.47,963
0.47,962
0.47,961
0.47,960
0.47,959
0.47,958
0.47,957
0.47,956
0.47,955
0.47,954
0.47,953
0.48,952
0.48,951
0.58,950
0.77,949
0.77,948
0.77,947
2.96,946
2.96,945
2.96,944
2.96,943
2.97,942
2.97,941
2.97,940
4.23,939
4.36,938
4.37,937
4.37,936
4.37,935
8.61,934
8.61,933
8.61,932
8.61,931
9.22,930
9.22,929
9.22,928
9.23,927
9.23,926
9.23,925
9.24,924
9.24,923
10.50,922
10.50,921
10.50,920
10.52,919
10.53,918
10.53,917
10.53,916
10.53,915
10.53,914
10.53,913
10.54,912
10.61,911
10.61,910
10.61,909
10.61,908
10.61,907
10.61,906
10.61,905
10.61,904
10.61,903
10.61,902
11.11,901
11.11,900
11.11,899
11.11,898
11.11,897
11.11,896
11.11,895
11.12,894
11.42,893
11.42,892
11.42,891
12.45,890
12.45,889
12.45,888
12.45,887
12.65,886
12.66,885
12.66,884
12.66,883
12.66,882
12.67,881
12.67,880
12.69,879
12.71,878
12.71,877
12.72,876
12.72,875
12.72,874
12.72,873
12.72,872
12.72,871
12.72,870
12.73,869
12.73,868
12.75,867
12.81,866
12.81,865
12.83,864
12.84,863
12.84,862
12.84,861
13.22,860
13.22,859
13.22,858
13.22,857
13.22,856
13.22,855
13.78,854
13.78,853
13.78,852
13.78,851
13.78,850
13.78,849
13.78,848
13.78,847
13.78,846
13.78,845
13.78,844
13.78,843
14.28,842
14.28,841
14.28,840
14.28,839
14.28,838
14.28,837
14.28,836
14.28,835
14.29,834
14.30,833
14.30,832
14.31,831
14.31,830
14.31,829
14.31,828
14.31,827
14.32,826
14.32,825
14.32,824
14.32,823
14.32,822
14.32,821
15.02,820
15.03,819
15.09,818
15.09,817
15.09,816
15.09,815
15.44,814
15.44,813
15.47,812
15.52,811
15.52,810
15.52,809
15.52,808
15.53,807
15.53,806
15.53,805
15.53,804
15.54,803
15.54,802
15.60,801
15.60,800
15.61,799
15.61,798
15.62,797
15.62,796
15.66,795
15.66,794
15.66,793
15.66,792
16.46,791
16.46,790
16.46,789
16.46,788
16.49,787
16.50,786
16.50,785
16.51,784
16.51,783
16.51,782
16.51,781
16.51,780
16.52,779
16.63,778
16.63,777
16.63,776
16.64,775
16.64,774
16.64,773
16.64,772
16.64,771
16.64,770
16.65,769
16.65,768
16.68,767
16.68,766
16.68,765
16.68,764
16.91,763
16.91,762
16.92,761
16.94,760
16.95,759
16.99,758
16.99,757
17.05,756
17.05,755
17.28,754
17.29,753
18.13,752
18.25,751
18.25,750
18.25,749
18.25,748
18.25,747
18.25,746
18.26,745
18.26,744
18.26,743
18.26,742
18.26,741
18.26,740
18.28,739
18.28,738
18.28,737
18.29,736
18.29,735
18.29,734
18.29,733
18.29,732
18.30,731
18.30,730
18.30,729
18.30,728
18.30,727
18.30,726
18.30,725
18.30,724
18.30,723
18.30,722
18.31,721
18.32,720
18.32,719
18.32,718
18.35,717
18.38,716
18.38,715
19.10,714
19.10,713
19.10,712
19.10,711
19.10,710
19.10,709
19.10,708
19.18,707
19.18,706
19.18,705
19.19,704
19.19,703
19.87,702
19.87,701
19.87,700
19.89,699
19.89,698
19.91,697
19.93,696
19.93,695
19.93,694
20.88,693
20.88,692
20.88,691
20.88,690
20.90,689
20.91,688
21.02,687
21.02,686
21.10,685
21.11,684
21.11,683
21.12,682
21.42,681
21.48,680
21.48,679
21.48,678
21.56,677
21.56,676
21.57,675
21.60,674
21.89,673
21.90,672
21.90,671
21.91,670
21.92,669
21.92,668
21.92,667
21.92,666
22.31,665
22.38,664
22.39,663
22.40,662
22.40,661
22.40,660
22.40,659
22.40,658
22.47,657
24.14,656
24.15,655
24.15,654
24.15,653
24.15,652
24.20,651
24.87,650
25.35,649
25.35,648
25.71,647
25.72,646
25.73,645
25.73,644
26.11,643
26.68,642
26.71,641
26.72,640
27.57,639
27.76,638
28.79,637
28.89,636
28.90,635
28.93,634
28.93,633
28.94,632
29.64,631
30.18,630
30.64,629
30.64,628
32.26,627
32.29,626
32.36,625
32.36,624
34.17,623
34.18,622
35.17,621
35.31,620
35.33,619
35.34,618
35.34,617
38.34,616
38.34,615
38.35,614
38.69,613
38.69,612
38.94,611
40.23,610
40.25,609
41.88,608
41.90,607
41.92,606
42.32,605
46.88,604
51.04,603
66.04,602
67.68,601
70.53,600
108.12,599
142.28,598
340.21,597
