0.00,737
0.09,736
0.20,735
0.23,734
0.26,733
0.35,732
0.56,731
0.64,730
0.78,729
0.81,728
0.83,727
0.89,726
1.02,725
1.24,724
1.30,723
1.37,722
1.47,721
1.53,720
1.61,719
1.76,718
1.88,717
2.01,716
2.07,715
2.17,714
2.21,713
2.27,712
2.37,711
2.48,710
2.53,709
2.56,708
2.58,707
2.73,706
3.02,705
3.27,704
3.37,703
3.44,702
3.49,701
3.58,700
3.65,699
3.70,698
3.95,697
4.02,696
4.30,695
4.39,694
4.46,693
4.61,692
4.70,691
4.76,690
4.85,689
4.88,688
5.04,687
5.11,686
5.19,685
5.31,684
5.42,683
5.48,682
5.52,681
5.54,680
5.60,679
5.65,678
5.70,677
5.79,676
5.90,675
5.94,674
6.24,673
6.37,672
6.41,671
6.45,670
6.48,669
6.53,668
6.74,667
7.04,666
7.15,665
7.21,664
7.26,663
7.37,662
7.42,661
7.53,660
7.57,659
7.65,658
7.78,657
7.88,656
8.05,655
8.20,654
8.25,653
8.43,652
8.51,651
8.68,650
8.76,649
8.98,648
9.08,647
9.12,646
9.16,645
9.55,644
9.58,643
9.66,642
9.73,641
9.75,640
10.06,639
10.11,638
10.14,637
10.17,636
10.21,635
10.28,634
10.76,633
11.10,632
