0.00,757
0.07,756
0.11,755
0.22,754
0.40,753
0.66,752
0.76,751
0.82,750
0.89,749
1.05,748
1.31,747
1.38,746
1.49,745
1.56,744
1.86,743
1.99,742
2.31,741
2.37,740
2.41,739
2.53,738
2.74,737
2.86,736
3.09,735
3.21,734
3.34,733
3.50,732
3.56,731
3.86,730
3.91,729
4.01,728
4.24,727
4.38,726
4.49,725
4.57,724
4.80,723
4.92,722
4.96,721
5.14,720
5.25,719
5.31,718
5.50,717
5.77,716
5.82,715
5.98,714
6.17,713
6.42,712
6.52,711
6.69,710
6.72,709
6.82,708
6.97,707
7.05,706
7.12,705
7.30,704
7.46,703
7.49,702
7.53,701
7.68,700
7.78,699
8.01,698
8.08,697
8.14,696
8.21,695
8.48,694
8.60,693
8.96,692
9.00,691
9.08,690
9.11,689
9.21,688
9.44,687
9.51,686
9.66,685
9.74,684
9.86,683
10.11,682
10.14,681
10.18,680
10.28,679
10.54,678
10.60,677
10.67,676
10.83,675
11.03,674
11.09,673
11.39,672
11.42,671
11.46,670
11.52,669
11.55,668
11.68,667
11.72,666
11.82,665
12.34,664
12.51,663
12.64,662
13.10,661
13.60,660
13.65,659
13.69,658
13.82,657
14.00,656
14.16,655
14.29,654
14.40,653
14.47,652
14.93,651
14.97,650
15.06,649
15.10,648
15.13,647
15.42,646
15.83,645
15.89,644
15.93,643
16.03,642
