0.00,753
0.05,752
0.10,751
0.15,750
0.34,749
0.39,748
0.55,747
0.67,746
0.85,745
0.98,744
1.03,743
1.11,742
1.24,741
1.60,740
1.78,739
1.81,738
1.99,737
2.03,736
2.18,735
2.25,734
2.34,733
2.45,732
2.55,731
2.82,730
2.92,729
3.02,728
3.09,727
3.40,726
3.50,725
3.68,724
3.84,723
3.93,722
3.97,721
4.29,720
4.33,719
4.42,718
4.89,717
4.96,716
5.18,715
5.33,714
5.42,713
5.49,712
5.55,711
5.74,710
5.77,709
5.82,708
5.89,707
5.92,706
6.03,705
6.11,704
6.21,703
6.26,702
6.33,701
6.41,700
6.52,699
6.69,698
6.76,697
6.84,696
6.95,695
7.08,694
7.15,693
7.52,692
7.56,691
7.67,690
7.85,689
8.05,688
8.12,687
8.28,686
8.56,685
8.61,684
8.69,683
8.76,682
9.08,681
9.25,680
9.29,679
9.48,678
9.74,677
9.78,676
9.81,675
9.95,674
10.00,673
10.12,672
10.30,671
10.33,670
10.42,669
10.57,668
10.62,667
10.72,666
10.76,665
10.97,664
11.18,663
11.21,662
11.31,661
11.38,660
11.42,659
11.78,658
11.99,657
12.18,656
12.33,655
12.42,654
12.73,653
12.84,652
12.89,651
13.05,650
13.08,649
13.29,648
13.34,647
13.51,646
13.58,645
13.65,644
13.97,643
14.11,642
14.17,641
14.26,640
14.33,639
