0.06,1132
0.06,1131
0.06,1130
0.06,1129
0.06,1128
0.06,1127
0.06,1126
0.06,1125
0.06,1124
0.06,1123
0.06,1122
0.06,1121
0.06,1120
0.06,1119
0.06,1118
0.06,1117
0.07,1116
0.07,1115
0.07,1114
0.07,1113
0.07,1112
0.07,1111
0.07,1110
0.07,1109
0.07,1108
0.07,1107
0.07,1106
0.07,1105
0.07,1104
0.07,1103
0.07,1102
0.07,1101
0.07,1100
0.07,1099
0.07,1098
0.07,1097
0.07,1096
0.07,1095
0.07,1094
0.07,1093
0.07,1092
0.07,1091
0.07,1090
0.07,1089
0.07,1088
0.07,1087
0.07,1086
0.08,1085
0.08,1084
0.08,1083
0.08,1082
0.08,1081
0.08,1080
0.08,1079
0.08,1078
0.08,1077
0.08,1076
0.08,1075
0.08,1074
0.08,1073
0.08,1072
0.08,1071
0.08,1070
0.08,1069
0.09,1068
0.09,1067
0.09,1066
0.09,1065
0.09,1064
0.09,1063
0.09,1062
0.09,1061
0.09,1060
0.09,1059
0.09,1058
0.09,1057
0.09,1056
0.09,1055
0.09,1054
0.09,1053
0.09,1052
0.09,1051
0.09,1050
0.09,1049
0.09,1048
0.09,1047
0.10,1046
0.10,1045
0.10,1044
0.10,1043
0.10,1042
0.10,1041
0.11,1040
0.11,1039
0.13,1038
0.13,1037
0.13,1036
0.13,1035
0.13,1034
0.13,1033
0.13,1032
0.13,1031
0.13,1030
0.15,1029
0.15,1028
0.15,1027
0.15,1026
0.15,1025
0.15,1024
0.15,1023
0.15,1022
0.15,1021
0.15,1020
0.15,1019
0.15,1018
0.15,1017
0.15,1016
0.15,1015
0.16,1014
0.17,1013
0.17,1012
0.18,1011
0.18,1010
0.18,1009
0.18,1008
0.18,1007
0.19,1006
0.19,1005
0.19,1004
0.19,1003
0.19,1002
0.19,1001
0.21,1000
0.22,999
0.22,998
0.22,997
0.22,996
0.22,995
0.30,994
0.31,993
0.31,992
0.31,991
0.31,990
0.31,989
0.31,988
0.31,987
0.31,986
0.38,985
0.38,984
0.38,983
0.38,982
0.38,981
0.38,980
0.39,979
0.39,978
0.39,977
0.57,976
0.57,975
0.57,974
0.58,973
0.58,972
0.58,971
0.58,970
0.58,969
0.58,968
0.58,967
0.61,966
0.61,965
0.61,964
0.61,963
0.61,962
0.61,961
0.61,960
0.67,959
0.68,958
0.68,957
0.69,956
0.72,955
0.72,954
0.72,953
0.72,952
0.72,951
0.72,950
0.72,949
0.72,948
0.72,947
0.73,946
0.73,945
0.73,944
0.73,943
0.73,942
0.73,941
0.75,940
0.75,939
0.75,938
0.75,937
0.75,936
0.75,935
0.75,934
0.75,933
4.02,932
4.02,931
4.02,930
4.03,929
8.72,928
8.72,927
8.72,926
8.73,925
8.73,924
8.73,923
8.80,922
10.24,921
10.24,920
10.24,919
10.25,918
10.25,917
10.25,916
10.26,915
10.26,914
12.45,913
12.45,912
12.46,911
12.48,910
12.88,909
12.99,908
13.00,907
13.00,906
13.42,905
13.43,904
13.43,903
13.43,902
13.43,901
13.43,900
13.43,899
13.45,898
13.45,897
13.45,896
13.45,895
13.45,894
13.46,893
13.47,892
13.48,891
13.48,890
13.48,889
13.48,888
13.51,887
13.51,886
13.51,885
13.51,884
13.59,883
13.59,882
13.60,881
13.60,880
13.61,879
13.62,878
13.62,877
13.62,876
13.62,875
13.62,874
13.63,873
13.67,872
13.67,871
13.67,870
13.67,869
13.67,868
13.69,867
13.69,866
13.70,865
13.70,864
13.70,863
13.75,862
13.76,861
13.76,860
13.76,859
13.76,858
13.76,857
13.76,856
14.79,855
14.79,854
14.79,853
14.79,852
14.79,851
14.79,850
14.80,849
14.81,848
14.81,847
15.40,846
15.40,845
15.40,844
15.79,843
15.79,842
15.79,841
15.79,840
15.80,839
15.80,838
15.80,837
15.80,836
15.80,835
15.80,834
16.37,833
16.37,832
16.37,831
16.37,830
16.37,829
16.37,828
16.37,827
16.37,826
16.38,825
16.38,824
16.62,823
16.69,822
16.69,821
16.69,820
16.70,819
16.73,818
16.82,817
16.82,816
16.82,815
16.82,814
16.82,813
16.83,812
16.83,811
16.85,810
16.85,809
16.87,808
16.87,807
16.87,806
16.88,805
16.89,804
16.89,803
16.94,802
16.96,801
16.97,800
16.98,799
16.98,798
16.98,797
16.99,796
17.00,795
17.00,794
17.00,793
17.04,792
17.04,791
17.04,790
17.04,789
17.04,788
17.04,787
17.04,786
17.04,785
17.04,784
17.05,783
17.05,782
17.05,781
17.98,780
17.98,779
17.98,778
18.05,777
18.05,776
18.05,775
18.05,774
18.05,773
18.06,772
18.06,771
18.07,770
18.07,769
18.07,768
18.07,767
18.07,766
18.07,765
18.08,764
18.08,763
18.08,762
18.08,761
18.10,760
18.10,759
18.10,758
18.10,757
18.10,756
18.53,755
18.53,754
18.54,753
18.54,752
18.54,751
18.54,750
18.54,749
18.55,748
18.55,747
18.55,746
18.56,745
18.56,744
18.56,743
18.58,742
18.58,741
18.58,740
19.90,739
19.90,738
20.20,737
20.20,736
20.21,735
20.21,734
20.21,733
20.21,732
20.21,731
20.21,730
20.21,729
20.22,728
20.22,727
20.22,726
20.23,725
20.23,724
20.23,723
20.23,722
20.23,721
20.25,720
20.25,719
20.25,718
20.25,717
20.25,716
20.25,715
20.25,714
20.46,713
20.49,712
20.49,711
20.49,710
20.49,709
20.49,708
20.50,707
20.50,706
20.50,705
20.50,704
20.50,703
21.66,702
21.69,701
21.93,700
21.93,699
21.93,698
21.99,697
22.00,696
22.00,695
22.00,694
22.01,693
22.01,692
22.02,691
22.02,690
22.02,689
22.02,688
22.02,687
22.03,686
22.39,685
23.49,684
23.54,683
23.55,682
23.77,681
23.82,680
24.34,679
24.55,678
24.55,677
24.55,676
24.91,675
24.91,674
24.92,673
24.93,672
24.93,671
24.93,670
24.93,669
24.94,668
24.94,667
24.94,666
24.94,665
25.04,664
25.05,663
25.05,662
25.07,661
25.07,660
25.09,659
25.10,658
25.10,657
25.11,656
26.93,655
27.28,654
27.31,653
27.32,652
27.71,651
28.27,650
28.28,649
28.57,648
28.57,647
28.57,646
28.59,645
28.59,644
28.59,643
28.88,642
28.88,641
28.88,640
28.88,639
30.57,638
30.58,637
30.58,636
30.58,635
30.60,634
30.60,633
30.60,632
30.61,631
30.69,630
30.69,629
33.53,628
33.53,627
33.82,626
33.82,625
34.91,624
34.91,623
35.51,622
35.53,621
35.69,620
36.43,619
38.58,618
39.04,617
39.05,616
40.11,615
40.13,614
41.18,613
41.19,612
43.94,611
43.96,610
48.80,609
57.14,608
58.66,607
58.68,606
66.24,605
66.27,604
66.30,603
78.43,602
105.48,601
131.55,600
134.05,599
255.76,598
