0.00,743
0.04,742
0.11,741
0.18,740
0.22,739
0.38,738
0.49,737
0.57,736
0.59,735
0.70,734
0.86,733
0.97,732
1.08,731
1.16,730
1.18,729
1.24,728
1.58,727
1.60,726
1.64,725
1.78,724
1.82,723
1.94,722
2.03,721
2.07,720
2.11,719
2.17,718
2.30,717
2.33,716
2.41,715
2.47,714
2.53,713
2.60,712
2.68,711
2.74,710
3.00,709
3.04,708
3.27,707
3.47,706
3.60,705
3.67,704
3.71,703
3.79,702
3.82,701
3.84,700
3.91,699
3.95,698
4.15,697
4.23,696
4.26,695
4.53,694
4.59,693
4.62,692
4.72,691
4.78,690
4.84,689
4.90,688
4.96,687
5.02,686
5.09,685
5.47,684
5.57,683
5.62,682
5.68,681
5.71,680
5.80,679
5.83,678
6.00,677
6.04,676
6.12,675
6.16,674
6.30,673
6.38,672
6.56,671
6.64,670
6.74,669
6.81,668
6.87,667
6.93,666
7.01,665
7.27,664
7.37,663
7.46,662
7.60,661
7.64,660
7.74,659
7.88,658
8.20,657
8.22,656
8.37,655
8.49,654
8.69,653
8.89,652
8.93,651
8.98,650
9.08,649
9.10,648
9.13,647
9.32,646
9.34,645
9.42,644
9.46,643
9.64,642
10.04,641
10.13,640
10.17,639
10.24,638
10.28,637
10.43,636
10.60,635
10.80,634
10.92,633
11.02,632
11.06,631
11.10,630
