0.00,738
0.08,737
0.35,736
0.50,735
0.60,734
0.77,733
0.99,732
1.16,731
1.22,730
1.46,729
1.70,728
1.79,727
1.82,726
2.20,725
2.63,724
2.73,723
2.77,722
2.84,721
3.03,720
3.14,719
3.25,718
3.36,717
3.45,716
3.64,715
3.70,714
3.79,713
4.01,712
4.08,711
4.23,710
4.82,709
4.90,708
4.99,707
5.03,706
5.19,705
5.24,704
5.32,703
5.45,702
5.49,701
5.52,700
5.65,699
5.80,698
5.97,697
6.04,696
6.13,695
6.19,694
6.32,693
6.53,692
6.57,691
6.87,690
6.92,689
7.04,688
7.13,687
7.16,686
7.52,685
7.71,684
7.79,683
7.83,682
8.17,681
8.22,680
8.31,679
8.35,678
8.44,677
8.60,676
8.71,675
8.94,674
9.03,673
9.48,672
9.56,671
9.63,670
10.11,669
10.19,668
10.24,667
10.56,666
10.62,665
10.76,664
10.87,663
10.92,662
10.98,661
11.20,660
11.43,659
11.46,658
11.53,657
11.64,656
11.67,655
11.76,654
11.98,653
12.11,652
12.27,651
12.34,650
13.01,649
13.07,648
