0.00,753
0.06,752
0.16,751
0.28,750
0.41,749
0.52,748
0.55,747
0.66,746
0.74,745
0.77,744
0.99,743
1.05,742
1.24,741
1.30,740
1.48,739
1.68,738
1.80,737
2.10,736
2.43,735
2.48,734
2.64,733
2.68,732
2.86,731
2.89,730
3.00,729
3.13,728
3.20,727
3.33,726
3.51,725
3.58,724
3.63,723
3.91,722
3.98,721
4.09,720
4.17,719
4.25,718
4.28,717
4.34,716
4.50,715
4.66,714
4.70,713
4.80,712
4.98,711
5.05,710
5.17,709
5.23,708
5.36,707
5.52,706
5.56,705
5.89,704
6.00,703
6.09,702
6.18,701
6.25,700
6.39,699
6.45,698
6.48,697
6.64,696
6.73,695
6.78,694
7.00,693
7.31,692
7.40,691
7.44,690
7.65,689
7.70,688
7.85,687
8.02,686
8.10,685
8.23,684
8.31,683
8.40,682
8.44,681
8.56,680
8.75,679
8.82,678
8.90,677
8.95,676
9.03,675
9.09,674
9.35,673
9.58,672
9.77,671
9.85,670
9.98,669
10.15,668
10.34,667
10.73,666
10.84,665
11.00,664
11.10,663
11.34,662
11.42,661
11.46,660
11.49,659
11.57,658
11.74,657
11.81,656
12.09,655
12.16,654
12.52,653
12.58,652
12.79,651
12.88,650
12.92,649
13.05,648
13.15,647
13.31,646
13.44,645
13.57,644
13.89,643
13.99,642
14.24,641
14.45,640
14.80,639
14.91,638
14.95,637
14.99,636
15.03,635
