0.08,1132
0.08,1131
0.08,1130
0.08,1129
0.08,1128
0.08,1127
0.08,1126
0.08,1125
0.08,1124
0.08,1123
0.08,1122
0.08,1121
0.08,1120
0.08,1119
0.08,1118
0.08,1117
0.09,1116
0.09,1115
0.09,1114
0.09,1113
0.09,1112
0.09,1111
0.09,1110
0.09,1109
0.09,1108
0.09,1107
0.09,1106
0.09,1105
0.09,1104
0.09,1103
0.09,1102
0.09,1101
0.09,1100
0.09,1099
0.09,1098
0.09,1097
0.09,1096
0.09,1095
0.09,1094
0.10,1093
0.10,1092
0.10,1091
0.10,1090
0.10,1089
0.10,1088
0.10,1087
0.10,1086
0.10,1085
0.10,1084
0.10,1083
0.10,1082
0.10,1081
0.10,1080
0.10,1079
0.10,1078
0.11,1077
0.11,1076
0.11,1075
0.11,1074
0.11,1073
0.11,1072
0.11,1071
0.11,1070
0.11,1069
0.11,1068
0.11,1067
0.11,1066
0.11,1065
0.11,1064
0.11,1063
0.12,1062
0.12,1061
0.12,1060
0.12,1059
0.12,1058
0.12,1057
0.12,1056
0.12,1055
0.12,1054
0.12,1053
0.12,1052
0.12,1051
0.12,1050
0.12,1049
0.12,1048
0.13,1047
0.13,1046
0.13,1045
0.13,1044
0.13,1043
0.13,1042
0.13,1041
0.13,1040
0.13,1039
0.14,1038
0.14,1037
0.15,1036
0.15,1035
0.15,1034
0.16,1033
0.16,1032
0.16,1031
0.19,1030
0.19,1029
0.19,1028
0.20,1027
0.20,1026
0.20,1025
0.20,1024
0.21,1023
0.21,1022
0.21,1021
0.21,1020
0.21,1019
0.22,1018
0.22,1017
0.22,1016
0.22,1015
0.22,1014
0.22,1013
0.28,1012
0.30,1011
0.30,1010
0.30,1009
0.31,1008
0.31,1007
0.31,1006
0.31,1005
0.32,1004
0.32,1003
0.32,1002
0.34,1001
0.34,1000
0.34,999
0.34,998
0.39,997
0.39,996
0.39,995
0.39,994
0.39,993
0.39,992
0.39,991
0.39,990
0.39,989
0.39,988
0.40,987
0.40,986
0.40,985
0.40,984
0.40,983
0.40,982
0.40,981
0.40,980
0.40,979
0.40,978
0.40,977
0.40,976
0.40,975
0.42,974
0.42,973
0.42,972
0.43,971
0.44,970
0.44,969
0.46,968
0.46,967
0.46,966
0.46,965
0.48,964
0.48,963
0.48,962
0.48,961
0.48,960
0.48,959
0.48,958
0.48,957
0.48,956
0.48,955
0.48,954
0.48,953
0.48,952
0.49,951
0.49,950
0.51,949
0.51,948
0.51,947
0.51,946
0.51,945
1.29,944
1.29,943
1.29,942
1.29,941
1.29,940
1.58,939
1.58,938
1.58,937
1.59,936
1.59,935
7.48,934
7.48,933
7.49,932
7.49,931
7.49,930
9.75,929
10.83,928
10.83,927
11.17,926
11.17,925
11.18,924
11.18,923
11.18,922
11.18,921
11.18,920
11.18,919
11.18,918
11.23,917
11.23,916
11.23,915
11.23,914
12.42,913
12.43,912
12.51,911
12.54,910
12.54,909
13.44,908
13.44,907
13.44,906
13.44,905
13.63,904
13.63,903
13.63,902
13.63,901
13.63,900
13.64,899
13.64,898
13.64,897
13.64,896
13.64,895
13.64,894
13.64,893
13.64,892
13.68,891
13.68,890
13.68,889
13.69,888
13.71,887
13.71,886
13.71,885
13.75,884
13.86,883
13.86,882
13.87,881
13.87,880
13.87,879
13.87,878
13.87,877
15.30,876
15.30,875
15.30,874
15.30,873
15.30,872
15.36,871
15.36,870
15.36,869
15.38,868
15.38,867
15.38,866
15.39,865
15.39,864
15.39,863
15.39,862
15.39,861
15.57,860
15.57,859
15.57,858
15.57,857
15.57,856
15.57,855
15.68,854
15.68,853
15.68,852
15.71,851
15.71,850
15.71,849
15.71,848
15.71,847
15.71,846
15.71,845
15.71,844
15.71,843
15.71,842
15.72,841
15.73,840
15.74,839
15.74,838
15.74,837
15.75,836
15.76,835
16.97,834
16.97,833
16.99,832
16.99,831
16.99,830
16.99,829
16.99,828
16.99,827
16.99,826
16.99,825
16.99,824
16.99,823
16.99,822
17.02,821
17.02,820
17.02,819
17.02,818
17.03,817
17.03,816
17.03,815
17.18,814
17.18,813
17.18,812
17.19,811
17.19,810
17.19,809
17.25,808
17.26,807
17.31,806
17.31,805
17.32,804
17.33,803
17.36,802
17.37,801
17.38,800
17.38,799
17.42,798
17.42,797
17.42,796
17.42,795
17.43,794
17.46,793
17.47,792
17.47,791
17.53,790
17.54,789
17.54,788
17.55,787
17.55,786
17.56,785
17.56,784
17.57,783
17.60,782
17.61,781
17.61,780
17.61,779
17.61,778
17.62,777
17.62,776
17.62,775
17.62,774
17.62,773
17.73,772
17.73,771
17.74,770
17.74,769
17.74,768
17.74,767
17.74,766
17.75,765
17.75,764
17.75,763
17.75,762
17.75,761
17.76,760
17.81,759
17.81,758
17.81,757
17.82,756
18.98,755
19.16,754
19.16,753
19.22,752
19.23,751
19.23,750
19.23,749
19.23,748
19.24,747
19.69,746
20.10,745
20.10,744
20.10,743
20.10,742
20.10,741
20.10,740
20.12,739
20.13,738
20.13,737
20.14,736
20.15,735
20.15,734
20.15,733
20.18,732
20.18,731
20.19,730
20.21,729
20.23,728
20.23,727
20.32,726
20.32,725
20.32,724
20.32,723
20.32,722
20.33,721
20.34,720
20.42,719
20.42,718
20.42,717
20.46,716
20.47,715
20.47,714
20.48,713
20.48,712
20.48,711
20.49,710
20.49,709
20.49,708
20.49,707
21.61,706
21.64,705
22.21,704
22.21,703
22.21,702
22.21,701
22.23,700
22.24,699
22.34,698
22.34,697
22.34,696
22.34,695
22.37,694
22.38,693
22.57,692
22.58,691
22.58,690
22.58,689
22.59,688
22.59,687
22.62,686
22.62,685
22.62,684
22.93,683
22.93,682
23.20,681
23.20,680
23.22,679
23.28,678
23.29,677
23.70,676
23.70,675
23.71,674
23.80,673
23.80,672
23.81,671
23.92,670
24.53,669
24.53,668
24.53,667
24.53,666
24.54,665
24.54,664
24.54,663
24.56,662
24.59,661
24.60,660
25.58,659
25.60,658
26.09,657
26.09,656
26.09,655
26.09,654
26.09,653
26.10,652
26.61,651
26.61,650
26.61,649
26.61,648
26.63,647
27.73,646
27.73,645
27.76,644
27.77,643
27.79,642
27.79,641
28.39,640
28.39,639
29.86,638
29.89,637
29.89,636
29.94,635
29.94,634
29.96,633
29.97,632
31.95,631
31.97,630
34.11,629
34.11,628
34.17,627
34.18,626
35.85,625
37.39,624
38.09,623
38.52,622
38.53,621
38.57,620
38.58,619
44.84,618
47.74,617
51.60,616
51.72,615
51.74,614
55.69,613
56.71,612
58.06,611
61.87,610
62.35,609
66.93,608
78.14,607
83.87,606
84.19,605
138.89,604
207.04,603
213.75,602
385.62,601
427.37,600
