0.06,1132
0.06,1131
0.06,1130
0.06,1129
0.06,1128
0.06,1127
0.06,1126
0.06,1125
0.06,1124
0.06,1123
0.06,1122
0.06,1121
0.06,1120
0.06,1119
0.06,1118
0.06,1117
0.06,1116
0.06,1115
0.06,1114
0.06,1113
0.06,1112
0.06,1111
0.06,1110
0.06,1109
0.06,1108
0.06,1107
0.06,1106
0.06,1105
0.06,1104
0.06,1103
0.06,1102
0.06,1101
0.07,1100
0.07,1099
0.07,1098
0.07,1097
0.07,1096
0.07,1095
0.07,1094
0.07,1093
0.07,1092
0.07,1091
0.07,1090
0.07,1089
0.07,1088
0.08,1087
0.08,1086
0.08,1085
0.08,1084
0.08,1083
0.08,1082
0.08,1081
0.08,1080
0.08,1079
0.08,1078
0.08,1077
0.08,1076
0.08,1075
0.08,1074
0.08,1073
0.08,1072
0.09,1071
0.09,1070
0.09,1069
0.09,1068
0.09,1067
0.09,1066
0.09,1065
0.09,1064
0.09,1063
0.09,1062
0.09,1061
0.09,1060
0.09,1059
0.09,1058
0.09,1057
0.09,1056
0.09,1055
0.09,1054
0.09,1053
0.09,1052
0.09,1051
0.10,1050
0.10,1049
0.10,1048
0.10,1047
0.10,1046
0.10,1045
0.10,1044
0.10,1043
0.11,1042
0.11,1041
0.11,1040
0.11,1039
0.11,1038
0.11,1037
0.12,1036
0.12,1035
0.12,1034
0.12,1033
0.12,1032
0.12,1031
0.12,1030
0.12,1029
0.12,1028
0.13,1027
0.13,1026
0.13,1025
0.14,1024
0.14,1023
0.14,1022
0.14,1021
0.14,1020
0.14,1019
0.14,1018
0.14,1017
0.14,1016
0.15,1015
0.15,1014
0.15,1013
0.15,1012
0.15,1011
0.15,1010
0.15,1009
0.15,1008
0.15,1007
0.15,1006
0.15,1005
0.19,1004
0.19,1003
0.20,1002
0.20,1001
0.22,1000
0.22,999
0.22,998
0.22,997
0.22,996
0.24,995
0.24,994
0.24,993
0.24,992
0.24,991
0.24,990
0.24,989
0.24,988
0.25,987
0.25,986
0.27,985
0.27,984
0.27,983
0.27,982
0.27,981
0.30,980
0.30,979
0.32,978
0.94,977
0.94,976
0.94,975
0.95,974
0.96,973
0.96,972
0.96,971
1.10,970
1.10,969
1.10,968
1.10,967
1.10,966
1.69,965
1.69,964
1.69,963
2.89,962
3.61,961
3.82,960
3.82,959
3.82,958
3.82,957
3.82,956
3.82,955
3.82,954
3.82,953
3.82,952
3.93,951
3.93,950
3.93,949
3.93,948
3.93,947
3.93,946
5.72,945
5.72,944
5.72,943
5.73,942
5.79,941
5.79,940
5.79,939
5.86,938
5.86,937
8.59,936
8.59,935
8.99,934
8.99,933
8.99,932
9.56,931
10.66,930
10.67,929
10.67,928
10.67,927
10.67,926
10.68,925
11.92,924
11.93,923
11.93,922
11.93,921
11.93,920
11.93,919
12.40,918
12.41,917
12.41,916
12.41,915
12.41,914
12.41,913
12.41,912
12.41,911
12.45,910
12.45,909
12.45,908
12.45,907
12.45,906
12.45,905
12.45,904
12.45,903
12.45,902
12.45,901
12.45,900
12.45,899
12.46,898
12.47,897
12.66,896
12.66,895
12.66,894
12.66,893
12.66,892
12.66,891
12.66,890
12.66,889
13.66,888
13.66,887
13.66,886
13.66,885
13.66,884
13.67,883
13.70,882
13.71,881
13.72,880
13.72,879
13.72,878
13.79,877
13.79,876
13.79,875
13.79,874
13.79,873
13.79,872
13.79,871
13.79,870
13.79,869
13.79,868
13.79,867
13.79,866
13.87,865
13.87,864
13.87,863
13.88,862
13.88,861
13.89,860
13.98,859
13.99,858
13.99,857
14.68,856
14.69,855
14.69,854
14.69,853
14.69,852
14.69,851
14.69,850
14.70,849
14.70,848
14.72,847
14.72,846
14.73,845
14.73,844
14.73,843
14.73,842
14.73,841
14.73,840
14.73,839
14.73,838
14.73,837
14.73,836
14.73,835
15.10,834
15.10,833
15.10,832
15.11,831
15.12,830
15.18,829
15.18,828
15.18,827
15.90,826
15.97,825
15.97,824
15.98,823
15.98,822
15.98,821
15.98,820
15.98,819
15.99,818
15.99,817
16.01,816
16.01,815
16.01,814
16.01,813
16.01,812
16.13,811
16.14,810
16.14,809
16.14,808
16.14,807
16.15,806
16.15,805
16.15,804
16.71,803
16.73,802
16.77,801
16.77,800
16.82,799
16.82,798
16.82,797
16.82,796
16.90,795
16.90,794
16.92,793
16.93,792
16.93,791
16.94,790
16.94,789
17.10,788
17.10,787
17.11,786
17.11,785
17.11,784
17.11,783
17.11,782
17.11,781
17.11,780
17.11,779
17.11,778
17.11,777
17.30,776
17.48,775
17.53,774
17.53,773
17.56,772
18.11,771
18.11,770
18.11,769
18.11,768
18.22,767
18.22,766
18.22,765
18.22,764
18.23,763
18.23,762
18.23,761
18.23,760
18.23,759
18.24,758
18.24,757
18.24,756
18.25,755
18.25,754
18.32,753
18.88,752
18.88,751
18.89,750
18.89,749
18.90,748
18.91,747
18.91,746
18.91,745
18.91,744
18.91,743
18.91,742
18.93,741
18.93,740
18.93,739
19.84,738
19.84,737
19.86,736
19.86,735
19.86,734
19.87,733
19.89,732
19.89,731
19.90,730
19.93,729
19.93,728
19.94,727
20.15,726
20.17,725
20.17,724
20.17,723
20.17,722
20.18,721
20.18,720
20.18,719
20.18,718
20.60,717
20.60,716
20.60,715
20.60,714
20.61,713
20.61,712
20.61,711
20.61,710
21.06,709
21.06,708
21.08,707
21.08,706
21.12,705
21.12,704
21.12,703
21.15,702
21.16,701
21.16,700
21.17,699
21.18,698
21.18,697
21.18,696
21.18,695
21.19,694
21.19,693
21.19,692
21.21,691
23.11,690
23.13,689
23.14,688
23.21,687
23.23,686
23.27,685
23.27,684
23.27,683
23.36,682
23.36,681
23.42,680
23.42,679
23.42,678
23.43,677
23.59,676
23.59,675
23.64,674
23.64,673
23.64,672
24.62,671
24.65,670
24.66,669
24.89,668
24.89,667
24.90,666
25.26,665
26.22,664
26.23,663
26.24,662
26.32,661
26.75,660
26.75,659
26.76,658
26.78,657
26.78,656
26.78,655
26.85,654
26.85,653
27.86,652
27.86,651
27.87,650
27.90,649
27.91,648
27.94,647
27.95,646
30.54,645
30.59,644
30.60,643
30.61,642
30.66,641
30.66,640
31.03,639
31.12,638
31.56,637
31.57,636
31.57,635
31.57,634
34.06,633
34.07,632
34.07,631
34.08,630
34.08,629
34.74,628
34.78,627
34.99,626
35.01,625
35.01,624
35.01,623
35.02,622
37.76,621
38.56,620
38.57,619
38.60,618
38.60,617
38.60,616
43.31,615
43.99,614
44.04,613
44.06,612
45.37,611
46.16,610
46.17,609
46.21,608
50.88,607
50.92,606
50.93,605
57.29,604
58.74,603
58.79,602
115.90,601
125.16,600
154.80,599
477.43,598
