0.06,1132
0.06,1131
0.06,1130
0.06,1129
0.06,1128
0.06,1127
0.06,1126
0.06,1125
0.06,1124
0.06,1123
0.06,1122
0.06,1121
0.07,1120
0.07,1119
0.07,1118
0.07,1117
0.07,1116
0.07,1115
0.07,1114
0.07,1113
0.07,1112
0.07,1111
0.07,1110
0.07,1109
0.07,1108
0.07,1107
0.07,1106
0.07,1105
0.07,1104
0.07,1103
0.07,1102
0.07,1101
0.07,1100
0.07,1099
0.07,1098
0.07,1097
0.07,1096
0.07,1095
0.07,1094
0.07,1093
0.08,1092
0.08,1091
0.08,1090
0.08,1089
0.08,1088
0.08,1087
0.08,1086
0.08,1085
0.08,1084
0.08,1083
0.08,1082
0.08,1081
0.08,1080
0.08,1079
0.08,1078
0.08,1077
0.08,1076
0.08,1075
0.09,1074
0.09,1073
0.09,1072
0.09,1071
0.09,1070
0.09,1069
0.09,1068
0.09,1067
0.09,1066
0.09,1065
0.09,1064
0.09,1063
0.09,1062
0.09,1061
0.09,1060
0.09,1059
0.10,1058
0.10,1057
0.10,1056
0.10,1055
0.10,1054
0.10,1053
0.10,1052
0.10,1051
0.10,1050
0.10,1049
0.10,1048
0.10,1047
0.10,1046
0.10,1045
0.10,1044
0.10,1043
0.10,1042
0.10,1041
0.10,1040
0.11,1039
0.11,1038
0.11,1037
0.12,1036
0.12,1035
0.12,1034
0.12,1033
0.12,1032
0.12,1031
0.12,1030
0.13,1029
0.13,1028
0.13,1027
0.13,1026
0.14,1025
0.14,1024
0.14,1023
0.14,1022
0.14,1021
0.14,1020
0.14,1019
0.14,1018
0.14,1017
0.14,1016
0.15,1015
0.15,1014
0.15,1013
0.15,1012
0.15,1011
0.15,1010
0.16,1009
0.16,1008
0.16,1007
0.16,1006
0.16,1005
0.16,1004
0.16,1003
0.16,1002
0.16,1001
0.16,1000
0.16,999
0.16,998
0.16,997
0.16,996
0.16,995
0.16,994
0.20,993
0.20,992
0.20,991
0.20,990
0.27,989
0.28,988
0.28,987
0.32,986
0.33,985
0.45,984
0.45,983
0.45,982
0.46,981
0.46,980
0.47,979
0.47,978
0.47,977
0.69,976
0.69,975
0.69,974
0.70,973
0.70,972
0.70,971
0.70,970
0.70,969
0.70,968
0.73,967
0.73,966
0.78,965
0.79,964
0.96,963
1.55,962
1.56,961
1.56,960
3.65,959
3.66,958
3.66,957
3.66,956
3.66,955
3.67,954
3.67,953
3.67,952
3.68,951
3.68,950
3.68,949
3.93,948
4.03,947
4.03,946
4.04,945
4.04,944
4.04,943
7.32,942
7.35,941
7.35,940
7.35,939
7.35,938
7.35,937
7.36,936
7.36,935
7.36,934
7.36,933
7.36,932
8.72,931
8.72,930
8.72,929
8.72,928
8.73,927
8.73,926
8.73,925
8.73,924
10.19,923
10.19,922
10.49,921
10.49,920
10.49,919
10.49,918
10.49,917
10.49,916
10.49,915
10.49,914
10.99,913
10.99,912
10.99,911
10.99,910
11.20,909
11.20,908
11.20,907
12.14,906
12.14,905
12.14,904
12.14,903
12.14,902
12.14,901
12.14,900
12.14,899
12.15,898
12.15,897
12.15,896
12.16,895
12.16,894
12.16,893
12.17,892
13.43,891
13.43,890
13.44,889
13.47,888
13.48,887
13.48,886
13.48,885
13.48,884
13.48,883
13.48,882
13.48,881
13.48,880
13.49,879
13.49,878
13.50,877
13.50,876
13.50,875
13.52,874
13.52,873
14.09,872
14.09,871
14.09,870
14.11,869
14.12,868
14.12,867
14.19,866
14.19,865
14.19,864
14.19,863
14.20,862
14.20,861
14.26,860
14.26,859
14.26,858
14.26,857
14.26,856
14.26,855
14.26,854
14.26,853
14.27,852
14.27,851
15.21,850
15.21,849
15.24,848
15.24,847
15.24,846
15.24,845
15.24,844
15.53,843
15.53,842
15.53,841
15.54,840
15.54,839
15.54,838
15.54,837
15.54,836
15.54,835
15.54,834
15.54,833
15.54,832
15.54,831
16.01,830
16.01,829
16.01,828
16.01,827
16.01,826
16.01,825
16.02,824
16.02,823
16.04,822
16.04,821
16.04,820
16.05,819
16.05,818
16.05,817
16.05,816
16.06,815
16.08,814
16.08,813
16.08,812
16.08,811
16.08,810
16.08,809
16.08,808
16.08,807
16.08,806
16.08,805
16.08,804
16.09,803
16.75,802
16.76,801
16.76,800
16.76,799
16.76,798
16.76,797
16.77,796
16.77,795
16.77,794
16.77,793
17.27,792
17.27,791
17.27,790
17.36,789
17.39,788
17.39,787
17.39,786
17.39,785
17.39,784
17.39,783
17.41,782
17.41,781
17.41,780
17.57,779
17.58,778
17.58,777
17.58,776
18.48,775
18.56,774
18.56,773
18.56,772
18.60,771
18.66,770
18.67,769
18.67,768
18.69,767
18.69,766
18.69,765
18.69,764
18.88,763
18.88,762
18.89,761
18.89,760
18.91,759
18.97,758
18.98,757
18.98,756
18.98,755
18.99,754
18.99,753
18.99,752
18.99,751
18.99,750
18.99,749
18.99,748
18.99,747
18.99,746
18.99,745
19.53,744
19.53,743
20.43,742
20.59,741
20.59,740
20.59,739
20.59,738
20.64,737
20.64,736
20.66,735
20.66,734
20.66,733
20.68,732
20.74,731
20.74,730
20.74,729
21.67,728
21.68,727
21.68,726
21.68,725
21.68,724
21.68,723
21.68,722
21.68,721
21.69,720
21.71,719
21.71,718
21.71,717
21.71,716
21.71,715
21.71,714
21.73,713
21.73,712
21.73,711
21.74,710
21.75,709
21.75,708
21.75,707
21.75,706
21.84,705
22.26,704
22.26,703
22.26,702
22.26,701
22.26,700
22.26,699
22.27,698
22.27,697
22.27,696
22.27,695
22.29,694
22.30,693
22.30,692
22.30,691
22.30,690
22.64,689
22.98,688
23.03,687
23.03,686
23.03,685
23.03,684
23.05,683
23.05,682
23.05,681
24.01,680
24.06,679
24.85,678
24.86,677
24.86,676
24.96,675
25.08,674
25.08,673
25.08,672
25.09,671
25.09,670
25.09,669
25.09,668
25.09,667
25.09,666
25.72,665
25.77,664
25.87,663
25.87,662
25.87,661
26.55,660
26.56,659
26.56,658
26.56,657
26.79,656
26.80,655
26.80,654
27.12,653
27.13,652
27.13,651
27.14,650
27.17,649
27.32,648
27.32,647
27.35,646
27.35,645
28.49,644
28.49,643
28.49,642
28.69,641
28.88,640
28.89,639
28.90,638
29.00,637
29.17,636
29.18,635
29.18,634
29.19,633
29.74,632
32.78,631
32.78,630
32.82,629
33.14,628
33.18,627
34.70,626
34.70,625
34.70,624
34.86,623
34.89,622
34.89,621
34.90,620
34.91,619
34.93,618
39.21,617
39.22,616
39.23,615
39.25,614
39.26,613
43.52,612
45.22,611
46.38,610
48.35,609
48.37,608
48.39,607
54.41,606
62.05,605
64.07,604
64.70,603
64.71,602
65.02,601
79.50,600
242.69,599
