0.00,5897
0.41,5896
0.57,5895
0.85,5894
1.12,5893
1.34,5892
1.65,5891
2.76,5890
3.13,5889
3.87,5888
4.08,5887
5.08,5886
5.29,5885
5.54,5884
5.70,5883
6.51,5882
6.99,5881
7.14,5880
7.45,5879
7.81,5878
8.07,5877
8.27,5876
8.43,5875
8.58,5874
8.91,5873
9.27,5872
10.82,5871
11.33,5870
11.43,5869
12.64,5868
12.74,5867
12.90,5866
13.31,5865
13.62,5864
14.66,5863
15.34,5862
15.54,5861
15.64,5860
16.57,5859
16.87,5858
17.03,5857
17.24,5856
18.02,5855
18.84,5854
19.09,5853
19.19,5852
19.65,5851
19.96,5850
20.74,5849
21.22,5848
21.55,5847
21.71,5846
21.92,5845
22.09,5844
22.37,5843
22.76,5842
23.20,5841
23.36,5840
23.57,5839
23.99,5838
24.36,5837
24.60,5836
24.82,5835
24.93,5834
25.19,5833
25.50,5832
26.02,5831
26.64,5830
26.79,5829
26.89,5828
27.20,5827
27.46,5826
28.45,5825
28.71,5824
28.91,5823
29.73,5822
30.01,5821
30.45,5820
30.61,5819
30.81,5818
31.24,5817
32.50,5816
32.61,5815
32.78,5814
33.19,5813
34.53,5812
35.52,5811
35.73,5810
35.98,5809
36.45,5808
36.70,5807
37.06,5806
37.17,5805
37.37,5804
37.62,5803
37.83,5802
38.19,5801
38.40,5800
38.50,5799
39.06,5798
39.16,5797
40.81,5796
41.28,5795
41.38,5794
41.96,5793
42.06,5792
42.16,5791
42.43,5790
43.12,5789
43.80,5788
44.26,5787
44.36,5786
44.51,5785
45.54,5784
45.74,5783
45.95,5782
46.15,5781
46.77,5780
46.87,5779
47.13,5778
47.61,5777
48.14,5776
48.25,5775
48.40,5774
48.76,5773
48.86,5772
49.12,5771
49.63,5770
50.09,5769
50.40,5768
50.65,5767
51.12,5766
51.32,5765
52.19,5764
52.29,5763
52.85,5762
52.95,5761
53.16,5760
53.36,5759
53.72,5758
54.09,5757
54.25,5756
54.47,5755
54.67,5754
54.88,5753
55.40,5752
55.50,5751
56.06,5750
56.68,5749
56.89,5748
57.20,5747
57.50,5746
57.71,5745
57.86,5744
58.11,5743
58.54,5742
58.85,5741
59.06,5740
59.54,5739
59.70,5738
60.16,5737
60.83,5736
60.98,5735
61.39,5734
61.64,5733
62.00,5732
62.30,5731
63.06,5730
63.63,5729
63.83,5728
63.93,5727
64.20,5726
65.28,5725
65.69,5724
65.79,5723
65.89,5722
66.15,5721
66.91,5720
67.01,5719
67.11,5718
67.27,5717
67.37,5716
67.82,5715
68.08,5714
68.94,5713
69.05,5712
69.31,5711
69.47,5710
69.72,5709
70.03,5708
70.64,5707
70.74,5706
70.99,5705
71.50,5704
71.97,5703
72.33,5702
72.64,5701
73.00,5700
73.57,5699
74.22,5698
74.37,5697
74.94,5696
75.15,5695
75.26,5694
75.36,5693
75.72,5692
76.03,5691
76.63,5690
76.79,5689
77.04,5688
77.40,5687
77.72,5686
78.75,5685
78.85,5684
79.11,5683
79.21,5682
79.40,5681
79.61,5680
79.76,5679
79.86,5678
80.06,5677
80.16,5676
80.37,5675
80.52,5674
80.72,5673
80.82,5672
81.39,5671
81.54,5670
81.64,5669
82.06,5668
82.33,5667
82.44,5666
82.91,5665
83.52,5664
83.95,5663
84.11,5662
84.42,5661
84.68,5660
84.88,5659
85.19,5658
85.34,5657
85.59,5656
85.90,5655
86.67,5654
86.97,5653
87.12,5652
88.00,5651
89.17,5650
89.27,5649
89.43,5648
89.59,5647
90.22,5646
90.38,5645
91.20,5644
91.35,5643
92.39,5642
92.50,5641
92.66,5640
92.82,5639
93.74,5638
94.04,5637
94.67,5636
94.87,5635
95.02,5634
95.53,5633
95.88,5632
96.95,5631
97.20,5630
97.40,5629
97.69,5628
97.90,5627
98.36,5626
98.57,5625
98.77,5624
99.08,5623
99.54,5622
100.25,5621
100.35,5620
100.45,5619
100.96,5618
101.21,5617
101.46,5616
101.91,5615
102.96,5614
103.11,5613
103.27,5612
103.42,5611
103.68,5610
103.94,5609
104.25,5608
104.66,5607
104.92,5606
105.32,5605
105.57,5604
106.13,5603
106.33,5602
106.54,5601
107.62,5600
108.26,5599
108.62,5598
108.73,5597
109.09,5596
109.34,5595
109.70,5594
109.80,5593
109.95,5592
110.06,5591
110.26,5590
110.51,5589
110.81,5588
110.97,5587
111.47,5586
111.82,5585
111.92,5584
112.08,5583
112.38,5582
112.48,5581
113.05,5580
113.60,5579
113.70,5578
113.95,5577
114.21,5576
115.34,5575
115.50,5574
115.75,5573
116.27,5572
116.58,5571
116.99,5570
117.20,5569
117.86,5568
118.22,5567
118.32,5566
118.73,5565
119.19,5564
119.50,5563
120.22,5562
120.57,5561
120.78,5560
120.93,5559
121.63,5558
122.24,5557
122.39,5556
122.86,5555
123.11,5554
123.61,5553
123.72,5552
123.87,5551
124.17,5550
124.59,5549
124.79,5548
125.00,5547
125.26,5546
125.41,5545
126.14,5544
126.30,5543
126.45,5542
126.60,5541
127.80,5540
128.30,5539
128.45,5538
129.01,5537
129.72,5536
129.92,5535
130.22,5534
130.37,5533
130.63,5532
131.33,5531
131.43,5530
131.73,5529
131.98,5528
132.38,5527
132.54,5526
132.65,5525
133.55,5524
133.71,5523
133.96,5522
134.16,5521
134.31,5520
134.57,5519
134.83,5518
135.55,5517
135.66,5516
136.58,5515
136.68,5514
137.24,5513
137.61,5512
137.97,5511
138.69,5510
138.84,5509
138.95,5508
139.05,5507
139.76,5506
140.00,5505
140.26,5504
140.46,5503
140.66,5502
141.22,5501
141.37,5500
141.62,5499
141.77,5498
141.87,5497
142.07,5496
142.85,5495
143.06,5494
143.31,5493
143.51,5492
144.07,5491
144.27,5490
144.58,5489
144.73,5488
144.98,5487
145.39,5486
145.49,5485
145.80,5484
146.06,5483
146.42,5482
146.52,5481
146.83,5480
146.98,5479
147.24,5478
147.44,5477
147.91,5476
148.47,5475
148.57,5474
149.08,5473
149.23,5472
149.94,5471
150.15,5470
150.40,5469
150.61,5468
150.78,5467
151.19,5466
151.29,5465
151.44,5464
151.59,5463
152.63,5462
152.74,5461
153.67,5460
154.07,5459
154.58,5458
154.68,5457
154.99,5456
155.44,5455
156.04,5454
156.29,5453
156.69,5452
156.79,5451
156.94,5450
157.20,5449
158.93,5448
159.20,5447
159.51,5446
159.67,5445
160.62,5444
161.07,5443
161.42,5442
161.83,5441
161.93,5440
162.33,5439
162.84,5438
163.04,5437
163.14,5436
163.49,5435
163.64,5434
163.83,5433
163.94,5432
164.08,5431
164.63,5430
165.03,5429
165.13,5428
165.48,5427
165.83,5426
165.93,5425
166.62,5424
166.72,5423
166.92,5422
167.17,5421
167.79,5420
167.89,5419
168.04,5418
168.59,5417
168.80,5416
168.95,5415
169.70,5414
170.56,5413
170.76,5412
171.02,5411
171.61,5410
172.36,5409
172.64,5408
173.67,5407
174.44,5406
174.74,5405
174.94,5404
175.19,5403
175.49,5402
175.64,5401
175.79,5400
175.94,5399
176.60,5398
177.25,5397
177.52,5396
177.98,5395
179.12,5394
179.42,5393
179.52,5392
179.68,5391
179.78,5390
180.39,5389
180.58,5388
181.23,5387
182.02,5386
182.22,5385
182.64,5384
183.14,5383
183.44,5382
183.89,5381
184.30,5380
184.71,5379
185.16,5378
186.06,5377
186.46,5376
186.86,5375
187.06,5374
187.16,5373
187.31,5372
187.52,5371
187.93,5370
188.13,5369
188.68,5368
189.29,5367
189.46,5366
189.89,5365
190.16,5364
190.26,5363
190.71,5362
191.11,5361
191.26,5360
191.88,5359
193.04,5358
193.66,5357
193.81,5356
193.91,5355
194.47,5354
194.67,5353
194.78,5352
195.27,5351
195.48,5350
195.63,5349
195.88,5348
196.97,5347
198.39,5346
198.84,5345
199.30,5344
199.86,5343
200.06,5342
200.50,5341
200.74,5340
201.44,5339
201.99,5338
202.40,5337
202.97,5336
203.07,5335
203.22,5334
203.62,5333
203.77,5332
204.26,5331
204.42,5330
204.86,5329
205.01,5328
205.36,5327
205.91,5326
206.06,5325
206.41,5324
206.56,5323
206.75,5322
206.85,5321
207.67,5320
207.83,5319
208.13,5318
208.33,5317
209.15,5316
210.01,5315
210.11,5314
210.46,5313
210.86,5312
211.16,5311
211.61,5310
211.71,5309
211.96,5308
212.10,5307
212.20,5306
212.93,5305
213.28,5304
213.68,5303
213.83,5302
214.29,5301
214.45,5300
214.55,5299
214.65,5298
214.85,5297
215.56,5296
215.96,5295
216.22,5294
216.44,5293
216.79,5292
216.89,5291
216.99,5290
217.40,5289
217.51,5288
217.97,5287
218.17,5286
218.42,5285
219.49,5284
220.07,5283
220.51,5282
220.62,5281
221.12,5280
221.27,5279
222.02,5278
222.96,5277
224.16,5276
225.13,5275
225.49,5274
225.62,5273
226.34,5272
226.85,5271
227.79,5270
228.90,5269
230.20,5268
230.35,5267
230.71,5266
230.97,5265
231.07,5264
231.22,5263
231.42,5262
231.77,5261
231.97,5260
232.07,5259
232.39,5258
232.97,5257
233.52,5256
233.97,5255
234.12,5254
234.32,5253
234.58,5252
235.09,5251
235.19,5250
235.39,5249
235.80,5248
236.42,5247
236.62,5246
236.88,5245
238.42,5244
239.37,5243
240.14,5242
240.40,5241
241.07,5240
241.43,5239
241.83,5238
242.09,5237
242.29,5236
242.39,5235
242.50,5234
243.66,5233
243.91,5232
244.01,5231
244.26,5230
244.48,5229
244.58,5228
245.41,5227
245.62,5226
245.72,5225
245.87,5224
245.98,5223
246.18,5222
247.05,5221
247.25,5220
247.47,5219
247.57,5218
248.14,5217
248.49,5216
249.35,5215
249.55,5214
249.71,5213
249.86,5212
250.73,5211
251.08,5210
251.29,5209
251.51,5208
251.77,5207
251.87,5206
252.55,5205
252.86,5204
253.01,5203
253.16,5202
253.42,5201
253.93,5200
255.08,5199
255.69,5198
256.54,5197
256.90,5196
257.06,5195
257.31,5194
257.42,5193
257.78,5192
257.98,5191
258.06,5190
258.18,5189
258.51,5188
258.78,5187
258.99,5186
259.52,5185
259.68,5184
260.03,5183
260.33,5182
260.78,5181
260.98,5180
261.18,5179
261.59,5178
261.79,5177
262.30,5176
263.20,5175
263.46,5174
264.21,5173
264.51,5172
264.66,5171
264.91,5170
265.11,5169
265.21,5168
266.48,5167
267.59,5166
268.14,5165
268.74,5164
269.23,5163
269.33,5162
269.53,5161
269.73,5160
269.95,5159
270.11,5158
270.21,5157
270.46,5156
270.91,5155
271.56,5154
271.86,5153
272.16,5152
272.26,5151
273.02,5150
273.22,5149
273.51,5148
274.50,5147
274.76,5146
275.26,5145
276.01,5144
276.16,5143
276.77,5142
277.22,5141
277.72,5140
277.82,5139
278.03,5138
278.13,5137
278.59,5136
279.29,5135
279.49,5134
279.59,5133
279.69,5132
280.04,5131
280.24,5130
280.85,5129
281.00,5128
281.35,5127
281.65,5126
282.21,5125
282.75,5124
283.59,5123
283.74,5122
284.20,5121
285.02,5120
285.86,5119
286.26,5118
286.66,5117
286.77,5116
287.32,5115
287.86,5114
288.66,5113
288.76,5112
289.20,5111
289.60,5110
290.21,5109
291.16,5108
291.46,5107
291.61,5106
294.00,5105
294.34,5104
294.79,5103
294.99,5102
295.44,5101
296.19,5100
296.69,5099
296.80,5098
297.58,5097
297.98,5096
298.13,5095
299.04,5094
299.34,5093
299.59,5092
299.70,5091
299.85,5090
300.20,5089
300.65,5088
301.35,5087
301.75,5086
302.15,5085
302.57,5084
304.07,5083
304.95,5082
306.10,5081
307.02,5080
307.43,5079
308.70,5078
309.05,5077
309.20,5076
309.41,5075
309.50,5074
309.85,5073
310.06,5072
311.01,5071
311.30,5070
311.41,5069
312.12,5068
312.54,5067
313.04,5066
313.43,5065
313.63,5064
313.73,5063
314.03,5062
314.37,5061
315.07,5060
315.17,5059
315.31,5058
316.01,5057
316.35,5056
317.15,5055
318.29,5054
318.50,5053
318.75,5052
319.72,5051
319.97,5050
320.74,5049
321.40,5048
321.91,5047
322.20,5046
322.35,5045
322.86,5044
323.01,5043
323.21,5042
323.36,5041
323.52,5040
323.68,5039
323.78,5038
324.30,5037
324.40,5036
324.70,5035
324.95,5034
325.68,5033
326.13,5032
326.38,5031
326.68,5030
327.55,5029
328.16,5028
328.46,5027
328.61,5026
329.05,5025
329.35,5024
330.95,5023
331.15,5022
332.26,5021
332.73,5020
333.18,5019
333.68,5018
335.30,5017
335.40,5016
336.82,5015
337.17,5014
337.28,5013
339.29,5012
339.39,5011
339.54,5010
340.19,5009
340.99,5008
343.07,5007
344.23,5006
344.43,5005
