0.00,5921
0.29,5920
0.71,5919
1.02,5918
1.13,5917
1.39,5916
1.75,5915
1.91,5914
2.32,5913
2.80,5912
3.32,5911
3.90,5910
4.00,5909
4.21,5908
4.31,5907
4.52,5906
4.94,5905
5.15,5904
5.25,5903
5.61,5902
6.08,5901
6.49,5900
6.59,5899
6.70,5898
6.91,5897
7.41,5896
7.58,5895
7.70,5894
8.57,5893
8.68,5892
9.18,5891
9.70,5890
10.24,5889
10.80,5888
11.21,5887
11.55,5886
11.91,5885
12.01,5884
12.17,5883
13.41,5882
13.54,5881
14.31,5880
14.43,5879
15.45,5878
15.81,5877
15.95,5876
16.06,5875
16.33,5874
17.07,5873
17.66,5872
17.88,5871
18.00,5870
18.28,5869
18.67,5868
19.14,5867
19.67,5866
20.21,5865
20.38,5864
20.62,5863
20.79,5862
20.96,5861
21.18,5860
21.75,5859
22.47,5858
22.63,5857
22.84,5856
23.31,5855
23.73,5854
24.41,5853
24.64,5852
25.19,5851
25.35,5850
25.51,5849
25.67,5848
25.99,5847
26.45,5846
27.14,5845
27.55,5844
28.00,5843
28.21,5842
28.57,5841
29.26,5840
29.67,5839
29.88,5838
30.18,5837
30.49,5836
30.71,5835
30.96,5834
31.11,5833
32.01,5832
32.32,5831
32.79,5830
33.15,5829
33.53,5828
33.74,5827
34.12,5826
34.90,5825
35.80,5824
35.90,5823
36.77,5822
37.38,5821
37.58,5820
38.26,5819
38.51,5818
39.40,5817
39.56,5816
40.22,5815
40.48,5814
40.58,5813
41.43,5812
41.53,5811
41.63,5810
42.10,5809
42.61,5808
43.32,5807
43.47,5806
43.79,5805
43.90,5804
44.26,5803
44.47,5802
44.68,5801
45.04,5800
45.58,5799
45.68,5798
45.90,5797
46.19,5796
46.31,5795
46.41,5794
46.77,5793
46.88,5792
47.19,5791
47.50,5790
47.96,5789
48.12,5788
48.38,5787
48.98,5786
49.13,5785
49.24,5784
49.50,5783
49.77,5782
50.09,5781
50.56,5780
50.77,5779
51.13,5778
51.34,5777
51.50,5776
51.66,5775
53.23,5774
53.38,5773
53.74,5772
54.06,5771
54.27,5770
54.87,5769
55.04,5768
55.30,5767
55.40,5766
55.87,5765
56.03,5764
56.39,5763
56.70,5762
56.96,5761
57.21,5760
57.46,5759
57.58,5758
57.97,5757
58.08,5756
58.60,5755
58.70,5754
58.86,5753
59.97,5752
60.99,5751
61.36,5750
62.03,5749
62.29,5748
62.61,5747
62.97,5746
63.13,5745
63.28,5744
63.95,5743
64.43,5742
64.53,5741
65.30,5740
65.46,5739
65.56,5738
65.67,5737
65.82,5736
66.08,5735
66.34,5734
66.45,5733
66.56,5732
67.77,5731
68.09,5730
68.92,5729
69.39,5728
69.71,5727
70.41,5726
70.51,5725
70.99,5724
71.10,5723
71.25,5722
71.77,5721
72.08,5720
73.17,5719
73.32,5718
73.79,5717
73.95,5716
74.61,5715
75.79,5714
75.91,5713
76.14,5712
76.55,5711
77.50,5710
77.71,5709
78.02,5708
78.42,5707
78.53,5706
78.92,5705
79.71,5704
80.08,5703
80.45,5702
80.71,5701
80.87,5700
81.02,5699
81.33,5698
81.48,5697
81.70,5696
81.78,5695
82.29,5694
82.52,5693
82.89,5692
83.10,5691
83.20,5690
83.51,5689
83.98,5688
84.08,5687
84.18,5686
84.28,5685
84.60,5684
84.83,5683
85.13,5682
85.39,5681
85.50,5680
85.71,5679
85.92,5678
86.33,5677
86.74,5676
87.36,5675
87.58,5674
87.75,5673
88.19,5672
88.29,5671
88.92,5670
89.40,5669
90.12,5668
90.66,5667
90.88,5666
91.05,5665
91.52,5664
91.63,5663
91.84,5662
92.71,5661
92.88,5660
93.03,5659
93.19,5658
93.52,5657
93.74,5656
94.03,5655
94.13,5654
94.45,5653
94.72,5652
94.88,5651
95.03,5650
95.18,5649
95.85,5648
96.01,5647
96.21,5646
96.81,5645
97.17,5644
97.69,5643
98.51,5642
98.61,5641
98.88,5640
98.98,5639
99.08,5638
99.45,5637
99.89,5636
100.59,5635
100.80,5634
101.05,5633
101.15,5632
101.51,5631
101.77,5630
102.47,5629
102.75,5628
102.86,5627
102.98,5626
103.08,5625
103.34,5624
103.55,5623
103.72,5622
103.92,5621
104.14,5620
104.30,5619
104.78,5618
105.10,5617
105.26,5616
106.35,5615
107.25,5614
107.41,5613
107.51,5612
107.78,5611
108.62,5610
108.96,5609
109.36,5608
109.52,5607
109.98,5606
110.08,5605
110.19,5604
110.29,5603
110.59,5602
110.85,5601
111.21,5600
111.82,5599
112.06,5598
112.69,5597
113.12,5596
113.49,5595
113.81,5594
114.32,5593
114.98,5592
115.20,5591
115.52,5590
115.62,5589
115.73,5588
115.89,5587
116.25,5586
116.56,5585
116.77,5584
117.40,5583
118.15,5582
118.53,5581
119.01,5580
119.11,5579
119.81,5578
120.64,5577
120.75,5576
121.08,5575
121.77,5574
122.10,5573
122.25,5572
122.72,5571
122.99,5570
123.09,5569
123.19,5568
123.51,5567
123.73,5566
124.34,5565
124.65,5564
124.85,5563
124.97,5562
125.07,5561
125.80,5560
125.96,5559
126.26,5558
126.68,5557
126.79,5556
127.01,5555
127.43,5554
127.53,5553
127.63,5552
127.73,5551
128.09,5550
128.19,5549
128.45,5548
130.43,5547
131.04,5546
131.35,5545
131.66,5544
131.91,5543
132.43,5542
132.67,5541
132.79,5540
133.19,5539
133.87,5538
134.03,5537
134.75,5536
135.37,5535
135.47,5534
136.03,5533
136.26,5532
136.46,5531
136.73,5530
136.93,5529
137.04,5528
137.35,5527
137.50,5526
137.71,5525
137.91,5524
138.64,5523
138.77,5522
139.57,5521
140.35,5520
140.50,5519
140.85,5518
141.06,5517
141.32,5516
142.17,5515
142.32,5514
143.15,5513
143.36,5512
143.47,5511
144.03,5510
144.65,5509
144.76,5508
145.39,5507
145.49,5506
146.17,5505
146.38,5504
146.70,5503
147.21,5502
147.57,5501
147.78,5500
148.17,5499
148.42,5498
148.52,5497
148.78,5496
149.21,5495
149.67,5494
149.92,5493
150.08,5492
150.23,5491
151.00,5490
151.95,5489
152.40,5488
152.56,5487
152.96,5486
153.47,5485
153.95,5484
154.28,5483
154.44,5482
154.65,5481
155.06,5480
155.21,5479
155.87,5478
155.98,5477
156.23,5476
156.75,5475
157.78,5474
158.03,5473
158.19,5472
158.54,5471
158.79,5470
159.14,5469
159.60,5468
159.85,5467
159.93,5466
160.28,5465
160.53,5464
160.79,5463
160.94,5462
161.41,5461
162.27,5460
162.95,5459
163.19,5458
163.29,5457
164.03,5456
164.28,5455
164.38,5454
164.48,5453
165.06,5452
165.36,5451
165.62,5450
165.85,5449
166.26,5448
167.04,5447
167.19,5446
167.80,5445
168.06,5444
168.21,5443
168.31,5442
168.52,5441
168.68,5440
168.95,5439
169.28,5438
169.48,5437
170.20,5436
170.41,5435
170.56,5434
170.92,5433
171.13,5432
171.49,5431
171.82,5430
172.04,5429
172.35,5428
172.60,5427
172.81,5426
173.22,5425
173.82,5424
173.92,5423
174.13,5422
174.23,5421
174.38,5420
174.77,5419
175.20,5418
175.36,5417
175.93,5416
176.29,5415
176.75,5414
177.06,5413
177.27,5412
177.53,5411
177.74,5410
178.12,5409
178.27,5408
178.47,5407
178.63,5406
179.15,5405
179.30,5404
179.60,5403
180.05,5402
180.15,5401
180.98,5400
181.42,5399
181.52,5398
182.07,5397
182.17,5396
182.48,5395
183.23,5394
183.40,5393
183.68,5392
184.16,5391
184.41,5390
184.66,5389
184.91,5388
185.42,5387
185.99,5386
186.40,5385
187.12,5384
187.80,5383
188.02,5382
188.45,5381
188.60,5380
189.02,5379
189.58,5378
190.28,5377
190.43,5376
190.68,5375
191.05,5374
191.16,5373
191.82,5372
193.00,5371
193.25,5370
193.45,5369
193.55,5368
193.66,5367
194.12,5366
194.37,5365
194.57,5364
194.88,5363
195.13,5362
195.59,5361
195.97,5360
196.14,5359
196.61,5358
196.77,5357
197.02,5356
197.22,5355
197.63,5354
198.34,5353
198.60,5352
199.29,5351
199.64,5350
199.74,5349
200.25,5348
200.55,5347
201.01,5346
201.11,5345
201.98,5344
202.17,5343
202.55,5342
202.80,5341
203.46,5340
203.76,5339
204.69,5338
205.01,5337
205.17,5336
205.58,5335
205.68,5334
205.78,5333
205.93,5332
206.19,5331
206.44,5330
206.81,5329
206.90,5328
207.37,5327
207.47,5326
207.64,5325
207.81,5324
207.92,5323
208.24,5322
208.55,5321
208.65,5320
208.96,5319
209.22,5318
209.82,5317
210.17,5316
210.47,5315
210.63,5314
210.90,5313
211.47,5312
212.75,5311
212.95,5310
213.05,5309
213.15,5308
213.25,5307
213.35,5306
213.45,5305
214.05,5304
214.26,5303
214.36,5302
214.57,5301
214.83,5300
215.05,5299
215.30,5298
215.87,5297
216.64,5296
216.87,5295
217.03,5294
217.54,5293
217.80,5292
217.96,5291
218.32,5290
218.88,5289
219.14,5288
219.30,5287
219.65,5286
219.77,5285
219.87,5284
220.09,5283
220.44,5282
220.55,5281
220.70,5280
220.81,5279
221.23,5278
221.34,5277
221.44,5276
221.59,5275
221.84,5274
221.94,5273
222.35,5272
223.14,5271
223.49,5270
223.81,5269
224.07,5268
224.27,5267
224.63,5266
224.79,5265
225.25,5264
225.60,5263
225.73,5262
225.81,5261
226.28,5260
227.27,5259
227.52,5258
228.15,5257
229.28,5256
229.78,5255
230.24,5254
230.70,5253
232.20,5252
232.35,5251
233.18,5250
233.43,5249
233.68,5248
233.79,5247
234.24,5246
234.77,5245
235.04,5244
236.17,5243
236.37,5242
236.62,5241
236.92,5240
237.08,5239
237.58,5238
237.91,5237
238.07,5236
238.28,5235
238.54,5234
238.76,5233
239.06,5232
239.27,5231
239.42,5230
239.72,5229
240.17,5228
240.56,5227
240.77,5226
241.41,5225
241.61,5224
241.86,5223
242.62,5222
243.02,5221
243.48,5220
243.59,5219
244.49,5218
244.59,5217
244.84,5216
244.99,5215
245.19,5214
245.30,5213
245.67,5212
246.24,5211
246.55,5210
247.19,5209
247.65,5208
247.80,5207
248.11,5206
248.62,5205
248.94,5204
250.06,5203
250.47,5202
250.77,5201
251.21,5200
251.57,5199
251.77,5198
252.32,5197
252.89,5196
253.00,5195
253.77,5194
253.97,5193
254.77,5192
255.17,5191
255.37,5190
255.64,5189
255.74,5188
256.23,5187
257.10,5186
257.36,5185
257.61,5184
257.98,5183
258.23,5182
258.39,5181
258.71,5180
259.25,5179
259.93,5178
260.13,5177
260.34,5176
260.74,5175
261.54,5174
261.86,5173
262.07,5172
262.37,5171
262.52,5170
262.93,5169
263.09,5168
263.40,5167
263.66,5166
264.97,5165
265.08,5164
265.63,5163
265.89,5162
266.61,5161
267.17,5160
267.37,5159
267.47,5158
268.44,5157
268.90,5156
269.54,5155
269.86,5154
271.33,5153
271.53,5152
272.54,5151
273.61,5150
273.73,5149
274.05,5148
274.99,5147
275.14,5146
275.44,5145
275.54,5144
275.81,5143
275.97,5142
276.32,5141
276.85,5140
277.76,5139
278.07,5138
278.37,5137
278.68,5136
278.94,5135
279.51,5134
280.71,5133
281.07,5132
281.17,5131
281.38,5130
281.68,5129
282.39,5128
282.72,5127
283.16,5126
284.09,5125
284.59,5124
284.79,5123
284.94,5122
285.79,5121
286.57,5120
287.03,5119
287.79,5118
288.50,5117
288.66,5116
288.82,5115
289.08,5114
289.33,5113
289.48,5112
289.58,5111
289.68,5110
289.79,5109
289.99,5108
290.35,5107
291.60,5106
291.75,5105
292.03,5104
292.34,5103
292.50,5102
292.90,5101
293.25,5100
293.35,5099
293.60,5098
293.70,5097
294.06,5096
294.91,5095
296.26,5094
296.67,5093
296.77,5092
297.69,5091
297.88,5090
298.06,5089
298.47,5088
298.93,5087
299.03,5086
299.61,5085
299.87,5084
300.22,5083
301.07,5082
301.22,5081
302.09,5080
302.50,5079
302.73,5078
303.13,5077
303.28,5076
303.43,5075
304.34,5074
304.59,5073
304.84,5072
305.25,5071
305.65,5070
305.95,5069
306.21,5068
306.52,5067
307.22,5066
308.30,5065
308.50,5064
308.76,5063
309.22,5062
310.32,5061
310.42,5060
310.83,5059
311.34,5058
311.64,5057
312.78,5056
313.25,5055
314.06,5054
314.66,5053
314.91,5052
315.31,5051
315.41,5050
315.57,5049
315.79,5048
316.50,5047
317.31,5046
318.08,5045
319.29,5044
319.54,5043
319.64,5042
320.34,5041
320.91,5040
322.11,5039
322.46,5038
323.02,5037
323.12,5036
324.75,5035
324.97,5034
325.73,5033
326.69,5032
327.09,5031
328.46,5030
328.62,5029
328.87,5028
329.84,5027
330.29,5026
330.94,5025
332.15,5024
332.42,5023
332.68,5022
332.93,5021
333.87,5020
334.18,5019
334.43,5018
334.63,5017
334.83,5016
334.97,5015
336.01,5014
336.31,5013
336.51,5012
336.79,5011
336.90,5010
337.94,5009
338.04,5008
339.20,5007
340.99,5006
341.16,5005
342.11,5004
342.51,5003
342.82,5002
343.03,5001
343.29,5000
343.64,4999
343.94,4998
344.30,4997
344.50,4996
344.86,4995
345.16,4994
345.63,4993
346.01,4992
347.16,4991
347.70,4990
347.90,4989
348.27,4988
348.52,4987
349.01,4986
349.11,4985
