0.19,8360
0.19,8359
0.19,8358
0.19,8357
0.19,8356
0.19,8355
0.19,8354
0.19,8353
0.19,8352
0.19,8351
0.19,8350
0.19,8349
0.19,8348
0.20,8347
0.20,8346
0.20,8345
0.20,8344
0.20,8343
0.20,8342
0.20,8341
0.20,8340
0.20,8339
0.20,8338
0.20,8337
0.20,8336
0.20,8335
0.20,8334
0.20,8333
0.20,8332
0.20,8331
0.20,8330
0.20,8329
0.20,8328
0.20,8327
0.20,8326
0.20,8325
0.20,8324
0.20,8323
0.20,8322
0.20,8321
0.20,8320
0.20,8319
0.20,8318
0.21,8317
0.21,8316
0.21,8315
0.21,8314
0.21,8313
0.21,8312
0.21,8311
0.21,8310
0.21,8309
0.21,8308
0.22,8307
0.22,8306
0.22,8305
0.22,8304
0.22,8303
0.22,8302
0.22,8301
0.22,8300
0.22,8299
0.22,8298
0.22,8297
0.22,8296
0.22,8295
0.22,8294
0.22,8293
0.22,8292
0.22,8291
0.22,8290
0.22,8289
0.22,8288
0.22,8287
0.22,8286
0.22,8285
0.22,8284
0.22,8283
0.22,8282
0.23,8281
0.23,8280
0.23,8279
0.23,8278
0.23,8277
0.23,8276
0.23,8275
0.23,8274
0.23,8273
0.23,8272
0.23,8271
0.23,8270
0.23,8269
0.23,8268
0.23,8267
0.24,8266
0.24,8265
0.24,8264
0.24,8263
0.24,8262
0.24,8261
0.24,8260
0.24,8259
0.24,8258
0.24,8257
0.24,8256
0.24,8255
0.24,8254
0.24,8253
0.24,8252
0.25,8251
0.25,8250
0.25,8249
0.25,8248
0.25,8247
0.25,8246
0.25,8245
0.25,8244
0.25,8243
0.25,8242
0.25,8241
0.25,8240
0.25,8239
0.25,8238
0.25,8237
0.25,8236
0.25,8235
0.25,8234
0.25,8233
0.26,8232
0.26,8231
0.26,8230
0.26,8229
0.26,8228
0.26,8227
0.26,8226
0.26,8225
0.26,8224
0.26,8223
0.26,8222
0.26,8221
0.26,8220
0.26,8219
0.26,8218
0.26,8217
0.26,8216
0.26,8215
0.26,8214
0.26,8213
0.27,8212
0.27,8211
0.27,8210
0.27,8209
0.27,8208
0.27,8207
0.27,8206
0.27,8205
0.27,8204
0.28,8203
0.28,8202
0.28,8201
0.28,8200
0.28,8199
0.28,8198
0.28,8197
0.28,8196
0.28,8195
0.28,8194
0.28,8193
0.28,8192
0.28,8191
0.28,8190
0.28,8189
0.28,8188
0.29,8187
0.29,8186
0.29,8185
0.29,8184
0.29,8183
0.29,8182
0.29,8181
0.29,8180
0.29,8179
0.29,8178
0.29,8177
0.29,8176
0.29,8175
0.29,8174
0.29,8173
0.29,8172
0.29,8171
0.29,8170
0.29,8169
0.30,8168
0.30,8167
0.30,8166
0.30,8165
0.30,8164
0.31,8163
0.31,8162
0.31,8161
0.31,8160
0.31,8159
0.31,8158
0.31,8157
0.31,8156
0.31,8155
0.31,8154
0.31,8153
0.31,8152
0.31,8151
0.31,8150
0.31,8149
0.31,8148
0.31,8147
0.31,8146
0.32,8145
0.32,8144
0.32,8143
0.32,8142
0.32,8141
0.32,8140
0.32,8139
0.32,8138
0.32,8137
0.32,8136
0.32,8135
0.32,8134
0.32,8133
0.32,8132
0.33,8131
0.33,8130
0.33,8129
0.33,8128
0.33,8127
0.33,8126
0.33,8125
0.34,8124
0.34,8123
0.34,8122
0.34,8121
0.35,8120
0.35,8119
0.35,8118
0.35,8117
0.35,8116
0.35,8115
0.35,8114
0.35,8113
0.35,8112
0.35,8111
0.35,8110
0.36,8109
0.36,8108
0.36,8107
0.36,8106
0.36,8105
0.36,8104
0.36,8103
0.36,8102
0.36,8101
0.36,8100
0.36,8099
0.36,8098
0.36,8097
0.36,8096
0.36,8095
0.36,8094
0.36,8093
0.36,8092
0.36,8091
0.36,8090
0.36,8089
0.37,8088
0.37,8087
0.37,8086
0.37,8085
0.37,8084
0.38,8083
0.38,8082
0.38,8081
0.38,8080
0.38,8079
0.38,8078
0.38,8077
0.38,8076
0.38,8075
0.39,8074
0.39,8073
0.39,8072
0.39,8071
0.39,8070
0.39,8069
0.39,8068
0.39,8067
0.39,8066
0.40,8065
0.40,8064
0.40,8063
0.40,8062
0.40,8061
0.40,8060
0.40,8059
0.40,8058
0.40,8057
0.41,8056
0.41,8055
0.41,8054
0.41,8053
0.41,8052
0.41,8051
0.41,8050
0.41,8049
0.41,8048
0.41,8047
0.41,8046
0.41,8045
0.41,8044
0.41,8043
0.42,8042
0.42,8041
0.42,8040
0.43,8039
0.43,8038
0.43,8037
0.43,8036
0.43,8035
0.43,8034
0.43,8033
0.43,8032
0.43,8031
0.43,8030
0.43,8029
0.44,8028
0.44,8027
0.44,8026
0.44,8025
0.44,8024
0.44,8023
0.45,8022
0.45,8021
0.45,8020
0.46,8019
0.46,8018
0.46,8017
0.46,8016
0.46,8015
0.46,8014
0.46,8013
0.46,8012
0.46,8011
0.48,8010
0.48,8009
0.48,8008
0.48,8007
0.48,8006
0.48,8005
0.48,8004
0.48,8003
0.48,8002
0.48,8001
0.49,8000
0.49,7999
0.49,7998
0.49,7997
0.49,7996
0.49,7995
0.49,7994
0.49,7993
0.49,7992
0.49,7991
0.49,7990
0.49,7989
0.50,7988
0.50,7987
0.50,7986
0.50,7985
0.50,7984
0.50,7983
0.50,7982
0.50,7981
0.50,7980
0.50,7979
0.50,7978
0.50,7977
0.51,7976
0.51,7975
0.51,7974
0.51,7973
0.51,7972
0.51,7971
0.51,7970
0.51,7969
0.51,7968
0.51,7967
0.51,7966
0.51,7965
0.51,7964
0.51,7963
0.51,7962
0.51,7961
0.51,7960
0.51,7959
0.51,7958
0.51,7957
0.52,7956
0.52,7955
0.52,7954
0.52,7953
0.52,7952
0.52,7951
0.53,7950
0.53,7949
0.53,7948
0.54,7947
0.54,7946
0.54,7945
0.54,7944
0.54,7943
0.54,7942
0.54,7941
0.55,7940
0.55,7939
0.55,7938
0.55,7937
0.55,7936
0.55,7935
0.56,7934
0.56,7933
0.56,7932
0.56,7931
0.56,7930
0.56,7929
0.56,7928
0.56,7927
0.56,7926
0.56,7925
0.56,7924
0.57,7923
0.57,7922
0.57,7921
0.57,7920
0.57,7919
0.57,7918
0.57,7917
0.57,7916
0.57,7915
0.57,7914
0.57,7913
0.57,7912
0.57,7911
0.57,7910
0.57,7909
0.58,7908
0.58,7907
0.58,7906
0.58,7905
0.58,7904
0.58,7903
0.58,7902
0.59,7901
0.59,7900
0.59,7899
0.59,7898
0.59,7897
0.59,7896
0.59,7895
0.59,7894
0.59,7893
0.59,7892
0.59,7891
0.59,7890
0.59,7889
0.60,7888
0.60,7887
0.60,7886
0.60,7885
0.60,7884
0.60,7883
0.60,7882
0.60,7881
0.60,7880
0.60,7879
0.60,7878
0.60,7877
0.60,7876
0.60,7875
0.60,7874
0.61,7873
0.61,7872
0.61,7871
0.61,7870
0.61,7869
0.61,7868
0.61,7867
0.61,7866
0.62,7865
0.62,7864
0.62,7863
0.62,7862
0.62,7861
0.62,7860
0.62,7859
0.62,7858
0.62,7857
0.62,7856
0.62,7855
0.62,7854
0.62,7853
0.63,7852
0.63,7851
0.64,7850
0.64,7849
0.64,7848
0.64,7847
0.64,7846
0.64,7845
0.65,7844
0.65,7843
0.65,7842
0.65,7841
0.65,7840
0.65,7839
0.65,7838
0.65,7837
0.65,7836
0.65,7835
0.65,7834
0.65,7833
0.66,7832
0.66,7831
0.66,7830
0.67,7829
0.67,7828
0.68,7827
0.68,7826
0.68,7825
0.70,7824
0.70,7823
0.71,7822
0.71,7821
0.71,7820
0.71,7819
0.71,7818
0.71,7817
0.72,7816
0.73,7815
0.73,7814
0.73,7813
0.73,7812
0.73,7811
0.73,7810
0.73,7809
0.73,7808
0.75,7807
0.75,7806
0.75,7805
0.75,7804
0.75,7803
0.75,7802
0.76,7801
0.76,7800
0.76,7799
0.76,7798
0.76,7797
0.76,7796
0.76,7795
0.76,7794
0.76,7793
0.76,7792
0.76,7791
0.77,7790
0.77,7789
0.77,7788
0.77,7787
0.77,7786
0.77,7785
0.78,7784
0.78,7783
0.78,7782
0.79,7781
0.79,7780
0.79,7779
0.79,7778
0.80,7777
0.80,7776
0.80,7775
0.80,7774
0.80,7773
0.82,7772
0.82,7771
0.83,7770
0.83,7769
0.84,7768
0.84,7767
0.84,7766
0.84,7765
0.84,7764
0.84,7763
0.84,7762
0.85,7761
0.85,7760
0.85,7759
0.85,7758
0.85,7757
0.85,7756
0.85,7755
0.85,7754
0.86,7753
0.86,7752
0.86,7751
0.86,7750
0.86,7749
0.86,7748
0.86,7747
0.86,7746
0.87,7745
0.88,7744
0.88,7743
0.88,7742
0.88,7741
0.88,7740
0.88,7739
0.88,7738
0.88,7737
0.90,7736
0.90,7735
0.91,7734
0.92,7733
0.92,7732
0.92,7731
0.92,7730
0.92,7729
0.92,7728
0.93,7727
0.93,7726
0.94,7725
0.94,7724
0.94,7723
0.94,7722
0.95,7721
0.95,7720
0.95,7719
0.95,7718
0.95,7717
0.95,7716
0.96,7715
0.96,7714
0.97,7713
0.97,7712
0.97,7711
0.97,7710
0.98,7709
0.98,7708
0.98,7707
0.98,7706
0.98,7705
0.98,7704
0.98,7703
0.98,7702
0.98,7701
0.98,7700
0.98,7699
0.98,7698
0.98,7697
0.99,7696
0.99,7695
0.99,7694
0.99,7693
0.99,7692
1.00,7691
1.00,7690
1.00,7689
1.00,7688
1.00,7687
1.01,7686
1.01,7685
1.02,7684
1.02,7683
1.02,7682
1.02,7681
1.02,7680
1.02,7679
1.02,7678
1.02,7677
1.03,7676
1.03,7675
1.03,7674
1.03,7673
1.03,7672
1.04,7671
1.04,7670
1.04,7669
1.04,7668
1.05,7667
1.05,7666
1.05,7665
1.05,7664
1.06,7663
1.06,7662
1.06,7661
1.06,7660
1.06,7659
1.06,7658
1.06,7657
1.07,7656
1.08,7655
1.09,7654
1.09,7653
1.09,7652
1.09,7651
1.09,7650
1.10,7649
1.10,7648
1.10,7647
1.10,7646
1.10,7645
1.10,7644
1.10,7643
1.10,7642
1.10,7641
1.10,7640
1.11,7639
1.11,7638
1.11,7637
1.11,7636
1.11,7635
1.11,7634
1.11,7633
1.12,7632
1.12,7631
1.12,7630
1.12,7629
1.12,7628
1.12,7627
1.12,7626
1.12,7625
1.12,7624
1.12,7623
1.12,7622
1.12,7621
1.12,7620
1.12,7619
1.12,7618
1.12,7617
1.12,7616
1.20,7615
1.20,7614
1.21,7613
1.21,7612
1.21,7611
1.21,7610
1.21,7609
1.21,7608
1.21,7607
1.21,7606
1.21,7605
1.21,7604
1.21,7603
1.21,7602
1.25,7601
1.25,7600
1.25,7599
1.25,7598
1.25,7597
1.26,7596
1.26,7595
1.27,7594
1.27,7593
1.27,7592
1.27,7591
1.27,7590
1.27,7589
1.28,7588
1.29,7587
1.29,7586
1.29,7585
1.29,7584
1.29,7583
1.29,7582
1.29,7581
1.29,7580
1.29,7579
1.29,7578
1.29,7577
1.29,7576
1.29,7575
1.29,7574
1.29,7573
1.29,7572
1.29,7571
1.31,7570
1.31,7569
1.31,7568
1.31,7567
1.31,7566
1.32,7565
1.32,7564
1.33,7563
1.36,7562
1.36,7561
1.36,7560
1.36,7559
1.37,7558
1.37,7557
1.37,7556
1.38,7555
1.38,7554
1.38,7553
1.38,7552
1.38,7551
1.39,7550
1.41,7549
1.45,7548
1.45,7547
1.45,7546
1.45,7545
1.45,7544
1.45,7543
1.45,7542
1.46,7541
1.51,7540
1.51,7539
1.51,7538
1.51,7537
1.51,7536
1.51,7535
1.51,7534
1.52,7533
1.52,7532
1.52,7531
1.52,7530
1.52,7529
1.54,7528
1.54,7527
1.55,7526
1.55,7525
1.55,7524
1.55,7523
1.56,7522
1.56,7521
1.57,7520
1.58,7519
1.58,7518
1.58,7517
1.58,7516
1.58,7515
1.58,7514
1.58,7513
1.58,7512
1.58,7511
1.58,7510
1.59,7509
1.59,7508
1.59,7507
1.59,7506
1.59,7505
1.59,7504
1.59,7503
1.60,7502
1.60,7501
1.60,7500
1.60,7499
1.61,7498
1.61,7497
1.64,7496
1.64,7495
1.64,7494
1.65,7493
1.65,7492
1.72,7491
1.72,7490
1.72,7489
1.72,7488
1.72,7487
1.73,7486
1.86,7485
1.87,7484
1.88,7483
1.96,7482
1.96,7481
1.96,7480
1.96,7479
1.98,7478
1.98,7477
1.98,7476
1.99,7475
1.99,7474
1.99,7473
1.99,7472
1.99,7471
2.00,7470
2.00,7469
2.00,7468
2.00,7467
2.00,7466
2.00,7465
2.00,7464
2.00,7463
2.00,7462
2.01,7461
2.01,7460
2.02,7459
2.02,7458
2.04,7457
2.04,7456
2.04,7455
2.05,7454
2.05,7453
2.05,7452
2.07,7451
2.07,7450
2.07,7449
2.07,7448
2.07,7447
2.07,7446
2.09,7445
2.09,7444
2.10,7443
2.10,7442
2.14,7441
2.17,7440
2.17,7439
2.17,7438
2.17,7437
2.17,7436
2.17,7435
2.17,7434
2.18,7433
2.18,7432
2.18,7431
2.19,7430
2.19,7429
2.19,7428
2.19,7427
2.19,7426
2.20,7425
2.20,7424
2.20,7423
2.24,7422
2.24,7421
2.26,7420
2.27,7419
2.27,7418
2.27,7417
2.28,7416
2.28,7415
2.29,7414
2.29,7413
2.29,7412
2.29,7411
2.29,7410
2.34,7409
2.34,7408
2.36,7407
2.36,7406
2.36,7405
2.36,7404
2.36,7403
2.45,7402
2.46,7401
2.46,7400
2.46,7399
2.47,7398
2.47,7397
2.47,7396
2.47,7395
2.47,7394
2.48,7393
2.48,7392
2.48,7391
2.53,7390
2.53,7389
2.53,7388
2.53,7387
2.57,7386
2.60,7385
2.60,7384
2.61,7383
2.61,7382
2.61,7381
2.62,7380
2.62,7379
2.65,7378
2.65,7377
2.65,7376
2.65,7375
2.65,7374
2.65,7373
2.65,7372
2.65,7371
2.67,7370
2.80,7369
2.80,7368
2.80,7367
2.80,7366
2.81,7365
2.82,7364
2.82,7363
2.82,7362
2.82,7361
2.82,7360
2.82,7359
2.82,7358
2.82,7357
2.85,7356
2.85,7355
2.85,7354
2.85,7353
2.85,7352
2.85,7351
2.85,7350
2.85,7349
2.85,7348
2.87,7347
2.87,7346
2.90,7345
2.90,7344
2.90,7343
2.91,7342
2.91,7341
2.94,7340
2.94,7339
3.07,7338
3.07,7337
3.08,7336
3.12,7335
3.12,7334
3.12,7333
3.12,7332
3.12,7331
3.12,7330
3.13,7329
3.13,7328
3.38,7327
3.38,7326
3.38,7325
3.38,7324
3.38,7323
3.39,7322
3.39,7321
3.39,7320
3.46,7319
3.46,7318
3.46,7317
3.46,7316
3.47,7315
3.49,7314
3.51,7313
3.51,7312
3.51,7311
3.51,7310
3.56,7309
3.56,7308
3.56,7307
3.57,7306
3.57,7305
3.59,7304
3.61,7303
3.61,7302
3.62,7301
3.65,7300
3.65,7299
3.65,7298
3.65,7297
3.67,7296
3.67,7295
3.67,7294
3.67,7293
3.67,7292
3.71,7291
3.71,7290
3.71,7289
3.71,7288
3.72,7287
3.83,7286
3.83,7285
3.83,7284
3.83,7283
3.83,7282
3.83,7281
3.84,7280
3.84,7279
3.86,7278
3.86,7277
3.86,7276
3.86,7275
3.89,7274
3.91,7273
3.91,7272
3.92,7271
3.93,7270
3.94,7269
3.94,7268
3.94,7267
3.94,7266
3.94,7265
3.94,7264
3.96,7263
3.96,7262
4.02,7261
4.02,7260
4.02,7259
4.02,7258
4.03,7257
4.03,7256
4.10,7255
4.10,7254
4.16,7253
4.16,7252
4.16,7251
4.16,7250
4.16,7249
4.33,7248
4.33,7247
4.35,7246
4.56,7245
4.56,7244
4.57,7243
4.57,7242
4.58,7241
4.60,7240
4.60,7239
4.60,7238
4.60,7237
4.60,7236
4.60,7235
4.60,7234
4.62,7233
4.62,7232
4.62,7231
4.64,7230
4.77,7229
4.78,7228
4.78,7227
4.79,7226
4.79,7225
4.79,7224
4.79,7223
4.79,7222
4.79,7221
4.79,7220
4.79,7219
4.79,7218
4.79,7217
4.79,7216
4.80,7215
4.80,7214
6.79,7213
6.79,7212
6.79,7211
6.79,7210
6.79,7209
6.82,7208
6.82,7207
6.82,7206
6.83,7205
6.83,7204
6.84,7203
6.84,7202
6.84,7201
6.84,7200
6.84,7199
6.84,7198
6.84,7197
6.86,7196
6.87,7195
6.87,7194
6.88,7193
6.88,7192
6.88,7191
6.89,7190
6.89,7189
6.89,7188
6.89,7187
6.90,7186
6.90,7185
6.90,7184
6.97,7183
6.97,7182
6.97,7181
6.97,7180
6.97,7179
7.01,7178
7.01,7177
7.01,7176
7.02,7175
7.02,7174
7.02,7173
7.02,7172
7.03,7171
7.04,7170
7.04,7169
7.33,7168
7.33,7167
7.48,7166
7.48,7165
7.48,7164
7.48,7163
7.49,7162
7.50,7161
7.50,7160
7.50,7159
7.50,7158
7.50,7157
7.50,7156
7.50,7155
7.50,7154
7.50,7153
7.50,7152
7.50,7151
7.50,7150
7.51,7149
7.51,7148
7.51,7147
7.53,7146
7.53,7145
7.53,7144
7.53,7143
7.53,7142
7.53,7141
7.55,7140
7.55,7139
7.57,7138
18.60,7137
20.25,7136
20.25,7135
20.35,7134
20.37,7133
20.37,7132
20.38,7131
20.39,7130
20.39,7129
20.41,7128
20.41,7127
20.41,7126
20.41,7125
20.45,7124
20.46,7123
20.51,7122
20.54,7121
20.54,7120
20.54,7119
20.55,7118
20.55,7117
20.55,7116
20.56,7115
20.59,7114
20.59,7113
20.60,7112
20.60,7111
20.60,7110
20.60,7109
20.62,7108
20.62,7107
20.62,7106
20.62,7105
20.62,7104
20.62,7103
20.64,7102
20.64,7101
20.64,7100
20.64,7099
20.65,7098
20.65,7097
20.65,7096
20.65,7095
20.76,7094
20.76,7093
20.77,7092
21.56,7091
21.56,7090
21.58,7089
21.58,7088
21.58,7087
21.59,7086
21.59,7085
21.59,7084
21.59,7083
21.59,7082
21.59,7081
21.67,7080
21.67,7079
21.67,7078
21.67,7077
21.67,7076
21.67,7075
21.67,7074
21.86,7073
21.91,7072
21.91,7071
21.91,7070
21.91,7069
21.91,7068
21.91,7067
21.91,7066
21.95,7065
21.95,7064
21.95,7063
21.95,7062
21.95,7061
21.96,7060
21.97,7059
21.97,7058
21.98,7057
22.38,7056
22.38,7055
22.39,7054
22.39,7053
22.40,7052
22.46,7051
22.46,7050
22.46,7049
22.46,7048
22.47,7047
22.47,7046
22.47,7045
22.48,7044
22.48,7043
22.48,7042
22.48,7041
22.48,7040
22.49,7039
22.49,7038
22.49,7037
22.49,7036
22.50,7035
22.64,7034
22.64,7033
22.64,7032
22.64,7031
22.64,7030
22.64,7029
22.64,7028
23.10,7027
23.10,7026
23.10,7025
27.13,7024
27.13,7023
27.14,7022
27.16,7021
27.17,7020
27.17,7019
27.17,7018
27.17,7017
27.17,7016
28.11,7015
28.11,7014
28.11,7013
28.11,7012
28.11,7011
28.11,7010
28.12,7009
28.12,7008
28.12,7007
28.12,7006
28.12,7005
28.12,7004
28.12,7003
28.12,7002
28.12,7001
28.13,7000
28.14,6999
28.14,6998
28.15,6997
28.15,6996
28.16,6995
28.16,6994
28.54,6993
28.55,6992
28.58,6991
28.67,6990
28.67,6989
28.87,6988
28.87,6987
28.87,6986
28.87,6985
28.89,6984
28.93,6983
28.93,6982
28.93,6981
28.93,6980
28.93,6979
28.95,6978
28.96,6977
28.96,6976
28.96,6975
28.96,6974
28.96,6973
29.01,6972
29.01,6971
29.01,6970
29.02,6969
29.02,6968
29.06,6967
29.09,6966
29.10,6965
29.11,6964
29.11,6963
29.25,6962
29.25,6961
29.26,6960
29.26,6959
29.27,6958
29.28,6957
29.93,6956
29.93,6955
29.93,6954
29.95,6953
29.95,6952
29.96,6951
29.96,6950
30.50,6949
30.52,6948
30.52,6947
30.52,6946
30.52,6945
30.52,6944
30.53,6943
30.53,6942
30.53,6941
30.54,6940
30.54,6939
30.56,6938
30.56,6937
30.56,6936
30.56,6935
30.57,6934
30.57,6933
30.58,6932
30.58,6931
30.58,6930
30.58,6929
30.58,6928
30.58,6927
30.58,6926
30.58,6925
30.58,6924
30.58,6923
30.59,6922
30.59,6921
30.59,6920
30.60,6919
30.60,6918
30.60,6917
30.60,6916
30.81,6915
30.81,6914
30.81,6913
30.82,6912
30.82,6911
30.82,6910
30.83,6909
30.83,6908
30.95,6907
30.97,6906
30.97,6905
30.98,6904
30.98,6903
30.99,6902
30.99,6901
30.99,6900
31.00,6899
31.00,6898
31.00,6897
31.00,6896
31.02,6895
31.02,6894
31.04,6893
31.04,6892
31.13,6891
31.43,6890
31.44,6889
31.45,6888
31.82,6887
31.82,6886
31.82,6885
31.82,6884
31.82,6883
31.84,6882
31.84,6881
31.85,6880
31.92,6879
31.92,6878
31.92,6877
31.92,6876
31.93,6875
31.93,6874
31.93,6873
31.94,6872
31.94,6871
31.94,6870
31.94,6869
31.94,6868
31.94,6867
31.95,6866
31.95,6865
31.96,6864
31.96,6863
31.96,6862
31.96,6861
31.97,6860
31.97,6859
31.97,6858
31.97,6857
31.97,6856
32.03,6855
32.03,6854
32.03,6853
32.03,6852
32.05,6851
32.05,6850
32.05,6849
32.05,6848
32.06,6847
32.06,6846
32.06,6845
32.06,6844
32.07,6843
32.07,6842
32.07,6841
32.07,6840
32.07,6839
32.07,6838
32.07,6837
32.66,6836
32.84,6835
32.84,6834
32.85,6833
32.85,6832
32.85,6831
32.85,6830
32.85,6829
32.86,6828
32.86,6827
32.86,6826
32.87,6825
32.87,6824
32.88,6823
32.88,6822
32.88,6821
32.88,6820
32.88,6819
32.92,6818
32.94,6817
32.95,6816
32.95,6815
32.95,6814
33.44,6813
33.44,6812
33.45,6811
33.45,6810
33.46,6809
33.73,6808
33.73,6807
33.73,6806
33.73,6805
33.74,6804
33.74,6803
33.74,6802
33.74,6801
33.74,6800
33.75,6799
33.75,6798
33.76,6797
33.77,6796
33.77,6795
33.77,6794
33.83,6793
33.83,6792
34.01,6791
34.01,6790
34.01,6789
34.01,6788
34.08,6787
34.09,6786
34.10,6785
34.14,6784
34.14,6783
34.15,6782
34.15,6781
34.15,6780
34.15,6779
34.16,6778
34.16,6777
34.16,6776
34.16,6775
34.16,6774
34.20,6773
34.21,6772
34.21,6771
34.21,6770
34.21,6769
34.28,6768
34.33,6767
34.33,6766
34.36,6765
34.36,6764
34.36,6763
34.36,6762
34.37,6761
34.38,6760
34.40,6759
34.41,6758
34.41,6757
34.41,6756
34.41,6755
34.41,6754
34.47,6753
34.47,6752
34.47,6751
34.47,6750
34.48,6749
34.48,6748
34.49,6747
34.68,6746
35.03,6745
35.03,6744
35.04,6743
35.04,6742
35.04,6741
35.05,6740
35.06,6739
35.06,6738
35.07,6737
35.08,6736
35.08,6735
35.08,6734
35.10,6733
35.10,6732
35.10,6731
35.11,6730
35.12,6729
35.12,6728
35.12,6727
35.12,6726
35.14,6725
35.15,6724
35.15,6723
35.68,6722
35.69,6721
36.02,6720
36.02,6719
36.03,6718
36.04,6717
36.04,6716
36.04,6715
36.05,6714
36.05,6713
36.05,6712
36.05,6711
36.05,6710
36.05,6709
36.05,6708
36.05,6707
36.06,6706
36.06,6705
36.06,6704
36.06,6703
36.06,6702
36.06,6701
36.08,6700
36.23,6699
36.23,6698
36.23,6697
36.23,6696
36.23,6695
36.23,6694
36.25,6693
36.25,6692
36.25,6691
36.25,6690
36.25,6689
36.25,6688
36.25,6687
36.25,6686
36.33,6685
36.33,6684
36.33,6683
36.35,6682
36.35,6681
36.36,6680
36.37,6679
36.37,6678
36.37,6677
36.38,6676
36.38,6675
36.38,6674
36.42,6673
36.44,6672
36.44,6671
36.44,6670
36.45,6669
36.45,6668
36.45,6667
36.51,6666
36.52,6665
36.53,6664
36.55,6663
36.55,6662
36.55,6661
36.55,6660
36.55,6659
36.58,6658
36.59,6657
36.59,6656
36.68,6655
36.68,6654
36.68,6653
36.68,6652
36.69,6651
36.69,6650
36.69,6649
36.71,6648
36.71,6647
36.71,6646
36.73,6645
36.73,6644
36.74,6643
36.74,6642
36.75,6641
36.76,6640
36.76,6639
36.76,6638
36.77,6637
36.79,6636
36.83,6635
36.84,6634
36.84,6633
36.84,6632
36.84,6631
36.84,6630
36.84,6629
36.84,6628
36.84,6627
36.84,6626
36.85,6625
36.98,6624
36.98,6623
36.98,6622
36.98,6621
36.98,6620
36.98,6619
36.98,6618
36.98,6617
36.99,6616
36.99,6615
37.01,6614
37.01,6613
37.01,6612
37.01,6611
37.01,6610
37.01,6609
37.01,6608
37.01,6607
37.02,6606
37.02,6605
37.02,6604
37.61,6603
37.61,6602
37.61,6601
37.95,6600
37.96,6599
37.98,6598
37.99,6597
37.99,6596
37.99,6595
38.06,6594
38.06,6593
38.07,6592
38.07,6591
38.07,6590
38.07,6589
38.07,6588
38.17,6587
38.19,6586
38.21,6585
38.21,6584
38.21,6583
38.21,6582
38.21,6581
38.25,6580
38.26,6579
38.26,6578
38.31,6577
38.31,6576
38.31,6575
38.31,6574
38.31,6573
38.32,6572
38.32,6571
38.32,6570
38.32,6569
38.32,6568
38.33,6567
38.33,6566
38.33,6565
38.34,6564
38.35,6563
38.35,6562
38.35,6561
38.35,6560
38.36,6559
38.55,6558
38.55,6557
38.62,6556
38.63,6555
38.63,6554
38.69,6553
38.71,6552
38.71,6551
38.71,6550
38.71,6549
38.71,6548
38.71,6547
38.71,6546
38.71,6545
38.72,6544
38.72,6543
38.72,6542
38.72,6541
38.73,6540
38.73,6539
38.73,6538
38.73,6537
38.74,6536
38.74,6535
38.74,6534
38.74,6533
38.75,6532
38.75,6531
38.75,6530
38.75,6529
38.75,6528
38.75,6527
38.75,6526
38.76,6525
38.76,6524
38.76,6523
38.76,6522
38.76,6521
38.77,6520
38.77,6519
38.77,6518
38.77,6517
38.77,6516
38.78,6515
38.78,6514
38.78,6513
38.78,6512
38.79,6511
38.79,6510
38.79,6509
38.80,6508
38.89,6507
38.89,6506
38.89,6505
38.90,6504
38.90,6503
38.98,6502
38.98,6501
38.98,6500
38.98,6499
38.98,6498
39.00,6497
39.00,6496
39.01,6495
39.01,6494
39.01,6493
39.01,6492
39.01,6491
39.01,6490
39.01,6489
39.02,6488
39.02,6487
39.02,6486
39.02,6485
39.02,6484
39.03,6483
39.03,6482
39.04,6481
39.05,6480
39.05,6479
39.09,6478
39.09,6477
39.09,6476
39.09,6475
39.09,6474
39.09,6473
39.21,6472
39.21,6471
39.21,6470
39.21,6469
39.21,6468
39.21,6467
39.22,6466
39.22,6465
39.22,6464
39.22,6463
39.22,6462
39.31,6461
39.32,6460
39.32,6459
39.32,6458
39.32,6457
39.32,6456
39.33,6455
39.60,6454
39.60,6453
39.60,6452
39.63,6451
39.65,6450
39.65,6449
39.66,6448
39.73,6447
39.73,6446
39.73,6445
39.73,6444
39.73,6443
39.74,6442
39.74,6441
39.74,6440
39.74,6439
39.75,6438
39.90,6437
39.90,6436
39.91,6435
39.92,6434
39.92,6433
39.93,6432
39.94,6431
39.94,6430
39.95,6429
39.95,6428
39.96,6427
39.96,6426
40.00,6425
40.17,6424
40.18,6423
40.19,6422
40.21,6421
40.22,6420
40.25,6419
40.25,6418
40.25,6417
40.25,6416
40.25,6415
40.27,6414
40.27,6413
40.27,6412
40.27,6411
40.28,6410
40.29,6409
40.29,6408
40.29,6407
40.29,6406
40.29,6405
40.29,6404
40.31,6403
40.31,6402
40.33,6401
40.33,6400
40.33,6399
40.33,6398
40.33,6397
40.33,6396
40.34,6395
40.34,6394
40.34,6393
40.34,6392
40.34,6391
40.34,6390
40.34,6389
40.37,6388
40.37,6387
40.37,6386
40.38,6385
40.42,6384
40.44,6383
40.46,6382
40.63,6381
40.63,6380
40.63,6379
40.63,6378
40.63,6377
40.66,6376
40.66,6375
40.66,6374
40.67,6373
40.67,6372
40.78,6371
40.78,6370
40.78,6369
40.78,6368
40.79,6367
40.79,6366
40.80,6365
40.80,6364
40.81,6363
40.81,6362
40.83,6361
40.83,6360
40.83,6359
40.83,6358
40.83,6357
40.84,6356
40.84,6355
41.15,6354
41.15,6353
41.15,6352
41.23,6351
41.23,6350
41.24,6349
41.24,6348
41.25,6347
41.25,6346
41.25,6345
41.27,6344
41.27,6343
41.27,6342
41.27,6341
41.39,6340
41.39,6339
41.40,6338
41.41,6337
41.41,6336
41.41,6335
41.42,6334
41.42,6333
41.43,6332
41.43,6331
41.43,6330
41.43,6329
41.43,6328
41.44,6327
41.44,6326
41.45,6325
41.45,6324
41.45,6323
41.46,6322
41.64,6321
41.67,6320
41.67,6319
41.67,6318
41.67,6317
41.67,6316
41.67,6315
41.67,6314
41.67,6313
42.32,6312
42.33,6311
42.33,6310
42.33,6309
42.33,6308
42.33,6307
42.34,6306
42.34,6305
42.34,6304
42.34,6303
42.34,6302
42.34,6301
42.34,6300
42.35,6299
42.36,6298
42.36,6297
42.36,6296
42.36,6295
42.36,6294
42.37,6293
42.37,6292
42.37,6291
42.37,6290
42.37,6289
42.39,6288
42.46,6287
42.52,6286
42.52,6285
42.52,6284
42.52,6283
42.53,6282
42.54,6281
42.54,6280
42.54,6279
42.54,6278
42.55,6277
42.55,6276
42.55,6275
42.55,6274
42.62,6273
42.63,6272
42.63,6271
42.63,6270
42.63,6269
42.66,6268
42.67,6267
42.69,6266
42.69,6265
42.69,6264
42.69,6263
42.69,6262
42.70,6261
42.70,6260
42.74,6259
42.75,6258
42.75,6257
42.78,6256
42.78,6255
42.79,6254
42.79,6253
42.79,6252
42.80,6251
42.80,6250
42.80,6249
42.81,6248
42.81,6247
42.81,6246
42.83,6245
42.84,6244
42.84,6243
42.84,6242
42.84,6241
42.84,6240
42.86,6239
42.86,6238
42.86,6237
42.86,6236
42.86,6235
42.87,6234
42.89,6233
42.90,6232
42.90,6231
42.91,6230
42.91,6229
42.92,6228
42.92,6227
42.92,6226
42.94,6225
42.94,6224
42.95,6223
42.96,6222
42.96,6221
42.96,6220
43.01,6219
43.01,6218
43.02,6217
43.02,6216
43.04,6215
43.05,6214
43.05,6213
43.07,6212
43.07,6211
43.08,6210
43.08,6209
43.08,6208
43.09,6207
43.09,6206
43.09,6205
43.25,6204
43.26,6203
43.26,6202
43.26,6201
43.27,6200
43.27,6199
43.27,6198
43.27,6197
43.29,6196
43.29,6195
43.29,6194
43.29,6193
43.29,6192
43.30,6191
43.30,6190
43.30,6189
43.31,6188
43.31,6187
43.31,6186
43.31,6185
43.32,6184
43.33,6183
43.34,6182
43.34,6181
43.44,6180
43.44,6179
43.44,6178
43.44,6177
43.45,6176
43.45,6175
43.51,6174
43.58,6173
43.58,6172
43.59,6171
43.59,6170
43.59,6169
43.61,6168
43.62,6167
43.62,6166
43.63,6165
43.92,6164
43.92,6163
43.92,6162
43.92,6161
43.92,6160
43.92,6159
43.93,6158
43.93,6157
43.93,6156
43.93,6155
43.93,6154
43.95,6153
43.95,6152
43.95,6151
43.96,6150
43.96,6149
43.97,6148
43.98,6147
44.02,6146
44.02,6145
44.03,6144
44.03,6143
44.03,6142
44.03,6141
44.03,6140
44.04,6139
44.04,6138
44.04,6137
44.07,6136
44.07,6135
44.07,6134
44.08,6133
44.08,6132
44.08,6131
44.11,6130
44.11,6129
44.13,6128
44.13,6127
44.40,6126
44.40,6125
44.40,6124
44.42,6123
44.45,6122
44.46,6121
44.47,6120
44.48,6119
44.49,6118
44.49,6117
44.50,6116
44.51,6115
44.51,6114
44.51,6113
44.51,6112
44.52,6111
44.69,6110
44.69,6109
44.69,6108
44.78,6107
44.79,6106
44.79,6105
44.79,6104
44.79,6103
44.79,6102
44.81,6101
44.81,6100
45.05,6099
45.05,6098
45.05,6097
45.05,6096
45.10,6095
45.10,6094
45.17,6093
45.17,6092
45.17,6091
45.20,6090
45.20,6089
45.20,6088
45.21,6087
45.22,6086
45.22,6085
45.23,6084
45.23,6083
45.23,6082
45.25,6081
45.25,6080
45.25,6079
45.25,6078
45.25,6077
45.25,6076
45.25,6075
45.25,6074
45.26,6073
45.26,6072
45.27,6071
45.27,6070
45.42,6069
45.43,6068
45.45,6067
45.45,6066
45.46,6065
45.48,6064
45.51,6063
45.51,6062
45.51,6061
45.57,6060
45.57,6059
45.59,6058
45.65,6057
45.65,6056
45.66,6055
45.66,6054
45.66,6053
45.66,6052
46.03,6051
46.04,6050
46.04,6049
46.04,6048
46.04,6047
46.04,6046
46.05,6045
46.14,6044
46.16,6043
46.16,6042
46.16,6041
46.16,6040
46.16,6039
46.17,6038
46.18,6037
46.19,6036
46.19,6035
46.19,6034
46.20,6033
46.20,6032
46.20,6031
46.22,6030
46.22,6029
46.22,6028
46.23,6027
46.24,6026
46.24,6025
46.29,6024
46.30,6023
46.30,6022
46.30,6021
46.30,6020
46.30,6019
46.35,6018
46.36,6017
46.36,6016
46.36,6015
46.39,6014
46.40,6013
46.41,6012
46.43,6011
46.43,6010
46.43,6009
46.43,6008
46.43,6007
46.46,6006
46.46,6005
46.46,6004
46.46,6003
46.53,6002
46.56,6001
46.56,6000
46.56,5999
46.56,5998
46.61,5997
46.62,5996
46.63,5995
46.63,5994
46.63,5993
46.67,5992
46.67,5991
46.72,5990
46.72,5989
46.75,5988
46.75,5987
46.75,5986
46.75,5985
46.76,5984
46.76,5983
46.76,5982
46.76,5981
46.76,5980
46.77,5979
46.77,5978
46.77,5977
46.77,5976
46.77,5975
46.80,5974
46.81,5973
46.81,5972
46.81,5971
46.82,5970
46.82,5969
47.07,5968
47.10,5967
47.11,5966
47.12,5965
47.13,5964
47.13,5963
47.13,5962
47.13,5961
47.13,5960
47.14,5959
47.15,5958
47.15,5957
47.15,5956
47.17,5955
47.17,5954
47.18,5953
47.18,5952
47.19,5951
47.20,5950
47.20,5949
47.20,5948
47.20,5947
47.20,5946
47.37,5945
47.41,5944
47.41,5943
47.41,5942
47.41,5941
47.42,5940
47.44,5939
47.44,5938
47.44,5937
47.44,5936
47.45,5935
47.47,5934
47.48,5933
47.48,5932
47.49,5931
47.49,5930
47.49,5929
47.49,5928
47.49,5927
47.49,5926
47.50,5925
47.50,5924
47.50,5923
47.50,5922
47.52,5921
47.53,5920
47.54,5919
47.54,5918
47.55,5917
47.55,5916
47.62,5915
47.63,5914
47.64,5913
47.65,5912
47.65,5911
47.66,5910
47.66,5909
47.76,5908
47.77,5907
47.77,5906
47.77,5905
47.77,5904
47.77,5903
47.77,5902
47.78,5901
47.78,5900
47.97,5899
47.97,5898
47.97,5897
47.98,5896
47.98,5895
47.98,5894
47.98,5893
47.98,5892
47.98,5891
47.99,5890
47.99,5889
47.99,5888
47.99,5887
47.99,5886
47.99,5885
48.03,5884
48.06,5883
48.21,5882
48.22,5881
48.24,5880
48.26,5879
48.26,5878
48.26,5877
48.26,5876
48.26,5875
48.26,5874
48.26,5873
48.36,5872
48.36,5871
48.36,5870
48.37,5869
48.37,5868
48.37,5867
48.38,5866
48.38,5865
48.38,5864
48.38,5863
48.41,5862
48.41,5861
48.56,5860
48.56,5859
48.59,5858
48.59,5857
48.60,5856
48.60,5855
48.60,5854
48.61,5853
48.67,5852
48.69,5851
48.69,5850
48.69,5849
48.70,5848
48.70,5847
48.70,5846
48.70,5845
48.70,5844
48.70,5843
48.71,5842
48.71,5841
48.71,5840
48.72,5839
48.72,5838
48.72,5837
48.72,5836
48.72,5835
48.73,5834
48.73,5833
48.73,5832
48.74,5831
48.74,5830
48.74,5829
48.74,5828
48.74,5827
48.77,5826
48.77,5825
48.78,5824
48.79,5823
48.79,5822
48.79,5821
48.88,5820
48.91,5819
49.05,5818
49.05,5817
49.05,5816
49.06,5815
49.06,5814
49.11,5813
49.13,5812
49.13,5811
49.15,5810
49.15,5809
49.51,5808
49.53,5807
49.53,5806
49.53,5805
49.53,5804
49.54,5803
49.55,5802
49.85,5801
49.86,5800
49.86,5799
49.87,5798
49.87,5797
49.87,5796
49.88,5795
49.90,5794
49.92,5793
49.93,5792
49.93,5791
49.94,5790
49.94,5789
49.95,5788
49.95,5787
49.95,5786
49.96,5785
49.96,5784
50.08,5783
50.10,5782
50.11,5781
50.11,5780
50.12,5779
50.12,5778
50.13,5777
50.13,5776
50.13,5775
50.14,5774
50.30,5773
50.31,5772
50.32,5771
50.32,5770
50.32,5769
50.32,5768
50.33,5767
50.36,5766
50.36,5765
50.37,5764
50.37,5763
50.37,5762
50.37,5761
50.38,5760
50.38,5759
50.41,5758
50.41,5757
50.41,5756
50.42,5755
50.46,5754
50.53,5753
50.55,5752
50.55,5751
50.55,5750
50.55,5749
50.56,5748
50.56,5747
50.58,5746
50.61,5745
50.61,5744
50.62,5743
50.62,5742
50.63,5741
50.67,5740
50.67,5739
50.67,5738
50.67,5737
50.67,5736
50.67,5735
50.67,5734
50.67,5733
50.69,5732
50.76,5731
50.78,5730
50.78,5729
50.78,5728
50.79,5727
50.79,5726
50.79,5725
50.80,5724
50.80,5723
50.86,5722
50.90,5721
50.91,5720
50.91,5719
50.91,5718
50.93,5717
50.94,5716
51.11,5715
51.12,5714
51.12,5713
51.12,5712
51.12,5711
51.13,5710
51.13,5709
51.13,5708
51.16,5707
51.18,5706
51.18,5705
51.18,5704
51.18,5703
51.18,5702
51.19,5701
51.19,5700
51.19,5699
51.19,5698
51.19,5697
51.19,5696
51.20,5695
51.20,5694
51.20,5693
51.22,5692
51.25,5691
51.25,5690
51.25,5689
51.45,5688
51.46,5687
51.46,5686
51.46,5685
51.46,5684
51.47,5683
51.50,5682
51.50,5681
51.50,5680
51.51,5679
51.52,5678
51.52,5677
51.52,5676
51.52,5675
51.53,5674
51.53,5673
51.53,5672
51.70,5671
51.70,5670
51.73,5669
51.73,5668
51.87,5667
51.89,5666
51.93,5665
51.95,5664
51.97,5663
52.12,5662
52.12,5661
52.18,5660
52.19,5659
52.19,5658
52.19,5657
52.20,5656
52.26,5655
52.26,5654
52.26,5653
52.26,5652
52.26,5651
52.26,5650
52.27,5649
52.27,5648
52.27,5647
52.31,5646
52.33,5645
52.33,5644
52.33,5643
52.34,5642
52.37,5641
52.41,5640
52.41,5639
52.54,5638
52.54,5637
52.54,5636
52.56,5635
52.57,5634
52.57,5633
52.70,5632
52.70,5631
52.72,5630
52.72,5629
52.77,5628
52.78,5627
52.80,5626
52.80,5625
53.32,5624
53.32,5623
53.32,5622
53.34,5621
53.34,5620
53.35,5619
53.36,5618
53.41,5617
53.41,5616
53.42,5615
53.43,5614
53.48,5613
53.51,5612
53.52,5611
53.52,5610
53.64,5609
53.65,5608
53.68,5607
53.68,5606
53.69,5605
53.69,5604
53.69,5603
53.70,5602
53.70,5601
53.71,5600
53.75,5599
53.75,5598
53.75,5597
53.81,5596
53.83,5595
53.84,5594
53.84,5593
53.84,5592
53.88,5591
53.88,5590
53.89,5589
53.89,5588
53.91,5587
53.91,5586
53.92,5585
53.93,5584
53.96,5583
53.97,5582
53.97,5581
53.97,5580
53.97,5579
54.10,5578
54.10,5577
54.11,5576
54.11,5575
54.12,5574
54.12,5573
54.12,5572
54.16,5571
54.18,5570
54.18,5569
54.20,5568
54.20,5567
54.20,5566
54.25,5565
54.33,5564
54.34,5563
54.34,5562
54.35,5561
54.35,5560
54.35,5559
54.36,5558
54.38,5557
54.38,5556
54.38,5555
54.38,5554
54.38,5553
54.39,5552
54.48,5551
54.48,5550
54.49,5549
54.50,5548
54.50,5547
54.50,5546
54.50,5545
54.51,5544
54.51,5543
54.51,5542
54.53,5541
54.53,5540
54.60,5539
54.60,5538
54.60,5537
54.60,5536
54.61,5535
54.61,5534
54.61,5533
54.82,5532
54.82,5531
54.83,5530
54.83,5529
54.83,5528
54.89,5527
54.96,5526
55.00,5525
55.00,5524
55.01,5523
55.03,5522
55.05,5521
55.05,5520
55.06,5519
55.07,5518
55.36,5517
55.36,5516
55.36,5515
55.36,5514
55.37,5513
55.40,5512
55.40,5511
55.42,5510
55.46,5509
55.48,5508
55.48,5507
55.48,5506
55.49,5505
55.49,5504
55.49,5503
55.50,5502
55.50,5501
55.52,5500
55.53,5499
55.53,5498
55.55,5497
55.55,5496
55.71,5495
55.71,5494
55.71,5493
55.73,5492
55.74,5491
55.74,5490
55.75,5489
55.81,5488
55.82,5487
55.82,5486
55.83,5485
55.83,5484
55.86,5483
55.87,5482
55.87,5481
55.87,5480
55.97,5479
55.97,5478
55.97,5477
55.97,5476
55.97,5475
55.98,5474
56.37,5473
56.38,5472
56.43,5471
56.43,5470
56.43,5469
56.54,5468
56.54,5467
56.54,5466
56.54,5465
56.55,5464
56.55,5463
56.56,5462
56.56,5461
56.56,5460
56.59,5459
56.59,5458
56.59,5457
56.60,5456
56.61,5455
56.62,5454
56.62,5453
56.64,5452
56.67,5451
56.67,5450
56.67,5449
56.67,5448
56.68,5447
56.69,5446
56.70,5445
56.70,5444
56.91,5443
56.93,5442
56.96,5441
56.96,5440
56.96,5439
56.98,5438
56.98,5437
56.99,5436
56.99,5435
57.12,5434
57.12,5433
57.18,5432
57.18,5431
57.18,5430
57.19,5429
57.21,5428
57.21,5427
57.22,5426
57.22,5425
57.25,5424
57.25,5423
57.25,5422
57.25,5421
57.26,5420
57.30,5419
57.30,5418
57.31,5417
57.31,5416
57.32,5415
57.33,5414
57.33,5413
57.33,5412
57.34,5411
57.34,5410
57.35,5409
57.36,5408
57.39,5407
57.39,5406
57.39,5405
57.39,5404
57.40,5403
57.41,5402
57.41,5401
57.41,5400
57.41,5399
57.50,5398
57.50,5397
57.50,5396
57.60,5395
57.60,5394
57.61,5393
57.62,5392
57.67,5391
57.72,5390
57.72,5389
57.73,5388
57.73,5387
57.74,5386
57.92,5385
58.05,5384
58.07,5383
58.07,5382
58.07,5381
58.08,5380
58.13,5379
58.13,5378
58.28,5377
58.32,5376
58.34,5375
58.34,5374
58.81,5373
59.18,5372
59.20,5371
59.21,5370
59.21,5369
59.87,5368
59.89,5367
59.90,5366
59.92,5365
59.93,5364
59.95,5363
59.96,5362
59.97,5361
59.98,5360
59.99,5359
60.00,5358
60.00,5357
60.02,5356
60.02,5355
60.03,5354
60.03,5353
60.04,5352
60.05,5351
60.06,5350
60.10,5349
60.10,5348
60.10,5347
60.11,5346
60.12,5345
60.12,5344
60.12,5343
60.12,5342
60.13,5341
60.13,5340
60.13,5339
60.16,5338
60.16,5337
60.20,5336
60.26,5335
60.30,5334
60.32,5333
60.32,5332
60.34,5331
60.37,5330
60.39,5329
60.39,5328
60.40,5327
60.43,5326
60.44,5325
60.47,5324
60.47,5323
60.50,5322
60.52,5321
60.52,5320
60.53,5319
60.53,5318
60.59,5317
60.60,5316
60.60,5315
60.61,5314
60.61,5313
60.61,5312
60.79,5311
60.79,5310
60.79,5309
60.81,5308
60.81,5307
60.82,5306
60.82,5305
60.83,5304
60.83,5303
60.83,5302
60.93,5301
60.94,5300
60.95,5299
60.95,5298
60.96,5297
60.97,5296
60.97,5295
60.97,5294
60.99,5293
61.00,5292
61.06,5291
61.06,5290
61.07,5289
61.07,5288
61.07,5287
61.07,5286
61.08,5285
61.08,5284
61.10,5283
61.10,5282
61.10,5281
61.11,5280
61.12,5279
61.12,5278
61.14,5277
61.15,5276
61.15,5275
61.35,5274
61.36,5273
61.38,5272
61.39,5271
61.39,5270
61.41,5269
61.42,5268
61.43,5267
61.43,5266
61.43,5265
61.45,5264
61.46,5263
61.46,5262
61.46,5261
61.47,5260
61.54,5259
61.55,5258
61.56,5257
61.58,5256
61.59,5255
61.60,5254
61.60,5253
61.60,5252
61.61,5251
61.61,5250
61.84,5249
61.84,5248
61.84,5247
61.84,5246
61.85,5245
61.85,5244
61.85,5243
61.86,5242
61.88,5241
61.88,5240
61.91,5239
63.04,5238
63.04,5237
63.05,5236
63.06,5235
63.07,5234
63.10,5233
63.11,5232
63.19,5231
63.21,5230
63.27,5229
63.39,5228
63.39,5227
63.40,5226
63.40,5225
63.45,5224
63.46,5223
63.46,5222
63.46,5221
63.51,5220
63.51,5219
63.54,5218
63.54,5217
63.56,5216
63.56,5215
63.56,5214
63.56,5213
63.56,5212
63.56,5211
63.57,5210
63.61,5209
63.62,5208
63.63,5207
63.63,5206
63.64,5205
63.97,5204
63.97,5203
63.98,5202
63.98,5201
64.00,5200
64.11,5199
64.16,5198
64.16,5197
64.35,5196
64.36,5195
64.62,5194
64.62,5193
64.63,5192
64.69,5191
64.72,5190
64.73,5189
64.75,5188
64.75,5187
64.75,5186
64.75,5185
64.76,5184
64.78,5183
65.48,5182
65.49,5181
65.50,5180
66.22,5179
66.23,5178
66.23,5177
66.24,5176
66.25,5175
66.28,5174
66.30,5173
66.31,5172
66.32,5171
66.32,5170
66.32,5169
66.33,5168
66.33,5167
66.33,5166
66.33,5165
66.34,5164
66.35,5163
66.36,5162
66.36,5161
66.38,5160
66.38,5159
66.38,5158
66.39,5157
66.43,5156
67.47,5155
67.65,5154
67.72,5153
67.72,5152
67.73,5151
67.73,5150
67.88,5149
67.89,5148
68.09,5147
68.10,5146
68.13,5145
68.13,5144
68.14,5143
68.14,5142
68.19,5141
68.41,5140
68.42,5139
68.43,5138
68.43,5137
68.45,5136
68.73,5135
68.74,5134
68.78,5133
68.86,5132
68.86,5131
68.86,5130
69.15,5129
69.15,5128
69.19,5127
69.22,5126
69.22,5125
69.24,5124
69.80,5123
69.81,5122
69.84,5121
69.84,5120
69.85,5119
69.95,5118
69.95,5117
69.95,5116
69.97,5115
69.99,5114
70.02,5113
70.02,5112
70.06,5111
70.22,5110
70.25,5109
70.25,5108
70.28,5107
70.46,5106
70.47,5105
70.49,5104
70.61,5103
71.12,5102
71.20,5101
71.20,5100
71.28,5099
72.12,5098
72.12,5097
72.15,5096
72.16,5095
72.17,5094
72.19,5093
72.23,5092
72.23,5091
72.25,5090
72.27,5089
72.28,5088
72.28,5087
72.36,5086
72.38,5085
72.42,5084
72.47,5083
72.48,5082
72.66,5081
72.67,5080
72.70,5079
72.71,5078
73.00,5077
73.04,5076
73.07,5075
73.09,5074
73.10,5073
73.12,5072
73.12,5071
73.14,5070
73.15,5069
73.15,5068
73.18,5067
73.19,5066
73.19,5065
73.29,5064
73.29,5063
73.38,5062
73.38,5061
73.40,5060
73.41,5059
73.41,5058
73.43,5057
73.45,5056
73.47,5055
73.47,5054
73.52,5053
74.36,5052
74.36,5051
74.37,5050
74.38,5049
74.39,5048
74.43,5047
74.47,5046
74.47,5045
74.63,5044
74.63,5043
74.64,5042
74.64,5041
74.65,5040
74.66,5039
74.67,5038
74.68,5037
75.45,5036
75.54,5035
75.54,5034
75.86,5033
75.89,5032
75.91,5031
76.40,5030
76.47,5029
76.51,5028
76.51,5027
77.16,5026
77.16,5025
77.18,5024
77.18,5023
77.23,5022
77.24,5021
77.25,5020
77.25,5019
77.28,5018
77.30,5017
77.49,5016
77.61,5015
78.02,5014
78.02,5013
78.12,5012
78.13,5011
78.14,5010
78.14,5009
78.14,5008
78.43,5007
78.54,5006
78.55,5005
78.56,5004
78.66,5003
78.79,5002
78.80,5001
78.80,5000
78.82,4999
78.87,4998
78.88,4997
78.88,4996
79.49,4995
80.07,4994
80.13,4993
80.31,4992
80.36,4991
81.70,4990
81.74,4989
81.84,4988
81.85,4987
81.91,4986
81.95,4985
82.10,4984
82.18,4983
83.03,4982
83.07,4981
83.09,4980
83.51,4979
83.52,4978
83.52,4977
84.37,4976
84.37,4975
86.64,4974
86.74,4973
86.74,4972
86.89,4971
86.90,4970
86.98,4969
86.98,4968
88.52,4967
88.52,4966
88.53,4965
88.61,4964
89.58,4963
89.62,4962
91.01,4961
91.17,4960
92.65,4959
92.69,4958
92.83,4957
92.85,4956
92.90,4955
92.95,4954
92.97,4953
93.23,4952
93.51,4951
93.56,4950
93.58,4949
93.60,4948
93.60,4947
93.62,4946
94.93,4945
94.93,4944
97.09,4943
97.12,4942
97.13,4941
97.14,4940
98.02,4939
98.48,4938
104.49,4937
107.08,4936
107.16,4935
107.21,4934
107.25,4933
107.29,4932
107.37,4931
107.40,4930
108.09,4929
108.09,4928
108.11,4927
108.18,4926
108.19,4925
108.21,4924
108.27,4923
108.33,4922
108.36,4921
108.66,4920
108.76,4919
108.77,4918
108.79,4917
110.95,4916
110.99,4915
111.00,4914
111.13,4913
111.14,4912
111.17,4911
111.42,4910
111.66,4909
111.68,4908
112.31,4907
112.33,4906
113.13,4905
113.15,4904
113.19,4903
113.42,4902
117.40,4901
117.43,4900
117.45,4899
117.50,4898
117.67,4897
117.68,4896
117.68,4895
119.48,4894
119.61,4893
119.61,4892
124.78,4891
125.32,4890
125.54,4889
127.47,4888
127.47,4887
127.59,4886
127.69,4885
127.72,4884
127.74,4883
127.74,4882
127.79,4881
134.68,4880
134.68,4879
134.69,4878
139.37,4877
139.38,4876
139.68,4875
139.72,4874
139.73,4873
142.39,4872
142.65,4871
142.66,4870
142.67,4869
150.27,4868
151.10,4867
152.99,4866
153.27,4865
153.29,4864
153.32,4863
153.33,4862
153.36,4861
153.66,4860
153.68,4859
154.55,4858
154.55,4857
154.67,4856
155.22,4855
155.25,4854
155.67,4853
167.86,4852
168.50,4851
169.05,4850
169.92,4849
181.35,4848
181.40,4847
183.03,4846
186.18,4845
190.06,4844
190.09,4843
190.10,4842
190.22,4841
194.28,4840
194.48,4839
209.02,4838
209.19,4837
209.46,4836
209.52,4835
211.43,4834
214.21,4833
214.33,4832
275.96,4831
276.15,4830
285.39,4829
307.47,4828
307.50,4827
307.53,4826
331.27,4825
331.90,4824
349.92,4823
350.67,4822
350.84,4821
350.93,4820
351.00,4819
351.14,4818
351.33,4817
351.45,4816
421.35,4815
473.98,4814
474.15,4813
492.68,4812
512.20,4811
515.46,4810
555.95,4809
