0.15,8360
0.15,8359
0.16,8358
0.16,8357
0.16,8356
0.16,8355
0.16,8354
0.16,8353
0.16,8352
0.16,8351
0.16,8350
0.16,8349
0.16,8348
0.16,8347
0.16,8346
0.16,8345
0.16,8344
0.16,8343
0.16,8342
0.16,8341
0.16,8340
0.16,8339
0.16,8338
0.16,8337
0.16,8336
0.16,8335
0.16,8334
0.16,8333
0.16,8332
0.16,8331
0.17,8330
0.17,8329
0.17,8328
0.17,8327
0.17,8326
0.17,8325
0.17,8324
0.17,8323
0.17,8322
0.17,8321
0.17,8320
0.17,8319
0.17,8318
0.17,8317
0.17,8316
0.17,8315
0.17,8314
0.17,8313
0.17,8312
0.17,8311
0.17,8310
0.18,8309
0.18,8308
0.18,8307
0.18,8306
0.18,8305
0.18,8304
0.18,8303
0.18,8302
0.18,8301
0.18,8300
0.18,8299
0.18,8298
0.18,8297
0.18,8296
0.18,8295
0.18,8294
0.18,8293
0.18,8292
0.18,8291
0.18,8290
0.18,8289
0.18,8288
0.18,8287
0.19,8286
0.19,8285
0.19,8284
0.19,8283
0.19,8282
0.19,8281
0.19,8280
0.19,8279
0.19,8278
0.19,8277
0.19,8276
0.19,8275
0.19,8274
0.19,8273
0.19,8272
0.19,8271
0.19,8270
0.19,8269
0.19,8268
0.19,8267
0.19,8266
0.19,8265
0.19,8264
0.19,8263
0.20,8262
0.20,8261
0.20,8260
0.20,8259
0.20,8258
0.20,8257
0.20,8256
0.20,8255
0.20,8254
0.20,8253
0.20,8252
0.20,8251
0.20,8250
0.20,8249
0.20,8248
0.20,8247
0.20,8246
0.20,8245
0.20,8244
0.20,8243
0.20,8242
0.20,8241
0.20,8240
0.20,8239
0.20,8238
0.21,8237
0.21,8236
0.21,8235
0.21,8234
0.21,8233
0.21,8232
0.21,8231
0.21,8230
0.21,8229
0.21,8228
0.21,8227
0.21,8226
0.21,8225
0.21,8224
0.21,8223
0.21,8222
0.21,8221
0.22,8220
0.22,8219
0.22,8218
0.22,8217
0.22,8216
0.22,8215
0.22,8214
0.23,8213
0.23,8212
0.23,8211
0.23,8210
0.23,8209
0.23,8208
0.23,8207
0.23,8206
0.23,8205
0.23,8204
0.23,8203
0.23,8202
0.23,8201
0.23,8200
0.23,8199
0.23,8198
0.23,8197
0.23,8196
0.23,8195
0.23,8194
0.23,8193
0.23,8192
0.23,8191
0.23,8190
0.24,8189
0.24,8188
0.24,8187
0.24,8186
0.24,8185
0.24,8184
0.24,8183
0.24,8182
0.24,8181
0.24,8180
0.24,8179
0.24,8178
0.24,8177
0.24,8176
0.24,8175
0.24,8174
0.24,8173
0.24,8172
0.25,8171
0.25,8170
0.25,8169
0.25,8168
0.25,8167
0.25,8166
0.25,8165
0.25,8164
0.25,8163
0.25,8162
0.25,8161
0.25,8160
0.25,8159
0.26,8158
0.26,8157
0.26,8156
0.26,8155
0.26,8154
0.26,8153
0.26,8152
0.26,8151
0.26,8150
0.26,8149
0.26,8148
0.26,8147
0.26,8146
0.26,8145
0.26,8144
0.27,8143
0.27,8142
0.27,8141
0.27,8140
0.27,8139
0.27,8138
0.27,8137
0.27,8136
0.27,8135
0.27,8134
0.27,8133
0.27,8132
0.27,8131
0.27,8130
0.27,8129
0.27,8128
0.27,8127
0.27,8126
0.27,8125
0.27,8124
0.27,8123
0.27,8122
0.27,8121
0.27,8120
0.27,8119
0.27,8118
0.27,8117
0.28,8116
0.28,8115
0.28,8114
0.28,8113
0.28,8112
0.28,8111
0.28,8110
0.28,8109
0.28,8108
0.28,8107
0.28,8106
0.28,8105
0.28,8104
0.28,8103
0.28,8102
0.28,8101
0.29,8100
0.29,8099
0.29,8098
0.29,8097
0.29,8096
0.29,8095
0.29,8094
0.29,8093
0.29,8092
0.30,8091
0.30,8090
0.30,8089
0.30,8088
0.30,8087
0.31,8086
0.31,8085
0.31,8084
0.31,8083
0.31,8082
0.31,8081
0.31,8080
0.31,8079
0.31,8078
0.31,8077
0.31,8076
0.31,8075
0.31,8074
0.32,8073
0.32,8072
0.32,8071
0.32,8070
0.32,8069
0.32,8068
0.32,8067
0.33,8066
0.33,8065
0.33,8064
0.33,8063
0.33,8062
0.33,8061
0.33,8060
0.33,8059
0.33,8058
0.34,8057
0.34,8056
0.34,8055
0.34,8054
0.34,8053
0.34,8052
0.34,8051
0.34,8050
0.34,8049
0.34,8048
0.34,8047
0.35,8046
0.35,8045
0.35,8044
0.35,8043
0.35,8042
0.35,8041
0.36,8040
0.36,8039
0.36,8038
0.36,8037
0.36,8036
0.36,8035
0.36,8034
0.36,8033
0.37,8032
0.37,8031
0.37,8030
0.37,8029
0.37,8028
0.37,8027
0.37,8026
0.37,8025
0.37,8024
0.37,8023
0.37,8022
0.37,8021
0.37,8020
0.37,8019
0.37,8018
0.38,8017
0.38,8016
0.38,8015
0.38,8014
0.38,8013
0.38,8012
0.38,8011
0.38,8010
0.39,8009
0.39,8008
0.39,8007
0.39,8006
0.39,8005
0.39,8004
0.39,8003
0.39,8002
0.39,8001
0.39,8000
0.39,7999
0.39,7998
0.39,7997
0.39,7996
0.40,7995
0.40,7994
0.40,7993
0.40,7992
0.40,7991
0.40,7990
0.40,7989
0.40,7988
0.40,7987
0.40,7986
0.40,7985
0.40,7984
0.40,7983
0.40,7982
0.40,7981
0.40,7980
0.41,7979
0.41,7978
0.41,7977
0.41,7976
0.41,7975
0.41,7974
0.41,7973
0.41,7972
0.41,7971
0.41,7970
0.41,7969
0.41,7968
0.41,7967
0.41,7966
0.41,7965
0.41,7964
0.41,7963
0.41,7962
0.42,7961
0.42,7960
0.42,7959
0.42,7958
0.42,7957
0.42,7956
0.42,7955
0.42,7954
0.42,7953
0.42,7952
0.42,7951
0.43,7950
0.43,7949
0.43,7948
0.43,7947
0.43,7946
0.44,7945
0.44,7944
0.44,7943
0.44,7942
0.44,7941
0.44,7940
0.44,7939
0.45,7938
0.45,7937
0.45,7936
0.45,7935
0.46,7934
0.46,7933
0.46,7932
0.46,7931
0.46,7930
0.46,7929
0.47,7928
0.47,7927
0.47,7926
0.47,7925
0.47,7924
0.47,7923
0.47,7922
0.47,7921
0.47,7920
0.47,7919
0.47,7918
0.47,7917
0.47,7916
0.47,7915
0.47,7914
0.47,7913
0.47,7912
0.47,7911
0.47,7910
0.47,7909
0.48,7908
0.49,7907
0.49,7906
0.49,7905
0.49,7904
0.49,7903
0.49,7902
0.49,7901
0.49,7900
0.50,7899
0.50,7898
0.50,7897
0.50,7896
0.50,7895
0.50,7894
0.50,7893
0.50,7892
0.50,7891
0.50,7890
0.50,7889
0.50,7888
0.50,7887
0.51,7886
0.51,7885
0.51,7884
0.51,7883
0.51,7882
0.51,7881
0.51,7880
0.51,7879
0.51,7878
0.51,7877
0.51,7876
0.51,7875
0.51,7874
0.52,7873
0.52,7872
0.52,7871
0.52,7870
0.52,7869
0.53,7868
0.53,7867
0.53,7866
0.53,7865
0.53,7864
0.53,7863
0.53,7862
0.54,7861
0.54,7860
0.54,7859
0.54,7858
0.54,7857
0.54,7856
0.54,7855
0.54,7854
0.54,7853
0.54,7852
0.54,7851
0.55,7850
0.55,7849
0.55,7848
0.55,7847
0.55,7846
0.55,7845
0.56,7844
0.56,7843
0.56,7842
0.56,7841
0.56,7840
0.56,7839
0.56,7838
0.56,7837
0.59,7836
0.59,7835
0.59,7834
0.59,7833
0.59,7832
0.59,7831
0.59,7830
0.59,7829
0.59,7828
0.59,7827
0.59,7826
0.59,7825
0.60,7824
0.60,7823
0.60,7822
0.60,7821
0.60,7820
0.60,7819
0.60,7818
0.60,7817
0.60,7816
0.60,7815
0.61,7814
0.61,7813
0.61,7812
0.61,7811
0.61,7810
0.61,7809
0.61,7808
0.62,7807
0.62,7806
0.62,7805
0.62,7804
0.62,7803
0.62,7802
0.62,7801
0.63,7800
0.63,7799
0.63,7798
0.63,7797
0.63,7796
0.63,7795
0.63,7794
0.63,7793
0.64,7792
0.64,7791
0.64,7790
0.64,7789
0.64,7788
0.64,7787
0.65,7786
0.65,7785
0.65,7784
0.65,7783
0.65,7782
0.65,7781
0.65,7780
0.65,7779
0.65,7778
0.65,7777
0.65,7776
0.65,7775
0.65,7774
0.65,7773
0.65,7772
0.65,7771
0.65,7770
0.65,7769
0.65,7768
0.65,7767
0.66,7766
0.66,7765
0.66,7764
0.66,7763
0.67,7762
0.67,7761
0.67,7760
0.67,7759
0.68,7758
0.68,7757
0.68,7756
0.68,7755
0.69,7754
0.69,7753
0.69,7752
0.69,7751
0.69,7750
0.69,7749
0.69,7748
0.69,7747
0.69,7746
0.70,7745
0.70,7744
0.70,7743
0.70,7742
0.70,7741
0.70,7740
0.70,7739
0.74,7738
0.74,7737
0.74,7736
0.74,7735
0.74,7734
0.74,7733
0.74,7732
0.74,7731
0.74,7730
0.74,7729
0.75,7728
0.76,7727
0.76,7726
0.77,7725
0.77,7724
0.77,7723
0.77,7722
0.78,7721
0.78,7720
0.79,7719
0.79,7718
0.79,7717
0.79,7716
0.79,7715
0.79,7714
0.79,7713
0.80,7712
0.80,7711
0.80,7710
0.80,7709
0.80,7708
0.80,7707
0.81,7706
0.81,7705
0.81,7704
0.81,7703
0.81,7702
0.81,7701
0.81,7700
0.82,7699
0.82,7698
0.84,7697
0.84,7696
0.84,7695
0.84,7694
0.84,7693
0.85,7692
0.85,7691
0.85,7690
0.85,7689
0.85,7688
0.85,7687
0.85,7686
0.85,7685
0.86,7684
0.87,7683
0.87,7682
0.87,7681
0.87,7680
0.87,7679
0.88,7678
0.88,7677
0.88,7676
0.88,7675
0.88,7674
0.88,7673
0.88,7672
0.89,7671
0.89,7670
0.89,7669
0.89,7668
0.90,7667
0.90,7666
0.90,7665
0.91,7664
0.91,7663
0.91,7662
0.91,7661
0.91,7660
0.91,7659
0.95,7658
0.95,7657
0.95,7656
0.95,7655
0.95,7654
0.95,7653
0.95,7652
0.95,7651
0.95,7650
0.97,7649
0.97,7648
0.97,7647
0.97,7646
0.97,7645
0.97,7644
0.97,7643
0.97,7642
0.97,7641
0.97,7640
0.97,7639
0.97,7638
0.97,7637
0.99,7636
0.99,7635
0.99,7634
0.99,7633
0.99,7632
1.03,7631
1.03,7630
1.04,7629
1.04,7628
1.04,7627
1.04,7626
1.04,7625
1.04,7624
1.04,7623
1.04,7622
1.04,7621
1.04,7620
1.04,7619
1.04,7618
1.05,7617
1.05,7616
1.05,7615
1.05,7614
1.05,7613
1.06,7612
1.10,7611
1.10,7610
1.11,7609
1.11,7608
1.11,7607
1.11,7606
1.11,7605
1.11,7604
1.11,7603
1.11,7602
1.12,7601
1.12,7600
1.12,7599
1.12,7598
1.12,7597
1.12,7596
1.13,7595
1.13,7594
1.13,7593
1.14,7592
1.15,7591
1.15,7590
1.15,7589
1.16,7588
1.16,7587
1.16,7586
1.16,7585
1.16,7584
1.16,7583
1.16,7582
1.17,7581
1.17,7580
1.18,7579
1.18,7578
1.22,7577
1.22,7576
1.22,7575
1.22,7574
1.22,7573
1.22,7572
1.24,7571
1.24,7570
1.24,7569
1.24,7568
1.25,7567
1.25,7566
1.25,7565
1.25,7564
1.25,7563
1.25,7562
1.25,7561
1.25,7560
1.25,7559
1.25,7558
1.31,7557
1.31,7556
1.31,7555
1.32,7554
1.32,7553
1.32,7552
1.32,7551
1.32,7550
1.33,7549
1.33,7548
1.33,7547
1.33,7546
1.34,7545
1.34,7544
1.34,7543
1.35,7542
1.35,7541
1.40,7540
1.40,7539
1.40,7538
1.40,7537
1.40,7536
1.43,7535
1.43,7534
1.43,7533
1.43,7532
1.43,7531
1.43,7530
1.43,7529
1.43,7528
1.45,7527
1.45,7526
1.45,7525
1.45,7524
1.45,7523
1.47,7522
1.47,7521
1.48,7520
1.48,7519
1.48,7518
1.53,7517
1.53,7516
1.53,7515
1.53,7514
1.53,7513
1.53,7512
1.53,7511
1.53,7510
1.53,7509
1.54,7508
1.57,7507
1.57,7506
1.57,7505
1.57,7504
1.57,7503
1.57,7502
1.57,7501
1.57,7500
1.57,7499
1.57,7498
1.57,7497
1.59,7496
1.59,7495
1.59,7494
1.59,7493
1.61,7492
1.61,7491
1.62,7490
1.62,7489
1.62,7488
1.62,7487
1.66,7486
1.68,7485
1.68,7484
1.68,7483
1.70,7482
1.70,7481
1.71,7480
1.71,7479
1.71,7478
1.71,7477
1.71,7476
1.71,7475
1.71,7474
1.71,7473
1.71,7472
1.72,7471
1.72,7470
1.72,7469
1.72,7468
1.72,7467
1.72,7466
1.72,7465
1.72,7464
1.72,7463
1.72,7462
1.72,7461
1.73,7460
1.73,7459
1.73,7458
1.73,7457
1.73,7456
1.73,7455
1.73,7454
1.73,7453
1.74,7452
1.74,7451
1.74,7450
1.74,7449
1.74,7448
1.77,7447
1.77,7446
1.77,7445
1.77,7444
1.77,7443
1.77,7442
1.82,7441
1.82,7440
1.86,7439
1.86,7438
1.86,7437
1.87,7436
1.87,7435
1.88,7434
1.88,7433
1.89,7432
1.89,7431
1.89,7430
1.90,7429
1.90,7428
1.90,7427
1.90,7426
1.93,7425
1.93,7424
1.95,7423
1.97,7422
1.98,7421
1.98,7420
1.98,7419
1.98,7418
1.98,7417
1.99,7416
1.99,7415
1.99,7414
1.99,7413
1.99,7412
1.99,7411
1.99,7410
2.00,7409
2.00,7408
2.00,7407
2.01,7406
2.01,7405
2.02,7404
2.02,7403
2.02,7402
2.02,7401
2.02,7400
2.02,7399
2.03,7398
2.03,7397
2.03,7396
2.04,7395
2.05,7394
2.05,7393
2.05,7392
2.05,7391
2.05,7390
2.05,7389
2.05,7388
2.12,7387
2.12,7386
2.12,7385
2.12,7384
2.16,7383
2.16,7382
2.16,7381
2.16,7380
2.16,7379
2.16,7378
2.16,7377
2.75,7376
2.75,7375
2.75,7374
2.75,7373
2.76,7372
2.76,7371
2.76,7370
2.76,7369
2.77,7368
2.77,7367
2.77,7366
2.77,7365
2.78,7364
2.78,7363
2.78,7362
2.79,7361
2.79,7360
2.79,7359
2.79,7358
2.79,7357
2.80,7356
2.80,7355
2.80,7354
2.80,7353
2.83,7352
2.84,7351
2.84,7350
2.84,7349
2.91,7348
2.91,7347
2.91,7346
2.92,7345
2.98,7344
2.98,7343
3.13,7342
3.13,7341
3.14,7340
3.14,7339
3.24,7338
3.24,7337
3.27,7336
3.27,7335
3.27,7334
3.28,7333
3.28,7332
3.28,7331
3.28,7330
3.28,7329
3.28,7328
3.28,7327
3.28,7326
3.28,7325
3.29,7324
3.29,7323
3.29,7322
3.29,7321
3.54,7320
3.54,7319
3.54,7318
3.54,7317
3.54,7316
3.54,7315
3.54,7314
3.64,7313
3.64,7312
3.65,7311
3.65,7310
3.65,7309
3.65,7308
3.65,7307
3.65,7306
3.65,7305
3.66,7304
3.66,7303
3.66,7302
3.67,7301
3.67,7300
3.67,7299
3.67,7298
3.67,7297
3.67,7296
3.67,7295
3.67,7294
3.68,7293
3.68,7292
3.68,7291
3.68,7290
3.68,7289
3.68,7288
3.72,7287
3.88,7286
3.88,7285
3.89,7284
3.89,7283
4.01,7282
4.01,7281
4.01,7280
4.01,7279
4.01,7278
4.02,7277
4.03,7276
4.03,7275
4.04,7274
4.04,7273
4.04,7272
4.07,7271
4.08,7270
4.08,7269
4.08,7268
4.10,7267
4.10,7266
4.22,7265
4.22,7264
4.64,7263
4.64,7262
4.64,7261
4.65,7260
4.65,7259
4.65,7258
4.65,7257
4.65,7256
4.66,7255
4.66,7254
4.66,7253
4.66,7252
4.66,7251
4.66,7250
4.66,7249
4.67,7248
4.67,7247
4.67,7246
4.67,7245
4.68,7244
4.68,7243
4.68,7242
4.68,7241
4.70,7240
4.82,7239
4.82,7238
4.82,7237
4.82,7236
4.82,7235
4.82,7234
4.82,7233
4.82,7232
4.82,7231
4.82,7230
4.82,7229
4.82,7228
4.82,7227
4.82,7226
4.83,7225
4.87,7224
4.87,7223
4.97,7222
4.97,7221
4.97,7220
4.97,7219
4.97,7218
4.99,7217
4.99,7216
4.99,7215
4.99,7214
4.99,7213
4.99,7212
4.99,7211
6.19,7210
6.42,7209
6.42,7208
6.43,7207
6.57,7206
6.57,7205
6.57,7204
6.57,7203
6.57,7202
6.57,7201
6.58,7200
6.58,7199
6.58,7198
6.58,7197
6.58,7196
6.58,7195
6.59,7194
6.59,7193
6.59,7192
9.56,7191
9.56,7190
9.56,7189
9.56,7188
9.56,7187
10.66,7186
10.66,7185
10.68,7184
10.68,7183
10.69,7182
10.69,7181
10.69,7180
10.69,7179
10.78,7178
10.79,7177
10.80,7176
10.81,7175
10.81,7174
10.81,7173
10.82,7172
10.82,7171
10.82,7170
10.87,7169
10.87,7168
10.88,7167
11.76,7166
11.76,7165
11.76,7164
11.76,7163
11.76,7162
11.76,7161
11.77,7160
11.77,7159
11.77,7158
11.89,7157
11.93,7156
11.94,7155
11.96,7154
11.97,7153
11.98,7152
11.98,7151
11.99,7150
11.99,7149
11.99,7148
11.99,7147
11.99,7146
11.99,7145
11.99,7144
12.03,7143
12.03,7142
12.03,7141
12.04,7140
12.04,7139
21.04,7138
21.05,7137
21.05,7136
21.05,7135
21.06,7134
21.06,7133
21.06,7132
21.06,7131
21.06,7130
21.06,7129
21.06,7128
21.07,7127
21.07,7126
21.08,7125
21.13,7124
21.14,7123
21.17,7122
21.21,7121
21.21,7120
21.21,7119
21.21,7118
21.21,7117
21.24,7116
21.24,7115
21.24,7114
21.24,7113
21.24,7112
21.25,7111
21.25,7110
21.25,7109
21.29,7108
21.29,7107
21.51,7106
21.53,7105
21.53,7104
21.54,7103
21.54,7102
21.54,7101
21.55,7100
21.56,7099
21.56,7098
21.56,7097
21.57,7096
21.57,7095
21.57,7094
21.57,7093
21.57,7092
21.57,7091
21.59,7090
21.59,7089
21.60,7088
21.61,7087
21.62,7086
21.62,7085
21.62,7084
21.62,7083
21.62,7082
21.68,7081
21.68,7080
21.68,7079
21.69,7078
21.69,7077
21.69,7076
21.69,7075
21.69,7074
21.69,7073
21.72,7072
21.72,7071
21.73,7070
21.73,7069
21.73,7068
21.73,7067
21.73,7066
21.73,7065
21.73,7064
21.73,7063
21.73,7062
21.74,7061
21.78,7060
21.78,7059
21.80,7058
21.80,7057
21.80,7056
21.85,7055
21.86,7054
21.87,7053
21.87,7052
21.87,7051
21.87,7050
21.87,7049
21.87,7048
21.87,7047
21.87,7046
21.88,7045
22.42,7044
22.45,7043
22.47,7042
22.47,7041
22.47,7040
22.47,7039
22.48,7038
22.48,7037
22.48,7036
22.48,7035
22.48,7034
22.48,7033
22.49,7032
22.49,7031
22.49,7030
22.51,7029
22.51,7028
22.51,7027
22.51,7026
22.51,7025
22.51,7024
22.52,7023
22.52,7022
22.60,7021
22.62,7020
22.64,7019
22.64,7018
22.64,7017
22.65,7016
22.65,7015
22.66,7014
22.66,7013
22.66,7012
22.68,7011
22.69,7010
22.69,7009
22.69,7008
22.69,7007
22.69,7006
22.69,7005
22.69,7004
22.76,7003
22.77,7002
23.02,7001
23.04,7000
23.04,6999
23.05,6998
23.05,6997
23.05,6996
23.05,6995
23.15,6994
23.15,6993
23.15,6992
23.16,6991
23.21,6990
23.21,6989
23.21,6988
23.22,6987
23.22,6986
23.22,6985
23.22,6984
23.22,6983
23.22,6982
23.24,6981
23.24,6980
23.24,6979
23.24,6978
23.25,6977
23.25,6976
23.25,6975
23.25,6974
23.26,6973
23.27,6972
23.27,6971
23.27,6970
23.31,6969
23.32,6968
23.32,6967
23.33,6966
23.33,6965
23.33,6964
23.34,6963
23.34,6962
23.34,6961
23.34,6960
23.34,6959
23.35,6958
23.35,6957
23.35,6956
23.36,6955
23.36,6954
23.38,6953
23.38,6952
23.39,6951
23.39,6950
23.40,6949
23.40,6948
23.40,6947
23.52,6946
23.53,6945
23.53,6944
23.53,6943
23.58,6942
23.62,6941
23.62,6940
23.62,6939
23.62,6938
23.62,6937
23.62,6936
23.65,6935
23.65,6934
23.65,6933
23.66,6932
28.96,6931
28.97,6930
28.97,6929
28.97,6928
28.97,6927
28.98,6926
28.98,6925
28.98,6924
28.99,6923
29.00,6922
29.01,6921
29.01,6920
29.01,6919
29.01,6918
29.01,6917
29.01,6916
29.01,6915
29.01,6914
29.01,6913
29.01,6912
29.02,6911
29.02,6910
29.03,6909
29.03,6908
29.03,6907
29.03,6906
29.03,6905
29.03,6904
29.03,6903
29.03,6902
29.03,6901
29.03,6900
29.03,6899
29.03,6898
29.03,6897
29.03,6896
29.03,6895
29.03,6894
29.04,6893
29.04,6892
29.04,6891
29.04,6890
29.08,6889
29.12,6888
29.17,6887
29.17,6886
29.17,6885
29.17,6884
29.18,6883
29.18,6882
29.18,6881
29.18,6880
29.24,6879
29.32,6878
29.32,6877
29.32,6876
29.32,6875
29.32,6874
29.36,6873
29.44,6872
29.44,6871
29.46,6870
29.46,6869
29.46,6868
29.47,6867
29.59,6866
29.59,6865
29.61,6864
29.61,6863
29.61,6862
29.61,6861
29.61,6860
29.61,6859
29.61,6858
29.62,6857
29.62,6856
29.63,6855
29.63,6854
29.63,6853
29.64,6852
29.65,6851
29.65,6850
29.65,6849
29.65,6848
29.68,6847
29.70,6846
29.70,6845
29.71,6844
29.71,6843
29.71,6842
29.76,6841
29.76,6840
30.31,6839
30.31,6838
30.31,6837
30.31,6836
30.32,6835
30.32,6834
30.32,6833
30.32,6832
30.32,6831
30.32,6830
30.53,6829
30.53,6828
30.54,6827
30.54,6826
30.54,6825
30.54,6824
30.54,6823
30.54,6822
30.80,6821
30.80,6820
30.82,6819
30.82,6818
30.82,6817
30.83,6816
30.83,6815
30.84,6814
30.84,6813
30.84,6812
30.84,6811
30.85,6810
30.85,6809
30.85,6808
30.93,6807
30.93,6806
30.93,6805
30.93,6804
30.95,6803
30.95,6802
30.97,6801
30.97,6800
30.98,6799
30.99,6798
31.00,6797
31.00,6796
31.00,6795
31.00,6794
31.00,6793
31.01,6792
31.04,6791
31.06,6790
31.06,6789
31.06,6788
31.06,6787
31.10,6786
31.10,6785
31.10,6784
31.10,6783
31.11,6782
31.11,6781
31.12,6780
31.12,6779
31.12,6778
31.15,6777
31.15,6776
31.15,6775
31.15,6774
31.18,6773
31.18,6772
31.18,6771
31.18,6770
31.18,6769
31.20,6768
31.22,6767
31.22,6766
31.22,6765
31.22,6764
31.22,6763
31.22,6762
31.22,6761
31.22,6760
31.23,6759
31.23,6758
31.24,6757
31.24,6756
31.24,6755
31.25,6754
31.25,6753
31.25,6752
32.03,6751
32.03,6750
32.03,6749
32.03,6748
32.04,6747
32.04,6746
32.04,6745
32.13,6744
32.13,6743
32.13,6742
32.13,6741
32.14,6740
32.14,6739
32.14,6738
32.15,6737
32.18,6736
32.18,6735
32.18,6734
32.18,6733
32.18,6732
32.18,6731
32.18,6730
32.18,6729
32.18,6728
32.19,6727
32.19,6726
32.19,6725
32.19,6724
32.19,6723
32.19,6722
32.19,6721
32.19,6720
32.21,6719
32.21,6718
32.21,6717
32.21,6716
32.21,6715
32.21,6714
32.26,6713
32.27,6712
32.27,6711
32.27,6710
32.27,6709
32.27,6708
32.27,6707
32.27,6706
32.27,6705
32.28,6704
32.29,6703
32.57,6702
32.57,6701
32.57,6700
32.57,6699
32.57,6698
32.59,6697
33.25,6696
33.25,6695
33.25,6694
33.25,6693
33.25,6692
33.25,6691
33.25,6690
33.25,6689
33.31,6688
33.31,6687
33.31,6686
33.31,6685
33.31,6684
33.32,6683
33.32,6682
33.33,6681
33.33,6680
33.33,6679
33.33,6678
33.33,6677
33.33,6676
33.33,6675
33.35,6674
33.36,6673
33.36,6672
33.36,6671
33.37,6670
33.40,6669
33.41,6668
33.42,6667
33.42,6666
33.43,6665
33.43,6664
33.43,6663
33.43,6662
33.43,6661
33.44,6660
33.60,6659
33.90,6658
33.91,6657
33.91,6656
33.91,6655
33.91,6654
34.00,6653
34.03,6652
34.03,6651
34.03,6650
34.86,6649
34.93,6648
34.93,6647
34.93,6646
34.94,6645
34.94,6644
35.08,6643
35.09,6642
35.09,6641
35.09,6640
35.21,6639
35.21,6638
35.34,6637
35.35,6636
35.35,6635
35.35,6634
35.35,6633
35.35,6632
35.35,6631
35.35,6630
35.35,6629
35.35,6628
35.44,6627
35.44,6626
35.44,6625
35.44,6624
35.44,6623
35.45,6622
35.45,6621
35.45,6620
35.46,6619
35.46,6618
35.46,6617
35.46,6616
35.46,6615
35.48,6614
35.49,6613
35.51,6612
35.51,6611
35.51,6610
35.52,6609
35.52,6608
35.52,6607
35.52,6606
35.52,6605
35.52,6604
35.53,6603
35.53,6602
35.53,6601
35.53,6600
35.53,6599
35.53,6598
35.53,6597
35.54,6596
35.54,6595
35.67,6594
35.67,6593
35.68,6592
35.68,6591
35.68,6590
35.68,6589
35.70,6588
35.70,6587
35.70,6586
35.71,6585
35.71,6584
35.76,6583
35.77,6582
35.78,6581
35.78,6580
35.78,6579
36.25,6578
36.25,6577
36.25,6576
36.27,6575
36.27,6574
36.28,6573
36.28,6572
36.28,6571
36.28,6570
36.28,6569
36.30,6568
36.30,6567
36.30,6566
36.30,6565
36.30,6564
36.30,6563
36.30,6562
36.30,6561
36.30,6560
36.30,6559
36.31,6558
36.31,6557
36.31,6556
36.31,6555
36.31,6554
36.32,6553
36.33,6552
36.33,6551
36.33,6550
36.34,6549
36.39,6548
36.39,6547
36.46,6546
36.46,6545
36.47,6544
36.47,6543
36.50,6542
36.56,6541
36.56,6540
36.57,6539
36.57,6538
36.57,6537
36.57,6536
36.61,6535
36.65,6534
36.66,6533
36.66,6532
36.66,6531
36.68,6530
36.73,6529
36.74,6528
36.74,6527
36.74,6526
36.87,6525
36.89,6524
36.89,6523
36.89,6522
36.91,6521
36.91,6520
36.91,6519
36.93,6518
36.93,6517
36.93,6516
36.93,6515
36.94,6514
37.00,6513
37.00,6512
37.00,6511
37.01,6510
37.01,6509
37.01,6508
37.03,6507
37.04,6506
37.04,6505
37.04,6504
37.04,6503
37.04,6502
37.04,6501
37.04,6500
37.04,6499
37.04,6498
37.04,6497
37.05,6496
37.05,6495
37.05,6494
37.18,6493
37.18,6492
37.20,6491
37.20,6490
37.20,6489
37.22,6488
37.22,6487
37.38,6486
37.39,6485
37.39,6484
37.39,6483
37.39,6482
37.39,6481
37.48,6480
37.48,6479
37.49,6478
37.49,6477
37.50,6476
37.50,6475
37.50,6474
37.50,6473
37.50,6472
37.50,6471
37.50,6470
37.50,6469
37.50,6468
37.50,6467
37.51,6466
37.51,6465
37.53,6464
37.54,6463
37.54,6462
37.54,6461
37.54,6460
37.54,6459
37.54,6458
37.55,6457
37.55,6456
37.55,6455
37.59,6454
37.65,6453
37.71,6452
37.71,6451
37.71,6450
37.72,6449
37.72,6448
37.72,6447
37.72,6446
37.74,6445
37.74,6444
37.90,6443
37.98,6442
37.98,6441
38.02,6440
38.02,6439
38.02,6438
38.02,6437
38.05,6436
38.05,6435
38.05,6434
38.05,6433
38.07,6432
38.10,6431
38.10,6430
38.12,6429
38.12,6428
38.12,6427
38.13,6426
38.13,6425
38.14,6424
38.14,6423
38.49,6422
38.49,6421
38.56,6420
38.57,6419
38.59,6418
38.61,6417
38.61,6416
38.61,6415
38.62,6414
38.63,6413
38.63,6412
38.64,6411
38.64,6410
38.64,6409
38.65,6408
38.68,6407
38.68,6406
38.68,6405
38.68,6404
38.69,6403
38.71,6402
38.71,6401
38.72,6400
38.72,6399
38.80,6398
38.81,6397
38.81,6396
38.81,6395
38.81,6394
38.81,6393
38.85,6392
38.87,6391
38.87,6390
38.87,6389
38.87,6388
38.88,6387
38.88,6386
38.88,6385
38.88,6384
38.88,6383
38.88,6382
38.88,6381
38.88,6380
38.89,6379
38.96,6378
38.97,6377
38.97,6376
38.97,6375
38.97,6374
38.99,6373
38.99,6372
39.00,6371
39.03,6370
39.05,6369
39.05,6368
39.05,6367
39.05,6366
39.06,6365
39.06,6364
39.12,6363
39.13,6362
39.13,6361
39.13,6360
39.13,6359
39.14,6358
39.18,6357
39.18,6356
39.18,6355
39.19,6354
39.22,6353
39.22,6352
39.22,6351
39.22,6350
39.22,6349
39.22,6348
39.22,6347
39.22,6346
39.23,6345
39.23,6344
39.23,6343
39.24,6342
39.24,6341
39.24,6340
39.24,6339
39.24,6338
39.27,6337
39.27,6336
39.27,6335
39.28,6334
39.29,6333
39.29,6332
39.29,6331
39.29,6330
39.29,6329
39.29,6328
39.30,6327
39.30,6326
39.30,6325
39.30,6324
39.31,6323
39.31,6322
39.32,6321
39.33,6320
39.33,6319
39.34,6318
39.34,6317
39.34,6316
39.39,6315
39.39,6314
39.39,6313
39.39,6312
39.40,6311
39.40,6310
39.40,6309
39.41,6308
39.41,6307
39.41,6306
40.06,6305
40.06,6304
40.07,6303
40.07,6302
40.07,6301
40.08,6300
40.10,6299
40.10,6298
40.10,6297
40.16,6296
40.16,6295
40.16,6294
40.16,6293
40.16,6292
40.17,6291
40.17,6290
40.17,6289
40.17,6288
40.18,6287
40.20,6286
40.20,6285
40.21,6284
40.21,6283
40.21,6282
40.21,6281
40.21,6280
40.22,6279
40.22,6278
40.28,6277
40.35,6276
40.37,6275
40.37,6274
40.39,6273
40.39,6272
40.46,6271
40.46,6270
40.46,6269
40.46,6268
40.46,6267
40.46,6266
40.46,6265
40.52,6264
40.55,6263
40.55,6262
40.55,6261
40.55,6260
40.57,6259
40.58,6258
40.58,6257
40.58,6256
40.79,6255
40.80,6254
40.80,6253
40.80,6252
40.80,6251
40.80,6250
40.80,6249
40.80,6248
40.80,6247
40.90,6246
40.90,6245
40.90,6244
40.90,6243
40.90,6242
40.91,6241
40.91,6240
40.91,6239
40.91,6238
40.91,6237
40.92,6236
40.92,6235
40.92,6234
40.98,6233
40.98,6232
41.05,6231
41.05,6230
41.07,6229
41.07,6228
41.08,6227
41.08,6226
41.08,6225
41.21,6224
41.21,6223
41.21,6222
41.21,6221
41.31,6220
41.31,6219
41.32,6218
41.32,6217
41.33,6216
41.33,6215
41.33,6214
41.33,6213
41.35,6212
41.35,6211
41.35,6210
41.39,6209
41.39,6208
41.39,6207
41.41,6206
41.41,6205
41.45,6204
41.47,6203
41.48,6202
41.48,6201
41.48,6200
41.48,6199
41.48,6198
41.73,6197
41.73,6196
41.73,6195
41.73,6194
41.73,6193
41.80,6192
41.80,6191
41.80,6190
41.84,6189
41.86,6188
42.05,6187
42.05,6186
42.05,6185
42.05,6184
42.05,6183
42.05,6182
42.05,6181
42.06,6180
42.10,6179
42.10,6178
42.10,6177
42.11,6176
42.13,6175
42.15,6174
42.15,6173
42.15,6172
42.15,6171
42.15,6170
42.22,6169
42.23,6168
42.38,6167
42.38,6166
42.39,6165
42.39,6164
42.39,6163
42.40,6162
42.40,6161
42.40,6160
42.41,6159
42.41,6158
42.53,6157
42.53,6156
42.53,6155
42.53,6154
42.54,6153
42.56,6152
42.56,6151
42.56,6150
42.56,6149
42.56,6148
42.58,6147
42.58,6146
42.58,6145
42.58,6144
42.58,6143
42.58,6142
42.60,6141
42.60,6140
42.61,6139
42.61,6138
42.61,6137
42.61,6136
42.61,6135
42.62,6134
42.71,6133
42.71,6132
42.71,6131
42.71,6130
42.73,6129
42.73,6128
43.11,6127
43.11,6126
43.12,6125
43.13,6124
43.13,6123
43.15,6122
43.19,6121
43.19,6120
43.19,6119
43.20,6118
43.20,6117
43.20,6116
43.21,6115
43.21,6114
43.21,6113
43.21,6112
43.21,6111
43.21,6110
43.21,6109
43.22,6108
43.25,6107
43.27,6106
43.27,6105
43.27,6104
43.28,6103
43.30,6102
43.37,6101
43.38,6100
43.38,6099
43.38,6098
43.38,6097
43.38,6096
43.38,6095
43.38,6094
43.39,6093
43.39,6092
43.41,6091
43.42,6090
43.42,6089
43.43,6088
43.43,6087
43.44,6086
43.44,6085
43.54,6084
43.56,6083
43.56,6082
43.56,6081
43.56,6080
43.56,6079
43.59,6078
43.68,6077
43.68,6076
43.68,6075
43.68,6074
43.68,6073
43.68,6072
43.69,6071
43.70,6070
43.72,6069
43.72,6068
43.76,6067
43.76,6066
43.80,6065
43.80,6064
43.81,6063
43.81,6062
43.84,6061
43.84,6060
43.84,6059
43.93,6058
43.94,6057
43.94,6056
43.95,6055
43.95,6054
43.95,6053
43.95,6052
43.96,6051
43.96,6050
43.96,6049
43.98,6048
43.98,6047
43.98,6046
43.98,6045
43.99,6044
43.99,6043
43.99,6042
43.99,6041
44.12,6040
44.13,6039
44.14,6038
44.14,6037
44.14,6036
44.15,6035
44.15,6034
44.15,6033
44.18,6032
44.18,6031
44.18,6030
44.18,6029
44.18,6028
44.18,6027
44.18,6026
44.18,6025
44.18,6024
44.18,6023
44.19,6022
44.19,6021
44.22,6020
44.23,6019
44.24,6018
44.24,6017
44.24,6016
44.24,6015
44.25,6014
44.25,6013
44.28,6012
44.28,6011
44.28,6010
44.28,6009
44.28,6008
44.29,6007
44.29,6006
44.29,6005
44.30,6004
44.30,6003
44.31,6002
44.31,6001
44.31,6000
44.32,5999
44.32,5998
44.35,5997
44.35,5996
44.36,5995
44.37,5994
44.37,5993
44.55,5992
44.60,5991
44.61,5990
44.62,5989
44.62,5988
44.62,5987
44.68,5986
44.68,5985
44.69,5984
44.69,5983
44.72,5982
44.72,5981
44.72,5980
44.85,5979
44.86,5978
44.86,5977
44.90,5976
44.90,5975
44.93,5974
44.93,5973
44.93,5972
44.95,5971
44.96,5970
44.96,5969
45.00,5968
45.03,5967
45.03,5966
45.03,5965
45.06,5964
45.06,5963
45.06,5962
45.07,5961
45.07,5960
45.07,5959
45.08,5958
45.08,5957
45.14,5956
45.14,5955
45.14,5954
45.14,5953
45.15,5952
45.15,5951
45.15,5950
45.16,5949
45.29,5948
45.29,5947
45.30,5946
45.30,5945
45.30,5944
45.30,5943
45.30,5942
45.30,5941
45.31,5940
45.33,5939
45.33,5938
45.40,5937
45.41,5936
45.41,5935
45.42,5934
45.45,5933
45.45,5932
45.45,5931
45.47,5930
45.47,5929
45.47,5928
45.47,5927
45.47,5926
45.48,5925
45.48,5924
45.48,5923
45.48,5922
45.48,5921
45.48,5920
45.70,5919
45.74,5918
45.80,5917
45.80,5916
45.80,5915
45.80,5914
45.86,5913
45.89,5912
45.89,5911
45.89,5910
45.89,5909
45.89,5908
45.89,5907
45.90,5906
45.90,5905
45.90,5904
45.93,5903
45.93,5902
45.93,5901
45.94,5900
45.94,5899
45.98,5898
45.98,5897
45.99,5896
45.99,5895
45.99,5894
45.99,5893
46.02,5892
46.02,5891
46.03,5890
46.03,5889
46.03,5888
46.03,5887
46.19,5886
46.20,5885
46.24,5884
46.24,5883
46.24,5882
46.24,5881
46.28,5880
46.29,5879
46.29,5878
46.30,5877
46.30,5876
46.30,5875
46.56,5874
46.56,5873
46.56,5872
46.57,5871
46.57,5870
46.57,5869
46.57,5868
46.58,5867
46.58,5866
46.58,5865
46.58,5864
46.59,5863
46.59,5862
46.60,5861
46.60,5860
46.60,5859
46.60,5858
46.61,5857
46.61,5856
46.61,5855
46.61,5854
46.63,5853
46.64,5852
46.64,5851
46.65,5850
46.65,5849
46.65,5848
46.66,5847
46.66,5846
46.66,5845
47.02,5844
47.03,5843
47.03,5842
47.04,5841
47.04,5840
47.04,5839
47.05,5838
47.05,5837
47.05,5836
47.06,5835
47.06,5834
47.06,5833
47.19,5832
47.21,5831
47.21,5830
47.22,5829
47.22,5828
47.22,5827
47.22,5826
47.22,5825
47.22,5824
47.24,5823
47.26,5822
47.26,5821
47.27,5820
47.28,5819
47.28,5818
47.28,5817
47.28,5816
47.29,5815
47.29,5814
47.29,5813
47.29,5812
47.29,5811
47.29,5810
47.29,5809
47.30,5808
47.30,5807
47.30,5806
47.32,5805
47.35,5804
47.35,5803
47.35,5802
47.36,5801
47.36,5800
47.37,5799
47.37,5798
47.37,5797
47.38,5796
47.38,5795
47.39,5794
47.75,5793
47.75,5792
47.75,5791
47.76,5790
47.76,5789
47.76,5788
47.79,5787
47.79,5786
47.80,5785
47.80,5784
47.80,5783
47.81,5782
47.81,5781
47.82,5780
47.82,5779
47.82,5778
47.82,5777
47.83,5776
47.88,5775
47.88,5774
47.88,5773
47.89,5772
47.89,5771
47.89,5770
47.92,5769
47.92,5768
47.92,5767
47.93,5766
47.94,5765
47.97,5764
48.06,5763
48.08,5762
48.08,5761
48.08,5760
48.08,5759
48.08,5758
48.08,5757
48.13,5756
48.13,5755
48.13,5754
48.14,5753
48.14,5752
48.14,5751
48.15,5750
48.15,5749
48.16,5748
48.16,5747
48.16,5746
48.16,5745
48.19,5744
48.20,5743
48.20,5742
48.20,5741
48.21,5740
48.21,5739
48.23,5738
48.23,5737
48.24,5736
48.25,5735
48.25,5734
48.25,5733
48.25,5732
48.25,5731
48.26,5730
48.26,5729
48.26,5728
48.27,5727
48.27,5726
48.27,5725
48.27,5724
48.27,5723
48.27,5722
48.28,5721
48.28,5720
48.29,5719
48.29,5718
48.30,5717
48.30,5716
48.31,5715
48.31,5714
48.31,5713
48.31,5712
48.31,5711
48.32,5710
48.32,5709
48.32,5708
48.32,5707
48.32,5706
48.34,5705
48.35,5704
48.45,5703
48.46,5702
48.48,5701
48.48,5700
48.48,5699
48.48,5698
48.48,5697
48.49,5696
48.49,5695
48.50,5694
48.53,5693
48.53,5692
48.54,5691
48.54,5690
48.56,5689
48.60,5688
48.60,5687
48.60,5686
48.60,5685
48.62,5684
48.62,5683
48.65,5682
48.65,5681
48.66,5680
48.66,5679
48.66,5678
48.66,5677
48.67,5676
48.68,5675
48.69,5674
48.73,5673
48.75,5672
48.75,5671
48.75,5670
48.79,5669
48.83,5668
48.83,5667
48.83,5666
48.86,5665
48.86,5664
48.86,5663
48.90,5662
48.91,5661
48.91,5660
48.93,5659
48.93,5658
48.93,5657
48.96,5656
48.96,5655
48.99,5654
49.01,5653
49.02,5652
49.10,5651
49.10,5650
49.10,5649
49.10,5648
49.10,5647
49.11,5646
49.12,5645
49.12,5644
49.13,5643
49.13,5642
49.14,5641
49.14,5640
49.15,5639
49.15,5638
49.15,5637
49.18,5636
49.18,5635
49.23,5634
49.23,5633
49.23,5632
49.23,5631
49.24,5630
49.24,5629
49.24,5628
49.25,5627
49.27,5626
49.28,5625
49.29,5624
49.31,5623
49.32,5622
49.32,5621
49.32,5620
49.32,5619
49.32,5618
49.32,5617
49.33,5616
49.34,5615
49.35,5614
49.35,5613
49.36,5612
49.46,5611
49.46,5610
49.47,5609
49.47,5608
49.47,5607
49.47,5606
49.47,5605
49.49,5604
49.49,5603
49.49,5602
49.52,5601
49.52,5600
49.52,5599
49.52,5598
49.52,5597
49.52,5596
49.52,5595
49.52,5594
49.53,5593
49.53,5592
49.55,5591
49.59,5590
49.60,5589
49.62,5588
49.64,5587
49.64,5586
49.64,5585
49.65,5584
49.65,5583
49.65,5582
49.67,5581
49.68,5580
49.69,5579
49.73,5578
49.74,5577
49.75,5576
49.76,5575
49.78,5574
49.79,5573
49.81,5572
49.82,5571
50.15,5570
50.18,5569
50.21,5568
50.73,5567
50.73,5566
50.74,5565
50.74,5564
50.74,5563
50.74,5562
50.74,5561
50.75,5560
50.75,5559
50.83,5558
50.84,5557
50.84,5556
50.85,5555
50.85,5554
50.91,5553
50.92,5552
50.96,5551
50.97,5550
50.97,5549
50.97,5548
50.97,5547
50.97,5546
51.00,5545
51.00,5544
51.00,5543
51.02,5542
51.02,5541
51.05,5540
51.05,5539
51.19,5538
51.20,5537
51.21,5536
51.21,5535
51.24,5534
51.25,5533
51.25,5532
51.26,5531
51.30,5530
51.30,5529
51.31,5528
51.31,5527
51.32,5526
51.36,5525
51.37,5524
51.37,5523
51.37,5522
51.39,5521
51.40,5520
51.40,5519
51.44,5518
51.46,5517
51.46,5516
51.49,5515
51.50,5514
51.50,5513
51.64,5512
51.69,5511
51.69,5510
51.71,5509
51.72,5508
51.72,5507
51.72,5506
51.73,5505
51.73,5504
51.74,5503
51.74,5502
51.77,5501
51.77,5500
51.77,5499
52.74,5498
52.77,5497
52.79,5496
52.79,5495
52.81,5494
52.81,5493
52.82,5492
52.82,5491
52.82,5490
52.83,5489
52.84,5488
52.84,5487
52.84,5486
52.85,5485
52.85,5484
52.88,5483
52.88,5482
52.88,5481
52.92,5480
52.92,5479
52.92,5478
52.92,5477
52.92,5476
52.92,5475
52.92,5474
52.93,5473
52.94,5472
52.94,5471
52.94,5470
52.95,5469
52.95,5468
52.95,5467
52.98,5466
53.02,5465
53.06,5464
53.08,5463
53.09,5462
53.09,5461
53.11,5460
53.14,5459
53.14,5458
53.15,5457
53.16,5456
53.16,5455
53.16,5454
53.16,5453
53.17,5452
53.17,5451
53.56,5450
53.67,5449
53.67,5448
53.67,5447
53.67,5446
53.67,5445
53.67,5444
53.68,5443
53.68,5442
53.68,5441
53.70,5440
53.71,5439
53.72,5438
53.72,5437
53.74,5436
53.74,5435
53.74,5434
53.76,5433
53.84,5432
53.86,5431
53.86,5430
53.86,5429
53.86,5428
53.86,5427
53.91,5426
53.91,5425
53.93,5424
54.00,5423
54.01,5422
54.01,5421
54.02,5420
54.02,5419
54.03,5418
54.03,5417
54.04,5416
54.07,5415
54.07,5414
54.10,5413
54.12,5412
54.12,5411
54.13,5410
54.14,5409
54.15,5408
54.18,5407
54.18,5406
54.20,5405
54.22,5404
54.22,5403
54.23,5402
54.23,5401
54.26,5400
54.28,5399
54.28,5398
54.28,5397
54.28,5396
54.29,5395
54.31,5394
54.33,5393
54.33,5392
54.34,5391
54.36,5390
54.44,5389
54.45,5388
54.47,5387
54.48,5386
54.49,5385
54.49,5384
54.49,5383
54.55,5382
54.56,5381
54.56,5380
54.58,5379
54.59,5378
54.59,5377
54.59,5376
54.62,5375
54.63,5374
54.81,5373
54.81,5372
54.81,5371
54.81,5370
54.81,5369
54.85,5368
54.86,5367
54.86,5366
54.86,5365
54.91,5364
54.91,5363
55.27,5362
55.27,5361
55.27,5360
55.45,5359
55.46,5358
55.48,5357
55.55,5356
55.55,5355
55.56,5354
55.57,5353
55.57,5352
55.61,5351
55.61,5350
55.61,5349
55.61,5348
55.62,5347
55.63,5346
55.64,5345
55.65,5344
55.65,5343
55.68,5342
55.68,5341
55.70,5340
55.70,5339
55.72,5338
55.72,5337
55.97,5336
55.98,5335
55.98,5334
55.99,5333
56.01,5332
56.01,5331
56.02,5330
56.03,5329
56.05,5328
56.06,5327
56.06,5326
56.06,5325
56.11,5324
56.42,5323
56.50,5322
56.50,5321
56.50,5320
56.50,5319
56.51,5318
56.51,5317
56.51,5316
56.51,5315
56.51,5314
56.52,5313
56.52,5312
56.52,5311
56.53,5310
56.53,5309
56.53,5308
56.54,5307
56.58,5306
56.58,5305
56.62,5304
56.64,5303
56.65,5302
56.68,5301
56.78,5300
56.79,5299
56.79,5298
56.81,5297
56.81,5296
56.83,5295
56.87,5294
57.03,5293
57.30,5292
57.30,5291
57.32,5290
57.32,5289
57.37,5288
57.37,5287
58.07,5286
58.08,5285
58.08,5284
58.08,5283
58.09,5282
58.09,5281
58.32,5280
58.32,5279
58.38,5278
58.39,5277
58.39,5276
58.41,5275
58.41,5274
58.41,5273
58.42,5272
58.42,5271
58.42,5270
58.42,5269
58.43,5268
58.44,5267
58.66,5266
58.66,5265
58.67,5264
58.69,5263
58.69,5262
58.75,5261
58.76,5260
58.76,5259
58.76,5258
58.85,5257
58.86,5256
58.86,5255
58.87,5254
59.04,5253
59.05,5252
59.07,5251
59.07,5250
59.07,5249
59.07,5248
59.07,5247
59.11,5246
59.12,5245
59.14,5244
59.14,5243
59.15,5242
59.15,5241
59.28,5240
59.29,5239
59.29,5238
59.30,5237
59.30,5236
59.47,5235
59.52,5234
59.57,5233
59.57,5232
59.58,5231
59.58,5230
59.59,5229
59.86,5228
59.86,5227
59.87,5226
59.87,5225
59.89,5224
59.89,5223
59.90,5222
59.90,5221
60.80,5220
60.80,5219
61.06,5218
61.06,5217
61.18,5216
61.19,5215
61.22,5214
61.25,5213
61.31,5212
61.31,5211
61.31,5210
61.33,5209
61.52,5208
61.52,5207
61.80,5206
61.86,5205
61.88,5204
61.88,5203
61.88,5202
61.90,5201
61.92,5200
61.94,5199
61.94,5198
62.06,5197
62.07,5196
62.08,5195
62.08,5194
62.11,5193
62.11,5192
62.19,5191
62.20,5190
62.20,5189
62.22,5188
62.24,5187
62.24,5186
62.25,5185
62.47,5184
62.93,5183
62.95,5182
62.96,5181
62.96,5180
63.33,5179
63.59,5178
63.60,5177
63.60,5176
63.60,5175
63.60,5174
63.63,5173
63.63,5172
63.64,5171
63.74,5170
64.16,5169
64.34,5168
64.34,5167
64.36,5166
64.37,5165
64.40,5164
64.45,5163
64.46,5162
64.55,5161
64.86,5160
64.90,5159
64.90,5158
64.91,5157
64.91,5156
64.98,5155
64.99,5154
65.01,5153
65.02,5152
65.02,5151
65.17,5150
65.17,5149
65.19,5148
65.22,5147
65.22,5146
65.22,5145
65.22,5144
65.23,5143
65.25,5142
65.25,5141
65.26,5140
65.30,5139
65.67,5138
65.68,5137
65.70,5136
65.70,5135
65.72,5134
65.76,5133
65.85,5132
65.85,5131
65.85,5130
66.29,5129
66.49,5128
66.50,5127
66.50,5126
66.71,5125
66.71,5124
66.72,5123
66.73,5122
66.74,5121
66.78,5120
67.22,5119
67.22,5118
67.24,5117
67.24,5116
67.25,5115
67.26,5114
67.57,5113
67.57,5112
67.58,5111
67.62,5110
67.63,5109
67.63,5108
67.64,5107
67.65,5106
67.70,5105
67.70,5104
67.74,5103
67.76,5102
67.80,5101
67.91,5100
67.95,5099
68.74,5098
68.75,5097
68.75,5096
68.77,5095
68.78,5094
68.78,5093
68.99,5092
69.00,5091
69.00,5090
69.20,5089
69.74,5088
69.76,5087
69.76,5086
69.78,5085
69.79,5084
69.80,5083
69.81,5082
71.43,5081
71.45,5080
71.45,5079
71.46,5078
71.46,5077
71.48,5076
71.55,5075
71.56,5074
71.61,5073
71.62,5072
71.64,5071
71.96,5070
71.97,5069
72.80,5068
72.80,5067
72.80,5066
73.57,5065
73.59,5064
73.65,5063
73.65,5062
73.65,5061
73.72,5060
73.91,5059
73.98,5058
74.02,5057
74.02,5056
74.03,5055
74.09,5054
74.93,5053
74.93,5052
74.98,5051
75.01,5050
75.03,5049
75.03,5048
75.12,5047
75.12,5046
75.13,5045
75.15,5044
75.17,5043
75.17,5042
75.20,5041
75.29,5040
75.29,5039
76.69,5038
76.73,5037
76.75,5036
76.76,5035
76.77,5034
76.77,5033
76.79,5032
77.34,5031
77.35,5030
78.50,5029
78.51,5028
78.51,5027
78.52,5026
78.52,5025
78.53,5024
79.10,5023
79.11,5022
79.16,5021
79.25,5020
79.27,5019
79.28,5018
79.38,5017
79.40,5016
80.55,5015
80.57,5014
80.58,5013
80.69,5012
80.70,5011
80.70,5010
80.83,5009
80.84,5008
80.85,5007
80.90,5006
80.91,5005
80.91,5004
82.30,5003
82.45,5002
82.92,5001
83.16,5000
83.26,4999
83.27,4998
83.37,4997
83.37,4996
83.70,4995
83.70,4994
83.71,4993
83.75,4992
83.75,4991
83.76,4990
83.82,4989
84.19,4988
84.29,4987
84.59,4986
84.61,4985
86.21,4984
86.34,4983
86.47,4982
87.41,4981
87.43,4980
87.44,4979
87.51,4978
87.65,4977
87.68,4976
87.69,4975
87.70,4974
91.08,4973
91.57,4972
91.61,4971
91.64,4970
91.68,4969
91.73,4968
92.55,4967
92.61,4966
92.62,4965
92.67,4964
92.77,4963
92.77,4962
92.84,4961
92.94,4960
92.95,4959
93.03,4958
93.24,4957
93.25,4956
93.30,4955
94.01,4954
94.19,4953
94.61,4952
94.63,4951
94.68,4950
94.68,4949
94.73,4948
103.61,4947
105.24,4946
105.25,4945
105.26,4944
105.28,4943
105.29,4942
105.89,4941
105.96,4940
105.98,4939
106.11,4938
106.15,4937
106.46,4936
108.40,4935
108.53,4934
108.82,4933
108.98,4932
112.34,4931
112.46,4930
113.08,4929
113.09,4928
113.11,4927
114.54,4926
114.54,4925
115.92,4924
115.93,4923
115.95,4922
115.95,4921
116.02,4920
116.03,4919
128.94,4918
128.97,4917
129.04,4916
129.04,4915
129.11,4914
129.17,4913
129.74,4912
129.78,4911
129.85,4910
133.83,4909
133.86,4908
134.04,4907
134.15,4906
134.18,4905
134.20,4904
134.21,4903
135.69,4902
135.69,4901
136.08,4900
149.57,4899
149.57,4898
149.58,4897
149.65,4896
153.14,4895
153.16,4894
153.49,4893
160.03,4892
168.04,4891
168.06,4890
168.41,4889
180.16,4888
184.44,4887
196.95,4886
204.31,4885
210.93,4884
211.01,4883
213.82,4882
213.84,4881
215.37,4880
215.44,4879
220.29,4878
518.11,4877
887.18,4876
887.36,4875
