0.00,5890
1.22,5889
1.43,5888
1.68,5887
1.79,5886
1.89,5885
2.14,5884
2.55,5883
3.02,5882
3.78,5881
4.52,5880
4.98,5879
5.44,5878
5.76,5877
6.54,5876
6.90,5875
7.42,5874
7.94,5873
8.10,5872
8.57,5871
8.78,5870
9.20,5869
9.40,5868
10.97,5867
11.37,5866
11.77,5865
12.12,5864
12.37,5863
12.57,5862
12.67,5861
12.87,5860
13.02,5859
13.27,5858
13.57,5857
13.84,5856
14.05,5855
14.35,5854
14.66,5853
14.81,5852
15.17,5851
15.58,5850
15.84,5849
16.26,5848
17.19,5847
18.34,5846
18.45,5845
18.87,5844
19.84,5843
20.25,5842
20.36,5841
20.46,5840
20.56,5839
20.87,5838
21.08,5837
21.49,5836
21.70,5835
22.02,5834
22.28,5833
22.83,5832
23.68,5831
23.88,5830
24.83,5829
25.50,5828
26.11,5827
26.26,5826
26.47,5825
26.67,5824
26.93,5823
27.65,5822
27.86,5821
27.96,5820
28.26,5819
28.37,5818
28.52,5817
28.73,5816
28.83,5815
28.99,5814
29.59,5813
29.99,5812
30.19,5811
30.49,5810
30.96,5809
31.06,5808
31.62,5807
32.15,5806
32.41,5805
32.51,5804
32.72,5803
32.82,5802
32.98,5801
33.08,5800
33.28,5799
33.98,5798
35.02,5797
35.17,5796
35.69,5795
36.12,5794
36.49,5793
36.95,5792
37.21,5791
37.98,5790
38.38,5789
38.49,5788
38.59,5787
38.69,5786
39.05,5785
39.35,5784
39.71,5783
40.02,5782
40.38,5781
40.49,5780
40.80,5779
41.25,5778
42.12,5777
42.48,5776
42.68,5775
42.88,5774
43.43,5773
44.14,5772
44.35,5771
44.50,5770
44.66,5769
44.96,5768
45.11,5767
45.57,5766
46.04,5765
47.05,5764
47.67,5763
47.83,5762
48.40,5761
48.71,5760
49.12,5759
49.48,5758
49.63,5757
50.29,5756
50.55,5755
50.71,5754
50.96,5753
51.32,5752
51.58,5751
51.93,5750
52.39,5749
53.05,5748
53.30,5747
53.45,5746
54.11,5745
54.48,5744
54.88,5743
55.24,5742
55.39,5741
56.26,5740
56.41,5739
57.08,5738
57.43,5737
57.69,5736
58.04,5735
58.61,5734
59.13,5733
59.23,5732
59.39,5731
59.95,5730
60.05,5729
60.15,5728
60.51,5727
60.92,5726
61.18,5725
61.60,5724
62.06,5723
62.36,5722
62.46,5721
62.97,5720
63.77,5719
64.48,5718
64.63,5717
64.89,5716
65.14,5715
65.24,5714
65.39,5713
65.85,5712
66.38,5711
67.04,5710
67.52,5709
68.04,5708
68.81,5707
69.02,5706
69.33,5705
70.14,5704
70.29,5703
70.44,5702
70.65,5701
70.90,5700
71.00,5699
71.11,5698
71.42,5697
71.91,5696
72.01,5695
72.32,5694
73.03,5693
74.10,5692
75.47,5691
75.88,5690
76.23,5689
76.38,5688
76.79,5687
76.90,5686
77.30,5685
78.12,5684
78.62,5683
78.77,5682
79.49,5681
79.60,5680
79.75,5679
79.90,5678
80.06,5677
80.41,5676
80.93,5675
81.40,5674
81.72,5673
82.08,5672
82.81,5671
82.96,5670
83.17,5669
83.68,5668
84.46,5667
84.72,5666
85.15,5665
85.66,5664
85.87,5663
86.13,5662
86.81,5661
87.02,5660
87.12,5659
87.58,5658
87.74,5657
87.84,5656
88.24,5655
88.69,5654
88.95,5653
89.05,5652
89.51,5651
89.61,5650
89.86,5649
90.17,5648
90.37,5647
90.73,5646
90.83,5645
91.28,5644
91.39,5643
91.85,5642
92.32,5641
92.58,5640
92.93,5639
93.18,5638
93.79,5637
94.04,5636
94.19,5635
94.47,5634
94.73,5633
94.99,5632
96.26,5631
96.36,5630
96.92,5629
97.03,5628
97.79,5627
97.94,5626
98.34,5625
98.74,5624
98.94,5623
99.91,5622
100.21,5621
100.42,5620
100.62,5619
101.00,5618
101.20,5617
101.66,5616
101.81,5615
101.96,5614
102.16,5613
102.37,5612
103.03,5611
103.71,5610
103.97,5609
104.07,5608
105.26,5607
105.63,5606
105.89,5605
106.14,5604
106.25,5603
106.45,5602
106.76,5601
107.07,5600
107.85,5599
108.05,5598
108.62,5597
108.99,5596
109.73,5595
109.83,5594
110.14,5593
110.29,5592
110.70,5591
111.53,5590
111.89,5589
112.47,5588
112.72,5587
112.82,5586
113.22,5585
114.18,5584
114.49,5583
114.69,5582
115.09,5581
116.06,5580
116.41,5579
116.86,5578
117.16,5577
117.37,5576
117.57,5575
117.68,5574
118.24,5573
118.81,5572
119.38,5571
119.64,5570
119.84,5569
119.99,5568
120.35,5567
121.11,5566
121.66,5565
122.02,5564
122.17,5563
122.68,5562
124.10,5561
124.62,5560
124.72,5559
124.97,5558
125.64,5557
125.89,5556
125.99,5555
126.44,5554
126.55,5553
126.75,5552
127.71,5551
128.36,5550
128.52,5549
129.33,5548
129.49,5547
129.63,5546
130.14,5545
131.00,5544
131.10,5543
131.40,5542
132.01,5541
132.26,5540
132.37,5539
132.48,5538
132.63,5537
132.94,5536
133.63,5535
134.47,5534
134.58,5533
134.73,5532
134.99,5531
135.81,5530
136.16,5529
136.57,5528
136.82,5527
138.60,5526
138.85,5525
139.01,5524
139.31,5523
139.67,5522
140.52,5521
140.68,5520
141.35,5519
141.45,5518
141.86,5517
142.07,5516
142.17,5515
142.38,5514
142.74,5513
143.14,5512
143.65,5511
144.12,5510
144.37,5509
144.52,5508
145.28,5507
145.48,5506
145.58,5505
145.83,5504
146.03,5503
146.54,5502
146.69,5501
147.19,5500
147.34,5499
147.80,5498
148.01,5497
148.81,5496
148.96,5495
149.47,5494
149.73,5493
149.82,5492
150.33,5491
150.63,5490
150.78,5489
151.68,5488
151.84,5487
152.40,5486
153.12,5485
153.64,5484
154.19,5483
154.59,5482
155.15,5481
155.25,5480
155.55,5479
155.80,5478
156.05,5477
156.20,5476
156.71,5475
157.26,5474
157.61,5473
157.92,5472
158.42,5471
158.52,5470
158.62,5469
158.77,5468
159.12,5467
159.42,5466
159.72,5465
160.33,5464
161.08,5463
162.18,5462
162.28,5461
162.48,5460
163.30,5459
163.86,5458
164.26,5457
164.41,5456
164.86,5455
165.16,5454
165.46,5453
166.11,5452
166.36,5451
167.53,5450
167.73,5449
168.63,5448
169.03,5447
169.13,5446
169.29,5445
169.64,5444
169.75,5443
170.00,5442
170.10,5441
170.20,5440
170.55,5439
171.26,5438
171.56,5437
171.71,5436
172.06,5435
173.17,5434
174.22,5433
174.42,5432
175.27,5431
175.42,5430
175.98,5429
176.58,5428
177.43,5427
177.73,5426
177.93,5425
178.23,5424
178.38,5423
178.68,5422
179.79,5421
179.90,5420
180.50,5419
180.60,5418
180.75,5417
181.10,5416
181.20,5415
182.75,5414
183.05,5413
183.70,5412
183.95,5411
184.25,5410
184.35,5409
185.05,5408
185.20,5407
185.40,5406
185.75,5405
185.85,5404
186.20,5403
186.65,5402
187.15,5401
187.30,5400
187.46,5399
187.60,5398
188.86,5397
188.95,5396
189.25,5395
189.76,5394
190.12,5393
190.27,5392
190.78,5391
191.04,5390
191.24,5389
191.34,5388
191.82,5387
192.73,5386
192.99,5385
193.14,5384
193.40,5383
193.65,5382
193.75,5381
193.90,5380
194.10,5379
194.86,5378
195.40,5377
195.70,5376
195.80,5375
196.35,5374
196.70,5373
196.85,5372
197.15,5371
198.15,5370
198.30,5369
198.55,5368
198.75,5367
199.05,5366
199.45,5365
199.55,5364
199.65,5363
199.80,5362
200.73,5361
200.93,5360
201.27,5359
201.42,5358
201.67,5357
201.92,5356
202.47,5355
202.72,5354
203.22,5353
204.07,5352
204.27,5351
204.38,5350
204.62,5349
204.92,5348
205.47,5347
205.62,5346
205.72,5345
206.52,5344
206.67,5343
206.92,5342
207.12,5341
207.61,5340
208.37,5339
208.94,5338
209.24,5337
209.50,5336
209.65,5335
210.05,5334
210.54,5333
210.69,5332
211.14,5331
211.39,5330
211.99,5329
212.23,5328
212.58,5327
213.29,5326
214.29,5325
214.44,5324
214.64,5323
215.14,5322
215.44,5321
215.69,5320
215.84,5319
216.79,5318
217.08,5317
217.18,5316
217.33,5315
218.23,5314
218.77,5313
218.98,5312
219.07,5311
220.02,5310
220.47,5309
221.86,5308
222.01,5307
222.31,5306
222.47,5305
223.12,5304
223.27,5303
223.62,5302
223.97,5301
224.63,5300
224.73,5299
224.83,5298
224.93,5297
225.08,5296
225.28,5295
225.53,5294
225.84,5293
226.48,5292
226.88,5291
227.18,5290
227.48,5289
227.78,5288
227.93,5287
228.58,5286
228.72,5285
229.92,5284
230.58,5283
230.68,5282
230.88,5281
231.29,5280
232.35,5279
232.45,5278
232.90,5277
234.12,5276
235.16,5275
235.31,5274
235.57,5273
236.74,5272
237.45,5271
237.61,5270
239.04,5269
240.11,5268
240.26,5267
240.56,5266
240.92,5265
241.53,5264
242.09,5263
242.77,5262
242.88,5261
243.04,5260
243.64,5259
243.84,5258
244.95,5257
245.09,5256
245.34,5255
245.50,5254
245.70,5253
246.10,5252
246.30,5251
246.60,5250
247.35,5249
247.50,5248
247.75,5247
247.97,5246
248.27,5245
248.77,5244
249.13,5243
249.34,5242
249.61,5241
249.76,5240
250.21,5239
250.31,5238
250.61,5237
251.12,5236
251.22,5235
251.68,5234
251.88,5233
252.09,5232
252.19,5231
252.55,5230
253.36,5229
253.98,5228
254.37,5227
254.52,5226
255.11,5225
255.57,5224
255.97,5223
256.58,5222
256.79,5221
257.10,5220
257.25,5219
258.11,5218
258.57,5217
258.83,5216
258.98,5215
259.14,5214
259.60,5213
260.06,5212
260.16,5211
260.87,5210
261.57,5209
261.72,5208
261.92,5207
262.02,5206
262.27,5205
263.09,5204
263.60,5203
263.81,5202
264.42,5201
265.07,5200
265.72,5199
265.82,5198
267.08,5197
267.32,5196
267.77,5195
268.02,5194
268.72,5193
268.97,5192
269.32,5191
269.72,5190
270.43,5189
270.68,5188
271.78,5187
271.93,5186
272.08,5185
272.62,5184
272.73,5183
273.08,5182
274.33,5181
274.73,5180
274.83,5179
275.19,5178
275.84,5177
277.00,5176
277.30,5175
278.39,5174
279.35,5173
279.71,5172
280.21,5171
280.47,5170
281.04,5169
281.19,5168
281.39,5167
281.95,5166
282.25,5165
282.70,5164
282.85,5163
283.10,5162
283.74,5161
284.04,5160
284.24,5159
284.74,5158
284.98,5157
286.13,5156
286.68,5155
286.99,5154
287.55,5153
289.05,5152
289.15,5151
289.25,5150
289.35,5149
289.70,5148
290.20,5147
290.45,5146
290.55,5145
291.93,5144
292.32,5143
292.47,5142
293.22,5141
293.52,5140
293.67,5139
294.02,5138
294.12,5137
294.42,5136
294.57,5135
295.02,5134
295.32,5133
295.47,5132
295.72,5131
295.92,5130
296.42,5129
296.56,5128
297.01,5127
297.21,5126
297.51,5125
298.11,5124
299.05,5123
300.09,5122
300.19,5121
300.79,5120
301.04,5119
301.19,5118
302.24,5117
302.54,5116
303.14,5115
303.54,5114
304.14,5113
304.25,5112
304.75,5111
306.00,5110
306.67,5109
306.82,5108
306.92,5107
307.28,5106
307.94,5105
308.04,5104
308.30,5103
308.61,5102
310.50,5101
310.85,5100
311.25,5099
311.41,5098
311.62,5097
311.77,5096
312.72,5095
313.61,5094
314.31,5093
314.84,5092
315.14,5091
315.34,5090
315.49,5089
315.64,5088
315.75,5087
316.01,5086
316.15,5085
316.31,5084
316.56,5083
316.66,5082
316.92,5081
317.07,5080
317.58,5079
319.05,5078
319.20,5077
319.61,5076
319.96,5075
320.12,5074
320.27,5073
321.43,5072
322.03,5071
322.39,5070
322.69,5069
323.11,5068
323.60,5067
323.95,5066
324.51,5065
325.91,5064
326.10,5063
326.71,5062
327.75,5061
327.85,5060
328.40,5059
329.16,5058
329.36,5057
329.56,5056
329.66,5055
329.87,5054
330.02,5053
330.12,5052
330.48,5051
331.54,5050
332.41,5049
333.46,5048
334.31,5047
334.81,5046
335.21,5045
335.40,5044
335.60,5043
336.15,5042
337.25,5041
337.90,5040
338.49,5039
339.19,5038
339.54,5037
