0.00,5907
0.11,5906
0.34,5905
0.55,5904
0.80,5903
1.57,5902
1.80,5901
2.08,5900
2.47,5899
2.75,5898
4.00,5897
4.22,5896
4.38,5895
4.81,5894
5.06,5893
5.35,5892
5.56,5891
5.99,5890
6.61,5889
6.91,5888
7.39,5887
7.59,5886
8.19,5885
8.29,5884
8.87,5883
8.96,5882
9.39,5881
9.48,5880
9.64,5879
9.82,5878
10.12,5877
10.59,5876
10.92,5875
11.25,5874
12.00,5873
12.17,5872
12.75,5871
12.85,5870
12.96,5869
13.36,5868
13.76,5867
14.07,5866
14.24,5865
14.47,5864
14.88,5863
15.07,5862
15.23,5861
15.74,5860
16.05,5859
16.54,5858
16.96,5857
17.70,5856
18.96,5855
19.54,5854
20.16,5853
20.34,5852
20.57,5851
20.75,5850
21.43,5849
21.54,5848
21.65,5847
22.11,5846
22.25,5845
22.49,5844
22.71,5843
23.21,5842
23.81,5841
23.92,5840
24.09,5839
24.42,5838
24.64,5837
25.09,5836
25.26,5835
25.53,5834
25.64,5833
25.91,5832
26.18,5831
26.81,5830
27.19,5829
27.48,5828
27.79,5827
28.12,5826
28.33,5825
28.84,5824
29.33,5823
29.98,5822
30.09,5821
30.52,5820
30.63,5819
30.74,5818
30.90,5817
31.07,5816
31.18,5815
31.44,5814
31.60,5813
31.81,5812
32.23,5811
32.56,5810
33.04,5809
33.26,5808
33.67,5807
33.97,5806
35.06,5805
35.37,5804
35.71,5803
36.02,5802
36.82,5801
37.19,5800
38.00,5799
39.09,5798
39.87,5797
40.23,5796
40.39,5795
40.71,5794
41.04,5793
41.21,5792
41.47,5791
41.79,5790
41.89,5789
42.00,5788
42.43,5787
42.80,5786
42.97,5785
43.52,5784
44.49,5783
44.64,5782
44.97,5781
45.30,5780
45.67,5779
46.08,5778
46.80,5777
46.90,5776
47.12,5775
47.22,5774
47.55,5773
47.92,5772
48.76,5771
48.88,5770
49.07,5769
49.21,5768
49.75,5767
50.02,5766
50.23,5765
50.43,5764
51.05,5763
51.26,5762
51.37,5761
51.65,5760
52.73,5759
54.22,5758
54.79,5757
54.90,5756
55.23,5755
55.34,5754
55.73,5753
56.10,5752
56.43,5751
56.53,5750
56.80,5749
57.12,5748
57.27,5747
58.14,5746
58.36,5745
58.83,5744
59.09,5743
59.30,5742
59.40,5741
59.77,5740
59.87,5739
60.09,5738
60.25,5737
60.36,5736
60.47,5735
61.06,5734
61.31,5733
61.68,5732
62.05,5731
62.36,5730
62.63,5729
63.10,5728
63.41,5727
63.62,5726
64.14,5725
64.30,5724
64.61,5723
65.04,5722
65.21,5721
65.47,5720
65.78,5719
65.99,5718
66.26,5717
67.14,5716
67.25,5715
67.86,5714
68.07,5713
68.74,5712
69.86,5711
69.96,5710
70.30,5709
70.41,5708
70.90,5707
71.37,5706
71.53,5705
72.18,5704
72.36,5703
72.46,5702
72.72,5701
72.82,5700
73.14,5699
73.56,5698
74.14,5697
74.29,5696
74.61,5695
74.76,5694
75.05,5693
75.49,5692
75.66,5691
75.82,5690
76.10,5689
77.57,5688
78.01,5687
78.17,5686
78.60,5685
78.88,5684
79.23,5683
80.03,5682
80.16,5681
80.33,5680
80.56,5679
80.95,5678
81.23,5677
81.44,5676
82.10,5675
82.72,5674
82.83,5673
82.94,5672
83.20,5671
83.57,5670
83.83,5669
84.24,5668
84.35,5667
84.65,5666
84.99,5665
85.49,5664
85.71,5663
85.85,5662
86.03,5661
86.29,5660
86.85,5659
87.52,5658
87.93,5657
88.04,5656
88.19,5655
88.65,5654
88.81,5653
88.91,5652
89.53,5651
89.99,5650
90.36,5649
90.92,5648
91.32,5647
91.73,5646
91.89,5645
92.25,5644
92.56,5643
92.96,5642
93.17,5641
93.48,5640
93.68,5639
94.15,5638
94.36,5637
94.83,5636
95.25,5635
95.51,5634
95.94,5633
96.35,5632
97.01,5631
97.11,5630
97.36,5629
97.47,5628
97.82,5627
97.97,5626
98.28,5625
99.36,5624
99.57,5623
100.24,5622
100.44,5621
100.90,5620
101.10,5619
101.20,5618
101.86,5617
102.42,5616
103.00,5615
103.37,5614
103.88,5613
104.18,5612
104.28,5611
104.39,5610
104.82,5609
105.02,5608
105.12,5607
105.77,5606
105.98,5605
106.12,5604
106.60,5603
106.77,5602
107.19,5601
107.58,5600
107.67,5599
108.15,5598
108.25,5597
110.07,5596
110.34,5595
110.51,5594
110.79,5593
110.99,5592
111.49,5591
111.65,5590
111.76,5589
111.87,5588
112.22,5587
113.79,5586
114.05,5585
114.22,5584
114.76,5583
114.99,5582
115.10,5581
115.73,5580
115.83,5579
116.23,5578
116.59,5577
117.52,5576
117.83,5575
118.08,5574
118.26,5573
118.49,5572
118.82,5571
119.54,5570
119.74,5569
120.07,5568
120.39,5567
120.72,5566
120.83,5565
121.03,5564
121.63,5563
122.00,5562
122.35,5561
122.51,5560
122.94,5559
123.10,5558
123.22,5557
123.39,5556
123.66,5555
124.55,5554
124.77,5553
124.87,5552
125.10,5551
125.29,5550
125.89,5549
126.35,5548
126.79,5547
127.24,5546
127.95,5545
128.40,5544
128.76,5543
129.75,5542
130.01,5541
130.48,5540
130.59,5539
130.98,5538
131.09,5537
131.32,5536
131.82,5535
132.05,5534
132.28,5533
132.43,5532
133.33,5531
133.60,5530
134.26,5529
134.37,5528
134.47,5527
135.21,5526
135.39,5525
135.55,5524
136.08,5523
136.47,5522
136.77,5521
136.87,5520
137.32,5519
137.81,5518
137.91,5517
139.32,5516
139.47,5515
139.60,5514
139.70,5513
139.85,5512
140.43,5511
140.88,5510
141.04,5509
141.15,5508
141.35,5507
141.56,5506
142.11,5505
142.92,5504
143.23,5503
143.67,5502
144.80,5501
145.28,5500
145.44,5499
145.59,5498
145.70,5497
145.85,5496
146.83,5495
146.93,5494
147.15,5493
147.43,5492
147.54,5491
147.65,5490
147.85,5489
148.09,5488
148.22,5487
148.60,5486
148.77,5485
148.93,5484
149.20,5483
149.64,5482
149.96,5481
150.12,5480
150.67,5479
150.86,5478
151.36,5477
153.06,5476
153.16,5475
153.33,5474
153.54,5473
153.90,5472
154.31,5471
155.20,5470
155.82,5469
156.22,5468
156.42,5467
157.29,5466
157.55,5465
158.37,5464
158.48,5463
158.59,5462
159.12,5461
159.23,5460
159.39,5459
159.55,5458
160.61,5457
160.82,5456
160.98,5455
161.14,5454
161.45,5453
161.89,5452
162.84,5451
163.22,5450
163.60,5449
163.76,5448
164.03,5447
164.14,5446
164.46,5445
164.63,5444
164.74,5443
165.01,5442
165.74,5441
166.42,5440
167.04,5439
167.25,5438
167.67,5437
168.00,5436
168.67,5435
168.77,5434
169.19,5433
169.82,5432
170.29,5431
170.40,5430
170.51,5429
170.72,5428
170.87,5427
171.08,5426
171.23,5425
171.54,5424
171.85,5423
172.43,5422
173.07,5421
173.59,5420
173.94,5419
174.20,5418
174.67,5417
174.94,5416
175.04,5415
175.35,5414
175.87,5413
176.47,5412
177.13,5411
177.32,5410
177.58,5409
178.12,5408
178.87,5407
179.38,5406
179.64,5405
181.27,5404
181.42,5403
181.57,5402
181.68,5401
182.27,5400
182.43,5399
182.73,5398
183.09,5397
183.29,5396
183.59,5395
184.05,5394
184.66,5393
185.07,5392
185.51,5391
185.72,5390
186.19,5389
186.52,5388
186.77,5387
187.53,5386
188.15,5385
189.57,5384
189.67,5383
190.37,5382
190.54,5381
190.69,5380
191.55,5379
191.71,5378
192.53,5377
192.75,5376
192.86,5375
193.17,5374
193.70,5373
193.81,5372
194.59,5371
194.70,5370
195.11,5369
195.27,5368
195.52,5367
195.62,5366
195.93,5365
196.33,5364
196.43,5363
196.53,5362
196.78,5361
196.88,5360
197.10,5359
197.21,5358
197.93,5357
198.22,5356
198.53,5355
198.68,5354
198.79,5353
198.97,5352
199.61,5351
199.92,5350
200.50,5349
201.00,5348
201.71,5347
202.10,5346
202.32,5345
202.48,5344
202.98,5343
203.17,5342
203.88,5341
204.47,5340
205.35,5339
205.86,5338
206.01,5337
206.75,5336
207.07,5335
207.47,5334
207.83,5333
208.09,5332
208.34,5331
208.60,5330
209.28,5329
210.52,5328
211.04,5327
211.58,5326
211.79,5325
213.20,5324
214.32,5323
214.43,5322
214.93,5321
215.49,5320
216.41,5319
216.61,5318
216.86,5317
217.06,5316
217.26,5315
217.46,5314
218.17,5313
218.28,5312
219.39,5311
220.93,5310
221.94,5309
222.20,5308
222.41,5307
222.53,5306
222.80,5305
223.02,5304
223.24,5303
223.33,5302
223.67,5301
223.82,5300
223.95,5299
224.08,5298
224.85,5297
225.69,5296
225.80,5295
226.26,5294
227.02,5293
228.07,5292
228.59,5291
229.01,5290
229.26,5289
229.64,5288
230.43,5287
230.64,5286
230.84,5285
231.16,5284
231.43,5283
231.70,5282
231.90,5281
232.00,5280
232.16,5279
232.31,5278
232.52,5277
232.62,5276
233.18,5275
233.38,5274
233.69,5273
233.95,5272
234.15,5271
234.27,5270
234.59,5269
236.05,5268
236.60,5267
236.85,5266
236.95,5265
237.05,5264
237.89,5263
238.25,5262
238.46,5261
238.62,5260
238.77,5259
239.34,5258
239.64,5257
240.05,5256
240.20,5255
240.52,5254
240.62,5253
240.83,5252
241.11,5251
241.42,5250
241.62,5249
241.82,5248
242.23,5247
242.48,5246
243.44,5245
243.76,5244
243.85,5243
244.23,5242
244.86,5241
245.23,5240
245.38,5239
245.53,5238
245.69,5237
245.91,5236
246.44,5235
247.13,5234
247.34,5233
247.58,5232
247.71,5231
247.97,5230
248.28,5229
248.42,5228
248.96,5227
249.36,5226
249.65,5225
249.84,5224
249.99,5223
250.09,5222
250.37,5221
251.02,5220
251.88,5219
252.23,5218
252.48,5217
253.43,5216
253.53,5215
253.62,5214
253.75,5213
254.17,5212
254.46,5211
254.63,5210
254.79,5209
255.76,5208
256.04,5207
256.39,5206
257.05,5205
257.16,5204
257.36,5203
258.06,5202
258.16,5201
259.00,5200
260.16,5199
260.27,5198
260.80,5197
262.11,5196
262.28,5195
262.55,5194
262.65,5193
262.87,5192
263.09,5191
263.48,5190
263.59,5189
263.86,5188
264.14,5187
264.62,5186
264.73,5185
265.01,5184
265.22,5183
265.47,5182
265.98,5181
266.24,5180
266.72,5179
267.25,5178
267.35,5177
267.66,5176
267.99,5175
268.92,5174
269.13,5173
269.90,5172
270.13,5171
270.34,5170
270.78,5169
271.01,5168
271.61,5167
271.93,5166
273.72,5165
273.93,5164
274.09,5163
274.20,5162
274.57,5161
275.22,5160
275.44,5159
275.60,5158
275.80,5157
276.13,5156
277.23,5155
277.46,5154
277.56,5153
277.78,5152
277.89,5151
278.21,5150
278.31,5149
278.70,5148
279.41,5147
279.85,5146
280.65,5145
281.93,5144
282.56,5143
282.71,5142
283.15,5141
283.86,5140
284.02,5139
284.39,5138
284.55,5137
284.99,5136
285.38,5135
285.77,5134
285.93,5133
286.14,5132
286.61,5131
286.83,5130
287.06,5129
288.00,5128
288.63,5127
288.74,5126
289.46,5125
289.77,5124
290.29,5123
291.51,5122
291.67,5121
291.77,5120
293.09,5119
293.30,5118
293.72,5117
294.33,5116
295.21,5115
295.51,5114
296.03,5113
296.71,5112
296.92,5111
297.19,5110
297.59,5109
298.04,5108
298.59,5107
298.81,5106
299.15,5105
299.44,5104
299.61,5103
299.75,5102
301.05,5101
301.27,5100
301.38,5099
301.64,5098
301.74,5097
302.06,5096
302.83,5095
303.05,5094
303.29,5093
304.31,5092
304.41,5091
304.87,5090
305.99,5089
306.39,5088
306.55,5087
306.66,5086
307.14,5085
307.81,5084
308.43,5083
309.12,5082
309.37,5081
309.82,5080
310.66,5079
311.01,5078
311.21,5077
311.41,5076
311.62,5075
313.23,5074
313.61,5073
313.73,5072
314.39,5071
314.95,5070
315.48,5069
316.12,5068
316.39,5067
316.57,5066
316.68,5065
316.90,5064
317.29,5063
317.78,5062
318.03,5061
318.30,5060
318.56,5059
318.94,5058
319.40,5057
319.61,5056
320.33,5055
320.77,5054
321.27,5053
321.52,5052
322.08,5051
322.33,5050
322.54,5049
323.43,5048
323.74,5047
324.46,5046
324.56,5045
325.27,5044
327.36,5043
327.47,5042
327.62,5041
327.73,5040
328.79,5039
331.14,5038
331.25,5037
332.36,5036
333.46,5035
333.79,5034
334.69,5033
335.13,5032
335.34,5031
335.50,5030
335.88,5029
336.08,5028
338.49,5027
339.26,5026
339.59,5025
339.75,5024
340.10,5023
340.25,5022
340.41,5021
340.99,5020
341.41,5019
342.47,5018
342.68,5017
343.15,5016
343.40,5015
343.89,5014
344.29,5013
344.52,5012
345.45,5011
346.76,5010
347.09,5009
347.48,5008
349.21,5007
349.42,5006
349.96,5005
350.11,5004
350.53,5003
350.81,5002
351.10,5001
351.32,5000
351.68,4999
351.94,4998
353.07,4997
354.20,4996
354.55,4995
354.99,4994
355.80,4993
356.81,4992
