0.00,5879
0.35,5878
0.89,5877
1.04,5876
1.26,5875
1.69,5874
2.69,5873
3.27,5872
3.68,5871
4.00,5870
4.14,5869
4.64,5868
4.95,5867
5.70,5866
5.95,5865
8.27,5864
9.10,5863
9.43,5862
9.76,5861
10.23,5860
12.71,5859
13.67,5858
14.65,5857
15.63,5856
17.24,5855
17.64,5854
18.15,5853
18.89,5852
19.74,5851
20.94,5850
21.90,5849
23.24,5848
25.69,5847
27.32,5846
288.35,5845
288.59,5844
288.81,5843
288.92,5842
289.07,5841
289.89,5840
290.47,5839
290.68,5838
291.16,5837
291.79,5836
292.11,5835
292.43,5834
293.12,5833
293.22,5832
293.38,5831
293.90,5830
294.00,5829
294.53,5828
294.79,5827
295.20,5826
295.46,5825
295.87,5824
296.07,5823
296.28,5822
296.54,5821
296.69,5820
297.04,5819
297.15,5818
297.41,5817
297.71,5816
298.89,5815
299.21,5814
299.54,5813
300.01,5812
300.64,5811
301.59,5810
302.70,5809
303.83,5808
319.51,5807
319.88,5806
320.04,5805
320.42,5804
320.68,5803
320.94,5802
321.14,5801
321.69,5800
322.16,5799
322.43,5798
322.79,5797
323.09,5796
323.45,5795
323.92,5794
324.08,5793
324.44,5792
324.79,5791
324.90,5790
325.05,5789
325.46,5788
325.82,5787
327.35,5786
327.50,5785
327.65,5784
327.90,5783
328.00,5782
328.21,5781
328.92,5780
329.20,5779
331.93,5778
333.98,5777
334.46,5776
335.74,5775
336.40,5774
337.63,5773
337.95,5772
339.22,5771
339.54,5770
342.55,5769
343.34,5768
343.81,5767
344.91,5766
346.19,5765
346.50,5764
348.56,5763
350.04,5762
350.61,5761
350.93,5760
351.71,5759
352.18,5758
353.12,5757
355.27,5756
392.39,5755
392.76,5754
392.93,5753
393.34,5752
393.86,5751
393.97,5750
394.08,5749
394.47,5748
394.89,5747
395.48,5746
395.87,5745
396.35,5744
396.83,5743
397.66,5742
397.83,5741
398.09,5740
398.24,5739
398.50,5738
398.93,5737
399.25,5736
399.45,5735
399.63,5734
400.46,5733
400.78,5732
401.09,5731
401.52,5730
401.62,5729
401.73,5728
401.94,5727
402.15,5726
402.93,5725
403.26,5724
404.36,5723
404.86,5722
405.52,5721
406.05,5720
407.27,5719
411.28,5718
411.94,5717
412.26,5716
412.74,5715
413.68,5714
413.99,5713
414.62,5712
414.95,5711
416.22,5710
419.70,5709
420.01,5708
420.50,5707
421.61,5706
422.10,5705
422.57,5704
423.21,5703
424.03,5702
424.36,5701
425.00,5700
425.32,5699
425.96,5698
426.75,5697
427.53,5696
428.00,5695
428.47,5694
429.73,5693
434.75,5692
436.47,5691
436.95,5690
437.57,5689
439.76,5688
440.24,5687
