0.00,5842
0.30,5841
0.64,5840
1.45,5839
2.32,5838
3.09,5837
3.67,5836
4.08,5835
4.48,5834
4.81,5833
5.02,5832
5.18,5831
5.96,5830
6.18,5829
6.46,5828
6.67,5827
6.95,5826
7.27,5825
7.44,5824
7.87,5823
8.04,5822
8.15,5821
8.32,5820
8.77,5819
9.57,5818
10.00,5817
10.17,5816
10.61,5815
11.09,5814
12.82,5813
14.01,5812
14.24,5811
14.98,5810
15.09,5809
15.25,5808
15.68,5807
15.90,5806
16.34,5805
16.45,5804
16.61,5803
16.94,5802
17.15,5801
17.87,5800
18.74,5799
19.51,5798
19.84,5797
20.37,5796
20.47,5795
20.84,5794
21.28,5793
21.77,5792
21.93,5791
22.30,5790
22.63,5789
23.18,5788
23.56,5787
23.65,5786
24.39,5785
24.79,5784
26.18,5783
26.29,5782
26.40,5781
26.50,5780
26.83,5779
27.15,5778
27.31,5777
27.53,5776
27.70,5775
27.92,5774
28.30,5773
28.99,5772
29.81,5771
30.13,5770
30.46,5769
30.63,5768
30.73,5767
31.32,5766
31.43,5765
32.02,5764
32.44,5763
32.77,5762
33.04,5761
33.16,5760
33.37,5759
33.48,5758
33.71,5757
34.38,5756
34.55,5755
35.26,5754
35.65,5753
35.93,5752
36.69,5751
37.08,5750
37.57,5749
37.73,5748
38.12,5747
38.34,5746
39.35,5745
39.46,5744
40.75,5743
41.24,5742
41.48,5741
42.22,5740
42.79,5739
43.70,5738
43.81,5737
43.93,5736
44.25,5735
45.20,5734
45.61,5733
46.33,5732
46.60,5731
47.35,5730
47.52,5729
47.83,5728
47.95,5727
48.12,5726
48.64,5725
48.82,5724
48.99,5723
49.27,5722
49.95,5721
50.87,5720
51.89,5719
52.64,5718
53.16,5717
53.27,5716
53.67,5715
54.07,5714
54.42,5713
54.77,5712
56.09,5711
56.55,5710
57.58,5709
57.92,5708
58.49,5707
58.57,5706
58.67,5705
58.85,5704
58.94,5703
59.25,5702
59.68,5701
59.95,5700
60.46,5699
61.02,5698
61.89,5697
63.36,5696
63.59,5695
63.70,5694
63.88,5693
64.17,5692
64.77,5691
64.89,5690
65.12,5689
65.37,5688
65.70,5687
65.89,5686
66.27,5685
66.69,5684
67.46,5683
67.72,5682
67.95,5681
68.07,5680
68.18,5679
69.94,5678
70.11,5677
70.46,5676
70.63,5675
70.92,5674
71.90,5673
72.01,5672
72.12,5671
72.29,5670
72.55,5669
72.79,5668
73.00,5667
73.46,5666
73.57,5665
73.96,5664
74.81,5663
75.28,5662
76.37,5661
76.47,5660
76.93,5659
77.35,5658
77.94,5657
78.11,5656
78.34,5655
78.67,5654
79.25,5653
79.43,5652
79.54,5651
80.98,5650
81.28,5649
81.69,5648
82.80,5647
83.15,5646
84.35,5645
84.51,5644
84.75,5643
84.86,5642
85.15,5641
85.33,5640
85.45,5639
85.79,5638
86.81,5637
87.09,5636
87.20,5635
87.53,5634
87.65,5633
87.76,5632
87.93,5631
88.74,5630
88.91,5629
89.08,5628
89.20,5627
89.37,5626
89.76,5625
90.16,5624
90.51,5623
90.63,5622
90.74,5621
91.03,5620
91.44,5619
91.63,5618
92.09,5617
92.28,5616
92.39,5615
92.68,5614
92.80,5613
93.41,5612
93.59,5611
93.88,5610
94.87,5609
96.08,5608
96.43,5607
97.19,5606
97.96,5605
98.25,5604
98.49,5603
98.61,5602
98.85,5601
99.25,5600
99.37,5599
99.48,5598
99.78,5597
100.14,5596
100.37,5595
100.82,5594
101.00,5593
101.30,5592
101.46,5591
101.69,5590
102.33,5589
102.84,5588
103.21,5587
103.79,5586
104.08,5585
104.20,5584
104.74,5583
105.16,5582
105.38,5581
105.99,5580
106.37,5579
106.55,5578
106.80,5577
106.99,5576
107.15,5575
107.63,5574
107.96,5573
108.20,5572
108.48,5571
108.60,5570
108.92,5569
109.32,5568
109.62,5567
110.01,5566
110.41,5565
110.87,5564
111.04,5563
112.07,5562
112.46,5561
112.91,5560
113.14,5559
113.72,5558
113.94,5557
114.11,5556
114.51,5555
114.73,5554
115.35,5553
115.58,5552
115.69,5551
115.87,5550
116.42,5549
116.54,5548
117.00,5547
117.11,5546
117.45,5545
118.33,5544
118.72,5543
119.11,5542
119.72,5541
120.09,5540
120.23,5539
120.38,5538
120.49,5537
120.87,5536
120.99,5535
121.40,5534
121.51,5533
121.63,5532
121.86,5531
122.02,5530
123.62,5529
123.73,5528
123.96,5527
124.84,5526
125.32,5525
126.67,5524
127.13,5523
127.24,5522
127.59,5521
128.02,5520
128.47,5519
128.68,5518
129.07,5517
129.24,5516
129.48,5515
129.71,5514
130.22,5513
130.33,5512
130.93,5511
131.15,5510
131.57,5509
132.00,5508
132.33,5507
132.79,5506
133.35,5505
134.29,5504
134.46,5503
134.68,5502
135.20,5501
135.31,5500
135.84,5499
135.94,5498
136.40,5497
136.60,5496
136.80,5495
137.05,5494
137.30,5493
137.50,5492
137.71,5491
138.01,5490
138.62,5489
139.10,5488
139.62,5487
139.98,5486
140.18,5485
140.33,5484
140.94,5483
141.44,5482
141.86,5481
141.98,5480
142.43,5479
142.83,5478
143.06,5477
143.30,5476
143.72,5475
144.09,5474
144.63,5473
144.75,5472
144.92,5471
145.21,5470
145.80,5469
145.91,5468
146.19,5467
146.31,5466
147.63,5465
148.10,5464
148.84,5463
148.95,5462
149.50,5461
149.86,5460
149.96,5459
150.31,5458
150.60,5457
151.00,5456
151.26,5455
151.85,5454
152.55,5453
152.88,5452
153.32,5451
153.48,5450
154.09,5449
154.65,5448
154.80,5447
155.52,5446
155.87,5445
156.38,5444
156.54,5443
156.70,5442
156.98,5441
157.40,5440
157.62,5439
158.09,5438
158.47,5437
158.58,5436
158.68,5435
159.28,5434
159.63,5433
159.75,5432
159.85,5431
160.23,5430
160.43,5429
160.65,5428
160.93,5427
161.34,5426
161.84,5425
162.36,5424
162.46,5423
162.77,5422
163.04,5421
163.18,5420
163.43,5419
163.83,5418
163.94,5417
164.33,5416
164.55,5415
164.69,5414
165.01,5413
165.40,5412
165.54,5411
166.12,5410
166.33,5409
166.59,5408
167.01,5407
167.46,5406
167.55,5405
168.26,5404
168.37,5403
168.87,5402
169.07,5401
169.32,5400
169.72,5399
169.82,5398
171.23,5397
171.43,5396
171.58,5395
171.73,5394
172.24,5393
172.34,5392
172.44,5391
173.27,5390
173.97,5389
174.23,5388
174.50,5387
174.81,5386
175.02,5385
175.33,5384
176.74,5383
177.15,5382
177.26,5381
177.43,5380
177.84,5379
178.05,5378
178.29,5377
178.95,5376
179.83,5375
180.04,5374
180.39,5373
181.02,5372
181.22,5371
182.20,5370
182.40,5369
182.56,5368
182.66,5367
182.94,5366
183.29,5365
184.12,5364
184.30,5363
184.65,5362
184.99,5361
185.32,5360
185.43,5359
185.53,5358
185.75,5357
186.38,5356
186.52,5355
186.63,5354
187.26,5353
187.47,5352
187.58,5351
187.99,5350
189.23,5349
189.49,5348
189.74,5347
190.14,5346
190.45,5345
190.99,5344
192.19,5343
192.39,5342
192.88,5341
195.06,5340
195.16,5339
195.85,5338
196.06,5337
196.28,5336
197.25,5335
197.35,5334
197.61,5333
198.08,5332
198.27,5331
198.68,5330
198.83,5329
199.32,5328
199.57,5327
199.91,5326
201.20,5325
201.39,5324
201.54,5323
202.25,5322
202.41,5321
203.29,5320
203.45,5319
203.56,5318
203.84,5317
204.49,5316
205.09,5315
205.44,5314
205.78,5313
206.11,5312
206.52,5311
206.85,5310
207.48,5309
207.91,5308
208.89,5307
209.12,5306
209.60,5305
210.00,5304
210.48,5303
210.96,5302
211.52,5301
212.24,5300
212.51,5299
212.80,5298
213.25,5297
214.37,5296
214.73,5295
215.59,5294
215.92,5293
216.03,5292
216.67,5291
217.03,5290
217.28,5289
217.63,5288
217.89,5287
218.79,5286
218.94,5285
219.10,5284
219.20,5283
219.40,5282
219.50,5281
219.66,5280
220.08,5279
220.48,5278
220.68,5277
220.84,5276
220.95,5275
221.52,5274
221.97,5273
222.43,5272
222.70,5271
222.81,5270
222.91,5269
223.02,5268
223.13,5267
223.29,5266
223.69,5265
224.03,5264
224.29,5263
224.44,5262
226.08,5261
226.37,5260
226.50,5259
226.67,5258
227.38,5257
227.49,5256
227.60,5255
227.84,5254
227.96,5253
229.47,5252
230.17,5251
230.85,5250
231.46,5249
232.48,5248
232.69,5247
233.24,5246
233.50,5245
233.81,5244
233.91,5243
234.67,5242
235.02,5241
235.51,5240
235.81,5239
236.27,5238
236.47,5237
236.68,5236
236.79,5235
237.25,5234
238.23,5233
238.43,5232
238.63,5231
238.89,5230
239.14,5229
239.80,5228
239.95,5227
240.16,5226
241.01,5225
241.16,5224
241.27,5223
241.42,5222
241.63,5221
242.41,5220
242.67,5219
242.82,5218
242.98,5217
243.54,5216
243.74,5215
243.89,5214
245.38,5213
245.95,5212
246.05,5211
247.05,5210
247.94,5209
248.63,5208
248.72,5207
249.07,5206
249.55,5205
250.25,5204
250.52,5203
250.68,5202
251.01,5201
251.25,5200
251.42,5199
251.80,5198
252.07,5197
252.45,5196
252.56,5195
252.67,5194
253.28,5193
253.49,5192
253.85,5191
254.56,5190
254.67,5189
254.82,5188
255.60,5187
256.21,5186
256.37,5185
256.47,5184
256.63,5183
257.09,5182
257.45,5181
257.79,5180
258.35,5179
258.45,5178
258.94,5177
259.55,5176
259.70,5175
259.86,5174
260.16,5173
260.26,5172
261.08,5171
261.53,5170
261.68,5169
261.78,5168
262.09,5167
262.54,5166
262.84,5165
263.14,5164
263.45,5163
263.70,5162
263.91,5161
264.06,5160
264.35,5159
264.85,5158
265.38,5157
265.55,5156
265.67,5155
265.79,5154
265.90,5153
266.19,5152
266.66,5151
266.81,5150
267.16,5149
267.67,5148
267.98,5147
268.98,5146
269.17,5145
269.83,5144
269.94,5143
270.31,5142
271.02,5141
271.63,5140
272.06,5139
272.37,5138
273.22,5137
273.38,5136
273.58,5135
274.40,5134
274.51,5133
274.81,5132
274.92,5131
275.27,5130
275.42,5129
275.67,5128
276.94,5127
277.30,5126
277.40,5125
278.07,5124
278.74,5123
278.91,5122
279.15,5121
279.50,5120
280.20,5119
280.36,5118
281.17,5117
281.62,5116
281.73,5115
281.87,5114
282.34,5113
282.49,5112
282.80,5111
282.90,5110
283.14,5109
283.91,5108
284.02,5107
284.25,5106
284.51,5105
285.23,5104
285.89,5103
286.49,5102
286.71,5101
287.35,5100
287.51,5099
288.00,5098
288.78,5097
289.16,5096
289.59,5095
290.44,5094
290.78,5093
291.05,5092
291.84,5091
292.53,5090
292.70,5089
293.53,5088
294.21,5087
294.38,5086
295.24,5085
295.35,5084
295.61,5083
296.15,5082
297.61,5081
298.35,5080
298.56,5079
298.67,5078
299.36,5077
299.74,5076
300.03,5075
300.15,5074
300.72,5073
301.39,5072
301.49,5071
302.01,5070
302.62,5069
302.84,5068
303.27,5067
303.64,5066
303.87,5065
304.27,5064
304.51,5063
305.67,5062
306.36,5061
306.75,5060
307.13,5059
307.67,5058
307.93,5057
308.96,5056
309.63,5055
309.77,5054
309.99,5053
310.53,5052
311.16,5051
311.72,5050
312.05,5049
312.86,5048
313.08,5047
313.67,5046
313.78,5045
314.10,5044
314.21,5043
314.38,5042
314.55,5041
314.89,5040
315.00,5039
315.31,5038
315.72,5037
316.03,5036
317.33,5035
318.25,5034
318.45,5033
318.74,5032
319.58,5031
319.69,5030
319.81,5029
320.02,5028
320.22,5027
320.33,5026
320.57,5025
320.76,5024
321.01,5023
321.33,5022
322.03,5021
322.35,5020
322.57,5019
323.06,5018
323.60,5017
324.86,5016
325.86,5015
325.98,5014
326.82,5013
327.19,5012
327.44,5011
327.65,5010
328.56,5009
328.85,5008
328.95,5007
329.80,5006
330.23,5005
330.80,5004
332.16,5003
332.26,5002
332.87,5001
333.09,5000
334.22,4999
334.32,4998
334.72,4997
335.07,4996
335.32,4995
335.52,4994
335.98,4993
336.08,4992
336.18,4991
336.38,4990
336.63,4989
336.83,4988
337.08,4987
337.85,4986
337.95,4985
338.05,4984
338.85,4983
339.01,4982
339.68,4981
340.53,4980
340.79,4979
341.05,4978
341.21,4977
341.31,4976
343.27,4975
344.56,4974
344.67,4973
345.27,4972
347.34,4971
347.57,4970
347.78,4969
349.63,4968
349.80,4967
349.98,4966
350.18,4965
351.71,4964
352.26,4963
352.58,4962
352.86,4961
353.36,4960
354.12,4959
355.38,4958
355.74,4957
356.00,4956
359.09,4955
360.14,4954
