0.00,5867
0.26,5866
0.57,5865
2.09,5864
2.31,5863
2.52,5862
2.84,5861
2.94,5860
3.25,5859
3.51,5858
4.08,5857
4.33,5856
4.49,5855
4.59,5854
5.00,5853
5.36,5852
5.46,5851
6.07,5850
6.33,5849
6.79,5848
7.82,5847
8.13,5846
8.23,5845
8.44,5844
8.90,5843
9.57,5842
9.67,5841
9.82,5840
10.28,5839
10.70,5838
11.11,5837
11.26,5836
12.13,5835
12.60,5834
12.80,5833
12.96,5832
13.06,5831
13.26,5830
13.42,5829
13.58,5828
14.32,5827
14.43,5826
14.74,5825
15.10,5824
15.30,5823
15.56,5822
15.87,5821
16.23,5820
16.60,5819
17.11,5818
17.22,5817
17.44,5816
17.80,5815
18.16,5814
18.57,5813
18.88,5812
19.29,5811
19.40,5810
19.60,5809
20.26,5808
20.42,5807
20.68,5806
20.78,5805
21.23,5804
21.44,5803
21.59,5802
21.69,5801
21.84,5800
22.04,5799
22.24,5798
22.60,5797
22.76,5796
23.07,5795
23.94,5794
24.25,5793
24.52,5792
25.19,5791
25.55,5790
25.66,5789
26.07,5788
26.53,5787
26.91,5786
27.02,5785
27.13,5784
27.23,5783
27.59,5782
27.84,5781
28.14,5780
28.29,5779
28.49,5778
28.80,5777
29.00,5776
29.11,5775
29.26,5774
29.36,5773
29.87,5772
29.97,5771
30.07,5770
30.23,5769
30.59,5768
31.33,5767
32.39,5766
32.50,5765
32.60,5764
33.20,5763
33.81,5762
34.11,5761
34.58,5760
35.31,5759
36.49,5758
36.75,5757
36.86,5756
36.97,5755
37.13,5754
37.71,5753
37.81,5752
37.92,5751
38.17,5750
38.43,5749
38.95,5748
39.05,5747
39.21,5746
39.47,5745
39.88,5744
40.28,5743
40.49,5742
40.79,5741
41.00,5740
41.25,5739
41.86,5738
41.96,5737
42.41,5736
42.78,5735
43.23,5734
43.34,5733
43.49,5732
44.01,5731
44.67,5730
44.92,5729
45.02,5728
45.53,5727
46.14,5726
46.29,5725
46.44,5724
46.95,5723
47.30,5722
47.40,5721
47.71,5720
48.77,5719
49.04,5718
49.21,5717
49.33,5716
49.53,5715
49.74,5714
49.89,5713
50.29,5712
50.50,5711
50.75,5710
51.52,5709
51.72,5708
52.64,5707
53.16,5706
53.37,5705
53.52,5704
54.09,5703
54.19,5702
54.30,5701
54.67,5700
54.77,5699
54.88,5698
55.61,5697
55.97,5696
56.32,5695
56.42,5694
56.53,5693
56.98,5692
57.66,5691
57.87,5690
58.44,5689
58.54,5688
58.65,5687
59.06,5686
59.42,5685
59.88,5684
60.08,5683
60.54,5682
60.70,5681
61.16,5680
61.37,5679
61.63,5678
61.84,5677
62.26,5676
62.57,5675
63.31,5674
63.46,5673
63.72,5672
64.07,5671
64.22,5670
64.94,5669
65.29,5668
65.70,5667
66.66,5666
66.76,5665
67.37,5664
68.01,5663
68.51,5662
68.72,5661
69.03,5660
69.40,5659
69.60,5658
70.42,5657
70.78,5656
70.88,5655
71.29,5654
71.74,5653
72.31,5652
72.92,5651
74.33,5650
74.59,5649
74.74,5648
76.11,5647
76.21,5646
76.31,5645
76.46,5644
76.61,5643
76.81,5642
77.68,5641
78.29,5640
78.49,5639
78.65,5638
78.91,5637
79.89,5636
80.86,5635
81.41,5634
81.51,5633
82.06,5632
82.82,5631
83.69,5630
83.84,5629
83.94,5628
84.09,5627
84.19,5626
85.25,5625
86.06,5624
86.37,5623
86.52,5622
86.77,5621
87.12,5620
87.78,5619
87.98,5618
88.29,5617
88.40,5616
88.50,5615
88.76,5614
89.28,5613
89.53,5612
89.63,5611
90.14,5610
91.01,5609
91.92,5608
92.33,5607
92.48,5606
92.58,5605
92.80,5604
93.10,5603
93.20,5602
93.56,5601
93.76,5600
93.93,5599
94.39,5598
95.19,5597
95.34,5596
95.54,5595
95.69,5594
95.85,5593
96.10,5592
96.30,5591
96.41,5590
96.87,5589
97.13,5588
97.28,5587
97.43,5586
98.18,5585
98.28,5584
98.79,5583
98.89,5582
99.10,5581
99.35,5580
99.77,5579
100.19,5578
100.50,5577
100.93,5576
101.39,5575
101.54,5574
101.99,5573
102.14,5572
102.70,5571
102.81,5570
103.06,5569
103.16,5568
103.26,5567
103.73,5566
103.88,5565
104.33,5564
105.85,5563
106.16,5562
106.41,5561
107.37,5560
107.73,5559
107.83,5558
108.04,5557
108.35,5556
108.51,5555
108.61,5554
109.71,5553
110.42,5552
110.98,5551
111.18,5550
112.09,5549
112.30,5548
112.65,5547
113.21,5546
113.67,5545
113.77,5544
113.87,5543
114.07,5542
114.90,5541
115.00,5540
115.20,5539
115.40,5538
115.51,5537
115.71,5536
116.02,5535
116.82,5534
116.93,5533
117.76,5532
117.86,5531
118.16,5530
119.43,5529
119.88,5528
120.09,5527
120.34,5526
120.54,5525
120.70,5524
121.05,5523
121.20,5522
121.41,5521
121.56,5520
122.08,5519
122.18,5518
122.29,5517
122.44,5516
122.80,5515
123.37,5514
123.53,5513
123.63,5512
123.79,5511
124.10,5510
124.56,5509
125.07,5508
125.22,5507
125.37,5506
125.68,5505
125.78,5504
125.89,5503
126.60,5502
126.70,5501
127.15,5500
127.49,5499
127.96,5498
129.25,5497
129.50,5496
129.75,5495
129.95,5494
130.10,5493
130.70,5492
131.51,5491
131.89,5490
132.31,5489
132.41,5488
132.87,5487
133.17,5486
133.32,5485
133.63,5484
133.98,5483
134.31,5482
134.61,5481
135.18,5480
135.54,5479
136.56,5478
136.66,5477
136.81,5476
136.98,5475
137.35,5474
137.82,5473
138.22,5472
138.32,5471
138.72,5470
139.13,5469
139.70,5468
140.11,5467
140.82,5466
141.02,5465
141.32,5464
141.47,5463
142.08,5462
142.38,5461
142.63,5460
142.88,5459
143.58,5458
143.68,5457
143.83,5456
143.94,5455
144.39,5454
144.59,5453
145.04,5452
145.45,5451
146.74,5450
147.04,5449
147.29,5448
147.55,5447
147.90,5446
148.50,5445
149.01,5444
149.31,5443
149.77,5442
150.65,5441
150.85,5440
150.96,5439
151.06,5438
151.37,5437
151.73,5436
151.83,5435
151.99,5434
152.09,5433
152.24,5432
152.59,5431
153.80,5430
153.95,5429
154.06,5428
154.88,5427
155.03,5426
155.38,5425
155.48,5424
155.73,5423
155.98,5422
156.57,5421
156.88,5420
157.34,5419
157.44,5418
157.98,5417
158.33,5416
158.58,5415
158.72,5414
158.98,5413
159.54,5412
159.64,5411
159.89,5410
160.44,5409
160.59,5408
160.89,5407
161.14,5406
161.33,5405
161.43,5404
161.63,5403
161.98,5402
162.13,5401
162.33,5400
163.03,5399
163.13,5398
163.28,5397
163.79,5396
164.69,5395
164.98,5394
165.41,5393
165.81,5392
166.31,5391
167.27,5390
167.76,5389
168.11,5388
168.31,5387
168.56,5386
168.66,5385
170.21,5384
170.31,5383
170.46,5382
170.96,5381
171.41,5380
171.51,5379
171.81,5378
172.06,5377
172.57,5376
172.77,5375
173.37,5374
174.58,5373
174.73,5372
174.84,5371
175.04,5370
175.35,5369
176.06,5368
176.21,5367
176.66,5366
177.17,5365
177.42,5364
177.53,5363
177.63,5362
177.73,5361
178.11,5360
178.27,5359
178.62,5358
178.91,5357
179.16,5356
179.27,5355
179.42,5354
179.57,5353
180.16,5352
180.36,5351
180.51,5350
180.61,5349
180.76,5348
180.91,5347
181.11,5346
181.51,5345
181.86,5344
182.87,5343
183.17,5342
183.42,5341
184.89,5340
185.50,5339
185.86,5338
186.83,5337
186.98,5336
187.18,5335
187.49,5334
187.94,5333
188.29,5332
188.59,5331
189.50,5330
190.05,5329
190.65,5328
192.26,5327
192.52,5326
193.03,5325
193.48,5324
193.74,5323
193.84,5322
194.44,5321
194.59,5320
194.94,5319
195.14,5318
195.69,5317
195.79,5316
195.99,5315
196.09,5314
196.29,5313
196.49,5312
196.59,5311
196.94,5310
197.19,5309
197.44,5308
197.60,5307
198.07,5306
198.43,5305
198.54,5304
198.65,5303
199.07,5302
199.48,5301
199.83,5300
200.08,5299
200.56,5298
201.23,5297
202.02,5296
202.57,5295
202.78,5294
202.88,5293
203.08,5292
203.28,5291
203.53,5290
203.87,5289
204.07,5288
204.58,5287
205.63,5286
205.99,5285
206.13,5284
207.13,5283
207.58,5282
208.18,5281
208.28,5280
208.38,5279
208.48,5278
208.84,5277
209.30,5276
209.65,5275
209.85,5274
210.20,5273
210.30,5272
210.65,5271
210.85,5270
211.50,5269
212.21,5268
212.51,5267
212.61,5266
213.16,5265
214.01,5264
214.41,5263
214.51,5262
215.11,5261
215.26,5260
215.36,5259
215.76,5258
216.31,5257
216.47,5256
216.57,5255
216.72,5254
216.82,5253
217.18,5252
217.33,5251
217.43,5250
218.03,5249
218.18,5248
218.53,5247
219.35,5246
219.86,5245
221.18,5244
221.90,5243
222.01,5242
222.10,5241
222.50,5240
222.94,5239
223.80,5238
225.24,5237
225.34,5236
225.60,5235
225.91,5234
226.05,5233
226.61,5232
227.62,5231
227.73,5230
228.64,5229
228.80,5228
230.16,5227
230.95,5226
231.44,5225
232.09,5224
232.29,5223
232.74,5222
232.84,5221
233.62,5220
234.29,5219
234.64,5218
234.84,5217
235.40,5216
235.72,5215
236.22,5214
236.37,5213
236.52,5212
236.67,5211
236.77,5210
237.57,5209
237.92,5208
238.69,5207
239.56,5206
239.89,5205
240.04,5204
240.29,5203
240.64,5202
240.74,5201
240.84,5200
241.14,5199
241.39,5198
241.49,5197
241.79,5196
242.63,5195
243.34,5194
243.65,5193
243.90,5192
245.21,5191
245.31,5190
245.66,5189
245.86,5188
246.01,5187
246.31,5186
246.86,5185
247.71,5184
248.22,5183
248.73,5182
249.23,5181
249.64,5180
250.39,5179
250.69,5178
252.06,5177
252.36,5176
252.56,5175
253.21,5174
253.40,5173
253.55,5172
254.20,5171
254.41,5170
254.66,5169
255.36,5168
255.66,5167
256.01,5166
256.11,5165
256.47,5164
257.17,5163
257.72,5162
258.42,5161
258.82,5160
259.02,5159
259.32,5158
260.32,5157
261.27,5156
261.92,5155
262.12,5154
262.27,5153
262.42,5152
263.12,5151
263.27,5150
263.42,5149
264.32,5148
265.23,5147
265.83,5146
265.99,5145
266.19,5144
266.87,5143
267.56,5142
267.66,5141
267.81,5140
268.51,5139
268.76,5138
269.16,5137
269.91,5136
271.16,5135
271.31,5134
271.41,5133
271.51,5132
273.09,5131
273.44,5130
273.85,5129
274.41,5128
274.51,5127
275.41,5126
275.61,5125
275.86,5124
276.25,5123
277.64,5122
278.69,5121
278.85,5120
278.95,5119
279.10,5118
279.40,5117
280.45,5116
281.05,5115
281.15,5114
281.65,5113
282.50,5112
282.85,5111
283.37,5110
283.51,5109
283.67,5108
283.92,5107
284.12,5106
284.82,5105
284.98,5104
285.08,5103
285.33,5102
286.14,5101
286.49,5100
286.59,5099
287.72,5098
288.47,5097
288.82,5096
289.72,5095
290.72,5094
290.92,5093
291.27,5092
291.62,5091
292.27,5090
292.38,5089
292.58,5088
292.72,5087
292.92,5086
293.06,5085
293.41,5084
293.90,5083
294.19,5082
294.29,5081
294.54,5080
294.74,5079
294.89,5078
295.29,5077
295.39,5076
297.29,5075
297.44,5074
297.60,5073
297.85,5072
298.40,5071
298.64,5070
299.24,5069
301.17,5068
301.42,5067
301.63,5066
301.93,5065
302.29,5064
302.54,5063
302.70,5062
302.80,5061
303.26,5060
303.73,5059
304.79,5058
305.48,5057
305.62,5056
305.96,5055
306.26,5054
306.79,5053
307.13,5052
307.37,5051
308.52,5050
308.72,5049
308.82,5048
309.02,5047
309.62,5046
310.02,5045
310.98,5044
311.08,5043
311.42,5042
312.24,5041
312.94,5040
313.64,5039
314.75,5038
315.53,5037
315.83,5036
316.13,5035
316.33,5034
316.48,5033
316.64,5032
317.14,5031
317.29,5030
317.65,5029
317.81,5028
317.94,5027
318.04,5026
318.14,5025
318.24,5024
318.70,5023
319.00,5022
319.10,5021
319.67,5020
319.77,5019
320.49,5018
320.64,5017
320.74,5016
320.99,5015
321.64,5014
322.23,5013
323.08,5012
323.18,5011
323.28,5010
324.02,5009
324.46,5008
324.85,5007
326.08,5006
327.23,5005
327.53,5004
328.32,5003
329.49,5002
330.03,5001
331.09,5000
331.45,4999
332.82,4998
333.57,4997
334.12,4996
334.53,4995
335.51,4994
336.12,4993
336.38,4992
336.95,4991
337.85,4990
338.65,4989
339.10,4988
