0.14,8360
0.15,8359
0.15,8358
0.15,8357
0.15,8356
0.15,8355
0.15,8354
0.15,8353
0.15,8352
0.15,8351
0.15,8350
0.15,8349
0.15,8348
0.15,8347
0.15,8346
0.15,8345
0.15,8344
0.15,8343
0.15,8342
0.15,8341
0.15,8340
0.15,8339
0.15,8338
0.15,8337
0.15,8336
0.15,8335
0.15,8334
0.15,8333
0.15,8332
0.16,8331
0.16,8330
0.16,8329
0.16,8328
0.16,8327
0.16,8326
0.16,8325
0.16,8324
0.16,8323
0.16,8322
0.16,8321
0.16,8320
0.16,8319
0.16,8318
0.16,8317
0.16,8316
0.16,8315
0.16,8314
0.16,8313
0.16,8312
0.16,8311
0.16,8310
0.16,8309
0.17,8308
0.17,8307
0.17,8306
0.17,8305
0.17,8304
0.17,8303
0.17,8302
0.17,8301
0.17,8300
0.17,8299
0.17,8298
0.17,8297
0.17,8296
0.17,8295
0.17,8294
0.17,8293
0.17,8292
0.17,8291
0.17,8290
0.17,8289
0.17,8288
0.18,8287
0.18,8286
0.18,8285
0.18,8284
0.18,8283
0.18,8282
0.18,8281
0.18,8280
0.18,8279
0.18,8278
0.18,8277
0.18,8276
0.18,8275
0.18,8274
0.18,8273
0.18,8272
0.18,8271
0.18,8270
0.18,8269
0.18,8268
0.19,8267
0.19,8266
0.19,8265
0.19,8264
0.19,8263
0.19,8262
0.19,8261
0.19,8260
0.20,8259
0.20,8258
0.20,8257
0.20,8256
0.20,8255
0.20,8254
0.20,8253
0.20,8252
0.20,8251
0.21,8250
0.21,8249
0.21,8248
0.21,8247
0.21,8246
0.21,8245
0.21,8244
0.21,8243
0.21,8242
0.21,8241
0.21,8240
0.21,8239
0.21,8238
0.21,8237
0.21,8236
0.21,8235
0.21,8234
0.21,8233
0.21,8232
0.22,8231
0.22,8230
0.22,8229
0.22,8228
0.22,8227
0.22,8226
0.22,8225
0.22,8224
0.22,8223
0.22,8222
0.22,8221
0.22,8220
0.22,8219
0.22,8218
0.22,8217
0.22,8216
0.22,8215
0.22,8214
0.22,8213
0.22,8212
0.22,8211
0.22,8210
0.22,8209
0.22,8208
0.22,8207
0.22,8206
0.22,8205
0.22,8204
0.22,8203
0.23,8202
0.23,8201
0.23,8200
0.23,8199
0.23,8198
0.23,8197
0.23,8196
0.23,8195
0.23,8194
0.23,8193
0.23,8192
0.23,8191
0.23,8190
0.23,8189
0.23,8188
0.23,8187
0.23,8186
0.23,8185
0.23,8184
0.23,8183
0.23,8182
0.23,8181
0.23,8180
0.23,8179
0.23,8178
0.23,8177
0.24,8176
0.24,8175
0.24,8174
0.24,8173
0.24,8172
0.24,8171
0.24,8170
0.24,8169
0.24,8168
0.24,8167
0.24,8166
0.24,8165
0.24,8164
0.24,8163
0.24,8162
0.24,8161
0.24,8160
0.24,8159
0.24,8158
0.24,8157
0.24,8156
0.24,8155
0.24,8154
0.25,8153
0.25,8152
0.25,8151
0.25,8150
0.25,8149
0.25,8148
0.25,8147
0.25,8146
0.25,8145
0.25,8144
0.25,8143
0.25,8142
0.25,8141
0.25,8140
0.25,8139
0.25,8138
0.25,8137
0.25,8136
0.25,8135
0.25,8134
0.25,8133
0.25,8132
0.25,8131
0.26,8130
0.26,8129
0.26,8128
0.26,8127
0.26,8126
0.26,8125
0.26,8124
0.26,8123
0.26,8122
0.26,8121
0.26,8120
0.26,8119
0.26,8118
0.27,8117
0.27,8116
0.27,8115
0.27,8114
0.27,8113
0.27,8112
0.27,8111
0.27,8110
0.27,8109
0.27,8108
0.27,8107
0.27,8106
0.27,8105
0.28,8104
0.28,8103
0.28,8102
0.28,8101
0.28,8100
0.28,8099
0.28,8098
0.28,8097
0.29,8096
0.29,8095
0.29,8094
0.29,8093
0.29,8092
0.29,8091
0.29,8090
0.29,8089
0.29,8088
0.29,8087
0.29,8086
0.29,8085
0.29,8084
0.29,8083
0.29,8082
0.29,8081
0.29,8080
0.29,8079
0.29,8078
0.29,8077
0.30,8076
0.30,8075
0.30,8074
0.30,8073
0.30,8072
0.30,8071
0.30,8070
0.30,8069
0.30,8068
0.30,8067
0.30,8066
0.30,8065
0.30,8064
0.30,8063
0.30,8062
0.30,8061
0.30,8060
0.30,8059
0.31,8058
0.31,8057
0.31,8056
0.31,8055
0.31,8054
0.31,8053
0.32,8052
0.32,8051
0.32,8050
0.32,8049
0.32,8048
0.32,8047
0.32,8046
0.32,8045
0.32,8044
0.32,8043
0.33,8042
0.33,8041
0.33,8040
0.33,8039
0.33,8038
0.33,8037
0.33,8036
0.33,8035
0.33,8034
0.34,8033
0.34,8032
0.34,8031
0.34,8030
0.34,8029
0.34,8028
0.34,8027
0.34,8026
0.34,8025
0.35,8024
0.35,8023
0.35,8022
0.35,8021
0.35,8020
0.35,8019
0.35,8018
0.35,8017
0.35,8016
0.35,8015
0.35,8014
0.35,8013
0.35,8012
0.35,8011
0.35,8010
0.35,8009
0.36,8008
0.36,8007
0.36,8006
0.36,8005
0.36,8004
0.36,8003
0.36,8002
0.36,8001
0.36,8000
0.36,7999
0.36,7998
0.36,7997
0.36,7996
0.36,7995
0.36,7994
0.36,7993
0.36,7992
0.36,7991
0.36,7990
0.36,7989
0.36,7988
0.36,7987
0.36,7986
0.36,7985
0.36,7984
0.37,7983
0.38,7982
0.38,7981
0.38,7980
0.38,7979
0.38,7978
0.39,7977
0.39,7976
0.39,7975
0.39,7974
0.40,7973
0.40,7972
0.40,7971
0.40,7970
0.40,7969
0.40,7968
0.40,7967
0.40,7966
0.40,7965
0.40,7964
0.40,7963
0.41,7962
0.41,7961
0.41,7960
0.41,7959
0.41,7958
0.41,7957
0.41,7956
0.41,7955
0.41,7954
0.41,7953
0.41,7952
0.41,7951
0.41,7950
0.42,7949
0.42,7948
0.43,7947
0.43,7946
0.43,7945
0.43,7944
0.43,7943
0.43,7942
0.43,7941
0.43,7940
0.43,7939
0.43,7938
0.43,7937
0.43,7936
0.43,7935
0.43,7934
0.43,7933
0.44,7932
0.44,7931
0.44,7930
0.44,7929
0.44,7928
0.45,7927
0.45,7926
0.45,7925
0.45,7924
0.45,7923
0.46,7922
0.46,7921
0.46,7920
0.46,7919
0.46,7918
0.47,7917
0.47,7916
0.47,7915
0.48,7914
0.48,7913
0.48,7912
0.48,7911
0.48,7910
0.48,7909
0.48,7908
0.48,7907
0.48,7906
0.48,7905
0.48,7904
0.49,7903
0.49,7902
0.49,7901
0.49,7900
0.49,7899
0.49,7898
0.50,7897
0.50,7896
0.50,7895
0.50,7894
0.50,7893
0.51,7892
0.51,7891
0.51,7890
0.52,7889
0.52,7888
0.52,7887
0.52,7886
0.52,7885
0.52,7884
0.52,7883
0.52,7882
0.52,7881
0.52,7880
0.52,7879
0.52,7878
0.52,7877
0.52,7876
0.53,7875
0.53,7874
0.53,7873
0.53,7872
0.53,7871
0.53,7870
0.54,7869
0.54,7868
0.55,7867
0.55,7866
0.56,7865
0.56,7864
0.56,7863
0.56,7862
0.57,7861
0.58,7860
0.58,7859
0.58,7858
0.58,7857
0.58,7856
0.58,7855
0.58,7854
0.58,7853
0.58,7852
0.58,7851
0.59,7850
0.59,7849
0.59,7848
0.60,7847
0.60,7846
0.60,7845
0.60,7844
0.60,7843
0.60,7842
0.60,7841
0.60,7840
0.61,7839
0.61,7838
0.61,7837
0.61,7836
0.61,7835
0.61,7834
0.61,7833
0.61,7832
0.61,7831
0.61,7830
0.61,7829
0.62,7828
0.62,7827
0.62,7826
0.62,7825
0.62,7824
0.62,7823
0.62,7822
0.62,7821
0.62,7820
0.62,7819
0.62,7818
0.62,7817
0.62,7816
0.62,7815
0.62,7814
0.62,7813
0.62,7812
0.62,7811
0.62,7810
0.63,7809
0.64,7808
0.64,7807
0.64,7806
0.64,7805
0.64,7804
0.64,7803
0.65,7802
0.65,7801
0.66,7800
0.66,7799
0.66,7798
0.66,7797
0.66,7796
0.66,7795
0.66,7794
0.66,7793
0.66,7792
0.67,7791
0.67,7790
0.67,7789
0.69,7788
0.70,7787
0.70,7786
0.70,7785
0.70,7784
0.70,7783
0.70,7782
0.70,7781
0.70,7780
0.70,7779
0.71,7778
0.71,7777
0.71,7776
0.71,7775
0.71,7774
0.72,7773
0.72,7772
0.72,7771
0.72,7770
0.72,7769
0.72,7768
0.72,7767
0.72,7766
0.72,7765
0.72,7764
0.73,7763
0.73,7762
0.73,7761
0.73,7760
0.73,7759
0.74,7758
0.74,7757
0.74,7756
0.74,7755
0.74,7754
0.74,7753
0.74,7752
0.74,7751
0.74,7750
0.74,7749
0.75,7748
0.75,7747
0.75,7746
0.75,7745
0.75,7744
0.75,7743
0.75,7742
0.75,7741
0.77,7740
0.77,7739
0.77,7738
0.77,7737
0.77,7736
0.77,7735
0.78,7734
0.78,7733
0.78,7732
0.78,7731
0.78,7730
0.78,7729
0.78,7728
0.78,7727
0.78,7726
0.79,7725
0.79,7724
0.79,7723
0.79,7722
0.79,7721
0.79,7720
0.79,7719
0.79,7718
0.80,7717
0.80,7716
0.80,7715
0.80,7714
0.80,7713
0.81,7712
0.81,7711
0.81,7710
0.81,7709
0.82,7708
0.84,7707
0.84,7706
0.84,7705
0.84,7704
0.84,7703
0.85,7702
0.85,7701
0.85,7700
0.85,7699
0.85,7698
0.85,7697
0.85,7696
0.85,7695
0.85,7694
0.85,7693
0.85,7692
0.86,7691
0.86,7690
0.86,7689
0.86,7688
0.86,7687
0.86,7686
0.86,7685
0.87,7684
0.87,7683
0.87,7682
0.88,7681
0.88,7680
0.88,7679
0.89,7678
0.89,7677
0.89,7676
0.89,7675
0.90,7674
0.90,7673
0.91,7672
0.91,7671
0.91,7670
0.91,7669
0.91,7668
0.91,7667
0.91,7666
0.91,7665
0.91,7664
0.92,7663
0.92,7662
0.92,7661
0.92,7660
0.92,7659
0.92,7658
0.92,7657
0.93,7656
0.93,7655
0.94,7654
0.94,7653
0.94,7652
0.94,7651
0.94,7650
0.94,7649
0.94,7648
0.94,7647
0.94,7646
0.94,7645
0.94,7644
0.95,7643
0.95,7642
0.95,7641
0.95,7640
0.96,7639
0.96,7638
0.96,7637
0.97,7636
0.98,7635
0.98,7634
0.98,7633
0.98,7632
0.98,7631
0.98,7630
0.99,7629
0.99,7628
0.99,7627
0.99,7626
0.99,7625
0.99,7624
0.99,7623
1.00,7622
1.00,7621
1.00,7620
1.00,7619
1.00,7618
1.01,7617
1.01,7616
1.01,7615
1.01,7614
1.01,7613
1.01,7612
1.01,7611
1.02,7610
1.05,7609
1.05,7608
1.06,7607
1.06,7606
1.06,7605
1.06,7604
1.06,7603
1.07,7602
1.07,7601
1.07,7600
1.08,7599
1.09,7598
1.09,7597
1.09,7596
1.09,7595
1.09,7594
1.09,7593
1.09,7592
1.09,7591
1.12,7590
1.12,7589
1.13,7588
1.14,7587
1.14,7586
1.14,7585
1.14,7584
1.14,7583
1.14,7582
1.14,7581
1.16,7580
1.19,7579
1.19,7578
1.21,7577
1.22,7576
1.22,7575
1.22,7574
1.22,7573
1.22,7572
1.23,7571
1.25,7570
1.25,7569
1.25,7568
1.26,7567
1.31,7566
1.31,7565
1.32,7564
1.32,7563
1.33,7562
1.33,7561
1.33,7560
1.35,7559
1.35,7558
1.36,7557
1.37,7556
1.38,7555
1.38,7554
1.38,7553
1.38,7552
1.38,7551
1.49,7550
1.49,7549
1.49,7548
1.49,7547
1.50,7546
1.50,7545
1.51,7544
1.51,7543
1.51,7542
1.51,7541
1.53,7540
1.54,7539
1.55,7538
1.55,7537
1.55,7536
1.55,7535
1.55,7534
1.55,7533
1.55,7532
1.55,7531
1.55,7530
1.55,7529
1.55,7528
1.55,7527
1.58,7526
1.58,7525
1.58,7524
1.58,7523
1.58,7522
1.59,7521
1.59,7520
1.59,7519
1.59,7518
1.59,7517
1.59,7516
1.59,7515
1.59,7514
1.59,7513
1.59,7512
1.60,7511
1.60,7510
1.60,7509
1.62,7508
1.62,7507
1.64,7506
1.64,7505
1.65,7504
1.65,7503
1.66,7502
1.67,7501
1.68,7500
1.70,7499
1.77,7498
1.78,7497
1.79,7496
1.81,7495
1.81,7494
1.81,7493
1.81,7492
1.81,7491
1.81,7490
1.81,7489
1.81,7488
1.82,7487
1.83,7486
1.85,7485
1.85,7484
1.85,7483
1.85,7482
1.85,7481
1.89,7480
1.89,7479
1.89,7478
1.89,7477
1.90,7476
1.90,7475
1.90,7474
1.90,7473
1.90,7472
1.90,7471
1.91,7470
1.91,7469
1.91,7468
1.91,7467
1.91,7466
1.91,7465
1.92,7464
1.92,7463
1.92,7462
1.92,7461
1.92,7460
1.92,7459
1.92,7458
1.93,7457
1.93,7456
1.93,7455
1.93,7454
1.93,7453
1.93,7452
1.94,7451
1.95,7450
1.95,7449
1.95,7448
1.95,7447
1.95,7446
2.01,7445
2.01,7444
2.01,7443
2.01,7442
2.01,7441
2.06,7440
2.07,7439
2.07,7438
2.07,7437
2.07,7436
2.08,7435
2.08,7434
2.08,7433
2.08,7432
2.08,7431
2.08,7430
2.08,7429
2.08,7428
2.08,7427
2.10,7426
2.10,7425
2.10,7424
2.10,7423
2.10,7422
2.10,7421
2.11,7420
2.11,7419
2.11,7418
2.11,7417
2.11,7416
2.11,7415
2.11,7414
2.12,7413
2.12,7412
2.12,7411
2.13,7410
2.13,7409
2.13,7408
2.16,7407
2.16,7406
2.17,7405
2.30,7404
2.30,7403
2.30,7402
2.31,7401
2.31,7400
2.31,7399
2.32,7398
2.32,7397
2.32,7396
2.32,7395
2.33,7394
2.33,7393
2.33,7392
2.33,7391
2.33,7390
2.42,7389
2.48,7388
2.49,7387
2.49,7386
2.50,7385
2.50,7384
2.50,7383
2.50,7382
2.50,7381
2.64,7380
2.65,7379
2.67,7378
2.67,7377
2.67,7376
2.68,7375
2.68,7374
2.68,7373
2.68,7372
2.70,7371
2.70,7370
2.70,7369
2.70,7368
2.70,7367
2.70,7366
2.71,7365
2.71,7364
2.71,7363
2.77,7362
2.77,7361
2.77,7360
2.78,7359
2.78,7358
2.79,7357
2.79,7356
2.79,7355
2.80,7354
2.80,7353
2.81,7352
2.81,7351
2.81,7350
2.81,7349
2.82,7348
2.82,7347
2.82,7346
2.82,7345
2.83,7344
2.83,7343
2.85,7342
2.85,7341
2.88,7340
2.88,7339
2.89,7338
2.90,7337
2.90,7336
2.90,7335
2.90,7334
2.90,7333
2.91,7332
2.91,7331
2.94,7330
2.94,7329
2.94,7328
2.94,7327
3.02,7326
3.02,7325
3.05,7324
3.05,7323
3.05,7322
3.05,7321
3.07,7320
3.07,7319
3.07,7318
3.08,7317
3.08,7316
3.08,7315
3.08,7314
3.10,7313
3.10,7312
3.10,7311
3.11,7310
3.17,7309
3.17,7308
3.17,7307
3.17,7306
3.17,7305
3.21,7304
3.21,7303
3.21,7302
3.22,7301
3.23,7300
3.30,7299
3.30,7298
4.54,7297
4.54,7296
4.54,7295
4.54,7294
4.54,7293
4.56,7292
4.56,7291
4.56,7290
4.56,7289
4.56,7288
4.57,7287
4.57,7286
4.57,7285
4.58,7284
4.58,7283
4.58,7282
4.58,7281
4.58,7280
4.59,7279
4.68,7278
4.68,7277
4.68,7276
4.69,7275
4.70,7274
4.72,7273
4.72,7272
4.72,7271
4.74,7270
4.74,7269
4.74,7268
4.75,7267
4.75,7266
4.75,7265
5.26,7264
5.26,7263
5.26,7262
5.26,7261
5.59,7260
5.59,7259
5.59,7258
5.59,7257
5.59,7256
5.71,7255
5.78,7254
5.78,7253
5.85,7252
5.86,7251
5.88,7250
5.89,7249
5.89,7248
5.89,7247
5.89,7246
5.90,7245
6.01,7244
6.01,7243
6.02,7242
6.02,7241
6.03,7240
6.05,7239
6.05,7238
6.05,7237
6.05,7236
6.05,7235
6.16,7234
6.16,7233
6.16,7232
6.16,7231
6.17,7230
6.17,7229
6.17,7228
6.48,7227
6.48,7226
6.48,7225
6.48,7224
6.48,7223
6.48,7222
6.54,7221
6.55,7220
6.57,7219
6.57,7218
6.57,7217
6.57,7216
6.57,7215
6.58,7214
6.58,7213
6.58,7212
6.90,7211
6.90,7210
6.90,7209
6.91,7208
6.91,7207
6.91,7206
6.91,7205
6.96,7204
6.96,7203
6.96,7202
6.98,7201
7.05,7200
7.06,7199
7.06,7198
7.09,7197
7.09,7196
7.10,7195
7.13,7194
7.13,7193
7.14,7192
7.14,7191
7.14,7190
7.14,7189
7.14,7188
7.14,7187
7.14,7186
7.14,7185
7.14,7184
7.14,7183
7.15,7182
7.15,7181
7.15,7180
7.15,7179
7.15,7178
7.16,7177
7.16,7176
7.16,7175
7.16,7174
7.17,7173
7.17,7172
7.18,7171
7.22,7170
7.22,7169
7.22,7168
7.23,7167
7.23,7166
18.89,7165
18.90,7164
18.90,7163
18.95,7162
18.95,7161
19.07,7160
19.07,7159
19.07,7158
19.07,7157
19.10,7156
19.10,7155
20.66,7154
20.66,7153
20.67,7152
20.67,7151
21.14,7150
21.14,7149
21.14,7148
21.15,7147
21.15,7146
21.15,7145
21.15,7144
21.15,7143
21.15,7142
21.15,7141
21.15,7140
21.15,7139
21.15,7138
21.19,7137
21.19,7136
21.19,7135
21.19,7134
21.21,7133
21.21,7132
21.21,7131
21.21,7130
21.22,7129
21.22,7128
21.24,7127
21.25,7126
21.25,7125
21.25,7124
21.32,7123
21.32,7122
21.32,7121
21.32,7120
21.35,7119
21.35,7118
21.35,7117
21.35,7116
21.35,7115
21.35,7114
21.35,7113
21.67,7112
21.67,7111
21.68,7110
21.69,7109
21.70,7108
21.70,7107
21.70,7106
21.70,7105
21.70,7104
21.70,7103
21.72,7102
21.72,7101
21.76,7100
21.77,7099
21.77,7098
21.78,7097
21.80,7096
21.80,7095
21.80,7094
21.80,7093
21.80,7092
21.88,7091
21.88,7090
21.88,7089
21.88,7088
21.89,7087
21.89,7086
21.89,7085
22.02,7084
22.02,7083
22.02,7082
22.02,7081
22.02,7080
22.09,7079
22.24,7078
22.24,7077
22.24,7076
22.24,7075
22.24,7074
22.24,7073
22.24,7072
22.24,7071
22.24,7070
22.24,7069
22.25,7068
22.25,7067
22.27,7066
22.28,7065
22.28,7064
22.28,7063
22.28,7062
22.28,7061
22.31,7060
22.31,7059
22.31,7058
22.31,7057
22.32,7056
22.32,7055
22.32,7054
22.33,7053
25.61,7052
25.61,7051
25.61,7050
25.61,7049
25.61,7048
25.62,7047
25.62,7046
25.63,7045
25.63,7044
25.63,7043
25.64,7042
25.64,7041
25.64,7040
25.65,7039
25.65,7038
25.65,7037
25.65,7036
25.65,7035
25.70,7034
25.70,7033
25.70,7032
25.71,7031
25.71,7030
25.71,7029
25.73,7028
25.74,7027
26.65,7026
26.65,7025
26.66,7024
26.66,7023
26.66,7022
26.66,7021
26.67,7020
26.69,7019
26.69,7018
26.80,7017
26.80,7016
26.80,7015
26.80,7014
26.80,7013
26.80,7012
26.80,7011
26.80,7010
26.82,7009
26.82,7008
26.82,7007
26.82,7006
26.82,7005
26.83,7004
26.83,7003
26.83,7002
26.84,7001
26.84,7000
26.84,6999
26.84,6998
26.86,6997
27.07,6996
27.17,6995
27.17,6994
27.18,6993
27.19,6992
27.19,6991
27.19,6990
27.19,6989
27.19,6988
27.20,6987
27.20,6986
27.20,6985
27.20,6984
27.35,6983
27.35,6982
27.35,6981
27.36,6980
27.36,6979
27.36,6978
27.36,6977
27.36,6976
27.70,6975
27.70,6974
27.70,6973
27.73,6972
27.73,6971
27.73,6970
27.74,6969
27.74,6968
27.74,6967
27.74,6966
27.75,6965
27.75,6964
27.76,6963
27.79,6962
27.80,6961
27.80,6960
27.80,6959
27.80,6958
27.92,6957
27.92,6956
27.92,6955
27.93,6954
27.93,6953
27.93,6952
27.93,6951
28.00,6950
28.02,6949
28.03,6948
28.03,6947
28.03,6946
28.03,6945
28.03,6944
28.25,6943
28.25,6942
28.25,6941
28.25,6940
28.25,6939
28.25,6938
28.26,6937
28.26,6936
28.26,6935
28.26,6934
28.26,6933
28.27,6932
28.27,6931
28.27,6930
28.27,6929
28.31,6928
28.31,6927
28.31,6926
28.32,6925
28.32,6924
28.32,6923
28.32,6922
28.36,6921
28.36,6920
28.36,6919
28.37,6918
28.37,6917
28.38,6916
28.72,6915
28.74,6914
28.74,6913
28.74,6912
28.75,6911
28.75,6910
28.75,6909
28.75,6908
28.75,6907
28.75,6906
28.76,6905
28.79,6904
28.79,6903
28.79,6902
28.81,6901
28.86,6900
28.86,6899
28.86,6898
28.88,6897
28.88,6896
28.89,6895
28.90,6894
28.91,6893
29.21,6892
29.21,6891
29.22,6890
29.73,6889
29.73,6888
29.73,6887
29.73,6886
29.73,6885
29.73,6884
29.74,6883
29.74,6882
29.74,6881
29.75,6880
29.75,6879
29.75,6878
29.75,6877
29.81,6876
29.82,6875
29.82,6874
29.82,6873
29.83,6872
29.84,6871
29.84,6870
29.84,6869
29.84,6868
29.85,6867
29.85,6866
29.90,6865
29.90,6864
29.91,6863
29.91,6862
29.91,6861
29.93,6860
29.93,6859
29.93,6858
29.93,6857
29.93,6856
29.93,6855
29.94,6854
29.94,6853
29.94,6852
29.95,6851
29.95,6850
29.96,6849
29.96,6848
30.13,6847
30.13,6846
30.13,6845
30.13,6844
30.48,6843
30.48,6842
30.49,6841
30.49,6840
30.49,6839
30.50,6838
30.50,6837
30.55,6836
30.55,6835
30.56,6834
30.56,6833
30.56,6832
30.56,6831
30.57,6830
30.57,6829
30.64,6828
30.66,6827
30.66,6826
30.66,6825
30.76,6824
30.77,6823
30.77,6822
30.77,6821
30.80,6820
30.97,6819
30.97,6818
30.97,6817
30.97,6816
30.97,6815
30.97,6814
30.98,6813
30.98,6812
30.98,6811
30.98,6810
30.98,6809
30.98,6808
30.98,6807
30.98,6806
30.99,6805
30.99,6804
31.22,6803
31.22,6802
31.22,6801
31.26,6800
31.26,6799
31.27,6798
31.27,6797
31.29,6796
31.29,6795
31.29,6794
31.31,6793
31.32,6792
31.32,6791
31.32,6790
31.32,6789
31.32,6788
31.33,6787
31.33,6786
31.33,6785
31.33,6784
31.33,6783
31.34,6782
31.34,6781
31.34,6780
31.38,6779
31.39,6778
31.39,6777
31.39,6776
31.39,6775
31.39,6774
33.30,6773
33.30,6772
33.30,6771
33.31,6770
33.31,6769
33.32,6768
33.32,6767
33.32,6766
33.32,6765
33.32,6764
33.32,6763
33.32,6762
33.33,6761
33.33,6760
33.33,6759
33.35,6758
33.45,6757
33.45,6756
33.45,6755
33.45,6754
33.48,6753
33.48,6752
33.49,6751
33.51,6750
33.51,6749
33.51,6748
33.51,6747
33.52,6746
33.55,6745
33.56,6744
34.15,6743
34.15,6742
34.15,6741
34.15,6740
34.15,6739
34.15,6738
34.15,6737
34.16,6736
34.19,6735
34.19,6734
34.19,6733
34.19,6732
34.19,6731
34.19,6730
34.19,6729
34.19,6728
34.20,6727
34.20,6726
34.20,6725
34.20,6724
34.48,6723
34.48,6722
34.48,6721
34.49,6720
34.49,6719
34.49,6718
34.49,6717
34.71,6716
34.71,6715
34.71,6714
34.71,6713
34.71,6712
34.72,6711
34.72,6710
34.72,6709
34.73,6708
34.74,6707
34.74,6706
34.74,6705
34.74,6704
34.74,6703
34.74,6702
34.74,6701
34.74,6700
34.74,6699
34.75,6698
34.75,6697
34.77,6696
34.77,6695
34.79,6694
34.79,6693
34.81,6692
34.96,6691
34.96,6690
34.96,6689
34.98,6688
34.98,6687
34.98,6686
34.99,6685
34.99,6684
35.00,6683
35.01,6682
35.01,6681
35.01,6680
35.01,6679
35.01,6678
35.01,6677
35.01,6676
35.02,6675
35.02,6674
35.03,6673
35.03,6672
35.06,6671
35.07,6670
35.07,6669
35.07,6668
35.07,6667
35.07,6666
35.07,6665
35.07,6664
35.07,6663
35.07,6662
35.07,6661
35.14,6660
35.14,6659
35.14,6658
35.14,6657
35.15,6656
35.15,6655
35.15,6654
35.15,6653
35.15,6652
35.15,6651
35.17,6650
35.17,6649
35.17,6648
35.18,6647
35.18,6646
35.20,6645
35.20,6644
35.20,6643
35.21,6642
35.27,6641
35.27,6640
35.27,6639
35.27,6638
35.28,6637
35.28,6636
35.28,6635
35.28,6634
35.29,6633
35.29,6632
35.30,6631
35.31,6630
35.31,6629
35.32,6628
35.32,6627
35.32,6626
35.33,6625
35.33,6624
35.33,6623
35.34,6622
35.34,6621
35.34,6620
35.37,6619
35.37,6618
35.37,6617
35.38,6616
35.40,6615
35.54,6614
35.55,6613
35.56,6612
35.56,6611
35.56,6610
35.56,6609
35.56,6608
35.56,6607
35.56,6606
35.76,6605
35.76,6604
35.76,6603
35.77,6602
35.77,6601
35.77,6600
35.78,6599
35.78,6598
35.78,6597
35.78,6596
35.78,6595
35.78,6594
35.79,6593
35.79,6592
35.99,6591
35.99,6590
36.00,6589
36.00,6588
36.00,6587
36.01,6586
36.01,6585
36.01,6584
36.02,6583
36.02,6582
36.02,6581
36.02,6580
36.03,6579
36.03,6578
36.03,6577
36.04,6576
36.04,6575
36.04,6574
36.05,6573
36.05,6572
36.05,6571
36.13,6570
36.13,6569
36.13,6568
36.13,6567
36.13,6566
36.14,6565
36.14,6564
36.14,6563
36.14,6562
36.14,6561
36.14,6560
36.14,6559
36.15,6558
36.15,6557
36.15,6556
36.15,6555
36.19,6554
36.27,6553
36.27,6552
36.27,6551
36.32,6550
36.32,6549
36.32,6548
36.32,6547
36.32,6546
36.32,6545
36.32,6544
36.32,6543
36.32,6542
36.32,6541
36.35,6540
36.35,6539
36.35,6538
36.35,6537
36.36,6536
36.36,6535
36.51,6534
36.51,6533
36.74,6532
36.74,6531
36.74,6530
36.74,6529
36.74,6528
36.74,6527
36.86,6526
36.86,6525
36.87,6524
36.88,6523
36.89,6522
36.90,6521
36.91,6520
36.91,6519
36.91,6518
36.92,6517
36.92,6516
36.92,6515
36.92,6514
36.92,6513
36.92,6512
36.93,6511
36.93,6510
36.93,6509
36.93,6508
36.94,6507
36.94,6506
36.94,6505
37.21,6504
37.21,6503
37.21,6502
37.21,6501
37.21,6500
37.22,6499
37.22,6498
37.22,6497
37.22,6496
37.26,6495
37.26,6494
37.31,6493
37.31,6492
37.32,6491
37.35,6490
37.35,6489
37.36,6488
37.36,6487
37.37,6486
37.37,6485
37.37,6484
37.37,6483
37.37,6482
37.37,6481
37.71,6480
37.71,6479
37.72,6478
37.72,6477
37.72,6476
37.74,6475
37.74,6474
37.74,6473
37.78,6472
37.79,6471
37.79,6470
37.79,6469
37.83,6468
37.84,6467
37.84,6466
37.87,6465
37.87,6464
37.87,6463
37.91,6462
37.91,6461
37.92,6460
37.94,6459
37.95,6458
37.95,6457
37.97,6456
37.97,6455
37.98,6454
38.00,6453
38.00,6452
38.00,6451
38.00,6450
38.00,6449
38.01,6448
38.01,6447
38.01,6446
38.01,6445
38.14,6444
38.16,6443
38.16,6442
38.16,6441
38.16,6440
38.16,6439
38.16,6438
38.16,6437
38.16,6436
38.18,6435
38.19,6434
38.19,6433
38.19,6432
38.19,6431
38.19,6430
38.20,6429
38.21,6428
38.22,6427
38.23,6426
38.23,6425
38.23,6424
38.23,6423
38.24,6422
38.24,6421
38.25,6420
38.25,6419
38.25,6418
38.26,6417
38.26,6416
38.26,6415
38.26,6414
38.26,6413
38.26,6412
38.26,6411
38.26,6410
38.27,6409
38.27,6408
38.27,6407
38.28,6406
38.28,6405
38.28,6404
38.28,6403
38.28,6402
38.28,6401
38.28,6400
38.29,6399
38.29,6398
38.29,6397
38.29,6396
38.29,6395
38.30,6394
38.30,6393
38.31,6392
38.31,6391
38.31,6390
38.31,6389
38.36,6388
38.36,6387
38.36,6386
38.36,6385
38.36,6384
38.36,6383
38.36,6382
38.36,6381
38.37,6380
38.37,6379
38.37,6378
38.37,6377
38.39,6376
38.39,6375
38.39,6374
38.39,6373
38.39,6372
38.40,6371
38.41,6370
38.41,6369
38.41,6368
38.41,6367
38.41,6366
38.41,6365
38.41,6364
38.57,6363
38.58,6362
38.61,6361
38.62,6360
38.62,6359
38.63,6358
38.63,6357
38.63,6356
38.63,6355
38.64,6354
38.64,6353
38.64,6352
38.76,6351
38.76,6350
38.76,6349
38.76,6348
38.76,6347
38.76,6346
38.77,6345
38.77,6344
38.85,6343
38.85,6342
38.92,6341
38.92,6340
38.92,6339
38.92,6338
38.92,6337
38.92,6336
38.92,6335
38.92,6334
38.92,6333
38.92,6332
38.92,6331
38.92,6330
38.93,6329
39.00,6328
39.00,6327
39.01,6326
39.01,6325
39.03,6324
39.03,6323
39.04,6322
39.05,6321
39.05,6320
39.05,6319
39.05,6318
39.06,6317
39.06,6316
39.06,6315
39.06,6314
39.06,6313
39.06,6312
39.07,6311
39.07,6310
39.07,6309
39.07,6308
39.07,6307
39.07,6306
39.07,6305
39.11,6304
39.11,6303
39.11,6302
39.11,6301
39.11,6300
39.11,6299
39.12,6298
39.12,6297
39.12,6296
39.16,6295
39.16,6294
39.17,6293
39.17,6292
39.17,6291
39.17,6290
39.18,6289
39.19,6288
39.19,6287
39.19,6286
39.19,6285
39.19,6284
39.19,6283
39.20,6282
39.20,6281
39.20,6280
39.20,6279
39.31,6278
39.31,6277
39.31,6276
39.32,6275
39.32,6274
39.32,6273
39.32,6272
39.35,6271
39.35,6270
39.35,6269
39.35,6268
39.36,6267
39.36,6266
39.36,6265
39.36,6264
39.57,6263
39.68,6262
39.74,6261
39.74,6260
39.74,6259
39.76,6258
39.76,6257
39.76,6256
39.77,6255
39.77,6254
39.77,6253
39.77,6252
39.78,6251
39.78,6250
39.79,6249
39.80,6248
39.80,6247
39.80,6246
39.80,6245
39.80,6244
39.81,6243
39.81,6242
39.82,6241
39.82,6240
39.83,6239
39.83,6238
39.83,6237
39.83,6236
39.83,6235
39.83,6234
39.85,6233
39.85,6232
39.88,6231
39.89,6230
39.98,6229
40.00,6228
40.00,6227
40.04,6226
40.04,6225
40.04,6224
40.04,6223
40.04,6222
40.04,6221
40.31,6220
40.31,6219
40.32,6218
40.32,6217
40.34,6216
40.34,6215
40.35,6214
40.80,6213
40.80,6212
40.82,6211
40.82,6210
40.83,6209
40.83,6208
40.83,6207
40.83,6206
40.83,6205
40.83,6204
40.83,6203
40.86,6202
40.86,6201
40.86,6200
40.87,6199
40.93,6198
40.93,6197
40.94,6196
41.02,6195
41.03,6194
41.03,6193
41.07,6192
41.07,6191
41.07,6190
41.07,6189
41.12,6188
41.12,6187
41.12,6186
41.13,6185
41.14,6184
41.14,6183
41.14,6182
41.14,6181
41.14,6180
41.17,6179
41.17,6178
41.17,6177
41.17,6176
41.18,6175
41.19,6174
41.20,6173
41.27,6172
41.27,6171
41.27,6170
41.27,6169
41.27,6168
41.28,6167
41.28,6166
41.28,6165
41.28,6164
41.29,6163
41.34,6162
41.34,6161
41.34,6160
41.34,6159
41.50,6158
41.50,6157
41.51,6156
41.51,6155
41.51,6154
41.51,6153
41.51,6152
41.51,6151
41.51,6150
41.67,6149
41.68,6148
41.68,6147
41.69,6146
41.69,6145
41.70,6144
41.70,6143
41.70,6142
41.71,6141
41.73,6140
41.73,6139
41.73,6138
41.73,6137
41.86,6136
41.87,6135
41.87,6134
41.88,6133
41.91,6132
41.91,6131
41.91,6130
41.91,6129
41.92,6128
41.92,6127
41.95,6126
41.98,6125
42.18,6124
42.18,6123
42.28,6122
42.28,6121
42.30,6120
42.30,6119
42.30,6118
42.30,6117
42.30,6116
42.30,6115
42.32,6114
42.42,6113
42.42,6112
42.43,6111
42.43,6110
42.43,6109
42.43,6108
42.43,6107
42.43,6106
42.44,6105
42.45,6104
42.45,6103
42.45,6102
42.45,6101
42.46,6100
42.49,6099
42.49,6098
42.49,6097
42.53,6096
42.53,6095
42.54,6094
42.54,6093
42.54,6092
42.54,6091
42.55,6090
42.55,6089
42.55,6088
42.55,6087
42.56,6086
42.56,6085
42.56,6084
42.57,6083
42.57,6082
42.57,6081
42.57,6080
42.57,6079
42.58,6078
42.58,6077
42.58,6076
42.68,6075
42.68,6074
42.70,6073
42.78,6072
42.78,6071
42.78,6070
42.78,6069
42.80,6068
42.80,6067
42.81,6066
42.81,6065
42.81,6064
42.81,6063
42.81,6062
42.81,6061
42.84,6060
42.84,6059
42.84,6058
42.85,6057
42.85,6056
42.86,6055
42.86,6054
42.86,6053
42.86,6052
42.86,6051
42.88,6050
42.88,6049
42.88,6048
42.89,6047
42.90,6046
42.90,6045
42.90,6044
42.90,6043
42.91,6042
42.91,6041
42.91,6040
42.92,6039
42.92,6038
42.92,6037
42.92,6036
42.94,6035
42.98,6034
43.03,6033
43.03,6032
43.03,6031
43.04,6030
43.05,6029
43.05,6028
43.05,6027
43.06,6026
43.07,6025
43.07,6024
43.07,6023
43.07,6022
43.07,6021
43.07,6020
43.09,6019
43.09,6018
43.11,6017
43.11,6016
43.12,6015
43.13,6014
43.14,6013
43.14,6012
43.14,6011
43.21,6010
43.22,6009
43.22,6008
43.32,6007
43.32,6006
43.48,6005
43.56,6004
43.56,6003
43.57,6002
43.64,6001
43.64,6000
43.64,5999
43.65,5998
43.65,5997
43.65,5996
43.65,5995
43.65,5994
43.65,5993
43.65,5992
43.66,5991
43.68,5990
43.68,5989
43.68,5988
43.68,5987
43.68,5986
43.68,5985
43.68,5984
43.69,5983
43.69,5982
43.98,5981
43.99,5980
43.99,5979
43.99,5978
44.01,5977
44.05,5976
44.05,5975
44.07,5974
44.07,5973
44.14,5972
44.14,5971
44.15,5970
44.33,5969
44.33,5968
44.34,5967
44.37,5966
44.38,5965
44.38,5964
44.38,5963
44.42,5962
44.42,5961
44.42,5960
44.42,5959
44.42,5958
44.42,5957
44.42,5956
44.44,5955
44.45,5954
44.45,5953
44.45,5952
44.45,5951
44.52,5950
44.52,5949
44.74,5948
44.74,5947
44.74,5946
44.75,5945
44.78,5944
44.78,5943
44.79,5942
44.80,5941
44.81,5940
44.82,5939
44.82,5938
44.82,5937
44.97,5936
44.97,5935
44.97,5934
44.97,5933
44.97,5932
44.98,5931
44.98,5930
44.98,5929
44.98,5928
45.00,5927
45.02,5926
45.02,5925
45.04,5924
45.04,5923
45.04,5922
45.07,5921
45.09,5920
45.09,5919
45.10,5918
45.10,5917
45.10,5916
45.10,5915
45.10,5914
45.10,5913
45.11,5912
45.11,5911
45.11,5910
45.12,5909
45.12,5908
45.12,5907
45.12,5906
45.13,5905
45.13,5904
45.14,5903
45.14,5902
45.19,5901
45.22,5900
45.22,5899
45.41,5898
45.42,5897
45.42,5896
45.43,5895
45.43,5894
45.44,5893
45.44,5892
45.44,5891
45.44,5890
45.45,5889
45.45,5888
45.45,5887
45.45,5886
45.45,5885
45.46,5884
45.46,5883
45.46,5882
45.48,5881
45.48,5880
45.49,5879
45.49,5878
45.50,5877
45.50,5876
45.51,5875
45.51,5874
45.51,5873
45.51,5872
45.51,5871
45.54,5870
45.55,5869
45.55,5868
45.55,5867
45.55,5866
45.84,5865
45.84,5864
45.85,5863
45.86,5862
45.86,5861
45.86,5860
45.86,5859
45.86,5858
45.87,5857
45.87,5856
45.87,5855
45.88,5854
45.88,5853
45.88,5852
45.88,5851
45.88,5850
45.88,5849
45.91,5848
45.91,5847
45.91,5846
45.92,5845
45.92,5844
45.92,5843
45.93,5842
45.99,5841
46.00,5840
46.01,5839
46.02,5838
46.03,5837
46.04,5836
46.05,5835
46.05,5834
46.06,5833
46.06,5832
46.09,5831
46.13,5830
46.16,5829
46.16,5828
46.17,5827
46.17,5826
46.22,5825
46.23,5824
46.23,5823
46.23,5822
46.23,5821
46.24,5820
46.24,5819
46.24,5818
46.24,5817
46.24,5816
46.24,5815
46.26,5814
46.26,5813
46.32,5812
46.32,5811
46.32,5810
46.33,5809
46.33,5808
46.34,5807
46.34,5806
46.36,5805
46.36,5804
46.36,5803
46.36,5802
46.37,5801
46.37,5800
46.37,5799
46.40,5798
46.40,5797
46.44,5796
46.44,5795
46.44,5794
46.44,5793
46.46,5792
46.46,5791
46.46,5790
46.46,5789
46.46,5788
46.47,5787
46.48,5786
46.52,5785
46.53,5784
46.54,5783
46.54,5782
46.54,5781
46.54,5780
46.54,5779
46.54,5778
46.55,5777
46.68,5776
46.72,5775
46.73,5774
46.73,5773
46.73,5772
46.75,5771
46.75,5770
46.76,5769
46.76,5768
46.77,5767
46.79,5766
46.79,5765
46.79,5764
46.79,5763
46.80,5762
46.81,5761
46.82,5760
46.82,5759
46.83,5758
46.88,5757
46.88,5756
46.89,5755
46.91,5754
46.91,5753
46.91,5752
46.91,5751
46.91,5750
46.93,5749
47.07,5748
47.07,5747
47.07,5746
47.07,5745
47.08,5744
47.16,5743
47.16,5742
47.16,5741
47.16,5740
47.16,5739
47.17,5738
47.18,5737
47.22,5736
47.22,5735
47.23,5734
47.23,5733
47.23,5732
47.24,5731
47.24,5730
47.25,5729
47.25,5728
47.25,5727
47.25,5726
47.25,5725
47.29,5724
47.29,5723
47.29,5722
47.29,5721
47.30,5720
47.31,5719
47.33,5718
47.33,5717
47.63,5716
47.63,5715
47.63,5714
47.63,5713
47.63,5712
47.66,5711
47.66,5710
47.67,5709
47.68,5708
47.68,5707
47.76,5706
47.78,5705
47.78,5704
47.78,5703
47.78,5702
47.79,5701
47.80,5700
47.81,5699
47.82,5698
47.82,5697
47.87,5696
47.87,5695
47.87,5694
47.87,5693
47.87,5692
47.89,5691
48.00,5690
48.00,5689
48.00,5688
48.05,5687
48.13,5686
48.17,5685
48.17,5684
48.17,5683
48.27,5682
48.27,5681
48.28,5680
48.32,5679
48.32,5678
48.33,5677
48.33,5676
48.33,5675
48.33,5674
48.36,5673
48.36,5672
48.36,5671
48.40,5670
48.40,5669
48.43,5668
48.43,5667
48.44,5666
48.50,5665
48.54,5664
48.54,5663
48.56,5662
48.58,5661
48.62,5660
48.70,5659
48.70,5658
48.76,5657
48.76,5656
48.77,5655
48.77,5654
48.77,5653
48.77,5652
48.77,5651
48.77,5650
48.78,5649
48.78,5648
48.78,5647
48.78,5646
48.78,5645
48.79,5644
48.81,5643
48.82,5642
48.82,5641
48.82,5640
48.82,5639
48.83,5638
48.86,5637
48.86,5636
48.86,5635
48.87,5634
48.87,5633
48.87,5632
48.89,5631
48.90,5630
49.00,5629
49.01,5628
49.01,5627
49.01,5626
49.01,5625
49.02,5624
49.02,5623
49.03,5622
49.03,5621
49.04,5620
49.05,5619
49.05,5618
49.06,5617
49.07,5616
49.07,5615
49.08,5614
49.08,5613
49.10,5612
49.10,5611
49.10,5610
49.10,5609
49.10,5608
49.11,5607
49.11,5606
49.11,5605
49.11,5604
49.11,5603
49.11,5602
49.12,5601
49.13,5600
49.13,5599
49.15,5598
49.15,5597
49.15,5596
49.15,5595
49.15,5594
49.17,5593
49.17,5592
49.17,5591
49.17,5590
49.17,5589
49.20,5588
49.21,5587
49.21,5586
49.24,5585
49.24,5584
49.24,5583
49.24,5582
49.24,5581
49.25,5580
49.25,5579
49.25,5578
49.25,5577
49.25,5576
49.25,5575
49.26,5574
49.26,5573
49.27,5572
49.28,5571
49.28,5570
49.54,5569
49.54,5568
49.58,5567
49.58,5566
49.59,5565
49.62,5564
49.62,5563
49.62,5562
49.63,5561
49.63,5560
49.64,5559
49.65,5558
49.72,5557
49.72,5556
49.74,5555
49.75,5554
49.75,5553
49.77,5552
49.77,5551
49.77,5550
49.79,5549
49.80,5548
49.90,5547
49.92,5546
49.97,5545
49.97,5544
49.98,5543
49.98,5542
49.98,5541
50.00,5540
50.25,5539
50.25,5538
50.38,5537
50.48,5536
50.49,5535
50.51,5534
50.52,5533
50.53,5532
50.53,5531
50.53,5530
50.53,5529
50.54,5528
50.54,5527
50.54,5526
50.55,5525
50.55,5524
50.57,5523
50.57,5522
50.57,5521
50.64,5520
50.65,5519
50.65,5518
50.66,5517
50.66,5516
50.66,5515
50.66,5514
50.68,5513
50.68,5512
50.68,5511
50.72,5510
50.72,5509
50.73,5508
50.73,5507
50.73,5506
50.73,5505
50.73,5504
50.74,5503
50.77,5502
50.79,5501
50.79,5500
50.81,5499
50.83,5498
51.14,5497
51.24,5496
51.25,5495
51.26,5494
51.26,5493
51.27,5492
51.27,5491
51.33,5490
51.33,5489
51.34,5488
51.34,5487
51.34,5486
51.34,5485
51.38,5484
51.38,5483
51.45,5482
51.45,5481
51.45,5480
51.46,5479
51.46,5478
51.52,5477
51.53,5476
51.53,5475
51.55,5474
51.55,5473
51.60,5472
51.61,5471
51.61,5470
51.62,5469
51.62,5468
51.62,5467
51.62,5466
51.64,5465
51.65,5464
51.65,5463
51.74,5462
51.74,5461
51.76,5460
51.76,5459
51.76,5458
51.76,5457
51.77,5456
51.79,5455
51.82,5454
51.82,5453
51.82,5452
51.89,5451
51.89,5450
51.90,5449
51.90,5448
51.91,5447
51.92,5446
51.92,5445
51.93,5444
51.95,5443
51.96,5442
51.97,5441
52.03,5440
52.03,5439
52.03,5438
52.03,5437
52.03,5436
52.05,5435
52.06,5434
52.61,5433
52.61,5432
52.61,5431
52.62,5430
52.64,5429
52.64,5428
52.79,5427
52.79,5426
52.80,5425
52.80,5424
52.82,5423
52.82,5422
52.82,5421
52.83,5420
52.83,5419
52.84,5418
52.85,5417
52.85,5416
52.87,5415
52.87,5414
52.88,5413
52.88,5412
52.88,5411
52.88,5410
52.89,5409
52.89,5408
52.89,5407
52.89,5406
53.05,5405
53.06,5404
53.06,5403
53.07,5402
53.09,5401
53.09,5400
53.09,5399
53.12,5398
53.14,5397
53.14,5396
53.16,5395
53.16,5394
53.16,5393
53.18,5392
53.20,5391
53.22,5390
53.22,5389
53.24,5388
53.24,5387
53.25,5386
53.37,5385
53.37,5384
53.37,5383
53.37,5382
53.39,5381
53.41,5380
53.42,5379
53.43,5378
53.43,5377
53.59,5376
53.59,5375
53.59,5374
53.64,5373
53.72,5372
53.73,5371
53.74,5370
53.75,5369
53.75,5368
53.75,5367
53.84,5366
53.85,5365
53.85,5364
53.85,5363
53.85,5362
53.86,5361
53.88,5360
53.88,5359
53.93,5358
53.94,5357
53.94,5356
53.95,5355
53.96,5354
53.96,5353
53.97,5352
53.98,5351
53.99,5350
53.99,5349
54.00,5348
54.03,5347
54.03,5346
54.05,5345
54.05,5344
54.06,5343
54.06,5342
54.07,5341
54.08,5340
54.09,5339
54.10,5338
54.10,5337
54.11,5336
54.11,5335
54.17,5334
54.44,5333
54.44,5332
54.50,5331
54.50,5330
54.50,5329
54.53,5328
54.56,5327
54.56,5326
54.67,5325
54.67,5324
54.67,5323
54.68,5322
54.84,5321
54.85,5320
54.87,5319
54.87,5318
54.87,5317
54.87,5316
54.88,5315
54.88,5314
54.88,5313
54.89,5312
54.90,5311
54.93,5310
54.94,5309
54.96,5308
54.97,5307
54.98,5306
54.99,5305
55.04,5304
55.04,5303
55.04,5302
55.06,5301
55.08,5300
55.09,5299
55.10,5298
55.10,5297
55.10,5296
55.10,5295
55.11,5294
55.14,5293
55.14,5292
55.25,5291
55.26,5290
55.26,5289
55.26,5288
55.26,5287
55.27,5286
55.27,5285
55.27,5284
55.27,5283
55.27,5282
55.28,5281
55.28,5280
55.29,5279
55.46,5278
55.48,5277
55.49,5276
55.49,5275
55.49,5274
55.50,5273
55.59,5272
55.61,5271
55.61,5270
55.63,5269
55.63,5268
55.63,5267
55.63,5266
55.82,5265
55.83,5264
55.83,5263
55.83,5262
56.32,5261
56.36,5260
56.38,5259
56.38,5258
56.38,5257
56.49,5256
56.50,5255
56.50,5254
56.50,5253
56.51,5252
56.76,5251
56.76,5250
57.32,5249
57.32,5248
57.37,5247
57.39,5246
57.77,5245
57.77,5244
57.80,5243
57.86,5242
57.86,5241
57.87,5240
57.88,5239
57.88,5238
57.90,5237
57.90,5236
57.92,5235
58.23,5234
58.23,5233
58.24,5232
58.25,5231
58.29,5230
58.30,5229
58.31,5228
58.31,5227
58.32,5226
58.32,5225
58.33,5224
58.33,5223
58.34,5222
58.35,5221
58.36,5220
58.48,5219
58.50,5218
58.55,5217
58.58,5216
58.75,5215
58.79,5214
58.87,5213
58.89,5212
58.90,5211
58.91,5210
58.91,5209
58.94,5208
58.94,5207
58.94,5206
58.94,5205
58.95,5204
58.96,5203
58.96,5202
58.97,5201
59.01,5200
59.02,5199
59.03,5198
59.03,5197
59.03,5196
59.06,5195
59.07,5194
59.08,5193
59.08,5192
59.08,5191
59.13,5190
59.14,5189
59.15,5188
59.24,5187
59.47,5186
59.47,5185
59.47,5184
59.47,5183
59.48,5182
59.49,5181
59.49,5180
59.49,5179
59.49,5178
59.64,5177
59.72,5176
59.73,5175
59.74,5174
59.75,5173
59.75,5172
59.76,5171
59.76,5170
59.76,5169
59.77,5168
59.79,5167
59.80,5166
59.81,5165
59.81,5164
59.82,5163
59.84,5162
59.86,5161
60.35,5160
60.36,5159
60.36,5158
60.36,5157
60.37,5156
60.37,5155
60.82,5154
60.83,5153
61.72,5152
61.73,5151
61.78,5150
61.78,5149
61.87,5148
61.87,5147
61.91,5146
61.91,5145
61.92,5144
61.93,5143
62.00,5142
62.01,5141
62.06,5140
62.08,5139
62.24,5138
62.24,5137
62.25,5136
62.25,5135
62.25,5134
62.26,5133
62.26,5132
62.28,5131
62.30,5130
62.30,5129
62.32,5128
62.32,5127
62.33,5126
63.02,5125
63.04,5124
63.17,5123
63.17,5122
63.18,5121
63.18,5120
63.19,5119
63.19,5118
63.38,5117
63.84,5116
63.85,5115
63.87,5114
63.87,5113
63.95,5112
63.96,5111
64.00,5110
64.38,5109
64.38,5108
64.79,5107
64.85,5106
64.86,5105
64.86,5104
64.90,5103
64.91,5102
64.91,5101
64.93,5100
64.94,5099
64.94,5098
64.95,5097
64.98,5096
65.00,5095
65.01,5094
65.60,5093
65.61,5092
65.63,5091
65.63,5090
65.63,5089
65.71,5088
65.74,5087
65.74,5086
65.75,5085
65.75,5084
65.77,5083
65.81,5082
65.81,5081
65.82,5080
65.83,5079
65.84,5078
65.99,5077
66.01,5076
66.02,5075
66.02,5074
66.03,5073
66.03,5072
66.03,5071
66.06,5070
66.10,5069
66.11,5068
66.11,5067
66.23,5066
66.26,5065
66.27,5064
66.27,5063
66.34,5062
66.36,5061
66.41,5060
66.44,5059
66.44,5058
66.49,5057
66.52,5056
66.52,5055
66.53,5054
66.53,5053
66.53,5052
66.77,5051
66.88,5050
66.98,5049
67.00,5048
67.00,5047
67.00,5046
67.13,5045
67.13,5044
67.85,5043
68.09,5042
68.13,5041
68.18,5040
68.19,5039
68.32,5038
68.49,5037
69.32,5036
69.33,5035
69.36,5034
69.42,5033
69.45,5032
69.46,5031
69.47,5030
69.63,5029
69.64,5028
69.68,5027
69.70,5026
69.70,5025
69.70,5024
69.75,5023
69.75,5022
70.21,5021
71.89,5020
72.06,5019
72.08,5018
72.40,5017
72.41,5016
73.71,5015
73.72,5014
74.17,5013
74.77,5012
74.83,5011
74.83,5010
74.84,5009
75.50,5008
75.51,5007
75.52,5006
75.53,5005
75.53,5004
75.53,5003
75.54,5002
75.55,5001
75.62,5000
75.63,4999
75.64,4998
75.65,4997
75.66,4996
75.75,4995
75.76,4994
76.39,4993
76.39,4992
76.39,4991
76.49,4990
76.50,4989
76.57,4988
76.59,4987
76.59,4986
76.64,4985
76.65,4984
76.65,4983
76.65,4982
76.73,4981
77.54,4980
77.57,4979
77.60,4978
77.66,4977
78.32,4976
78.34,4975
78.34,4974
78.34,4973
78.37,4972
78.50,4971
78.50,4970
78.50,4969
78.54,4968
78.74,4967
78.77,4966
78.77,4965
78.77,4964
78.77,4963
78.78,4962
78.81,4961
78.81,4960
78.85,4959
78.90,4958
78.96,4957
78.97,4956
78.97,4955
78.99,4954
79.28,4953
79.29,4952
79.33,4951
79.34,4950
79.46,4949
79.47,4948
79.50,4947
79.51,4946
79.55,4945
79.56,4944
80.94,4943
81.36,4942
81.41,4941
81.55,4940
81.55,4939
81.58,4938
81.61,4937
81.63,4936
81.64,4935
82.29,4934
82.40,4933
87.23,4932
87.29,4931
87.30,4930
87.30,4929
88.05,4928
88.22,4927
90.07,4926
90.07,4925
90.10,4924
90.19,4923
90.20,4922
90.27,4921
90.32,4920
90.32,4919
90.33,4918
90.34,4917
90.44,4916
90.71,4915
91.05,4914
91.06,4913
91.06,4912
91.68,4911
92.05,4910
92.25,4909
92.27,4908
93.37,4907
93.40,4906
93.43,4905
93.44,4904
93.47,4903
94.72,4902
94.73,4901
95.42,4900
95.45,4899
95.89,4898
96.15,4897
97.64,4896
97.68,4895
97.68,4894
97.75,4893
97.78,4892
99.68,4891
100.52,4890
100.53,4889
100.63,4888
100.79,4887
100.81,4886
101.10,4885
101.24,4884
101.46,4883
101.47,4882
101.49,4881
101.51,4880
101.51,4879
101.52,4878
101.78,4877
102.66,4876
102.70,4875
103.24,4874
103.25,4873
103.27,4872
103.34,4871
103.41,4870
110.71,4869
110.72,4868
111.60,4867
117.64,4866
117.70,4865
117.84,4864
121.37,4863
121.38,4862
121.39,4861
121.44,4860
121.45,4859
121.50,4858
121.69,4857
122.20,4856
122.26,4855
122.30,4854
122.38,4853
122.47,4852
122.63,4851
122.74,4850
140.64,4849
143.71,4848
143.77,4847
146.07,4846
146.12,4845
146.19,4844
146.35,4843
147.29,4842
147.32,4841
147.41,4840
147.51,4839
147.76,4838
148.37,4837
148.40,4836
149.22,4835
149.82,4834
169.14,4833
172.46,4832
172.47,4831
173.36,4830
173.52,4829
176.22,4828
178.96,4827
183.13,4826
183.23,4825
183.47,4824
187.33,4823
187.47,4822
196.46,4821
196.47,4820
216.03,4819
230.00,4818
230.31,4817
232.46,4816
232.68,4815
265.10,4814
311.51,4813
312.35,4812
313.02,4811
336.80,4810
363.62,4809
363.95,4808
403.97,4807
454.00,4806
454.14,4805
454.53,4804
455.69,4803
550.89,4802
