0.00,5870
0.26,5869
0.64,5868
0.81,5867
0.92,5866
1.35,5865
1.51,5864
2.15,5863
2.30,5862
3.43,5861
3.79,5860
4.27,5859
4.48,5858
4.85,5857
5.12,5856
5.40,5855
6.02,5854
6.29,5853
6.67,5852
6.78,5851
7.36,5850
8.09,5849
8.50,5848
8.92,5847
9.24,5846
9.34,5845
10.13,5844
10.49,5843
10.65,5842
10.75,5841
11.06,5840
12.10,5839
12.47,5838
12.89,5837
13.45,5836
13.96,5835
14.06,5834
14.16,5833
14.68,5832
15.49,5831
15.85,5830
15.95,5829
16.52,5828
16.73,5827
17.33,5826
17.81,5825
17.92,5824
18.18,5823
18.81,5822
19.13,5821
19.34,5820
19.44,5819
19.85,5818
20.26,5817
20.36,5816
20.62,5815
20.93,5814
21.23,5813
21.49,5812
21.80,5811
22.17,5810
22.58,5809
22.93,5808
23.19,5807
23.34,5806
23.44,5805
23.86,5804
24.06,5803
24.32,5802
24.48,5801
24.89,5800
25.34,5799
25.80,5798
26.21,5797
26.46,5796
26.80,5795
26.90,5794
27.41,5793
27.93,5792
28.03,5791
28.59,5790
28.75,5789
29.00,5788
29.15,5787
29.46,5786
29.66,5785
30.07,5784
30.63,5783
30.85,5782
31.40,5781
31.51,5780
31.77,5779
31.88,5778
32.14,5777
32.36,5776
32.79,5775
33.09,5774
33.70,5773
33.81,5772
33.91,5771
34.02,5770
34.12,5769
34.59,5768
35.22,5767
35.85,5766
36.17,5765
36.54,5764
36.75,5763
37.41,5762
37.68,5761
38.64,5760
39.17,5759
39.70,5758
39.80,5757
40.17,5756
40.28,5755
40.70,5754
41.06,5753
41.17,5752
41.53,5751
41.90,5750
42.00,5749
42.32,5748
42.42,5747
42.74,5746
43.34,5745
43.65,5744
43.95,5743
44.05,5742
44.20,5741
44.36,5740
44.71,5739
45.38,5738
45.73,5737
45.89,5736
46.30,5735
47.04,5734
47.61,5733
47.92,5732
48.45,5731
48.61,5730
48.82,5729
49.13,5728
49.89,5727
50.35,5726
50.61,5725
50.82,5724
51.02,5723
51.17,5722
51.58,5721
51.99,5720
52.29,5719
53.41,5718
53.77,5717
54.24,5716
54.65,5715
54.91,5714
55.07,5713
55.33,5712
55.90,5711
56.00,5710
56.17,5709
56.33,5708
56.76,5707
57.18,5706
57.33,5705
57.65,5704
57.95,5703
58.36,5702
58.61,5701
58.77,5700
58.92,5699
59.12,5698
59.27,5697
59.53,5696
59.68,5695
59.83,5694
59.93,5693
60.50,5692
61.04,5691
61.30,5690
61.87,5689
62.60,5688
62.91,5687
63.28,5686
63.38,5685
63.79,5684
63.89,5683
64.24,5682
65.17,5681
65.53,5680
65.94,5679
66.30,5678
66.91,5677
67.78,5676
67.93,5675
68.18,5674
69.74,5673
69.84,5672
70.15,5671
70.45,5670
70.65,5669
70.91,5668
71.06,5667
71.61,5666
72.12,5665
72.53,5664
72.95,5663
73.32,5662
73.42,5661
73.52,5660
73.83,5659
74.03,5658
75.33,5657
75.54,5656
76.41,5655
76.61,5654
77.27,5653
77.73,5652
77.88,5651
78.19,5650
78.66,5649
79.23,5648
79.59,5647
79.70,5646
79.80,5645
80.64,5644
80.79,5643
80.94,5642
81.04,5641
81.40,5640
81.96,5639
82.16,5638
82.36,5637
82.88,5636
82.99,5635
83.09,5634
83.25,5633
84.27,5632
84.42,5631
84.58,5630
84.78,5629
85.03,5628
85.13,5627
86.04,5626
86.64,5625
87.05,5624
88.48,5623
88.73,5622
89.29,5621
89.54,5620
90.04,5619
90.50,5618
90.60,5617
91.00,5616
91.10,5615
91.77,5614
92.07,5613
92.33,5612
92.58,5611
93.19,5610
93.39,5609
93.54,5608
93.80,5607
94.28,5606
95.12,5605
95.42,5604
96.25,5603
96.50,5602
96.97,5601
97.58,5600
97.84,5599
98.04,5598
98.20,5597
98.40,5596
98.66,5595
98.87,5594
99.03,5593
99.39,5592
99.49,5591
99.80,5590
99.90,5589
100.15,5588
100.56,5587
100.71,5586
100.81,5585
101.11,5584
101.26,5583
101.71,5582
101.91,5581
102.21,5580
102.41,5579
103.26,5578
103.77,5577
104.23,5576
104.54,5575
105.19,5574
106.30,5573
106.45,5572
106.91,5571
107.32,5570
107.47,5569
107.98,5568
108.48,5567
108.58,5566
108.79,5565
109.15,5564
109.41,5563
109.96,5562
110.41,5561
110.82,5560
111.68,5559
111.94,5558
112.14,5557
112.24,5556
113.17,5555
113.57,5554
113.93,5553
114.08,5552
114.18,5551
114.28,5550
115.24,5549
116.00,5548
116.35,5547
116.51,5546
117.22,5545
117.52,5544
117.72,5543
117.87,5542
118.32,5541
118.47,5540
119.54,5539
120.16,5538
120.27,5537
121.29,5536
121.40,5535
121.81,5534
122.57,5533
122.72,5532
122.97,5531
123.17,5530
123.57,5529
123.93,5528
124.24,5527
124.69,5526
124.99,5525
125.81,5524
126.01,5523
126.26,5522
126.56,5521
126.71,5520
126.87,5519
127.27,5518
128.31,5517
128.46,5516
128.96,5515
129.16,5514
129.37,5513
129.62,5512
129.78,5511
130.08,5510
130.54,5509
130.75,5508
131.25,5507
131.44,5506
132.06,5505
132.52,5504
133.29,5503
135.00,5502
135.10,5501
135.61,5500
136.43,5499
136.63,5498
136.90,5497
137.10,5496
138.01,5495
138.71,5494
138.96,5493
139.26,5492
139.37,5491
139.62,5490
139.72,5489
139.87,5488
140.23,5487
140.38,5486
140.48,5485
140.68,5484
140.88,5483
141.03,5482
141.23,5481
142.04,5480
142.39,5479
142.50,5478
142.80,5477
142.95,5476
143.20,5475
143.97,5474
144.07,5473
144.32,5472
144.58,5471
144.88,5470
145.23,5469
145.74,5468
146.04,5467
146.29,5466
146.39,5465
148.19,5464
148.64,5463
148.84,5462
149.50,5461
149.65,5460
149.76,5459
150.68,5458
151.14,5457
151.65,5456
151.86,5455
151.96,5454
152.51,5453
152.86,5452
153.51,5451
154.00,5450
154.55,5449
155.01,5448
155.21,5447
155.56,5446
155.96,5445
156.16,5444
156.40,5443
156.91,5442
157.21,5441
157.51,5440
157.96,5439
158.31,5438
158.61,5437
158.86,5436
158.96,5435
159.51,5434
160.23,5433
160.45,5432
161.02,5431
161.53,5430
162.13,5429
162.54,5428
163.20,5427
163.45,5426
163.60,5425
164.25,5424
165.11,5423
165.32,5422
165.75,5421
166.36,5420
167.23,5419
167.43,5418
167.68,5417
168.09,5416
168.50,5415
168.85,5414
169.50,5413
170.01,5412
170.44,5411
170.54,5410
170.64,5409
170.74,5408
170.90,5407
171.10,5406
171.51,5405
171.92,5404
172.54,5403
173.20,5402
174.22,5401
174.37,5400
174.92,5399
175.12,5398
175.46,5397
175.56,5396
175.71,5395
176.17,5394
176.63,5393
177.19,5392
177.44,5391
177.59,5390
177.74,5389
177.88,5388
178.23,5387
178.68,5386
178.98,5385
179.08,5384
179.62,5383
179.82,5382
180.12,5381
180.68,5380
180.78,5379
180.98,5378
181.68,5377
181.89,5376
182.29,5375
182.39,5374
182.75,5373
182.91,5372
183.27,5371
183.57,5370
183.83,5369
184.13,5368
184.29,5367
184.39,5366
185.21,5365
185.57,5364
185.87,5363
186.36,5362
186.72,5361
186.87,5360
187.07,5359
187.73,5358
188.53,5357
188.88,5356
188.98,5355
189.08,5354
189.33,5353
189.53,5352
189.73,5351
190.70,5350
191.10,5349
191.20,5348
191.80,5347
191.89,5346
192.84,5345
193.05,5344
193.24,5343
193.54,5342
194.11,5341
194.56,5340
194.66,5339
195.07,5338
195.17,5337
195.28,5336
195.58,5335
195.85,5334
196.46,5333
196.61,5332
196.71,5331
196.92,5330
197.26,5329
197.76,5328
197.86,5327
198.76,5326
199.01,5325
200.11,5324
200.35,5323
200.46,5322
200.61,5321
200.76,5320
200.96,5319
201.12,5318
201.27,5317
201.47,5316
202.13,5315
202.33,5314
202.43,5313
204.27,5312
204.62,5311
205.18,5310
205.37,5309
205.98,5308
206.13,5307
206.23,5306
206.63,5305
206.93,5304
207.18,5303
207.88,5302
208.88,5301
209.28,5300
209.48,5299
209.63,5298
209.99,5297
210.10,5296
210.20,5295
210.30,5294
210.97,5293
211.07,5292
211.22,5291
211.63,5290
211.73,5289
211.98,5288
212.13,5287
212.53,5286
212.73,5285
212.83,5284
213.20,5283
213.31,5282
213.85,5281
214.05,5280
214.30,5279
214.45,5278
214.95,5277
215.21,5276
215.36,5275
215.46,5274
215.71,5273
215.87,5272
216.07,5271
216.47,5270
216.97,5269
217.07,5268
218.41,5267
218.51,5266
219.22,5265
219.47,5264
219.58,5263
220.67,5262
221.57,5261
221.93,5260
222.03,5259
222.27,5258
223.09,5257
223.19,5256
223.29,5255
223.44,5254
224.07,5253
224.47,5252
224.67,5251
225.27,5250
225.37,5249
226.12,5248
226.32,5247
226.52,5246
227.05,5245
227.15,5244
227.30,5243
227.56,5242
228.42,5241
228.78,5240
229.04,5239
229.24,5238
229.39,5237
229.55,5236
229.75,5235
230.16,5234
230.54,5233
230.64,5232
231.05,5231
231.20,5230
231.96,5229
232.26,5228
232.36,5227
233.01,5226
233.26,5225
233.41,5224
233.66,5223
234.27,5222
234.81,5221
235.01,5220
235.36,5219
235.78,5218
235.88,5217
236.08,5216
236.28,5215
236.94,5214
237.04,5213
237.28,5212
237.43,5211
237.59,5210
238.29,5209
238.58,5208
239.23,5207
239.52,5206
239.77,5205
239.97,5204
240.17,5203
240.81,5202
241.16,5201
241.26,5200
241.66,5199
241.86,5198
242.32,5197
242.52,5196
242.88,5195
243.23,5194
243.39,5193
245.66,5192
245.76,5191
246.12,5190
247.06,5189
248.06,5188
248.91,5187
249.95,5186
250.45,5185
251.10,5184
252.00,5183
252.70,5182
252.80,5181
253.10,5180
253.34,5179
253.79,5178
254.93,5177
255.83,5176
256.13,5175
257.08,5174
257.32,5173
257.73,5172
257.93,5171
258.57,5170
259.02,5169
259.76,5168
260.39,5167
261.00,5166
261.79,5165
262.60,5164
262.95,5163
263.60,5162
264.40,5161
264.50,5160
264.70,5159
264.90,5158
265.00,5157
265.15,5156
265.81,5155
266.62,5154
267.02,5153
267.12,5152
267.74,5151
268.29,5150
269.09,5149
269.23,5148
269.54,5147
270.24,5146
270.44,5145
270.89,5144
271.19,5143
271.54,5142
271.69,5141
272.14,5140
272.65,5139
273.10,5138
273.45,5137
273.55,5136
274.16,5135
274.68,5134
275.23,5133
275.63,5132
276.09,5131
276.34,5130
276.74,5129
277.24,5128
277.55,5127
277.70,5126
277.79,5125
278.04,5124
278.34,5123
278.99,5122
280.70,5121
281.38,5120
281.59,5119
282.25,5118
282.35,5117
282.71,5116
283.05,5115
283.91,5114
284.88,5113
285.09,5112
285.50,5111
285.86,5110
286.66,5109
286.96,5108
287.46,5107
287.77,5106
288.02,5105
288.74,5104
288.84,5103
289.50,5102
290.05,5101
290.25,5100
290.55,5099
291.46,5098
291.66,5097
291.97,5096
292.61,5095
292.72,5094
293.00,5093
293.45,5092
293.71,5091
293.81,5090
293.96,5089
294.12,5088
294.27,5087
294.62,5086
294.78,5085
295.54,5084
295.95,5083
296.81,5082
297.11,5081
298.22,5080
298.37,5079
299.09,5078
299.29,5077
299.55,5076
300.47,5075
300.98,5074
301.12,5073
302.44,5072
302.79,5071
303.35,5070
303.46,5069
304.30,5068
305.40,5067
305.96,5066
306.11,5065
306.71,5064
307.01,5063
307.71,5062
308.27,5061
308.42,5060
309.52,5059
310.07,5058
310.32,5057
310.83,5056
311.42,5055
311.77,5054
311.96,5053
312.70,5052
314.34,5051
315.28,5050
315.48,5049
315.78,5048
316.17,5047
316.72,5046
316.91,5045
317.06,5044
317.17,5043
317.27,5042
317.37,5041
318.54,5040
318.64,5039
318.79,5038
319.04,5037
319.13,5036
319.29,5035
319.39,5034
320.25,5033
320.60,5032
320.85,5031
321.10,5030
322.82,5029
323.27,5028
323.52,5027
324.07,5026
324.32,5025
324.83,5024
325.90,5023
326.13,5022
326.29,5021
327.25,5020
327.35,5019
328.25,5018
328.41,5017
329.06,5016
330.00,5015
331.57,5014
331.93,5013
332.18,5012
333.68,5011
334.13,5010
334.38,5009
334.97,5008
335.27,5007
335.53,5006
335.83,5005
336.59,5004
336.75,5003
336.95,5002
337.97,5001
338.07,5000
339.07,4999
339.52,4998
339.82,4997
340.36,4996
340.86,4995
341.91,4994
