0.15,8360
0.15,8359
0.15,8358
0.15,8357
0.15,8356
0.15,8355
0.15,8354
0.15,8353
0.15,8352
0.15,8351
0.15,8350
0.15,8349
0.16,8348
0.16,8347
0.16,8346
0.16,8345
0.16,8344
0.16,8343
0.16,8342
0.16,8341
0.16,8340
0.16,8339
0.16,8338
0.16,8337
0.16,8336
0.16,8335
0.16,8334
0.16,8333
0.16,8332
0.16,8331
0.16,8330
0.16,8329
0.16,8328
0.16,8327
0.16,8326
0.17,8325
0.17,8324
0.17,8323
0.17,8322
0.17,8321
0.17,8320
0.17,8319
0.17,8318
0.17,8317
0.17,8316
0.17,8315
0.17,8314
0.17,8313
0.17,8312
0.17,8311
0.17,8310
0.17,8309
0.17,8308
0.17,8307
0.17,8306
0.17,8305
0.17,8304
0.17,8303
0.17,8302
0.17,8301
0.17,8300
0.17,8299
0.17,8298
0.17,8297
0.17,8296
0.17,8295
0.17,8294
0.17,8293
0.18,8292
0.18,8291
0.18,8290
0.18,8289
0.18,8288
0.18,8287
0.18,8286
0.18,8285
0.18,8284
0.18,8283
0.18,8282
0.18,8281
0.18,8280
0.18,8279
0.18,8278
0.18,8277
0.19,8276
0.19,8275
0.19,8274
0.19,8273
0.19,8272
0.19,8271
0.19,8270
0.19,8269
0.19,8268
0.19,8267
0.19,8266
0.19,8265
0.19,8264
0.19,8263
0.19,8262
0.19,8261
0.19,8260
0.19,8259
0.20,8258
0.20,8257
0.20,8256
0.20,8255
0.20,8254
0.20,8253
0.20,8252
0.20,8251
0.20,8250
0.20,8249
0.20,8248
0.20,8247
0.20,8246
0.20,8245
0.20,8244
0.20,8243
0.20,8242
0.20,8241
0.20,8240
0.20,8239
0.20,8238
0.20,8237
0.20,8236
0.20,8235
0.21,8234
0.21,8233
0.21,8232
0.21,8231
0.21,8230
0.21,8229
0.21,8228
0.21,8227
0.21,8226
0.21,8225
0.21,8224
0.21,8223
0.21,8222
0.21,8221
0.21,8220
0.21,8219
0.21,8218
0.21,8217
0.21,8216
0.21,8215
0.22,8214
0.22,8213
0.22,8212
0.22,8211
0.22,8210
0.22,8209
0.22,8208
0.22,8207
0.22,8206
0.22,8205
0.22,8204
0.23,8203
0.23,8202
0.23,8201
0.23,8200
0.23,8199
0.23,8198
0.23,8197
0.23,8196
0.23,8195
0.23,8194
0.23,8193
0.23,8192
0.23,8191
0.24,8190
0.24,8189
0.24,8188
0.24,8187
0.24,8186
0.24,8185
0.24,8184
0.24,8183
0.24,8182
0.25,8181
0.25,8180
0.25,8179
0.25,8178
0.25,8177
0.25,8176
0.25,8175
0.25,8174
0.25,8173
0.25,8172
0.25,8171
0.25,8170
0.25,8169
0.25,8168
0.25,8167
0.25,8166
0.25,8165
0.25,8164
0.25,8163
0.25,8162
0.25,8161
0.25,8160
0.26,8159
0.26,8158
0.26,8157
0.26,8156
0.26,8155
0.26,8154
0.26,8153
0.26,8152
0.26,8151
0.26,8150
0.26,8149
0.26,8148
0.26,8147
0.27,8146
0.27,8145
0.27,8144
0.27,8143
0.27,8142
0.27,8141
0.27,8140
0.27,8139
0.27,8138
0.27,8137
0.27,8136
0.27,8135
0.27,8134
0.27,8133
0.27,8132
0.28,8131
0.28,8130
0.28,8129
0.28,8128
0.28,8127
0.28,8126
0.28,8125
0.28,8124
0.28,8123
0.28,8122
0.28,8121
0.28,8120
0.28,8119
0.28,8118
0.28,8117
0.28,8116
0.28,8115
0.28,8114
0.28,8113
0.28,8112
0.29,8111
0.29,8110
0.29,8109
0.29,8108
0.29,8107
0.29,8106
0.29,8105
0.29,8104
0.29,8103
0.29,8102
0.29,8101
0.29,8100
0.29,8099
0.30,8098
0.30,8097
0.30,8096
0.30,8095
0.30,8094
0.30,8093
0.31,8092
0.31,8091
0.31,8090
0.31,8089
0.31,8088
0.31,8087
0.31,8086
0.31,8085
0.31,8084
0.31,8083
0.32,8082
0.32,8081
0.32,8080
0.32,8079
0.32,8078
0.32,8077
0.32,8076
0.32,8075
0.33,8074
0.33,8073
0.33,8072
0.33,8071
0.33,8070
0.33,8069
0.33,8068
0.33,8067
0.34,8066
0.34,8065
0.34,8064
0.34,8063
0.34,8062
0.34,8061
0.34,8060
0.34,8059
0.35,8058
0.35,8057
0.35,8056
0.35,8055
0.36,8054
0.36,8053
0.36,8052
0.36,8051
0.36,8050
0.36,8049
0.36,8048
0.36,8047
0.36,8046
0.36,8045
0.36,8044
0.36,8043
0.36,8042
0.36,8041
0.36,8040
0.37,8039
0.37,8038
0.37,8037
0.37,8036
0.37,8035
0.37,8034
0.37,8033
0.37,8032
0.37,8031
0.37,8030
0.37,8029
0.37,8028
0.37,8027
0.37,8026
0.37,8025
0.37,8024
0.37,8023
0.38,8022
0.38,8021
0.38,8020
0.38,8019
0.38,8018
0.38,8017
0.38,8016
0.38,8015
0.38,8014
0.38,8013
0.38,8012
0.38,8011
0.39,8010
0.39,8009
0.39,8008
0.39,8007
0.40,8006
0.40,8005
0.40,8004
0.40,8003
0.40,8002
0.40,8001
0.40,8000
0.40,7999
0.40,7998
0.40,7997
0.40,7996
0.40,7995
0.40,7994
0.41,7993
0.41,7992
0.42,7991
0.42,7990
0.42,7989
0.42,7988
0.42,7987
0.42,7986
0.42,7985
0.42,7984
0.42,7983
0.43,7982
0.43,7981
0.43,7980
0.43,7979
0.43,7978
0.43,7977
0.44,7976
0.44,7975
0.44,7974
0.44,7973
0.44,7972
0.44,7971
0.44,7970
0.44,7969
0.44,7968
0.45,7967
0.45,7966
0.45,7965
0.45,7964
0.45,7963
0.45,7962
0.45,7961
0.45,7960
0.45,7959
0.45,7958
0.46,7957
0.46,7956
0.46,7955
0.46,7954
0.46,7953
0.46,7952
0.46,7951
0.46,7950
0.46,7949
0.46,7948
0.46,7947
0.46,7946
0.46,7945
0.46,7944
0.46,7943
0.46,7942
0.46,7941
0.46,7940
0.47,7939
0.47,7938
0.47,7937
0.47,7936
0.47,7935
0.47,7934
0.48,7933
0.48,7932
0.48,7931
0.48,7930
0.48,7929
0.48,7928
0.48,7927
0.49,7926
0.49,7925
0.49,7924
0.49,7923
0.49,7922
0.49,7921
0.49,7920
0.49,7919
0.49,7918
0.49,7917
0.49,7916
0.49,7915
0.49,7914
0.49,7913
0.49,7912
0.49,7911
0.50,7910
0.50,7909
0.50,7908
0.51,7907
0.51,7906
0.51,7905
0.51,7904
0.51,7903
0.51,7902
0.51,7901
0.51,7900
0.51,7899
0.51,7898
0.51,7897
0.52,7896
0.52,7895
0.54,7894
0.54,7893
0.55,7892
0.55,7891
0.55,7890
0.55,7889
0.55,7888
0.55,7887
0.55,7886
0.55,7885
0.55,7884
0.55,7883
0.56,7882
0.56,7881
0.56,7880
0.56,7879
0.56,7878
0.56,7877
0.56,7876
0.56,7875
0.57,7874
0.57,7873
0.57,7872
0.57,7871
0.58,7870
0.58,7869
0.58,7868
0.58,7867
0.58,7866
0.58,7865
0.58,7864
0.58,7863
0.58,7862
0.58,7861
0.58,7860
0.58,7859
0.59,7858
0.59,7857
0.59,7856
0.59,7855
0.59,7854
0.59,7853
0.59,7852
0.59,7851
0.59,7850
0.59,7849
0.59,7848
0.60,7847
0.60,7846
0.60,7845
0.60,7844
0.60,7843
0.60,7842
0.60,7841
0.60,7840
0.60,7839
0.61,7838
0.61,7837
0.61,7836
0.62,7835
0.62,7834
0.62,7833
0.62,7832
0.62,7831
0.65,7830
0.65,7829
0.65,7828
0.65,7827
0.65,7826
0.66,7825
0.67,7824
0.67,7823
0.67,7822
0.68,7821
0.68,7820
0.68,7819
0.68,7818
0.68,7817
0.68,7816
0.68,7815
0.68,7814
0.68,7813
0.68,7812
0.68,7811
0.68,7810
0.68,7809
0.68,7808
0.69,7807
0.69,7806
0.69,7805
0.69,7804
0.69,7803
0.69,7802
0.69,7801
0.70,7800
0.70,7799
0.70,7798
0.71,7797
0.72,7796
0.72,7795
0.72,7794
0.72,7793
0.72,7792
0.72,7791
0.72,7790
0.73,7789
0.73,7788
0.73,7787
0.73,7786
0.73,7785
0.73,7784
0.73,7783
0.73,7782
0.73,7781
0.73,7780
0.73,7779
0.73,7778
0.74,7777
0.74,7776
0.74,7775
0.74,7774
0.74,7773
0.75,7772
0.75,7771
0.75,7770
0.75,7769
0.75,7768
0.75,7767
0.75,7766
0.75,7765
0.75,7764
0.75,7763
0.75,7762
0.75,7761
0.75,7760
0.75,7759
0.75,7758
0.75,7757
0.75,7756
0.76,7755
0.76,7754
0.76,7753
0.78,7752
0.78,7751
0.78,7750
0.78,7749
0.78,7748
0.78,7747
0.78,7746
0.78,7745
0.78,7744
0.78,7743
0.79,7742
0.81,7741
0.81,7740
0.81,7739
0.81,7738
0.82,7737
0.82,7736
0.83,7735
0.84,7734
0.84,7733
0.84,7732
0.84,7731
0.84,7730
0.85,7729
0.85,7728
0.85,7727
0.85,7726
0.85,7725
0.85,7724
0.85,7723
0.85,7722
0.85,7721
0.85,7720
0.85,7719
0.86,7718
0.86,7717
0.86,7716
0.86,7715
0.87,7714
0.87,7713
0.87,7712
0.88,7711
0.88,7710
0.88,7709
0.88,7708
0.88,7707
0.88,7706
0.90,7705
0.90,7704
0.90,7703
0.90,7702
0.90,7701
0.90,7700
0.90,7699
0.90,7698
0.90,7697
0.91,7696
0.91,7695
0.92,7694
0.92,7693
0.92,7692
0.92,7691
0.92,7690
0.92,7689
0.93,7688
0.93,7687
0.93,7686
0.93,7685
0.93,7684
0.93,7683
0.93,7682
0.93,7681
0.94,7680
0.94,7679
0.96,7678
0.97,7677
0.97,7676
0.97,7675
0.97,7674
0.97,7673
0.97,7672
0.97,7671
0.98,7670
0.99,7669
0.99,7668
1.00,7667
1.00,7666
1.00,7665
1.01,7664
1.01,7663
1.01,7662
1.01,7661
1.01,7660
1.01,7659
1.01,7658
1.02,7657
1.03,7656
1.03,7655
1.04,7654
1.04,7653
1.04,7652
1.04,7651
1.04,7650
1.04,7649
1.04,7648
1.05,7647
1.05,7646
1.05,7645
1.05,7644
1.05,7643
1.05,7642
1.06,7641
1.06,7640
1.07,7639
1.07,7638
1.07,7637
1.07,7636
1.07,7635
1.08,7634
1.08,7633
1.08,7632
1.08,7631
1.08,7630
1.09,7629
1.09,7628
1.09,7627
1.09,7626
1.09,7625
1.09,7624
1.10,7623
1.10,7622
1.10,7621
1.10,7620
1.10,7619
1.10,7618
1.10,7617
1.10,7616
1.11,7615
1.11,7614
1.11,7613
1.11,7612
1.13,7611
1.13,7610
1.13,7609
1.13,7608
1.14,7607
1.14,7606
1.14,7605
1.14,7604
1.14,7603
1.15,7602
1.15,7601
1.16,7600
1.16,7599
1.16,7598
1.16,7597
1.16,7596
1.16,7595
1.16,7594
1.16,7593
1.17,7592
1.17,7591
1.17,7590
1.17,7589
1.17,7588
1.17,7587
1.17,7586
1.17,7585
1.18,7584
1.18,7583
1.18,7582
1.18,7581
1.18,7580
1.19,7579
1.19,7578
1.19,7577
1.22,7576
1.22,7575
1.22,7574
1.22,7573
1.23,7572
1.23,7571
1.23,7570
1.23,7569
1.23,7568
1.23,7567
1.23,7566
1.23,7565
1.23,7564
1.24,7563
1.24,7562
1.25,7561
1.28,7560
1.28,7559
1.29,7558
1.30,7557
1.30,7556
1.30,7555
1.30,7554
1.30,7553
1.30,7552
1.30,7551
1.30,7550
1.31,7549
1.31,7548
1.31,7547
1.31,7546
1.31,7545
1.32,7544
1.32,7543
1.32,7542
1.32,7541
1.32,7540
1.32,7539
1.33,7538
1.33,7537
1.33,7536
1.34,7535
1.34,7534
1.34,7533
1.35,7532
1.35,7531
1.35,7530
1.35,7529
1.35,7528
1.35,7527
1.35,7526
1.35,7525
1.36,7524
1.36,7523
1.36,7522
1.36,7521
1.36,7520
1.36,7519
1.37,7518
1.37,7517
1.37,7516
1.37,7515
1.37,7514
1.37,7513
1.37,7512
1.38,7511
1.39,7510
1.39,7509
1.39,7508
1.39,7507
1.39,7506
1.39,7505
1.39,7504
1.39,7503
1.39,7502
1.39,7501
1.39,7500
1.40,7499
1.41,7498
1.41,7497
1.41,7496
1.41,7495
1.41,7494
1.41,7493
1.41,7492
1.41,7491
1.42,7490
1.42,7489
1.42,7488
1.43,7487
1.44,7486
1.44,7485
1.44,7484
1.44,7483
1.55,7482
1.55,7481
1.55,7480
1.55,7479
1.55,7478
1.55,7477
1.55,7476
1.55,7475
1.55,7474
1.56,7473
1.56,7472
1.56,7471
1.56,7470
1.56,7469
1.58,7468
1.58,7467
1.62,7466
1.62,7465
1.62,7464
1.62,7463
1.62,7462
1.62,7461
1.62,7460
1.62,7459
1.62,7458
1.62,7457
1.62,7456
1.63,7455
1.63,7454
1.64,7453
1.67,7452
1.68,7451
1.68,7450
1.68,7449
1.68,7448
1.68,7447
1.68,7446
1.68,7445
1.75,7444
1.75,7443
1.83,7442
1.83,7441
1.83,7440
1.83,7439
1.84,7438
1.84,7437
1.84,7436
1.92,7435
1.92,7434
1.92,7433
1.93,7432
1.93,7431
1.93,7430
1.93,7429
1.93,7428
1.93,7427
1.93,7426
1.93,7425
1.93,7424
1.94,7423
1.94,7422
1.94,7421
1.94,7420
1.95,7419
1.95,7418
1.95,7417
1.96,7416
1.96,7415
1.96,7414
2.08,7413
2.09,7412
2.09,7411
2.09,7410
2.09,7409
2.09,7408
2.09,7407
2.09,7406
2.09,7405
2.09,7404
2.10,7403
2.10,7402
2.10,7401
2.10,7400
2.11,7399
2.11,7398
2.11,7397
2.12,7396
2.12,7395
2.15,7394
2.19,7393
2.19,7392
2.19,7391
2.19,7390
2.19,7389
2.19,7388
2.19,7387
2.19,7386
2.19,7385
2.19,7384
2.19,7383
2.19,7382
2.20,7381
2.20,7380
2.21,7379
2.21,7378
2.21,7377
2.21,7376
2.21,7375
2.21,7374
2.21,7373
2.23,7372
2.23,7371
2.23,7370
2.23,7369
2.23,7368
2.26,7367
2.34,7366
2.34,7365
2.34,7364
2.35,7363
2.35,7362
2.35,7361
2.35,7360
2.36,7359
2.36,7358
2.36,7357
2.46,7356
2.46,7355
2.46,7354
2.61,7353
2.61,7352
2.61,7351
2.62,7350
2.62,7349
2.62,7348
2.62,7347
2.62,7346
2.63,7345
2.63,7344
2.63,7343
2.63,7342
2.64,7341
2.64,7340
2.64,7339
2.64,7338
2.64,7337
2.64,7336
2.64,7335
2.64,7334
2.66,7333
2.66,7332
2.66,7331
2.66,7330
2.73,7329
2.73,7328
2.73,7327
2.73,7326
2.74,7325
2.74,7324
2.74,7323
2.74,7322
2.74,7321
2.74,7320
2.74,7319
2.75,7318
2.75,7317
2.75,7316
2.75,7315
2.75,7314
2.76,7313
2.76,7312
2.76,7311
2.76,7310
2.77,7309
2.77,7308
2.77,7307
2.77,7306
2.83,7305
2.89,7304
2.89,7303
2.89,7302
2.90,7301
2.90,7300
2.90,7299
2.90,7298
2.90,7297
2.90,7296
2.90,7295
2.95,7294
2.95,7293
2.95,7292
2.95,7291
2.95,7290
2.95,7289
2.95,7288
2.95,7287
2.96,7286
2.96,7285
5.62,7284
5.62,7283
5.62,7282
5.62,7281
5.63,7280
5.63,7279
5.63,7278
5.63,7277
8.19,7276
8.19,7275
8.19,7274
8.20,7273
8.22,7272
8.22,7271
8.22,7270
8.22,7269
8.22,7268
8.23,7267
8.23,7266
8.24,7265
8.24,7264
8.24,7263
8.24,7262
8.24,7261
8.30,7260
8.30,7259
8.31,7258
8.31,7257
8.33,7256
8.34,7255
8.34,7254
8.57,7253
8.57,7252
8.66,7251
8.66,7250
8.67,7249
8.67,7248
8.67,7247
8.67,7246
8.67,7245
8.67,7244
8.70,7243
8.70,7242
8.70,7241
8.70,7240
8.73,7239
8.80,7238
8.80,7237
8.81,7236
8.82,7235
8.82,7234
10.01,7233
10.01,7232
10.04,7231
10.04,7230
10.04,7229
10.04,7228
10.05,7227
10.06,7226
10.42,7225
10.42,7224
10.42,7223
10.47,7222
10.47,7221
10.47,7220
10.47,7219
10.47,7218
10.55,7217
10.55,7216
10.57,7215
10.57,7214
10.58,7213
10.58,7212
10.58,7211
10.59,7210
10.59,7209
10.59,7208
10.61,7207
10.61,7206
10.61,7205
10.65,7204
10.65,7203
10.66,7202
10.67,7201
10.67,7200
10.67,7199
10.67,7198
10.68,7197
10.69,7196
10.69,7195
10.69,7194
10.69,7193
10.84,7192
10.84,7191
10.85,7190
10.85,7189
10.85,7188
10.85,7187
10.85,7186
11.64,7185
11.64,7184
11.65,7183
11.66,7182
15.23,7181
15.44,7180
15.68,7179
15.68,7178
15.70,7177
15.70,7176
15.76,7175
16.03,7174
16.03,7173
16.03,7172
16.03,7171
16.04,7170
16.05,7169
16.45,7168
16.46,7167
16.46,7166
16.46,7165
16.46,7164
16.47,7163
16.47,7162
16.47,7161
16.47,7160
16.47,7159
16.48,7158
16.48,7157
16.49,7156
16.50,7155
16.50,7154
16.50,7153
16.52,7152
16.61,7151
16.61,7150
16.61,7149
16.61,7148
16.61,7147
16.67,7146
16.67,7145
16.67,7144
16.67,7143
16.67,7142
16.67,7141
16.67,7140
20.00,7139
20.00,7138
20.00,7137
20.00,7136
20.00,7135
20.00,7134
20.00,7133
20.00,7132
21.60,7131
21.62,7130
21.62,7129
21.62,7128
21.62,7127
21.62,7126
21.63,7125
21.63,7124
21.63,7123
21.64,7122
21.64,7121
21.64,7120
21.66,7119
21.67,7118
21.67,7117
21.71,7116
21.71,7115
21.74,7114
21.74,7113
21.76,7112
21.76,7111
21.76,7110
21.76,7109
21.82,7108
21.82,7107
21.82,7106
21.82,7105
21.83,7104
21.83,7103
21.83,7102
21.83,7101
21.84,7100
21.92,7099
21.92,7098
21.92,7097
21.92,7096
21.92,7095
21.92,7094
21.92,7093
21.92,7092
21.93,7091
21.94,7090
21.97,7089
21.97,7088
21.97,7087
22.00,7086
22.00,7085
22.00,7084
22.18,7083
22.18,7082
22.19,7081
22.19,7080
22.19,7079
22.19,7078
22.19,7077
22.97,7076
22.97,7075
22.99,7074
22.99,7073
22.99,7072
22.99,7071
22.99,7070
23.04,7069
23.04,7068
23.04,7067
23.04,7066
23.04,7065
23.04,7064
23.05,7063
23.05,7062
23.05,7061
23.05,7060
23.54,7059
23.58,7058
23.60,7057
23.61,7056
23.61,7055
23.62,7054
23.62,7053
25.13,7052
25.13,7051
25.13,7050
25.14,7049
25.14,7048
25.14,7047
25.14,7046
25.15,7045
25.15,7044
25.20,7043
25.20,7042
25.20,7041
25.24,7040
25.25,7039
25.26,7038
25.26,7037
25.26,7036
25.26,7035
25.27,7034
25.27,7033
25.27,7032
25.27,7031
25.27,7030
25.29,7029
25.30,7028
25.30,7027
25.30,7026
25.30,7025
25.31,7024
25.32,7023
25.33,7022
25.33,7021
25.34,7020
25.34,7019
25.34,7018
25.34,7017
25.35,7016
25.36,7015
25.36,7014
25.36,7013
25.36,7012
25.39,7011
25.39,7010
25.39,7009
25.40,7008
25.40,7007
25.79,7006
25.79,7005
25.79,7004
25.79,7003
25.79,7002
25.79,7001
25.81,7000
25.81,6999
25.82,6998
25.82,6997
25.83,6996
25.83,6995
25.84,6994
25.84,6993
25.84,6992
25.85,6991
25.85,6990
25.85,6989
25.85,6988
25.85,6987
25.85,6986
25.85,6985
25.85,6984
25.85,6983
25.88,6982
25.89,6981
25.89,6980
25.89,6979
25.89,6978
25.90,6977
25.92,6976
25.92,6975
25.92,6974
25.93,6973
25.93,6972
25.93,6971
25.93,6970
25.93,6969
25.94,6968
25.95,6967
25.95,6966
25.95,6965
25.95,6964
25.99,6963
26.00,6962
26.00,6961
26.99,6960
27.17,6959
27.17,6958
27.17,6957
27.17,6956
27.17,6955
27.17,6954
27.17,6953
27.25,6952
27.26,6951
27.26,6950
27.26,6949
28.17,6948
28.17,6947
28.17,6946
28.17,6945
28.24,6944
28.24,6943
28.26,6942
28.26,6941
29.58,6940
29.67,6939
29.68,6938
29.68,6937
29.69,6936
29.69,6935
29.69,6934
29.69,6933
29.70,6932
29.71,6931
29.71,6930
29.75,6929
29.75,6928
29.75,6927
29.81,6926
29.81,6925
29.83,6924
29.83,6923
29.85,6922
29.85,6921
29.85,6920
29.90,6919
29.91,6918
29.91,6917
29.94,6916
30.03,6915
30.03,6914
30.03,6913
30.17,6912
30.17,6911
30.17,6910
30.18,6909
30.18,6908
30.18,6907
30.18,6906
30.18,6905
30.22,6904
30.22,6903
30.33,6902
30.39,6901
30.39,6900
30.40,6899
30.40,6898
30.40,6897
30.40,6896
30.40,6895
30.74,6894
30.81,6893
30.82,6892
30.82,6891
30.83,6890
30.83,6889
30.83,6888
30.83,6887
30.85,6886
30.85,6885
30.85,6884
30.85,6883
30.85,6882
30.85,6881
30.85,6880
30.85,6879
30.91,6878
30.97,6877
30.97,6876
30.97,6875
30.98,6874
30.99,6873
31.02,6872
31.02,6871
31.02,6870
31.07,6869
31.07,6868
31.08,6867
31.09,6866
31.10,6865
31.10,6864
31.10,6863
31.10,6862
31.10,6861
31.10,6860
31.10,6859
31.10,6858
31.10,6857
31.10,6856
31.12,6855
31.12,6854
31.14,6853
31.16,6852
31.18,6851
31.19,6850
31.19,6849
31.19,6848
31.20,6847
31.20,6846
31.20,6845
31.20,6844
31.20,6843
31.20,6842
31.20,6841
31.20,6840
31.20,6839
31.39,6838
31.39,6837
31.39,6836
31.40,6835
31.40,6834
31.40,6833
31.40,6832
31.42,6831
31.42,6830
31.43,6829
31.43,6828
31.43,6827
31.43,6826
31.43,6825
31.66,6824
31.68,6823
31.68,6822
31.68,6821
31.69,6820
31.74,6819
31.75,6818
31.75,6817
31.76,6816
31.83,6815
31.84,6814
31.84,6813
31.89,6812
31.89,6811
31.94,6810
31.94,6809
31.94,6808
31.95,6807
31.95,6806
31.95,6805
31.95,6804
31.96,6803
31.96,6802
31.96,6801
31.96,6800
31.96,6799
31.97,6798
31.97,6797
31.98,6796
31.98,6795
31.98,6794
32.00,6793
32.03,6792
32.04,6791
32.07,6790
32.07,6789
32.07,6788
32.14,6787
32.15,6786
32.17,6785
32.17,6784
32.17,6783
32.17,6782
32.17,6781
32.18,6780
32.18,6779
32.19,6778
32.19,6777
32.20,6776
32.34,6775
32.34,6774
32.34,6773
32.34,6772
32.34,6771
32.34,6770
32.34,6769
32.34,6768
32.34,6767
32.34,6766
32.39,6765
32.39,6764
32.39,6763
32.39,6762
32.42,6761
32.44,6760
32.44,6759
32.44,6758
32.44,6757
32.45,6756
32.45,6755
32.45,6754
32.45,6753
32.45,6752
32.45,6751
32.45,6750
32.46,6749
32.46,6748
32.61,6747
32.61,6746
32.64,6745
32.65,6744
32.68,6743
32.68,6742
32.68,6741
32.68,6740
32.68,6739
32.68,6738
32.79,6737
32.79,6736
33.08,6735
33.10,6734
33.11,6733
33.11,6732
33.11,6731
33.11,6730
33.12,6729
33.12,6728
33.12,6727
33.13,6726
33.13,6725
33.13,6724
33.96,6723
33.96,6722
33.97,6721
33.97,6720
33.97,6719
34.01,6718
34.01,6717
34.02,6716
34.02,6715
34.02,6714
34.02,6713
34.02,6712
34.03,6711
34.04,6710
34.04,6709
34.05,6708
34.05,6707
34.05,6706
34.07,6705
34.10,6704
34.10,6703
34.10,6702
34.10,6701
34.15,6700
34.18,6699
34.20,6698
34.24,6697
34.24,6696
34.24,6695
34.24,6694
34.25,6693
34.25,6692
34.27,6691
34.32,6690
34.33,6689
34.39,6688
34.39,6687
34.39,6686
34.39,6685
34.39,6684
34.44,6683
34.45,6682
34.45,6681
34.46,6680
34.56,6679
34.56,6678
34.59,6677
34.59,6676
34.74,6675
34.74,6674
34.74,6673
34.74,6672
34.74,6671
34.74,6670
34.74,6669
34.75,6668
34.75,6667
34.75,6666
34.75,6665
34.75,6664
34.75,6663
34.75,6662
34.75,6661
34.76,6660
34.76,6659
34.77,6658
34.78,6657
34.80,6656
34.80,6655
34.81,6654
34.81,6653
34.82,6652
34.82,6651
34.82,6650
34.82,6649
34.82,6648
34.82,6647
34.83,6646
34.83,6645
34.83,6644
34.83,6643
34.83,6642
34.83,6641
34.84,6640
34.85,6639
34.85,6638
34.85,6637
34.85,6636
34.86,6635
34.86,6634
34.86,6633
34.86,6632
34.87,6631
34.87,6630
34.87,6629
34.87,6628
34.87,6627
34.88,6626
34.89,6625
34.89,6624
34.89,6623
34.89,6622
34.89,6621
34.89,6620
34.89,6619
34.89,6618
34.89,6617
34.89,6616
34.91,6615
34.91,6614
34.91,6613
34.92,6612
34.92,6611
34.92,6610
34.93,6609
35.19,6608
35.19,6607
35.19,6606
35.19,6605
35.20,6604
35.20,6603
35.20,6602
35.20,6601
35.20,6600
35.20,6599
35.70,6598
35.71,6597
35.72,6596
35.72,6595
35.73,6594
35.74,6593
35.76,6592
35.76,6591
35.76,6590
35.82,6589
35.82,6588
35.88,6587
35.92,6586
35.94,6585
35.95,6584
35.95,6583
35.96,6582
35.96,6581
35.96,6580
35.96,6579
35.96,6578
35.96,6577
35.96,6576
36.00,6575
36.00,6574
36.00,6573
36.00,6572
36.01,6571
36.13,6570
36.13,6569
36.13,6568
36.13,6567
36.13,6566
36.14,6565
36.15,6564
36.26,6563
36.26,6562
36.33,6561
36.33,6560
36.33,6559
36.34,6558
36.34,6557
36.34,6556
36.34,6555
36.34,6554
36.34,6553
36.34,6552
36.34,6551
36.35,6550
36.37,6549
36.37,6548
36.37,6547
36.38,6546
36.38,6545
36.40,6544
36.40,6543
36.41,6542
36.43,6541
36.43,6540
36.44,6539
36.46,6538
36.46,6537
36.49,6536
36.51,6535
36.51,6534
36.51,6533
36.51,6532
36.51,6531
36.76,6530
36.77,6529
36.77,6528
36.77,6527
36.77,6526
36.77,6525
36.77,6524
36.83,6523
36.83,6522
36.83,6521
36.83,6520
36.83,6519
36.88,6518
36.88,6517
36.88,6516
36.88,6515
36.89,6514
36.91,6513
36.91,6512
36.91,6511
36.91,6510
36.93,6509
36.93,6508
36.93,6507
36.93,6506
36.94,6505
37.06,6504
37.06,6503
37.07,6502
37.07,6501
37.07,6500
37.07,6499
37.08,6498
37.09,6497
37.12,6496
37.14,6495
37.14,6494
37.14,6493
37.14,6492
37.15,6491
37.15,6490
37.16,6489
37.16,6488
37.16,6487
37.16,6486
37.16,6485
37.18,6484
37.19,6483
37.19,6482
37.29,6481
37.41,6480
37.41,6479
37.41,6478
37.41,6477
37.42,6476
37.42,6475
37.42,6474
37.43,6473
37.43,6472
37.43,6471
37.43,6470
37.44,6469
37.44,6468
37.44,6467
37.44,6466
37.44,6465
37.45,6464
37.45,6463
37.45,6462
37.46,6461
37.46,6460
37.46,6459
37.46,6458
37.47,6457
37.47,6456
37.47,6455
37.47,6454
37.47,6453
37.47,6452
37.48,6451
37.48,6450
37.52,6449
37.52,6448
37.53,6447
37.53,6446
37.53,6445
37.53,6444
37.72,6443
37.72,6442
37.72,6441
37.72,6440
37.76,6439
37.78,6438
37.78,6437
37.78,6436
37.78,6435
37.78,6434
37.79,6433
37.79,6432
37.79,6431
37.79,6430
37.79,6429
37.79,6428
37.79,6427
37.79,6426
37.79,6425
37.88,6424
37.88,6423
37.88,6422
37.88,6421
37.89,6420
37.89,6419
37.91,6418
37.92,6417
37.92,6416
37.92,6415
37.92,6414
37.96,6413
37.96,6412
37.96,6411
37.96,6410
37.96,6409
37.97,6408
37.98,6407
37.98,6406
38.02,6405
38.02,6404
38.03,6403
38.03,6402
38.03,6401
38.03,6400
38.03,6399
38.03,6398
38.04,6397
38.06,6396
38.06,6395
38.09,6394
38.09,6393
38.09,6392
38.10,6391
38.10,6390
38.10,6389
38.10,6388
38.10,6387
38.10,6386
38.33,6385
38.39,6384
38.40,6383
39.06,6382
39.07,6381
39.07,6380
39.07,6379
39.09,6378
39.09,6377
39.09,6376
39.10,6375
39.10,6374
39.15,6373
39.15,6372
39.22,6371
39.22,6370
39.22,6369
39.23,6368
39.23,6367
39.23,6366
39.23,6365
39.23,6364
39.23,6363
39.24,6362
39.24,6361
39.24,6360
39.26,6359
39.28,6358
39.29,6357
39.50,6356
39.50,6355
39.51,6354
39.52,6353
39.53,6352
39.66,6351
39.66,6350
39.66,6349
39.66,6348
39.69,6347
39.73,6346
39.73,6345
39.73,6344
39.77,6343
39.87,6342
39.87,6341
39.87,6340
39.87,6339
39.87,6338
39.91,6337
39.92,6336
39.92,6335
39.93,6334
39.93,6333
39.93,6332
39.93,6331
39.93,6330
39.93,6329
39.93,6328
39.93,6327
39.95,6326
39.95,6325
39.96,6324
39.97,6323
39.97,6322
39.97,6321
40.02,6320
40.02,6319
40.06,6318
40.06,6317
40.06,6316
40.07,6315
40.14,6314
40.15,6313
40.15,6312
40.15,6311
40.17,6310
40.17,6309
40.17,6308
40.17,6307
40.17,6306
40.17,6305
40.18,6304
40.18,6303
40.18,6302
40.18,6301
40.20,6300
40.23,6299
40.23,6298
40.23,6297
40.24,6296
40.26,6295
40.26,6294
40.26,6293
40.27,6292
40.27,6291
40.27,6290
40.27,6289
40.28,6288
40.28,6287
40.29,6286
40.29,6285
40.31,6284
40.31,6283
40.31,6282
40.32,6281
40.32,6280
40.32,6279
40.32,6278
40.33,6277
40.34,6276
40.34,6275
40.35,6274
40.35,6273
40.36,6272
40.37,6271
40.38,6270
40.38,6269
40.38,6268
40.39,6267
40.39,6266
40.41,6265
40.41,6264
40.41,6263
40.41,6262
40.51,6261
40.52,6260
40.59,6259
40.64,6258
40.66,6257
40.66,6256
40.71,6255
40.71,6254
40.71,6253
40.72,6252
40.73,6251
40.73,6250
40.74,6249
40.74,6248
40.74,6247
40.75,6246
40.75,6245
40.76,6244
40.76,6243
40.76,6242
40.76,6241
40.76,6240
40.85,6239
40.85,6238
40.85,6237
40.85,6236
40.85,6235
40.86,6234
40.87,6233
40.87,6232
40.87,6231
40.89,6230
40.89,6229
40.89,6228
40.89,6227
40.89,6226
40.89,6225
40.90,6224
40.90,6223
40.90,6222
40.91,6221
40.91,6220
40.93,6219
40.93,6218
40.93,6217
40.93,6216
40.93,6215
41.10,6214
41.11,6213
41.11,6212
41.11,6211
41.32,6210
41.32,6209
41.32,6208
41.33,6207
41.33,6206
41.33,6205
41.33,6204
41.41,6203
41.41,6202
41.47,6201
41.47,6200
41.47,6199
41.50,6198
41.50,6197
41.50,6196
41.50,6195
41.51,6194
41.51,6193
41.51,6192
41.51,6191
41.51,6190
41.52,6189
41.52,6188
41.52,6187
41.53,6186
41.53,6185
41.54,6184
41.54,6183
41.54,6182
41.54,6181
41.54,6180
41.54,6179
41.54,6178
41.55,6177
41.56,6176
41.56,6175
41.56,6174
41.56,6173
41.56,6172
41.56,6171
41.57,6170
41.57,6169
41.58,6168
41.58,6167
41.72,6166
41.72,6165
41.72,6164
41.72,6163
41.72,6162
41.72,6161
41.72,6160
41.72,6159
41.72,6158
41.73,6157
41.73,6156
41.75,6155
41.75,6154
41.75,6153
41.76,6152
41.76,6151
41.78,6150
41.79,6149
41.81,6148
41.81,6147
41.81,6146
41.82,6145
41.82,6144
41.84,6143
41.84,6142
41.85,6141
41.85,6140
41.85,6139
41.85,6138
41.86,6137
41.86,6136
41.86,6135
41.88,6134
41.88,6133
41.88,6132
41.89,6131
41.89,6130
41.89,6129
41.91,6128
41.91,6127
41.91,6126
41.91,6125
41.92,6124
42.06,6123
42.06,6122
42.07,6121
42.07,6120
42.08,6119
42.09,6118
42.10,6117
42.12,6116
42.12,6115
42.12,6114
42.12,6113
42.12,6112
42.13,6111
42.13,6110
42.13,6109
42.13,6108
42.14,6107
42.14,6106
42.14,6105
42.15,6104
42.15,6103
42.15,6102
42.16,6101
42.16,6100
42.17,6099
42.17,6098
42.17,6097
42.19,6096
42.19,6095
42.19,6094
42.20,6093
42.20,6092
42.20,6091
42.20,6090
42.21,6089
42.21,6088
42.21,6087
42.22,6086
42.22,6085
42.33,6084
42.33,6083
42.34,6082
42.71,6081
42.71,6080
42.71,6079
42.71,6078
42.71,6077
42.72,6076
42.73,6075
42.73,6074
42.73,6073
42.73,6072
42.73,6071
42.74,6070
42.76,6069
42.76,6068
42.76,6067
42.76,6066
42.78,6065
42.84,6064
42.84,6063
42.84,6062
42.84,6061
42.85,6060
42.85,6059
42.85,6058
42.85,6057
42.90,6056
42.90,6055
42.95,6054
42.95,6053
42.96,6052
42.96,6051
42.96,6050
42.96,6049
42.99,6048
42.99,6047
43.00,6046
43.01,6045
43.01,6044
43.01,6043
43.01,6042
43.02,6041
43.02,6040
43.03,6039
43.03,6038
43.05,6037
43.20,6036
43.22,6035
43.22,6034
43.53,6033
43.53,6032
43.54,6031
43.54,6030
43.55,6029
43.55,6028
43.55,6027
43.55,6026
43.55,6025
43.56,6024
43.56,6023
43.57,6022
43.57,6021
43.58,6020
43.58,6019
43.58,6018
43.60,6017
43.61,6016
43.61,6015
43.63,6014
43.63,6013
43.63,6012
43.63,6011
43.63,6010
43.64,6009
43.64,6008
43.64,6007
43.68,6006
43.68,6005
43.68,6004
44.17,6003
44.17,6002
44.22,6001
44.22,6000
44.22,5999
44.22,5998
44.22,5997
44.30,5996
44.30,5995
44.30,5994
44.30,5993
44.31,5992
44.32,5991
44.32,5990
44.32,5989
44.32,5988
44.34,5987
44.35,5986
44.39,5985
44.39,5984
44.40,5983
44.40,5982
44.40,5981
44.41,5980
44.41,5979
44.42,5978
44.43,5977
44.43,5976
44.43,5975
44.43,5974
44.44,5973
44.44,5972
44.46,5971
44.47,5970
44.47,5969
44.47,5968
44.47,5967
44.48,5966
44.48,5965
44.49,5964
44.49,5963
44.49,5962
44.57,5961
44.57,5960
44.58,5959
44.58,5958
44.58,5957
44.70,5956
44.70,5955
44.74,5954
44.74,5953
44.74,5952
44.75,5951
44.75,5950
44.75,5949
44.75,5948
44.76,5947
44.76,5946
44.76,5945
44.78,5944
44.78,5943
44.80,5942
44.81,5941
44.81,5940
44.82,5939
44.82,5938
44.83,5937
44.83,5936
44.87,5935
44.87,5934
44.93,5933
44.96,5932
44.96,5931
44.97,5930
44.98,5929
44.98,5928
44.98,5927
44.98,5926
44.99,5925
44.99,5924
45.00,5923
45.00,5922
45.00,5921
45.01,5920
45.01,5919
45.02,5918
45.03,5917
45.04,5916
45.04,5915
45.05,5914
45.05,5913
45.06,5912
45.07,5911
45.07,5910
45.07,5909
45.08,5908
45.08,5907
45.11,5906
45.11,5905
45.11,5904
45.15,5903
45.15,5902
45.16,5901
45.16,5900
45.16,5899
45.17,5898
45.17,5897
45.17,5896
45.18,5895
45.20,5894
45.20,5893
45.20,5892
45.22,5891
45.22,5890
45.23,5889
45.23,5888
45.27,5887
45.27,5886
45.27,5885
45.27,5884
45.27,5883
45.27,5882
45.27,5881
45.45,5880
45.45,5879
45.45,5878
45.45,5877
45.46,5876
45.48,5875
45.48,5874
45.48,5873
45.48,5872
45.50,5871
45.50,5870
45.51,5869
45.51,5868
45.56,5867
45.57,5866
45.57,5865
45.57,5864
45.58,5863
45.59,5862
45.59,5861
45.60,5860
45.60,5859
45.66,5858
45.66,5857
45.67,5856
45.68,5855
45.69,5854
45.69,5853
45.70,5852
45.77,5851
45.78,5850
45.78,5849
45.78,5848
45.78,5847
45.78,5846
45.79,5845
45.79,5844
45.82,5843
45.84,5842
45.85,5841
45.85,5840
45.86,5839
45.86,5838
45.87,5837
45.87,5836
45.88,5835
45.88,5834
45.88,5833
45.88,5832
45.88,5831
45.89,5830
45.89,5829
45.90,5828
45.90,5827
45.90,5826
45.90,5825
45.90,5824
45.91,5823
45.94,5822
45.94,5821
45.94,5820
45.95,5819
46.04,5818
46.07,5817
46.08,5816
46.08,5815
46.08,5814
46.08,5813
46.08,5812
46.08,5811
46.11,5810
46.11,5809
46.12,5808
46.12,5807
46.13,5806
46.14,5805
46.15,5804
46.16,5803
46.16,5802
46.17,5801
46.17,5800
46.18,5799
46.18,5798
46.18,5797
46.19,5796
46.19,5795
46.19,5794
46.20,5793
46.20,5792
46.20,5791
46.20,5790
46.23,5789
46.23,5788
46.24,5787
46.26,5786
46.26,5785
46.26,5784
46.26,5783
46.50,5782
46.50,5781
46.50,5780
46.50,5779
46.51,5778
46.51,5777
46.51,5776
46.54,5775
46.54,5774
46.57,5773
46.57,5772
46.57,5771
46.58,5770
46.58,5769
46.59,5768
46.59,5767
46.59,5766
46.59,5765
46.60,5764
46.60,5763
46.72,5762
46.74,5761
46.74,5760
46.74,5759
46.74,5758
46.74,5757
46.75,5756
46.75,5755
46.78,5754
46.78,5753
46.78,5752
46.79,5751
46.81,5750
46.94,5749
46.96,5748
46.96,5747
47.01,5746
47.02,5745
47.05,5744
47.05,5743
47.05,5742
47.06,5741
47.07,5740
47.07,5739
47.07,5738
47.11,5737
47.11,5736
47.11,5735
47.11,5734
47.11,5733
47.12,5732
47.12,5731
47.13,5730
47.14,5729
47.16,5728
47.16,5727
47.17,5726
47.17,5725
47.17,5724
47.18,5723
47.18,5722
47.18,5721
47.19,5720
47.19,5719
47.21,5718
47.23,5717
47.23,5716
47.23,5715
47.23,5714
47.23,5713
47.24,5712
47.24,5711
47.24,5710
47.24,5709
47.24,5708
47.27,5707
47.27,5706
47.28,5705
47.28,5704
47.28,5703
47.28,5702
47.28,5701
47.29,5700
47.32,5699
47.32,5698
47.33,5697
47.35,5696
47.36,5695
47.36,5694
47.37,5693
47.38,5692
47.38,5691
47.38,5690
47.39,5689
47.39,5688
47.39,5687
47.39,5686
47.40,5685
47.44,5684
47.44,5683
47.45,5682
47.50,5681
47.50,5680
47.51,5679
47.52,5678
47.52,5677
47.52,5676
47.52,5675
47.53,5674
47.53,5673
47.55,5672
47.57,5671
47.57,5670
47.63,5669
47.64,5668
47.64,5667
47.73,5666
47.73,5665
47.73,5664
47.74,5663
47.76,5662
47.77,5661
47.77,5660
47.82,5659
47.83,5658
47.84,5657
47.84,5656
47.84,5655
47.84,5654
47.87,5653
47.87,5652
47.87,5651
47.87,5650
47.87,5649
47.87,5648
47.92,5647
47.92,5646
47.92,5645
47.96,5644
48.02,5643
48.02,5642
48.03,5641
48.03,5640
48.04,5639
48.04,5638
48.07,5637
48.08,5636
48.08,5635
48.48,5634
48.49,5633
48.49,5632
48.49,5631
48.50,5630
48.50,5629
48.55,5628
48.56,5627
48.57,5626
48.58,5625
48.58,5624
48.72,5623
48.72,5622
48.72,5621
48.73,5620
48.73,5619
48.73,5618
48.73,5617
48.73,5616
48.74,5615
48.77,5614
48.78,5613
48.78,5612
48.79,5611
48.81,5610
48.81,5609
48.84,5608
48.92,5607
49.12,5606
49.13,5605
49.14,5604
49.14,5603
49.14,5602
49.15,5601
49.17,5600
49.18,5599
49.18,5598
49.19,5597
49.19,5596
49.22,5595
49.23,5594
49.29,5593
49.29,5592
49.29,5591
49.41,5590
49.43,5589
49.50,5588
49.51,5587
49.51,5586
49.53,5585
49.53,5584
49.53,5583
49.53,5582
49.53,5581
49.54,5580
49.54,5579
49.54,5578
49.54,5577
49.54,5576
49.54,5575
49.54,5574
49.55,5573
49.55,5572
49.55,5571
49.55,5570
49.55,5569
49.56,5568
49.61,5567
49.62,5566
49.62,5565
49.62,5564
49.62,5563
49.69,5562
49.69,5561
49.78,5560
49.87,5559
49.87,5558
49.87,5557
49.97,5556
49.98,5555
50.10,5554
50.10,5553
50.11,5552
50.11,5551
50.13,5550
50.14,5549
50.17,5548
50.17,5547
50.18,5546
50.18,5545
50.19,5544
50.19,5543
50.19,5542
50.20,5541
50.20,5540
50.20,5539
50.20,5538
50.54,5537
50.55,5536
50.55,5535
50.56,5534
50.57,5533
50.59,5532
50.63,5531
50.66,5530
50.67,5529
50.70,5528
50.71,5527
50.72,5526
50.72,5525
50.72,5524
50.72,5523
50.72,5522
50.77,5521
50.80,5520
50.80,5519
50.81,5518
50.81,5517
50.85,5516
50.85,5515
50.85,5514
50.88,5513
50.88,5512
50.88,5511
50.89,5510
50.89,5509
50.89,5508
51.01,5507
51.01,5506
51.01,5505
51.01,5504
51.02,5503
51.02,5502
51.02,5501
51.03,5500
51.03,5499
51.03,5498
51.03,5497
51.05,5496
51.14,5495
51.14,5494
51.14,5493
51.14,5492
51.14,5491
51.15,5490
51.15,5489
51.15,5488
51.16,5487
51.16,5486
51.21,5485
51.22,5484
51.22,5483
51.22,5482
51.22,5481
51.22,5480
51.22,5479
51.22,5478
51.24,5477
51.25,5476
51.27,5475
51.27,5474
51.28,5473
51.29,5472
51.29,5471
51.33,5470
51.34,5469
51.34,5468
51.36,5467
51.54,5466
51.68,5465
51.73,5464
51.73,5463
51.73,5462
51.74,5461
51.74,5460
51.80,5459
51.82,5458
51.82,5457
51.82,5456
51.85,5455
51.85,5454
51.85,5453
51.88,5452
51.88,5451
51.88,5450
51.89,5449
51.90,5448
51.93,5447
51.94,5446
51.94,5445
51.95,5444
51.99,5443
52.00,5442
52.00,5441
52.00,5440
52.00,5439
52.00,5438
52.03,5437
52.03,5436
52.03,5435
52.03,5434
52.03,5433
52.03,5432
52.05,5431
52.05,5430
52.06,5429
52.06,5428
52.06,5427
52.07,5426
52.15,5425
52.15,5424
52.87,5423
52.87,5422
52.88,5421
52.89,5420
52.89,5419
52.89,5418
52.89,5417
52.89,5416
52.90,5415
52.90,5414
52.90,5413
53.07,5412
53.07,5411
53.08,5410
53.08,5409
53.08,5408
53.08,5407
53.08,5406
53.09,5405
53.09,5404
53.10,5403
54.03,5402
54.03,5401
54.03,5400
54.04,5399
54.05,5398
54.05,5397
54.07,5396
54.07,5395
54.08,5394
54.08,5393
54.08,5392
54.08,5391
54.08,5390
54.09,5389
54.09,5388
54.10,5387
54.11,5386
54.13,5385
55.04,5384
55.05,5383
55.07,5382
55.10,5381
55.11,5380
55.12,5379
55.12,5378
55.14,5377
55.14,5376
55.15,5375
55.18,5374
55.19,5373
55.21,5372
55.21,5371
55.29,5370
55.29,5369
55.29,5368
55.30,5367
55.30,5366
55.40,5365
55.41,5364
55.52,5363
55.53,5362
55.55,5361
55.56,5360
55.56,5359
55.59,5358
55.59,5357
55.63,5356
55.69,5355
55.69,5354
55.69,5353
55.69,5352
55.90,5351
55.90,5350
55.91,5349
55.91,5348
55.93,5347
55.93,5346
55.93,5345
55.95,5344
55.97,5343
55.97,5342
55.98,5341
56.06,5340
56.06,5339
56.06,5338
56.06,5337
56.07,5336
56.07,5335
56.07,5334
56.08,5333
56.08,5332
56.08,5331
56.52,5330
56.52,5329
56.52,5328
56.53,5327
56.63,5326
56.64,5325
56.64,5324
56.64,5323
56.64,5322
56.64,5321
56.65,5320
56.66,5319
56.66,5318
56.66,5317
56.66,5316
56.66,5315
56.69,5314
56.69,5313
56.69,5312
56.69,5311
56.75,5310
56.75,5309
56.76,5308
56.76,5307
57.29,5306
57.30,5305
57.75,5304
57.75,5303
57.75,5302
57.76,5301
57.76,5300
57.77,5299
57.91,5298
57.92,5297
57.93,5296
57.93,5295
57.93,5294
57.95,5293
57.96,5292
57.96,5291
58.19,5290
58.19,5289
58.20,5288
58.21,5287
58.22,5286
58.22,5285
58.25,5284
58.29,5283
58.30,5282
58.31,5281
58.32,5280
58.32,5279
58.37,5278
58.45,5277
58.46,5276
58.47,5275
58.48,5274
58.49,5273
58.53,5272
58.54,5271
58.56,5270
58.58,5269
58.78,5268
58.79,5267
58.80,5266
58.81,5265
58.83,5264
58.84,5263
58.84,5262
58.86,5261
58.86,5260
58.86,5259
58.87,5258
58.89,5257
58.90,5256
58.94,5255
58.95,5254
58.95,5253
59.03,5252
59.04,5251
59.04,5250
59.06,5249
59.07,5248
59.07,5247
59.07,5246
59.10,5245
59.11,5244
59.11,5243
59.12,5242
59.12,5241
59.13,5240
59.19,5239
59.20,5238
59.20,5237
59.22,5236
59.47,5235
59.52,5234
59.52,5233
59.53,5232
59.55,5231
59.55,5230
59.60,5229
59.60,5228
59.60,5227
59.68,5226
59.68,5225
59.69,5224
59.69,5223
59.69,5222
59.71,5221
59.71,5220
59.71,5219
59.72,5218
60.02,5217
60.04,5216
60.05,5215
60.07,5214
60.08,5213
60.08,5212
60.10,5211
60.26,5210
60.29,5209
60.29,5208
60.29,5207
60.30,5206
60.30,5205
60.31,5204
60.32,5203
60.38,5202
60.38,5201
60.42,5200
60.42,5199
60.42,5198
60.43,5197
61.12,5196
61.15,5195
61.15,5194
61.57,5193
61.57,5192
61.58,5191
61.59,5190
61.59,5189
61.63,5188
61.64,5187
61.65,5186
61.79,5185
61.86,5184
61.88,5183
61.93,5182
61.93,5181
61.93,5180
61.94,5179
61.94,5178
61.97,5177
61.98,5176
61.98,5175
62.01,5174
62.06,5173
62.06,5172
62.06,5171
62.06,5170
62.88,5169
62.88,5168
62.88,5167
62.99,5166
63.01,5165
63.01,5164
63.01,5163
63.03,5162
63.04,5161
63.04,5160
63.04,5159
63.07,5158
63.08,5157
63.10,5156
63.20,5155
63.21,5154
63.21,5153
63.23,5152
63.24,5151
63.24,5150
63.28,5149
63.31,5148
63.54,5147
63.62,5146
63.63,5145
63.65,5144
63.72,5143
63.72,5142
63.72,5141
63.73,5140
63.73,5139
63.77,5138
63.77,5137
63.79,5136
63.83,5135
63.84,5134
64.05,5133
64.05,5132
64.07,5131
64.09,5130
64.11,5129
64.11,5128
64.12,5127
64.13,5126
64.13,5125
64.15,5124
64.16,5123
64.21,5122
64.49,5121
64.49,5120
64.49,5119
64.50,5118
64.56,5117
64.57,5116
64.58,5115
64.58,5114
64.70,5113
64.72,5112
65.51,5111
65.52,5110
65.52,5109
65.53,5108
65.55,5107
67.23,5106
67.23,5105
67.24,5104
67.25,5103
67.26,5102
67.27,5101
67.28,5100
67.28,5099
67.29,5098
67.29,5097
67.30,5096
68.31,5095
68.32,5094
68.36,5093
68.37,5092
68.37,5091
68.37,5090
68.37,5089
68.39,5088
68.83,5087
68.86,5086
68.91,5085
69.07,5084
69.13,5083
69.13,5082
69.13,5081
69.14,5080
69.16,5079
69.16,5078
69.43,5077
69.43,5076
69.43,5075
69.44,5074
69.45,5073
69.45,5072
69.50,5071
69.50,5070
69.51,5069
69.52,5068
69.58,5067
69.61,5066
69.62,5065
69.62,5064
69.63,5063
69.64,5062
69.64,5061
71.04,5060
71.05,5059
71.07,5058
71.51,5057
71.51,5056
71.52,5055
71.52,5054
71.56,5053
71.61,5052
71.63,5051
71.63,5050
71.72,5049
71.73,5048
72.22,5047
72.33,5046
72.64,5045
72.69,5044
72.69,5043
72.71,5042
72.74,5041
72.74,5040
72.74,5039
72.96,5038
73.39,5037
73.39,5036
73.40,5035
73.48,5034
73.49,5033
73.50,5032
73.54,5031
73.86,5030
76.83,5029
76.89,5028
76.91,5027
76.91,5026
76.92,5025
76.92,5024
76.92,5023
77.06,5022
77.06,5021
77.13,5020
77.15,5019
77.23,5018
77.26,5017
77.59,5016
77.60,5015
80.01,5014
80.03,5013
80.05,5012
80.06,5011
80.11,5010
80.12,5009
80.12,5008
80.14,5007
80.16,5006
80.16,5005
80.17,5004
80.20,5003
80.21,5002
80.22,5001
81.97,5000
82.00,4999
82.00,4998
82.04,4997
82.04,4996
82.14,4995
83.29,4994
83.50,4993
83.65,4992
83.66,4991
83.68,4990
83.69,4989
83.71,4988
83.71,4987
83.72,4986
83.74,4985
83.81,4984
83.84,4983
83.84,4982
84.17,4981
84.20,4980
84.28,4979
85.19,4978
85.31,4977
85.34,4976
85.70,4975
85.71,4974
85.95,4973
93.06,4972
93.09,4971
93.27,4970
93.30,4969
93.38,4968
93.38,4967
93.98,4966
94.46,4965
94.50,4964
95.97,4963
95.98,4962
95.98,4961
96.25,4960
96.26,4959
96.92,4958
96.96,4957
98.54,4956
98.54,4955
98.58,4954
98.89,4953
98.90,4952
98.96,4951
104.21,4950
104.76,4949
104.99,4948
105.00,4947
105.14,4946
105.37,4945
105.40,4944
106.65,4943
110.24,4942
110.25,4941
110.26,4940
110.29,4939
110.32,4938
115.55,4937
115.57,4936
115.82,4935
115.88,4934
115.93,4933
116.07,4932
116.11,4931
116.20,4930
116.30,4929
119.52,4928
121.32,4927
121.49,4926
121.51,4925
121.53,4924
121.57,4923
122.41,4922
122.48,4921
122.52,4920
122.75,4919
123.06,4918
125.68,4917
125.87,4916
126.00,4915
126.05,4914
131.01,4913
131.08,4912
131.22,4911
131.27,4910
131.28,4909
131.30,4908
131.54,4907
131.74,4906
131.85,4905
131.90,4904
132.05,4903
145.14,4902
146.94,4901
147.29,4900
147.40,4899
147.52,4898
147.73,4897
147.85,4896
147.90,4895
147.92,4894
147.96,4893
153.37,4892
153.44,4891
153.96,4890
154.04,4889
164.61,4888
172.87,4887
173.05,4886
173.89,4885
174.14,4884
174.22,4883
174.66,4882
174.76,4881
184.80,4880
186.60,4879
187.03,4878
188.30,4877
188.37,4876
188.90,4875
188.93,4874
221.89,4873
221.91,4872
222.00,4871
225.91,4870
226.12,4869
264.82,4868
264.90,4867
265.00,4866
265.40,4865
293.91,4864
315.79,4863
324.25,4862
324.99,4861
333.22,4860
344.22,4859
446.77,4858
510.39,4857
519.11,4856
577.22,4855
