0.15,8360
0.15,8359
0.15,8358
0.15,8357
0.15,8356
0.15,8355
0.15,8354
0.15,8353
0.15,8352
0.15,8351
0.15,8350
0.15,8349
0.15,8348
0.15,8347
0.15,8346
0.15,8345
0.15,8344
0.15,8343
0.15,8342
0.15,8341
0.15,8340
0.15,8339
0.15,8338
0.15,8337
0.16,8336
0.16,8335
0.16,8334
0.16,8333
0.16,8332
0.16,8331
0.16,8330
0.16,8329
0.16,8328
0.16,8327
0.16,8326
0.16,8325
0.16,8324
0.16,8323
0.16,8322
0.16,8321
0.17,8320
0.17,8319
0.17,8318
0.17,8317
0.17,8316
0.17,8315
0.17,8314
0.17,8313
0.17,8312
0.17,8311
0.17,8310
0.17,8309
0.17,8308
0.17,8307
0.17,8306
0.17,8305
0.17,8304
0.17,8303
0.17,8302
0.17,8301
0.17,8300
0.17,8299
0.17,8298
0.17,8297
0.17,8296
0.17,8295
0.18,8294
0.18,8293
0.18,8292
0.18,8291
0.18,8290
0.18,8289
0.18,8288
0.18,8287
0.18,8286
0.18,8285
0.18,8284
0.18,8283
0.18,8282
0.18,8281
0.18,8280
0.18,8279
0.18,8278
0.18,8277
0.19,8276
0.19,8275
0.19,8274
0.19,8273
0.19,8272
0.19,8271
0.19,8270
0.19,8269
0.19,8268
0.19,8267
0.19,8266
0.19,8265
0.19,8264
0.20,8263
0.20,8262
0.20,8261
0.20,8260
0.20,8259
0.20,8258
0.20,8257
0.20,8256
0.20,8255
0.20,8254
0.20,8253
0.20,8252
0.20,8251
0.20,8250
0.20,8249
0.20,8248
0.20,8247
0.21,8246
0.21,8245
0.21,8244
0.21,8243
0.21,8242
0.21,8241
0.21,8240
0.21,8239
0.21,8238
0.21,8237
0.21,8236
0.21,8235
0.21,8234
0.21,8233
0.21,8232
0.21,8231
0.21,8230
0.21,8229
0.22,8228
0.22,8227
0.22,8226
0.22,8225
0.22,8224
0.22,8223
0.22,8222
0.22,8221
0.22,8220
0.22,8219
0.22,8218
0.22,8217
0.22,8216
0.22,8215
0.22,8214
0.23,8213
0.23,8212
0.23,8211
0.23,8210
0.23,8209
0.23,8208
0.23,8207
0.23,8206
0.23,8205
0.23,8204
0.23,8203
0.23,8202
0.23,8201
0.24,8200
0.24,8199
0.24,8198
0.24,8197
0.24,8196
0.24,8195
0.24,8194
0.24,8193
0.24,8192
0.24,8191
0.24,8190
0.24,8189
0.24,8188
0.24,8187
0.24,8186
0.24,8185
0.24,8184
0.24,8183
0.24,8182
0.24,8181
0.24,8180
0.24,8179
0.25,8178
0.25,8177
0.25,8176
0.25,8175
0.25,8174
0.25,8173
0.25,8172
0.25,8171
0.25,8170
0.25,8169
0.25,8168
0.25,8167
0.25,8166
0.25,8165
0.25,8164
0.26,8163
0.26,8162
0.26,8161
0.26,8160
0.26,8159
0.26,8158
0.26,8157
0.26,8156
0.26,8155
0.26,8154
0.27,8153
0.27,8152
0.27,8151
0.27,8150
0.27,8149
0.27,8148
0.27,8147
0.27,8146
0.27,8145
0.27,8144
0.27,8143
0.27,8142
0.28,8141
0.28,8140
0.28,8139
0.28,8138
0.28,8137
0.28,8136
0.28,8135
0.28,8134
0.28,8133
0.28,8132
0.28,8131
0.28,8130
0.28,8129
0.28,8128
0.28,8127
0.29,8126
0.29,8125
0.29,8124
0.29,8123
0.29,8122
0.29,8121
0.29,8120
0.29,8119
0.29,8118
0.29,8117
0.29,8116
0.29,8115
0.29,8114
0.29,8113
0.29,8112
0.29,8111
0.30,8110
0.30,8109
0.30,8108
0.30,8107
0.30,8106
0.30,8105
0.30,8104
0.31,8103
0.31,8102
0.31,8101
0.31,8100
0.31,8099
0.31,8098
0.31,8097
0.31,8096
0.31,8095
0.31,8094
0.31,8093
0.31,8092
0.32,8091
0.32,8090
0.32,8089
0.32,8088
0.32,8087
0.32,8086
0.32,8085
0.33,8084
0.33,8083
0.33,8082
0.33,8081
0.33,8080
0.33,8079
0.33,8078
0.33,8077
0.33,8076
0.33,8075
0.33,8074
0.33,8073
0.33,8072
0.33,8071
0.33,8070
0.33,8069
0.33,8068
0.34,8067
0.34,8066
0.34,8065
0.34,8064
0.34,8063
0.34,8062
0.34,8061
0.34,8060
0.34,8059
0.34,8058
0.34,8057
0.34,8056
0.34,8055
0.34,8054
0.34,8053
0.34,8052
0.34,8051
0.35,8050
0.35,8049
0.35,8048
0.35,8047
0.35,8046
0.35,8045
0.35,8044
0.35,8043
0.35,8042
0.35,8041
0.35,8040
0.35,8039
0.35,8038
0.36,8037
0.36,8036
0.36,8035
0.36,8034
0.36,8033
0.36,8032
0.36,8031
0.36,8030
0.37,8029
0.37,8028
0.37,8027
0.37,8026
0.37,8025
0.37,8024
0.37,8023
0.37,8022
0.37,8021
0.37,8020
0.37,8019
0.37,8018
0.37,8017
0.38,8016
0.38,8015
0.38,8014
0.38,8013
0.38,8012
0.38,8011
0.38,8010
0.39,8009
0.39,8008
0.39,8007
0.39,8006
0.39,8005
0.39,8004
0.41,8003
0.41,8002
0.41,8001
0.41,8000
0.41,7999
0.41,7998
0.42,7997
0.42,7996
0.42,7995
0.42,7994
0.42,7993
0.42,7992
0.42,7991
0.42,7990
0.42,7989
0.43,7988
0.43,7987
0.43,7986
0.43,7985
0.43,7984
0.43,7983
0.43,7982
0.43,7981
0.43,7980
0.43,7979
0.43,7978
0.44,7977
0.44,7976
0.44,7975
0.44,7974
0.44,7973
0.44,7972
0.45,7971
0.45,7970
0.45,7969
0.45,7968
0.45,7967
0.45,7966
0.45,7965
0.45,7964
0.45,7963
0.45,7962
0.45,7961
0.45,7960
0.45,7959
0.45,7958
0.45,7957
0.46,7956
0.46,7955
0.46,7954
0.46,7953
0.47,7952
0.47,7951
0.47,7950
0.47,7949
0.47,7948
0.47,7947
0.47,7946
0.47,7945
0.47,7944
0.47,7943
0.47,7942
0.47,7941
0.47,7940
0.48,7939
0.48,7938
0.48,7937
0.49,7936
0.49,7935
0.49,7934
0.49,7933
0.49,7932
0.49,7931
0.49,7930
0.49,7929
0.49,7928
0.49,7927
0.49,7926
0.49,7925
0.49,7924
0.49,7923
0.49,7922
0.49,7921
0.49,7920
0.49,7919
0.50,7918
0.50,7917
0.50,7916
0.50,7915
0.50,7914
0.50,7913
0.50,7912
0.51,7911
0.51,7910
0.51,7909
0.51,7908
0.51,7907
0.51,7906
0.52,7905
0.52,7904
0.52,7903
0.53,7902
0.53,7901
0.53,7900
0.53,7899
0.53,7898
0.53,7897
0.53,7896
0.53,7895
0.53,7894
0.53,7893
0.54,7892
0.54,7891
0.54,7890
0.54,7889
0.54,7888
0.54,7887
0.55,7886
0.55,7885
0.55,7884
0.55,7883
0.55,7882
0.55,7881
0.55,7880
0.55,7879
0.56,7878
0.56,7877
0.56,7876
0.56,7875
0.56,7874
0.56,7873
0.56,7872
0.56,7871
0.56,7870
0.57,7869
0.57,7868
0.57,7867
0.57,7866
0.58,7865
0.58,7864
0.58,7863
0.58,7862
0.58,7861
0.58,7860
0.58,7859
0.58,7858
0.58,7857
0.58,7856
0.58,7855
0.58,7854
0.58,7853
0.59,7852
0.59,7851
0.59,7850
0.59,7849
0.60,7848
0.60,7847
0.60,7846
0.60,7845
0.60,7844
0.60,7843
0.61,7842
0.61,7841
0.61,7840
0.61,7839
0.61,7838
0.61,7837
0.61,7836
0.61,7835
0.61,7834
0.63,7833
0.66,7832
0.66,7831
0.67,7830
0.67,7829
0.67,7828
0.67,7827
0.67,7826
0.67,7825
0.67,7824
0.68,7823
0.68,7822
0.68,7821
0.68,7820
0.68,7819
0.68,7818
0.69,7817
0.69,7816
0.69,7815
0.69,7814
0.70,7813
0.70,7812
0.70,7811
0.70,7810
0.70,7809
0.70,7808
0.71,7807
0.71,7806
0.71,7805
0.72,7804
0.72,7803
0.72,7802
0.72,7801
0.72,7800
0.72,7799
0.72,7798
0.72,7797
0.73,7796
0.73,7795
0.73,7794
0.74,7793
0.74,7792
0.74,7791
0.74,7790
0.74,7789
0.74,7788
0.74,7787
0.74,7786
0.74,7785
0.74,7784
0.74,7783
0.74,7782
0.75,7781
0.75,7780
0.75,7779
0.75,7778
0.75,7777
0.75,7776
0.75,7775
0.75,7774
0.75,7773
0.75,7772
0.75,7771
0.75,7770
0.76,7769
0.76,7768
0.76,7767
0.76,7766
0.76,7765
0.76,7764
0.76,7763
0.76,7762
0.76,7761
0.76,7760
0.76,7759
0.76,7758
0.77,7757
0.77,7756
0.77,7755
0.77,7754
0.77,7753
0.77,7752
0.77,7751
0.77,7750
0.77,7749
0.78,7748
0.78,7747
0.78,7746
0.78,7745
0.79,7744
0.79,7743
0.79,7742
0.79,7741
0.79,7740
0.79,7739
0.79,7738
0.79,7737
0.79,7736
0.79,7735
0.80,7734
0.80,7733
0.80,7732
0.80,7731
0.80,7730
0.80,7729
0.81,7728
0.81,7727
0.81,7726
0.81,7725
0.81,7724
0.81,7723
0.81,7722
0.81,7721
0.81,7720
0.81,7719
0.84,7718
0.84,7717
0.84,7716
0.84,7715
0.84,7714
0.84,7713
0.84,7712
0.84,7711
0.87,7710
0.88,7709
0.88,7708
0.88,7707
0.89,7706
0.89,7705
0.89,7704
0.89,7703
0.90,7702
0.90,7701
0.90,7700
0.90,7699
0.90,7698
0.90,7697
0.90,7696
0.90,7695
0.90,7694
0.91,7693
0.91,7692
0.92,7691
0.92,7690
0.92,7689
0.92,7688
0.92,7687
0.92,7686
0.94,7685
0.94,7684
0.94,7683
0.94,7682
0.94,7681
0.94,7680
0.94,7679
0.94,7678
0.94,7677
0.94,7676
0.94,7675
0.95,7674
0.95,7673
0.95,7672
0.95,7671
0.95,7670
0.95,7669
0.95,7668
0.95,7667
0.98,7666
0.98,7665
0.98,7664
0.98,7663
0.98,7662
0.98,7661
0.98,7660
0.99,7659
0.99,7658
0.99,7657
0.99,7656
0.99,7655
0.99,7654
0.99,7653
0.99,7652
0.99,7651
0.99,7650
0.99,7649
0.99,7648
1.00,7647
1.00,7646
1.00,7645
1.00,7644
1.00,7643
1.00,7642
1.01,7641
1.01,7640
1.01,7639
1.01,7638
1.01,7637
1.03,7636
1.03,7635
1.03,7634
1.03,7633
1.03,7632
1.04,7631
1.05,7630
1.05,7629
1.05,7628
1.05,7627
1.06,7626
1.06,7625
1.06,7624
1.06,7623
1.06,7622
1.06,7621
1.07,7620
1.07,7619
1.07,7618
1.07,7617
1.07,7616
1.07,7615
1.08,7614
1.08,7613
1.08,7612
1.08,7611
1.08,7610
1.09,7609
1.09,7608
1.09,7607
1.09,7606
1.09,7605
1.09,7604
1.10,7603
1.10,7602
1.10,7601
1.10,7600
1.10,7599
1.10,7598
1.10,7597
1.10,7596
1.10,7595
1.10,7594
1.10,7593
1.10,7592
1.10,7591
1.10,7590
1.11,7589
1.11,7588
1.11,7587
1.11,7586
1.11,7585
1.11,7584
1.11,7583
1.12,7582
1.12,7581
1.12,7580
1.12,7579
1.13,7578
1.13,7577
1.13,7576
1.13,7575
1.13,7574
1.13,7573
1.13,7572
1.13,7571
1.14,7570
1.14,7569
1.14,7568
1.14,7567
1.14,7566
1.14,7565
1.14,7564
1.15,7563
1.15,7562
1.16,7561
1.23,7560
1.23,7559
1.24,7558
1.24,7557
1.25,7556
1.25,7555
1.31,7554
1.31,7553
1.31,7552
1.38,7551
1.39,7550
1.39,7549
1.40,7548
1.40,7547
1.40,7546
1.40,7545
1.40,7544
1.40,7543
1.40,7542
1.40,7541
1.40,7540
1.41,7539
1.41,7538
1.41,7537
1.41,7536
1.41,7535
1.44,7534
1.46,7533
1.46,7532
1.46,7531
1.47,7530
1.47,7529
1.47,7528
1.47,7527
1.47,7526
1.48,7525
1.48,7524
1.49,7523
1.49,7522
1.50,7521
1.50,7520
1.50,7519
1.50,7518
1.53,7517
1.54,7516
1.54,7515
1.54,7514
1.58,7513
1.59,7512
1.59,7511
1.59,7510
1.67,7509
1.67,7508
1.67,7507
1.69,7506
1.69,7505
1.69,7504
1.70,7503
1.70,7502
1.70,7501
1.70,7500
1.70,7499
1.70,7498
1.70,7497
1.70,7496
1.70,7495
1.70,7494
1.70,7493
1.70,7492
1.70,7491
1.71,7490
1.75,7489
1.75,7488
1.75,7487
1.79,7486
1.79,7485
1.80,7484
1.80,7483
1.80,7482
1.80,7481
1.80,7480
1.81,7479
1.81,7478
1.81,7477
1.82,7476
1.82,7475
1.83,7474
1.83,7473
1.84,7472
1.84,7471
1.84,7470
1.85,7469
1.85,7468
1.85,7467
1.86,7466
1.86,7465
1.86,7464
1.86,7463
1.89,7462
1.91,7461
1.91,7460
1.91,7459
1.91,7458
1.91,7457
1.91,7456
1.91,7455
1.92,7454
1.92,7453
1.92,7452
1.92,7451
1.96,7450
1.96,7449
1.96,7448
1.96,7447
1.96,7446
1.96,7445
1.96,7444
1.96,7443
1.98,7442
1.98,7441
1.99,7440
1.99,7439
1.99,7438
1.99,7437
1.99,7436
2.00,7435
2.01,7434
2.01,7433
2.30,7432
2.33,7431
2.33,7430
2.35,7429
2.35,7428
2.35,7427
2.36,7426
2.36,7425
2.36,7424
2.36,7423
2.37,7422
2.38,7421
2.38,7420
2.38,7419
2.38,7418
2.38,7417
2.38,7416
2.39,7415
2.39,7414
2.39,7413
2.39,7412
2.39,7411
2.39,7410
2.40,7409
2.40,7408
2.40,7407
2.40,7406
2.41,7405
2.41,7404
2.53,7403
2.53,7402
2.55,7401
2.55,7400
2.55,7399
2.55,7398
2.55,7397
2.65,7396
2.66,7395
2.66,7394
2.66,7393
2.66,7392
2.66,7391
2.67,7390
2.67,7389
2.67,7388
2.67,7387
2.67,7386
2.68,7385
2.68,7384
2.68,7383
2.69,7382
2.73,7381
2.73,7380
2.73,7379
2.73,7378
2.74,7377
2.74,7376
2.74,7375
2.75,7374
2.75,7373
2.85,7372
2.85,7371
2.89,7370
2.90,7369
2.90,7368
2.90,7367
2.90,7366
2.90,7365
2.90,7364
2.90,7363
3.12,7362
3.12,7361
3.12,7360
3.31,7359
3.31,7358
3.32,7357
3.39,7356
3.39,7355
3.40,7354
3.43,7353
3.43,7352
3.43,7351
3.43,7350
3.43,7349
3.44,7348
3.66,7347
3.67,7346
3.67,7345
3.67,7344
3.67,7343
3.67,7342
3.68,7341
3.68,7340
3.68,7339
3.69,7338
3.69,7337
3.69,7336
3.69,7335
3.69,7334
3.69,7333
3.70,7332
3.74,7331
3.74,7330
3.74,7329
3.74,7328
3.74,7327
3.74,7326
3.74,7325
3.74,7324
3.74,7323
3.76,7322
3.89,7321
3.89,7320
3.89,7319
3.90,7318
3.90,7317
3.90,7316
3.91,7315
4.09,7314
4.09,7313
4.09,7312
4.09,7311
4.09,7310
4.09,7309
4.09,7308
4.09,7307
4.09,7306
4.09,7305
4.09,7304
4.10,7303
4.10,7302
4.11,7301
4.11,7300
4.12,7299
4.13,7298
4.13,7297
4.13,7296
4.13,7295
4.14,7294
4.14,7293
4.14,7292
4.14,7291
4.14,7290
4.21,7289
4.21,7288
4.22,7287
4.23,7286
4.23,7285
4.25,7284
4.25,7283
4.25,7282
4.25,7281
4.27,7280
4.27,7279
4.27,7278
4.28,7277
4.29,7276
4.29,7275
4.41,7274
4.41,7273
4.41,7272
4.45,7271
4.45,7270
4.45,7269
4.46,7268
4.46,7267
4.46,7266
4.47,7265
4.50,7264
4.52,7263
4.52,7262
4.52,7261
4.53,7260
4.53,7259
4.53,7258
4.53,7257
4.53,7256
4.60,7255
4.60,7254
4.65,7253
4.65,7252
4.68,7251
4.68,7250
4.68,7249
4.68,7248
4.68,7247
4.70,7246
4.71,7245
4.71,7244
4.76,7243
4.76,7242
4.76,7241
4.77,7240
4.78,7239
5.75,7238
5.75,7237
5.82,7236
5.83,7235
5.83,7234
5.83,7233
5.83,7232
5.84,7231
5.84,7230
5.84,7229
5.84,7228
5.86,7227
5.86,7226
5.86,7225
5.86,7224
5.86,7223
6.00,7222
6.02,7221
6.02,7220
6.02,7219
7.64,7218
7.64,7217
7.68,7216
7.73,7215
7.74,7214
7.74,7213
7.74,7212
7.75,7211
9.66,7210
9.67,7209
9.71,7208
9.72,7207
9.74,7206
9.74,7205
10.74,7204
10.75,7203
10.75,7202
10.75,7201
10.75,7200
10.75,7199
10.76,7198
10.76,7197
10.77,7196
10.84,7195
10.84,7194
10.87,7193
10.88,7192
10.88,7191
10.88,7190
10.88,7189
10.88,7188
10.91,7187
10.91,7186
10.92,7185
10.95,7184
10.96,7183
10.96,7182
11.00,7181
11.01,7180
11.03,7179
11.03,7178
11.03,7177
11.04,7176
11.04,7175
11.05,7174
11.05,7173
11.05,7172
11.05,7171
11.05,7170
11.05,7169
11.05,7168
11.05,7167
11.06,7166
11.07,7165
12.08,7164
12.10,7163
12.34,7162
12.34,7161
18.70,7160
18.70,7159
18.70,7158
18.70,7157
18.70,7156
18.70,7155
18.70,7154
18.70,7153
18.70,7152
18.93,7151
18.93,7150
18.94,7149
18.94,7148
18.94,7147
18.94,7146
18.97,7145
18.98,7144
18.98,7143
18.98,7142
18.98,7141
18.99,7140
19.00,7139
19.00,7138
19.00,7137
19.00,7136
19.02,7135
19.02,7134
19.02,7133
19.02,7132
19.03,7131
19.03,7130
20.41,7129
21.09,7128
21.30,7127
21.30,7126
21.30,7125
21.30,7124
21.38,7123
21.38,7122
21.38,7121
21.39,7120
21.88,7119
21.89,7118
21.89,7117
21.89,7116
21.90,7115
21.90,7114
21.90,7113
21.90,7112
21.90,7111
21.90,7110
22.01,7109
22.01,7108
22.01,7107
22.01,7106
22.01,7105
22.06,7104
22.06,7103
22.06,7102
22.06,7101
23.41,7100
23.43,7099
23.43,7098
23.43,7097
23.44,7096
23.61,7095
24.46,7094
24.46,7093
24.46,7092
24.46,7091
24.46,7090
24.46,7089
24.47,7088
24.47,7087
24.47,7086
24.47,7085
24.48,7084
24.48,7083
24.48,7082
24.48,7081
24.49,7080
24.49,7079
24.49,7078
24.49,7077
24.49,7076
24.49,7075
24.49,7074
24.50,7073
24.50,7072
24.65,7071
24.66,7070
24.66,7069
24.66,7068
24.67,7067
24.67,7066
24.70,7065
24.72,7064
24.87,7063
24.87,7062
24.87,7061
24.93,7060
24.93,7059
24.93,7058
25.15,7057
25.15,7056
25.15,7055
25.16,7054
25.16,7053
25.16,7052
25.17,7051
25.17,7050
25.17,7049
25.19,7048
25.19,7047
25.20,7046
25.20,7045
25.20,7044
25.23,7043
25.23,7042
25.23,7041
25.23,7040
25.23,7039
26.25,7038
26.25,7037
26.25,7036
26.25,7035
26.25,7034
26.26,7033
26.26,7032
26.28,7031
26.30,7030
26.30,7029
26.64,7028
26.64,7027
26.64,7026
26.64,7025
26.64,7024
26.64,7023
26.64,7022
26.64,7021
26.64,7020
26.64,7019
26.70,7018
26.71,7017
26.71,7016
26.71,7015
26.72,7014
26.72,7013
26.72,7012
26.72,7011
26.73,7010
26.73,7009
26.75,7008
26.75,7007
26.75,7006
26.75,7005
26.76,7004
26.76,7003
26.77,7002
26.77,7001
26.77,7000
26.77,6999
26.86,6998
26.86,6997
26.86,6996
26.90,6995
26.90,6994
26.90,6993
26.90,6992
27.02,6991
27.02,6990
27.02,6989
27.02,6988
27.02,6987
27.02,6986
27.03,6985
27.03,6984
27.03,6983
27.05,6982
27.05,6981
27.05,6980
27.05,6979
27.06,6978
27.06,6977
27.06,6976
27.06,6975
27.08,6974
27.08,6973
27.08,6972
27.10,6971
27.10,6970
27.10,6969
27.12,6968
27.12,6967
27.12,6966
27.13,6965
27.13,6964
27.29,6963
27.29,6962
27.29,6961
27.29,6960
27.30,6959
27.30,6958
27.30,6957
27.30,6956
27.41,6955
27.41,6954
27.41,6953
27.43,6952
27.43,6951
27.44,6950
27.44,6949
27.48,6948
27.49,6947
27.49,6946
27.49,6945
27.49,6944
27.49,6943
27.49,6942
29.34,6941
29.34,6940
29.34,6939
29.34,6938
29.37,6937
29.37,6936
29.38,6935
29.38,6934
29.38,6933
29.42,6932
29.42,6931
29.43,6930
29.43,6929
29.44,6928
29.44,6927
29.45,6926
29.45,6925
29.45,6924
29.45,6923
29.61,6922
29.62,6921
29.62,6920
29.65,6919
29.65,6918
29.65,6917
29.65,6916
29.65,6915
29.65,6914
29.65,6913
29.65,6912
29.65,6911
29.67,6910
29.67,6909
29.68,6908
29.68,6907
29.68,6906
29.69,6905
29.69,6904
29.69,6903
29.70,6902
29.70,6901
29.70,6900
29.70,6899
29.70,6898
29.71,6897
29.96,6896
29.96,6895
29.97,6894
29.97,6893
29.97,6892
29.97,6891
29.98,6890
29.98,6889
29.98,6888
29.98,6887
29.98,6886
29.99,6885
30.01,6884
30.02,6883
30.02,6882
30.02,6881
30.02,6880
30.02,6879
30.02,6878
30.03,6877
30.18,6876
30.18,6875
30.21,6874
30.24,6873
30.25,6872
30.25,6871
30.25,6870
30.25,6869
30.26,6868
30.26,6867
30.26,6866
30.26,6865
30.26,6864
30.26,6863
30.28,6862
30.28,6861
30.28,6860
30.62,6859
30.62,6858
30.62,6857
30.64,6856
30.64,6855
30.64,6854
30.64,6853
30.64,6852
30.64,6851
30.65,6850
30.65,6849
30.77,6848
30.77,6847
30.78,6846
30.78,6845
30.78,6844
30.78,6843
30.93,6842
30.93,6841
30.95,6840
31.00,6839
31.01,6838
31.01,6837
31.01,6836
31.01,6835
31.01,6834
31.01,6833
31.01,6832
31.02,6831
31.02,6830
31.06,6829
31.06,6828
31.06,6827
31.08,6826
31.08,6825
31.08,6824
31.08,6823
31.08,6822
31.18,6821
31.19,6820
31.19,6819
31.20,6818
31.20,6817
31.20,6816
31.20,6815
31.21,6814
31.21,6813
31.21,6812
31.21,6811
31.22,6810
31.22,6809
31.29,6808
31.29,6807
31.33,6806
31.33,6805
31.33,6804
31.34,6803
31.34,6802
31.34,6801
31.34,6800
31.34,6799
31.39,6798
31.39,6797
32.41,6796
32.41,6795
32.41,6794
32.46,6793
32.46,6792
32.96,6791
32.96,6790
32.96,6789
32.98,6788
32.99,6787
33.26,6786
33.26,6785
33.46,6784
33.57,6783
33.57,6782
33.57,6781
33.57,6780
33.59,6779
33.59,6778
33.60,6777
33.61,6776
33.61,6775
33.62,6774
33.62,6773
33.62,6772
33.62,6771
33.62,6770
33.62,6769
33.62,6768
33.63,6767
33.66,6766
33.66,6765
33.67,6764
33.67,6763
33.68,6762
33.74,6761
33.74,6760
33.75,6759
33.75,6758
33.75,6757
33.75,6756
33.76,6755
33.76,6754
33.76,6753
33.77,6752
33.77,6751
33.78,6750
33.78,6749
33.78,6748
33.78,6747
33.78,6746
33.79,6745
33.79,6744
33.79,6743
33.79,6742
33.81,6741
33.82,6740
33.82,6739
33.82,6738
33.82,6737
33.85,6736
33.86,6735
33.87,6734
34.05,6733
34.06,6732
34.06,6731
34.07,6730
34.07,6729
34.08,6728
34.08,6727
34.09,6726
34.09,6725
34.11,6724
34.11,6723
34.11,6722
34.11,6721
34.14,6720
34.14,6719
34.14,6718
34.15,6717
34.20,6716
34.20,6715
34.20,6714
34.20,6713
34.20,6712
34.24,6711
34.24,6710
34.24,6709
34.24,6708
34.24,6707
34.48,6706
34.48,6705
34.48,6704
34.48,6703
34.48,6702
34.62,6701
34.62,6700
34.62,6699
34.63,6698
34.63,6697
34.63,6696
34.63,6695
34.65,6694
34.65,6693
34.67,6692
34.69,6691
34.69,6690
34.72,6689
34.75,6688
34.75,6687
34.75,6686
34.76,6685
34.76,6684
34.76,6683
34.78,6682
34.78,6681
34.78,6680
34.78,6679
34.78,6678
34.79,6677
34.79,6676
34.80,6675
34.81,6674
34.81,6673
34.82,6672
34.82,6671
34.85,6670
34.93,6669
34.93,6668
34.94,6667
34.94,6666
34.94,6665
35.04,6664
35.04,6663
35.07,6662
35.07,6661
35.09,6660
35.29,6659
35.29,6658
35.29,6657
35.29,6656
35.30,6655
35.30,6654
35.30,6653
35.30,6652
35.30,6651
35.31,6650
35.31,6649
35.31,6648
35.31,6647
35.31,6646
35.31,6645
35.43,6644
35.44,6643
35.44,6642
35.44,6641
35.44,6640
35.44,6639
35.44,6638
35.45,6637
35.45,6636
35.45,6635
35.46,6634
35.52,6633
35.53,6632
35.54,6631
35.54,6630
35.54,6629
35.54,6628
35.55,6627
35.56,6626
35.57,6625
35.57,6624
35.57,6623
35.58,6622
35.58,6621
35.58,6620
35.58,6619
35.58,6618
35.58,6617
35.59,6616
35.59,6615
35.60,6614
35.62,6613
35.62,6612
35.62,6611
35.63,6610
35.70,6609
35.90,6608
35.91,6607
35.91,6606
35.92,6605
35.92,6604
35.93,6603
35.93,6602
35.93,6601
35.93,6600
35.93,6599
35.93,6598
35.93,6597
35.99,6596
35.99,6595
35.99,6594
36.00,6593
36.02,6592
36.06,6591
36.08,6590
36.08,6589
36.08,6588
36.08,6587
36.09,6586
36.09,6585
36.10,6584
36.26,6583
36.26,6582
36.27,6581
36.27,6580
36.35,6579
36.36,6578
36.36,6577
36.37,6576
36.37,6575
36.37,6574
36.37,6573
36.38,6572
36.40,6571
36.40,6570
36.40,6569
36.40,6568
36.41,6567
36.41,6566
36.41,6565
36.53,6564
36.53,6563
36.54,6562
36.54,6561
36.55,6560
36.55,6559
36.55,6558
36.55,6557
36.55,6556
36.55,6555
36.55,6554
36.57,6553
36.57,6552
36.57,6551
36.57,6550
36.64,6549
36.64,6548
36.65,6547
36.65,6546
36.77,6545
36.77,6544
36.77,6543
36.86,6542
36.86,6541
36.86,6540
36.86,6539
36.87,6538
36.87,6537
36.87,6536
36.87,6535
36.87,6534
36.87,6533
36.88,6532
36.88,6531
36.88,6530
36.88,6529
36.88,6528
36.88,6527
36.88,6526
36.89,6525
36.89,6524
36.89,6523
36.90,6522
37.06,6521
37.06,6520
37.06,6519
37.06,6518
37.06,6517
37.06,6516
37.06,6515
37.07,6514
37.07,6513
37.08,6512
37.09,6511
37.09,6510
37.10,6509
37.10,6508
37.10,6507
37.10,6506
37.10,6505
37.10,6504
37.10,6503
37.11,6502
37.11,6501
37.13,6500
37.14,6499
37.14,6498
37.20,6497
37.20,6496
37.21,6495
37.21,6494
37.21,6493
37.22,6492
37.22,6491
37.24,6490
37.24,6489
37.24,6488
37.24,6487
37.26,6486
37.31,6485
37.31,6484
37.31,6483
37.31,6482
37.32,6481
37.33,6480
37.34,6479
37.34,6478
37.34,6477
37.34,6476
37.34,6475
37.34,6474
37.35,6473
37.35,6472
37.35,6471
37.38,6470
37.39,6469
37.39,6468
37.39,6467
37.45,6466
37.45,6465
37.45,6464
37.45,6463
37.46,6462
37.46,6461
37.46,6460
37.46,6459
37.47,6458
37.47,6457
37.47,6456
37.48,6455
37.48,6454
37.48,6453
37.48,6452
37.50,6451
37.51,6450
37.51,6449
37.51,6448
37.51,6447
37.52,6446
37.53,6445
37.53,6444
37.53,6443
37.54,6442
37.54,6441
37.75,6440
37.75,6439
37.76,6438
37.76,6437
37.80,6436
37.80,6435
37.80,6434
37.80,6433
37.80,6432
37.80,6431
37.80,6430
37.81,6429
37.81,6428
37.86,6427
37.86,6426
37.86,6425
37.86,6424
37.87,6423
37.89,6422
37.90,6421
37.91,6420
37.92,6419
37.92,6418
37.92,6417
37.92,6416
37.92,6415
37.92,6414
37.92,6413
37.94,6412
37.94,6411
37.94,6410
37.94,6409
37.94,6408
37.94,6407
37.98,6406
37.99,6405
37.99,6404
38.00,6403
38.11,6402
38.11,6401
38.11,6400
38.12,6399
38.27,6398
38.27,6397
38.27,6396
38.28,6395
38.28,6394
38.28,6393
38.29,6392
38.29,6391
38.29,6390
38.29,6389
38.30,6388
38.30,6387
38.31,6386
38.33,6385
38.33,6384
38.34,6383
38.34,6382
38.35,6381
38.38,6380
38.38,6379
38.40,6378
38.41,6377
38.42,6376
38.42,6375
38.44,6374
38.46,6373
38.46,6372
38.46,6371
38.46,6370
38.46,6369
38.46,6368
38.54,6367
38.54,6366
38.54,6365
38.55,6364
38.55,6363
38.55,6362
38.56,6361
38.56,6360
38.56,6359
38.56,6358
38.57,6357
38.57,6356
38.57,6355
38.58,6354
38.60,6353
38.60,6352
38.60,6351
38.60,6350
38.60,6349
38.61,6348
38.62,6347
38.62,6346
38.62,6345
38.62,6344
38.64,6343
38.64,6342
38.66,6341
38.67,6340
38.67,6339
38.67,6338
38.67,6337
38.68,6336
38.71,6335
38.71,6334
38.88,6333
38.88,6332
38.88,6331
38.88,6330
38.88,6329
38.89,6328
38.89,6327
38.89,6326
38.89,6325
38.89,6324
38.89,6323
38.89,6322
38.89,6321
38.89,6320
38.90,6319
38.90,6318
38.90,6317
38.90,6316
38.91,6315
38.91,6314
38.91,6313
38.91,6312
38.91,6311
38.94,6310
38.94,6309
38.94,6308
38.94,6307
38.94,6306
38.94,6305
39.48,6304
39.50,6303
39.50,6302
39.51,6301
39.51,6300
39.52,6299
39.52,6298
39.52,6297
39.53,6296
39.97,6295
40.21,6294
40.21,6293
40.22,6292
40.23,6291
40.23,6290
40.23,6289
40.23,6288
40.24,6287
40.24,6286
40.24,6285
40.25,6284
40.26,6283
40.27,6282
40.27,6281
40.27,6280
40.29,6279
40.29,6278
40.29,6277
40.29,6276
40.30,6275
40.30,6274
40.32,6273
40.32,6272
40.34,6271
40.35,6270
40.35,6269
40.35,6268
40.35,6267
40.35,6266
40.36,6265
40.36,6264
40.36,6263
40.41,6262
40.43,6261
40.44,6260
40.68,6259
40.68,6258
40.68,6257
40.68,6256
40.68,6255
40.68,6254
40.68,6253
40.70,6252
40.74,6251
40.74,6250
40.77,6249
40.86,6248
40.87,6247
40.93,6246
40.95,6245
40.95,6244
40.95,6243
41.00,6242
41.00,6241
41.00,6240
41.01,6239
41.01,6238
41.01,6237
41.02,6236
41.02,6235
41.03,6234
41.03,6233
41.03,6232
41.03,6231
41.04,6230
41.04,6229
41.04,6228
41.06,6227
41.06,6226
41.06,6225
41.06,6224
41.08,6223
41.08,6222
41.08,6221
41.11,6220
41.17,6219
41.18,6218
41.18,6217
41.19,6216
41.19,6215
41.20,6214
41.20,6213
41.20,6212
41.20,6211
41.20,6210
41.21,6209
41.24,6208
41.24,6207
41.36,6206
41.36,6205
41.41,6204
41.41,6203
41.41,6202
41.41,6201
41.53,6200
41.53,6199
41.53,6198
41.56,6197
41.57,6196
41.59,6195
41.67,6194
41.67,6193
41.69,6192
41.69,6191
41.75,6190
41.75,6189
41.76,6188
41.76,6187
41.77,6186
41.77,6185
41.77,6184
41.77,6183
41.77,6182
41.78,6181
41.80,6180
41.80,6179
41.80,6178
41.81,6177
41.82,6176
41.82,6175
41.82,6174
41.82,6173
41.82,6172
41.82,6171
41.83,6170
41.83,6169
41.84,6168
41.92,6167
41.92,6166
41.92,6165
41.92,6164
41.92,6163
41.94,6162
41.94,6161
41.94,6160
41.94,6159
41.94,6158
41.94,6157
41.94,6156
41.94,6155
41.96,6154
42.10,6153
42.10,6152
42.10,6151
42.10,6150
42.10,6149
42.10,6148
42.10,6147
42.10,6146
42.10,6145
42.10,6144
42.11,6143
42.12,6142
42.12,6141
42.12,6140
42.49,6139
42.50,6138
42.50,6137
42.50,6136
42.57,6135
42.57,6134
42.57,6133
42.58,6132
42.60,6131
42.61,6130
42.61,6129
42.61,6128
42.62,6127
42.62,6126
42.62,6125
42.62,6124
42.64,6123
42.70,6122
42.70,6121
42.71,6120
42.71,6119
42.75,6118
42.75,6117
42.76,6116
42.76,6115
42.76,6114
42.77,6113
42.77,6112
42.77,6111
42.77,6110
42.77,6109
42.77,6108
42.78,6107
42.81,6106
42.81,6105
42.81,6104
42.81,6103
42.90,6102
42.91,6101
42.92,6100
43.06,6099
43.07,6098
43.07,6097
43.07,6096
43.07,6095
43.08,6094
43.11,6093
43.11,6092
43.11,6091
43.11,6090
43.11,6089
43.12,6088
43.12,6087
43.12,6086
43.13,6085
43.13,6084
43.14,6083
43.16,6082
43.17,6081
43.18,6080
43.18,6079
43.18,6078
43.18,6077
43.18,6076
43.18,6075
43.18,6074
43.19,6073
43.19,6072
43.19,6071
43.19,6070
43.21,6069
43.22,6068
43.22,6067
43.23,6066
43.26,6065
43.27,6064
43.55,6063
43.55,6062
43.56,6061
43.58,6060
43.58,6059
43.59,6058
43.59,6057
43.59,6056
43.70,6055
43.70,6054
43.74,6053
43.74,6052
43.74,6051
43.74,6050
43.74,6049
43.74,6048
43.82,6047
43.82,6046
43.82,6045
43.82,6044
43.83,6043
43.83,6042
43.83,6041
43.83,6040
43.84,6039
43.88,6038
43.88,6037
43.88,6036
43.88,6035
43.88,6034
43.89,6033
43.92,6032
43.93,6031
43.93,6030
43.93,6029
43.93,6028
44.02,6027
44.03,6026
44.03,6025
44.03,6024
44.06,6023
44.07,6022
44.07,6021
44.07,6020
44.10,6019
44.10,6018
44.11,6017
44.11,6016
44.11,6015
44.11,6014
44.25,6013
44.25,6012
44.30,6011
44.31,6010
44.31,6009
44.32,6008
44.32,6007
44.50,6006
44.56,6005
44.56,6004
44.57,6003
44.57,6002
44.57,6001
44.57,6000
44.59,5999
44.61,5998
44.61,5997
44.62,5996
44.63,5995
44.88,5994
44.94,5993
44.94,5992
44.94,5991
44.94,5990
44.94,5989
44.94,5988
44.95,5987
45.02,5986
45.02,5985
45.02,5984
45.03,5983
45.03,5982
45.03,5981
45.03,5980
45.03,5979
45.03,5978
45.03,5977
45.04,5976
45.06,5975
45.06,5974
45.06,5973
45.06,5972
45.06,5971
45.20,5970
45.20,5969
45.20,5968
45.21,5967
45.21,5966
45.21,5965
45.21,5964
45.22,5963
45.31,5962
45.32,5961
45.32,5960
45.33,5959
45.41,5958
45.41,5957
45.41,5956
45.41,5955
45.42,5954
45.42,5953
45.42,5952
45.43,5951
45.65,5950
45.65,5949
45.66,5948
45.69,5947
45.69,5946
45.69,5945
45.70,5944
45.70,5943
45.71,5942
45.71,5941
45.71,5940
45.76,5939
45.77,5938
45.82,5937
45.82,5936
45.82,5935
45.83,5934
45.83,5933
45.99,5932
46.01,5931
46.02,5930
46.03,5929
46.03,5928
46.04,5927
46.04,5926
46.04,5925
46.04,5924
46.05,5923
46.05,5922
46.05,5921
46.12,5920
46.13,5919
46.13,5918
46.14,5917
46.14,5916
46.14,5915
46.15,5914
46.18,5913
46.18,5912
46.25,5911
46.26,5910
46.26,5909
46.26,5908
46.26,5907
46.26,5906
46.27,5905
46.27,5904
46.27,5903
46.27,5902
46.27,5901
46.27,5900
46.27,5899
46.29,5898
46.29,5897
46.29,5896
46.32,5895
46.35,5894
46.35,5893
46.35,5892
46.35,5891
46.39,5890
46.40,5889
46.40,5888
46.40,5887
46.41,5886
46.41,5885
46.41,5884
46.42,5883
46.42,5882
46.46,5881
46.47,5880
46.49,5879
46.49,5878
46.49,5877
46.49,5876
46.49,5875
46.52,5874
46.52,5873
46.53,5872
46.53,5871
46.53,5870
46.56,5869
46.56,5868
46.56,5867
46.56,5866
46.59,5865
46.59,5864
46.59,5863
46.59,5862
46.60,5861
46.67,5860
46.73,5859
46.73,5858
46.79,5857
46.82,5856
46.82,5855
46.82,5854
46.82,5853
46.84,5852
46.84,5851
46.85,5850
46.85,5849
46.85,5848
46.85,5847
46.87,5846
46.87,5845
46.88,5844
47.03,5843
47.05,5842
47.05,5841
47.05,5840
47.05,5839
47.05,5838
47.05,5837
47.05,5836
47.07,5835
47.09,5834
47.11,5833
47.11,5832
47.11,5831
47.11,5830
47.16,5829
47.16,5828
47.16,5827
47.16,5826
47.17,5825
47.17,5824
47.18,5823
47.22,5822
47.26,5821
47.26,5820
47.26,5819
47.28,5818
47.28,5817
47.29,5816
47.30,5815
47.30,5814
47.33,5813
47.35,5812
47.42,5811
47.43,5810
47.43,5809
47.43,5808
47.43,5807
47.43,5806
47.43,5805
47.43,5804
47.45,5803
47.45,5802
47.45,5801
47.45,5800
47.45,5799
47.45,5798
47.45,5797
47.45,5796
47.45,5795
47.45,5794
47.46,5793
47.46,5792
47.47,5791
47.47,5790
47.47,5789
47.49,5788
47.49,5787
47.49,5786
47.73,5785
47.74,5784
47.75,5783
47.75,5782
47.75,5781
47.75,5780
47.76,5779
47.80,5778
47.80,5777
47.85,5776
47.85,5775
47.87,5774
47.87,5773
47.88,5772
47.88,5771
47.88,5770
47.88,5769
47.89,5768
47.90,5767
47.90,5766
47.91,5765
47.91,5764
47.92,5763
47.92,5762
47.94,5761
47.94,5760
47.96,5759
48.00,5758
48.00,5757
48.00,5756
48.00,5755
48.03,5754
48.04,5753
48.10,5752
48.11,5751
48.11,5750
48.11,5749
48.11,5748
48.12,5747
48.13,5746
48.13,5745
48.13,5744
48.18,5743
48.18,5742
48.19,5741
48.19,5740
48.20,5739
48.20,5738
48.20,5737
48.21,5736
48.23,5735
48.23,5734
48.23,5733
48.26,5732
48.26,5731
48.26,5730
48.26,5729
48.27,5728
48.27,5727
48.30,5726
48.30,5725
48.31,5724
48.79,5723
48.82,5722
48.82,5721
48.82,5720
48.82,5719
48.82,5718
48.82,5717
48.83,5716
48.83,5715
48.83,5714
48.84,5713
48.85,5712
48.85,5711
48.86,5710
48.89,5709
48.90,5708
48.90,5707
48.91,5706
48.91,5705
48.91,5704
48.94,5703
48.94,5702
48.95,5701
48.99,5700
48.99,5699
48.99,5698
48.99,5697
48.99,5696
49.00,5695
49.00,5694
49.01,5693
49.04,5692
49.04,5691
49.04,5690
49.25,5689
49.25,5688
49.25,5687
49.25,5686
49.25,5685
49.26,5684
49.27,5683
49.28,5682
49.30,5681
49.30,5680
49.30,5679
49.41,5678
49.49,5677
49.49,5676
49.50,5675
49.51,5674
49.51,5673
49.51,5672
49.51,5671
49.51,5670
49.51,5669
49.52,5668
49.55,5667
49.55,5666
49.55,5665
49.56,5664
49.61,5663
49.62,5662
49.62,5661
49.62,5660
49.66,5659
49.67,5658
49.67,5657
49.67,5656
49.67,5655
49.67,5654
49.69,5653
49.69,5652
49.69,5651
49.72,5650
49.74,5649
49.75,5648
49.80,5647
49.92,5646
49.92,5645
49.93,5644
49.94,5643
49.94,5642
49.94,5641
49.95,5640
49.95,5639
49.95,5638
49.95,5637
49.96,5636
49.96,5635
49.96,5634
49.97,5633
49.97,5632
49.97,5631
49.97,5630
49.98,5629
49.99,5628
49.99,5627
50.00,5626
50.01,5625
50.03,5624
50.03,5623
50.03,5622
50.03,5621
50.03,5620
50.03,5619
50.03,5618
50.04,5617
50.04,5616
50.06,5615
50.21,5614
50.21,5613
50.21,5612
50.23,5611
50.27,5610
50.27,5609
50.27,5608
50.46,5607
50.46,5606
50.48,5605
50.49,5604
50.49,5603
50.50,5602
50.50,5601
50.50,5600
50.50,5599
50.50,5598
50.54,5597
50.55,5596
50.56,5595
50.56,5594
50.56,5593
50.57,5592
50.62,5591
50.62,5590
50.62,5589
50.62,5588
50.62,5587
50.63,5586
50.64,5585
50.64,5584
50.64,5583
50.64,5582
50.70,5581
50.71,5580
50.73,5579
50.73,5578
50.75,5577
50.75,5576
50.75,5575
50.76,5574
50.76,5573
50.81,5572
50.81,5571
50.81,5570
50.81,5569
50.82,5568
50.82,5567
50.86,5566
50.86,5565
50.87,5564
50.89,5563
50.89,5562
50.89,5561
50.89,5560
50.91,5559
50.91,5558
50.91,5557
50.94,5556
50.94,5555
50.95,5554
50.96,5553
50.98,5552
50.99,5551
50.99,5550
50.99,5549
50.99,5548
51.01,5547
51.01,5546
51.01,5545
51.04,5544
51.05,5543
51.05,5542
51.05,5541
51.06,5540
51.06,5539
51.07,5538
51.23,5537
51.24,5536
51.27,5535
51.31,5534
51.31,5533
51.32,5532
51.32,5531
51.32,5530
51.33,5529
51.33,5528
51.91,5527
51.92,5526
51.93,5525
51.93,5524
51.93,5523
51.93,5522
51.93,5521
51.94,5520
51.94,5519
51.95,5518
52.06,5517
52.09,5516
52.09,5515
52.09,5514
52.09,5513
52.14,5512
52.14,5511
52.15,5510
52.15,5509
52.27,5508
52.27,5507
52.30,5506
52.30,5505
52.32,5504
52.32,5503
52.32,5502
52.33,5501
52.33,5500
52.33,5499
52.33,5498
52.33,5497
52.34,5496
52.35,5495
52.35,5494
52.48,5493
52.56,5492
52.56,5491
52.63,5490
52.68,5489
52.72,5488
52.86,5487
52.86,5486
52.86,5485
52.86,5484
52.87,5483
52.87,5482
52.87,5481
52.88,5480
52.88,5479
52.89,5478
52.89,5477
52.89,5476
52.90,5475
52.91,5474
52.92,5473
52.98,5472
52.99,5471
52.99,5470
52.99,5469
52.99,5468
53.00,5467
53.00,5466
53.01,5465
53.20,5464
53.21,5463
53.21,5462
53.21,5461
53.22,5460
53.23,5459
53.23,5458
53.23,5457
53.24,5456
53.24,5455
53.24,5454
53.28,5453
53.28,5452
53.29,5451
53.31,5450
53.31,5449
53.32,5448
53.33,5447
53.35,5446
53.36,5445
53.37,5444
53.37,5443
53.37,5442
53.37,5441
53.38,5440
53.38,5439
53.38,5438
53.38,5437
53.38,5436
53.39,5435
53.39,5434
53.43,5433
53.44,5432
53.71,5431
53.71,5430
53.78,5429
53.78,5428
53.79,5427
53.79,5426
53.80,5425
53.80,5424
53.81,5423
53.84,5422
53.88,5421
53.88,5420
53.89,5419
53.89,5418
53.94,5417
53.94,5416
54.21,5415
54.21,5414
54.23,5413
54.23,5412
54.23,5411
54.23,5410
54.27,5409
54.27,5408
54.27,5407
54.28,5406
54.28,5405
54.28,5404
54.28,5403
54.28,5402
54.29,5401
54.29,5400
54.29,5399
54.29,5398
54.29,5397
54.31,5396
54.33,5395
54.44,5394
54.44,5393
54.53,5392
54.53,5391
54.53,5390
54.53,5389
54.53,5388
54.53,5387
54.54,5386
54.54,5385
54.54,5384
54.54,5383
54.55,5382
54.56,5381
54.61,5380
54.64,5379
54.65,5378
54.65,5377
54.77,5376
54.77,5375
54.78,5374
54.78,5373
54.79,5372
54.79,5371
54.86,5370
54.86,5369
54.87,5368
54.88,5367
55.10,5366
55.12,5365
55.15,5364
55.15,5363
55.15,5362
55.24,5361
55.24,5360
55.24,5359
55.24,5358
55.25,5357
55.26,5356
55.30,5355
55.30,5354
55.31,5353
55.31,5352
55.32,5351
55.32,5350
55.37,5349
55.37,5348
55.37,5347
55.38,5346
55.40,5345
55.42,5344
55.46,5343
55.85,5342
55.92,5341
55.92,5340
55.93,5339
55.93,5338
56.11,5337
56.13,5336
56.13,5335
56.13,5334
56.14,5333
56.15,5332
56.22,5331
56.23,5330
56.23,5329
56.23,5328
56.23,5327
56.40,5326
56.41,5325
56.42,5324
56.42,5323
56.44,5322
56.44,5321
56.46,5320
56.46,5319
56.46,5318
56.47,5317
56.59,5316
56.59,5315
56.61,5314
56.61,5313
56.68,5312
56.72,5311
56.72,5310
56.73,5309
56.73,5308
56.73,5307
56.74,5306
56.74,5305
56.75,5304
56.75,5303
56.76,5302
56.76,5301
56.77,5300
56.78,5299
56.78,5298
56.83,5297
56.93,5296
56.94,5295
56.94,5294
57.41,5293
57.57,5292
57.59,5291
57.60,5290
57.60,5289
57.63,5288
57.64,5287
57.64,5286
57.64,5285
57.64,5284
57.64,5283
57.65,5282
57.65,5281
57.66,5280
57.70,5279
57.73,5278
57.74,5277
57.78,5276
57.82,5275
57.82,5274
57.83,5273
57.83,5272
57.88,5271
57.88,5270
57.88,5269
57.89,5268
57.89,5267
57.91,5266
57.91,5265
57.91,5264
58.18,5263
58.20,5262
58.21,5261
58.22,5260
58.22,5259
58.26,5258
58.28,5257
58.30,5256
58.31,5255
58.37,5254
58.47,5253
58.48,5252
58.53,5251
58.54,5250
58.54,5249
58.56,5248
58.56,5247
58.56,5246
58.56,5245
58.58,5244
58.60,5243
58.64,5242
58.65,5241
58.65,5240
58.65,5239
58.65,5238
58.67,5237
58.70,5236
58.88,5235
58.88,5234
58.88,5233
58.89,5232
58.90,5231
58.97,5230
58.99,5229
58.99,5228
59.01,5227
59.03,5226
59.06,5225
59.91,5224
59.91,5223
59.94,5222
59.94,5221
59.94,5220
59.95,5219
59.95,5218
59.96,5217
59.97,5216
59.97,5215
59.99,5214
59.99,5213
60.01,5212
60.14,5211
60.16,5210
60.20,5209
60.23,5208
60.23,5207
60.25,5206
60.26,5205
60.30,5204
60.31,5203
60.31,5202
60.32,5201
60.32,5200
60.32,5199
60.32,5198
60.49,5197
60.50,5196
60.50,5195
60.51,5194
60.51,5193
60.52,5192
60.53,5191
60.56,5190
60.72,5189
60.72,5188
60.72,5187
60.84,5186
60.84,5185
60.84,5184
60.85,5183
62.10,5182
62.12,5181
62.13,5180
62.13,5179
62.14,5178
62.14,5177
62.14,5176
62.14,5175
62.15,5174
62.18,5173
62.18,5172
62.18,5171
62.21,5170
62.46,5169
62.46,5168
62.47,5167
62.49,5166
62.53,5165
62.68,5164
62.70,5163
62.75,5162
62.78,5161
62.85,5160
62.86,5159
63.14,5158
63.14,5157
63.21,5156
63.37,5155
63.37,5154
63.38,5153
63.38,5152
63.39,5151
63.47,5150
63.56,5149
63.57,5148
63.57,5147
64.48,5146
64.48,5145
64.49,5144
64.49,5143
64.59,5142
64.75,5141
65.47,5140
65.48,5139
65.57,5138
65.57,5137
65.57,5136
65.58,5135
65.60,5134
65.64,5133
65.67,5132
65.69,5131
65.69,5130
65.79,5129
65.80,5128
66.06,5127
66.07,5126
66.13,5125
66.13,5124
66.15,5123
66.15,5122
66.16,5121
66.40,5120
66.40,5119
66.42,5118
66.43,5117
66.43,5116
66.45,5115
66.45,5114
66.74,5113
66.81,5112
66.85,5111
66.86,5110
67.49,5109
67.49,5108
68.30,5107
68.49,5106
68.50,5105
68.52,5104
68.61,5103
68.61,5102
69.38,5101
69.38,5100
69.39,5099
69.40,5098
69.40,5097
69.70,5096
69.71,5095
69.73,5094
69.73,5093
69.79,5092
69.80,5091
69.80,5090
69.80,5089
69.81,5088
69.81,5087
69.82,5086
69.82,5085
69.83,5084
69.85,5083
69.88,5082
69.89,5081
70.01,5080
70.08,5079
70.10,5078
70.17,5077
70.18,5076
70.18,5075
70.19,5074
70.19,5073
70.24,5072
70.29,5071
70.31,5070
70.32,5069
70.33,5068
70.34,5067
70.41,5066
70.42,5065
70.42,5064
70.42,5063
70.42,5062
70.43,5061
70.43,5060
70.44,5059
70.50,5058
70.50,5057
70.53,5056
70.53,5055
70.53,5054
70.55,5053
70.64,5052
70.69,5051
70.69,5050
70.85,5049
70.87,5048
70.87,5047
70.87,5046
70.88,5045
70.89,5044
70.93,5043
70.93,5042
72.30,5041
72.31,5040
72.32,5039
72.33,5038
72.58,5037
72.65,5036
72.75,5035
72.77,5034
72.79,5033
72.79,5032
73.16,5031
74.29,5030
74.47,5029
74.47,5028
74.56,5027
74.58,5026
74.67,5025
74.70,5024
74.70,5023
74.72,5022
74.75,5021
74.75,5020
76.75,5019
76.84,5018
76.85,5017
76.85,5016
76.85,5015
76.85,5014
77.00,5013
77.01,5012
77.02,5011
77.10,5010
77.10,5009
77.10,5008
77.11,5007
77.12,5006
77.23,5005
77.48,5004
77.53,5003
77.53,5002
77.54,5001
77.59,5000
77.60,4999
77.60,4998
81.88,4997
81.88,4996
81.95,4995
82.11,4994
82.12,4993
82.14,4992
82.19,4991
82.28,4990
82.29,4989
84.33,4988
85.40,4987
85.42,4986
85.46,4985
85.47,4984
85.52,4983
85.58,4982
85.58,4981
85.59,4980
85.64,4979
87.62,4978
87.63,4977
87.68,4976
87.77,4975
87.96,4974
87.97,4973
87.98,4972
89.09,4971
89.13,4970
89.19,4969
89.21,4968
89.24,4967
89.25,4966
89.60,4965
89.61,4964
90.93,4963
91.34,4962
91.35,4961
91.38,4960
93.58,4959
93.63,4958
93.64,4957
93.65,4956
93.67,4955
93.77,4954
93.78,4953
93.79,4952
93.83,4951
94.08,4950
98.93,4949
99.02,4948
99.05,4947
99.40,4946
99.47,4945
99.51,4944
99.54,4943
99.55,4942
100.43,4941
100.45,4940
100.48,4939
101.14,4938
101.16,4937
102.07,4936
106.88,4935
107.25,4934
107.32,4933
108.69,4932
108.78,4931
109.13,4930
109.13,4929
109.16,4928
109.19,4927
109.20,4926
109.65,4925
109.82,4924
109.98,4923
110.08,4922
110.42,4921
110.46,4920
110.51,4919
111.00,4918
111.03,4917
111.74,4916
112.57,4915
112.60,4914
112.65,4913
112.78,4912
115.56,4911
128.72,4910
128.73,4909
128.93,4908
128.94,4907
128.96,4906
129.18,4905
129.24,4904
129.31,4903
129.70,4902
129.79,4901
129.87,4900
130.07,4899
130.11,4898
130.24,4897
130.32,4896
130.61,4895
143.57,4894
143.75,4893
143.77,4892
144.17,4891
144.66,4890
145.54,4889
145.58,4888
149.62,4887
149.71,4886
150.98,4885
151.00,4884
151.70,4883
151.90,4882
155.11,4881
158.44,4880
160.03,4879
160.64,4878
160.90,4877
160.91,4876
161.49,4875
161.51,4874
164.86,4873
165.50,4872
165.55,4871
185.30,4870
185.64,4869
185.85,4868
185.87,4867
201.05,4866
201.11,4865
212.46,4864
212.51,4863
215.31,4862
215.47,4861
241.71,4860
241.73,4859
242.03,4858
242.04,4857
244.28,4856
271.62,4855
271.67,4854
271.79,4853
286.57,4852
292.60,4851
294.95,4850
295.74,4849
296.68,4848
350.97,4847
352.64,4846
362.74,4845
362.84,4844
375.35,4843
384.60,4842
394.04,4841
402.16,4840
446.74,4839
449.29,4838
525.63,4837
596.90,4836
