0.16,8360
0.16,8359
0.16,8358
0.16,8357
0.16,8356
0.16,8355
0.16,8354
0.16,8353
0.16,8352
0.16,8351
0.16,8350
0.16,8349
0.16,8348
0.16,8347
0.16,8346
0.16,8345
0.16,8344
0.16,8343
0.16,8342
0.16,8341
0.16,8340
0.16,8339
0.16,8338
0.16,8337
0.16,8336
0.16,8335
0.16,8334
0.16,8333
0.17,8332
0.17,8331
0.17,8330
0.17,8329
0.17,8328
0.17,8327
0.17,8326
0.17,8325
0.17,8324
0.17,8323
0.17,8322
0.17,8321
0.17,8320
0.17,8319
0.17,8318
0.17,8317
0.17,8316
0.17,8315
0.17,8314
0.17,8313
0.17,8312
0.17,8311
0.17,8310
0.17,8309
0.17,8308
0.18,8307
0.18,8306
0.18,8305
0.18,8304
0.18,8303
0.18,8302
0.18,8301
0.18,8300
0.18,8299
0.18,8298
0.18,8297
0.18,8296
0.18,8295
0.18,8294
0.18,8293
0.18,8292
0.18,8291
0.18,8290
0.18,8289
0.18,8288
0.18,8287
0.18,8286
0.18,8285
0.18,8284
0.18,8283
0.18,8282
0.19,8281
0.19,8280
0.19,8279
0.19,8278
0.19,8277
0.19,8276
0.19,8275
0.19,8274
0.19,8273
0.19,8272
0.19,8271
0.19,8270
0.19,8269
0.19,8268
0.19,8267
0.19,8266
0.19,8265
0.19,8264
0.19,8263
0.19,8262
0.20,8261
0.20,8260
0.20,8259
0.20,8258
0.20,8257
0.20,8256
0.20,8255
0.20,8254
0.20,8253
0.20,8252
0.20,8251
0.20,8250
0.20,8249
0.20,8248
0.20,8247
0.20,8246
0.20,8245
0.20,8244
0.21,8243
0.21,8242
0.21,8241
0.21,8240
0.21,8239
0.21,8238
0.21,8237
0.21,8236
0.21,8235
0.21,8234
0.21,8233
0.21,8232
0.21,8231
0.21,8230
0.21,8229
0.22,8228
0.22,8227
0.22,8226
0.22,8225
0.22,8224
0.22,8223
0.22,8222
0.22,8221
0.22,8220
0.22,8219
0.22,8218
0.22,8217
0.22,8216
0.22,8215
0.22,8214
0.22,8213
0.22,8212
0.22,8211
0.22,8210
0.22,8209
0.22,8208
0.22,8207
0.22,8206
0.23,8205
0.23,8204
0.23,8203
0.23,8202
0.23,8201
0.23,8200
0.23,8199
0.23,8198
0.23,8197
0.23,8196
0.23,8195
0.23,8194
0.23,8193
0.23,8192
0.23,8191
0.23,8190
0.23,8189
0.24,8188
0.24,8187
0.24,8186
0.24,8185
0.24,8184
0.24,8183
0.24,8182
0.24,8181
0.24,8180
0.24,8179
0.24,8178
0.24,8177
0.24,8176
0.24,8175
0.24,8174
0.25,8173
0.25,8172
0.25,8171
0.25,8170
0.25,8169
0.25,8168
0.25,8167
0.25,8166
0.25,8165
0.25,8164
0.25,8163
0.25,8162
0.25,8161
0.25,8160
0.25,8159
0.25,8158
0.25,8157
0.25,8156
0.25,8155
0.25,8154
0.26,8153
0.26,8152
0.26,8151
0.26,8150
0.26,8149
0.26,8148
0.26,8147
0.26,8146
0.26,8145
0.26,8144
0.26,8143
0.26,8142
0.26,8141
0.26,8140
0.26,8139
0.26,8138
0.27,8137
0.27,8136
0.27,8135
0.27,8134
0.27,8133
0.27,8132
0.27,8131
0.27,8130
0.27,8129
0.27,8128
0.27,8127
0.28,8126
0.28,8125
0.28,8124
0.28,8123
0.28,8122
0.28,8121
0.28,8120
0.28,8119
0.28,8118
0.28,8117
0.28,8116
0.28,8115
0.28,8114
0.28,8113
0.28,8112
0.28,8111
0.29,8110
0.29,8109
0.29,8108
0.29,8107
0.29,8106
0.29,8105
0.29,8104
0.29,8103
0.29,8102
0.29,8101
0.29,8100
0.29,8099
0.29,8098
0.29,8097
0.29,8096
0.29,8095
0.29,8094
0.29,8093
0.29,8092
0.30,8091
0.30,8090
0.30,8089
0.30,8088
0.30,8087
0.30,8086
0.30,8085
0.30,8084
0.30,8083
0.30,8082
0.30,8081
0.30,8080
0.30,8079
0.30,8078
0.30,8077
0.30,8076
0.30,8075
0.30,8074
0.30,8073
0.30,8072
0.30,8071
0.30,8070
0.30,8069
0.31,8068
0.31,8067
0.31,8066
0.31,8065
0.31,8064
0.31,8063
0.31,8062
0.31,8061
0.31,8060
0.31,8059
0.31,8058
0.31,8057
0.31,8056
0.31,8055
0.31,8054
0.31,8053
0.32,8052
0.32,8051
0.32,8050
0.32,8049
0.32,8048
0.32,8047
0.32,8046
0.32,8045
0.33,8044
0.33,8043
0.33,8042
0.33,8041
0.33,8040
0.33,8039
0.33,8038
0.33,8037
0.34,8036
0.34,8035
0.34,8034
0.34,8033
0.34,8032
0.34,8031
0.34,8030
0.34,8029
0.34,8028
0.34,8027
0.34,8026
0.34,8025
0.34,8024
0.35,8023
0.35,8022
0.35,8021
0.35,8020
0.35,8019
0.35,8018
0.35,8017
0.35,8016
0.35,8015
0.35,8014
0.36,8013
0.36,8012
0.36,8011
0.36,8010
0.36,8009
0.36,8008
0.36,8007
0.36,8006
0.36,8005
0.36,8004
0.36,8003
0.36,8002
0.36,8001
0.36,8000
0.36,7999
0.37,7998
0.37,7997
0.37,7996
0.37,7995
0.37,7994
0.37,7993
0.37,7992
0.37,7991
0.37,7990
0.37,7989
0.37,7988
0.38,7987
0.38,7986
0.38,7985
0.38,7984
0.38,7983
0.39,7982
0.39,7981
0.39,7980
0.39,7979
0.39,7978
0.39,7977
0.39,7976
0.39,7975
0.39,7974
0.40,7973
0.40,7972
0.40,7971
0.40,7970
0.40,7969
0.40,7968
0.40,7967
0.40,7966
0.40,7965
0.41,7964
0.42,7963
0.43,7962
0.43,7961
0.43,7960
0.43,7959
0.43,7958
0.43,7957
0.43,7956
0.43,7955
0.43,7954
0.44,7953
0.44,7952
0.44,7951
0.44,7950
0.44,7949
0.44,7948
0.44,7947
0.44,7946
0.45,7945
0.45,7944
0.45,7943
0.45,7942
0.45,7941
0.46,7940
0.46,7939
0.46,7938
0.47,7937
0.48,7936
0.48,7935
0.48,7934
0.48,7933
0.48,7932
0.48,7931
0.48,7930
0.49,7929
0.49,7928
0.49,7927
0.49,7926
0.49,7925
0.49,7924
0.49,7923
0.49,7922
0.50,7921
0.50,7920
0.50,7919
0.50,7918
0.50,7917
0.51,7916
0.51,7915
0.51,7914
0.52,7913
0.52,7912
0.52,7911
0.53,7910
0.53,7909
0.53,7908
0.53,7907
0.53,7906
0.53,7905
0.53,7904
0.53,7903
0.53,7902
0.53,7901
0.54,7900
0.54,7899
0.54,7898
0.54,7897
0.54,7896
0.54,7895
0.54,7894
0.55,7893
0.55,7892
0.55,7891
0.55,7890
0.55,7889
0.55,7888
0.55,7887
0.55,7886
0.55,7885
0.55,7884
0.55,7883
0.55,7882
0.56,7881
0.56,7880
0.56,7879
0.56,7878
0.56,7877
0.56,7876
0.56,7875
0.56,7874
0.57,7873
0.57,7872
0.57,7871
0.57,7870
0.57,7869
0.57,7868
0.57,7867
0.57,7866
0.57,7865
0.58,7864
0.58,7863
0.58,7862
0.58,7861
0.59,7860
0.59,7859
0.59,7858
0.59,7857
0.60,7856
0.60,7855
0.60,7854
0.60,7853
0.60,7852
0.60,7851
0.60,7850
0.60,7849
0.60,7848
0.60,7847
0.60,7846
0.60,7845
0.60,7844
0.60,7843
0.61,7842
0.61,7841
0.61,7840
0.61,7839
0.61,7838
0.61,7837
0.61,7836
0.61,7835
0.62,7834
0.62,7833
0.62,7832
0.62,7831
0.62,7830
0.62,7829
0.62,7828
0.62,7827
0.62,7826
0.63,7825
0.63,7824
0.63,7823
0.63,7822
0.63,7821
0.64,7820
0.64,7819
0.64,7818
0.64,7817
0.65,7816
0.65,7815
0.65,7814
0.65,7813
0.66,7812
0.66,7811
0.66,7810
0.66,7809
0.66,7808
0.66,7807
0.66,7806
0.67,7805
0.67,7804
0.67,7803
0.67,7802
0.67,7801
0.67,7800
0.67,7799
0.67,7798
0.67,7797
0.67,7796
0.68,7795
0.68,7794
0.68,7793
0.68,7792
0.68,7791
0.68,7790
0.68,7789
0.69,7788
0.69,7787
0.69,7786
0.69,7785
0.69,7784
0.69,7783
0.69,7782
0.69,7781
0.70,7780
0.70,7779
0.70,7778
0.70,7777
0.70,7776
0.70,7775
0.71,7774
0.71,7773
0.71,7772
0.71,7771
0.71,7770
0.71,7769
0.71,7768
0.71,7767
0.71,7766
0.71,7765
0.71,7764
0.71,7763
0.73,7762
0.73,7761
0.73,7760
0.73,7759
0.73,7758
0.73,7757
0.73,7756
0.73,7755
0.73,7754
0.74,7753
0.74,7752
0.74,7751
0.74,7750
0.74,7749
0.74,7748
0.75,7747
0.75,7746
0.75,7745
0.75,7744
0.75,7743
0.75,7742
0.76,7741
0.76,7740
0.76,7739
0.76,7738
0.76,7737
0.76,7736
0.76,7735
0.76,7734
0.76,7733
0.76,7732
0.77,7731
0.77,7730
0.77,7729
0.77,7728
0.77,7727
0.77,7726
0.77,7725
0.78,7724
0.78,7723
0.78,7722
0.78,7721
0.78,7720
0.78,7719
0.78,7718
0.78,7717
0.78,7716
0.78,7715
0.78,7714
0.78,7713
0.79,7712
0.79,7711
0.79,7710
0.79,7709
0.79,7708
0.79,7707
0.79,7706
0.79,7705
0.79,7704
0.80,7703
0.80,7702
0.80,7701
0.80,7700
0.80,7699
0.80,7698
0.80,7697
0.80,7696
0.80,7695
0.80,7694
0.80,7693
0.80,7692
0.80,7691
0.81,7690
0.81,7689
0.81,7688
0.82,7687
0.82,7686
0.82,7685
0.82,7684
0.82,7683
0.82,7682
0.83,7681
0.84,7680
0.84,7679
0.84,7678
0.84,7677
0.84,7676
0.84,7675
0.85,7674
0.85,7673
0.86,7672
0.86,7671
0.86,7670
0.86,7669
0.86,7668
0.86,7667
0.87,7666
0.87,7665
0.87,7664
0.88,7663
0.89,7662
0.89,7661
0.89,7660
0.92,7659
0.92,7658
0.92,7657
0.92,7656
0.93,7655
0.93,7654
0.94,7653
0.94,7652
0.94,7651
0.94,7650
0.95,7649
0.95,7648
0.96,7647
0.96,7646
0.96,7645
0.96,7644
0.96,7643
0.96,7642
0.96,7641
0.97,7640
0.97,7639
0.99,7638
0.99,7637
1.00,7636
1.00,7635
1.00,7634
1.00,7633
1.00,7632
1.00,7631
1.00,7630
1.00,7629
1.00,7628
1.00,7627
1.00,7626
1.01,7625
1.01,7624
1.01,7623
1.01,7622
1.01,7621
1.02,7620
1.05,7619
1.05,7618
1.06,7617
1.06,7616
1.06,7615
1.06,7614
1.06,7613
1.07,7612
1.07,7611
1.08,7610
1.08,7609
1.10,7608
1.10,7607
1.11,7606
1.12,7605
1.12,7604
1.14,7603
1.14,7602
1.14,7601
1.15,7600
1.15,7599
1.18,7598
1.18,7597
1.18,7596
1.18,7595
1.19,7594
1.22,7593
1.22,7592
1.22,7591
1.22,7590
1.22,7589
1.24,7588
1.24,7587
1.24,7586
1.24,7585
1.24,7584
1.24,7583
1.25,7582
1.25,7581
1.26,7580
1.26,7579
1.26,7578
1.26,7577
1.26,7576
1.27,7575
1.27,7574
1.31,7573
1.39,7572
1.39,7571
1.39,7570
1.40,7569
1.40,7568
1.40,7567
1.40,7566
1.40,7565
1.40,7564
1.40,7563
1.40,7562
1.41,7561
1.42,7560
1.42,7559
1.42,7558
1.42,7557
1.42,7556
1.42,7555
1.42,7554
1.44,7553
1.45,7552
1.45,7551
1.48,7550
1.48,7549
1.49,7548
1.49,7547
1.49,7546
1.49,7545
1.49,7544
1.50,7543
1.50,7542
1.50,7541
1.50,7540
1.50,7539
1.51,7538
1.55,7537
1.55,7536
1.56,7535
1.56,7534
1.56,7533
1.56,7532
1.56,7531
1.56,7530
1.60,7529
1.60,7528
1.60,7527
1.60,7526
1.60,7525
1.61,7524
1.61,7523
1.61,7522
1.61,7521
1.61,7520
1.61,7519
1.63,7518
1.63,7517
1.63,7516
1.63,7515
1.63,7514
1.64,7513
1.68,7512
1.69,7511
1.69,7510
1.73,7509
1.73,7508
1.74,7507
1.74,7506
1.75,7505
1.75,7504
1.75,7503
1.75,7502
1.75,7501
1.76,7500
1.76,7499
1.77,7498
1.77,7497
1.77,7496
1.78,7495
1.78,7494
1.79,7493
1.80,7492
1.80,7491
1.80,7490
1.80,7489
1.80,7488
1.81,7487
1.81,7486
1.81,7485
1.81,7484
1.83,7483
1.83,7482
1.84,7481
1.85,7480
1.87,7479
1.87,7478
1.89,7477
1.89,7476
1.89,7475
1.89,7474
1.89,7473
1.89,7472
1.89,7471
1.89,7470
1.89,7469
1.90,7468
1.90,7467
1.90,7466
1.90,7465
1.90,7464
1.90,7463
1.90,7462
1.90,7461
1.90,7460
1.90,7459
1.91,7458
1.91,7457
1.92,7456
1.93,7455
1.93,7454
1.94,7453
1.94,7452
1.96,7451
1.96,7450
1.96,7449
1.96,7448
1.98,7447
1.98,7446
1.98,7445
1.99,7444
1.99,7443
1.99,7442
2.00,7441
2.00,7440
2.00,7439
2.00,7438
2.01,7437
2.02,7436
2.02,7435
2.03,7434
2.03,7433
2.03,7432
2.03,7431
2.03,7430
2.03,7429
2.03,7428
2.03,7427
2.17,7426
2.17,7425
2.17,7424
2.17,7423
2.17,7422
2.17,7421
2.18,7420
2.18,7419
2.18,7418
2.18,7417
2.18,7416
2.18,7415
2.19,7414
2.19,7413
2.19,7412
2.19,7411
2.19,7410
2.19,7409
2.19,7408
2.19,7407
2.19,7406
2.19,7405
2.22,7404
2.57,7403
2.58,7402
2.59,7401
2.59,7400
2.59,7399
2.59,7398
2.60,7397
2.60,7396
2.60,7395
2.60,7394
2.60,7393
2.61,7392
2.61,7391
2.61,7390
2.61,7389
2.61,7388
2.61,7387
2.61,7386
2.61,7385
2.61,7384
2.61,7383
2.61,7382
2.61,7381
2.61,7380
2.62,7379
2.64,7378
2.64,7377
2.64,7376
2.67,7375
2.67,7374
2.67,7373
2.68,7372
2.69,7371
2.69,7370
2.69,7369
2.69,7368
2.69,7367
2.69,7366
2.69,7365
2.69,7364
2.70,7363
2.70,7362
2.70,7361
2.70,7360
2.72,7359
2.73,7358
2.73,7357
2.73,7356
2.73,7355
2.73,7354
2.77,7353
2.78,7352
2.78,7351
2.78,7350
2.78,7349
2.78,7348
2.84,7347
2.84,7346
2.84,7345
2.85,7344
2.85,7343
2.86,7342
2.86,7341
2.86,7340
2.86,7339
2.86,7338
3.00,7337
3.00,7336
3.00,7335
3.01,7334
3.17,7333
3.17,7332
3.18,7331
3.18,7330
3.19,7329
3.19,7328
3.19,7327
3.19,7326
3.19,7325
3.19,7324
3.35,7323
3.35,7322
3.35,7321
3.39,7320
3.44,7319
3.44,7318
3.45,7317
3.45,7316
3.45,7315
3.47,7314
3.47,7313
3.48,7312
3.48,7311
3.48,7310
3.48,7309
4.16,7308
4.17,7307
4.17,7306
4.17,7305
4.17,7304
4.18,7303
4.18,7302
4.19,7301
4.25,7300
4.25,7299
4.25,7298
4.26,7297
4.26,7296
4.27,7295
4.27,7294
4.27,7293
4.83,7292
4.90,7291
4.90,7290
4.90,7289
4.90,7288
4.90,7287
4.91,7286
4.91,7285
4.92,7284
4.92,7283
4.92,7282
6.11,7281
6.11,7280
6.14,7279
6.74,7278
6.74,7277
6.74,7276
6.76,7275
6.95,7274
6.96,7273
6.96,7272
6.96,7271
6.96,7270
6.96,7269
6.96,7268
6.96,7267
7.06,7266
7.06,7265
7.07,7264
7.07,7263
7.08,7262
7.09,7261
7.09,7260
7.11,7259
7.11,7258
7.11,7257
7.11,7256
7.12,7255
7.12,7254
7.12,7253
7.12,7252
7.15,7251
7.15,7250
7.16,7249
7.16,7248
7.16,7247
7.16,7246
8.01,7245
8.01,7244
8.01,7243
8.02,7242
8.02,7241
8.02,7240
8.02,7239
8.02,7238
8.02,7237
8.02,7236
8.02,7235
8.02,7234
8.02,7233
8.03,7232
8.03,7231
8.03,7230
8.04,7229
8.09,7228
8.09,7227
8.09,7226
8.17,7225
8.17,7224
8.23,7223
8.23,7222
8.23,7221
8.24,7220
8.24,7219
8.24,7218
8.25,7217
8.25,7216
8.26,7215
8.37,7214
8.39,7213
8.81,7212
8.81,7211
8.81,7210
8.82,7209
8.84,7208
8.84,7207
8.84,7206
8.84,7205
8.84,7204
8.84,7203
8.84,7202
8.84,7201
8.86,7200
8.86,7199
8.87,7198
8.87,7197
8.87,7196
8.88,7195
8.88,7194
8.88,7193
8.88,7192
8.88,7191
8.89,7190
8.89,7189
8.89,7188
8.89,7187
8.89,7186
9.44,7185
9.44,7184
11.98,7183
11.98,7182
11.98,7181
11.99,7180
11.99,7179
11.99,7178
12.07,7177
12.07,7176
12.08,7175
12.08,7174
12.10,7173
13.53,7172
13.53,7171
13.53,7170
13.54,7169
13.54,7168
13.54,7167
13.55,7166
13.56,7165
13.56,7164
13.56,7163
13.56,7162
13.56,7161
13.57,7160
13.57,7159
13.57,7158
13.57,7157
13.57,7156
13.58,7155
13.58,7154
13.58,7153
13.58,7152
13.58,7151
13.58,7150
13.58,7149
13.59,7148
13.59,7147
13.59,7146
13.59,7145
13.67,7144
13.67,7143
13.67,7142
13.67,7141
13.67,7140
13.70,7139
13.70,7138
13.70,7137
13.70,7136
13.70,7135
13.71,7134
13.71,7133
13.71,7132
13.73,7131
13.73,7130
13.74,7129
13.74,7128
13.74,7127
15.08,7126
15.10,7125
15.10,7124
15.11,7123
15.89,7122
15.89,7121
15.89,7120
15.90,7119
15.90,7118
15.90,7117
15.90,7116
15.90,7115
16.00,7114
16.00,7113
16.05,7112
16.05,7111
16.05,7110
16.09,7109
16.09,7108
16.09,7107
16.09,7106
16.09,7105
16.09,7104
16.11,7103
16.11,7102
16.12,7101
16.12,7100
16.12,7099
16.12,7098
16.12,7097
19.91,7096
19.91,7095
19.92,7094
19.92,7093
19.92,7092
19.92,7091
19.92,7090
19.92,7089
19.92,7088
19.94,7087
21.84,7086
21.84,7085
21.85,7084
21.85,7083
21.85,7082
21.85,7081
21.85,7080
21.88,7079
21.88,7078
21.89,7077
21.89,7076
22.08,7075
22.08,7074
22.08,7073
22.52,7072
22.53,7071
22.53,7070
22.53,7069
22.53,7068
22.53,7067
22.56,7066
22.61,7065
22.66,7064
22.70,7063
22.95,7062
22.96,7061
23.66,7060
23.67,7059
23.67,7058
23.67,7057
23.67,7056
23.67,7055
23.67,7054
23.67,7053
23.67,7052
23.96,7051
23.96,7050
23.96,7049
23.96,7048
24.17,7047
24.18,7046
24.18,7045
24.18,7044
24.18,7043
24.19,7042
24.20,7041
24.20,7040
24.27,7039
24.29,7038
24.29,7037
24.30,7036
25.80,7035
25.85,7034
25.85,7033
25.86,7032
25.96,7031
25.96,7030
25.96,7029
25.97,7028
25.97,7027
25.97,7026
25.98,7025
26.04,7024
27.39,7023
27.39,7022
27.39,7021
27.39,7020
27.39,7019
27.40,7018
27.40,7017
27.41,7016
27.41,7015
27.41,7014
27.42,7013
27.42,7012
27.45,7011
27.57,7010
27.76,7009
27.77,7008
27.78,7007
27.78,7006
27.78,7005
27.78,7004
27.80,7003
27.80,7002
27.80,7001
27.80,7000
27.80,6999
27.80,6998
27.80,6997
27.81,6996
27.81,6995
27.82,6994
27.82,6993
27.82,6992
27.82,6991
27.82,6990
27.82,6989
27.82,6988
27.82,6987
27.82,6986
27.83,6985
27.84,6984
27.84,6983
27.85,6982
27.88,6981
27.88,6980
27.92,6979
27.92,6978
27.92,6977
27.92,6976
27.92,6975
27.92,6974
27.92,6973
27.92,6972
27.93,6971
27.93,6970
27.93,6969
27.93,6968
27.95,6967
27.95,6966
27.98,6965
27.98,6964
27.98,6963
27.98,6962
27.98,6961
27.99,6960
27.99,6959
27.99,6958
28.01,6957
28.01,6956
28.01,6955
28.02,6954
28.03,6953
28.03,6952
28.03,6951
28.03,6950
28.04,6949
28.07,6948
28.07,6947
28.18,6946
28.18,6945
28.18,6944
28.18,6943
28.18,6942
28.19,6941
28.19,6940
28.19,6939
28.19,6938
28.19,6937
28.19,6936
28.19,6935
28.19,6934
28.29,6933
28.29,6932
28.29,6931
28.36,6930
28.36,6929
28.38,6928
29.35,6927
29.38,6926
29.38,6925
29.39,6924
29.39,6923
29.39,6922
29.39,6921
29.39,6920
29.39,6919
29.39,6918
29.40,6917
29.40,6916
29.60,6915
29.66,6914
29.66,6913
29.66,6912
29.67,6911
29.68,6910
29.68,6909
29.68,6908
29.69,6907
29.69,6906
29.69,6905
29.69,6904
29.76,6903
29.76,6902
29.77,6901
29.77,6900
29.78,6899
29.78,6898
29.78,6897
29.78,6896
29.78,6895
29.78,6894
29.79,6893
29.79,6892
29.79,6891
29.79,6890
29.79,6889
29.79,6888
30.57,6887
30.57,6886
30.57,6885
30.58,6884
30.58,6883
30.58,6882
30.59,6881
30.68,6880
30.68,6879
30.68,6878
30.73,6877
30.73,6876
30.73,6875
30.73,6874
30.74,6873
30.74,6872
30.74,6871
30.77,6870
30.79,6869
30.79,6868
30.80,6867
30.82,6866
31.04,6865
31.04,6864
31.04,6863
31.04,6862
31.04,6861
31.46,6860
31.46,6859
31.46,6858
31.47,6857
31.47,6856
31.48,6855
31.48,6854
31.74,6853
31.74,6852
31.75,6851
31.77,6850
31.77,6849
31.77,6848
31.77,6847
31.83,6846
31.83,6845
31.84,6844
31.84,6843
31.85,6842
31.85,6841
31.85,6840
31.85,6839
31.85,6838
31.94,6837
31.94,6836
31.94,6835
31.94,6834
31.94,6833
31.95,6832
32.03,6831
32.03,6830
32.04,6829
32.04,6828
32.04,6827
32.04,6826
32.04,6825
32.04,6824
32.04,6823
32.04,6822
32.04,6821
32.04,6820
32.04,6819
32.04,6818
32.04,6817
32.04,6816
32.09,6815
32.09,6814
32.09,6813
32.09,6812
32.42,6811
32.44,6810
32.44,6809
32.44,6808
32.47,6807
32.47,6806
32.47,6805
32.67,6804
32.67,6803
32.67,6802
32.67,6801
32.67,6800
32.67,6799
32.67,6798
32.67,6797
32.67,6796
32.68,6795
32.69,6794
32.71,6793
32.71,6792
32.71,6791
32.71,6790
32.71,6789
32.71,6788
32.71,6787
32.72,6786
32.72,6785
32.72,6784
32.72,6783
32.73,6782
32.88,6781
32.88,6780
32.88,6779
32.96,6778
32.97,6777
32.97,6776
32.97,6775
32.97,6774
32.98,6773
32.98,6772
33.13,6771
33.13,6770
33.13,6769
33.15,6768
33.19,6767
33.19,6766
33.19,6765
33.19,6764
33.19,6763
33.19,6762
33.19,6761
33.19,6760
33.19,6759
33.27,6758
33.28,6757
33.28,6756
33.28,6755
33.28,6754
33.51,6753
33.52,6752
33.52,6751
33.52,6750
33.53,6749
33.53,6748
33.95,6747
33.95,6746
33.95,6745
33.95,6744
33.96,6743
33.97,6742
33.97,6741
33.97,6740
33.97,6739
33.97,6738
33.97,6737
33.97,6736
33.97,6735
34.03,6734
34.11,6733
34.13,6732
34.13,6731
34.13,6730
34.14,6729
34.14,6728
34.15,6727
34.15,6726
34.16,6725
34.16,6724
34.16,6723
34.16,6722
34.16,6721
34.16,6720
34.16,6719
34.16,6718
34.17,6717
34.19,6716
34.19,6715
34.19,6714
34.19,6713
34.20,6712
34.22,6711
34.22,6710
34.22,6709
34.24,6708
34.24,6707
34.24,6706
34.24,6705
34.24,6704
34.24,6703
34.25,6702
34.25,6701
34.25,6700
34.27,6699
34.27,6698
34.27,6697
34.32,6696
34.32,6695
34.32,6694
34.32,6693
34.33,6692
34.33,6691
34.33,6690
34.33,6689
34.34,6688
34.34,6687
34.34,6686
34.38,6685
34.38,6684
34.38,6683
34.38,6682
34.42,6681
34.42,6680
34.42,6679
34.42,6678
34.50,6677
34.50,6676
34.51,6675
34.51,6674
34.54,6673
34.54,6672
34.54,6671
34.54,6670
34.54,6669
34.55,6668
34.56,6667
34.56,6666
34.57,6665
34.57,6664
34.57,6663
34.58,6662
34.58,6661
34.63,6660
34.63,6659
34.63,6658
34.63,6657
34.64,6656
34.64,6655
34.64,6654
34.65,6653
34.65,6652
34.65,6651
34.65,6650
34.65,6649
34.66,6648
34.67,6647
34.95,6646
34.95,6645
34.95,6644
35.08,6643
35.08,6642
35.08,6641
35.09,6640
35.09,6639
35.09,6638
35.10,6637
35.13,6636
35.14,6635
35.14,6634
35.20,6633
35.20,6632
35.24,6631
35.26,6630
35.26,6629
35.26,6628
35.27,6627
35.27,6626
35.27,6625
35.27,6624
35.28,6623
35.28,6622
35.29,6621
35.29,6620
35.29,6619
35.29,6618
35.29,6617
35.29,6616
35.30,6615
35.30,6614
35.31,6613
35.31,6612
35.31,6611
35.31,6610
35.33,6609
35.33,6608
35.33,6607
35.33,6606
35.33,6605
35.57,6604
35.57,6603
35.57,6602
35.58,6601
35.58,6600
35.58,6599
35.60,6598
35.60,6597
35.60,6596
35.60,6595
35.62,6594
35.62,6593
35.63,6592
35.69,6591
35.69,6590
35.69,6589
35.69,6588
35.69,6587
35.70,6586
35.71,6585
35.71,6584
35.71,6583
35.71,6582
35.73,6581
35.74,6580
35.75,6579
35.75,6578
35.75,6577
35.76,6576
35.76,6575
35.76,6574
35.83,6573
35.84,6572
35.84,6571
35.92,6570
35.97,6569
35.97,6568
35.98,6567
35.98,6566
35.98,6565
35.98,6564
36.00,6563
36.00,6562
36.00,6561
36.00,6560
36.00,6559
36.00,6558
36.00,6557
36.01,6556
36.02,6555
36.03,6554
36.03,6553
36.04,6552
36.04,6551
36.04,6550
36.04,6549
36.04,6548
36.04,6547
36.04,6546
36.05,6545
36.05,6544
36.09,6543
36.09,6542
36.09,6541
36.09,6540
36.12,6539
36.13,6538
36.13,6537
36.14,6536
36.14,6535
36.14,6534
36.16,6533
36.16,6532
36.16,6531
36.16,6530
36.16,6529
36.16,6528
36.16,6527
36.16,6526
36.17,6525
36.17,6524
36.17,6523
36.17,6522
36.17,6521
36.17,6520
36.18,6519
36.19,6518
36.19,6517
36.19,6516
36.19,6515
36.20,6514
36.20,6513
36.20,6512
36.20,6511
36.22,6510
36.22,6509
36.26,6508
36.26,6507
36.26,6506
36.26,6505
36.27,6504
36.27,6503
36.29,6502
36.29,6501
36.29,6500
36.30,6499
36.30,6498
36.30,6497
36.30,6496
36.30,6495
36.34,6494
36.34,6493
36.34,6492
36.34,6491
36.35,6490
36.35,6489
36.35,6488
36.36,6487
36.41,6486
36.41,6485
36.42,6484
36.42,6483
36.43,6482
36.43,6481
36.43,6480
36.44,6479
36.44,6478
36.44,6477
36.44,6476
36.47,6475
36.47,6474
36.47,6473
36.47,6472
36.56,6471
36.58,6470
36.58,6469
36.58,6468
36.58,6467
36.58,6466
36.58,6465
36.58,6464
36.58,6463
36.58,6462
36.58,6461
36.84,6460
36.84,6459
36.84,6458
36.85,6457
36.85,6456
36.85,6455
36.85,6454
36.85,6453
36.85,6452
36.86,6451
36.89,6450
36.89,6449
36.90,6448
36.90,6447
36.91,6446
36.91,6445
36.91,6444
36.91,6443
36.91,6442
36.91,6441
36.93,6440
36.97,6439
36.97,6438
36.97,6437
36.97,6436
36.97,6435
36.97,6434
36.97,6433
36.98,6432
37.04,6431
37.04,6430
37.04,6429
37.04,6428
37.05,6427
37.05,6426
37.05,6425
37.05,6424
37.05,6423
37.06,6422
37.06,6421
37.06,6420
37.06,6419
37.06,6418
37.06,6417
37.06,6416
37.07,6415
37.07,6414
37.07,6413
37.57,6412
37.57,6411
37.58,6410
37.60,6409
37.60,6408
37.60,6407
37.72,6406
37.72,6405
37.73,6404
37.73,6403
37.73,6402
37.78,6401
37.79,6400
37.79,6399
37.79,6398
37.80,6397
37.80,6396
37.81,6395
37.82,6394
37.82,6393
37.82,6392
37.82,6391
37.83,6390
37.83,6389
37.83,6388
37.83,6387
37.83,6386
37.84,6385
37.84,6384
37.84,6383
37.84,6382
37.84,6381
37.85,6380
37.85,6379
37.85,6378
37.85,6377
37.85,6376
37.85,6375
37.85,6374
37.88,6373
37.88,6372
37.88,6371
37.89,6370
37.92,6369
37.94,6368
37.94,6367
37.94,6366
37.94,6365
37.94,6364
37.94,6363
37.94,6362
37.94,6361
37.96,6360
37.97,6359
37.97,6358
37.97,6357
37.97,6356
37.99,6355
38.19,6354
38.19,6353
38.19,6352
38.19,6351
38.20,6350
38.20,6349
38.20,6348
38.20,6347
38.20,6346
38.20,6345
38.20,6344
38.25,6343
38.25,6342
38.25,6341
38.25,6340
38.27,6339
38.27,6338
38.28,6337
38.29,6336
38.34,6335
38.34,6334
38.35,6333
38.35,6332
38.38,6331
38.39,6330
38.41,6329
38.42,6328
38.42,6327
38.44,6326
38.44,6325
38.45,6324
38.45,6323
38.46,6322
38.46,6321
38.46,6320
38.46,6319
38.47,6318
38.52,6317
38.53,6316
38.62,6315
38.62,6314
38.64,6313
38.64,6312
38.66,6311
38.66,6310
38.67,6309
38.67,6308
38.70,6307
38.70,6306
38.71,6305
38.72,6304
38.72,6303
38.73,6302
38.80,6301
38.80,6300
38.80,6299
38.91,6298
38.92,6297
38.95,6296
38.96,6295
38.98,6294
38.99,6293
39.01,6292
39.04,6291
39.04,6290
39.05,6289
39.05,6288
39.05,6287
39.06,6286
39.07,6285
39.07,6284
39.08,6283
39.08,6282
39.08,6281
39.26,6280
39.26,6279
39.26,6278
39.26,6277
39.26,6276
39.26,6275
39.26,6274
39.26,6273
39.26,6272
39.27,6271
39.27,6270
39.27,6269
39.27,6268
39.42,6267
39.43,6266
39.43,6265
39.43,6264
39.43,6263
39.43,6262
39.44,6261
39.50,6260
39.61,6259
39.61,6258
39.61,6257
39.61,6256
39.63,6255
39.63,6254
39.63,6253
39.63,6252
39.63,6251
39.63,6250
39.64,6249
39.64,6248
39.65,6247
39.65,6246
39.65,6245
39.65,6244
39.67,6243
39.68,6242
39.68,6241
39.68,6240
39.69,6239
39.69,6238
39.69,6237
39.69,6236
39.69,6235
39.69,6234
39.70,6233
39.71,6232
39.72,6231
39.73,6230
39.73,6229
39.84,6228
39.87,6227
39.87,6226
39.88,6225
39.88,6224
39.88,6223
39.88,6222
39.88,6221
39.89,6220
39.89,6219
40.30,6218
40.30,6217
40.30,6216
40.30,6215
40.31,6214
40.31,6213
40.31,6212
40.32,6211
40.33,6210
40.33,6209
40.34,6208
40.34,6207
40.34,6206
40.35,6205
40.35,6204
40.35,6203
40.35,6202
40.35,6201
40.35,6200
40.35,6199
40.35,6198
40.36,6197
40.37,6196
40.62,6195
40.62,6194
40.62,6193
40.63,6192
40.63,6191
40.63,6190
40.64,6189
40.65,6188
40.65,6187
40.65,6186
40.65,6185
40.65,6184
40.65,6183
40.66,6182
40.72,6181
40.73,6180
40.73,6179
40.73,6178
40.73,6177
40.74,6176
40.74,6175
40.75,6174
40.75,6173
40.76,6172
40.76,6171
40.76,6170
40.77,6169
40.77,6168
40.77,6167
40.77,6166
40.86,6165
40.87,6164
40.97,6163
40.97,6162
40.97,6161
40.97,6160
40.98,6159
40.98,6158
40.99,6157
40.99,6156
40.99,6155
40.99,6154
40.99,6153
40.99,6152
40.99,6151
40.99,6150
40.99,6149
40.99,6148
41.00,6147
41.00,6146
41.00,6145
41.01,6144
41.01,6143
41.01,6142
41.23,6141
41.24,6140
41.24,6139
41.24,6138
41.24,6137
41.28,6136
41.31,6135
41.33,6134
41.34,6133
41.38,6132
41.38,6131
41.38,6130
41.38,6129
41.38,6128
41.38,6127
41.44,6126
41.44,6125
41.62,6124
41.62,6123
41.91,6122
41.92,6121
41.93,6120
41.93,6119
41.93,6118
42.12,6117
42.37,6116
42.38,6115
42.38,6114
42.38,6113
42.38,6112
42.40,6111
42.41,6110
42.47,6109
42.47,6108
42.48,6107
42.48,6106
42.48,6105
42.49,6104
42.50,6103
42.50,6102
42.50,6101
42.50,6100
42.50,6099
42.50,6098
42.51,6097
42.51,6096
42.51,6095
42.59,6094
42.59,6093
42.59,6092
42.64,6091
42.64,6090
42.64,6089
42.64,6088
42.64,6087
42.65,6086
42.65,6085
42.68,6084
42.68,6083
42.68,6082
42.68,6081
42.69,6080
42.69,6079
42.69,6078
42.69,6077
42.81,6076
42.81,6075
42.87,6074
42.87,6073
42.89,6072
42.89,6071
42.89,6070
42.90,6069
42.90,6068
42.99,6067
42.99,6066
43.00,6065
43.00,6064
43.05,6063
43.05,6062
43.05,6061
43.08,6060
43.08,6059
43.09,6058
43.09,6057
43.09,6056
43.09,6055
43.09,6054
43.10,6053
43.10,6052
43.14,6051
43.14,6050
43.15,6049
43.15,6048
43.44,6047
43.44,6046
43.49,6045
43.49,6044
43.49,6043
43.50,6042
43.50,6041
43.50,6040
43.51,6039
43.51,6038
43.51,6037
43.51,6036
43.51,6035
43.51,6034
43.53,6033
43.54,6032
43.54,6031
43.57,6030
43.57,6029
43.57,6028
43.58,6027
43.62,6026
43.62,6025
43.62,6024
43.62,6023
43.62,6022
43.62,6021
43.62,6020
43.63,6019
43.63,6018
43.63,6017
43.80,6016
43.80,6015
43.80,6014
43.81,6013
43.81,6012
43.82,6011
43.83,6010
43.83,6009
43.83,6008
43.83,6007
43.84,6006
43.84,6005
43.89,6004
43.90,6003
43.90,6002
43.90,6001
43.91,6000
43.91,5999
43.91,5998
43.92,5997
43.92,5996
43.93,5995
43.98,5994
43.98,5993
44.00,5992
44.00,5991
44.00,5990
44.09,5989
44.09,5988
44.09,5987
44.09,5986
44.10,5985
44.11,5984
44.11,5983
44.11,5982
44.15,5981
44.15,5980
44.15,5979
44.15,5978
44.16,5977
44.16,5976
44.17,5975
44.17,5974
44.18,5973
44.18,5972
44.20,5971
44.20,5970
44.21,5969
44.21,5968
44.21,5967
44.21,5966
44.21,5965
44.25,5964
44.25,5963
44.26,5962
44.26,5961
44.26,5960
44.26,5959
44.28,5958
44.28,5957
44.29,5956
44.29,5955
44.30,5954
44.30,5953
44.30,5952
44.40,5951
44.40,5950
44.43,5949
44.43,5948
44.43,5947
44.44,5946
44.78,5945
44.78,5944
44.78,5943
44.78,5942
44.79,5941
44.79,5940
44.79,5939
44.80,5938
44.80,5937
44.80,5936
44.81,5935
44.81,5934
44.81,5933
44.82,5932
44.82,5931
44.84,5930
44.84,5929
44.84,5928
44.84,5927
44.84,5926
44.84,5925
44.85,5924
44.88,5923
44.89,5922
44.89,5921
44.89,5920
44.90,5919
44.94,5918
44.95,5917
44.95,5916
44.96,5915
44.98,5914
44.98,5913
44.99,5912
45.30,5911
45.44,5910
45.44,5909
45.44,5908
45.46,5907
45.46,5906
45.46,5905
45.46,5904
45.46,5903
45.46,5902
45.47,5901
45.49,5900
45.55,5899
45.55,5898
45.55,5897
45.56,5896
45.56,5895
45.57,5894
45.58,5893
45.58,5892
45.61,5891
45.61,5890
45.61,5889
45.61,5888
45.62,5887
45.62,5886
45.62,5885
45.63,5884
45.63,5883
45.63,5882
45.64,5881
45.64,5880
45.64,5879
45.64,5878
45.73,5877
45.73,5876
45.82,5875
45.82,5874
45.83,5873
45.84,5872
45.84,5871
45.87,5870
45.87,5869
45.87,5868
45.88,5867
45.89,5866
45.89,5865
45.89,5864
45.93,5863
45.93,5862
45.93,5861
45.93,5860
45.93,5859
45.94,5858
45.94,5857
46.08,5856
46.09,5855
46.09,5854
46.09,5853
46.10,5852
46.10,5851
46.10,5850
46.10,5849
46.10,5848
46.10,5847
46.11,5846
46.11,5845
46.11,5844
46.12,5843
46.12,5842
46.12,5841
46.12,5840
46.12,5839
46.12,5838
46.15,5837
46.15,5836
46.15,5835
46.16,5834
46.16,5833
46.16,5832
46.16,5831
46.16,5830
46.18,5829
46.18,5828
46.18,5827
46.19,5826
46.20,5825
46.21,5824
46.23,5823
46.24,5822
46.24,5821
46.24,5820
46.24,5819
46.27,5818
46.27,5817
46.28,5816
46.28,5815
46.30,5814
46.32,5813
46.32,5812
46.35,5811
46.35,5810
46.36,5809
46.36,5808
46.38,5807
46.39,5806
46.39,5805
46.40,5804
46.40,5803
46.41,5802
46.41,5801
46.41,5800
46.43,5799
46.43,5798
46.44,5797
46.44,5796
46.45,5795
46.46,5794
46.48,5793
46.48,5792
46.52,5791
46.52,5790
46.57,5789
46.57,5788
46.58,5787
46.58,5786
46.59,5785
46.59,5784
46.59,5783
46.61,5782
46.61,5781
46.61,5780
46.61,5779
46.62,5778
46.62,5777
46.63,5776
46.63,5775
46.64,5774
46.64,5773
46.64,5772
46.65,5771
46.65,5770
46.65,5769
46.67,5768
46.67,5767
46.67,5766
46.67,5765
46.67,5764
46.67,5763
46.67,5762
46.68,5761
46.68,5760
46.68,5759
46.91,5758
46.92,5757
46.94,5756
46.94,5755
46.94,5754
46.96,5753
46.97,5752
47.03,5751
47.04,5750
47.04,5749
47.04,5748
47.04,5747
47.05,5746
47.06,5745
47.06,5744
47.06,5743
47.06,5742
47.06,5741
47.08,5740
47.09,5739
47.09,5738
47.09,5737
47.09,5736
47.10,5735
47.13,5734
47.13,5733
47.13,5732
47.13,5731
47.13,5730
47.13,5729
47.13,5728
47.14,5727
47.14,5726
47.15,5725
47.16,5724
47.16,5723
47.16,5722
47.16,5721
47.17,5720
47.18,5719
47.23,5718
47.24,5717
47.24,5716
47.29,5715
47.40,5714
47.40,5713
47.40,5712
47.40,5711
47.40,5710
47.41,5709
47.44,5708
47.44,5707
47.45,5706
47.47,5705
47.64,5704
47.64,5703
47.83,5702
47.84,5701
47.84,5700
47.85,5699
47.85,5698
47.85,5697
47.96,5696
47.97,5695
47.97,5694
47.97,5693
48.00,5692
48.12,5691
48.12,5690
48.13,5689
48.13,5688
48.13,5687
48.14,5686
48.14,5685
48.15,5684
48.15,5683
48.16,5682
48.16,5681
48.16,5680
48.17,5679
48.17,5678
48.29,5677
48.29,5676
48.41,5675
48.41,5674
48.41,5673
48.41,5672
48.49,5671
48.52,5670
48.55,5669
48.55,5668
48.55,5667
48.56,5666
48.56,5665
48.56,5664
48.56,5663
48.56,5662
48.57,5661
48.57,5660
48.58,5659
48.58,5658
48.59,5657
48.60,5656
48.64,5655
48.65,5654
48.65,5653
48.66,5652
48.68,5651
48.73,5650
48.79,5649
48.79,5648
48.87,5647
48.87,5646
48.87,5645
48.88,5644
48.88,5643
48.88,5642
48.88,5641
48.95,5640
48.95,5639
48.95,5638
48.96,5637
48.96,5636
48.97,5635
48.98,5634
49.09,5633
49.11,5632
49.11,5631
49.12,5630
49.14,5629
49.15,5628
49.17,5627
49.17,5626
49.18,5625
49.18,5624
49.18,5623
49.20,5622
49.20,5621
49.21,5620
49.21,5619
49.21,5618
49.21,5617
49.21,5616
49.23,5615
49.23,5614
49.23,5613
49.24,5612
49.25,5611
49.25,5610
49.25,5609
49.25,5608
49.26,5607
49.26,5606
49.67,5605
49.71,5604
49.72,5603
49.73,5602
49.73,5601
49.74,5600
49.74,5599
49.74,5598
49.74,5597
49.74,5596
49.74,5595
49.74,5594
49.75,5593
49.76,5592
49.76,5591
49.76,5590
49.76,5589
49.77,5588
49.85,5587
49.91,5586
49.91,5585
49.91,5584
49.92,5583
49.92,5582
49.93,5581
49.93,5580
49.97,5579
49.98,5578
49.98,5577
49.99,5576
50.00,5575
50.06,5574
50.06,5573
50.09,5572
50.09,5571
50.09,5570
50.09,5569
50.09,5568
50.10,5567
50.10,5566
50.11,5565
50.11,5564
50.11,5563
50.12,5562
50.12,5561
50.13,5560
50.13,5559
50.14,5558
50.16,5557
50.16,5556
50.16,5555
50.17,5554
50.17,5553
50.17,5552
50.19,5551
50.19,5550
50.22,5549
50.22,5548
50.22,5547
50.22,5546
50.28,5545
50.28,5544
50.28,5543
50.28,5542
50.28,5541
50.30,5540
50.31,5539
50.35,5538
50.36,5537
50.36,5536
50.36,5535
50.36,5534
50.36,5533
50.37,5532
50.59,5531
50.60,5530
50.60,5529
50.60,5528
50.61,5527
50.65,5526
50.75,5525
50.75,5524
50.80,5523
50.83,5522
50.83,5521
50.86,5520
50.89,5519
50.89,5518
50.94,5517
50.95,5516
50.95,5515
50.95,5514
50.95,5513
50.95,5512
50.96,5511
50.96,5510
50.99,5509
51.00,5508
51.01,5507
51.02,5506
51.02,5505
51.02,5504
51.03,5503
51.03,5502
51.03,5501
51.03,5500
51.04,5499
51.04,5498
51.04,5497
51.04,5496
51.05,5495
51.06,5494
51.07,5493
51.07,5492
51.09,5491
51.10,5490
51.10,5489
51.15,5488
51.15,5487
51.17,5486
51.17,5485
51.17,5484
51.17,5483
51.17,5482
51.35,5481
51.37,5480
51.55,5479
51.58,5478
51.60,5477
51.60,5476
51.60,5475
51.63,5474
51.63,5473
51.65,5472
51.65,5471
51.65,5470
51.73,5469
51.77,5468
51.80,5467
51.80,5466
51.81,5465
51.81,5464
51.81,5463
51.83,5462
51.83,5461
51.84,5460
51.86,5459
51.86,5458
51.86,5457
51.86,5456
51.86,5455
51.89,5454
51.89,5453
51.89,5452
51.90,5451
51.90,5450
51.90,5449
51.91,5448
51.91,5447
52.14,5446
52.14,5445
52.59,5444
52.61,5443
52.61,5442
52.62,5441
52.63,5440
52.70,5439
52.70,5438
52.72,5437
52.76,5436
52.76,5435
52.76,5434
52.77,5433
52.77,5432
52.77,5431
52.77,5430
52.77,5429
52.78,5428
52.84,5427
52.85,5426
52.85,5425
52.86,5424
52.87,5423
52.88,5422
52.88,5421
52.88,5420
52.88,5419
52.88,5418
52.92,5417
52.92,5416
52.93,5415
53.15,5414
53.23,5413
53.25,5412
53.25,5411
53.27,5410
53.27,5409
53.33,5408
53.33,5407
53.33,5406
53.33,5405
53.51,5404
53.52,5403
53.52,5402
53.52,5401
53.53,5400
53.53,5399
53.54,5398
53.57,5397
53.58,5396
53.59,5395
53.59,5394
53.59,5393
53.62,5392
53.63,5391
53.63,5390
53.65,5389
53.66,5388
53.69,5387
53.72,5386
53.72,5385
53.78,5384
53.78,5383
53.78,5382
53.78,5381
53.78,5380
53.79,5379
53.79,5378
53.79,5377
53.79,5376
53.82,5375
53.86,5374
53.87,5373
53.87,5372
53.87,5371
53.87,5370
53.88,5369
53.92,5368
53.98,5367
53.98,5366
53.98,5365
53.98,5364
53.99,5363
53.99,5362
54.50,5361
54.54,5360
54.73,5359
55.05,5358
55.05,5357
55.08,5356
55.08,5355
55.08,5354
55.16,5353
55.16,5352
55.18,5351
55.18,5350
55.19,5349
55.24,5348
55.25,5347
55.27,5346
55.27,5345
55.28,5344
55.28,5343
55.28,5342
55.28,5341
55.29,5340
55.44,5339
55.49,5338
55.51,5337
55.56,5336
55.61,5335
55.62,5334
55.64,5333
55.65,5332
55.67,5331
55.69,5330
55.70,5329
55.70,5328
55.70,5327
55.70,5326
55.72,5325
55.74,5324
55.74,5323
55.75,5322
55.75,5321
55.75,5320
55.77,5319
55.77,5318
55.79,5317
55.79,5316
55.79,5315
55.80,5314
55.81,5313
55.90,5312
55.90,5311
55.91,5310
55.91,5309
55.92,5308
55.92,5307
55.93,5306
55.93,5305
55.94,5304
55.94,5303
55.94,5302
56.96,5301
57.00,5300
57.03,5299
57.04,5298
57.06,5297
57.10,5296
57.10,5295
57.12,5294
57.13,5293
57.14,5292
57.14,5291
57.14,5290
57.15,5289
57.16,5288
57.16,5287
57.99,5286
58.00,5285
58.02,5284
58.02,5283
58.18,5282
58.18,5281
58.22,5280
58.23,5279
58.23,5278
58.24,5277
58.25,5276
58.26,5275
58.38,5274
58.38,5273
58.40,5272
58.41,5271
58.49,5270
58.50,5269
58.52,5268
58.52,5267
58.53,5266
58.57,5265
58.57,5264
58.58,5263
58.58,5262
58.59,5261
58.65,5260
58.65,5259
58.65,5258
58.66,5257
58.66,5256
58.69,5255
58.69,5254
58.69,5253
58.69,5252
58.72,5251
58.73,5250
58.90,5249
58.92,5248
58.92,5247
58.96,5246
58.96,5245
58.97,5244
59.02,5243
59.08,5242
59.08,5241
59.08,5240
59.12,5239
59.14,5238
59.14,5237
59.14,5236
59.19,5235
59.36,5234
60.10,5233
60.10,5232
60.11,5231
60.16,5230
60.17,5229
60.19,5228
60.19,5227
60.19,5226
60.19,5225
60.20,5224
60.21,5223
60.23,5222
60.23,5221
60.27,5220
60.27,5219
61.16,5218
61.18,5217
61.19,5216
61.20,5215
61.50,5214
61.50,5213
61.51,5212
61.51,5211
61.54,5210
61.54,5209
61.60,5208
61.63,5207
61.65,5206
61.65,5205
61.65,5204
61.67,5203
61.78,5202
61.78,5201
61.79,5200
61.79,5199
61.79,5198
61.82,5197
61.93,5196
61.93,5195
61.93,5194
61.93,5193
61.98,5192
61.98,5191
62.03,5190
62.04,5189
62.04,5188
62.06,5187
62.06,5186
62.06,5185
62.08,5184
62.08,5183
62.09,5182
62.11,5181
62.12,5180
62.29,5179
62.32,5178
62.43,5177
62.43,5176
62.43,5175
62.49,5174
62.49,5173
62.49,5172
62.50,5171
62.52,5170
62.52,5169
62.53,5168
62.54,5167
62.54,5166
62.55,5165
62.58,5164
62.58,5163
63.14,5162
63.14,5161
63.27,5160
63.27,5159
63.27,5158
63.31,5157
63.37,5156
63.39,5155
63.41,5154
63.44,5153
63.44,5152
63.45,5151
63.45,5150
63.46,5149
63.47,5148
63.48,5147
63.48,5146
63.48,5145
63.49,5144
63.51,5143
63.52,5142
63.53,5141
63.58,5140
63.59,5139
63.65,5138
63.70,5137
63.70,5136
63.71,5135
63.72,5134
63.75,5133
63.90,5132
63.92,5131
63.92,5130
63.93,5129
63.97,5128
64.04,5127
64.07,5126
64.09,5125
64.09,5124
64.11,5123
64.13,5122
64.25,5121
64.25,5120
64.26,5119
64.28,5118
64.30,5117
64.32,5116
65.01,5115
65.02,5114
65.24,5113
65.24,5112
65.26,5111
65.26,5110
65.26,5109
65.26,5108
65.36,5107
65.37,5106
65.38,5105
65.43,5104
65.62,5103
65.69,5102
65.74,5101
65.75,5100
65.80,5099
65.81,5098
65.85,5097
65.87,5096
65.94,5095
65.96,5094
65.96,5093
65.96,5092
65.97,5091
65.97,5090
65.98,5089
66.06,5088
66.22,5087
66.26,5086
66.26,5085
66.36,5084
67.01,5083
67.48,5082
67.52,5081
67.55,5080
67.56,5079
67.70,5078
67.71,5077
67.75,5076
67.76,5075
67.77,5074
67.78,5073
67.86,5072
67.97,5071
67.97,5070
68.02,5069
68.14,5068
68.15,5067
68.22,5066
68.24,5065
68.26,5064
68.28,5063
68.28,5062
68.38,5061
68.41,5060
68.42,5059
68.42,5058
68.46,5057
68.49,5056
68.50,5055
68.51,5054
68.51,5053
68.71,5052
68.71,5051
68.71,5050
68.72,5049
68.73,5048
68.73,5047
68.91,5046
69.00,5045
69.01,5044
69.02,5043
69.02,5042
69.08,5041
69.17,5040
69.19,5039
69.19,5038
69.23,5037
69.27,5036
69.29,5035
69.34,5034
69.86,5033
70.24,5032
70.27,5031
70.36,5030
70.36,5029
70.42,5028
70.46,5027
70.51,5026
70.92,5025
71.04,5024
71.05,5023
71.05,5022
71.27,5021
71.29,5020
71.30,5019
71.31,5018
71.32,5017
71.36,5016
71.40,5015
71.40,5014
73.04,5013
73.05,5012
75.17,5011
75.17,5010
75.17,5009
75.24,5008
75.27,5007
75.29,5006
75.29,5005
75.35,5004
75.35,5003
75.36,5002
76.30,5001
76.39,5000
76.39,4999
76.40,4998
76.40,4997
76.42,4996
76.42,4995
76.46,4994
76.46,4993
76.54,4992
76.73,4991
76.74,4990
76.76,4989
76.80,4988
76.81,4987
76.87,4986
76.89,4985
76.90,4984
76.91,4983
76.92,4982
76.97,4981
77.12,4980
77.36,4979
77.37,4978
77.41,4977
77.49,4976
77.60,4975
80.97,4974
81.29,4973
81.32,4972
81.95,4971
81.97,4970
82.04,4969
82.05,4968
82.05,4967
82.10,4966
82.10,4965
82.21,4964
82.21,4963
84.34,4962
84.35,4961
84.36,4960
84.37,4959
84.41,4958
84.42,4957
84.42,4956
85.21,4955
85.22,4954
85.23,4953
85.23,4952
85.27,4951
85.29,4950
85.31,4949
85.93,4948
85.94,4947
85.96,4946
85.98,4945
86.01,4944
86.04,4943
86.06,4942
86.06,4941
86.15,4940
86.39,4939
86.40,4938
86.40,4937
86.42,4936
86.46,4935
86.95,4934
87.33,4933
87.44,4932
87.45,4931
87.55,4930
87.55,4929
87.56,4928
87.79,4927
88.16,4926
88.21,4925
88.49,4924
88.65,4923
88.70,4922
88.72,4921
88.72,4920
88.75,4919
88.77,4918
88.79,4917
88.83,4916
88.85,4915
88.96,4914
89.03,4913
89.05,4912
94.43,4911
94.55,4910
94.59,4909
94.99,4908
95.16,4907
107.54,4906
107.55,4905
108.93,4904
109.07,4903
109.08,4902
109.09,4901
109.12,4900
110.06,4899
113.22,4898
113.26,4897
113.32,4896
114.42,4895
114.64,4894
115.22,4893
115.23,4892
116.38,4891
116.40,4890
116.42,4889
117.05,4888
117.14,4887
117.16,4886
117.20,4885
117.22,4884
117.23,4883
117.26,4882
117.28,4881
117.37,4880
117.55,4879
117.57,4878
123.06,4877
123.18,4876
124.37,4875
124.44,4874
124.47,4873
124.52,4872
135.12,4871
135.14,4870
136.16,4869
136.19,4868
136.28,4867
137.71,4866
137.76,4865
137.79,4864
138.01,4863
138.79,4862
138.81,4861
143.21,4860
144.43,4859
165.07,4858
165.10,4857
167.79,4856
168.42,4855
168.46,4854
168.62,4853
168.83,4852
169.67,4851
169.68,4850
169.76,4849
173.07,4848
174.73,4847
182.15,4846
182.39,4845
182.52,4844
183.10,4843
190.22,4842
206.27,4841
206.36,4840
211.62,4839
215.21,4838
216.07,4837
216.23,4836
216.30,4835
217.83,4834
223.98,4833
224.08,4832
230.83,4831
230.99,4830
233.69,4829
233.70,4828
269.73,4827
270.36,4826
284.07,4825
286.04,4824
286.06,4823
295.93,4822
351.58,4821
360.45,4820
360.45,4819
361.78,4818
431.53,4817
437.92,4816
467.95,4815
473.54,4814
562.75,4813
