0.15,8360
0.15,8359
0.15,8358
0.15,8357
0.15,8356
0.15,8355
0.15,8354
0.15,8353
0.15,8352
0.15,8351
0.15,8350
0.15,8349
0.15,8348
0.15,8347
0.15,8346
0.15,8345
0.15,8344
0.15,8343
0.15,8342
0.15,8341
0.16,8340
0.16,8339
0.16,8338
0.16,8337
0.16,8336
0.16,8335
0.16,8334
0.16,8333
0.16,8332
0.16,8331
0.16,8330
0.16,8329
0.16,8328
0.16,8327
0.16,8326
0.16,8325
0.16,8324
0.16,8323
0.16,8322
0.16,8321
0.16,8320
0.16,8319
0.17,8318
0.17,8317
0.17,8316
0.17,8315
0.17,8314
0.17,8313
0.17,8312
0.17,8311
0.17,8310
0.17,8309
0.17,8308
0.17,8307
0.17,8306
0.17,8305
0.17,8304
0.17,8303
0.17,8302
0.17,8301
0.17,8300
0.18,8299
0.18,8298
0.18,8297
0.18,8296
0.18,8295
0.18,8294
0.18,8293
0.18,8292
0.18,8291
0.18,8290
0.18,8289
0.18,8288
0.18,8287
0.18,8286
0.18,8285
0.18,8284
0.18,8283
0.18,8282
0.18,8281
0.18,8280
0.18,8279
0.18,8278
0.18,8277
0.18,8276
0.18,8275
0.18,8274
0.18,8273
0.18,8272
0.19,8271
0.19,8270
0.19,8269
0.19,8268
0.19,8267
0.19,8266
0.19,8265
0.19,8264
0.19,8263
0.19,8262
0.19,8261
0.19,8260
0.19,8259
0.19,8258
0.19,8257
0.19,8256
0.19,8255
0.19,8254
0.19,8253
0.20,8252
0.20,8251
0.20,8250
0.20,8249
0.20,8248
0.20,8247
0.20,8246
0.20,8245
0.20,8244
0.20,8243
0.20,8242
0.20,8241
0.20,8240
0.20,8239
0.20,8238
0.20,8237
0.20,8236
0.21,8235
0.21,8234
0.21,8233
0.21,8232
0.21,8231
0.21,8230
0.21,8229
0.21,8228
0.21,8227
0.21,8226
0.21,8225
0.22,8224
0.22,8223
0.22,8222
0.22,8221
0.22,8220
0.22,8219
0.22,8218
0.22,8217
0.22,8216
0.22,8215
0.22,8214
0.23,8213
0.23,8212
0.23,8211
0.23,8210
0.23,8209
0.23,8208
0.23,8207
0.23,8206
0.23,8205
0.23,8204
0.23,8203
0.23,8202
0.23,8201
0.23,8200
0.23,8199
0.23,8198
0.23,8197
0.23,8196
0.24,8195
0.24,8194
0.24,8193
0.24,8192
0.24,8191
0.24,8190
0.24,8189
0.24,8188
0.24,8187
0.24,8186
0.24,8185
0.24,8184
0.25,8183
0.25,8182
0.25,8181
0.25,8180
0.25,8179
0.25,8178
0.25,8177
0.25,8176
0.25,8175
0.25,8174
0.25,8173
0.25,8172
0.25,8171
0.25,8170
0.25,8169
0.25,8168
0.25,8167
0.25,8166
0.26,8165
0.26,8164
0.26,8163
0.26,8162
0.26,8161
0.26,8160
0.26,8159
0.26,8158
0.26,8157
0.26,8156
0.26,8155
0.27,8154
0.27,8153
0.27,8152
0.27,8151
0.27,8150
0.27,8149
0.27,8148
0.27,8147
0.27,8146
0.27,8145
0.27,8144
0.28,8143
0.28,8142
0.28,8141
0.28,8140
0.28,8139
0.28,8138
0.28,8137
0.28,8136
0.28,8135
0.28,8134
0.28,8133
0.28,8132
0.28,8131
0.28,8130
0.28,8129
0.29,8128
0.29,8127
0.29,8126
0.29,8125
0.29,8124
0.29,8123
0.29,8122
0.29,8121
0.29,8120
0.29,8119
0.29,8118
0.29,8117
0.29,8116
0.29,8115
0.29,8114
0.30,8113
0.30,8112
0.30,8111
0.30,8110
0.30,8109
0.30,8108
0.30,8107
0.30,8106
0.30,8105
0.30,8104
0.30,8103
0.30,8102
0.30,8101
0.30,8100
0.31,8099
0.31,8098
0.31,8097
0.31,8096
0.31,8095
0.31,8094
0.32,8093
0.32,8092
0.32,8091
0.32,8090
0.32,8089
0.32,8088
0.32,8087
0.32,8086
0.32,8085
0.32,8084
0.32,8083
0.32,8082
0.32,8081
0.32,8080
0.32,8079
0.33,8078
0.33,8077
0.33,8076
0.33,8075
0.33,8074
0.33,8073
0.33,8072
0.33,8071
0.33,8070
0.33,8069
0.33,8068
0.33,8067
0.33,8066
0.33,8065
0.33,8064
0.33,8063
0.33,8062
0.33,8061
0.34,8060
0.34,8059
0.34,8058
0.34,8057
0.34,8056
0.34,8055
0.34,8054
0.34,8053
0.34,8052
0.34,8051
0.34,8050
0.34,8049
0.35,8048
0.35,8047
0.35,8046
0.35,8045
0.35,8044
0.35,8043
0.35,8042
0.35,8041
0.35,8040
0.35,8039
0.35,8038
0.35,8037
0.36,8036
0.36,8035
0.36,8034
0.36,8033
0.36,8032
0.36,8031
0.36,8030
0.36,8029
0.36,8028
0.37,8027
0.37,8026
0.37,8025
0.37,8024
0.37,8023
0.37,8022
0.37,8021
0.37,8020
0.37,8019
0.37,8018
0.37,8017
0.37,8016
0.37,8015
0.37,8014
0.37,8013
0.37,8012
0.37,8011
0.37,8010
0.38,8009
0.38,8008
0.38,8007
0.39,8006
0.39,8005
0.39,8004
0.39,8003
0.39,8002
0.39,8001
0.39,8000
0.39,7999
0.39,7998
0.39,7997
0.40,7996
0.40,7995
0.40,7994
0.41,7993
0.41,7992
0.41,7991
0.41,7990
0.41,7989
0.41,7988
0.41,7987
0.41,7986
0.41,7985
0.41,7984
0.41,7983
0.41,7982
0.42,7981
0.42,7980
0.42,7979
0.42,7978
0.42,7977
0.42,7976
0.42,7975
0.42,7974
0.42,7973
0.42,7972
0.43,7971
0.43,7970
0.43,7969
0.43,7968
0.43,7967
0.44,7966
0.44,7965
0.44,7964
0.44,7963
0.44,7962
0.44,7961
0.44,7960
0.44,7959
0.44,7958
0.44,7957
0.45,7956
0.45,7955
0.45,7954
0.45,7953
0.45,7952
0.45,7951
0.45,7950
0.45,7949
0.45,7948
0.45,7947
0.45,7946
0.45,7945
0.45,7944
0.45,7943
0.46,7942
0.46,7941
0.46,7940
0.46,7939
0.46,7938
0.46,7937
0.46,7936
0.46,7935
0.46,7934
0.46,7933
0.46,7932
0.46,7931
0.46,7930
0.46,7929
0.46,7928
0.46,7927
0.47,7926
0.47,7925
0.47,7924
0.47,7923
0.47,7922
0.47,7921
0.48,7920
0.49,7919
0.49,7918
0.49,7917
0.49,7916
0.50,7915
0.50,7914
0.51,7913
0.51,7912
0.51,7911
0.51,7910
0.51,7909
0.51,7908
0.51,7907
0.53,7906
0.53,7905
0.53,7904
0.54,7903
0.54,7902
0.54,7901
0.54,7900
0.54,7899
0.54,7898
0.54,7897
0.54,7896
0.54,7895
0.54,7894
0.55,7893
0.55,7892
0.55,7891
0.55,7890
0.55,7889
0.55,7888
0.55,7887
0.55,7886
0.55,7885
0.56,7884
0.56,7883
0.56,7882
0.56,7881
0.56,7880
0.56,7879
0.57,7878
0.57,7877
0.57,7876
0.57,7875
0.57,7874
0.58,7873
0.58,7872
0.58,7871
0.58,7870
0.58,7869
0.58,7868
0.58,7867
0.58,7866
0.58,7865
0.59,7864
0.59,7863
0.59,7862
0.59,7861
0.59,7860
0.59,7859
0.59,7858
0.59,7857
0.59,7856
0.59,7855
0.59,7854
0.59,7853
0.60,7852
0.60,7851
0.60,7850
0.60,7849
0.60,7848
0.60,7847
0.60,7846
0.60,7845
0.60,7844
0.60,7843
0.61,7842
0.61,7841
0.61,7840
0.61,7839
0.61,7838
0.62,7837
0.62,7836
0.62,7835
0.62,7834
0.62,7833
0.62,7832
0.63,7831
0.64,7830
0.64,7829
0.64,7828
0.69,7827
0.69,7826
0.69,7825
0.69,7824
0.69,7823
0.69,7822
0.69,7821
0.69,7820
0.69,7819
0.69,7818
0.69,7817
0.69,7816
0.69,7815
0.69,7814
0.69,7813
0.69,7812
0.69,7811
0.69,7810
0.70,7809
0.70,7808
0.70,7807
0.70,7806
0.71,7805
0.71,7804
0.71,7803
0.71,7802
0.71,7801
0.71,7800
0.71,7799
0.71,7798
0.71,7797
0.75,7796
0.75,7795
0.75,7794
0.75,7793
0.75,7792
0.75,7791
0.75,7790
0.75,7789
0.75,7788
0.75,7787
0.76,7786
0.76,7785
0.76,7784
0.76,7783
0.76,7782
0.79,7781
0.79,7780
0.79,7779
0.79,7778
0.79,7777
0.79,7776
0.80,7775
0.80,7774
0.81,7773
0.81,7772
0.81,7771
0.81,7770
0.81,7769
0.81,7768
0.81,7767
0.81,7766
0.82,7765
0.82,7764
0.82,7763
0.82,7762
0.82,7761
0.82,7760
0.82,7759
0.83,7758
0.84,7757
0.84,7756
0.84,7755
0.84,7754
0.85,7753
0.85,7752
0.85,7751
0.85,7750
0.85,7749
0.85,7748
0.85,7747
0.85,7746
0.85,7745
0.85,7744
0.85,7743
0.86,7742
0.87,7741
0.87,7740
0.87,7739
0.88,7738
0.88,7737
0.88,7736
0.88,7735
0.88,7734
0.88,7733
0.88,7732
0.88,7731
0.88,7730
0.89,7729
0.89,7728
0.89,7727
0.89,7726
0.89,7725
0.89,7724
0.89,7723
0.89,7722
0.89,7721
0.89,7720
0.90,7719
0.90,7718
0.91,7717
0.91,7716
0.91,7715
0.91,7714
0.91,7713
0.92,7712
0.93,7711
0.93,7710
0.93,7709
0.93,7708
0.94,7707
0.95,7706
0.95,7705
0.95,7704
0.95,7703
0.95,7702
0.96,7701
0.96,7700
0.96,7699
0.96,7698
0.96,7697
0.96,7696
0.96,7695
0.97,7694
0.97,7693
0.97,7692
0.97,7691
0.97,7690
0.97,7689
0.98,7688
0.98,7687
0.98,7686
0.98,7685
0.98,7684
0.99,7683
0.99,7682
0.99,7681
0.99,7680
0.99,7679
1.00,7678
1.00,7677
1.00,7676
1.00,7675
1.00,7674
1.00,7673
1.01,7672
1.01,7671
1.04,7670
1.04,7669
1.04,7668
1.04,7667
1.04,7666
1.04,7665
1.04,7664
1.04,7663
1.04,7662
1.05,7661
1.05,7660
1.05,7659
1.05,7658
1.05,7657
1.05,7656
1.05,7655
1.05,7654
1.09,7653
1.09,7652
1.09,7651
1.09,7650
1.09,7649
1.09,7648
1.09,7647
1.09,7646
1.09,7645
1.10,7644
1.10,7643
1.10,7642
1.10,7641
1.10,7640
1.10,7639
1.10,7638
1.10,7637
1.10,7636
1.11,7635
1.11,7634
1.11,7633
1.11,7632
1.11,7631
1.11,7630
1.11,7629
1.11,7628
1.11,7627
1.12,7626
1.12,7625
1.12,7624
1.12,7623
1.13,7622
1.13,7621
1.13,7620
1.13,7619
1.13,7618
1.13,7617
1.15,7616
1.16,7615
1.16,7614
1.16,7613
1.16,7612
1.16,7611
1.16,7610
1.16,7609
1.16,7608
1.17,7607
1.17,7606
1.17,7605
1.18,7604
1.18,7603
1.18,7602
1.18,7601
1.19,7600
1.19,7599
1.19,7598
1.19,7597
1.19,7596
1.19,7595
1.19,7594
1.19,7593
1.20,7592
1.20,7591
1.20,7590
1.21,7589
1.21,7588
1.21,7587
1.21,7586
1.23,7585
1.23,7584
1.23,7583
1.23,7582
1.23,7581
1.23,7580
1.24,7579
1.24,7578
1.24,7577
1.24,7576
1.26,7575
1.26,7574
1.26,7573
1.26,7572
1.28,7571
1.28,7570
1.28,7569
1.29,7568
1.29,7567
1.29,7566
1.29,7565
1.29,7564
1.29,7563
1.29,7562
1.29,7561
1.29,7560
1.30,7559
1.30,7558
1.31,7557
1.31,7556
1.31,7555
1.31,7554
1.32,7553
1.32,7552
1.40,7551
1.40,7550
1.40,7549
1.40,7548
1.40,7547
1.40,7546
1.40,7545
1.41,7544
1.48,7543
1.49,7542
1.49,7541
1.49,7540
1.49,7539
1.49,7538
1.49,7537
1.49,7536
1.49,7535
1.49,7534
1.49,7533
1.49,7532
1.49,7531
1.49,7530
1.49,7529
1.49,7528
1.49,7527
1.50,7526
1.50,7525
1.50,7524
1.50,7523
1.50,7522
1.50,7521
1.50,7520
1.51,7519
1.51,7518
1.51,7517
1.51,7516
1.51,7515
1.52,7514
1.52,7513
1.63,7512
1.65,7511
1.66,7510
1.66,7509
1.66,7508
1.66,7507
1.66,7506
1.67,7505
1.67,7504
1.68,7503
1.68,7502
1.68,7501
1.68,7500
1.68,7499
1.68,7498
1.68,7497
1.68,7496
1.68,7495
1.69,7494
1.70,7493
1.71,7492
1.71,7491
1.71,7490
1.71,7489
1.71,7488
1.71,7487
1.71,7486
1.86,7485
1.86,7484
1.86,7483
1.86,7482
1.88,7481
1.88,7480
1.88,7479
1.98,7478
1.99,7477
1.99,7476
1.99,7475
1.99,7474
2.00,7473
2.00,7472
2.00,7471
2.01,7470
2.09,7469
2.09,7468
2.09,7467
2.09,7466
2.09,7465
2.09,7464
2.10,7463
2.10,7462
2.11,7461
2.11,7460
2.13,7459
2.13,7458
2.13,7457
2.13,7456
2.13,7455
2.14,7454
2.15,7453
2.15,7452
2.15,7451
2.15,7450
2.15,7449
2.16,7448
2.16,7447
2.16,7446
2.16,7445
2.16,7444
2.16,7443
2.16,7442
2.17,7441
2.17,7440
2.17,7439
2.17,7438
2.18,7437
2.18,7436
2.18,7435
2.18,7434
2.18,7433
2.19,7432
2.19,7431
2.19,7430
2.20,7429
2.20,7428
2.42,7427
2.42,7426
2.42,7425
2.42,7424
2.42,7423
2.42,7422
2.42,7421
2.43,7420
2.43,7419
2.43,7418
2.44,7417
2.44,7416
2.44,7415
2.44,7414
2.45,7413
2.45,7412
2.54,7411
2.54,7410
2.55,7409
2.55,7408
2.55,7407
2.56,7406
2.56,7405
2.56,7404
2.56,7403
2.56,7402
2.57,7401
2.58,7400
2.58,7399
2.58,7398
2.60,7397
2.60,7396
2.60,7395
2.60,7394
2.61,7393
2.61,7392
2.62,7391
2.62,7390
2.69,7389
2.69,7388
2.69,7387
2.83,7386
2.83,7385
2.83,7384
2.83,7383
2.83,7382
2.84,7381
2.84,7380
2.98,7379
2.98,7378
2.98,7377
2.98,7376
2.98,7375
2.98,7374
2.98,7373
2.98,7372
2.99,7371
2.99,7370
2.99,7369
2.99,7368
2.99,7367
3.00,7366
3.00,7365
3.00,7364
3.00,7363
3.00,7362
3.00,7361
3.00,7360
3.00,7359
3.00,7358
3.00,7357
3.00,7356
3.01,7355
3.01,7354
3.01,7353
3.01,7352
3.02,7351
3.02,7350
3.02,7349
3.03,7348
3.37,7347
3.37,7346
3.37,7345
3.37,7344
3.37,7343
3.38,7342
3.38,7341
3.38,7340
3.52,7339
3.55,7338
3.55,7337
3.55,7336
3.57,7335
3.57,7334
3.57,7333
3.57,7332
3.58,7331
3.86,7330
3.87,7329
3.87,7328
3.87,7327
3.87,7326
3.87,7325
3.87,7324
3.87,7323
3.87,7322
3.87,7321
3.88,7320
3.88,7319
3.88,7318
3.88,7317
3.88,7316
3.89,7315
3.89,7314
3.89,7313
3.89,7312
3.89,7311
3.89,7310
3.89,7309
3.89,7308
3.89,7307
4.01,7306
4.01,7305
4.03,7304
4.03,7303
4.03,7302
4.18,7301
4.24,7300
4.26,7299
4.26,7298
4.27,7297
4.27,7296
4.27,7295
4.27,7294
4.27,7293
4.29,7292
4.29,7291
4.29,7290
4.29,7289
4.29,7288
4.30,7287
4.31,7286
4.31,7285
4.31,7284
4.31,7283
4.31,7282
4.31,7281
4.34,7280
4.34,7279
4.34,7278
4.34,7277
4.36,7276
4.37,7275
4.37,7274
4.38,7273
4.38,7272
4.38,7271
4.39,7270
4.47,7269
4.47,7268
4.47,7267
4.47,7266
4.47,7265
4.47,7264
4.48,7263
4.48,7262
4.50,7261
4.50,7260
4.50,7259
4.50,7258
4.64,7257
4.64,7256
4.69,7255
4.69,7254
4.70,7253
4.70,7252
5.33,7251
5.39,7250
5.39,7249
5.40,7248
5.41,7247
5.41,7246
5.41,7245
5.43,7244
5.43,7243
5.43,7242
5.43,7241
6.02,7240
6.02,7239
6.02,7238
6.07,7237
6.07,7236
6.11,7235
6.11,7234
6.11,7233
6.18,7232
6.18,7231
6.19,7230
6.19,7229
6.19,7228
6.22,7227
6.22,7226
6.22,7225
6.22,7224
6.22,7223
6.22,7222
6.22,7221
6.22,7220
6.22,7219
6.23,7218
6.23,7217
6.23,7216
6.26,7215
6.26,7214
6.26,7213
6.26,7212
6.26,7211
6.28,7210
6.28,7209
6.28,7208
6.28,7207
6.28,7206
6.28,7205
6.28,7204
6.28,7203
6.28,7202
6.29,7201
6.29,7200
6.29,7199
6.29,7198
6.30,7197
6.30,7196
6.31,7195
6.31,7194
6.31,7193
6.31,7192
6.39,7191
6.46,7190
6.46,7189
6.46,7188
6.46,7187
6.47,7186
6.47,7185
6.48,7184
6.48,7183
6.48,7182
6.48,7181
6.48,7180
6.49,7179
6.96,7178
6.96,7177
6.97,7176
6.97,7175
6.97,7174
7.02,7173
7.02,7172
7.02,7171
7.02,7170
7.02,7169
7.03,7168
7.03,7167
7.03,7166
7.03,7165
7.03,7164
7.14,7163
7.14,7162
7.14,7161
7.14,7160
7.15,7159
7.15,7158
7.15,7157
7.15,7156
8.24,7155
8.24,7154
8.24,7153
8.24,7152
8.25,7151
8.25,7150
8.25,7149
8.25,7148
8.25,7147
8.25,7146
8.26,7145
8.26,7144
8.26,7143
8.27,7142
8.27,7141
8.28,7140
8.28,7139
15.76,7138
15.76,7137
15.76,7136
15.76,7135
15.76,7134
15.77,7133
15.81,7132
15.81,7131
15.82,7130
15.86,7129
15.87,7128
15.87,7127
15.98,7126
15.98,7125
15.98,7124
15.98,7123
15.99,7122
15.99,7121
15.99,7120
16.00,7119
16.02,7118
16.03,7117
16.03,7116
16.03,7115
16.04,7114
16.04,7113
16.85,7112
16.86,7111
16.86,7110
16.86,7109
16.88,7108
16.89,7107
16.89,7106
16.89,7105
16.91,7104
16.91,7103
16.91,7102
16.92,7101
16.92,7100
16.94,7099
16.95,7098
16.96,7097
16.98,7096
16.98,7095
16.98,7094
16.98,7093
16.98,7092
16.98,7091
21.12,7090
21.12,7089
21.12,7088
21.82,7087
21.82,7086
21.82,7085
21.83,7084
21.83,7083
21.96,7082
21.96,7081
21.96,7080
21.97,7079
21.97,7078
21.97,7077
21.97,7076
21.97,7075
21.97,7074
21.97,7073
21.98,7072
21.98,7071
21.99,7070
21.99,7069
21.99,7068
22.00,7067
22.00,7066
22.00,7065
22.00,7064
22.01,7063
22.01,7062
22.01,7061
22.02,7060
22.05,7059
22.05,7058
22.05,7057
22.06,7056
22.06,7055
22.14,7054
22.16,7053
22.16,7052
22.16,7051
22.62,7050
22.62,7049
22.63,7048
22.64,7047
22.64,7046
22.64,7045
22.64,7044
22.66,7043
22.67,7042
22.67,7041
22.67,7040
22.99,7039
22.99,7038
22.99,7037
23.00,7036
23.00,7035
23.00,7034
23.00,7033
23.00,7032
23.00,7031
23.01,7030
23.01,7029
23.02,7028
23.02,7027
23.02,7026
23.02,7025
23.02,7024
23.04,7023
23.07,7022
23.08,7021
23.08,7020
23.25,7019
23.28,7018
23.28,7017
23.28,7016
23.28,7015
23.28,7014
23.44,7013
23.44,7012
23.44,7011
23.44,7010
23.44,7009
23.45,7008
23.45,7007
23.50,7006
23.51,7005
23.57,7004
23.57,7003
23.57,7002
23.57,7001
23.61,7000
23.61,6999
23.61,6998
23.61,6997
23.61,6996
23.61,6995
23.64,6994
23.65,6993
23.65,6992
23.65,6991
23.66,6990
23.66,6989
23.66,6988
24.93,6987
24.93,6986
24.93,6985
25.05,6984
25.05,6983
25.07,6982
25.07,6981
25.09,6980
25.09,6979
25.09,6978
25.12,6977
25.12,6976
25.12,6975
25.12,6974
25.12,6973
25.12,6972
25.17,6971
25.17,6970
25.17,6969
25.21,6968
25.22,6967
25.22,6966
25.22,6965
25.22,6964
25.22,6963
25.22,6962
25.22,6961
25.23,6960
25.23,6959
25.23,6958
25.24,6957
25.24,6956
25.30,6955
25.31,6954
25.31,6953
25.31,6952
25.31,6951
25.31,6950
25.33,6949
25.33,6948
25.33,6947
25.33,6946
25.33,6945
25.34,6944
25.34,6943
25.34,6942
25.35,6941
25.35,6940
25.35,6939
25.37,6938
25.37,6937
25.41,6936
25.41,6935
25.41,6934
25.41,6933
25.42,6932
25.42,6931
25.42,6930
25.43,6929
25.43,6928
25.43,6927
25.44,6926
25.44,6925
25.44,6924
25.44,6923
25.44,6922
25.44,6921
25.44,6920
25.44,6919
28.19,6918
28.20,6917
28.20,6916
28.21,6915
28.21,6914
28.21,6913
28.21,6912
28.21,6911
28.22,6910
28.22,6909
28.22,6908
28.23,6907
28.24,6906
28.28,6905
28.29,6904
28.29,6903
28.29,6902
28.35,6901
28.35,6900
28.36,6899
28.37,6898
28.38,6897
28.38,6896
28.38,6895
28.38,6894
28.39,6893
28.40,6892
28.40,6891
28.45,6890
28.54,6889
28.54,6888
28.54,6887
28.54,6886
28.59,6885
28.59,6884
28.59,6883
28.59,6882
28.61,6881
28.76,6880
28.99,6879
29.00,6878
29.01,6877
29.01,6876
29.01,6875
29.69,6874
29.69,6873
29.69,6872
29.69,6871
29.69,6870
29.74,6869
29.74,6868
29.75,6867
29.77,6866
29.77,6865
30.73,6864
30.73,6863
30.73,6862
30.73,6861
30.73,6860
30.73,6859
30.76,6858
30.76,6857
30.76,6856
30.77,6855
30.77,6854
30.77,6853
30.77,6852
30.77,6851
30.77,6850
30.78,6849
30.79,6848
30.81,6847
30.85,6846
30.85,6845
30.85,6844
30.85,6843
30.85,6842
30.85,6841
30.85,6840
30.85,6839
30.86,6838
30.88,6837
30.89,6836
30.92,6835
30.92,6834
30.92,6833
31.54,6832
31.68,6831
31.68,6830
31.68,6829
31.71,6828
31.71,6827
31.73,6826
31.74,6825
31.77,6824
31.89,6823
31.89,6822
31.90,6821
31.92,6820
31.92,6819
31.92,6818
31.92,6817
31.92,6816
31.92,6815
32.37,6814
32.37,6813
32.38,6812
32.38,6811
32.45,6810
32.45,6809
32.45,6808
32.46,6807
32.47,6806
32.47,6805
32.47,6804
32.47,6803
32.47,6802
32.47,6801
32.47,6800
32.49,6799
32.49,6798
32.49,6797
32.49,6796
32.60,6795
32.60,6794
32.63,6793
32.63,6792
32.63,6791
32.63,6790
32.64,6789
32.64,6788
32.65,6787
32.65,6786
32.65,6785
32.66,6784
32.68,6783
32.68,6782
32.68,6781
32.68,6780
32.68,6779
32.68,6778
32.68,6777
32.70,6776
32.70,6775
32.70,6774
32.70,6773
32.70,6772
32.70,6771
32.70,6770
32.76,6769
32.76,6768
32.76,6767
32.79,6766
32.79,6765
32.79,6764
32.79,6763
32.79,6762
32.96,6761
32.96,6760
32.96,6759
32.96,6758
33.16,6757
33.17,6756
33.18,6755
33.18,6754
33.18,6753
33.18,6752
33.18,6751
33.26,6750
33.31,6749
33.31,6748
33.31,6747
33.31,6746
33.35,6745
33.35,6744
33.35,6743
33.36,6742
33.38,6741
33.38,6740
33.40,6739
33.40,6738
33.40,6737
33.40,6736
33.41,6735
33.41,6734
33.41,6733
33.41,6732
33.41,6731
33.41,6730
33.41,6729
33.46,6728
33.46,6727
33.46,6726
33.46,6725
33.51,6724
33.51,6723
33.52,6722
33.52,6721
33.53,6720
33.53,6719
33.53,6718
33.53,6717
33.54,6716
33.54,6715
33.55,6714
33.55,6713
33.55,6712
33.55,6711
33.66,6710
33.66,6709
33.66,6708
33.73,6707
33.73,6706
33.73,6705
33.73,6704
33.73,6703
33.73,6702
33.75,6701
33.75,6700
33.75,6699
33.75,6698
33.75,6697
33.75,6696
33.75,6695
33.75,6694
33.75,6693
33.78,6692
33.82,6691
33.82,6690
33.82,6689
33.82,6688
33.82,6687
33.83,6686
33.84,6685
33.89,6684
33.89,6683
33.90,6682
33.90,6681
33.90,6680
33.90,6679
33.90,6678
33.92,6677
33.92,6676
33.92,6675
33.92,6674
33.92,6673
33.93,6672
34.02,6671
34.04,6670
34.04,6669
34.05,6668
34.05,6667
34.05,6666
34.05,6665
34.06,6664
34.06,6663
34.06,6662
34.06,6661
34.07,6660
34.07,6659
34.08,6658
34.13,6657
34.13,6656
34.13,6655
34.13,6654
34.13,6653
34.14,6652
34.19,6651
34.19,6650
34.23,6649
34.24,6648
34.24,6647
34.24,6646
34.24,6645
34.24,6644
34.24,6643
34.24,6642
34.37,6641
34.38,6640
34.38,6639
34.38,6638
34.38,6637
34.44,6636
34.44,6635
34.44,6634
34.44,6633
34.44,6632
34.44,6631
34.45,6630
34.45,6629
34.45,6628
34.45,6627
34.46,6626
35.17,6625
35.17,6624
35.17,6623
35.17,6622
35.17,6621
35.17,6620
35.18,6619
35.18,6618
35.18,6617
35.18,6616
35.18,6615
35.18,6614
35.18,6613
35.19,6612
35.19,6611
35.22,6610
35.22,6609
35.22,6608
35.49,6607
35.49,6606
35.49,6605
35.50,6604
35.50,6603
35.50,6602
35.50,6601
35.50,6600
35.51,6599
35.51,6598
35.51,6597
35.55,6596
35.56,6595
35.58,6594
35.58,6593
35.58,6592
35.59,6591
35.59,6590
35.85,6589
35.86,6588
35.86,6587
35.86,6586
35.86,6585
35.86,6584
35.91,6583
35.91,6582
35.95,6581
35.95,6580
35.98,6579
35.99,6578
35.99,6577
36.00,6576
36.00,6575
36.00,6574
36.00,6573
36.01,6572
36.03,6571
36.03,6570
36.04,6569
36.29,6568
36.29,6567
36.32,6566
36.32,6565
36.32,6564
36.32,6563
36.33,6562
36.33,6561
36.34,6560
36.34,6559
36.34,6558
36.34,6557
36.34,6556
36.34,6555
36.37,6554
36.38,6553
36.38,6552
36.39,6551
36.40,6550
36.55,6549
36.55,6548
36.55,6547
36.55,6546
36.55,6545
36.56,6544
36.56,6543
36.56,6542
36.56,6541
36.56,6540
36.56,6539
36.56,6538
36.56,6537
36.62,6536
36.62,6535
36.62,6534
36.62,6533
36.62,6532
36.63,6531
37.16,6530
37.16,6529
37.17,6528
37.17,6527
37.17,6526
37.18,6525
37.24,6524
37.24,6523
37.24,6522
37.24,6521
37.24,6520
37.25,6519
37.25,6518
37.31,6517
37.55,6516
37.55,6515
37.56,6514
37.56,6513
37.56,6512
37.56,6511
37.57,6510
37.57,6509
37.57,6508
37.57,6507
37.57,6506
37.57,6505
37.65,6504
37.65,6503
37.83,6502
37.84,6501
37.84,6500
37.95,6499
38.00,6498
38.01,6497
38.01,6496
38.01,6495
38.01,6494
38.01,6493
38.02,6492
38.03,6491
38.04,6490
38.04,6489
38.05,6488
38.07,6487
38.09,6486
38.09,6485
38.09,6484
38.13,6483
38.17,6482
38.17,6481
38.17,6480
38.17,6479
38.19,6478
38.19,6477
38.19,6476
38.20,6475
38.20,6474
38.20,6473
38.20,6472
38.20,6471
38.20,6470
38.22,6469
38.22,6468
38.22,6467
38.23,6466
38.23,6465
38.24,6464
38.24,6463
38.24,6462
38.24,6461
38.24,6460
38.25,6459
38.26,6458
38.26,6457
38.28,6456
38.28,6455
38.28,6454
38.28,6453
38.28,6452
38.29,6451
38.29,6450
38.29,6449
38.33,6448
38.34,6447
38.34,6446
38.34,6445
38.34,6444
38.35,6443
38.35,6442
38.35,6441
38.35,6440
38.35,6439
38.35,6438
38.36,6437
38.36,6436
38.42,6435
38.42,6434
38.43,6433
38.43,6432
38.43,6431
38.43,6430
38.43,6429
38.43,6428
38.51,6427
38.51,6426
38.67,6425
38.67,6424
38.69,6423
38.69,6422
38.69,6421
38.72,6420
38.72,6419
38.72,6418
38.72,6417
38.72,6416
38.72,6415
38.72,6414
38.72,6413
38.73,6412
38.81,6411
38.81,6410
38.81,6409
38.81,6408
38.81,6407
38.81,6406
38.83,6405
38.83,6404
38.83,6403
38.86,6402
38.86,6401
38.87,6400
38.87,6399
38.87,6398
38.89,6397
38.89,6396
38.92,6395
38.92,6394
38.92,6393
38.92,6392
38.92,6391
38.93,6390
38.93,6389
38.93,6388
38.93,6387
38.93,6386
38.93,6385
38.94,6384
38.95,6383
38.96,6382
38.96,6381
38.96,6380
38.96,6379
39.34,6378
39.34,6377
39.40,6376
39.40,6375
39.40,6374
39.40,6373
39.40,6372
39.40,6371
39.40,6370
39.41,6369
39.43,6368
39.43,6367
39.43,6366
39.44,6365
39.44,6364
39.44,6363
39.45,6362
39.45,6361
39.45,6360
39.45,6359
39.46,6358
39.51,6357
39.51,6356
39.54,6355
39.54,6354
39.54,6353
39.54,6352
39.54,6351
39.54,6350
39.56,6349
39.57,6348
39.57,6347
39.57,6346
39.62,6345
39.62,6344
39.62,6343
39.62,6342
39.62,6341
39.62,6340
39.67,6339
39.67,6338
39.68,6337
39.69,6336
39.70,6335
39.70,6334
39.70,6333
39.70,6332
39.70,6331
39.70,6330
39.82,6329
39.82,6328
39.82,6327
39.82,6326
39.88,6325
39.88,6324
39.92,6323
40.00,6322
40.00,6321
40.01,6320
40.01,6319
40.01,6318
40.02,6317
40.02,6316
40.13,6315
40.13,6314
40.13,6313
40.13,6312
40.13,6311
40.15,6310
40.15,6309
40.15,6308
40.16,6307
40.16,6306
40.16,6305
40.18,6304
40.18,6303
40.18,6302
40.18,6301
40.19,6300
40.19,6299
40.19,6298
40.29,6297
40.29,6296
40.29,6295
40.29,6294
40.46,6293
40.46,6292
40.46,6291
40.47,6290
40.48,6289
40.48,6288
40.48,6287
40.48,6286
40.48,6285
40.48,6284
40.49,6283
40.50,6282
40.50,6281
40.50,6280
40.51,6279
40.52,6278
40.59,6277
40.61,6276
40.61,6275
40.61,6274
40.61,6273
40.62,6272
40.62,6271
40.62,6270
40.62,6269
40.63,6268
40.63,6267
40.63,6266
40.63,6265
40.63,6264
40.66,6263
40.67,6262
40.67,6261
40.67,6260
40.71,6259
40.72,6258
40.72,6257
40.73,6256
40.73,6255
40.73,6254
40.73,6253
40.97,6252
40.97,6251
40.97,6250
40.97,6249
40.97,6248
40.98,6247
40.98,6246
40.98,6245
40.98,6244
40.98,6243
40.98,6242
41.02,6241
41.02,6240
41.02,6239
41.02,6238
41.06,6237
41.08,6236
41.08,6235
41.08,6234
41.08,6233
41.09,6232
41.09,6231
41.09,6230
41.10,6229
41.10,6228
41.10,6227
41.10,6226
41.10,6225
41.10,6224
41.10,6223
41.11,6222
41.11,6221
41.11,6220
41.11,6219
41.12,6218
41.12,6217
41.12,6216
41.12,6215
41.13,6214
41.13,6213
41.13,6212
41.13,6211
41.13,6210
41.13,6209
41.14,6208
41.14,6207
41.14,6206
41.14,6205
41.15,6204
41.15,6203
41.27,6202
41.28,6201
41.29,6200
41.30,6199
41.30,6198
41.31,6197
41.31,6196
41.32,6195
41.32,6194
41.33,6193
41.34,6192
41.34,6191
41.34,6190
41.36,6189
41.36,6188
41.36,6187
41.36,6186
41.36,6185
41.36,6184
41.37,6183
41.37,6182
41.38,6181
41.38,6180
41.38,6179
41.38,6178
41.38,6177
41.38,6176
41.38,6175
41.44,6174
41.44,6173
41.45,6172
41.45,6171
41.45,6170
41.45,6169
41.46,6168
41.47,6167
41.47,6166
41.47,6165
41.51,6164
41.51,6163
41.51,6162
41.52,6161
41.52,6160
41.52,6159
41.59,6158
41.59,6157
41.59,6156
41.59,6155
41.60,6154
41.60,6153
41.60,6152
41.60,6151
41.61,6150
41.62,6149
41.62,6148
41.67,6147
41.68,6146
41.69,6145
41.74,6144
41.74,6143
41.74,6142
41.90,6141
41.90,6140
41.91,6139
41.91,6138
41.91,6137
41.91,6136
41.96,6135
41.96,6134
41.96,6133
41.97,6132
41.98,6131
42.09,6130
42.09,6129
42.09,6128
42.09,6127
42.46,6126
42.47,6125
42.52,6124
42.53,6123
42.53,6122
42.54,6121
42.54,6120
42.54,6119
42.54,6118
42.54,6117
42.54,6116
42.54,6115
42.55,6114
42.66,6113
42.66,6112
42.66,6111
42.66,6110
42.66,6109
42.66,6108
42.66,6107
42.68,6106
42.68,6105
42.68,6104
42.68,6103
42.69,6102
42.72,6101
42.73,6100
42.73,6099
42.73,6098
42.75,6097
42.78,6096
42.79,6095
42.79,6094
42.79,6093
42.80,6092
42.86,6091
42.86,6090
42.86,6089
42.86,6088
42.86,6087
42.86,6086
42.88,6085
42.88,6084
42.88,6083
42.88,6082
43.07,6081
43.07,6080
43.13,6079
43.13,6078
43.13,6077
43.14,6076
43.14,6075
43.14,6074
43.15,6073
43.15,6072
43.16,6071
43.17,6070
43.21,6069
43.22,6068
43.23,6067
43.26,6066
43.34,6065
43.34,6064
43.34,6063
43.34,6062
43.34,6061
43.35,6060
43.35,6059
43.35,6058
43.35,6057
43.36,6056
43.36,6055
43.36,6054
43.36,6053
43.37,6052
43.37,6051
43.44,6050
43.44,6049
43.44,6048
43.45,6047
43.45,6046
43.45,6045
43.46,6044
43.46,6043
43.46,6042
43.46,6041
43.57,6040
43.58,6039
43.58,6038
43.58,6037
43.58,6036
43.58,6035
43.60,6034
43.61,6033
43.61,6032
43.61,6031
43.61,6030
43.63,6029
43.63,6028
43.64,6027
43.65,6026
43.65,6025
43.66,6024
43.66,6023
43.66,6022
43.66,6021
43.66,6020
43.67,6019
43.67,6018
43.69,6017
43.69,6016
43.69,6015
43.73,6014
43.75,6013
43.75,6012
43.76,6011
43.76,6010
43.76,6009
43.76,6008
43.77,6007
43.77,6006
43.78,6005
43.79,6004
43.79,6003
43.79,6002
43.80,6001
43.80,6000
43.81,5999
43.81,5998
43.82,5997
43.87,5996
43.87,5995
43.87,5994
43.87,5993
43.93,5992
43.93,5991
43.93,5990
43.94,5989
43.96,5988
43.97,5987
43.97,5986
43.98,5985
44.01,5984
44.02,5983
44.04,5982
44.04,5981
44.04,5980
44.04,5979
44.04,5978
44.05,5977
44.05,5976
44.05,5975
44.07,5974
44.07,5973
44.07,5972
44.07,5971
44.07,5970
44.08,5969
44.08,5968
44.11,5967
44.11,5966
44.14,5965
44.14,5964
44.14,5963
44.14,5962
44.16,5961
44.17,5960
44.18,5959
44.32,5958
44.32,5957
44.41,5956
44.42,5955
44.43,5954
44.48,5953
44.48,5952
44.52,5951
44.53,5950
44.53,5949
44.55,5948
44.56,5947
44.60,5946
44.61,5945
44.63,5944
44.64,5943
44.69,5942
44.70,5941
44.79,5940
44.80,5939
44.80,5938
44.80,5937
44.80,5936
44.80,5935
44.81,5934
44.81,5933
44.99,5932
45.00,5931
45.00,5930
45.14,5929
45.17,5928
45.17,5927
45.18,5926
45.18,5925
45.18,5924
45.18,5923
45.19,5922
45.19,5921
45.19,5920
45.19,5919
45.19,5918
45.20,5917
45.20,5916
45.20,5915
45.20,5914
45.21,5913
45.22,5912
45.22,5911
45.23,5910
45.23,5909
45.24,5908
45.24,5907
45.24,5906
45.26,5905
45.26,5904
45.41,5903
45.52,5902
45.52,5901
45.54,5900
45.54,5899
45.55,5898
45.57,5897
45.57,5896
45.57,5895
45.67,5894
45.67,5893
45.67,5892
45.68,5891
45.68,5890
45.68,5889
45.68,5888
45.68,5887
45.68,5886
45.68,5885
45.69,5884
45.69,5883
45.69,5882
45.69,5881
45.70,5880
45.82,5879
45.83,5878
45.83,5877
45.83,5876
45.83,5875
45.83,5874
45.83,5873
45.84,5872
45.85,5871
45.86,5870
45.87,5869
45.87,5868
45.87,5867
45.88,5866
45.88,5865
45.88,5864
45.89,5863
45.89,5862
45.90,5861
45.90,5860
45.90,5859
45.90,5858
46.05,5857
46.05,5856
46.06,5855
46.06,5854
46.06,5853
46.08,5852
46.08,5851
46.19,5850
46.20,5849
46.20,5848
46.20,5847
46.20,5846
46.20,5845
46.23,5844
46.23,5843
46.25,5842
46.28,5841
46.28,5840
46.28,5839
46.28,5838
46.28,5837
46.29,5836
46.29,5835
46.30,5834
46.30,5833
46.34,5832
46.34,5831
46.35,5830
46.35,5829
46.36,5828
46.36,5827
46.36,5826
46.37,5825
46.37,5824
46.37,5823
46.37,5822
46.57,5821
46.57,5820
46.58,5819
46.61,5818
46.63,5817
46.64,5816
46.65,5815
46.65,5814
46.68,5813
46.70,5812
46.70,5811
46.71,5810
46.75,5809
46.75,5808
46.75,5807
46.78,5806
46.78,5805
46.78,5804
46.79,5803
46.79,5802
46.79,5801
46.79,5800
46.80,5799
46.80,5798
46.81,5797
46.81,5796
46.82,5795
46.83,5794
46.83,5793
46.83,5792
46.83,5791
46.83,5790
46.84,5789
46.84,5788
46.84,5787
46.84,5786
46.85,5785
46.85,5784
46.85,5783
46.85,5782
46.87,5781
46.87,5780
46.91,5779
46.91,5778
46.91,5777
46.91,5776
46.91,5775
46.92,5774
46.94,5773
46.94,5772
46.96,5771
46.96,5770
46.97,5769
46.97,5768
46.98,5767
46.98,5766
46.98,5765
46.98,5764
46.99,5763
46.99,5762
47.05,5761
47.08,5760
47.10,5759
47.10,5758
47.45,5757
47.45,5756
47.46,5755
47.49,5754
47.49,5753
47.53,5752
47.53,5751
47.53,5750
47.55,5749
47.57,5748
47.57,5747
47.57,5746
47.57,5745
47.59,5744
47.91,5743
47.93,5742
47.95,5741
47.96,5740
47.96,5739
47.96,5738
47.96,5737
47.99,5736
47.99,5735
47.99,5734
47.99,5733
48.00,5732
48.03,5731
48.03,5730
48.03,5729
48.04,5728
48.04,5727
48.14,5726
48.18,5725
48.20,5724
48.21,5723
48.22,5722
48.22,5721
48.22,5720
48.22,5719
48.22,5718
48.23,5717
48.23,5716
48.23,5715
48.24,5714
48.25,5713
48.25,5712
48.25,5711
48.26,5710
48.26,5709
48.26,5708
48.27,5707
48.27,5706
48.27,5705
48.30,5704
48.30,5703
48.31,5702
48.31,5701
48.31,5700
48.31,5699
48.31,5698
48.32,5697
48.32,5696
48.32,5695
48.33,5694
48.33,5693
48.33,5692
48.33,5691
48.44,5690
48.46,5689
48.48,5688
48.48,5687
48.84,5686
48.84,5685
48.93,5684
48.94,5683
48.94,5682
49.43,5681
49.43,5680
49.44,5679
49.44,5678
49.48,5677
49.51,5676
49.51,5675
49.51,5674
49.51,5673
49.52,5672
49.52,5671
49.52,5670
49.52,5669
49.53,5668
49.54,5667
49.54,5666
49.54,5665
49.54,5664
49.54,5663
49.55,5662
49.56,5661
49.59,5660
49.91,5659
49.91,5658
49.91,5657
49.92,5656
49.92,5655
49.92,5654
49.92,5653
49.94,5652
49.94,5651
49.94,5650
49.95,5649
49.97,5648
50.00,5647
50.01,5646
50.02,5645
50.04,5644
50.09,5643
50.10,5642
50.10,5641
50.11,5640
50.26,5639
50.28,5638
50.32,5637
50.32,5636
50.32,5635
50.33,5634
50.34,5633
50.37,5632
50.38,5631
50.39,5630
50.39,5629
50.40,5628
50.42,5627
50.42,5626
50.43,5625
50.48,5624
50.48,5623
50.49,5622
50.49,5621
50.50,5620
50.64,5619
50.65,5618
50.65,5617
50.66,5616
50.68,5615
50.68,5614
50.69,5613
50.71,5612
50.73,5611
50.74,5610
50.74,5609
50.76,5608
50.76,5607
50.76,5606
50.83,5605
50.84,5604
50.85,5603
50.85,5602
50.85,5601
50.85,5600
50.86,5599
50.86,5598
50.86,5597
50.98,5596
50.98,5595
50.98,5594
50.98,5593
50.99,5592
51.03,5591
51.03,5590
51.03,5589
51.05,5588
51.05,5587
51.06,5586
51.07,5585
51.08,5584
51.08,5583
51.08,5582
51.10,5581
51.10,5580
51.21,5579
51.22,5578
51.22,5577
51.24,5576
51.27,5575
51.30,5574
51.52,5573
51.52,5572
51.53,5571
51.53,5570
51.53,5569
51.53,5568
51.53,5567
51.53,5566
51.54,5565
51.54,5564
51.54,5563
51.56,5562
51.56,5561
51.57,5560
51.59,5559
51.59,5558
51.59,5557
51.62,5556
51.87,5555
51.87,5554
51.88,5553
51.88,5552
51.89,5551
51.89,5550
51.89,5549
51.89,5548
51.91,5547
51.91,5546
52.01,5545
52.01,5544
52.04,5543
52.04,5542
52.04,5541
52.14,5540
52.14,5539
52.14,5538
52.14,5537
52.14,5536
52.18,5535
52.18,5534
52.18,5533
52.18,5532
52.19,5531
52.19,5530
52.24,5529
52.25,5528
52.28,5527
52.28,5526
52.29,5525
52.29,5524
52.30,5523
52.30,5522
52.31,5521
52.31,5520
52.32,5519
52.32,5518
52.32,5517
52.32,5516
52.33,5515
52.33,5514
52.33,5513
52.33,5512
52.33,5511
52.34,5510
52.42,5509
52.42,5508
52.42,5507
52.50,5506
52.54,5505
52.54,5504
52.57,5503
52.58,5502
52.58,5501
52.58,5500
52.59,5499
52.59,5498
52.59,5497
52.59,5496
52.70,5495
52.71,5494
52.71,5493
52.73,5492
52.75,5491
52.75,5490
52.75,5489
52.75,5488
52.77,5487
52.80,5486
52.82,5485
52.82,5484
53.06,5483
53.07,5482
53.07,5481
53.12,5480
53.18,5479
53.21,5478
53.21,5477
53.22,5476
53.24,5475
53.25,5474
53.29,5473
53.29,5472
53.29,5471
53.29,5470
53.30,5469
53.30,5468
53.31,5467
53.31,5466
53.32,5465
53.33,5464
53.33,5463
53.33,5462
53.33,5461
53.36,5460
53.36,5459
53.51,5458
53.51,5457
53.51,5456
53.52,5455
53.52,5454
53.52,5453
53.53,5452
53.54,5451
53.54,5450
53.54,5449
53.55,5448
53.55,5447
53.56,5446
53.56,5445
53.56,5444
53.56,5443
53.57,5442
53.60,5441
53.60,5440
53.60,5439
53.70,5438
53.71,5437
53.71,5436
53.74,5435
53.74,5434
53.75,5433
53.75,5432
53.77,5431
53.77,5430
53.77,5429
53.81,5428
53.81,5427
53.86,5426
53.97,5425
53.97,5424
53.97,5423
53.97,5422
53.98,5421
53.98,5420
54.09,5419
54.09,5418
54.16,5417
54.16,5416
54.18,5415
54.18,5414
54.18,5413
54.18,5412
54.19,5411
54.20,5410
54.20,5409
54.20,5408
54.27,5407
54.28,5406
54.29,5405
54.29,5404
54.30,5403
54.36,5402
54.36,5401
54.36,5400
54.70,5399
54.77,5398
54.77,5397
54.77,5396
54.78,5395
54.78,5394
54.79,5393
54.80,5392
54.80,5391
54.81,5390
54.84,5389
54.87,5388
54.87,5387
54.87,5386
54.88,5385
54.89,5384
54.89,5383
54.92,5382
54.94,5381
54.98,5380
54.98,5379
54.99,5378
54.99,5377
55.01,5376
55.01,5375
55.01,5374
55.01,5373
55.02,5372
55.02,5371
55.07,5370
55.07,5369
55.31,5368
55.31,5367
55.33,5366
55.33,5365
55.33,5364
55.34,5363
55.35,5362
55.36,5361
55.38,5360
55.39,5359
55.43,5358
55.55,5357
55.56,5356
55.57,5355
55.67,5354
55.70,5353
55.71,5352
55.73,5351
55.73,5350
55.73,5349
55.73,5348
55.74,5347
55.83,5346
55.83,5345
55.85,5344
55.86,5343
55.86,5342
55.86,5341
55.87,5340
55.88,5339
55.89,5338
55.91,5337
55.92,5336
55.92,5335
55.92,5334
55.92,5333
55.92,5332
55.94,5331
55.94,5330
55.94,5329
55.99,5328
55.99,5327
56.32,5326
56.59,5325
56.61,5324
56.61,5323
56.73,5322
56.77,5321
56.77,5320
56.78,5319
56.78,5318
56.81,5317
56.81,5316
56.83,5315
56.83,5314
56.84,5313
56.85,5312
56.85,5311
57.49,5310
57.49,5309
57.53,5308
57.53,5307
57.55,5306
57.56,5305
57.56,5304
57.59,5303
57.60,5302
57.60,5301
57.60,5300
57.61,5299
57.73,5298
57.74,5297
57.74,5296
57.92,5295
57.93,5294
57.95,5293
57.96,5292
57.97,5291
57.99,5290
57.99,5289
57.99,5288
57.99,5287
58.00,5286
58.14,5285
58.16,5284
58.22,5283
58.28,5282
58.42,5281
58.43,5280
58.44,5279
58.45,5278
58.58,5277
58.58,5276
58.59,5275
58.60,5274
58.62,5273
58.63,5272
58.65,5271
58.65,5270
58.65,5269
58.66,5268
58.66,5267
58.66,5266
58.68,5265
58.73,5264
58.74,5263
58.75,5262
58.76,5261
58.76,5260
58.76,5259
58.80,5258
58.80,5257
58.83,5256
59.00,5255
59.00,5254
59.00,5253
59.07,5252
59.07,5251
59.07,5250
59.10,5249
59.11,5248
59.11,5247
59.42,5246
59.44,5245
59.44,5244
59.44,5243
59.45,5242
59.50,5241
59.50,5240
59.50,5239
59.50,5238
59.52,5237
59.52,5236
59.53,5235
59.53,5234
59.53,5233
59.54,5232
59.54,5231
59.56,5230
59.61,5229
59.61,5228
59.62,5227
59.62,5226
59.64,5225
59.65,5224
59.65,5223
59.70,5222
59.70,5221
59.71,5220
59.71,5219
59.73,5218
59.74,5217
59.82,5216
59.83,5215
60.01,5214
60.19,5213
60.20,5212
60.24,5211
60.25,5210
60.25,5209
60.25,5208
60.25,5207
60.29,5206
60.29,5205
60.36,5204
60.41,5203
60.41,5202
60.42,5201
60.45,5200
60.45,5199
61.09,5198
61.16,5197
61.68,5196
61.97,5195
61.97,5194
61.97,5193
62.01,5192
62.01,5191
62.01,5190
62.02,5189
62.03,5188
62.03,5187
62.05,5186
62.17,5185
62.18,5184
62.18,5183
62.21,5182
62.24,5181
62.24,5180
62.25,5179
62.25,5178
62.25,5177
62.26,5176
62.26,5175
62.69,5174
62.91,5173
62.92,5172
62.94,5171
62.95,5170
62.95,5169
63.01,5168
63.13,5167
63.14,5166
63.15,5165
64.14,5164
64.19,5163
64.19,5162
64.20,5161
64.20,5160
64.20,5159
64.20,5158
64.21,5157
64.22,5156
64.76,5155
64.76,5154
64.76,5153
64.87,5152
64.88,5151
64.88,5150
64.88,5149
64.96,5148
64.97,5147
64.98,5146
64.98,5145
65.01,5144
65.01,5143
65.02,5142
65.02,5141
65.02,5140
65.03,5139
65.52,5138
65.53,5137
65.53,5136
65.53,5135
65.55,5134
65.55,5133
65.58,5132
65.61,5131
65.63,5130
65.64,5129
65.64,5128
65.64,5127
65.65,5126
65.68,5125
66.37,5124
66.37,5123
66.37,5122
66.41,5121
66.41,5120
66.43,5119
66.45,5118
66.49,5117
66.55,5116
66.58,5115
66.65,5114
66.65,5113
66.67,5112
66.67,5111
66.70,5110
66.70,5109
66.75,5108
66.75,5107
66.80,5106
66.81,5105
66.82,5104
66.83,5103
66.84,5102
66.87,5101
66.88,5100
66.92,5099
66.93,5098
67.11,5097
67.11,5096
67.12,5095
67.12,5094
67.16,5093
67.16,5092
67.16,5091
67.86,5090
67.86,5089
67.98,5088
67.99,5087
67.99,5086
68.10,5085
68.13,5084
68.13,5083
68.14,5082
68.27,5081
68.33,5080
68.34,5079
68.47,5078
68.47,5077
68.48,5076
68.48,5075
68.78,5074
68.86,5073
68.87,5072
68.87,5071
68.87,5070
68.88,5069
68.89,5068
68.89,5067
68.89,5066
69.22,5065
69.22,5064
69.23,5063
69.23,5062
69.54,5061
69.92,5060
69.92,5059
69.93,5058
69.94,5057
70.85,5056
70.86,5055
70.87,5054
70.88,5053
70.89,5052
70.90,5051
70.90,5050
70.92,5049
70.96,5048
73.00,5047
73.01,5046
73.03,5045
73.03,5044
73.06,5043
73.09,5042
73.09,5041
73.09,5040
73.25,5039
73.41,5038
74.06,5037
74.07,5036
75.72,5035
75.74,5034
75.75,5033
75.77,5032
76.07,5031
76.08,5030
76.10,5029
76.13,5028
76.15,5027
79.27,5026
79.53,5025
79.54,5024
79.56,5023
79.81,5022
79.82,5021
79.88,5020
79.90,5019
79.90,5018
80.15,5017
80.17,5016
80.17,5015
80.21,5014
80.26,5013
80.27,5012
80.32,5011
80.42,5010
80.42,5009
80.43,5008
80.45,5007
80.58,5006
80.58,5005
80.58,5004
80.59,5003
80.79,5002
80.97,5001
81.39,5000
82.90,4999
82.91,4998
83.04,4997
83.04,4996
83.08,4995
83.17,4994
83.21,4993
83.23,4992
83.29,4991
83.30,4990
83.32,4989
85.66,4988
85.76,4987
85.84,4986
85.89,4985
86.04,4984
86.04,4983
86.04,4982
86.15,4981
88.65,4980
90.03,4979
90.06,4978
90.24,4977
90.28,4976
90.48,4975
90.52,4974
90.53,4973
90.55,4972
90.68,4971
90.71,4970
90.83,4969
90.83,4968
90.91,4967
94.07,4966
94.08,4965
94.08,4964
94.09,4963
94.10,4962
94.10,4961
94.16,4960
94.16,4959
94.26,4958
94.27,4957
94.59,4956
94.64,4955
94.71,4954
94.73,4953
94.76,4952
94.94,4951
101.25,4950
101.93,4949
102.09,4948
102.12,4947
102.41,4946
102.64,4945
102.71,4944
102.96,4943
103.02,4942
107.33,4941
107.34,4940
107.36,4939
107.37,4938
107.55,4937
110.17,4936
110.20,4935
110.21,4934
110.22,4933
110.76,4932
110.78,4931
110.79,4930
110.86,4929
110.88,4928
112.49,4927
113.57,4926
113.58,4925
114.41,4924
114.55,4923
114.62,4922
114.69,4921
115.33,4920
115.35,4919
122.55,4918
122.56,4917
122.63,4916
122.64,4915
123.09,4914
123.10,4913
123.29,4912
123.90,4911
129.88,4910
129.88,4909
130.05,4908
130.07,4907
130.08,4906
130.33,4905
131.76,4904
133.31,4903
134.53,4902
134.58,4901
135.73,4900
135.93,4899
135.96,4898
140.09,4897
141.58,4896
141.65,4895
141.85,4894
141.87,4893
143.17,4892
143.29,4891
143.32,4890
143.35,4889
143.41,4888
146.66,4887
152.91,4886
153.14,4885
155.84,4884
156.86,4883
157.43,4882
157.63,4881
159.28,4880
159.33,4879
159.38,4878
167.13,4877
167.14,4876
169.21,4875
169.25,4874
169.46,4873
170.26,4872
170.29,4871
170.40,4870
186.36,4869
186.45,4868
195.49,4867
197.16,4866
197.29,4865
197.39,4864
198.00,4863
198.10,4862
199.34,4861
199.46,4860
225.67,4859
241.28,4858
241.45,4857
252.12,4856
252.14,4855
252.17,4854
252.44,4853
256.58,4852
266.29,4851
266.29,4850
298.51,4849
299.96,4848
318.93,4847
346.29,4846
346.30,4845
346.44,4844
357.67,4843
357.68,4842
358.15,4841
358.41,4840
395.71,4839
470.36,4838
513.68,4837
544.84,4836
600.27,4835
