0.00,5942
0.29,5941
0.55,5940
0.92,5939
1.29,5938
1.45,5937
2.24,5936
2.76,5935
3.07,5934
3.38,5933
3.49,5932
4.00,5931
4.46,5930
5.49,5929
5.75,5928
6.00,5927
6.25,5926
6.81,5925
7.47,5924
7.73,5923
8.05,5922
8.21,5921
8.67,5920
9.69,5919
9.79,5918
9.90,5917
10.21,5916
10.67,5915
11.30,5914
11.40,5913
11.77,5912
11.92,5911
12.23,5910
12.54,5909
12.80,5908
13.38,5907
13.80,5906
14.16,5905
14.62,5904
14.93,5903
15.19,5902
15.35,5901
15.60,5900
15.76,5899
15.86,5898
16.02,5897
16.43,5896
16.58,5895
16.84,5894
17.14,5893
17.30,5892
17.65,5891
18.07,5890
18.32,5889
18.70,5888
19.11,5887
19.27,5886
19.68,5885
19.84,5884
19.95,5883
21.15,5882
21.53,5881
21.79,5880
22.32,5879
22.59,5878
22.80,5877
23.18,5876
23.56,5875
23.94,5874
24.63,5873
24.74,5872
25.17,5871
25.37,5870
25.84,5869
26.00,5868
26.10,5867
26.20,5866
26.31,5865
26.78,5864
26.99,5863
27.14,5862
27.25,5861
27.61,5860
27.71,5859
27.86,5858
28.17,5857
28.54,5856
28.81,5855
29.28,5854
29.54,5853
30.07,5852
30.17,5851
30.91,5850
31.02,5849
31.24,5848
31.50,5847
31.66,5846
32.07,5845
32.33,5844
32.58,5843
32.84,5842
33.36,5841
33.73,5840
34.33,5839
34.43,5838
34.64,5837
34.75,5836
35.11,5835
35.27,5834
35.94,5833
36.20,5832
36.42,5831
36.98,5830
37.54,5829
37.89,5828
38.21,5827
38.36,5826
38.68,5825
38.94,5824
39.15,5823
39.71,5822
39.86,5821
40.03,5820
40.23,5819
40.43,5818
40.74,5817
41.04,5816
41.60,5815
42.01,5814
42.26,5813
42.47,5812
42.62,5811
42.88,5810
43.61,5809
43.92,5808
44.28,5807
44.43,5806
44.74,5805
44.94,5804
45.04,5803
46.38,5802
46.79,5801
47.10,5800
47.42,5799
47.52,5798
47.63,5797
47.73,5796
48.00,5795
48.21,5794
48.31,5793
49.15,5792
49.32,5791
50.02,5790
50.12,5789
50.23,5788
50.49,5787
50.71,5786
50.87,5785
51.08,5784
51.24,5783
51.61,5782
51.92,5781
52.38,5780
52.69,5779
53.62,5778
54.36,5777
54.73,5776
55.08,5775
55.33,5774
55.58,5773
56.04,5772
56.14,5771
56.29,5770
56.44,5769
56.99,5768
57.55,5767
57.65,5766
58.57,5765
58.99,5764
59.45,5763
59.60,5762
59.81,5761
60.07,5760
60.63,5759
60.73,5758
61.24,5757
61.45,5756
61.71,5755
62.22,5754
62.53,5753
62.79,5752
63.35,5751
64.56,5750
64.77,5749
64.98,5748
65.56,5747
65.71,5746
65.82,5745
66.57,5744
66.67,5743
67.03,5742
67.63,5741
69.19,5740
69.60,5739
69.81,5738
70.27,5737
72.06,5736
72.26,5735
72.53,5734
73.03,5733
73.60,5732
73.86,5731
74.27,5730
74.58,5729
74.95,5728
75.32,5727
76.52,5726
77.20,5725
77.62,5724
77.93,5723
78.13,5722
78.80,5721
79.06,5720
79.26,5719
79.46,5718
79.83,5717
80.08,5716
80.19,5715
80.49,5714
81.27,5713
81.37,5712
82.71,5711
82.81,5710
83.18,5709
83.92,5708
84.28,5707
84.81,5706
85.17,5705
85.32,5704
85.62,5703
85.88,5702
86.19,5701
86.69,5700
86.95,5699
87.15,5698
87.51,5697
87.97,5696
88.64,5695
88.74,5694
89.41,5693
89.82,5692
89.93,5691
90.03,5690
90.14,5689
90.59,5688
91.61,5687
91.71,5686
92.08,5685
92.49,5684
92.65,5683
92.86,5682
93.22,5681
93.59,5680
93.95,5679
94.31,5678
94.58,5677
94.78,5676
94.99,5675
95.35,5674
95.46,5673
95.77,5672
95.87,5671
96.03,5670
96.23,5669
96.65,5668
96.86,5667
96.96,5666
97.26,5665
98.08,5664
99.39,5663
99.75,5662
100.17,5661
100.33,5660
100.43,5659
100.90,5658
101.20,5657
101.60,5656
101.88,5655
102.54,5654
102.64,5653
103.57,5652
103.72,5651
104.13,5650
104.49,5649
105.26,5648
105.36,5647
106.15,5646
106.25,5645
106.42,5644
106.69,5643
107.49,5642
108.72,5641
108.92,5640
109.29,5639
109.76,5638
110.12,5637
110.74,5636
111.01,5635
111.32,5634
111.47,5633
111.74,5632
112.20,5631
112.35,5630
112.61,5629
113.22,5628
113.68,5627
113.88,5626
114.43,5625
114.65,5624
114.98,5623
115.35,5622
115.71,5621
116.12,5620
116.63,5619
116.78,5618
117.14,5617
117.54,5616
118.15,5615
118.26,5614
118.56,5613
118.92,5612
119.70,5611
120.10,5610
120.30,5609
120.56,5608
121.19,5607
121.34,5606
121.50,5605
121.66,5604
121.92,5603
122.07,5602
122.49,5601
122.96,5600
123.53,5599
123.79,5598
124.15,5597
124.31,5596
124.46,5595
124.62,5594
125.09,5593
125.44,5592
125.59,5591
125.90,5590
126.01,5589
126.56,5588
127.33,5587
127.69,5586
127.79,5585
127.89,5584
128.00,5583
128.66,5582
128.76,5581
129.07,5580
129.37,5579
129.63,5578
130.29,5577
130.39,5576
130.80,5575
131.52,5574
131.78,5573
132.15,5572
132.36,5571
132.61,5570
133.34,5569
133.97,5568
134.22,5567
134.63,5566
134.73,5565
135.04,5564
135.72,5563
135.93,5562
136.03,5561
136.53,5560
137.20,5559
137.40,5558
137.50,5557
138.01,5556
138.26,5555
138.94,5554
139.04,5553
139.74,5552
140.09,5551
140.25,5550
140.45,5549
140.81,5548
140.96,5547
141.16,5546
141.42,5545
141.88,5544
142.49,5543
142.74,5542
143.05,5541
143.25,5540
144.42,5539
144.73,5538
144.99,5537
145.14,5536
145.29,5535
145.44,5534
145.54,5533
146.05,5532
146.31,5531
146.71,5530
146.97,5529
147.17,5528
147.27,5527
147.43,5526
147.78,5525
148.39,5524
148.59,5523
148.69,5522
149.51,5521
149.61,5520
149.76,5519
150.07,5518
150.17,5517
150.37,5516
150.62,5515
150.83,5514
151.50,5513
151.76,5512
151.87,5511
152.18,5510
152.43,5509
152.90,5508
153.87,5507
154.07,5506
154.48,5505
154.63,5504
154.83,5503
155.09,5502
156.68,5501
157.24,5500
157.44,5499
157.54,5498
157.79,5497
157.89,5496
158.65,5495
159.26,5494
159.56,5493
159.82,5492
160.27,5491
160.62,5490
160.87,5489
161.08,5488
161.48,5487
161.58,5486
161.69,5485
162.14,5484
162.45,5483
162.55,5482
162.85,5481
163.36,5480
163.46,5479
163.72,5478
164.48,5477
164.78,5476
165.09,5475
165.34,5474
165.80,5473
166.71,5472
166.97,5471
167.22,5470
167.72,5469
167.83,5468
168.09,5467
168.29,5466
168.39,5465
168.59,5464
169.13,5463
169.94,5462
170.40,5461
170.55,5460
170.90,5459
171.00,5458
171.10,5457
171.20,5456
171.30,5455
171.61,5454
171.82,5453
172.02,5452
172.62,5451
172.82,5450
172.92,5449
173.28,5448
173.38,5447
173.83,5446
174.18,5445
174.28,5444
174.53,5443
175.48,5442
175.68,5441
175.78,5440
175.88,5439
176.09,5438
176.55,5437
177.00,5436
177.10,5435
177.45,5434
177.55,5433
177.65,5432
178.21,5431
178.71,5430
178.86,5429
178.96,5428
179.58,5427
180.38,5426
180.93,5425
181.23,5424
181.33,5423
181.44,5422
181.80,5421
182.95,5420
183.15,5419
183.68,5418
183.84,5417
184.34,5416
184.50,5415
185.60,5414
185.95,5413
186.51,5412
186.71,5411
186.86,5410
186.96,5409
187.26,5408
187.56,5407
187.81,5406
187.91,5405
188.11,5404
188.46,5403
188.81,5402
189.06,5401
189.31,5400
189.56,5399
190.22,5398
191.17,5397
191.32,5396
191.43,5395
192.03,5394
192.43,5393
193.19,5392
193.85,5391
193.96,5390
194.11,5389
194.27,5388
194.84,5387
195.04,5386
195.15,5385
196.07,5384
196.74,5383
197.15,5382
197.31,5381
197.67,5380
197.97,5379
198.08,5378
198.58,5377
198.79,5376
199.29,5375
199.40,5374
199.50,5373
200.20,5372
200.36,5371
200.56,5370
201.21,5369
202.60,5368
202.86,5367
202.96,5366
203.06,5365
203.42,5364
203.89,5363
203.99,5362
204.55,5361
204.76,5360
204.86,5359
206.03,5358
206.29,5357
206.60,5356
207.46,5355
208.18,5354
208.85,5353
209.11,5352
209.26,5351
209.36,5350
209.93,5349
210.29,5348
210.45,5347
210.61,5346
210.87,5345
211.68,5344
212.24,5343
212.86,5342
213.02,5341
213.58,5340
213.73,5339
213.83,5338
213.98,5337
214.33,5336
214.44,5335
214.89,5334
215.19,5333
215.49,5332
215.64,5331
216.35,5330
216.50,5329
216.65,5328
217.11,5327
217.41,5326
217.66,5325
218.02,5324
218.37,5323
218.87,5322
218.97,5321
219.48,5320
219.79,5319
220.35,5318
220.61,5317
221.08,5316
221.95,5315
222.59,5314
223.05,5313
223.20,5312
223.30,5311
223.51,5310
223.97,5309
224.54,5308
224.65,5307
225.97,5306
226.72,5305
227.23,5304
227.54,5303
228.59,5302
228.85,5301
229.16,5300
229.51,5299
229.81,5298
230.22,5297
230.42,5296
231.04,5295
232.15,5294
232.51,5293
233.37,5292
233.82,5291
233.92,5290
234.18,5289
234.43,5288
234.53,5287
235.19,5286
235.44,5285
235.81,5284
235.96,5283
236.16,5282
236.36,5281
237.02,5280
237.12,5279
237.83,5278
238.08,5277
238.33,5276
238.94,5275
239.04,5274
239.29,5273
239.89,5272
240.24,5271
240.39,5270
240.64,5269
240.74,5268
241.04,5267
241.81,5266
242.07,5265
242.17,5264
242.58,5263
242.79,5262
243.04,5261
243.35,5260
243.87,5259
244.37,5258
244.48,5257
245.74,5256
246.25,5255
246.51,5254
246.66,5253
247.21,5252
247.58,5251
248.04,5250
248.14,5249
248.70,5248
249.10,5247
249.40,5246
249.50,5245
250.01,5244
250.61,5243
251.12,5242
252.28,5241
252.59,5240
252.79,5239
253.51,5238
253.98,5237
254.44,5236
254.79,5235
255.19,5234
255.65,5233
256.00,5232
257.31,5231
257.97,5230
258.17,5229
259.20,5228
259.71,5227
260.07,5226
260.32,5225
260.72,5224
261.03,5223
261.23,5222
261.33,5221
261.86,5220
262.21,5219
262.71,5218
263.22,5217
263.47,5216
263.67,5215
264.08,5214
264.28,5213
264.53,5212
265.94,5211
266.75,5210
266.90,5209
267.45,5208
267.75,5207
268.36,5206
268.56,5205
268.89,5204
269.50,5203
269.65,5202
270.22,5201
270.42,5200
271.14,5199
271.55,5198
271.96,5197
272.12,5196
273.05,5195
274.37,5194
274.47,5193
274.67,5192
275.18,5191
275.58,5190
276.03,5189
276.13,5188
276.79,5187
276.89,5186
277.20,5185
277.60,5184
278.16,5183
278.97,5182
279.57,5181
279.72,5180
280.52,5179
281.59,5178
281.69,5177
282.26,5176
282.36,5175
282.77,5174
283.29,5173
283.44,5172
283.54,5171
283.70,5170
283.95,5169
284.56,5168
284.97,5167
285.12,5166
285.32,5165
285.52,5164
285.72,5163
286.07,5162
286.22,5161
286.47,5160
286.77,5159
287.12,5158
287.88,5157
288.24,5156
288.95,5155
289.30,5154
289.99,5153
290.70,5152
290.92,5151
291.60,5150
291.70,5149
291.81,5148
291.96,5147
292.06,5146
293.02,5145
293.38,5144
293.98,5143
294.39,5142
294.49,5141
294.64,5140
294.84,5139
295.24,5138
295.54,5137
296.14,5136
296.75,5135
296.95,5134
297.60,5133
297.71,5132
298.42,5131
298.68,5130
298.99,5129
299.14,5128
299.24,5127
299.50,5126
299.60,5125
299.71,5124
300.08,5123
300.18,5122
300.39,5121
300.54,5120
300.65,5119
300.85,5118
301.00,5117
301.65,5116
302.44,5115
302.79,5114
302.89,5113
303.97,5112
305.08,5111
305.54,5110
306.10,5109
306.20,5108
306.85,5107
307.01,5106
307.36,5105
307.51,5104
307.61,5103
307.86,5102
308.11,5101
308.27,5100
308.37,5099
308.64,5098
308.79,5097
310.34,5096
310.44,5095
310.59,5094
311.02,5093
311.91,5092
312.01,5091
312.46,5090
313.01,5089
313.11,5088
313.26,5087
313.41,5086
313.56,5085
314.52,5084
314.87,5083
314.97,5082
315.28,5081
315.44,5080
316.31,5079
316.52,5078
316.77,5077
317.13,5076
317.24,5075
317.54,5074
317.65,5073
317.80,5072
317.90,5071
318.06,5070
318.91,5069
319.11,5068
319.56,5067
319.81,5066
320.86,5065
321.41,5064
321.51,5063
322.13,5062
323.03,5061
323.59,5060
323.74,5059
323.95,5058
326.40,5057
326.55,5056
327.40,5055
328.52,5054
328.87,5053
329.97,5052
330.37,5051
331.22,5050
332.37,5049
332.47,5048
332.62,5047
332.77,5046
332.97,5045
334.17,5044
334.78,5043
334.88,5042
335.09,5041
335.68,5040
335.94,5039
336.04,5038
336.45,5037
336.71,5036
337.22,5035
338.80,5034
339.96,5033
340.55,5032
340.70,5031
340.80,5030
341.26,5029
342.03,5028
342.18,5027
342.59,5026
343.00,5025
344.06,5024
344.21,5023
344.51,5022
346.02,5021
346.47,5020
347.48,5019
347.78,5018
348.24,5017
348.49,5016
348.69,5015
349.72,5014
