0.15,8360
0.15,8359
0.16,8358
0.16,8357
0.16,8356
0.16,8355
0.16,8354
0.16,8353
0.16,8352
0.16,8351
0.16,8350
0.16,8349
0.16,8348
0.16,8347
0.16,8346
0.16,8345
0.16,8344
0.16,8343
0.16,8342
0.16,8341
0.16,8340
0.16,8339
0.16,8338
0.16,8337
0.17,8336
0.17,8335
0.17,8334
0.17,8333
0.17,8332
0.17,8331
0.17,8330
0.17,8329
0.17,8328
0.17,8327
0.17,8326
0.17,8325
0.17,8324
0.17,8323
0.17,8322
0.17,8321
0.17,8320
0.17,8319
0.17,8318
0.17,8317
0.18,8316
0.18,8315
0.18,8314
0.18,8313
0.18,8312
0.18,8311
0.18,8310
0.18,8309
0.18,8308
0.18,8307
0.18,8306
0.18,8305
0.18,8304
0.18,8303
0.18,8302
0.18,8301
0.18,8300
0.18,8299
0.18,8298
0.18,8297
0.18,8296
0.18,8295
0.18,8294
0.18,8293
0.18,8292
0.19,8291
0.19,8290
0.19,8289
0.19,8288
0.19,8287
0.19,8286
0.19,8285
0.19,8284
0.19,8283
0.19,8282
0.19,8281
0.19,8280
0.19,8279
0.19,8278
0.19,8277
0.19,8276
0.19,8275
0.20,8274
0.20,8273
0.20,8272
0.20,8271
0.20,8270
0.20,8269
0.20,8268
0.20,8267
0.20,8266
0.20,8265
0.20,8264
0.20,8263
0.20,8262
0.21,8261
0.21,8260
0.21,8259
0.21,8258
0.21,8257
0.21,8256
0.21,8255
0.21,8254
0.21,8253
0.21,8252
0.21,8251
0.21,8250
0.21,8249
0.21,8248
0.21,8247
0.21,8246
0.21,8245
0.21,8244
0.21,8243
0.21,8242
0.22,8241
0.22,8240
0.22,8239
0.22,8238
0.22,8237
0.22,8236
0.22,8235
0.22,8234
0.22,8233
0.22,8232
0.22,8231
0.22,8230
0.22,8229
0.22,8228
0.22,8227
0.23,8226
0.23,8225
0.23,8224
0.23,8223
0.23,8222
0.23,8221
0.23,8220
0.23,8219
0.23,8218
0.23,8217
0.23,8216
0.23,8215
0.23,8214
0.23,8213
0.24,8212
0.24,8211
0.24,8210
0.24,8209
0.24,8208
0.24,8207
0.24,8206
0.24,8205
0.24,8204
0.24,8203
0.24,8202
0.24,8201
0.24,8200
0.24,8199
0.24,8198
0.24,8197
0.25,8196
0.25,8195
0.25,8194
0.25,8193
0.25,8192
0.25,8191
0.25,8190
0.25,8189
0.25,8188
0.25,8187
0.25,8186
0.25,8185
0.26,8184
0.26,8183
0.26,8182
0.26,8181
0.26,8180
0.26,8179
0.26,8178
0.26,8177
0.26,8176
0.26,8175
0.26,8174
0.27,8173
0.27,8172
0.27,8171
0.27,8170
0.27,8169
0.27,8168
0.27,8167
0.27,8166
0.27,8165
0.27,8164
0.27,8163
0.28,8162
0.28,8161
0.28,8160
0.28,8159
0.28,8158
0.28,8157
0.28,8156
0.28,8155
0.28,8154
0.28,8153
0.28,8152
0.28,8151
0.28,8150
0.28,8149
0.28,8148
0.29,8147
0.29,8146
0.29,8145
0.29,8144
0.29,8143
0.29,8142
0.29,8141
0.29,8140
0.29,8139
0.29,8138
0.30,8137
0.30,8136
0.30,8135
0.30,8134
0.30,8133
0.30,8132
0.30,8131
0.30,8130
0.30,8129
0.30,8128
0.30,8127
0.31,8126
0.31,8125
0.31,8124
0.31,8123
0.31,8122
0.31,8121
0.31,8120
0.31,8119
0.32,8118
0.32,8117
0.32,8116
0.32,8115
0.32,8114
0.32,8113
0.32,8112
0.32,8111
0.32,8110
0.32,8109
0.32,8108
0.32,8107
0.32,8106
0.32,8105
0.33,8104
0.33,8103
0.33,8102
0.33,8101
0.33,8100
0.33,8099
0.33,8098
0.33,8097
0.33,8096
0.33,8095
0.33,8094
0.33,8093
0.33,8092
0.33,8091
0.33,8090
0.33,8089
0.33,8088
0.33,8087
0.33,8086
0.33,8085
0.33,8084
0.33,8083
0.33,8082
0.33,8081
0.34,8080
0.34,8079
0.34,8078
0.34,8077
0.34,8076
0.35,8075
0.35,8074
0.35,8073
0.35,8072
0.35,8071
0.35,8070
0.35,8069
0.35,8068
0.35,8067
0.35,8066
0.35,8065
0.35,8064
0.35,8063
0.35,8062
0.35,8061
0.35,8060
0.35,8059
0.35,8058
0.35,8057
0.36,8056
0.36,8055
0.36,8054
0.36,8053
0.36,8052
0.36,8051
0.36,8050
0.36,8049
0.36,8048
0.36,8047
0.36,8046
0.36,8045
0.36,8044
0.37,8043
0.37,8042
0.37,8041
0.37,8040
0.37,8039
0.37,8038
0.37,8037
0.37,8036
0.37,8035
0.37,8034
0.37,8033
0.38,8032
0.38,8031
0.38,8030
0.38,8029
0.38,8028
0.38,8027
0.38,8026
0.38,8025
0.39,8024
0.39,8023
0.39,8022
0.39,8021
0.39,8020
0.39,8019
0.39,8018
0.39,8017
0.39,8016
0.39,8015
0.39,8014
0.39,8013
0.40,8012
0.40,8011
0.40,8010
0.40,8009
0.40,8008
0.41,8007
0.41,8006
0.41,8005
0.41,8004
0.41,8003
0.41,8002
0.41,8001
0.41,8000
0.41,7999
0.41,7998
0.41,7997
0.41,7996
0.41,7995
0.41,7994
0.41,7993
0.42,7992
0.42,7991
0.42,7990
0.42,7989
0.42,7988
0.42,7987
0.42,7986
0.42,7985
0.42,7984
0.42,7983
0.42,7982
0.42,7981
0.43,7980
0.43,7979
0.43,7978
0.43,7977
0.43,7976
0.43,7975
0.43,7974
0.43,7973
0.44,7972
0.44,7971
0.44,7970
0.44,7969
0.44,7968
0.45,7967
0.45,7966
0.45,7965
0.45,7964
0.45,7963
0.45,7962
0.45,7961
0.45,7960
0.45,7959
0.45,7958
0.45,7957
0.45,7956
0.46,7955
0.46,7954
0.46,7953
0.46,7952
0.46,7951
0.46,7950
0.46,7949
0.47,7948
0.47,7947
0.47,7946
0.47,7945
0.47,7944
0.47,7943
0.47,7942
0.47,7941
0.47,7940
0.47,7939
0.47,7938
0.47,7937
0.47,7936
0.47,7935
0.48,7934
0.48,7933
0.48,7932
0.48,7931
0.49,7930
0.50,7929
0.50,7928
0.50,7927
0.50,7926
0.50,7925
0.50,7924
0.50,7923
0.50,7922
0.50,7921
0.50,7920
0.50,7919
0.50,7918
0.51,7917
0.51,7916
0.51,7915
0.51,7914
0.51,7913
0.51,7912
0.51,7911
0.51,7910
0.51,7909
0.51,7908
0.51,7907
0.51,7906
0.51,7905
0.51,7904
0.51,7903
0.51,7902
0.51,7901
0.52,7900
0.52,7899
0.52,7898
0.52,7897
0.52,7896
0.52,7895
0.52,7894
0.53,7893
0.53,7892
0.53,7891
0.53,7890
0.53,7889
0.54,7888
0.54,7887
0.54,7886
0.54,7885
0.54,7884
0.54,7883
0.54,7882
0.54,7881
0.54,7880
0.54,7879
0.54,7878
0.55,7877
0.55,7876
0.55,7875
0.55,7874
0.56,7873
0.56,7872
0.56,7871
0.56,7870
0.56,7869
0.57,7868
0.57,7867
0.57,7866
0.57,7865
0.57,7864
0.57,7863
0.57,7862
0.57,7861
0.57,7860
0.58,7859
0.58,7858
0.58,7857
0.58,7856
0.58,7855
0.58,7854
0.58,7853
0.58,7852
0.58,7851
0.58,7850
0.61,7849
0.61,7848
0.61,7847
0.61,7846
0.61,7845
0.61,7844
0.61,7843
0.61,7842
0.62,7841
0.62,7840
0.63,7839
0.63,7838
0.63,7837
0.63,7836
0.64,7835
0.64,7834
0.64,7833
0.64,7832
0.64,7831
0.64,7830
0.64,7829
0.64,7828
0.64,7827
0.64,7826
0.64,7825
0.64,7824
0.64,7823
0.64,7822
0.64,7821
0.64,7820
0.64,7819
0.64,7818
0.64,7817
0.64,7816
0.64,7815
0.64,7814
0.65,7813
0.65,7812
0.65,7811
0.66,7810
0.66,7809
0.66,7808
0.66,7807
0.66,7806
0.66,7805
0.66,7804
0.67,7803
0.67,7802
0.68,7801
0.68,7800
0.68,7799
0.68,7798
0.68,7797
0.69,7796
0.69,7795
0.69,7794
0.69,7793
0.69,7792
0.69,7791
0.69,7790
0.72,7789
0.72,7788
0.72,7787
0.72,7786
0.72,7785
0.72,7784
0.72,7783
0.72,7782
0.72,7781
0.72,7780
0.73,7779
0.73,7778
0.73,7777
0.73,7776
0.73,7775
0.73,7774
0.75,7773
0.75,7772
0.75,7771
0.75,7770
0.76,7769
0.76,7768
0.76,7767
0.79,7766
0.79,7765
0.79,7764
0.79,7763
0.79,7762
0.79,7761
0.79,7760
0.79,7759
0.79,7758
0.79,7757
0.79,7756
0.81,7755
0.81,7754
0.81,7753
0.81,7752
0.81,7751
0.81,7750
0.81,7749
0.81,7748
0.81,7747
0.82,7746
0.82,7745
0.82,7744
0.82,7743
0.82,7742
0.82,7741
0.82,7740
0.82,7739
0.83,7738
0.83,7737
0.83,7736
0.83,7735
0.84,7734
0.84,7733
0.84,7732
0.84,7731
0.84,7730
0.84,7729
0.84,7728
0.84,7727
0.84,7726
0.84,7725
0.84,7724
0.84,7723
0.84,7722
0.84,7721
0.86,7720
0.86,7719
0.86,7718
0.86,7717
0.86,7716
0.86,7715
0.87,7714
0.87,7713
0.87,7712
0.88,7711
0.89,7710
0.89,7709
0.89,7708
0.89,7707
0.90,7706
0.90,7705
0.91,7704
0.91,7703
0.91,7702
0.91,7701
0.92,7700
0.92,7699
0.92,7698
0.92,7697
0.92,7696
0.92,7695
0.92,7694
0.92,7693
0.93,7692
0.93,7691
0.93,7690
0.93,7689
0.93,7688
0.93,7687
0.93,7686
0.95,7685
0.95,7684
0.95,7683
0.95,7682
0.95,7681
0.95,7680
0.95,7679
0.96,7678
0.96,7677
0.96,7676
0.96,7675
0.96,7674
0.96,7673
0.96,7672
0.96,7671
0.97,7670
0.97,7669
0.97,7668
0.97,7667
0.97,7666
0.97,7665
0.97,7664
0.97,7663
0.97,7662
0.97,7661
0.97,7660
0.97,7659
0.97,7658
0.97,7657
0.97,7656
0.98,7655
0.98,7654
0.98,7653
0.99,7652
0.99,7651
0.99,7650
0.99,7649
0.99,7648
1.00,7647
1.00,7646
1.00,7645
1.00,7644
1.00,7643
1.00,7642
1.01,7641
1.01,7640
1.01,7639
1.01,7638
1.01,7637
1.01,7636
1.02,7635
1.02,7634
1.02,7633
1.02,7632
1.02,7631
1.04,7630
1.04,7629
1.05,7628
1.05,7627
1.05,7626
1.05,7625
1.05,7624
1.05,7623
1.05,7622
1.05,7621
1.05,7620
1.05,7619
1.06,7618
1.06,7617
1.06,7616
1.06,7615
1.08,7614
1.08,7613
1.11,7612
1.11,7611
1.11,7610
1.12,7609
1.12,7608
1.12,7607
1.12,7606
1.14,7605
1.17,7604
1.17,7603
1.17,7602
1.17,7601
1.17,7600
1.18,7599
1.18,7598
1.18,7597
1.18,7596
1.18,7595
1.19,7594
1.20,7593
1.20,7592
1.22,7591
1.22,7590
1.22,7589
1.22,7588
1.22,7587
1.22,7586
1.22,7585
1.23,7584
1.23,7583
1.24,7582
1.24,7581
1.24,7580
1.24,7579
1.28,7578
1.28,7577
1.29,7576
1.29,7575
1.29,7574
1.29,7573
1.29,7572
1.29,7571
1.29,7570
1.31,7569
1.31,7568
1.31,7567
1.33,7566
1.33,7565
1.34,7564
1.34,7563
1.38,7562
1.38,7561
1.38,7560
1.38,7559
1.38,7558
1.38,7557
1.38,7556
1.38,7555
1.39,7554
1.39,7553
1.41,7552
1.43,7551
1.43,7550
1.43,7549
1.43,7548
1.43,7547
1.43,7546
1.43,7545
1.52,7544
1.53,7543
1.53,7542
1.53,7541
1.53,7540
1.64,7539
1.64,7538
1.64,7537
1.64,7536
1.64,7535
1.64,7534
1.64,7533
1.65,7532
1.65,7531
1.65,7530
1.65,7529
1.68,7528
1.68,7527
1.68,7526
1.68,7525
1.69,7524
1.69,7523
1.70,7522
1.70,7521
1.70,7520
1.70,7519
1.70,7518
1.70,7517
1.70,7516
1.70,7515
1.70,7514
1.71,7513
1.71,7512
1.71,7511
1.72,7510
1.72,7509
1.72,7508
1.72,7507
1.72,7506
1.72,7505
1.73,7504
1.73,7503
1.73,7502
1.73,7501
1.73,7500
1.74,7499
1.75,7498
1.75,7497
1.75,7496
1.75,7495
1.77,7494
1.77,7493
1.77,7492
1.80,7491
1.80,7490
1.80,7489
1.80,7488
1.80,7487
1.80,7486
1.82,7485
1.82,7484
1.82,7483
1.83,7482
1.83,7481
1.83,7480
1.83,7479
1.83,7478
1.83,7477
1.85,7476
1.85,7475
1.85,7474
1.85,7473
1.85,7472
1.85,7471
1.98,7470
1.98,7469
1.98,7468
1.99,7467
1.99,7466
1.99,7465
2.00,7464
2.00,7463
2.00,7462
2.00,7461
2.07,7460
2.07,7459
2.07,7458
2.07,7457
2.07,7456
2.07,7455
2.08,7454
2.08,7453
2.08,7452
2.08,7451
2.08,7450
2.08,7449
2.18,7448
2.20,7447
2.20,7446
2.20,7445
2.20,7444
2.20,7443
2.20,7442
2.20,7441
2.20,7440
2.21,7439
2.21,7438
2.21,7437
2.21,7436
2.21,7435
2.21,7434
2.22,7433
2.22,7432
2.32,7431
2.32,7430
2.32,7429
2.37,7428
2.39,7427
2.39,7426
2.39,7425
2.45,7424
2.45,7423
2.45,7422
2.45,7421
2.50,7420
2.50,7419
2.50,7418
2.50,7417
2.53,7416
2.53,7415
2.53,7414
2.53,7413
2.53,7412
2.53,7411
2.53,7410
2.53,7409
2.53,7408
2.53,7407
2.54,7406
2.54,7405
2.54,7404
2.54,7403
2.54,7402
2.60,7401
2.60,7400
2.60,7399
2.60,7398
2.60,7397
2.60,7396
2.60,7395
2.60,7394
2.63,7393
2.64,7392
2.69,7391
2.75,7390
2.75,7389
2.75,7388
2.75,7387
2.76,7386
2.76,7385
2.82,7384
2.82,7383
2.82,7382
2.82,7381
2.82,7380
2.83,7379
2.83,7378
2.83,7377
2.83,7376
2.83,7375
2.84,7374
2.84,7373
2.84,7372
2.84,7371
2.85,7370
2.87,7369
2.90,7368
2.90,7367
2.90,7366
2.94,7365
2.94,7364
2.94,7363
2.95,7362
2.95,7361
2.96,7360
2.96,7359
2.98,7358
2.98,7357
2.98,7356
3.00,7355
3.00,7354
3.00,7353
3.00,7352
3.01,7351
3.01,7350
3.01,7349
3.03,7348
3.03,7347
3.03,7346
3.20,7345
3.20,7344
3.20,7343
3.27,7342
3.27,7341
3.27,7340
3.27,7339
3.27,7338
3.28,7337
3.29,7336
3.29,7335
3.29,7334
3.29,7333
3.29,7332
3.29,7331
3.30,7330
3.30,7329
3.34,7328
3.37,7327
3.37,7326
3.61,7325
3.62,7324
3.62,7323
3.62,7322
3.62,7321
3.62,7320
3.62,7319
3.62,7318
3.62,7317
3.63,7316
3.63,7315
3.64,7314
3.64,7313
3.64,7312
3.65,7311
3.65,7310
3.65,7309
3.86,7308
3.86,7307
3.86,7306
3.86,7305
3.87,7304
3.87,7303
3.87,7302
3.88,7301
5.40,7300
5.48,7299
5.48,7298
5.48,7297
5.49,7296
5.50,7295
5.72,7294
5.75,7293
5.77,7292
5.77,7291
5.77,7290
5.77,7289
5.80,7288
5.80,7287
5.80,7286
5.80,7285
5.82,7284
5.82,7283
5.83,7282
5.83,7281
5.83,7280
5.83,7279
5.84,7278
5.91,7277
5.91,7276
5.91,7275
6.02,7274
6.03,7273
6.03,7272
6.09,7271
6.09,7270
6.09,7269
6.09,7268
6.10,7267
6.11,7266
6.11,7265
6.11,7264
6.11,7263
6.12,7262
6.13,7261
6.13,7260
6.17,7259
6.17,7258
6.21,7257
6.22,7256
6.22,7255
6.22,7254
6.25,7253
6.25,7252
6.25,7251
6.26,7250
6.27,7249
6.27,7248
6.27,7247
6.30,7246
6.30,7245
6.30,7244
6.30,7243
6.30,7242
6.31,7241
6.31,7240
6.32,7239
6.33,7238
6.33,7237
6.33,7236
6.33,7235
6.33,7234
6.33,7233
6.33,7232
6.34,7231
6.91,7230
6.91,7229
6.91,7228
6.91,7227
6.91,7226
6.92,7225
6.92,7224
6.93,7223
6.93,7222
6.93,7221
6.93,7220
6.93,7219
6.93,7218
6.94,7217
6.94,7216
6.94,7215
6.95,7214
7.02,7213
7.02,7212
7.04,7211
7.04,7210
7.04,7209
7.04,7208
7.04,7207
7.07,7206
7.09,7205
7.09,7204
7.09,7203
7.09,7202
7.09,7201
91.01,7200
91.01,7199
91.01,7198
91.24,7197
91.24,7196
91.24,7195
91.25,7194
91.25,7193
91.26,7192
91.26,7191
91.29,7190
91.29,7189
91.29,7188
91.29,7187
91.29,7186
91.29,7185
91.29,7184
91.30,7183
91.33,7182
91.33,7181
91.33,7180
91.33,7179
91.56,7178
91.57,7177
91.57,7176
91.57,7175
91.57,7174
91.57,7173
91.58,7172
91.58,7171
91.58,7170
91.58,7169
91.59,7168
91.59,7167
91.59,7166
91.59,7165
91.59,7164
91.59,7163
91.59,7162
91.59,7161
91.59,7160
91.59,7159
91.60,7158
91.60,7157
91.60,7156
91.60,7155
91.60,7154
91.73,7153
91.73,7152
91.73,7151
91.74,7150
91.74,7149
91.74,7148
91.74,7147
91.74,7146
91.75,7145
91.75,7144
91.76,7143
93.58,7142
95.50,7141
95.51,7140
95.51,7139
95.51,7138
95.51,7137
95.51,7136
95.51,7135
95.52,7134
95.52,7133
95.54,7132
95.54,7131
95.54,7130
95.55,7129
95.56,7128
95.62,7127
95.68,7126
95.73,7125
99.22,7124
99.29,7123
99.29,7122
99.29,7121
99.29,7120
99.29,7119
99.29,7118
99.29,7117
99.29,7116
99.29,7115
99.30,7114
99.34,7113
99.34,7112
99.34,7111
99.34,7110
99.35,7109
99.35,7108
99.37,7107
99.39,7106
99.39,7105
99.40,7104
99.40,7103
99.40,7102
99.40,7101
99.40,7100
99.40,7099
99.41,7098
99.41,7097
99.41,7096
99.41,7095
99.42,7094
99.42,7093
99.42,7092
99.42,7091
99.42,7090
99.42,7089
99.43,7088
99.45,7087
99.45,7086
99.45,7085
99.45,7084
99.48,7083
99.48,7082
99.49,7081
99.50,7080
99.50,7079
99.50,7078
99.51,7077
99.51,7076
99.51,7075
99.55,7074
99.56,7073
99.56,7072
99.56,7071
99.58,7070
99.58,7069
99.60,7068
99.60,7067
99.60,7066
99.62,7065
99.62,7064
99.64,7063
99.64,7062
99.64,7061
99.64,7060
99.65,7059
99.65,7058
99.67,7057
99.67,7056
99.72,7055
99.73,7054
99.73,7053
99.73,7052
99.73,7051
101.20,7050
101.20,7049
101.20,7048
101.20,7047
101.78,7046
101.78,7045
101.78,7044
102.52,7043
102.55,7042
102.55,7041
102.55,7040
102.55,7039
103.45,7038
103.46,7037
103.46,7036
103.48,7035
103.48,7034
104.67,7033
104.67,7032
104.70,7031
104.70,7030
104.70,7029
104.70,7028
104.76,7027
104.76,7026
104.82,7025
106.20,7024
106.20,7023
106.20,7022
106.28,7021
106.29,7020
106.33,7019
106.33,7018
106.34,7017
106.34,7016
106.34,7015
106.34,7014
106.35,7013
106.35,7012
106.35,7011
106.35,7010
106.35,7009
106.35,7008
106.45,7007
106.46,7006
106.46,7005
106.46,7004
106.47,7003
106.47,7002
106.47,7001
106.53,7000
106.53,6999
106.54,6998
106.54,6997
106.54,6996
106.54,6995
106.54,6994
106.54,6993
106.69,6992
106.69,6991
106.69,6990
106.69,6989
106.69,6988
106.70,6987
106.70,6986
106.70,6985
106.71,6984
106.71,6983
106.75,6982
106.75,6981
106.75,6980
106.75,6979
106.76,6978
106.76,6977
106.76,6976
106.76,6975
106.77,6974
106.77,6973
106.77,6972
106.77,6971
106.78,6970
106.99,6969
106.99,6968
106.99,6967
106.99,6966
107.12,6965
107.12,6964
107.12,6963
107.12,6962
107.12,6961
107.12,6960
107.12,6959
107.12,6958
107.13,6957
107.13,6956
107.15,6955
107.15,6954
107.18,6953
107.20,6952
107.20,6951
107.24,6950
107.34,6949
107.35,6948
107.35,6947
107.36,6946
108.40,6945
109.16,6944
109.16,6943
109.16,6942
109.16,6941
109.16,6940
109.16,6939
109.16,6938
109.16,6937
109.16,6936
109.20,6935
109.20,6934
109.20,6933
109.21,6932
109.22,6931
109.22,6930
109.22,6929
109.23,6928
109.23,6927
109.23,6926
109.23,6925
109.23,6924
109.23,6923
109.24,6922
109.24,6921
109.24,6920
109.24,6919
109.30,6918
109.30,6917
109.30,6916
109.30,6915
109.32,6914
109.32,6913
109.32,6912
109.33,6911
109.35,6910
109.35,6909
109.35,6908
109.36,6907
109.38,6906
109.41,6905
109.41,6904
109.41,6903
109.42,6902
109.42,6901
109.44,6900
109.44,6899
109.44,6898
109.44,6897
109.47,6896
109.47,6895
110.80,6894
110.81,6893
110.81,6892
110.81,6891
110.81,6890
110.81,6889
110.81,6888
110.81,6887
110.81,6886
110.81,6885
110.82,6884
110.82,6883
110.82,6882
110.87,6881
110.87,6880
110.88,6879
110.88,6878
111.15,6877
111.15,6876
111.16,6875
111.16,6874
111.16,6873
111.16,6872
111.16,6871
111.16,6870
111.16,6869
111.16,6868
111.16,6867
111.56,6866
111.57,6865
111.58,6864
111.58,6863
111.59,6862
111.59,6861
111.59,6860
111.59,6859
111.59,6858
111.65,6857
111.72,6856
111.72,6855
111.73,6854
111.73,6853
111.73,6852
111.73,6851
111.73,6850
111.74,6849
111.74,6848
111.76,6847
112.32,6846
112.34,6845
112.43,6844
112.43,6843
112.43,6842
112.45,6841
112.45,6840
112.68,6839
112.68,6838
112.69,6837
112.69,6836
112.71,6835
112.71,6834
112.72,6833
112.72,6832
112.73,6831
112.74,6830
112.74,6829
112.74,6828
112.74,6827
112.74,6826
112.99,6825
112.99,6824
113.03,6823
113.03,6822
113.08,6821
113.08,6820
113.08,6819
113.08,6818
113.08,6817
113.08,6816
113.09,6815
113.10,6814
113.10,6813
113.11,6812
113.11,6811
113.11,6810
113.12,6809
113.20,6808
113.21,6807
113.21,6806
113.21,6805
113.22,6804
113.23,6803
113.24,6802
113.24,6801
113.24,6800
113.24,6799
113.24,6798
113.24,6797
113.26,6796
113.26,6795
113.26,6794
113.27,6793
113.28,6792
113.29,6791
113.29,6790
113.29,6789
113.29,6788
113.29,6787
113.29,6786
113.29,6785
113.87,6784
113.87,6783
113.87,6782
113.87,6781
113.87,6780
113.87,6779
113.87,6778
113.87,6777
113.87,6776
113.87,6775
113.88,6774
113.91,6773
113.95,6772
113.95,6771
113.95,6770
113.95,6769
114.07,6768
114.07,6767
114.07,6766
114.19,6765
114.21,6764
114.21,6763
114.21,6762
114.21,6761
114.21,6760
114.21,6759
114.21,6758
114.22,6757
114.22,6756
114.22,6755
114.24,6754
114.24,6753
114.24,6752
114.24,6751
114.24,6750
114.24,6749
114.24,6748
114.24,6747
114.25,6746
114.25,6745
114.27,6744
114.27,6743
114.27,6742
114.27,6741
114.27,6740
114.27,6739
114.28,6738
114.28,6737
114.28,6736
114.32,6735
114.32,6734
114.36,6733
114.52,6732
114.53,6731
114.53,6730
114.53,6729
114.54,6728
114.54,6727
114.54,6726
114.54,6725
114.54,6724
114.54,6723
114.55,6722
114.55,6721
114.56,6720
114.57,6719
114.57,6718
114.57,6717
114.57,6716
114.57,6715
114.57,6714
114.57,6713
114.57,6712
114.58,6711
114.58,6710
114.58,6709
114.58,6708
114.58,6707
114.65,6706
114.65,6705
114.65,6704
114.66,6703
114.67,6702
114.67,6701
114.67,6700
114.78,6699
114.78,6698
114.78,6697
114.78,6696
114.78,6695
114.78,6694
114.78,6693
114.94,6692
114.94,6691
114.94,6690
114.96,6689
114.97,6688
114.98,6687
114.99,6686
114.99,6685
115.00,6684
115.02,6683
115.02,6682
115.03,6681
115.03,6680
115.03,6679
115.03,6678
115.03,6677
115.04,6676
115.04,6675
115.11,6674
115.11,6673
115.12,6672
115.12,6671
115.12,6670
115.14,6669
115.14,6668
115.15,6667
115.15,6666
115.15,6665
115.16,6664
115.16,6663
115.16,6662
115.20,6661
115.20,6660
115.23,6659
115.23,6658
115.25,6657
115.25,6656
115.27,6655
115.27,6654
115.28,6653
115.28,6652
115.29,6651
115.30,6650
115.30,6649
115.30,6648
115.30,6647
115.32,6646
115.41,6645
115.41,6644
115.49,6643
115.57,6642
115.57,6641
115.61,6640
115.61,6639
115.61,6638
115.62,6637
115.63,6636
115.64,6635
115.64,6634
115.64,6633
115.65,6632
115.66,6631
115.66,6630
115.66,6629
115.66,6628
115.67,6627
115.67,6626
115.68,6625
115.69,6624
115.69,6623
115.70,6622
115.70,6621
115.70,6620
115.71,6619
115.85,6618
115.88,6617
115.88,6616
115.88,6615
115.88,6614
115.88,6613
115.88,6612
115.94,6611
115.94,6610
115.95,6609
115.96,6608
115.96,6607
115.96,6606
115.97,6605
115.97,6604
115.97,6603
115.97,6602
115.97,6601
115.97,6600
115.97,6599
115.98,6598
115.98,6597
116.00,6596
116.00,6595
116.00,6594
116.00,6593
116.00,6592
116.42,6591
116.43,6590
116.43,6589
116.43,6588
116.43,6587
116.65,6586
116.66,6585
116.66,6584
116.66,6583
116.67,6582
116.68,6581
116.69,6580
116.69,6579
116.70,6578
116.95,6577
116.99,6576
117.00,6575
117.01,6574
117.06,6573
117.07,6572
117.08,6571
117.09,6570
117.09,6569
117.09,6568
117.09,6567
117.09,6566
117.09,6565
117.10,6564
117.10,6563
117.32,6562
117.32,6561
117.32,6560
117.32,6559
117.33,6558
117.34,6557
117.34,6556
117.34,6555
117.34,6554
117.34,6553
117.34,6552
117.41,6551
117.41,6550
117.41,6549
117.52,6548
118.32,6547
118.32,6546
118.32,6545
118.32,6544
118.33,6543
118.46,6542
118.46,6541
118.46,6540
118.46,6539
118.46,6538
118.47,6537
118.48,6536
118.48,6535
118.49,6534
118.50,6533
118.57,6532
118.60,6531
118.60,6530
118.62,6529
118.63,6528
118.63,6527
118.63,6526
118.64,6525
118.64,6524
118.65,6523
118.66,6522
118.66,6521
118.68,6520
118.68,6519
118.71,6518
118.71,6517
118.72,6516
118.72,6515
118.72,6514
118.72,6513
118.72,6512
118.73,6511
118.73,6510
118.74,6509
118.74,6508
118.75,6507
118.75,6506
118.75,6505
118.75,6504
118.77,6503
118.77,6502
118.77,6501
118.90,6500
118.90,6499
118.90,6498
118.91,6497
118.91,6496
118.91,6495
118.91,6494
118.91,6493
118.92,6492
118.93,6491
118.93,6490
118.93,6489
118.94,6488
119.69,6487
119.71,6486
119.71,6485
119.71,6484
119.71,6483
119.71,6482
119.71,6481
119.71,6480
119.73,6479
119.73,6478
119.73,6477
119.90,6476
119.90,6475
119.90,6474
119.94,6473
119.94,6472
119.94,6471
119.94,6470
119.95,6469
119.95,6468
119.95,6467
119.95,6466
119.97,6465
119.97,6464
119.97,6463
119.98,6462
120.06,6461
120.12,6460
120.14,6459
120.16,6458
120.16,6457
120.17,6456
120.17,6455
120.17,6454
120.23,6453
120.24,6452
120.25,6451
120.27,6450
120.27,6449
120.28,6448
120.28,6447
120.33,6446
120.34,6445
120.34,6444
120.34,6443
120.35,6442
120.35,6441
120.35,6440
120.37,6439
120.38,6438
120.38,6437
120.40,6436
120.42,6435
120.46,6434
120.48,6433
120.48,6432
120.48,6431
120.50,6430
120.50,6429
120.58,6428
120.58,6427
120.58,6426
120.59,6425
120.59,6424
120.60,6423
120.60,6422
120.62,6421
120.63,6420
120.63,6419
120.63,6418
120.66,6417
120.66,6416
120.66,6415
120.75,6414
120.82,6413
120.83,6412
121.16,6411
121.16,6410
121.16,6409
121.16,6408
121.17,6407
121.17,6406
121.18,6405
121.19,6404
121.19,6403
121.24,6402
121.25,6401
121.25,6400
121.25,6399
121.25,6398
121.27,6397
121.33,6396
121.33,6395
121.33,6394
121.33,6393
121.33,6392
121.34,6391
121.34,6390
121.37,6389
121.37,6388
121.37,6387
121.38,6386
121.38,6385
121.40,6384
121.40,6383
121.40,6382
121.41,6381
121.41,6380
121.41,6379
121.41,6378
121.41,6377
121.41,6376
121.41,6375
121.41,6374
121.41,6373
121.41,6372
121.41,6371
121.42,6370
121.45,6369
121.45,6368
121.46,6367
121.46,6366
121.46,6365
121.46,6364
121.47,6363
121.47,6362
121.47,6361
121.47,6360
121.49,6359
121.49,6358
121.49,6357
121.49,6356
121.49,6355
121.49,6354
121.49,6353
121.49,6352
121.51,6351
121.51,6350
121.53,6349
121.53,6348
121.53,6347
121.53,6346
121.53,6345
121.56,6344
121.57,6343
121.57,6342
121.60,6341
121.60,6340
121.60,6339
121.60,6338
121.61,6337
121.62,6336
121.62,6335
121.62,6334
122.25,6333
122.25,6332
122.25,6331
122.25,6330
122.25,6329
122.26,6328
122.26,6327
122.26,6326
122.42,6325
122.42,6324
122.42,6323
122.44,6322
122.45,6321
122.45,6320
122.48,6319
122.76,6318
122.77,6317
122.78,6316
122.78,6315
122.79,6314
122.79,6313
122.79,6312
122.79,6311
122.79,6310
122.79,6309
122.79,6308
122.90,6307
122.90,6306
122.91,6305
122.91,6304
122.92,6303
122.92,6302
122.92,6301
122.92,6300
122.92,6299
122.93,6298
122.93,6297
122.94,6296
123.02,6295
123.06,6294
123.06,6293
123.08,6292
123.08,6291
123.08,6290
123.11,6289
123.11,6288
123.13,6287
123.15,6286
123.15,6285
123.15,6284
123.16,6283
123.16,6282
123.16,6281
123.17,6280
123.17,6279
123.17,6278
123.17,6277
123.19,6276
123.19,6275
123.20,6274
123.20,6273
123.20,6272
123.21,6271
123.22,6270
123.22,6269
123.22,6268
123.23,6267
123.23,6266
123.33,6265
123.33,6264
123.33,6263
123.33,6262
123.33,6261
123.34,6260
123.34,6259
123.34,6258
123.34,6257
123.35,6256
123.35,6255
123.37,6254
123.38,6253
123.38,6252
123.38,6251
123.38,6250
123.38,6249
123.38,6248
123.39,6247
123.39,6246
123.39,6245
123.40,6244
123.41,6243
123.41,6242
123.55,6241
123.56,6240
123.56,6239
123.57,6238
123.57,6237
123.58,6236
123.58,6235
123.58,6234
123.59,6233
123.60,6232
123.60,6231
123.61,6230
123.61,6229
123.61,6228
123.62,6227
123.62,6226
123.62,6225
123.62,6224
123.64,6223
123.64,6222
123.64,6221
123.64,6220
123.64,6219
123.65,6218
123.65,6217
123.68,6216
123.69,6215
123.69,6214
123.70,6213
123.70,6212
123.73,6211
123.73,6210
123.74,6209
123.74,6208
123.74,6207
123.76,6206
123.97,6205
123.98,6204
123.98,6203
123.98,6202
123.98,6201
123.98,6200
124.00,6199
124.00,6198
124.08,6197
124.11,6196
124.11,6195
124.11,6194
124.17,6193
124.17,6192
124.17,6191
124.17,6190
124.17,6189
124.20,6188
124.21,6187
124.24,6186
124.25,6185
124.25,6184
124.26,6183
124.26,6182
124.26,6181
124.26,6180
124.26,6179
124.26,6178
124.26,6177
124.27,6176
124.27,6175
124.27,6174
124.29,6173
124.29,6172
124.32,6171
124.32,6170
124.33,6169
124.34,6168
124.34,6167
124.34,6166
124.36,6165
124.37,6164
124.40,6163
124.40,6162
124.49,6161
124.49,6160
124.52,6159
124.57,6158
124.58,6157
124.58,6156
124.58,6155
124.58,6154
124.63,6153
124.63,6152
124.63,6151
124.63,6150
124.66,6149
124.66,6148
124.67,6147
124.67,6146
124.68,6145
124.68,6144
124.68,6143
124.94,6142
124.94,6141
124.94,6140
124.94,6139
124.94,6138
124.96,6137
124.96,6136
124.96,6135
124.96,6134
124.96,6133
124.96,6132
124.96,6131
124.99,6130
125.37,6129
125.37,6128
125.37,6127
125.38,6126
125.39,6125
125.45,6124
125.45,6123
125.45,6122
125.48,6121
125.49,6120
125.49,6119
125.49,6118
125.49,6117
125.49,6116
125.49,6115
125.50,6114
125.50,6113
125.57,6112
125.58,6111
125.58,6110
125.62,6109
125.64,6108
125.69,6107
125.72,6106
125.72,6105
125.72,6104
125.72,6103
125.72,6102
125.73,6101
125.73,6100
125.77,6099
125.77,6098
125.77,6097
125.81,6096
125.83,6095
125.83,6094
125.83,6093
125.83,6092
125.83,6091
125.86,6090
125.86,6089
126.41,6088
126.42,6087
126.42,6086
126.42,6085
126.42,6084
126.42,6083
126.43,6082
126.43,6081
126.43,6080
126.43,6079
126.43,6078
126.43,6077
126.43,6076
126.43,6075
126.47,6074
126.47,6073
126.48,6072
126.50,6071
126.51,6070
126.51,6069
126.51,6068
126.51,6067
126.53,6066
126.53,6065
126.53,6064
126.53,6063
126.54,6062
126.54,6061
126.55,6060
126.55,6059
126.55,6058
126.55,6057
126.55,6056
126.56,6055
126.57,6054
126.59,6053
126.59,6052
126.60,6051
126.60,6050
126.60,6049
126.60,6048
126.60,6047
126.61,6046
126.62,6045
126.62,6044
126.62,6043
126.62,6042
126.88,6041
126.88,6040
126.88,6039
126.88,6038
126.88,6037
126.88,6036
126.89,6035
126.89,6034
126.91,6033
126.91,6032
126.91,6031
126.91,6030
126.93,6029
126.93,6028
126.93,6027
126.95,6026
126.96,6025
126.96,6024
126.96,6023
126.96,6022
126.96,6021
126.96,6020
126.96,6019
126.97,6018
127.01,6017
127.01,6016
127.01,6015
127.01,6014
127.01,6013
127.02,6012
127.02,6011
127.02,6010
127.02,6009
127.03,6008
127.03,6007
127.04,6006
127.04,6005
127.07,6004
127.07,6003
127.07,6002
127.08,6001
127.08,6000
127.10,5999
127.13,5998
127.24,5997
127.24,5996
127.24,5995
127.24,5994
127.24,5993
127.28,5992
127.28,5991
127.28,5990
127.28,5989
127.28,5988
127.28,5987
127.28,5986
127.28,5985
127.28,5984
127.28,5983
127.28,5982
127.29,5981
127.29,5980
127.29,5979
127.29,5978
127.45,5977
127.47,5976
127.47,5975
127.47,5974
127.48,5973
127.48,5972
127.49,5971
127.49,5970
127.49,5969
127.55,5968
127.55,5967
127.56,5966
127.56,5965
127.56,5964
127.57,5963
127.57,5962
127.60,5961
127.60,5960
127.60,5959
127.61,5958
127.61,5957
127.66,5956
127.67,5955
127.67,5954
127.71,5953
127.71,5952
127.76,5951
127.76,5950
127.77,5949
127.79,5948
127.79,5947
127.86,5946
127.86,5945
127.86,5944
127.87,5943
127.87,5942
127.87,5941
127.87,5940
127.88,5939
127.88,5938
127.88,5937
127.97,5936
127.97,5935
127.97,5934
127.99,5933
127.99,5932
127.99,5931
127.99,5930
128.01,5929
128.01,5928
128.01,5927
128.02,5926
128.02,5925
128.07,5924
128.07,5923
128.08,5922
128.08,5921
128.09,5920
128.09,5919
128.14,5918
128.14,5917
128.15,5916
128.19,5915
128.19,5914
128.25,5913
128.26,5912
128.27,5911
128.27,5910
128.27,5909
128.28,5908
128.47,5907
128.55,5906
128.56,5905
128.57,5904
128.64,5903
128.64,5902
128.64,5901
128.81,5900
129.13,5899
129.16,5898
129.16,5897
129.16,5896
129.16,5895
129.16,5894
129.16,5893
129.16,5892
129.17,5891
129.17,5890
129.24,5889
129.24,5888
129.25,5887
129.27,5886
129.28,5885
129.28,5884
129.28,5883
129.28,5882
129.35,5881
129.35,5880
129.35,5879
129.36,5878
129.37,5877
129.40,5876
129.40,5875
129.40,5874
129.44,5873
129.46,5872
129.46,5871
129.46,5870
129.47,5869
129.47,5868
129.47,5867
129.49,5866
129.55,5865
129.55,5864
129.55,5863
129.55,5862
129.56,5861
129.56,5860
129.61,5859
129.61,5858
129.61,5857
129.61,5856
129.62,5855
129.66,5854
129.66,5853
129.66,5852
129.66,5851
129.66,5850
129.66,5849
129.67,5848
129.67,5847
129.67,5846
129.67,5845
129.67,5844
129.68,5843
129.83,5842
129.83,5841
129.84,5840
129.84,5839
129.84,5838
129.84,5837
129.84,5836
129.90,5835
129.91,5834
129.91,5833
129.98,5832
129.98,5831
129.98,5830
129.98,5829
129.99,5828
130.03,5827
130.04,5826
130.05,5825
130.09,5824
130.09,5823
130.10,5822
130.10,5821
130.14,5820
130.14,5819
130.14,5818
130.14,5817
130.22,5816
130.23,5815
130.23,5814
130.25,5813
130.25,5812
130.25,5811
130.25,5810
130.26,5809
130.26,5808
130.28,5807
130.28,5806
130.28,5805
130.28,5804
130.38,5803
130.47,5802
130.47,5801
130.47,5800
130.47,5799
130.50,5798
130.50,5797
130.50,5796
130.51,5795
130.56,5794
130.56,5793
130.56,5792
130.57,5791
130.57,5790
130.58,5789
130.58,5788
130.59,5787
130.59,5786
130.59,5785
130.59,5784
130.60,5783
130.61,5782
130.62,5781
130.62,5780
130.62,5779
130.64,5778
130.64,5777
130.65,5776
130.66,5775
130.66,5774
130.68,5773
130.69,5772
130.69,5771
130.70,5770
130.70,5769
130.70,5768
130.71,5767
130.71,5766
130.72,5765
130.72,5764
130.72,5763
130.72,5762
130.72,5761
130.72,5760
130.73,5759
130.73,5758
130.76,5757
130.78,5756
130.78,5755
130.79,5754
130.79,5753
130.79,5752
130.82,5751
130.82,5750
130.82,5749
130.82,5748
130.83,5747
130.83,5746
130.84,5745
130.84,5744
130.84,5743
130.84,5742
130.89,5741
130.91,5740
130.91,5739
130.92,5738
130.92,5737
130.92,5736
130.92,5735
130.92,5734
130.94,5733
130.94,5732
130.97,5731
130.97,5730
130.98,5729
130.98,5728
130.98,5727
130.98,5726
130.98,5725
130.98,5724
130.98,5723
131.04,5722
131.04,5721
131.06,5720
131.06,5719
131.07,5718
131.07,5717
131.07,5716
131.07,5715
131.08,5714
131.08,5713
131.08,5712
131.15,5711
131.20,5710
131.21,5709
131.21,5708
131.27,5707
131.27,5706
131.27,5705
131.27,5704
131.28,5703
131.28,5702
131.31,5701
131.31,5700
131.32,5699
131.35,5698
131.37,5697
131.38,5696
131.39,5695
131.40,5694
131.43,5693
131.43,5692
131.43,5691
131.43,5690
131.44,5689
131.44,5688
131.44,5687
131.47,5686
131.47,5685
131.47,5684
131.47,5683
131.62,5682
131.62,5681
131.62,5680
131.62,5679
131.63,5678
131.64,5677
131.79,5676
131.80,5675
131.85,5674
131.85,5673
131.92,5672
131.93,5671
131.94,5670
131.95,5669
131.96,5668
131.96,5667
131.96,5666
131.96,5665
131.96,5664
131.96,5663
131.97,5662
131.97,5661
131.97,5660
131.97,5659
131.98,5658
131.99,5657
131.99,5656
132.03,5655
132.04,5654
132.05,5653
132.05,5652
132.07,5651
132.08,5650
132.11,5649
132.12,5648
132.12,5647
132.13,5646
132.13,5645
132.19,5644
132.19,5643
132.34,5642
132.35,5641
132.35,5640
132.35,5639
132.35,5638
132.36,5637
132.36,5636
132.38,5635
132.38,5634
132.38,5633
132.39,5632
132.39,5631
132.39,5630
132.39,5629
132.39,5628
132.39,5627
132.39,5626
132.39,5625
132.39,5624
132.43,5623
132.43,5622
132.43,5621
132.43,5620
132.43,5619
132.48,5618
132.48,5617
132.56,5616
132.56,5615
132.56,5614
132.57,5613
132.57,5612
132.57,5611
132.58,5610
132.58,5609
132.59,5608
132.68,5607
132.68,5606
132.89,5605
132.89,5604
132.90,5603
132.90,5602
132.91,5601
132.91,5600
132.93,5599
133.03,5598
133.07,5597
133.08,5596
133.10,5595
133.12,5594
133.13,5593
133.17,5592
133.17,5591
133.17,5590
133.17,5589
133.19,5588
133.21,5587
133.21,5586
133.22,5585
133.24,5584
133.25,5583
133.25,5582
133.41,5581
133.41,5580
133.42,5579
133.44,5578
133.45,5577
133.48,5576
133.51,5575
133.51,5574
133.51,5573
133.51,5572
133.51,5571
133.53,5570
133.53,5569
133.54,5568
133.59,5567
133.59,5566
133.61,5565
133.62,5564
133.62,5563
133.66,5562
133.67,5561
133.67,5560
133.67,5559
133.69,5558
133.70,5557
133.70,5556
133.70,5555
133.70,5554
133.70,5553
133.72,5552
133.72,5551
133.73,5550
133.78,5549
133.78,5548
133.79,5547
133.80,5546
133.80,5545
133.80,5544
133.80,5543
133.84,5542
133.85,5541
133.85,5540
133.95,5539
133.95,5538
133.95,5537
133.95,5536
133.97,5535
133.98,5534
133.98,5533
134.00,5532
134.01,5531
134.04,5530
134.09,5529
134.14,5528
134.14,5527
134.16,5526
134.19,5525
134.19,5524
134.19,5523
134.19,5522
134.19,5521
134.20,5520
134.20,5519
134.20,5518
134.21,5517
134.36,5516
134.45,5515
134.45,5514
134.45,5513
134.45,5512
134.51,5511
134.51,5510
134.52,5509
134.52,5508
134.54,5507
134.54,5506
134.55,5505
134.55,5504
134.55,5503
134.56,5502
134.56,5501
134.65,5500
134.65,5499
134.69,5498
134.71,5497
134.73,5496
134.73,5495
134.75,5494
134.75,5493
134.75,5492
134.75,5491
135.19,5490
135.19,5489
135.20,5488
135.20,5487
135.21,5486
135.21,5485
135.22,5484
135.23,5483
135.25,5482
135.26,5481
135.38,5480
135.38,5479
135.38,5478
135.39,5477
135.39,5476
135.39,5475
135.40,5474
135.40,5473
135.41,5472
135.43,5471
135.49,5470
135.49,5469
135.49,5468
135.50,5467
135.50,5466
135.52,5465
135.52,5464
135.52,5463
135.53,5462
135.54,5461
135.55,5460
135.55,5459
135.56,5458
135.59,5457
135.69,5456
135.71,5455
135.72,5454
135.72,5453
135.73,5452
135.73,5451
135.74,5450
135.74,5449
135.74,5448
135.74,5447
135.75,5446
135.76,5445
135.80,5444
135.82,5443
135.82,5442
135.82,5441
135.82,5440
135.84,5439
135.84,5438
135.84,5437
135.87,5436
135.88,5435
135.88,5434
135.88,5433
135.88,5432
135.89,5431
135.89,5430
135.89,5429
135.93,5428
135.94,5427
135.94,5426
136.03,5425
136.04,5424
136.05,5423
136.05,5422
136.05,5421
136.06,5420
136.06,5419
136.07,5418
136.07,5417
136.07,5416
136.21,5415
136.21,5414
136.23,5413
136.26,5412
136.28,5411
136.31,5410
136.32,5409
136.32,5408
136.34,5407
136.37,5406
136.37,5405
136.37,5404
136.44,5403
136.52,5402
136.53,5401
136.55,5400
136.56,5399
136.56,5398
136.56,5397
136.62,5396
136.62,5395
136.62,5394
136.77,5393
136.80,5392
136.81,5391
136.82,5390
136.85,5389
136.87,5388
136.99,5387
137.01,5386
137.02,5385
137.03,5384
137.04,5383
137.04,5382
137.11,5381
137.11,5380
137.12,5379
137.14,5378
137.17,5377
137.17,5376
137.17,5375
137.17,5374
137.18,5373
137.51,5372
137.52,5371
137.53,5370
137.54,5369
137.55,5368
137.55,5367
137.56,5366
137.60,5365
137.60,5364
137.68,5363
137.68,5362
137.68,5361
137.70,5360
137.70,5359
137.70,5358
137.70,5357
137.70,5356
137.88,5355
137.90,5354
137.90,5353
137.91,5352
137.91,5351
137.92,5350
137.95,5349
137.95,5348
137.96,5347
137.97,5346
138.00,5345
138.00,5344
138.04,5343
138.04,5342
138.04,5341
138.06,5340
138.06,5339
138.06,5338
138.07,5337
138.07,5336
138.07,5335
138.07,5334
138.07,5333
138.08,5332
138.14,5331
138.14,5330
138.18,5329
138.18,5328
138.26,5327
138.32,5326
138.32,5325
138.39,5324
138.40,5323
138.41,5322
139.10,5321
139.12,5320
139.14,5319
139.14,5318
139.14,5317
139.15,5316
139.19,5315
139.19,5314
139.20,5313
139.20,5312
139.21,5311
139.23,5310
139.24,5309
139.25,5308
139.25,5307
139.25,5306
139.32,5305
139.33,5304
139.41,5303
139.42,5302
139.63,5301
139.64,5300
139.65,5299
139.66,5298
139.66,5297
139.69,5296
139.69,5295
139.69,5294
139.70,5293
139.71,5292
139.71,5291
139.73,5290
139.73,5289
139.73,5288
139.73,5287
139.79,5286
139.79,5285
139.80,5284
139.80,5283
139.80,5282
139.82,5281
139.82,5280
139.82,5279
139.87,5278
139.88,5277
139.94,5276
139.94,5275
139.97,5274
139.99,5273
140.00,5272
140.02,5271
140.02,5270
140.02,5269
140.02,5268
140.54,5267
140.54,5266
140.55,5265
140.56,5264
140.56,5263
140.59,5262
140.59,5261
140.69,5260
140.70,5259
140.90,5258
140.90,5257
140.98,5256
141.40,5255
141.41,5254
141.43,5253
141.43,5252
141.44,5251
141.45,5250
141.46,5249
141.46,5248
141.46,5247
141.47,5246
141.47,5245
141.48,5244
141.49,5243
141.49,5242
141.53,5241
141.53,5240
141.54,5239
142.12,5238
142.15,5237
142.38,5236
142.47,5235
142.47,5234
142.52,5233
142.55,5232
143.05,5231
143.05,5230
143.05,5229
143.06,5228
143.06,5227
143.06,5226
143.12,5225
143.13,5224
143.13,5223
143.15,5222
143.16,5221
143.16,5220
143.16,5219
143.16,5218
143.17,5217
143.18,5216
143.18,5215
143.19,5214
143.19,5213
143.21,5212
143.27,5211
143.27,5210
143.28,5209
143.28,5208
143.29,5207
143.29,5206
143.29,5205
143.30,5204
143.39,5203
143.39,5202
143.42,5201
143.42,5200
143.43,5199
143.46,5198
143.51,5197
143.51,5196
143.57,5195
143.58,5194
143.59,5193
143.60,5192
143.63,5191
143.64,5190
143.84,5189
143.90,5188
143.90,5187
143.91,5186
143.91,5185
143.92,5184
143.93,5183
143.99,5182
144.00,5181
144.02,5180
144.03,5179
144.05,5178
144.06,5177
144.09,5176
144.11,5175
144.13,5174
144.13,5173
144.13,5172
144.16,5171
144.20,5170
144.20,5169
144.20,5168
144.22,5167
144.22,5166
145.75,5165
145.76,5164
145.77,5163
146.33,5162
146.37,5161
146.37,5160
146.39,5159
146.40,5158
146.58,5157
146.61,5156
146.62,5155
146.62,5154
146.63,5153
146.67,5152
146.68,5151
146.69,5150
146.70,5149
146.71,5148
146.78,5147
146.79,5146
146.82,5145
146.82,5144
146.82,5143
146.84,5142
148.99,5141
149.01,5140
149.03,5139
149.38,5138
149.39,5137
149.42,5136
149.42,5135
149.77,5134
149.83,5133
149.83,5132
150.11,5131
150.12,5130
150.12,5129
150.51,5128
150.51,5127
150.75,5126
150.77,5125
150.79,5124
151.15,5123
151.15,5122
151.17,5121
151.17,5120
151.17,5119
151.17,5118
151.18,5117
151.68,5116
151.68,5115
151.69,5114
151.70,5113
151.82,5112
151.83,5111
151.84,5110
151.84,5109
152.06,5108
152.07,5107
152.11,5106
152.11,5105
152.12,5104
152.33,5103
153.05,5102
153.07,5101
153.08,5100
153.10,5099
153.11,5098
153.12,5097
153.65,5096
153.65,5095
153.65,5094
153.73,5093
153.73,5092
153.81,5091
153.85,5090
153.91,5089
153.96,5088
153.96,5087
153.97,5086
153.98,5085
154.09,5084
154.15,5083
154.15,5082
154.16,5081
154.20,5080
154.21,5079
154.23,5078
154.27,5077
154.29,5076
154.45,5075
154.59,5074
154.62,5073
154.62,5072
154.68,5071
154.68,5070
154.68,5069
154.75,5068
154.79,5067
154.84,5066
154.85,5065
156.86,5064
156.86,5063
156.90,5062
156.92,5061
156.96,5060
157.07,5059
157.07,5058
157.09,5057
157.13,5056
157.22,5055
157.22,5054
157.23,5053
157.23,5052
157.24,5051
157.25,5050
157.26,5049
157.46,5048
157.48,5047
157.49,5046
157.94,5045
157.96,5044
158.00,5043
158.00,5042
158.00,5041
158.04,5040
158.07,5039
158.22,5038
158.42,5037
158.55,5036
158.59,5035
159.26,5034
159.27,5033
159.27,5032
159.29,5031
159.29,5030
159.46,5029
159.46,5028
159.47,5027
159.48,5026
159.52,5025
159.52,5024
159.53,5023
159.58,5022
159.64,5021
159.65,5020
159.65,5019
159.66,5018
159.67,5017
159.69,5016
159.84,5015
160.45,5014
160.45,5013
160.45,5012
160.50,5011
160.50,5010
160.51,5009
160.53,5008
161.01,5007
161.05,5006
161.05,5005
161.95,5004
161.96,5003
161.97,5002
162.02,5001
162.03,5000
162.05,4999
162.09,4998
162.11,4997
162.17,4996
162.17,4995
162.25,4994
162.27,4993
162.91,4992
163.91,4991
164.86,4990
165.02,4989
165.14,4988
165.41,4987
165.42,4986
165.43,4985
165.44,4984
165.47,4983
165.49,4982
165.71,4981
165.72,4980
165.72,4979
165.73,4978
165.75,4977
166.73,4976
167.64,4975
167.65,4974
167.94,4973
167.95,4972
168.28,4971
168.28,4970
169.20,4969
169.24,4968
169.24,4967
169.56,4966
169.61,4965
169.90,4964
169.96,4963
171.44,4962
171.89,4961
171.95,4960
171.95,4959
172.25,4958
172.28,4957
173.68,4956
173.73,4955
174.60,4954
174.64,4953
174.67,4952
174.71,4951
175.17,4950
175.18,4949
177.47,4948
177.49,4947
177.50,4946
177.59,4945
177.60,4944
178.41,4943
178.69,4942
178.70,4941
179.03,4940
179.04,4939
181.35,4938
181.42,4937
181.43,4936
182.88,4935
182.95,4934
182.96,4933
183.12,4932
183.12,4931
183.12,4930
183.16,4929
183.41,4928
184.91,4927
184.94,4926
184.98,4925
184.98,4924
185.00,4923
185.27,4922
186.11,4921
186.84,4920
186.86,4919
187.62,4918
187.62,4917
187.64,4916
188.03,4915
188.05,4914
188.20,4913
190.88,4912
191.19,4911
191.23,4910
191.23,4909
191.30,4908
191.31,4907
191.31,4906
191.58,4905
191.82,4904
191.84,4903
202.64,4902
202.73,4901
202.75,4900
202.77,4899
202.87,4898
211.03,4897
212.62,4896
212.68,4895
212.74,4894
212.79,4893
212.87,4892
212.88,4891
212.93,4890
212.94,4889
212.95,4888
213.05,4887
215.07,4886
221.40,4885
221.54,4884
221.65,4883
221.66,4882
221.69,4881
232.52,4880
236.95,4879
240.16,4878
240.17,4877
240.22,4876
240.25,4875
240.36,4874
240.40,4873
240.41,4872
240.51,4871
251.30,4870
251.39,4869
251.56,4868
251.66,4867
251.96,4866
259.73,4865
259.76,4864
260.04,4863
260.10,4862
262.72,4861
262.76,4860
271.97,4859
272.01,4858
290.46,4857
290.62,4856
291.26,4855
291.44,4854
291.81,4853
298.19,4852
298.22,4851
298.59,4850
298.62,4849
298.76,4848
310.01,4847
310.05,4846
333.18,4845
333.40,4844
339.09,4843
344.89,4842
345.35,4841
358.52,4840
358.86,4839
399.04,4838
403.53,4837
405.81,4836
406.11,4835
419.62,4834
440.23,4833
489.68,4832
489.94,4831
531.68,4830
588.06,4829
