0.00,5865
0.31,5864
0.68,5863
1.00,5862
1.68,5861
1.84,5860
2.61,5859
3.13,5858
3.69,5857
4.00,5856
4.51,5855
4.82,5854
5.20,5853
5.40,5852
5.51,5851
6.03,5850
6.45,5849
6.97,5848
7.07,5847
7.33,5846
8.51,5845
9.13,5844
9.28,5843
9.69,5842
9.95,5841
10.06,5840
10.42,5839
10.57,5838
10.67,5837
11.18,5836
11.35,5835
11.66,5834
12.43,5833
13.09,5832
13.29,5831
13.91,5830
14.01,5829
14.12,5828
14.48,5827
14.63,5826
15.41,5825
15.51,5824
15.87,5823
16.44,5822
16.59,5821
16.69,5820
17.30,5819
18.07,5818
18.58,5817
18.83,5816
19.35,5815
19.61,5814
19.82,5813
20.34,5812
20.55,5811
20.65,5810
21.12,5809
21.33,5808
21.54,5807
22.10,5806
22.21,5805
22.44,5804
22.54,5803
22.84,5802
23.16,5801
23.31,5800
23.51,5799
23.71,5798
24.02,5797
24.59,5796
25.00,5795
25.11,5794
25.58,5793
25.84,5792
26.15,5791
26.41,5790
26.52,5789
26.67,5788
26.98,5787
27.19,5786
27.45,5785
27.75,5784
28.01,5783
28.21,5782
28.47,5781
28.78,5780
28.88,5779
29.19,5778
29.39,5777
30.15,5776
30.55,5775
30.85,5774
30.96,5773
31.11,5772
31.32,5771
31.58,5770
32.21,5769
32.31,5768
32.47,5767
32.63,5766
32.73,5765
33.52,5764
33.73,5763
34.14,5762
34.35,5761
34.56,5760
34.76,5759
34.87,5758
35.53,5757
35.84,5756
36.00,5755
36.31,5754
36.72,5753
37.08,5752
38.05,5751
38.81,5750
39.17,5749
39.89,5748
40.11,5747
40.32,5746
40.98,5745
41.08,5744
41.24,5743
41.75,5742
41.96,5741
42.16,5740
42.26,5739
42.57,5738
42.68,5737
42.79,5736
42.89,5735
43.15,5734
43.83,5733
44.50,5732
44.71,5731
44.96,5730
45.11,5729
45.57,5728
45.97,5727
46.08,5726
46.54,5725
47.41,5724
47.61,5723
47.87,5722
48.99,5721
49.20,5720
49.30,5719
49.40,5718
49.81,5717
50.42,5716
50.57,5715
50.98,5714
51.75,5713
52.27,5712
52.79,5711
53.75,5710
54.31,5709
54.56,5708
54.72,5707
54.97,5706
55.08,5705
55.44,5704
55.54,5703
56.44,5702
56.54,5701
57.15,5700
57.71,5699
58.43,5698
58.68,5697
58.89,5696
58.99,5695
59.09,5694
59.19,5693
59.29,5692
59.85,5691
60.06,5690
60.36,5689
60.67,5688
61.47,5687
62.33,5686
62.53,5685
62.68,5684
62.84,5683
63.35,5682
63.85,5681
64.41,5680
64.52,5679
64.80,5678
65.71,5677
66.37,5676
66.53,5675
66.63,5674
67.45,5673
68.21,5672
68.37,5671
68.82,5670
69.77,5669
70.25,5668
70.35,5667
70.51,5666
70.82,5665
71.08,5664
71.64,5663
72.09,5662
72.51,5661
72.93,5660
73.35,5659
74.40,5658
74.80,5657
74.89,5656
75.20,5655
75.66,5654
76.60,5653
76.90,5652
77.40,5651
77.71,5650
77.86,5649
78.11,5648
78.32,5647
78.57,5646
78.77,5645
79.29,5644
79.49,5643
79.84,5642
80.04,5641
80.25,5640
80.70,5639
81.00,5638
81.31,5637
81.62,5636
82.12,5635
82.48,5634
82.90,5633
83.10,5632
83.40,5631
83.81,5630
83.91,5629
84.54,5628
84.82,5627
84.97,5626
85.23,5625
85.65,5624
86.22,5623
87.07,5622
87.22,5621
87.32,5620
87.98,5619
88.38,5618
88.64,5617
88.74,5616
88.94,5615
89.30,5614
89.63,5613
90.34,5612
91.01,5611
91.26,5610
92.28,5609
92.43,5608
93.31,5607
93.46,5606
93.76,5605
94.07,5604
94.58,5603
94.78,5602
94.93,5601
95.09,5600
95.39,5599
95.91,5598
96.42,5597
96.94,5596
97.14,5595
97.34,5594
97.75,5593
97.90,5592
98.81,5591
98.91,5590
99.06,5589
99.32,5588
99.57,5587
100.15,5586
100.62,5585
102.12,5584
102.63,5583
102.74,5582
102.84,5581
103.00,5580
103.30,5579
103.46,5578
103.66,5577
103.91,5576
104.17,5575
104.42,5574
104.98,5573
105.58,5572
106.24,5571
106.80,5570
107.01,5569
107.11,5568
107.41,5567
108.03,5566
108.81,5565
109.21,5564
109.31,5563
109.47,5562
109.62,5561
109.93,5560
110.34,5559
110.64,5558
110.80,5557
110.90,5556
111.47,5555
111.62,5554
111.87,5553
112.23,5552
112.69,5551
112.89,5550
113.50,5549
113.96,5548
114.26,5547
114.42,5546
114.53,5545
114.68,5544
114.84,5543
116.47,5542
116.57,5541
116.67,5540
116.87,5539
117.43,5538
117.53,5537
117.98,5536
118.14,5535
118.45,5534
118.55,5533
119.06,5532
119.52,5531
119.84,5530
119.99,5529
120.59,5528
120.75,5527
121.55,5526
121.65,5525
121.80,5524
122.16,5523
122.37,5522
122.97,5521
123.36,5520
123.51,5519
123.66,5518
123.76,5517
124.22,5516
124.32,5515
124.57,5514
124.99,5513
125.26,5512
125.56,5511
125.66,5510
125.91,5509
126.22,5508
126.47,5507
126.63,5506
126.73,5505
128.06,5504
128.37,5503
128.57,5502
129.03,5501
129.73,5500
130.03,5499
130.39,5498
130.49,5497
130.80,5496
131.51,5495
131.96,5494
132.17,5493
133.19,5492
133.60,5491
133.71,5490
134.63,5489
134.89,5488
135.35,5487
135.55,5486
135.65,5485
137.07,5484
137.43,5483
138.31,5482
138.93,5481
139.08,5480
139.68,5479
139.83,5478
140.23,5477
141.04,5476
141.19,5475
141.29,5474
141.76,5473
141.91,5472
142.01,5471
142.17,5470
142.48,5469
142.64,5468
143.69,5467
143.84,5466
144.30,5465
144.40,5464
144.90,5463
145.15,5462
145.30,5461
145.55,5460
145.70,5459
146.01,5458
146.11,5457
146.82,5456
147.02,5455
147.84,5454
147.94,5453
148.29,5452
148.69,5451
149.30,5450
149.70,5449
150.00,5448
150.15,5447
150.96,5446
151.37,5445
151.73,5444
151.83,5443
151.98,5442
152.40,5441
153.63,5440
153.89,5439
154.04,5438
154.39,5437
154.50,5436
154.85,5435
155.20,5434
156.15,5433
156.31,5432
156.95,5431
157.15,5430
157.40,5429
157.60,5428
158.00,5427
158.20,5426
158.69,5425
159.60,5424
159.95,5423
160.15,5422
160.60,5421
160.85,5420
161.05,5419
161.25,5418
161.46,5417
161.76,5416
161.96,5415
162.26,5414
162.46,5413
162.62,5412
163.13,5411
163.93,5410
164.03,5409
164.24,5408
164.34,5407
164.95,5406
165.65,5405
166.05,5404
166.20,5403
166.86,5402
167.27,5401
167.63,5400
167.94,5399
168.04,5398
168.19,5397
168.54,5396
168.84,5395
169.25,5394
169.35,5393
169.76,5392
170.31,5391
170.76,5390
171.68,5389
172.00,5388
172.26,5387
173.01,5386
173.12,5385
173.21,5384
173.31,5383
173.66,5382
173.76,5381
174.06,5380
174.37,5379
174.76,5378
175.01,5377
175.12,5376
175.27,5375
175.37,5374
175.58,5373
176.29,5372
176.44,5371
176.59,5370
176.79,5369
177.24,5368
177.49,5367
177.74,5366
177.94,5365
178.29,5364
178.90,5363
179.00,5362
180.11,5361
181.18,5360
181.28,5359
181.38,5358
182.24,5357
182.49,5356
183.39,5355
183.94,5354
184.04,5353
184.14,5352
185.15,5351
186.09,5350
186.35,5349
186.80,5348
186.91,5347
187.11,5346
187.57,5345
187.83,5344
188.08,5343
189.47,5342
189.60,5341
190.35,5340
190.86,5339
192.77,5338
193.83,5337
194.13,5336
194.33,5335
194.89,5334
195.09,5333
195.29,5332
195.54,5331
195.94,5330
196.14,5329
196.24,5328
197.59,5327
197.69,5326
197.89,5325
198.29,5324
198.64,5323
198.94,5322
199.14,5321
199.59,5320
200.05,5319
200.87,5318
201.32,5317
202.32,5316
202.48,5315
202.80,5314
203.02,5313
203.17,5312
203.67,5311
203.92,5310
204.12,5309
204.57,5308
206.09,5307
207.30,5306
207.55,5305
207.65,5304
208.11,5303
208.88,5302
209.13,5301
210.15,5300
210.95,5299
211.15,5298
211.95,5297
212.25,5296
212.54,5295
213.24,5294
213.74,5293
213.94,5292
214.09,5291
214.83,5290
215.23,5289
216.19,5288
216.59,5287
216.93,5286
217.03,5285
217.43,5284
218.96,5283
219.11,5282
219.71,5281
219.81,5280
220.11,5279
220.21,5278
220.92,5277
221.46,5276
221.66,5275
222.93,5274
223.13,5273
223.98,5272
224.18,5271
224.83,5270
226.05,5269
226.51,5268
226.61,5267
226.77,5266
227.28,5265
227.43,5264
227.64,5263
227.89,5262
228.20,5261
228.56,5260
228.91,5259
229.32,5258
229.67,5257
230.81,5256
230.91,5255
231.11,5254
232.22,5253
232.39,5252
232.84,5251
233.11,5250
233.23,5249
233.40,5248
233.72,5247
234.38,5246
234.85,5245
236.15,5244
236.25,5243
236.35,5242
236.76,5241
237.67,5240
237.94,5239
238.64,5238
239.18,5237
239.55,5236
239.97,5235
240.46,5234
240.94,5233
241.38,5232
241.48,5231
242.22,5230
242.43,5229
243.04,5228
243.56,5227
243.71,5226
243.86,5225
244.26,5224
244.77,5223
245.17,5222
245.48,5221
246.55,5220
246.70,5219
246.89,5218
247.09,5217
247.74,5216
248.34,5215
248.58,5214
249.09,5213
249.34,5212
249.54,5211
250.09,5210
250.24,5209
250.94,5208
252.19,5207
252.34,5206
252.64,5205
252.94,5204
253.10,5203
253.20,5202
253.30,5201
253.55,5200
253.80,5199
254.05,5198
254.51,5197
255.06,5196
255.51,5195
255.61,5194
255.96,5193
256.27,5192
256.63,5191
258.20,5190
258.35,5189
258.50,5188
258.85,5187
259.46,5186
259.56,5185
259.66,5184
259.97,5183
260.27,5182
261.43,5181
261.63,5180
262.18,5179
262.28,5178
262.58,5177
262.83,5176
263.13,5175
263.48,5174
263.64,5173
264.19,5172
264.39,5171
264.54,5170
264.99,5169
265.39,5168
266.15,5167
266.25,5166
266.35,5165
266.46,5164
266.80,5163
267.35,5162
267.55,5161
268.55,5160
268.98,5159
269.17,5158
269.62,5157
270.12,5156
270.42,5155
270.67,5154
272.08,5153
272.74,5152
274.57,5151
275.02,5150
275.56,5149
275.72,5148
275.87,5147
277.33,5146
278.03,5145
278.24,5144
278.68,5143
278.94,5142
279.09,5141
279.59,5140
280.19,5139
282.05,5138
282.71,5137
283.11,5136
283.41,5135
283.61,5134
283.91,5133
284.01,5132
284.37,5131
285.07,5130
286.03,5129
286.48,5128
287.10,5127
287.25,5126
287.35,5125
287.64,5124
288.04,5123
288.19,5122
288.89,5121
288.99,5120
289.31,5119
289.51,5118
290.66,5117
290.92,5116
291.57,5115
291.78,5114
291.93,5113
292.08,5112
292.18,5111
292.38,5110
292.48,5109
293.73,5108
293.88,5107
294.38,5106
294.58,5105
294.68,5104
295.28,5103
296.09,5102
296.19,5101
296.45,5100
296.55,5099
296.65,5098
296.75,5097
296.85,5096
297.39,5095
297.89,5094
299.86,5093
300.42,5092
300.63,5091
300.94,5090
301.99,5089
302.66,5088
303.53,5087
304.14,5086
304.39,5085
304.64,5084
304.94,5083
306.74,5082
307.21,5081
307.51,5080
307.61,5079
307.77,5078
307.97,5077
308.23,5076
309.09,5075
310.40,5074
310.60,5073
310.71,5072
310.86,5071
311.01,5070
311.57,5069
312.13,5068
312.23,5067
312.38,5066
312.48,5065
313.08,5064
313.18,5063
313.43,5062
313.94,5061
314.09,5060
314.29,5059
314.75,5058
314.95,5057
315.51,5056
316.80,5055
317.00,5054
317.43,5053
317.68,5052
318.03,5051
318.23,5050
318.34,5049
318.49,5048
318.74,5047
320.09,5046
320.24,5045
321.60,5044
322.00,5043
322.38,5042
324.33,5041
325.47,5040
325.73,5039
326.52,5038
326.67,5037
326.92,5036
327.02,5035
328.32,5034
328.42,5033
329.55,5032
330.30,5031
330.75,5030
331.57,5029
332.61,5028
332.97,5027
333.07,5026
333.78,5025
335.15,5024
335.42,5023
335.58,5022
335.94,5021
336.09,5020
336.39,5019
336.59,5018
336.79,5017
337.09,5016
338.72,5015
339.42,5014
