0.16,8360
0.16,8359
0.16,8358
0.16,8357
0.16,8356
0.16,8355
0.16,8354
0.16,8353
0.16,8352
0.16,8351
0.16,8350
0.16,8349
0.16,8348
0.16,8347
0.16,8346
0.16,8345
0.16,8344
0.16,8343
0.16,8342
0.16,8341
0.16,8340
0.17,8339
0.17,8338
0.17,8337
0.17,8336
0.17,8335
0.17,8334
0.17,8333
0.17,8332
0.17,8331
0.17,8330
0.17,8329
0.17,8328
0.17,8327
0.17,8326
0.17,8325
0.17,8324
0.17,8323
0.17,8322
0.17,8321
0.17,8320
0.17,8319
0.17,8318
0.17,8317
0.17,8316
0.17,8315
0.17,8314
0.17,8313
0.18,8312
0.18,8311
0.18,8310
0.18,8309
0.18,8308
0.18,8307
0.18,8306
0.18,8305
0.18,8304
0.18,8303
0.18,8302
0.18,8301
0.18,8300
0.18,8299
0.18,8298
0.18,8297
0.18,8296
0.18,8295
0.18,8294
0.18,8293
0.18,8292
0.18,8291
0.18,8290
0.18,8289
0.18,8288
0.18,8287
0.18,8286
0.18,8285
0.18,8284
0.18,8283
0.18,8282
0.18,8281
0.18,8280
0.19,8279
0.19,8278
0.19,8277
0.19,8276
0.19,8275
0.19,8274
0.19,8273
0.19,8272
0.19,8271
0.19,8270
0.19,8269
0.19,8268
0.19,8267
0.19,8266
0.19,8265
0.19,8264
0.19,8263
0.19,8262
0.19,8261
0.19,8260
0.19,8259
0.19,8258
0.19,8257
0.19,8256
0.19,8255
0.19,8254
0.19,8253
0.19,8252
0.19,8251
0.19,8250
0.19,8249
0.20,8248
0.20,8247
0.20,8246
0.20,8245
0.20,8244
0.20,8243
0.20,8242
0.20,8241
0.20,8240
0.20,8239
0.20,8238
0.20,8237
0.20,8236
0.20,8235
0.20,8234
0.20,8233
0.20,8232
0.20,8231
0.20,8230
0.20,8229
0.20,8228
0.20,8227
0.20,8226
0.20,8225
0.21,8224
0.21,8223
0.21,8222
0.21,8221
0.21,8220
0.21,8219
0.21,8218
0.21,8217
0.21,8216
0.21,8215
0.21,8214
0.21,8213
0.21,8212
0.21,8211
0.21,8210
0.21,8209
0.21,8208
0.21,8207
0.21,8206
0.21,8205
0.21,8204
0.21,8203
0.22,8202
0.22,8201
0.22,8200
0.22,8199
0.22,8198
0.22,8197
0.22,8196
0.22,8195
0.22,8194
0.22,8193
0.22,8192
0.22,8191
0.22,8190
0.22,8189
0.22,8188
0.22,8187
0.22,8186
0.22,8185
0.22,8184
0.22,8183
0.22,8182
0.22,8181
0.22,8180
0.22,8179
0.22,8178
0.22,8177
0.23,8176
0.23,8175
0.23,8174
0.23,8173
0.23,8172
0.23,8171
0.23,8170
0.23,8169
0.23,8168
0.23,8167
0.23,8166
0.23,8165
0.23,8164
0.23,8163
0.23,8162
0.23,8161
0.23,8160
0.23,8159
0.23,8158
0.23,8157
0.23,8156
0.23,8155
0.23,8154
0.23,8153
0.23,8152
0.23,8151
0.23,8150
0.24,8149
0.24,8148
0.24,8147
0.24,8146
0.24,8145
0.24,8144
0.24,8143
0.24,8142
0.24,8141
0.24,8140
0.24,8139
0.24,8138
0.24,8137
0.24,8136
0.24,8135
0.24,8134
0.24,8133
0.24,8132
0.24,8131
0.24,8130
0.24,8129
0.24,8128
0.25,8127
0.25,8126
0.25,8125
0.25,8124
0.25,8123
0.25,8122
0.25,8121
0.25,8120
0.25,8119
0.25,8118
0.25,8117
0.25,8116
0.26,8115
0.26,8114
0.26,8113
0.26,8112
0.26,8111
0.26,8110
0.26,8109
0.26,8108
0.26,8107
0.26,8106
0.26,8105
0.26,8104
0.26,8103
0.26,8102
0.26,8101
0.26,8100
0.26,8099
0.26,8098
0.27,8097
0.27,8096
0.27,8095
0.27,8094
0.27,8093
0.27,8092
0.27,8091
0.27,8090
0.27,8089
0.27,8088
0.28,8087
0.28,8086
0.28,8085
0.28,8084
0.28,8083
0.28,8082
0.28,8081
0.28,8080
0.28,8079
0.28,8078
0.28,8077
0.28,8076
0.28,8075
0.28,8074
0.28,8073
0.28,8072
0.28,8071
0.28,8070
0.28,8069
0.28,8068
0.28,8067
0.28,8066
0.28,8065
0.29,8064
0.29,8063
0.29,8062
0.29,8061
0.29,8060
0.29,8059
0.29,8058
0.29,8057
0.29,8056
0.29,8055
0.29,8054
0.29,8053
0.29,8052
0.30,8051
0.30,8050
0.30,8049
0.30,8048
0.30,8047
0.30,8046
0.30,8045
0.30,8044
0.30,8043
0.30,8042
0.30,8041
0.30,8040
0.30,8039
0.30,8038
0.30,8037
0.30,8036
0.30,8035
0.30,8034
0.32,8033
0.32,8032
0.32,8031
0.32,8030
0.32,8029
0.33,8028
0.33,8027
0.33,8026
0.33,8025
0.33,8024
0.33,8023
0.33,8022
0.33,8021
0.34,8020
0.34,8019
0.34,8018
0.34,8017
0.34,8016
0.34,8015
0.34,8014
0.34,8013
0.34,8012
0.34,8011
0.35,8010
0.35,8009
0.37,8008
0.37,8007
0.37,8006
0.37,8005
0.37,8004
0.37,8003
0.37,8002
0.37,8001
0.37,8000
0.37,7999
0.37,7998
0.38,7997
0.38,7996
0.38,7995
0.38,7994
0.38,7993
0.38,7992
0.38,7991
0.38,7990
0.38,7989
0.38,7988
0.39,7987
0.39,7986
0.39,7985
0.39,7984
0.39,7983
0.39,7982
0.39,7981
0.39,7980
0.39,7979
0.39,7978
0.39,7977
0.39,7976
0.39,7975
0.39,7974
0.39,7973
0.39,7972
0.39,7971
0.39,7970
0.39,7969
0.39,7968
0.40,7967
0.40,7966
0.40,7965
0.40,7964
0.40,7963
0.40,7962
0.40,7961
0.40,7960
0.40,7959
0.40,7958
0.40,7957
0.40,7956
0.40,7955
0.40,7954
0.40,7953
0.40,7952
0.40,7951
0.40,7950
0.40,7949
0.40,7948
0.40,7947
0.40,7946
0.41,7945
0.41,7944
0.41,7943
0.41,7942
0.41,7941
0.42,7940
0.42,7939
0.42,7938
0.42,7937
0.42,7936
0.42,7935
0.43,7934
0.43,7933
0.43,7932
0.43,7931
0.43,7930
0.43,7929
0.43,7928
0.43,7927
0.43,7926
0.43,7925
0.43,7924
0.43,7923
0.43,7922
0.43,7921
0.43,7920
0.43,7919
0.43,7918
0.44,7917
0.44,7916
0.44,7915
0.44,7914
0.44,7913
0.44,7912
0.44,7911
0.44,7910
0.45,7909
0.45,7908
0.45,7907
0.45,7906
0.45,7905
0.45,7904
0.45,7903
0.46,7902
0.46,7901
0.46,7900
0.46,7899
0.46,7898
0.46,7897
0.46,7896
0.46,7895
0.46,7894
0.46,7893
0.47,7892
0.47,7891
0.48,7890
0.48,7889
0.48,7888
0.48,7887
0.48,7886
0.48,7885
0.48,7884
0.48,7883
0.48,7882
0.48,7881
0.48,7880
0.48,7879
0.48,7878
0.48,7877
0.49,7876
0.49,7875
0.49,7874
0.49,7873
0.49,7872
0.49,7871
0.49,7870
0.49,7869
0.49,7868
0.49,7867
0.49,7866
0.49,7865
0.49,7864
0.50,7863
0.50,7862
0.50,7861
0.50,7860
0.50,7859
0.50,7858
0.50,7857
0.50,7856
0.50,7855
0.50,7854
0.50,7853
0.50,7852
0.50,7851
0.50,7850
0.50,7849
0.50,7848
0.51,7847
0.51,7846
0.52,7845
0.52,7844
0.53,7843
0.54,7842
0.54,7841
0.54,7840
0.54,7839
0.54,7838
0.54,7837
0.54,7836
0.54,7835
0.54,7834
0.54,7833
0.54,7832
0.54,7831
0.54,7830
0.55,7829
0.55,7828
0.55,7827
0.55,7826
0.55,7825
0.55,7824
0.55,7823
0.55,7822
0.55,7821
0.55,7820
0.55,7819
0.55,7818
0.55,7817
0.56,7816
0.56,7815
0.56,7814
0.57,7813
0.57,7812
0.58,7811
0.58,7810
0.58,7809
0.58,7808
0.58,7807
0.58,7806
0.58,7805
0.58,7804
0.58,7803
0.59,7802
0.59,7801
0.59,7800
0.59,7799
0.59,7798
0.59,7797
0.59,7796
0.59,7795
0.59,7794
0.59,7793
0.60,7792
0.60,7791
0.60,7790
0.60,7789
0.61,7788
0.61,7787
0.61,7786
0.62,7785
0.62,7784
0.63,7783
0.63,7782
0.63,7781
0.63,7780
0.63,7779
0.63,7778
0.63,7777
0.63,7776
0.64,7775
0.64,7774
0.64,7773
0.66,7772
0.66,7771
0.66,7770
0.66,7769
0.66,7768
0.67,7767
0.67,7766
0.67,7765
0.67,7764
0.68,7763
0.68,7762
0.68,7761
0.68,7760
0.68,7759
0.68,7758
0.69,7757
0.69,7756
0.69,7755
0.69,7754
0.70,7753
0.70,7752
0.70,7751
0.70,7750
0.70,7749
0.71,7748
0.71,7747
0.71,7746
0.71,7745
0.71,7744
0.71,7743
0.72,7742
0.72,7741
0.72,7740
0.72,7739
0.72,7738
0.72,7737
0.72,7736
0.72,7735
0.72,7734
0.72,7733
0.72,7732
0.73,7731
0.75,7730
0.75,7729
0.76,7728
0.76,7727
0.76,7726
0.76,7725
0.76,7724
0.76,7723
0.76,7722
0.76,7721
0.76,7720
0.76,7719
0.77,7718
0.77,7717
0.77,7716
0.77,7715
0.77,7714
0.77,7713
0.77,7712
0.77,7711
0.77,7710
0.77,7709
0.78,7708
0.78,7707
0.78,7706
0.78,7705
0.78,7704
0.78,7703
0.78,7702
0.81,7701
0.81,7700
0.81,7699
0.81,7698
0.81,7697
0.82,7696
0.82,7695
0.82,7694
0.83,7693
0.83,7692
0.84,7691
0.84,7690
0.84,7689
0.84,7688
0.84,7687
0.84,7686
0.84,7685
0.84,7684
0.85,7683
0.85,7682
0.85,7681
0.85,7680
0.86,7679
0.86,7678
0.86,7677
0.86,7676
0.86,7675
0.86,7674
0.86,7673
0.86,7672
0.86,7671
0.86,7670
0.87,7669
0.87,7668
0.87,7667
0.87,7666
0.87,7665
0.87,7664
0.88,7663
0.88,7662
0.88,7661
0.88,7660
0.93,7659
0.93,7658
0.93,7657
0.93,7656
0.93,7655
0.93,7654
0.93,7653
0.94,7652
0.94,7651
0.94,7650
0.94,7649
0.94,7648
0.94,7647
0.94,7646
0.94,7645
0.94,7644
0.94,7643
0.94,7642
0.94,7641
0.94,7640
0.94,7639
0.95,7638
0.95,7637
0.95,7636
0.95,7635
0.95,7634
0.96,7633
0.97,7632
0.97,7631
0.97,7630
0.97,7629
0.97,7628
0.97,7627
0.97,7626
0.98,7625
0.98,7624
0.98,7623
0.98,7622
0.98,7621
0.98,7620
0.98,7619
0.98,7618
0.99,7617
0.99,7616
0.99,7615
1.00,7614
1.01,7613
1.02,7612
1.02,7611
1.02,7610
1.02,7609
1.05,7608
1.05,7607
1.05,7606
1.05,7605
1.05,7604
1.06,7603
1.06,7602
1.06,7601
1.06,7600
1.06,7599
1.07,7598
1.07,7597
1.07,7596
1.07,7595
1.07,7594
1.07,7593
1.07,7592
1.07,7591
1.07,7590
1.08,7589
1.08,7588
1.08,7587
1.08,7586
1.08,7585
1.08,7584
1.08,7583
1.08,7582
1.08,7581
1.08,7580
1.08,7579
1.08,7578
1.08,7577
1.09,7576
1.09,7575
1.09,7574
1.09,7573
1.09,7572
1.09,7571
1.10,7570
1.10,7569
1.10,7568
1.14,7567
1.15,7566
1.15,7565
1.16,7564
1.16,7563
1.16,7562
1.16,7561
1.16,7560
1.17,7559
1.17,7558
1.17,7557
1.17,7556
1.18,7555
1.18,7554
1.18,7553
1.18,7552
1.18,7551
1.18,7550
1.18,7549
1.18,7548
1.19,7547
1.19,7546
1.19,7545
1.20,7544
1.20,7543
1.20,7542
1.20,7541
1.20,7540
1.20,7539
1.20,7538
1.24,7537
1.25,7536
1.25,7535
1.25,7534
1.25,7533
1.25,7532
1.25,7531
1.26,7530
1.26,7529
1.26,7528
1.26,7527
1.34,7526
1.34,7525
1.34,7524
1.35,7523
1.35,7522
1.35,7521
1.35,7520
1.35,7519
1.36,7518
1.36,7517
1.36,7516
1.36,7515
1.36,7514
1.37,7513
1.37,7512
1.38,7511
1.38,7510
1.38,7509
1.38,7508
1.38,7507
1.39,7506
1.39,7505
1.39,7504
1.39,7503
1.39,7502
1.43,7501
1.43,7500
1.43,7499
1.45,7498
1.45,7497
1.46,7496
1.46,7495
1.47,7494
1.47,7493
1.47,7492
1.48,7491
1.48,7490
1.48,7489
1.48,7488
1.48,7487
1.49,7486
1.49,7485
1.49,7484
1.50,7483
1.53,7482
1.54,7481
1.54,7480
1.59,7479
1.59,7478
1.59,7477
1.59,7476
1.59,7475
1.59,7474
1.59,7473
1.60,7472
1.60,7471
1.60,7470
1.60,7469
1.60,7468
1.62,7467
1.62,7466
1.62,7465
1.63,7464
1.63,7463
1.63,7462
1.63,7461
1.63,7460
1.63,7459
1.63,7458
1.63,7457
1.64,7456
1.64,7455
1.65,7454
1.65,7453
1.65,7452
1.65,7451
1.65,7450
1.68,7449
1.68,7448
1.68,7447
1.69,7446
1.73,7445
1.77,7444
1.77,7443
1.77,7442
1.77,7441
1.77,7440
1.77,7439
1.77,7438
1.85,7437
1.86,7436
1.86,7435
1.86,7434
1.86,7433
1.86,7432
1.86,7431
1.86,7430
1.86,7429
1.86,7428
1.87,7427
1.87,7426
1.87,7425
2.09,7424
2.09,7423
2.09,7422
2.09,7421
2.09,7420
2.13,7419
2.39,7418
2.39,7417
2.39,7416
2.39,7415
2.39,7414
2.39,7413
2.39,7412
2.40,7411
2.41,7410
2.41,7409
2.41,7408
2.42,7407
2.43,7406
2.43,7405
2.43,7404
2.43,7403
2.44,7402
2.44,7401
2.44,7400
2.44,7399
2.47,7398
2.47,7397
2.47,7396
2.47,7395
2.55,7394
2.55,7393
2.55,7392
2.55,7391
2.55,7390
2.55,7389
2.55,7388
2.55,7387
2.55,7386
2.55,7385
2.55,7384
2.55,7383
2.56,7382
2.56,7381
2.56,7380
2.56,7379
2.57,7378
2.57,7377
2.57,7376
2.60,7375
2.60,7374
2.62,7373
2.62,7372
2.62,7371
2.62,7370
2.63,7369
2.63,7368
2.63,7367
2.66,7366
2.66,7365
2.67,7364
2.76,7363
2.76,7362
2.76,7361
2.76,7360
2.83,7359
2.83,7358
2.95,7357
2.96,7356
2.96,7355
2.96,7354
2.96,7353
2.96,7352
2.97,7351
2.97,7350
2.97,7349
2.97,7348
2.98,7347
2.98,7346
2.98,7345
2.98,7344
2.99,7343
2.99,7342
2.99,7341
2.99,7340
2.99,7339
3.02,7338
3.02,7337
3.03,7336
3.03,7335
3.04,7334
3.05,7333
3.05,7332
3.05,7331
3.05,7330
3.05,7329
3.05,7328
3.05,7327
3.05,7326
3.05,7325
3.05,7324
3.05,7323
3.05,7322
3.05,7321
3.05,7320
3.05,7319
3.08,7318
3.08,7317
3.08,7316
3.31,7315
3.31,7314
3.31,7313
3.39,7312
3.39,7311
3.39,7310
3.39,7309
3.39,7308
3.39,7307
3.40,7306
3.40,7305
3.40,7304
3.40,7303
3.40,7302
3.40,7301
3.40,7300
3.40,7299
3.40,7298
3.42,7297
3.42,7296
3.43,7295
3.43,7294
3.43,7293
3.74,7292
3.74,7291
3.74,7290
3.75,7289
3.89,7288
3.89,7287
3.89,7286
3.90,7285
3.90,7284
3.90,7283
3.90,7282
3.90,7281
3.90,7280
3.91,7279
3.91,7278
3.91,7277
3.92,7276
3.93,7275
3.93,7274
3.96,7273
3.99,7272
3.99,7271
4.15,7270
4.17,7269
4.70,7268
4.70,7267
4.70,7266
4.73,7265
4.74,7264
4.74,7263
4.74,7262
4.74,7261
4.74,7260
4.76,7259
4.76,7258
4.76,7257
4.76,7256
4.76,7255
4.77,7254
4.77,7253
4.77,7252
4.78,7251
4.78,7250
4.79,7249
4.81,7248
4.82,7247
4.82,7246
4.82,7245
4.82,7244
4.82,7243
4.96,7242
4.96,7241
4.96,7240
4.97,7239
6.45,7238
6.45,7237
6.45,7236
6.45,7235
6.45,7234
6.46,7233
6.46,7232
6.46,7231
6.47,7230
6.47,7229
6.47,7228
6.48,7227
6.48,7226
6.48,7225
6.48,7224
6.49,7223
6.49,7222
6.50,7221
6.50,7220
6.50,7219
6.50,7218
6.50,7217
6.50,7216
6.50,7215
6.50,7214
6.50,7213
6.51,7212
6.52,7211
6.58,7210
6.59,7209
6.59,7208
6.79,7207
6.79,7206
6.79,7205
6.79,7204
6.79,7203
7.46,7202
7.47,7201
7.47,7200
7.47,7199
7.47,7198
7.48,7197
7.49,7196
7.49,7195
7.52,7194
7.52,7193
7.52,7192
7.52,7191
7.54,7190
7.54,7189
7.55,7188
7.71,7187
7.71,7186
7.71,7185
7.71,7184
7.71,7183
7.71,7182
11.18,7181
11.18,7180
11.18,7179
11.18,7178
11.18,7177
11.18,7176
11.18,7175
11.19,7174
20.90,7173
20.91,7172
21.02,7171
21.02,7170
21.03,7169
21.03,7168
21.03,7167
21.03,7166
21.04,7165
21.04,7164
21.07,7163
22.57,7162
22.57,7161
22.57,7160
22.97,7159
22.97,7158
22.98,7157
23.10,7156
23.10,7155
23.10,7154
23.10,7153
23.10,7152
23.11,7151
23.12,7150
23.12,7149
23.12,7148
23.29,7147
23.29,7146
23.29,7145
23.29,7144
23.30,7143
23.30,7142
23.30,7141
23.32,7140
23.71,7139
23.71,7138
23.71,7137
23.72,7136
23.72,7135
23.72,7134
23.72,7133
23.73,7132
23.84,7131
23.84,7130
23.84,7129
23.84,7128
23.89,7127
23.90,7126
23.96,7125
23.96,7124
23.96,7123
23.96,7122
23.96,7121
23.96,7120
23.96,7119
23.96,7118
23.96,7117
23.96,7116
23.97,7115
23.97,7114
23.97,7113
23.97,7112
23.97,7111
23.97,7110
23.98,7109
23.99,7108
23.99,7107
23.99,7106
23.99,7105
23.99,7104
24.15,7103
24.18,7102
24.18,7101
24.19,7100
24.19,7099
24.19,7098
24.19,7097
24.20,7096
24.44,7095
24.44,7094
24.44,7093
24.44,7092
24.44,7091
24.70,7090
24.70,7089
24.70,7088
24.72,7087
24.73,7086
25.16,7085
25.17,7084
25.17,7083
25.18,7082
25.18,7081
25.47,7080
25.67,7079
25.67,7078
25.67,7077
25.67,7076
25.73,7075
25.74,7074
25.74,7073
25.74,7072
25.78,7071
25.78,7070
25.78,7069
25.96,7068
25.99,7067
26.68,7066
26.69,7065
26.69,7064
26.69,7063
26.69,7062
26.69,7061
26.69,7060
26.69,7059
26.70,7058
26.72,7057
26.72,7056
26.79,7055
26.79,7054
26.79,7053
26.79,7052
26.79,7051
26.81,7050
26.85,7049
26.85,7048
28.08,7047
28.08,7046
28.09,7045
28.09,7044
28.10,7043
28.10,7042
28.21,7041
28.21,7040
28.21,7039
28.21,7038
28.21,7037
28.21,7036
28.22,7035
28.22,7034
28.22,7033
28.22,7032
28.22,7031
28.22,7030
28.22,7029
28.22,7028
28.23,7027
28.24,7026
28.24,7025
28.24,7024
28.58,7023
28.59,7022
28.59,7021
28.59,7020
28.74,7019
28.74,7018
28.75,7017
28.75,7016
28.75,7015
28.75,7014
28.75,7013
28.75,7012
28.75,7011
28.75,7010
28.76,7009
28.76,7008
28.76,7007
28.81,7006
28.81,7005
28.81,7004
28.81,7003
28.81,7002
28.81,7001
28.81,7000
28.81,6999
28.83,6998
28.84,6997
28.84,6996
29.12,6995
29.13,6994
29.13,6993
29.14,6992
29.14,6991
29.14,6990
29.14,6989
29.14,6988
29.14,6987
29.14,6986
29.14,6985
29.15,6984
29.15,6983
29.15,6982
29.18,6981
29.18,6980
29.22,6979
29.55,6978
29.55,6977
29.55,6976
29.55,6975
29.55,6974
29.55,6973
29.56,6972
29.56,6971
29.56,6970
29.57,6969
29.57,6968
29.77,6967
29.77,6966
29.85,6965
29.86,6964
29.87,6963
29.90,6962
29.90,6961
30.41,6960
30.41,6959
30.45,6958
30.45,6957
30.45,6956
30.45,6955
30.46,6954
30.46,6953
30.52,6952
30.52,6951
30.52,6950
30.52,6949
30.56,6948
30.58,6947
30.59,6946
30.59,6945
30.60,6944
30.61,6943
30.62,6942
30.62,6941
30.63,6940
30.63,6939
30.63,6938
30.64,6937
30.64,6936
30.64,6935
30.64,6934
30.64,6933
30.64,6932
30.65,6931
30.66,6930
30.67,6929
30.67,6928
30.67,6927
30.91,6926
32.09,6925
32.11,6924
32.11,6923
32.15,6922
32.15,6921
32.15,6920
32.55,6919
32.56,6918
32.56,6917
32.56,6916
32.57,6915
32.58,6914
32.58,6913
32.59,6912
32.60,6911
32.60,6910
32.60,6909
32.60,6908
32.61,6907
32.61,6906
32.61,6905
32.68,6904
32.68,6903
32.69,6902
32.69,6901
32.69,6900
32.69,6899
32.69,6898
32.70,6897
32.70,6896
32.70,6895
32.70,6894
32.70,6893
32.70,6892
32.70,6891
32.70,6890
32.71,6889
32.72,6888
32.72,6887
32.73,6886
32.73,6885
32.74,6884
32.74,6883
32.74,6882
32.75,6881
32.75,6880
32.75,6879
32.75,6878
32.75,6877
32.75,6876
32.75,6875
32.99,6874
32.99,6873
32.99,6872
32.99,6871
32.99,6870
32.99,6869
33.00,6868
33.00,6867
33.00,6866
33.00,6865
33.00,6864
33.00,6863
33.00,6862
33.02,6861
33.03,6860
33.04,6859
33.05,6858
33.05,6857
33.05,6856
33.06,6855
33.06,6854
33.06,6853
33.06,6852
33.07,6851
33.07,6850
33.07,6849
33.07,6848
33.07,6847
33.15,6846
33.16,6845
33.16,6844
33.18,6843
33.18,6842
33.19,6841
33.19,6840
33.19,6839
33.20,6838
33.20,6837
33.20,6836
33.20,6835
33.20,6834
33.23,6833
33.23,6832
33.23,6831
33.23,6830
33.52,6829
33.54,6828
33.58,6827
33.58,6826
33.58,6825
33.59,6824
33.59,6823
33.59,6822
33.92,6821
33.92,6820
33.92,6819
33.92,6818
33.92,6817
33.93,6816
33.93,6815
33.93,6814
33.93,6813
33.93,6812
33.93,6811
33.93,6810
33.93,6809
33.93,6808
34.46,6807
34.47,6806
34.47,6805
34.48,6804
34.48,6803
34.57,6802
34.58,6801
34.68,6800
34.68,6799
34.69,6798
34.69,6797
34.69,6796
34.73,6795
34.73,6794
34.73,6793
34.74,6792
34.74,6791
34.74,6790
34.74,6789
34.74,6788
34.74,6787
34.78,6786
34.78,6785
34.79,6784
34.83,6783
34.94,6782
34.94,6781
34.94,6780
34.97,6779
34.97,6778
34.97,6777
34.98,6776
34.98,6775
34.98,6774
35.21,6773
35.21,6772
35.32,6771
35.32,6770
35.45,6769
35.45,6768
35.45,6767
35.47,6766
35.47,6765
35.48,6764
35.48,6763
35.49,6762
35.50,6761
35.50,6760
35.52,6759
35.53,6758
35.57,6757
35.57,6756
35.57,6755
35.57,6754
35.57,6753
35.57,6752
35.57,6751
35.58,6750
35.58,6749
35.58,6748
35.58,6747
35.58,6746
35.58,6745
35.58,6744
35.58,6743
35.58,6742
35.58,6741
35.58,6740
35.58,6739
35.59,6738
35.61,6737
35.61,6736
35.70,6735
35.70,6734
35.80,6733
35.80,6732
35.80,6731
35.80,6730
35.82,6729
35.82,6728
35.84,6727
35.85,6726
35.85,6725
35.86,6724
35.86,6723
35.86,6722
35.86,6721
35.87,6720
35.87,6719
35.90,6718
35.90,6717
35.91,6716
35.91,6715
35.99,6714
35.99,6713
36.32,6712
36.51,6711
36.51,6710
36.53,6709
36.53,6708
36.53,6707
36.54,6706
36.54,6705
36.55,6704
36.55,6703
36.55,6702
36.55,6701
36.56,6700
36.58,6699
36.59,6698
36.59,6697
36.59,6696
36.59,6695
36.60,6694
36.60,6693
36.60,6692
36.60,6691
36.60,6690
36.60,6689
36.67,6688
36.67,6687
36.67,6686
37.30,6685
37.31,6684
37.31,6683
37.34,6682
37.34,6681
37.35,6680
37.98,6679
37.98,6678
37.98,6677
37.98,6676
37.98,6675
38.00,6674
38.00,6673
38.01,6672
38.01,6671
38.01,6670
38.02,6669
38.02,6668
38.29,6667
38.30,6666
38.30,6665
38.30,6664
38.30,6663
38.31,6662
38.31,6661
38.31,6660
38.46,6659
38.46,6658
38.51,6657
38.51,6656
38.51,6655
38.52,6654
38.52,6653
38.52,6652
38.52,6651
38.52,6650
38.52,6649
38.52,6648
38.52,6647
38.53,6646
38.53,6645
38.53,6644
38.53,6643
38.54,6642
38.54,6641
38.54,6640
38.55,6639
38.59,6638
38.59,6637
38.60,6636
38.60,6635
38.61,6634
38.61,6633
38.61,6632
38.61,6631
38.61,6630
38.61,6629
38.72,6628
38.72,6627
38.75,6626
38.76,6625
38.76,6624
38.76,6623
38.76,6622
38.88,6621
38.88,6620
39.13,6619
39.13,6618
39.13,6617
39.13,6616
39.13,6615
39.13,6614
39.16,6613
39.16,6612
39.17,6611
39.17,6610
39.22,6609
39.23,6608
39.23,6607
39.23,6606
39.26,6605
39.27,6604
39.27,6603
39.27,6602
39.27,6601
39.28,6600
39.28,6599
39.28,6598
39.29,6597
39.30,6596
39.30,6595
39.30,6594
39.30,6593
39.30,6592
39.30,6591
39.30,6590
39.30,6589
39.30,6588
39.30,6587
39.30,6586
39.30,6585
39.31,6584
39.31,6583
39.31,6582
39.31,6581
39.32,6580
39.32,6579
39.46,6578
39.46,6577
39.47,6576
39.47,6575
39.88,6574
39.88,6573
39.88,6572
39.89,6571
39.89,6570
39.89,6569
39.89,6568
39.89,6567
39.91,6566
39.92,6565
39.92,6564
39.92,6563
39.92,6562
39.97,6561
39.97,6560
39.99,6559
40.01,6558
40.01,6557
40.02,6556
40.02,6555
40.06,6554
40.06,6553
40.07,6552
40.15,6551
40.15,6550
40.15,6549
40.16,6548
40.16,6547
40.16,6546
40.16,6545
40.20,6544
40.20,6543
40.20,6542
40.20,6541
40.28,6540
40.28,6539
40.29,6538
40.29,6537
40.29,6536
40.37,6535
40.37,6534
40.38,6533
40.38,6532
40.38,6531
40.38,6530
40.38,6529
40.40,6528
40.40,6527
40.40,6526
40.40,6525
40.40,6524
40.42,6523
40.42,6522
40.42,6521
40.42,6520
40.43,6519
40.43,6518
40.48,6517
40.48,6516
40.48,6515
40.48,6514
40.60,6513
40.60,6512
40.60,6511
40.60,6510
40.60,6509
40.62,6508
40.62,6507
41.04,6506
41.07,6505
41.10,6504
41.10,6503
41.10,6502
41.10,6501
41.10,6500
41.13,6499
41.13,6498
41.15,6497
41.15,6496
41.15,6495
41.15,6494
41.17,6493
41.23,6492
41.23,6491
41.24,6490
41.24,6489
41.24,6488
41.26,6487
41.28,6486
41.35,6485
41.36,6484
41.43,6483
41.43,6482
41.43,6481
41.43,6480
41.43,6479
41.43,6478
41.43,6477
41.43,6476
41.43,6475
41.43,6474
41.44,6473
41.44,6472
41.44,6471
41.44,6470
41.45,6469
41.48,6468
41.48,6467
41.48,6466
41.48,6465
41.48,6464
41.50,6463
41.54,6462
41.54,6461
41.56,6460
41.56,6459
41.56,6458
41.59,6457
41.60,6456
41.60,6455
41.66,6454
41.66,6453
41.67,6452
41.67,6451
41.67,6450
41.68,6449
41.68,6448
41.70,6447
41.71,6446
41.72,6445
41.73,6444
41.74,6443
41.74,6442
41.74,6441
41.74,6440
41.74,6439
41.74,6438
41.74,6437
41.76,6436
41.77,6435
41.77,6434
41.77,6433
41.78,6432
41.78,6431
41.80,6430
41.80,6429
41.80,6428
41.80,6427
41.81,6426
41.81,6425
41.81,6424
41.82,6423
41.87,6422
41.88,6421
41.89,6420
41.89,6419
41.98,6418
42.00,6417
42.00,6416
42.00,6415
42.00,6414
42.03,6413
42.03,6412
42.03,6411
42.04,6410
42.04,6409
42.04,6408
42.05,6407
42.05,6406
42.05,6405
42.05,6404
42.06,6403
42.07,6402
42.07,6401
42.07,6400
42.07,6399
42.09,6398
42.11,6397
42.12,6396
42.13,6395
42.14,6394
42.14,6393
42.17,6392
42.17,6391
42.17,6390
42.17,6389
42.18,6388
42.18,6387
42.18,6386
42.19,6385
42.21,6384
42.21,6383
42.21,6382
42.23,6381
42.24,6380
42.24,6379
42.26,6378
42.27,6377
42.27,6376
42.35,6375
42.35,6374
42.39,6373
42.39,6372
42.61,6371
42.62,6370
42.62,6369
42.62,6368
42.62,6367
42.62,6366
42.62,6365
42.62,6364
42.62,6363
42.63,6362
42.63,6361
42.63,6360
42.65,6359
42.65,6358
42.65,6357
42.71,6356
42.71,6355
42.71,6354
42.72,6353
42.72,6352
42.72,6351
42.72,6350
42.73,6349
42.75,6348
42.75,6347
42.88,6346
42.89,6345
42.89,6344
42.89,6343
42.89,6342
42.89,6341
42.89,6340
42.90,6339
42.91,6338
42.94,6337
42.94,6336
42.95,6335
42.97,6334
42.97,6333
42.97,6332
42.98,6331
43.09,6330
43.19,6329
43.19,6328
43.19,6327
43.20,6326
43.20,6325
43.21,6324
43.27,6323
43.27,6322
43.27,6321
43.68,6320
43.69,6319
43.69,6318
43.69,6317
43.71,6316
43.72,6315
43.72,6314
43.74,6313
43.75,6312
43.81,6311
43.92,6310
43.92,6309
43.92,6308
43.92,6307
43.92,6306
43.92,6305
43.92,6304
43.93,6303
43.93,6302
43.93,6301
43.95,6300
43.95,6299
43.95,6298
43.95,6297
43.95,6296
43.95,6295
43.96,6294
43.96,6293
43.97,6292
43.97,6291
43.97,6290
43.97,6289
43.97,6288
43.97,6287
43.98,6286
44.04,6285
44.06,6284
44.07,6283
44.12,6282
44.15,6281
44.15,6280
44.15,6279
44.15,6278
44.16,6277
44.18,6276
44.18,6275
44.19,6274
44.19,6273
44.19,6272
44.46,6271
44.53,6270
44.54,6269
44.54,6268
44.59,6267
44.59,6266
44.61,6265
44.62,6264
44.67,6263
44.67,6262
44.68,6261
44.70,6260
44.77,6259
44.77,6258
44.77,6257
44.79,6256
44.81,6255
44.81,6254
44.82,6253
44.82,6252
44.84,6251
44.84,6250
44.84,6249
44.84,6248
44.85,6247
44.85,6246
44.85,6245
44.85,6244
44.85,6243
44.85,6242
45.07,6241
45.07,6240
45.07,6239
45.07,6238
45.13,6237
45.13,6236
45.16,6235
45.16,6234
45.18,6233
45.19,6232
45.19,6231
45.25,6230
45.29,6229
45.29,6228
45.29,6227
45.29,6226
45.29,6225
45.29,6224
45.31,6223
45.32,6222
45.32,6221
45.32,6220
45.38,6219
45.38,6218
45.38,6217
45.38,6216
45.38,6215
45.43,6214
45.43,6213
45.43,6212
45.44,6211
45.44,6210
45.44,6209
45.44,6208
45.44,6207
45.45,6206
45.45,6205
45.46,6204
45.46,6203
45.49,6202
45.49,6201
45.50,6200
45.50,6199
45.51,6198
45.51,6197
45.52,6196
45.53,6195
45.53,6194
45.53,6193
45.54,6192
45.54,6191
45.57,6190
45.58,6189
45.58,6188
45.58,6187
45.58,6186
45.58,6185
45.58,6184
45.58,6183
45.64,6182
45.65,6181
45.74,6180
45.75,6179
45.85,6178
45.85,6177
45.88,6176
45.88,6175
45.88,6174
45.88,6173
45.89,6172
45.89,6171
45.93,6170
45.93,6169
45.93,6168
45.94,6167
45.94,6166
45.94,6165
45.94,6164
45.94,6163
45.95,6162
45.95,6161
45.95,6160
45.95,6159
45.96,6158
45.96,6157
46.13,6156
46.16,6155
46.16,6154
46.16,6153
46.16,6152
46.17,6151
46.17,6150
46.17,6149
46.77,6148
46.78,6147
46.89,6146
46.89,6145
46.92,6144
46.92,6143
46.96,6142
46.96,6141
46.97,6140
46.97,6139
46.97,6138
46.97,6137
47.06,6136
47.09,6135
47.10,6134
47.10,6133
47.11,6132
47.11,6131
47.13,6130
47.13,6129
47.14,6128
47.14,6127
47.14,6126
47.16,6125
47.29,6124
47.29,6123
47.30,6122
47.30,6121
47.30,6120
47.30,6119
47.30,6118
47.30,6117
47.30,6116
47.31,6115
47.31,6114
47.32,6113
47.34,6112
47.34,6111
47.34,6110
47.34,6109
47.34,6108
47.35,6107
47.36,6106
47.36,6105
47.36,6104
47.36,6103
47.36,6102
47.36,6101
47.37,6100
47.37,6099
47.38,6098
47.38,6097
47.40,6096
47.41,6095
47.41,6094
47.42,6093
47.54,6092
47.54,6091
47.54,6090
47.55,6089
47.55,6088
47.55,6087
47.58,6086
47.58,6085
47.58,6084
47.62,6083
47.63,6082
47.68,6081
47.69,6080
47.69,6079
47.69,6078
47.70,6077
47.75,6076
47.76,6075
47.76,6074
47.76,6073
47.76,6072
47.77,6071
47.77,6070
47.77,6069
47.77,6068
47.78,6067
47.79,6066
47.80,6065
47.80,6064
47.94,6063
47.95,6062
47.95,6061
47.95,6060
47.96,6059
47.96,6058
47.96,6057
47.96,6056
47.96,6055
47.97,6054
47.97,6053
47.97,6052
47.97,6051
48.01,6050
48.01,6049
48.01,6048
48.01,6047
48.03,6046
48.03,6045
48.04,6044
48.19,6043
48.19,6042
48.28,6041
48.28,6040
48.29,6039
48.29,6038
48.29,6037
48.29,6036
48.30,6035
48.30,6034
48.30,6033
48.30,6032
48.30,6031
48.31,6030
48.31,6029
48.32,6028
48.32,6027
48.34,6026
48.34,6025
48.35,6024
48.35,6023
48.35,6022
48.36,6021
48.37,6020
48.37,6019
48.37,6018
48.37,6017
48.39,6016
48.39,6015
48.40,6014
48.40,6013
48.40,6012
48.41,6011
48.41,6010
48.41,6009
48.41,6008
48.41,6007
48.42,6006
48.42,6005
48.42,6004
48.42,6003
48.42,6002
48.43,6001
48.43,6000
48.43,5999
48.46,5998
48.47,5997
48.47,5996
48.47,5995
48.47,5994
48.47,5993
48.56,5992
48.56,5991
48.61,5990
48.81,5989
48.81,5988
48.82,5987
48.82,5986
48.82,5985
48.82,5984
48.83,5983
48.83,5982
48.83,5981
48.85,5980
48.85,5979
48.86,5978
48.86,5977
48.86,5976
48.86,5975
48.86,5974
48.86,5973
48.86,5972
48.86,5971
48.87,5970
48.91,5969
48.92,5968
48.92,5967
48.92,5966
48.92,5965
48.93,5964
49.03,5963
49.10,5962
49.10,5961
49.10,5960
49.19,5959
49.19,5958
49.19,5957
49.20,5956
49.20,5955
49.21,5954
49.21,5953
49.23,5952
49.34,5951
49.34,5950
49.34,5949
49.34,5948
49.40,5947
49.41,5946
49.41,5945
49.41,5944
49.48,5943
49.64,5942
49.64,5941
49.64,5940
49.64,5939
49.64,5938
49.64,5937
49.65,5936
49.66,5935
49.67,5934
49.67,5933
49.67,5932
49.67,5931
49.70,5930
49.70,5929
49.70,5928
49.70,5927
49.70,5926
49.74,5925
49.74,5924
49.74,5923
49.75,5922
49.84,5921
49.84,5920
49.84,5919
49.94,5918
49.94,5917
49.94,5916
49.96,5915
49.96,5914
49.96,5913
49.97,5912
49.99,5911
49.99,5910
49.99,5909
50.00,5908
50.10,5907
50.11,5906
50.12,5905
50.13,5904
50.13,5903
50.16,5902
50.16,5901
50.16,5900
50.16,5899
50.16,5898
50.17,5897
50.17,5896
50.17,5895
50.17,5894
50.17,5893
50.18,5892
50.18,5891
50.20,5890
50.23,5889
50.23,5888
50.26,5887
50.26,5886
50.27,5885
50.27,5884
50.27,5883
50.28,5882
50.28,5881
50.28,5880
50.28,5879
50.30,5878
50.30,5877
50.35,5876
50.36,5875
50.36,5874
50.40,5873
50.40,5872
50.40,5871
50.40,5870
50.42,5869
50.42,5868
50.42,5867
50.42,5866
50.43,5865
50.44,5864
50.44,5863
50.50,5862
50.50,5861
50.50,5860
50.50,5859
50.51,5858
50.51,5857
50.51,5856
50.51,5855
50.53,5854
50.53,5853
50.53,5852
50.54,5851
50.54,5850
50.54,5849
50.54,5848
50.59,5847
50.61,5846
50.63,5845
50.63,5844
50.74,5843
50.74,5842
50.75,5841
51.22,5840
51.32,5839
51.32,5838
51.33,5837
51.34,5836
51.34,5835
51.34,5834
51.34,5833
51.35,5832
51.35,5831
51.36,5830
51.36,5829
51.38,5828
51.38,5827
51.40,5826
51.49,5825
51.49,5824
51.49,5823
51.50,5822
51.50,5821
51.54,5820
51.57,5819
51.57,5818
51.57,5817
51.58,5816
51.58,5815
51.58,5814
51.61,5813
51.65,5812
51.65,5811
51.65,5810
51.66,5809
51.66,5808
51.66,5807
51.68,5806
51.70,5805
51.70,5804
51.70,5803
51.70,5802
51.70,5801
51.70,5800
51.72,5799
51.72,5798
51.73,5797
51.73,5796
51.73,5795
51.73,5794
51.74,5793
51.76,5792
51.76,5791
51.80,5790
51.80,5789
51.81,5788
51.81,5787
51.81,5786
51.94,5785
51.94,5784
51.94,5783
51.95,5782
51.96,5781
51.97,5780
51.98,5779
51.98,5778
51.99,5777
52.00,5776
52.04,5775
52.04,5774
52.05,5773
52.05,5772
52.07,5771
52.07,5770
52.07,5769
52.08,5768
52.08,5767
52.08,5766
52.08,5765
52.17,5764
52.17,5763
52.18,5762
52.18,5761
52.22,5760
52.31,5759
52.31,5758
52.32,5757
52.32,5756
52.32,5755
52.32,5754
52.32,5753
52.33,5752
52.54,5751
52.54,5750
52.54,5749
52.61,5748
52.64,5747
52.66,5746
52.66,5745
52.67,5744
52.67,5743
52.69,5742
52.69,5741
52.69,5740
52.70,5739
52.72,5738
52.72,5737
52.72,5736
52.73,5735
52.73,5734
52.73,5733
52.73,5732
52.77,5731
52.77,5730
52.77,5729
52.80,5728
52.86,5727
52.86,5726
52.87,5725
52.87,5724
52.87,5723
52.91,5722
52.91,5721
52.95,5720
52.95,5719
52.95,5718
52.96,5717
52.96,5716
52.97,5715
52.97,5714
52.98,5713
52.99,5712
53.00,5711
53.05,5710
53.06,5709
53.09,5708
53.09,5707
53.10,5706
53.10,5705
53.10,5704
53.10,5703
53.11,5702
53.14,5701
53.16,5700
53.17,5699
53.17,5698
53.17,5697
53.18,5696
53.21,5695
53.23,5694
53.24,5693
53.24,5692
53.24,5691
53.24,5690
53.25,5689
53.25,5688
53.29,5687
53.30,5686
53.30,5685
53.33,5684
53.34,5683
53.35,5682
53.35,5681
53.36,5680
53.40,5679
53.41,5678
53.43,5677
53.48,5676
53.48,5675
53.49,5674
53.50,5673
53.57,5672
53.57,5671
53.58,5670
53.58,5669
53.59,5668
53.59,5667
53.59,5666
53.59,5665
53.62,5664
53.74,5663
53.75,5662
53.75,5661
53.78,5660
53.79,5659
53.79,5658
53.80,5657
53.80,5656
53.91,5655
54.03,5654
54.04,5653
54.06,5652
54.07,5651
54.07,5650
54.07,5649
54.10,5648
54.12,5647
54.14,5646
54.14,5645
54.15,5644
54.31,5643
54.31,5642
54.32,5641
54.40,5640
54.40,5639
54.40,5638
54.41,5637
54.43,5636
54.43,5635
54.44,5634
54.45,5633
54.45,5632
54.53,5631
54.53,5630
54.60,5629
54.63,5628
54.64,5627
54.64,5626
54.65,5625
54.65,5624
54.65,5623
54.66,5622
54.66,5621
54.67,5620
54.67,5619
54.67,5618
54.67,5617
54.73,5616
54.74,5615
54.74,5614
54.81,5613
54.82,5612
54.93,5611
54.94,5610
54.94,5609
54.94,5608
54.95,5607
54.95,5606
54.95,5605
54.99,5604
54.99,5603
54.99,5602
54.99,5601
54.99,5600
54.99,5599
55.04,5598
55.04,5597
55.04,5596
55.07,5595
55.07,5594
55.07,5593
55.09,5592
55.09,5591
55.10,5590
55.10,5589
55.10,5588
55.10,5587
55.12,5586
55.13,5585
55.13,5584
55.23,5583
55.24,5582
55.24,5581
55.32,5580
55.37,5579
55.37,5578
55.38,5577
55.39,5576
55.43,5575
55.46,5574
55.46,5573
55.49,5572
55.49,5571
55.49,5570
55.50,5569
55.70,5568
55.70,5567
55.71,5566
55.74,5565
55.79,5564
55.79,5563
55.80,5562
55.83,5561
55.89,5560
55.89,5559
55.90,5558
55.91,5557
55.91,5556
55.94,5555
55.94,5554
55.94,5553
55.94,5552
56.03,5551
56.03,5550
56.03,5549
56.04,5548
56.04,5547
56.05,5546
56.05,5545
56.06,5544
56.41,5543
56.41,5542
56.42,5541
56.42,5540
56.43,5539
56.43,5538
56.47,5537
56.51,5536
56.51,5535
56.51,5534
56.51,5533
56.52,5532
56.53,5531
56.53,5530
56.53,5529
56.53,5528
56.53,5527
56.53,5526
56.54,5525
56.54,5524
56.55,5523
56.55,5522
56.56,5521
56.57,5520
56.57,5519
56.62,5518
56.62,5517
56.63,5516
56.63,5515
56.63,5514
56.69,5513
56.70,5512
56.73,5511
56.73,5510
56.79,5509
56.79,5508
56.80,5507
56.80,5506
56.81,5505
56.82,5504
56.82,5503
56.82,5502
56.82,5501
56.90,5500
56.96,5499
56.96,5498
56.96,5497
56.96,5496
56.97,5495
56.98,5494
56.99,5493
56.99,5492
57.01,5491
57.45,5490
57.45,5489
57.45,5488
57.52,5487
57.54,5486
57.56,5485
57.56,5484
57.57,5483
57.57,5482
57.64,5481
57.64,5480
57.65,5479
57.65,5478
57.73,5477
57.73,5476
57.73,5475
57.74,5474
57.74,5473
57.74,5472
57.75,5471
57.75,5470
57.77,5469
57.77,5468
57.81,5467
57.81,5466
57.83,5465
57.83,5464
57.84,5463
57.84,5462
57.84,5461
57.84,5460
57.84,5459
57.85,5458
57.85,5457
57.86,5456
57.87,5455
57.87,5454
57.87,5453
57.87,5452
57.91,5451
57.95,5450
57.99,5449
58.00,5448
58.00,5447
58.01,5446
58.27,5445
58.30,5444
58.32,5443
58.32,5442
58.34,5441
58.39,5440
58.39,5439
58.39,5438
58.40,5437
58.46,5436
58.46,5435
58.46,5434
58.46,5433
58.47,5432
58.47,5431
58.48,5430
58.48,5429
58.59,5428
58.59,5427
58.61,5426
58.61,5425
58.61,5424
58.63,5423
58.64,5422
58.65,5421
58.68,5420
58.69,5419
58.69,5418
58.89,5417
58.93,5416
58.94,5415
58.94,5414
58.95,5413
58.95,5412
58.96,5411
58.98,5410
58.99,5409
59.01,5408
59.02,5407
59.03,5406
59.14,5405
59.15,5404
59.25,5403
59.26,5402
59.26,5401
59.27,5400
59.28,5399
59.29,5398
59.29,5397
59.31,5396
59.32,5395
59.32,5394
59.32,5393
59.33,5392
59.33,5391
59.33,5390
59.34,5389
59.34,5388
59.40,5387
59.40,5386
59.40,5385
59.50,5384
59.50,5383
59.53,5382
59.53,5381
59.55,5380
59.62,5379
59.62,5378
59.62,5377
59.71,5376
59.73,5375
59.74,5374
59.74,5373
59.74,5372
59.76,5371
59.96,5370
59.97,5369
60.00,5368
60.00,5367
60.00,5366
60.01,5365
60.02,5364
60.02,5363
60.10,5362
60.12,5361
60.12,5360
60.13,5359
60.16,5358
60.17,5357
60.18,5356
60.39,5355
60.41,5354
60.43,5353
60.43,5352
60.51,5351
60.51,5350
60.51,5349
60.52,5348
60.52,5347
60.52,5346
60.53,5345
60.53,5344
60.56,5343
60.56,5342
60.57,5341
60.57,5340
60.58,5339
60.58,5338
60.58,5337
60.58,5336
60.58,5335
60.59,5334
60.59,5333
60.59,5332
60.62,5331
60.62,5330
60.63,5329
60.63,5328
60.63,5327
60.64,5326
60.64,5325
60.71,5324
60.71,5323
60.71,5322
60.71,5321
60.71,5320
60.77,5319
60.82,5318
60.90,5317
60.90,5316
60.90,5315
60.90,5314
60.91,5313
60.91,5312
60.92,5311
60.92,5310
60.97,5309
60.97,5308
61.00,5307
61.00,5306
61.00,5305
61.00,5304
61.02,5303
61.03,5302
61.05,5301
61.10,5300
61.42,5299
61.43,5298
61.56,5297
61.57,5296
61.57,5295
61.58,5294
61.59,5293
61.59,5292
61.81,5291
61.81,5290
61.82,5289
61.82,5288
61.89,5287
61.90,5286
61.90,5285
61.99,5284
62.00,5283
62.01,5282
62.02,5281
62.04,5280
62.04,5279
62.06,5278
62.06,5277
62.06,5276
62.12,5275
62.13,5274
62.14,5273
62.16,5272
62.16,5271
62.76,5270
62.78,5269
62.79,5268
62.79,5267
62.81,5266
62.82,5265
62.87,5264
62.88,5263
62.88,5262
62.90,5261
62.90,5260
62.90,5259
62.90,5258
62.91,5257
62.94,5256
62.94,5255
62.94,5254
63.11,5253
63.11,5252
63.11,5251
63.12,5250
63.14,5249
63.16,5248
63.16,5247
63.52,5246
63.54,5245
63.68,5244
63.69,5243
63.69,5242
63.70,5241
63.72,5240
63.72,5239
63.73,5238
63.74,5237
63.74,5236
63.74,5235
63.75,5234
63.75,5233
63.76,5232
63.80,5231
63.82,5230
63.88,5229
63.89,5228
64.76,5227
64.77,5226
64.95,5225
65.11,5224
65.13,5223
65.13,5222
65.14,5221
65.15,5220
65.16,5219
65.16,5218
65.19,5217
65.19,5216
65.22,5215
65.41,5214
65.41,5213
65.42,5212
65.43,5211
65.43,5210
65.43,5209
65.46,5208
65.47,5207
65.47,5206
65.47,5205
65.47,5204
65.47,5203
65.48,5202
65.52,5201
65.55,5200
65.56,5199
65.56,5198
65.86,5197
65.86,5196
65.90,5195
65.90,5194
65.91,5193
65.96,5192
65.96,5191
65.97,5190
66.06,5189
66.11,5188
66.31,5187
66.35,5186
66.38,5185
66.39,5184
66.39,5183
66.40,5182
66.40,5181
66.40,5180
66.41,5179
66.48,5178
67.27,5177
67.27,5176
67.28,5175
67.41,5174
67.41,5173
67.43,5172
67.48,5171
67.51,5170
67.55,5169
67.57,5168
67.60,5167
67.61,5166
67.63,5165
67.64,5164
67.68,5163
67.69,5162
67.69,5161
67.69,5160
67.69,5159
67.70,5158
67.71,5157
67.71,5156
67.72,5155
67.72,5154
67.75,5153
67.75,5152
67.75,5151
67.75,5150
67.76,5149
67.86,5148
67.88,5147
67.89,5146
67.89,5145
67.89,5144
68.18,5143
68.20,5142
68.20,5141
68.24,5140
68.24,5139
68.25,5138
68.30,5137
68.34,5136
68.83,5135
68.84,5134
68.84,5133
68.86,5132
68.88,5131
68.97,5130
68.97,5129
69.17,5128
69.20,5127
69.28,5126
69.28,5125
69.38,5124
69.41,5123
69.41,5122
69.41,5121
69.41,5120
69.42,5119
69.42,5118
69.62,5117
69.63,5116
69.76,5115
69.78,5114
69.79,5113
69.79,5112
69.80,5111
69.82,5110
70.21,5109
70.22,5108
70.61,5107
70.62,5106
70.62,5105
70.63,5104
70.99,5103
71.01,5102
71.01,5101
71.02,5100
71.04,5099
71.04,5098
71.05,5097
71.05,5096
71.06,5095
71.64,5094
71.70,5093
71.72,5092
71.74,5091
71.76,5090
71.78,5089
71.79,5088
72.87,5087
72.93,5086
72.93,5085
73.27,5084
73.28,5083
73.34,5082
73.35,5081
73.41,5080
73.50,5079
73.54,5078
74.18,5077
74.19,5076
74.21,5075
74.43,5074
74.48,5073
74.49,5072
74.49,5071
74.51,5070
74.56,5069
74.57,5068
74.57,5067
74.75,5066
74.77,5065
74.78,5064
74.80,5063
74.80,5062
74.81,5061
74.82,5060
74.84,5059
74.90,5058
74.92,5057
74.92,5056
74.93,5055
74.94,5054
75.00,5053
75.05,5052
75.06,5051
75.07,5050
75.17,5049
75.17,5048
75.26,5047
75.53,5046
75.53,5045
75.54,5044
75.57,5043
75.58,5042
75.69,5041
75.69,5040
75.90,5039
75.95,5038
75.99,5037
76.03,5036
77.60,5035
77.60,5034
77.61,5033
77.61,5032
77.62,5031
77.63,5030
81.30,5029
81.44,5028
81.45,5027
81.46,5026
81.59,5025
81.60,5024
81.62,5023
81.63,5022
81.70,5021
81.93,5020
81.93,5019
82.05,5018
82.06,5017
82.33,5016
82.47,5015
82.66,5014
82.66,5013
82.68,5012
82.72,5011
82.74,5010
82.74,5009
82.81,5008
82.81,5007
82.81,5006
82.83,5005
83.00,5004
83.00,5003
83.23,5002
83.23,5001
83.34,5000
83.36,4999
83.40,4998
83.40,4997
83.40,4996
83.41,4995
83.41,4994
83.43,4993
83.74,4992
83.78,4991
83.90,4990
83.96,4989
83.98,4988
83.98,4987
84.90,4986
85.04,4985
85.20,4984
85.24,4983
85.24,4982
85.25,4981
85.25,4980
85.25,4979
87.23,4978
88.66,4977
88.67,4976
88.69,4975
88.69,4974
88.71,4973
88.75,4972
88.77,4971
88.79,4970
88.86,4969
88.90,4968
89.43,4967
89.51,4966
89.88,4965
89.99,4964
90.08,4963
90.11,4962
90.52,4961
90.55,4960
90.64,4959
90.72,4958
90.74,4957
92.15,4956
92.56,4955
92.57,4954
92.63,4953
92.66,4952
92.66,4951
92.76,4950
97.07,4949
97.10,4948
97.15,4947
97.28,4946
97.60,4945
97.61,4944
97.65,4943
97.67,4942
98.06,4941
98.06,4940
98.15,4939
98.17,4938
98.18,4937
98.21,4936
98.91,4935
98.95,4934
100.47,4933
102.33,4932
102.33,4931
103.89,4930
103.94,4929
105.48,4928
105.49,4927
105.53,4926
105.60,4925
105.60,4924
105.60,4923
105.62,4922
105.65,4921
105.74,4920
105.74,4919
105.85,4918
105.98,4917
105.98,4916
105.99,4915
105.99,4914
105.99,4913
106.21,4912
106.22,4911
106.39,4910
106.39,4909
107.64,4908
107.66,4907
107.66,4906
107.70,4905
107.86,4904
107.89,4903
110.23,4902
110.24,4901
110.29,4900
110.29,4899
110.40,4898
112.60,4897
113.34,4896
113.37,4895
115.16,4894
115.21,4893
115.21,4892
115.23,4891
116.42,4890
116.44,4889
116.62,4888
118.10,4887
118.13,4886
118.79,4885
123.47,4884
123.47,4883
123.52,4882
123.78,4881
124.53,4880
124.56,4879
124.62,4878
125.31,4877
125.35,4876
125.45,4875
130.85,4874
130.93,4873
131.08,4872
132.94,4871
133.07,4870
133.07,4869
133.14,4868
133.16,4867
133.17,4866
133.24,4865
133.54,4864
136.31,4863
136.90,4862
136.92,4861
138.90,4860
155.07,4859
156.80,4858
156.83,4857
156.95,4856
157.06,4855
157.07,4854
157.39,4853
157.41,4852
158.96,4851
159.54,4850
162.52,4849
163.88,4848
163.99,4847
164.24,4846
164.28,4845
164.29,4844
164.93,4843
164.97,4842
165.30,4841
165.36,4840
165.52,4839
165.64,4838
241.73,4837
241.90,4836
255.86,4835
293.06,4834
301.33,4833
301.34,4832
301.92,4831
302.53,4830
324.92,4829
325.47,4828
330.98,4827
373.38,4826
373.77,4825
376.20,4824
376.82,4823
392.38,4822
414.84,4821
435.16,4820
436.30,4819
454.65,4818
462.75,4817
598.20,4816
