0.15,8360
0.15,8359
0.15,8358
0.15,8357
0.15,8356
0.15,8355
0.15,8354
0.15,8353
0.15,8352
0.15,8351
0.15,8350
0.15,8349
0.15,8348
0.15,8347
0.15,8346
0.16,8345
0.16,8344
0.16,8343
0.16,8342
0.16,8341
0.16,8340
0.16,8339
0.16,8338
0.16,8337
0.16,8336
0.16,8335
0.16,8334
0.16,8333
0.16,8332
0.16,8331
0.16,8330
0.16,8329
0.16,8328
0.16,8327
0.16,8326
0.16,8325
0.17,8324
0.17,8323
0.17,8322
0.17,8321
0.17,8320
0.17,8319
0.17,8318
0.17,8317
0.17,8316
0.17,8315
0.17,8314
0.17,8313
0.17,8312
0.17,8311
0.17,8310
0.17,8309
0.17,8308
0.17,8307
0.17,8306
0.17,8305
0.17,8304
0.17,8303
0.17,8302
0.17,8301
0.18,8300
0.18,8299
0.18,8298
0.18,8297
0.18,8296
0.18,8295
0.18,8294
0.18,8293
0.18,8292
0.18,8291
0.18,8290
0.18,8289
0.18,8288
0.18,8287
0.18,8286
0.18,8285
0.18,8284
0.18,8283
0.18,8282
0.19,8281
0.19,8280
0.19,8279
0.19,8278
0.19,8277
0.19,8276
0.19,8275
0.19,8274
0.19,8273
0.19,8272
0.19,8271
0.19,8270
0.19,8269
0.19,8268
0.19,8267
0.19,8266
0.19,8265
0.19,8264
0.19,8263
0.19,8262
0.19,8261
0.19,8260
0.19,8259
0.19,8258
0.19,8257
0.19,8256
0.19,8255
0.19,8254
0.20,8253
0.20,8252
0.20,8251
0.20,8250
0.20,8249
0.20,8248
0.20,8247
0.20,8246
0.20,8245
0.20,8244
0.20,8243
0.20,8242
0.20,8241
0.20,8240
0.20,8239
0.20,8238
0.20,8237
0.20,8236
0.20,8235
0.20,8234
0.20,8233
0.20,8232
0.20,8231
0.21,8230
0.21,8229
0.21,8228
0.21,8227
0.21,8226
0.21,8225
0.21,8224
0.21,8223
0.21,8222
0.21,8221
0.21,8220
0.21,8219
0.21,8218
0.21,8217
0.21,8216
0.21,8215
0.21,8214
0.21,8213
0.21,8212
0.21,8211
0.21,8210
0.21,8209
0.21,8208
0.21,8207
0.21,8206
0.21,8205
0.21,8204
0.22,8203
0.22,8202
0.22,8201
0.22,8200
0.22,8199
0.22,8198
0.22,8197
0.22,8196
0.22,8195
0.22,8194
0.22,8193
0.22,8192
0.22,8191
0.22,8190
0.22,8189
0.22,8188
0.22,8187
0.22,8186
0.22,8185
0.23,8184
0.23,8183
0.23,8182
0.23,8181
0.23,8180
0.23,8179
0.23,8178
0.23,8177
0.23,8176
0.23,8175
0.23,8174
0.23,8173
0.23,8172
0.23,8171
0.23,8170
0.23,8169
0.23,8168
0.23,8167
0.23,8166
0.23,8165
0.23,8164
0.23,8163
0.24,8162
0.24,8161
0.24,8160
0.24,8159
0.24,8158
0.24,8157
0.24,8156
0.24,8155
0.24,8154
0.24,8153
0.24,8152
0.24,8151
0.24,8150
0.24,8149
0.24,8148
0.24,8147
0.24,8146
0.24,8145
0.24,8144
0.24,8143
0.24,8142
0.25,8141
0.25,8140
0.25,8139
0.25,8138
0.25,8137
0.25,8136
0.25,8135
0.25,8134
0.25,8133
0.25,8132
0.25,8131
0.25,8130
0.25,8129
0.25,8128
0.25,8127
0.25,8126
0.25,8125
0.25,8124
0.25,8123
0.26,8122
0.26,8121
0.26,8120
0.26,8119
0.26,8118
0.26,8117
0.26,8116
0.26,8115
0.26,8114
0.26,8113
0.26,8112
0.26,8111
0.26,8110
0.26,8109
0.26,8108
0.26,8107
0.26,8106
0.26,8105
0.27,8104
0.27,8103
0.27,8102
0.27,8101
0.27,8100
0.27,8099
0.27,8098
0.27,8097
0.27,8096
0.27,8095
0.27,8094
0.27,8093
0.27,8092
0.28,8091
0.28,8090
0.28,8089
0.28,8088
0.28,8087
0.28,8086
0.29,8085
0.29,8084
0.29,8083
0.29,8082
0.29,8081
0.29,8080
0.29,8079
0.29,8078
0.29,8077
0.29,8076
0.29,8075
0.29,8074
0.29,8073
0.29,8072
0.29,8071
0.29,8070
0.29,8069
0.29,8068
0.29,8067
0.29,8066
0.30,8065
0.30,8064
0.30,8063
0.30,8062
0.31,8061
0.31,8060
0.31,8059
0.31,8058
0.31,8057
0.31,8056
0.31,8055
0.31,8054
0.31,8053
0.31,8052
0.31,8051
0.31,8050
0.32,8049
0.32,8048
0.32,8047
0.32,8046
0.32,8045
0.32,8044
0.32,8043
0.32,8042
0.32,8041
0.32,8040
0.32,8039
0.32,8038
0.32,8037
0.32,8036
0.32,8035
0.32,8034
0.32,8033
0.32,8032
0.32,8031
0.33,8030
0.33,8029
0.33,8028
0.33,8027
0.33,8026
0.33,8025
0.33,8024
0.33,8023
0.33,8022
0.34,8021
0.34,8020
0.34,8019
0.34,8018
0.34,8017
0.34,8016
0.34,8015
0.34,8014
0.34,8013
0.34,8012
0.34,8011
0.34,8010
0.35,8009
0.35,8008
0.35,8007
0.35,8006
0.35,8005
0.35,8004
0.35,8003
0.36,8002
0.36,8001
0.36,8000
0.36,7999
0.36,7998
0.37,7997
0.37,7996
0.37,7995
0.37,7994
0.37,7993
0.37,7992
0.37,7991
0.37,7990
0.37,7989
0.37,7988
0.37,7987
0.37,7986
0.37,7985
0.37,7984
0.38,7983
0.38,7982
0.38,7981
0.38,7980
0.38,7979
0.38,7978
0.38,7977
0.38,7976
0.38,7975
0.39,7974
0.39,7973
0.39,7972
0.39,7971
0.39,7970
0.39,7969
0.39,7968
0.39,7967
0.39,7966
0.39,7965
0.39,7964
0.40,7963
0.40,7962
0.40,7961
0.40,7960
0.41,7959
0.41,7958
0.41,7957
0.41,7956
0.41,7955
0.41,7954
0.41,7953
0.42,7952
0.42,7951
0.42,7950
0.42,7949
0.42,7948
0.42,7947
0.42,7946
0.42,7945
0.42,7944
0.43,7943
0.43,7942
0.43,7941
0.43,7940
0.43,7939
0.43,7938
0.43,7937
0.43,7936
0.43,7935
0.43,7934
0.43,7933
0.43,7932
0.43,7931
0.43,7930
0.43,7929
0.43,7928
0.43,7927
0.43,7926
0.43,7925
0.44,7924
0.44,7923
0.44,7922
0.44,7921
0.44,7920
0.44,7919
0.44,7918
0.44,7917
0.45,7916
0.45,7915
0.45,7914
0.45,7913
0.45,7912
0.45,7911
0.45,7910
0.45,7909
0.45,7908
0.45,7907
0.46,7906
0.46,7905
0.46,7904
0.46,7903
0.46,7902
0.46,7901
0.46,7900
0.46,7899
0.47,7898
0.47,7897
0.47,7896
0.47,7895
0.47,7894
0.48,7893
0.48,7892
0.48,7891
0.48,7890
0.48,7889
0.48,7888
0.48,7887
0.48,7886
0.49,7885
0.49,7884
0.49,7883
0.50,7882
0.50,7881
0.50,7880
0.50,7879
0.50,7878
0.50,7877
0.50,7876
0.50,7875
0.51,7874
0.51,7873
0.51,7872
0.51,7871
0.51,7870
0.51,7869
0.51,7868
0.52,7867
0.52,7866
0.52,7865
0.52,7864
0.52,7863
0.52,7862
0.52,7861
0.52,7860
0.52,7859
0.52,7858
0.52,7857
0.52,7856
0.52,7855
0.52,7854
0.53,7853
0.53,7852
0.53,7851
0.53,7850
0.53,7849
0.53,7848
0.53,7847
0.53,7846
0.53,7845
0.53,7844
0.53,7843
0.54,7842
0.54,7841
0.54,7840
0.54,7839
0.54,7838
0.54,7837
0.54,7836
0.54,7835
0.54,7834
0.55,7833
0.55,7832
0.55,7831
0.55,7830
0.55,7829
0.56,7828
0.56,7827
0.56,7826
0.56,7825
0.56,7824
0.56,7823
0.56,7822
0.56,7821
0.56,7820
0.57,7819
0.57,7818
0.57,7817
0.57,7816
0.57,7815
0.57,7814
0.57,7813
0.57,7812
0.57,7811
0.57,7810
0.58,7809
0.58,7808
0.59,7807
0.59,7806
0.59,7805
0.59,7804
0.59,7803
0.60,7802
0.60,7801
0.60,7800
0.60,7799
0.60,7798
0.60,7797
0.60,7796
0.60,7795
0.60,7794
0.60,7793
0.61,7792
0.61,7791
0.61,7790
0.61,7789
0.61,7788
0.62,7787
0.63,7786
0.63,7785
0.63,7784
0.64,7783
0.64,7782
0.64,7781
0.64,7780
0.64,7779
0.65,7778
0.65,7777
0.66,7776
0.66,7775
0.66,7774
0.66,7773
0.67,7772
0.67,7771
0.68,7770
0.68,7769
0.69,7768
0.69,7767
0.70,7766
0.70,7765
0.70,7764
0.70,7763
0.71,7762
0.71,7761
0.71,7760
0.71,7759
0.71,7758
0.71,7757
0.71,7756
0.71,7755
0.71,7754
0.71,7753
0.71,7752
0.71,7751
0.72,7750
0.72,7749
0.72,7748
0.72,7747
0.72,7746
0.72,7745
0.72,7744
0.72,7743
0.72,7742
0.73,7741
0.73,7740
0.73,7739
0.73,7738
0.73,7737
0.74,7736
0.74,7735
0.74,7734
0.74,7733
0.74,7732
0.74,7731
0.74,7730
0.75,7729
0.75,7728
0.75,7727
0.75,7726
0.75,7725
0.75,7724
0.76,7723
0.76,7722
0.76,7721
0.76,7720
0.76,7719
0.76,7718
0.76,7717
0.78,7716
0.78,7715
0.78,7714
0.78,7713
0.78,7712
0.78,7711
0.78,7710
0.79,7709
0.79,7708
0.79,7707
0.79,7706
0.79,7705
0.79,7704
0.79,7703
0.79,7702
0.80,7701
0.80,7700
0.80,7699
0.80,7698
0.80,7697
0.81,7696
0.81,7695
0.81,7694
0.81,7693
0.81,7692
0.82,7691
0.82,7690
0.83,7689
0.83,7688
0.85,7687
0.87,7686
0.87,7685
0.87,7684
0.88,7683
0.89,7682
0.89,7681
0.89,7680
0.89,7679
0.89,7678
0.89,7677
0.89,7676
0.89,7675
0.89,7674
0.89,7673
0.89,7672
0.89,7671
0.89,7670
0.89,7669
0.90,7668
0.90,7667
0.90,7666
0.90,7665
0.90,7664
0.91,7663
0.91,7662
0.91,7661
0.92,7660
0.92,7659
0.92,7658
0.92,7657
0.92,7656
0.93,7655
0.93,7654
0.93,7653
0.94,7652
0.94,7651
0.94,7650
0.94,7649
0.94,7648
0.94,7647
0.94,7646
0.94,7645
0.94,7644
0.94,7643
0.94,7642
0.94,7641
0.94,7640
0.94,7639
0.94,7638
0.94,7637
0.95,7636
0.95,7635
0.95,7634
0.97,7633
0.98,7632
0.98,7631
0.98,7630
0.98,7629
0.98,7628
0.99,7627
0.99,7626
0.99,7625
0.99,7624
0.99,7623
0.99,7622
0.99,7621
0.99,7620
0.99,7619
0.99,7618
0.99,7617
0.99,7616
0.99,7615
0.99,7614
0.99,7613
0.99,7612
1.00,7611
1.00,7610
1.00,7609
1.00,7608
1.02,7607
1.02,7606
1.03,7605
1.03,7604
1.03,7603
1.05,7602
1.05,7601
1.05,7600
1.05,7599
1.05,7598
1.05,7597
1.05,7596
1.05,7595
1.05,7594
1.05,7593
1.05,7592
1.05,7591
1.06,7590
1.06,7589
1.06,7588
1.06,7587
1.06,7586
1.06,7585
1.07,7584
1.07,7583
1.07,7582
1.07,7581
1.07,7580
1.07,7579
1.07,7578
1.07,7577
1.07,7576
1.08,7575
1.08,7574
1.08,7573
1.08,7572
1.08,7571
1.08,7570
1.09,7569
1.09,7568
1.10,7567
1.11,7566
1.13,7565
1.13,7564
1.13,7563
1.17,7562
1.17,7561
1.17,7560
1.17,7559
1.21,7558
1.21,7557
1.22,7556
1.22,7555
1.22,7554
1.22,7553
1.24,7552
1.24,7551
1.24,7550
1.24,7549
1.24,7548
1.24,7547
1.24,7546
1.24,7545
1.24,7544
1.24,7543
1.24,7542
1.25,7541
1.25,7540
1.25,7539
1.25,7538
1.25,7537
1.26,7536
1.27,7535
1.28,7534
1.28,7533
1.29,7532
1.29,7531
1.30,7530
1.30,7529
1.30,7528
1.30,7527
1.30,7526
1.30,7525
1.32,7524
1.42,7523
1.43,7522
1.49,7521
1.49,7520
1.49,7519
1.49,7518
1.50,7517
1.51,7516
1.52,7515
1.52,7514
1.52,7513
1.53,7512
1.53,7511
1.53,7510
1.55,7509
1.55,7508
1.56,7507
1.56,7506
1.56,7505
1.56,7504
1.56,7503
1.56,7502
1.57,7501
1.57,7500
1.58,7499
1.58,7498
1.58,7497
1.58,7496
1.58,7495
1.58,7494
1.59,7493
1.59,7492
1.59,7491
1.59,7490
1.59,7489
1.59,7488
1.60,7487
1.60,7486
1.61,7485
1.61,7484
1.61,7483
1.61,7482
1.63,7481
1.64,7480
1.64,7479
1.64,7478
1.67,7477
1.67,7476
1.68,7475
1.69,7474
1.69,7473
1.69,7472
1.69,7471
1.73,7470
1.73,7469
1.73,7468
1.75,7467
1.75,7466
1.75,7465
1.76,7464
1.76,7463
1.76,7462
1.80,7461
1.80,7460
1.80,7459
1.80,7458
1.81,7457
1.81,7456
1.81,7455
1.81,7454
1.81,7453
1.99,7452
1.99,7451
1.99,7450
1.99,7449
2.01,7448
2.01,7447
2.01,7446
2.01,7445
2.01,7444
2.01,7443
2.01,7442
2.01,7441
2.03,7440
2.06,7439
2.06,7438
2.06,7437
2.06,7436
2.07,7435
2.08,7434
2.08,7433
2.08,7432
2.09,7431
2.09,7430
2.09,7429
2.09,7428
2.09,7427
2.09,7426
2.10,7425
2.10,7424
2.10,7423
2.10,7422
2.10,7421
2.10,7420
2.11,7419
2.11,7418
2.11,7417
2.32,7416
2.33,7415
2.33,7414
2.33,7413
2.33,7412
2.33,7411
2.33,7410
2.33,7409
2.33,7408
2.33,7407
2.33,7406
2.33,7405
2.33,7404
2.34,7403
2.39,7402
2.40,7401
2.40,7400
2.43,7399
2.43,7398
2.43,7397
2.43,7396
2.45,7395
2.45,7394
2.46,7393
2.46,7392
2.46,7391
2.47,7390
2.48,7389
2.48,7388
2.48,7387
2.48,7386
2.48,7385
2.48,7384
2.49,7383
2.49,7382
2.49,7381
2.54,7380
2.55,7379
2.56,7378
2.56,7377
2.57,7376
2.57,7375
2.57,7374
2.59,7373
2.59,7372
2.66,7371
2.66,7370
2.67,7369
2.67,7368
2.67,7367
2.67,7366
2.68,7365
2.68,7364
2.75,7363
2.75,7362
2.75,7361
2.75,7360
2.75,7359
2.75,7358
2.76,7357
2.77,7356
2.77,7355
2.77,7354
2.78,7353
2.97,7352
2.97,7351
2.97,7350
2.97,7349
2.97,7348
2.98,7347
2.98,7346
2.98,7345
2.98,7344
3.02,7343
3.02,7342
3.02,7341
3.02,7340
3.02,7339
3.03,7338
3.03,7337
3.03,7336
3.03,7335
3.03,7334
3.04,7333
3.04,7332
3.04,7331
3.06,7330
3.07,7329
3.07,7328
3.07,7327
3.07,7326
3.07,7325
3.08,7324
3.08,7323
3.08,7322
3.08,7321
3.08,7320
3.08,7319
3.08,7318
3.08,7317
3.08,7316
3.08,7315
3.08,7314
3.08,7313
3.10,7312
3.12,7311
3.12,7310
3.12,7309
3.12,7308
3.12,7307
3.13,7306
3.13,7305
3.13,7304
3.13,7303
3.13,7302
3.14,7301
3.14,7300
3.14,7299
3.14,7298
3.14,7297
3.14,7296
3.14,7295
3.15,7294
3.15,7293
3.15,7292
3.15,7291
3.15,7290
3.16,7289
3.16,7288
3.16,7287
3.16,7286
3.16,7285
3.16,7284
3.16,7283
3.16,7282
3.16,7281
3.18,7280
3.18,7279
3.18,7278
3.19,7277
3.19,7276
4.50,7275
4.50,7274
4.51,7273
4.52,7272
4.52,7271
4.52,7270
4.66,7269
4.67,7268
4.67,7267
4.70,7266
4.70,7265
4.70,7264
4.70,7263
4.70,7262
4.74,7261
4.74,7260
4.74,7259
4.74,7258
4.75,7257
4.76,7256
4.76,7255
4.76,7254
4.85,7253
5.04,7252
5.04,7251
5.04,7250
5.05,7249
5.05,7248
5.06,7247
5.09,7246
5.09,7245
5.10,7244
5.10,7243
5.10,7242
5.11,7241
5.29,7240
5.40,7239
5.41,7238
5.42,7237
5.42,7236
5.51,7235
5.51,7234
5.52,7233
5.52,7232
5.52,7231
5.52,7230
5.52,7229
5.52,7228
5.53,7227
5.54,7226
5.54,7225
5.58,7224
5.59,7223
5.59,7222
5.61,7221
5.61,7220
5.61,7219
5.61,7218
5.62,7217
8.57,7216
8.58,7215
8.58,7214
8.59,7213
8.59,7212
8.59,7211
8.59,7210
8.59,7209
8.59,7208
8.59,7207
8.59,7206
8.60,7205
8.60,7204
10.05,7203
10.05,7202
10.05,7201
10.05,7200
10.06,7199
10.06,7198
10.06,7197
10.06,7196
10.07,7195
16.45,7194
16.45,7193
16.45,7192
16.50,7191
16.50,7190
16.50,7189
16.50,7188
16.50,7187
16.50,7186
16.86,7185
16.87,7184
16.87,7183
18.00,7182
18.00,7181
18.00,7180
18.00,7179
18.00,7178
18.00,7177
18.07,7176
18.07,7175
18.07,7174
18.07,7173
18.07,7172
18.08,7171
18.09,7170
18.10,7169
18.11,7168
18.11,7167
18.12,7166
18.12,7165
18.12,7164
18.12,7163
18.13,7162
18.14,7161
18.14,7160
18.14,7159
18.14,7158
18.14,7157
18.16,7156
18.16,7155
18.19,7154
18.19,7153
18.20,7152
18.21,7151
18.21,7150
18.22,7149
18.22,7148
18.22,7147
18.22,7146
18.23,7145
18.32,7144
18.35,7143
18.36,7142
18.36,7141
18.36,7140
18.39,7139
18.40,7138
18.48,7137
18.72,7136
18.72,7135
18.72,7134
18.87,7133
18.87,7132
19.20,7131
19.20,7130
19.20,7129
19.20,7128
19.20,7127
19.20,7126
19.20,7125
19.23,7124
19.23,7123
19.23,7122
19.23,7121
19.23,7120
19.23,7119
19.24,7118
19.24,7117
19.24,7116
19.25,7115
19.25,7114
19.25,7113
19.25,7112
19.25,7111
19.26,7110
19.26,7109
19.26,7108
19.27,7107
19.27,7106
19.27,7105
19.27,7104
19.27,7103
19.27,7102
19.27,7101
19.53,7100
19.53,7099
19.53,7098
19.54,7097
19.54,7096
26.74,7095
26.74,7094
26.75,7093
26.75,7092
26.86,7091
26.87,7090
26.87,7089
26.88,7088
26.88,7087
26.88,7086
26.88,7085
26.89,7084
26.89,7083
26.89,7082
26.89,7081
26.89,7080
26.91,7079
26.92,7078
26.92,7077
26.92,7076
26.93,7075
26.93,7074
26.94,7073
26.94,7072
26.94,7071
26.94,7070
26.95,7069
26.95,7068
26.97,7067
26.98,7066
26.98,7065
27.00,7064
27.00,7063
27.02,7062
27.02,7061
27.02,7060
27.02,7059
27.02,7058
27.02,7057
27.02,7056
27.02,7055
27.02,7054
27.02,7053
27.03,7052
27.03,7051
27.03,7050
27.03,7049
27.03,7048
27.03,7047
27.03,7046
27.04,7045
27.04,7044
27.04,7043
27.04,7042
27.04,7041
27.05,7040
27.05,7039
27.05,7038
27.07,7037
27.07,7036
27.07,7035
27.07,7034
27.07,7033
27.08,7032
27.08,7031
27.08,7030
28.72,7029
28.72,7028
28.89,7027
28.89,7026
28.89,7025
28.89,7024
28.89,7023
28.89,7022
28.89,7021
28.89,7020
28.90,7019
28.90,7018
28.92,7017
28.92,7016
28.92,7015
28.93,7014
28.93,7013
28.93,7012
28.94,7011
28.94,7010
28.96,7009
29.00,7008
29.00,7007
29.01,7006
29.04,7005
29.04,7004
29.05,7003
29.05,7002
29.05,7001
29.10,7000
29.10,6999
29.57,6998
29.57,6997
29.58,6996
29.89,6995
29.89,6994
30.08,6993
30.08,6992
30.12,6991
30.12,6990
30.12,6989
30.12,6988
30.12,6987
30.13,6986
30.13,6985
30.13,6984
30.15,6983
30.15,6982
30.15,6981
30.15,6980
30.16,6979
30.16,6978
30.16,6977
30.17,6976
30.17,6975
30.19,6974
30.19,6973
30.30,6972
30.30,6971
30.30,6970
30.83,6969
30.83,6968
30.83,6967
30.83,6966
30.83,6965
30.84,6964
30.84,6963
30.87,6962
31.67,6961
31.67,6960
31.68,6959
31.69,6958
31.70,6957
31.70,6956
31.70,6955
31.70,6954
31.71,6953
31.71,6952
31.71,6951
31.71,6950
31.71,6949
31.71,6948
31.72,6947
31.72,6946
31.72,6945
31.72,6944
31.72,6943
31.72,6942
31.73,6941
31.73,6940
31.73,6939
31.73,6938
31.73,6937
31.74,6936
31.74,6935
31.74,6934
31.74,6933
31.75,6932
31.75,6931
31.75,6930
31.75,6929
31.75,6928
31.75,6927
31.75,6926
31.75,6925
31.76,6924
31.76,6923
32.17,6922
32.17,6921
32.18,6920
32.18,6919
32.19,6918
32.20,6917
32.20,6916
32.20,6915
32.20,6914
32.20,6913
32.21,6912
32.23,6911
32.23,6910
32.23,6909
32.23,6908
32.23,6907
32.24,6906
32.31,6905
32.31,6904
32.31,6903
32.31,6902
32.32,6901
32.33,6900
32.33,6899
32.34,6898
32.34,6897
32.34,6896
32.37,6895
32.37,6894
32.38,6893
32.38,6892
32.39,6891
32.40,6890
32.40,6889
32.40,6888
32.54,6887
32.54,6886
32.55,6885
32.55,6884
32.56,6883
32.56,6882
32.57,6881
32.57,6880
32.57,6879
32.57,6878
32.57,6877
32.58,6876
32.59,6875
32.59,6874
32.59,6873
32.59,6872
32.59,6871
32.59,6870
32.59,6869
32.95,6868
32.95,6867
32.95,6866
32.95,6865
32.95,6864
32.96,6863
32.97,6862
32.97,6861
32.97,6860
32.98,6859
32.98,6858
32.98,6857
32.98,6856
32.99,6855
32.99,6854
32.99,6853
33.00,6852
33.00,6851
33.00,6850
33.00,6849
33.00,6848
33.01,6847
33.01,6846
33.01,6845
33.01,6844
33.02,6843
33.03,6842
33.03,6841
33.03,6840
33.03,6839
33.03,6838
33.03,6837
33.04,6836
33.05,6835
33.16,6834
33.16,6833
33.16,6832
33.19,6831
33.19,6830
33.20,6829
33.20,6828
33.21,6827
33.21,6826
33.21,6825
33.21,6824
33.21,6823
33.22,6822
33.27,6821
33.27,6820
33.50,6819
33.50,6818
33.50,6817
33.50,6816
33.50,6815
33.50,6814
33.51,6813
33.51,6812
33.53,6811
33.55,6810
33.55,6809
33.55,6808
33.55,6807
33.56,6806
33.57,6805
33.57,6804
33.57,6803
33.57,6802
33.57,6801
33.61,6800
33.61,6799
33.63,6798
33.70,6797
33.70,6796
33.71,6795
33.71,6794
33.71,6793
33.71,6792
33.73,6791
33.73,6790
33.73,6789
33.73,6788
33.85,6787
33.85,6786
33.85,6785
33.86,6784
33.86,6783
33.87,6782
33.88,6781
33.88,6780
33.93,6779
33.94,6778
33.96,6777
33.96,6776
33.97,6775
33.98,6774
33.99,6773
33.99,6772
33.99,6771
34.12,6770
34.12,6769
34.23,6768
34.24,6767
34.24,6766
34.28,6765
34.28,6764
34.28,6763
34.28,6762
34.31,6761
34.32,6760
34.33,6759
34.33,6758
34.33,6757
34.33,6756
34.33,6755
34.33,6754
34.33,6753
34.33,6752
34.33,6751
34.33,6750
34.33,6749
34.34,6748
34.39,6747
34.39,6746
34.39,6745
34.39,6744
34.39,6743
34.39,6742
34.39,6741
34.39,6740
34.39,6739
34.46,6738
34.46,6737
34.47,6736
34.48,6735
34.48,6734
34.50,6733
34.50,6732
34.51,6731
34.52,6730
34.52,6729
34.53,6728
34.53,6727
34.53,6726
34.54,6725
34.71,6724
34.71,6723
34.71,6722
34.71,6721
34.72,6720
34.72,6719
34.72,6718
34.73,6717
34.73,6716
34.94,6715
34.95,6714
34.96,6713
34.96,6712
34.96,6711
35.08,6710
35.08,6709
35.08,6708
35.08,6707
35.08,6706
35.08,6705
35.08,6704
35.21,6703
35.21,6702
35.21,6701
35.21,6700
35.21,6699
35.22,6698
35.24,6697
35.24,6696
35.34,6695
35.34,6694
35.36,6693
35.72,6692
35.73,6691
35.73,6690
35.76,6689
35.79,6688
35.80,6687
35.80,6686
35.80,6685
35.81,6684
35.81,6683
35.81,6682
35.81,6681
35.81,6680
35.81,6679
35.81,6678
35.81,6677
35.81,6676
35.82,6675
35.98,6674
35.98,6673
35.98,6672
35.98,6671
35.99,6670
36.01,6669
36.01,6668
36.01,6667
36.15,6666
36.15,6665
36.15,6664
36.16,6663
36.16,6662
36.16,6661
36.16,6660
36.16,6659
36.16,6658
36.16,6657
36.17,6656
36.17,6655
36.17,6654
36.17,6653
36.17,6652
36.17,6651
36.18,6650
36.18,6649
36.19,6648
36.19,6647
36.31,6646
36.31,6645
36.31,6644
36.31,6643
36.31,6642
36.31,6641
36.31,6640
36.31,6639
36.32,6638
36.32,6637
36.32,6636
36.32,6635
36.32,6634
36.32,6633
36.32,6632
36.32,6631
36.32,6630
36.32,6629
36.32,6628
36.32,6627
36.32,6626
36.35,6625
37.40,6624
37.40,6623
37.40,6622
37.40,6621
37.40,6620
37.41,6619
37.43,6618
37.43,6617
37.43,6616
37.45,6615
37.45,6614
37.45,6613
37.45,6612
37.50,6611
37.50,6610
37.60,6609
37.60,6608
37.61,6607
37.61,6606
37.62,6605
37.62,6604
37.73,6603
37.73,6602
37.73,6601
37.74,6600
37.74,6599
37.74,6598
37.75,6597
37.75,6596
37.75,6595
37.80,6594
37.80,6593
37.81,6592
37.82,6591
37.82,6590
37.82,6589
37.82,6588
37.82,6587
37.82,6586
37.82,6585
37.83,6584
37.83,6583
37.83,6582
37.83,6581
37.86,6580
37.86,6579
37.86,6578
37.86,6577
37.86,6576
37.86,6575
37.86,6574
37.86,6573
37.89,6572
37.89,6571
37.89,6570
37.90,6569
37.91,6568
37.91,6567
37.91,6566
38.14,6565
38.15,6564
38.15,6563
38.16,6562
38.16,6561
38.16,6560
38.16,6559
38.16,6558
38.16,6557
38.17,6556
38.17,6555
38.17,6554
38.17,6553
38.18,6552
38.18,6551
38.18,6550
38.20,6549
38.20,6548
38.20,6547
38.20,6546
38.21,6545
38.21,6544
38.21,6543
38.23,6542
38.23,6541
38.24,6540
38.24,6539
38.24,6538
38.24,6537
38.24,6536
38.26,6535
38.26,6534
38.27,6533
38.27,6532
38.27,6531
38.27,6530
38.27,6529
38.40,6528
38.41,6527
38.44,6526
38.44,6525
38.44,6524
38.44,6523
38.44,6522
38.54,6521
38.54,6520
38.54,6519
38.54,6518
38.54,6517
38.54,6516
38.54,6515
38.75,6514
38.75,6513
38.75,6512
38.77,6511
38.77,6510
38.77,6509
38.78,6508
38.78,6507
38.78,6506
38.78,6505
38.79,6504
38.81,6503
38.81,6502
38.82,6501
38.82,6500
38.86,6499
38.86,6498
38.88,6497
38.97,6496
38.99,6495
38.99,6494
39.00,6493
39.00,6492
39.00,6491
39.09,6490
39.10,6489
39.11,6488
39.11,6487
39.21,6486
39.26,6485
39.26,6484
39.27,6483
39.27,6482
39.27,6481
39.27,6480
39.27,6479
39.28,6478
39.28,6477
39.28,6476
39.28,6475
39.28,6474
39.28,6473
39.35,6472
39.35,6471
39.39,6470
39.39,6469
39.39,6468
39.39,6467
39.40,6466
39.40,6465
39.40,6464
39.42,6463
39.42,6462
39.43,6461
39.44,6460
39.44,6459
39.44,6458
39.44,6457
39.46,6456
39.46,6455
39.46,6454
39.47,6453
39.64,6452
39.65,6451
39.65,6450
39.67,6449
39.68,6448
39.72,6447
39.72,6446
39.73,6445
39.73,6444
39.74,6443
39.74,6442
39.74,6441
39.74,6440
39.75,6439
39.75,6438
39.75,6437
39.77,6436
39.77,6435
39.77,6434
39.77,6433
39.81,6432
39.81,6431
39.81,6430
39.81,6429
39.82,6428
39.82,6427
39.82,6426
39.82,6425
39.82,6424
39.85,6423
39.85,6422
39.85,6421
39.85,6420
39.86,6419
39.86,6418
39.86,6417
39.86,6416
39.86,6415
39.86,6414
39.89,6413
39.89,6412
39.89,6411
39.89,6410
39.90,6409
39.92,6408
39.92,6407
39.92,6406
39.96,6405
39.96,6404
40.00,6403
40.00,6402
40.00,6401
40.00,6400
40.00,6399
40.01,6398
40.01,6397
40.02,6396
40.02,6395
40.06,6394
40.17,6393
40.21,6392
40.39,6391
40.40,6390
40.40,6389
40.40,6388
40.41,6387
40.41,6386
40.41,6385
40.41,6384
40.41,6383
40.42,6382
40.42,6381
40.43,6380
40.49,6379
40.52,6378
40.66,6377
40.66,6376
40.66,6375
40.67,6374
40.67,6373
40.67,6372
40.73,6371
40.73,6370
40.73,6369
40.73,6368
40.73,6367
40.74,6366
40.74,6365
40.75,6364
40.87,6363
40.87,6362
40.87,6361
40.87,6360
40.87,6359
40.92,6358
40.92,6357
40.92,6356
40.93,6355
40.93,6354
40.94,6353
41.07,6352
41.07,6351
41.07,6350
41.08,6349
41.09,6348
41.09,6347
41.10,6346
41.10,6345
41.10,6344
41.10,6343
41.19,6342
41.19,6341
41.20,6340
41.20,6339
41.20,6338
41.20,6337
41.20,6336
41.21,6335
41.21,6334
41.21,6333
41.27,6332
41.27,6331
41.27,6330
41.28,6329
41.29,6328
41.31,6327
41.31,6326
41.35,6325
41.49,6324
41.49,6323
41.49,6322
41.50,6321
41.50,6320
41.50,6319
41.50,6318
41.50,6317
41.51,6316
41.51,6315
41.51,6314
41.57,6313
41.75,6312
41.76,6311
41.83,6310
41.83,6309
41.86,6308
41.87,6307
41.87,6306
41.88,6305
41.88,6304
42.18,6303
42.19,6302
42.19,6301
42.19,6300
42.20,6299
42.26,6298
42.28,6297
42.28,6296
42.28,6295
42.29,6294
42.29,6293
42.30,6292
42.30,6291
42.31,6290
42.31,6289
42.31,6288
42.31,6287
42.32,6286
42.33,6285
42.33,6284
42.33,6283
42.33,6282
42.82,6281
42.82,6280
42.82,6279
42.82,6278
42.82,6277
42.82,6276
42.83,6275
42.84,6274
42.84,6273
42.84,6272
42.84,6271
42.85,6270
42.85,6269
42.85,6268
42.85,6267
42.85,6266
42.87,6265
42.87,6264
42.87,6263
42.93,6262
42.94,6261
42.94,6260
42.94,6259
42.99,6258
42.99,6257
42.99,6256
42.99,6255
43.01,6254
43.11,6253
43.11,6252
43.26,6251
43.26,6250
43.44,6249
43.51,6248
43.51,6247
43.51,6246
43.52,6245
43.52,6244
43.52,6243
43.52,6242
43.52,6241
43.52,6240
43.52,6239
43.52,6238
43.55,6237
43.55,6236
43.56,6235
43.56,6234
43.60,6233
43.60,6232
43.60,6231
43.60,6230
43.61,6229
43.61,6228
43.62,6227
43.63,6226
43.64,6225
43.64,6224
43.65,6223
43.65,6222
43.65,6221
43.65,6220
43.65,6219
43.65,6218
43.65,6217
43.65,6216
43.65,6215
43.65,6214
43.65,6213
43.65,6212
43.66,6211
43.66,6210
43.66,6209
43.66,6208
43.66,6207
43.67,6206
43.67,6205
43.68,6204
43.80,6203
43.80,6202
43.80,6201
43.80,6200
43.84,6199
43.84,6198
43.84,6197
43.85,6196
43.85,6195
43.85,6194
43.86,6193
43.86,6192
43.86,6191
43.86,6190
43.86,6189
43.87,6188
43.87,6187
43.87,6186
43.87,6185
43.89,6184
43.91,6183
43.92,6182
43.94,6181
43.97,6180
43.97,6179
43.97,6178
44.00,6177
44.02,6176
44.02,6175
44.03,6174
44.03,6173
44.03,6172
44.06,6171
44.09,6170
44.19,6169
44.20,6168
44.20,6167
44.23,6166
44.24,6165
44.24,6164
44.24,6163
44.24,6162
44.24,6161
44.24,6160
44.28,6159
44.28,6158
44.30,6157
44.34,6156
44.34,6155
44.34,6154
44.34,6153
44.34,6152
44.34,6151
44.35,6150
44.35,6149
44.35,6148
44.35,6147
44.35,6146
44.37,6145
44.38,6144
44.41,6143
44.41,6142
44.43,6141
44.45,6140
44.45,6139
44.45,6138
44.45,6137
44.45,6136
44.45,6135
44.45,6134
44.47,6133
44.47,6132
44.47,6131
44.48,6130
44.48,6129
44.48,6128
44.48,6127
44.48,6126
44.53,6125
44.58,6124
44.58,6123
44.83,6122
44.83,6121
44.83,6120
44.84,6119
44.84,6118
44.84,6117
44.84,6116
44.84,6115
44.85,6114
44.85,6113
44.85,6112
44.85,6111
44.86,6110
44.86,6109
44.86,6108
44.86,6107
44.86,6106
44.87,6105
44.87,6104
44.87,6103
44.87,6102
44.89,6101
44.89,6100
44.91,6099
44.91,6098
44.91,6097
44.91,6096
44.93,6095
44.93,6094
44.93,6093
44.93,6092
44.94,6091
44.94,6090
44.94,6089
44.96,6088
44.96,6087
44.96,6086
44.96,6085
44.96,6084
44.96,6083
44.96,6082
44.97,6081
44.98,6080
44.98,6079
44.98,6078
44.99,6077
44.99,6076
44.99,6075
44.99,6074
44.99,6073
44.99,6072
45.00,6071
45.02,6070
45.02,6069
45.02,6068
45.03,6067
45.03,6066
45.11,6065
45.12,6064
45.14,6063
45.16,6062
45.16,6061
45.17,6060
45.18,6059
45.18,6058
45.24,6057
45.26,6056
45.26,6055
45.33,6054
45.33,6053
45.33,6052
45.34,6051
45.36,6050
45.36,6049
45.36,6048
45.37,6047
45.37,6046
45.38,6045
45.38,6044
45.38,6043
45.38,6042
45.38,6041
45.38,6040
45.39,6039
45.42,6038
45.43,6037
45.43,6036
45.43,6035
45.43,6034
45.44,6033
45.44,6032
45.48,6031
45.52,6030
45.52,6029
45.54,6028
45.54,6027
45.63,6026
45.63,6025
45.63,6024
45.63,6023
45.64,6022
45.64,6021
45.64,6020
45.64,6019
45.65,6018
45.65,6017
45.66,6016
45.66,6015
45.68,6014
45.68,6013
45.68,6012
45.68,6011
45.69,6010
45.69,6009
45.69,6008
45.70,6007
45.70,6006
45.70,6005
45.70,6004
45.70,6003
45.70,6002
45.70,6001
45.71,6000
45.74,5999
45.74,5998
45.74,5997
45.74,5996
45.74,5995
45.74,5994
45.79,5993
45.80,5992
45.81,5991
45.81,5990
45.81,5989
45.81,5988
45.84,5987
45.85,5986
45.86,5985
45.87,5984
45.87,5983
45.88,5982
45.88,5981
45.88,5980
45.97,5979
45.98,5978
45.98,5977
46.05,5976
46.05,5975
46.06,5974
46.07,5973
46.14,5972
46.14,5971
46.15,5970
46.15,5969
46.15,5968
46.15,5967
46.15,5966
46.15,5965
46.15,5964
46.16,5963
46.16,5962
46.16,5961
46.20,5960
46.20,5959
46.21,5958
46.21,5957
46.24,5956
46.24,5955
46.24,5954
46.26,5953
46.27,5952
46.27,5951
46.29,5950
46.29,5949
46.29,5948
46.30,5947
46.30,5946
46.31,5945
46.31,5944
46.31,5943
46.34,5942
46.34,5941
46.35,5940
46.36,5939
46.36,5938
46.36,5937
46.36,5936
46.37,5935
46.37,5934
46.38,5933
46.38,5932
46.39,5931
46.39,5930
46.47,5929
46.47,5928
46.47,5927
46.47,5926
46.47,5925
46.47,5924
46.47,5923
46.52,5922
46.52,5921
46.52,5920
46.53,5919
46.53,5918
46.53,5917
46.54,5916
46.54,5915
46.60,5914
46.60,5913
46.60,5912
46.60,5911
46.61,5910
46.62,5909
46.64,5908
46.64,5907
46.64,5906
46.64,5905
46.65,5904
46.65,5903
46.65,5902
46.66,5901
46.66,5900
46.67,5899
46.68,5898
46.68,5897
46.68,5896
46.69,5895
46.69,5894
46.70,5893
46.70,5892
46.70,5891
46.71,5890
46.71,5889
46.71,5888
46.72,5887
46.78,5886
46.78,5885
46.78,5884
46.81,5883
46.82,5882
46.99,5881
46.99,5880
47.48,5879
47.48,5878
47.48,5877
47.49,5876
47.49,5875
47.49,5874
47.49,5873
47.49,5872
47.49,5871
47.51,5870
47.51,5869
47.52,5868
47.52,5867
47.54,5866
47.54,5865
47.57,5864
47.57,5863
47.58,5862
47.59,5861
47.59,5860
47.59,5859
47.59,5858
47.60,5857
47.60,5856
47.67,5855
47.71,5854
47.71,5853
47.71,5852
47.72,5851
47.72,5850
47.72,5849
47.74,5848
47.75,5847
47.75,5846
47.75,5845
47.76,5844
47.76,5843
47.77,5842
47.77,5841
47.77,5840
47.78,5839
47.78,5838
47.78,5837
47.79,5836
47.80,5835
47.80,5834
47.80,5833
47.81,5832
47.82,5831
47.82,5830
47.83,5829
47.83,5828
47.84,5827
47.86,5826
47.86,5825
47.87,5824
47.87,5823
47.88,5822
47.88,5821
47.88,5820
47.88,5819
47.89,5818
47.89,5817
47.91,5816
47.92,5815
47.93,5814
47.93,5813
47.93,5812
47.96,5811
47.96,5810
47.96,5809
47.96,5808
47.97,5807
47.98,5806
48.01,5805
48.01,5804
48.04,5803
48.04,5802
48.06,5801
48.10,5800
48.10,5799
48.13,5798
48.14,5797
48.20,5796
48.20,5795
48.20,5794
48.20,5793
48.20,5792
48.20,5791
48.34,5790
48.34,5789
48.34,5788
48.47,5787
48.48,5786
48.48,5785
48.48,5784
48.48,5783
48.49,5782
48.50,5781
48.50,5780
48.50,5779
48.50,5778
48.50,5777
48.53,5776
48.53,5775
48.82,5774
48.82,5773
48.82,5772
48.83,5771
48.85,5770
48.85,5769
48.85,5768
48.85,5767
48.86,5766
48.86,5765
49.07,5764
49.07,5763
49.09,5762
49.10,5761
49.10,5760
49.10,5759
49.10,5758
49.11,5757
49.12,5756
49.12,5755
49.14,5754
49.14,5753
49.14,5752
49.16,5751
49.16,5750
49.16,5749
49.21,5748
49.21,5747
49.21,5746
49.22,5745
49.31,5744
49.31,5743
49.32,5742
49.32,5741
49.32,5740
49.32,5739
49.34,5738
49.35,5737
49.35,5736
49.37,5735
49.40,5734
49.41,5733
49.41,5732
49.42,5731
49.42,5730
49.43,5729
49.43,5728
49.43,5727
49.43,5726
49.44,5725
49.44,5724
49.44,5723
49.47,5722
49.47,5721
49.47,5720
49.48,5719
49.48,5718
49.73,5717
49.74,5716
49.74,5715
49.75,5714
49.75,5713
49.81,5712
49.86,5711
49.89,5710
49.90,5709
49.90,5708
49.90,5707
49.93,5706
49.93,5705
49.94,5704
49.95,5703
49.95,5702
49.96,5701
49.96,5700
49.97,5699
49.97,5698
50.08,5697
50.36,5696
50.38,5695
50.39,5694
50.39,5693
50.40,5692
50.41,5691
50.41,5690
50.42,5689
50.43,5688
50.43,5687
50.44,5686
50.44,5685
50.45,5684
50.45,5683
50.47,5682
50.47,5681
50.47,5680
50.48,5679
50.49,5678
50.50,5677
50.50,5676
50.51,5675
50.52,5674
50.53,5673
50.53,5672
50.53,5671
50.54,5670
50.71,5669
50.91,5668
50.91,5667
50.92,5666
50.94,5665
50.94,5664
50.94,5663
50.94,5662
50.95,5661
50.96,5660
50.96,5659
50.96,5658
50.96,5657
50.97,5656
50.97,5655
50.97,5654
50.99,5653
50.99,5652
51.01,5651
51.02,5650
51.02,5649
51.02,5648
51.10,5647
51.11,5646
51.12,5645
51.12,5644
51.13,5643
51.13,5642
51.13,5641
51.14,5640
51.15,5639
51.15,5638
51.16,5637
51.16,5636
51.16,5635
51.16,5634
51.16,5633
51.19,5632
51.31,5631
51.31,5630
51.32,5629
51.32,5628
51.32,5627
51.32,5626
51.33,5625
51.36,5624
51.36,5623
51.36,5622
51.41,5621
51.42,5620
51.44,5619
51.44,5618
51.47,5617
51.56,5616
51.57,5615
51.57,5614
51.57,5613
51.58,5612
51.59,5611
51.59,5610
51.60,5609
51.61,5608
51.61,5607
51.61,5606
51.61,5605
51.69,5604
51.69,5603
51.69,5602
51.69,5601
51.70,5600
51.71,5599
51.71,5598
51.72,5597
51.72,5596
51.73,5595
51.74,5594
51.76,5593
51.76,5592
51.77,5591
51.77,5590
51.77,5589
51.78,5588
51.78,5587
51.78,5586
51.80,5585
51.80,5584
51.93,5583
51.93,5582
51.93,5581
51.94,5580
51.94,5579
52.09,5578
52.09,5577
52.10,5576
52.10,5575
52.18,5574
52.19,5573
52.19,5572
52.19,5571
52.20,5570
52.20,5569
52.20,5568
52.28,5567
52.28,5566
52.28,5565
52.30,5564
52.30,5563
52.30,5562
52.30,5561
52.30,5560
52.30,5559
52.30,5558
52.31,5557
52.52,5556
52.52,5555
52.52,5554
52.53,5553
52.53,5552
52.54,5551
52.55,5550
52.55,5549
52.56,5548
52.56,5547
52.56,5546
52.75,5545
52.76,5544
52.77,5543
52.79,5542
52.79,5541
52.84,5540
52.84,5539
52.86,5538
52.86,5537
52.88,5536
52.88,5535
52.90,5534
52.90,5533
52.92,5532
52.94,5531
52.94,5530
52.94,5529
52.94,5528
52.96,5527
52.97,5526
52.97,5525
52.99,5524
52.99,5523
52.99,5522
53.00,5521
53.01,5520
53.01,5519
53.01,5518
53.02,5517
53.02,5516
53.02,5515
53.02,5514
53.02,5513
53.02,5512
53.03,5511
53.04,5510
53.05,5509
53.05,5508
53.11,5507
53.11,5506
53.13,5505
53.40,5504
53.41,5503
53.41,5502
53.41,5501
53.43,5500
53.44,5499
53.44,5498
53.45,5497
53.47,5496
53.48,5495
53.48,5494
53.50,5493
53.50,5492
53.51,5491
53.51,5490
53.51,5489
53.54,5488
53.56,5487
53.57,5486
53.68,5485
53.68,5484
53.70,5483
53.71,5482
53.71,5481
53.72,5480
53.72,5479
53.73,5478
53.75,5477
53.75,5476
53.75,5475
53.77,5474
53.78,5473
53.82,5472
53.82,5471
53.83,5470
53.85,5469
53.85,5468
53.91,5467
53.92,5466
53.92,5465
53.93,5464
53.97,5463
53.98,5462
53.98,5461
53.99,5460
54.23,5459
54.23,5458
54.23,5457
54.23,5456
54.23,5455
54.51,5454
54.51,5453
54.51,5452
54.52,5451
54.57,5450
54.58,5449
54.60,5448
54.68,5447
54.75,5446
54.85,5445
54.86,5444
54.88,5443
54.88,5442
54.89,5441
54.89,5440
54.90,5439
54.91,5438
54.91,5437
54.92,5436
54.92,5435
54.93,5434
54.95,5433
54.95,5432
54.96,5431
55.04,5430
55.09,5429
55.09,5428
55.09,5427
55.09,5426
55.10,5425
55.12,5424
55.17,5423
55.17,5422
55.27,5421
55.29,5420
55.29,5419
55.29,5418
55.29,5417
55.33,5416
55.35,5415
55.35,5414
55.35,5413
55.38,5412
55.38,5411
55.44,5410
55.44,5409
55.46,5408
55.46,5407
55.46,5406
55.46,5405
55.53,5404
55.54,5403
55.55,5402
55.55,5401
55.55,5400
55.56,5399
55.56,5398
55.57,5397
55.58,5396
55.59,5395
55.60,5394
55.61,5393
55.61,5392
55.97,5391
56.01,5390
56.01,5389
56.02,5388
56.06,5387
56.06,5386
56.06,5385
56.07,5384
56.07,5383
56.07,5382
56.11,5381
56.11,5380
56.13,5379
56.13,5378
56.13,5377
56.13,5376
56.14,5375
56.65,5374
56.66,5373
56.67,5372
56.71,5371
56.74,5370
56.75,5369
56.98,5368
56.98,5367
56.98,5366
56.99,5365
56.99,5364
56.99,5363
57.00,5362
57.02,5361
57.02,5360
57.03,5359
57.04,5358
57.06,5357
57.08,5356
57.17,5355
57.20,5354
57.20,5353
57.27,5352
57.27,5351
57.28,5350
57.28,5349
57.28,5348
57.35,5347
57.43,5346
57.47,5345
57.51,5344
57.55,5343
57.57,5342
57.57,5341
57.58,5340
57.62,5339
57.62,5338
57.62,5337
57.62,5336
57.63,5335
57.65,5334
57.66,5333
57.68,5332
57.68,5331
57.69,5330
57.85,5329
57.85,5328
57.85,5327
57.86,5326
57.87,5325
57.88,5324
57.88,5323
57.88,5322
57.88,5321
57.92,5320
57.92,5319
57.92,5318
57.92,5317
57.92,5316
57.96,5315
58.21,5314
58.21,5313
58.21,5312
58.22,5311
58.22,5310
58.26,5309
58.44,5308
58.50,5307
58.50,5306
58.59,5305
58.59,5304
58.59,5303
58.61,5302
58.62,5301
58.81,5300
58.89,5299
58.89,5298
58.89,5297
58.89,5296
58.90,5295
58.90,5294
58.90,5293
58.91,5292
58.91,5291
58.98,5290
58.98,5289
59.06,5288
59.07,5287
59.07,5286
59.07,5285
59.08,5284
59.08,5283
59.08,5282
59.27,5281
59.27,5280
59.28,5279
59.29,5278
59.29,5277
59.33,5276
59.33,5275
59.56,5274
59.56,5273
59.57,5272
59.58,5271
59.58,5270
59.58,5269
59.59,5268
59.61,5267
59.62,5266
59.63,5265
59.63,5264
59.64,5263
59.66,5262
59.67,5261
59.67,5260
59.68,5259
59.68,5258
59.69,5257
59.70,5256
59.70,5255
59.78,5254
59.85,5253
59.86,5252
59.87,5251
60.04,5250
60.04,5249
60.04,5248
60.05,5247
60.10,5246
60.11,5245
60.19,5244
60.20,5243
60.22,5242
60.23,5241
60.27,5240
60.42,5239
60.42,5238
60.45,5237
60.51,5236
60.51,5235
60.53,5234
60.54,5233
61.37,5232
61.38,5231
61.39,5230
61.39,5229
61.40,5228
61.40,5227
61.41,5226
61.41,5225
61.42,5224
61.42,5223
61.42,5222
61.47,5221
61.51,5220
61.52,5219
61.57,5218
61.58,5217
61.58,5216
61.65,5215
61.65,5214
61.65,5213
61.66,5212
61.69,5211
61.71,5210
61.72,5209
61.73,5208
61.74,5207
61.75,5206
61.75,5205
61.75,5204
61.76,5203
61.81,5202
61.81,5201
61.82,5200
61.84,5199
61.94,5198
61.94,5197
61.94,5196
61.94,5195
62.14,5194
62.49,5193
62.50,5192
62.55,5191
62.89,5190
62.89,5189
62.90,5188
62.90,5187
62.90,5186
62.92,5185
62.94,5184
62.94,5183
62.94,5182
62.95,5181
63.01,5180
63.01,5179
63.44,5178
63.77,5177
63.98,5176
63.98,5175
64.00,5174
64.02,5173
64.46,5172
64.46,5171
64.99,5170
65.01,5169
65.01,5168
65.01,5167
65.02,5166
65.18,5165
65.18,5164
65.19,5163
65.24,5162
65.26,5161
65.32,5160
65.32,5159
65.32,5158
65.32,5157
65.33,5156
65.34,5155
65.34,5154
65.38,5153
65.43,5152
65.43,5151
65.44,5150
65.47,5149
65.58,5148
65.58,5147
66.36,5146
66.36,5145
66.37,5144
66.37,5143
66.39,5142
66.41,5141
66.42,5140
66.42,5139
66.42,5138
66.43,5137
66.44,5136
66.45,5135
66.45,5134
66.45,5133
66.46,5132
66.46,5131
66.69,5130
66.69,5129
66.70,5128
66.76,5127
66.76,5126
66.77,5125
66.82,5124
66.82,5123
66.92,5122
66.93,5121
67.44,5120
67.45,5119
67.47,5118
67.55,5117
67.64,5116
67.64,5115
67.65,5114
67.67,5113
68.06,5112
68.25,5111
68.32,5110
70.15,5109
70.15,5108
70.15,5107
70.20,5106
70.21,5105
70.21,5104
70.21,5103
70.21,5102
70.23,5101
70.31,5100
70.31,5099
70.38,5098
70.38,5097
70.41,5096
70.43,5095
70.44,5094
70.97,5093
70.97,5092
71.00,5091
71.18,5090
71.19,5089
71.19,5088
71.29,5087
71.29,5086
71.34,5085
71.39,5084
71.68,5083
71.69,5082
71.69,5081
71.70,5080
71.72,5079
71.72,5078
71.83,5077
71.83,5076
72.20,5075
72.20,5074
72.21,5073
72.23,5072
72.23,5071
72.30,5070
72.41,5069
72.46,5068
72.47,5067
72.51,5066
72.53,5065
72.57,5064
72.61,5063
73.22,5062
73.24,5061
73.24,5060
73.25,5059
73.27,5058
73.27,5057
73.29,5056
73.52,5055
73.53,5054
73.53,5053
73.55,5052
73.59,5051
74.69,5050
74.70,5049
74.73,5048
74.77,5047
74.81,5046
74.81,5045
74.86,5044
74.89,5043
74.89,5042
74.93,5041
74.94,5040
74.95,5039
75.01,5038
75.01,5037
75.66,5036
75.74,5035
75.80,5034
75.81,5033
75.82,5032
75.85,5031
77.05,5030
77.11,5029
77.47,5028
77.48,5027
77.50,5026
77.55,5025
77.61,5024
77.62,5023
77.63,5022
77.68,5021
77.70,5020
77.70,5019
77.71,5018
77.72,5017
77.80,5016
77.91,5015
77.92,5014
77.93,5013
78.29,5012
78.53,5011
78.54,5010
78.54,5009
78.57,5008
78.75,5007
78.77,5006
78.78,5005
80.00,5004
80.03,5003
80.03,5002
80.07,5001
81.14,5000
81.29,4999
81.31,4998
81.35,4997
81.38,4996
81.40,4995
81.76,4994
81.83,4993
81.87,4992
82.02,4991
82.05,4990
82.06,4989
82.06,4988
82.07,4987
82.07,4986
82.54,4985
83.44,4984
84.20,4983
84.20,4982
84.29,4981
84.51,4980
84.52,4979
84.54,4978
84.99,4977
84.99,4976
86.99,4975
87.35,4974
87.36,4973
87.46,4972
87.46,4971
87.47,4970
87.66,4969
87.67,4968
87.76,4967
87.76,4966
87.79,4965
87.80,4964
87.81,4963
87.85,4962
87.85,4961
88.24,4960
88.25,4959
94.77,4958
95.03,4957
95.52,4956
95.61,4955
95.65,4954
96.38,4953
96.44,4952
96.50,4951
96.53,4950
97.51,4949
97.52,4948
97.53,4947
97.73,4946
97.76,4945
97.77,4944
97.79,4943
97.79,4942
97.86,4941
97.87,4940
97.89,4939
98.72,4938
98.78,4937
98.79,4936
98.81,4935
98.84,4934
98.85,4933
98.87,4932
98.89,4931
99.06,4930
99.78,4929
104.22,4928
104.50,4927
104.55,4926
104.56,4925
105.48,4924
105.49,4923
105.52,4922
105.64,4921
105.68,4920
105.69,4919
105.82,4918
108.99,4917
113.69,4916
114.49,4915
114.50,4914
114.51,4913
114.93,4912
114.96,4911
115.01,4910
115.04,4909
115.24,4908
115.56,4907
115.66,4906
115.80,4905
115.98,4904
116.11,4903
116.12,4902
122.06,4901
126.38,4900
127.48,4899
127.54,4898
127.66,4897
129.99,4896
130.26,4895
133.18,4894
133.21,4893
133.23,4892
133.23,4891
134.40,4890
139.71,4889
141.32,4888
141.45,4887
141.46,4886
141.48,4885
142.56,4884
153.34,4883
153.36,4882
153.71,4881
153.72,4880
153.72,4879
153.87,4878
153.89,4877
154.76,4876
164.43,4875
164.79,4874
165.12,4873
165.14,4872
165.28,4871
165.38,4870
165.73,4869
166.33,4868
168.75,4867
186.46,4866
186.48,4865
202.26,4864
207.68,4863
207.69,4862
208.02,4861
208.14,4860
213.43,4859
216.93,4858
216.94,4857
216.98,4856
217.01,4855
217.08,4854
217.18,4853
260.28,4852
260.39,4851
260.45,4850
260.53,4849
262.30,4848
262.33,4847
263.16,4846
267.78,4845
268.13,4844
268.34,4843
292.28,4842
293.33,4841
293.52,4840
313.13,4839
333.58,4838
334.62,4837
334.88,4836
354.53,4835
374.99,4834
393.58,4833
393.61,4832
445.52,4831
445.59,4830
484.91,4829
554.73,4828
555.45,4827
595.22,4826
