0.05,1588
0.05,1587
0.05,1586
0.05,1585
0.05,1584
0.05,1583
0.05,1582
0.05,1581
0.05,1580
0.05,1579
0.05,1578
0.05,1577
0.05,1576
0.05,1575
0.05,1574
0.05,1573
0.05,1572
0.05,1571
0.05,1570
0.05,1569
0.05,1568
0.05,1567
0.05,1566
0.05,1565
0.05,1564
0.05,1563
0.05,1562
0.05,1561
0.05,1560
0.05,1559
0.05,1558
0.05,1557
0.05,1556
0.05,1555
0.05,1554
0.05,1553
0.05,1552
0.05,1551
0.05,1550
0.05,1549
0.05,1548
0.05,1547
0.05,1546
0.05,1545
0.05,1544
0.06,1543
0.06,1542
0.06,1541
0.06,1540
0.06,1539
0.06,1538
0.06,1537
0.06,1536
0.06,1535
0.06,1534
0.06,1533
0.06,1532
0.06,1531
0.06,1530
0.06,1529
0.06,1528
0.06,1527
0.06,1526
0.06,1525
0.06,1524
0.06,1523
0.06,1522
0.06,1521
0.06,1520
0.06,1519
0.06,1518
0.06,1517
0.06,1516
0.06,1515
0.06,1514
0.06,1513
0.06,1512
0.06,1511
0.06,1510
0.06,1509
0.06,1508
0.06,1507
0.06,1506
0.06,1505
0.06,1504
0.06,1503
0.06,1502
0.06,1501
0.06,1500
0.06,1499
0.06,1498
0.06,1497
0.07,1496
0.07,1495
0.07,1494
0.07,1493
0.07,1492
0.07,1491
0.07,1490
0.07,1489
0.07,1488
0.07,1487
0.07,1486
0.07,1485
0.07,1484
0.07,1483
0.07,1482
0.08,1481
0.08,1480
0.08,1479
0.08,1478
0.08,1477
0.08,1476
0.08,1475
0.08,1474
0.08,1473
0.08,1472
0.08,1471
0.08,1470
0.08,1469
0.08,1468
0.08,1467
0.08,1466
0.08,1465
0.09,1464
0.09,1463
0.09,1462
0.09,1461
0.09,1460
0.09,1459
0.09,1458
0.09,1457
0.09,1456
0.09,1455
0.09,1454
0.09,1453
0.09,1452
0.09,1451
0.09,1450
0.09,1449
0.09,1448
0.09,1447
0.10,1446
0.10,1445
0.10,1444
0.10,1443
0.10,1442
0.10,1441
0.10,1440
0.10,1439
0.10,1438
0.10,1437
0.10,1436
0.10,1435
0.10,1434
0.10,1433
0.10,1432
0.10,1431
0.10,1430
0.13,1429
0.13,1428
0.13,1427
0.13,1426
0.13,1425
0.13,1424
0.13,1423
0.15,1422
0.16,1421
0.18,1420
0.18,1419
0.18,1418
0.18,1417
0.18,1416
0.18,1415
0.18,1414
0.20,1413
0.21,1412
0.21,1411
0.21,1410
0.21,1409
0.21,1408
0.21,1407
0.21,1406
0.21,1405
0.21,1404
0.21,1403
0.22,1402
0.22,1401
0.22,1400
0.22,1399
0.22,1398
0.22,1397
0.23,1396
0.23,1395
0.23,1394
0.24,1393
0.24,1392
0.24,1391
0.24,1390
0.24,1389
0.24,1388
0.24,1387
0.24,1386
0.24,1385
0.24,1384
0.24,1383
0.24,1382
0.24,1381
0.24,1380
0.24,1379
0.29,1378
0.29,1377
0.29,1376
0.29,1375
0.29,1374
0.29,1373
0.29,1372
0.35,1371
0.35,1370
0.35,1369
0.35,1368
0.35,1367
0.35,1366
0.42,1365
0.42,1364
0.42,1363
0.42,1362
0.77,1361
0.78,1360
0.98,1359
0.98,1358
0.98,1357
0.98,1356
0.99,1355
0.99,1354
0.99,1353
1.08,1352
1.08,1351
1.08,1350
1.10,1349
1.10,1348
1.10,1347
4.00,1346
4.01,1345
4.01,1344
4.01,1343
4.02,1342
4.02,1341
4.02,1340
4.02,1339
4.02,1338
4.02,1337
5.64,1336
5.64,1335
5.81,1334
5.83,1333
5.86,1332
6.17,1331
6.17,1330
6.17,1329
6.17,1328
6.17,1327
6.17,1326
6.17,1325
6.17,1324
6.17,1323
6.17,1322
6.17,1321
6.17,1320
6.17,1319
6.17,1318
6.17,1317
6.19,1316
6.19,1315
6.20,1314
6.20,1313
6.20,1312
6.20,1311
6.20,1310
6.60,1309
6.60,1308
6.61,1307
6.62,1306
6.62,1305
6.62,1304
6.62,1303
6.63,1302
6.63,1301
6.63,1300
6.63,1299
6.69,1298
6.69,1297
6.69,1296
6.69,1295
6.69,1294
6.69,1293
6.69,1292
6.69,1291
6.70,1290
6.70,1289
6.70,1288
6.71,1287
6.71,1286
7.68,1285
7.68,1284
7.68,1283
7.68,1282
7.69,1281
7.69,1280
7.69,1279
7.69,1278
7.69,1277
7.69,1276
7.70,1275
7.70,1274
7.73,1273
7.73,1272
7.90,1271
7.90,1270
7.91,1269
7.91,1268
7.91,1267
7.91,1266
7.91,1265
7.91,1264
7.91,1263
7.91,1262
7.91,1261
7.91,1260
8.50,1259
8.50,1258
8.56,1257
8.57,1256
8.57,1255
8.57,1254
8.57,1253
8.57,1252
8.59,1251
8.59,1250
8.59,1249
8.59,1248
8.59,1247
8.59,1246
8.59,1245
8.59,1244
8.59,1243
8.59,1242
8.60,1241
8.60,1240
8.60,1239
8.60,1238
8.60,1237
8.61,1236
8.62,1235
8.62,1234
8.65,1233
8.74,1232
8.74,1231
8.74,1230
8.74,1229
8.74,1228
8.74,1227
8.74,1226
8.74,1225
8.74,1224
8.74,1223
8.90,1222
8.90,1221
8.90,1220
8.90,1219
8.90,1218
8.91,1217
8.92,1216
8.92,1215
8.92,1214
8.92,1213
8.92,1212
8.92,1211
8.92,1210
8.95,1209
8.95,1208
8.95,1207
8.97,1206
8.97,1205
8.97,1204
8.97,1203
8.97,1202
8.97,1201
9.00,1200
9.00,1199
9.00,1198
9.00,1197
9.00,1196
9.00,1195
9.01,1194
9.24,1193
9.26,1192
9.26,1191
9.26,1190
9.26,1189
9.27,1188
9.28,1187
9.28,1186
9.33,1185
9.33,1184
9.33,1183
9.89,1182
9.89,1181
9.89,1180
9.89,1179
9.93,1178
9.96,1177
9.96,1176
9.99,1175
9.99,1174
9.99,1173
9.99,1172
9.99,1171
9.99,1170
9.99,1169
9.99,1168
9.99,1167
9.99,1166
9.99,1165
10.00,1164
10.00,1163
10.00,1162
10.00,1161
10.00,1160
10.01,1159
10.01,1158
10.01,1157
10.02,1156
10.03,1155
10.03,1154
10.03,1153
10.04,1152
10.04,1151
10.04,1150
10.04,1149
10.04,1148
10.04,1147
10.05,1146
10.21,1145
10.21,1144
10.21,1143
10.22,1142
10.22,1141
10.22,1140
10.22,1139
10.22,1138
10.23,1137
10.27,1136
10.27,1135
10.28,1134
10.28,1133
10.28,1132
10.28,1131
10.28,1130
10.29,1129
10.29,1128
10.29,1127
10.29,1126
10.30,1125
10.30,1124
10.30,1123
10.30,1122
10.30,1121
10.30,1120
10.31,1119
10.31,1118
10.31,1117
10.31,1116
10.31,1115
10.31,1114
10.31,1113
10.36,1112
10.37,1111
10.38,1110
10.38,1109
10.38,1108
10.38,1107
10.62,1106
10.95,1105
10.95,1104
10.96,1103
10.96,1102
10.97,1101
10.99,1100
10.99,1099
10.99,1098
10.99,1097
11.00,1096
11.00,1095
11.00,1094
11.01,1093
11.01,1092
11.08,1091
11.09,1090
11.09,1089
11.09,1088
11.09,1087
11.09,1086
11.09,1085
11.12,1084
11.12,1083
11.12,1082
11.12,1081
11.12,1080
11.12,1079
11.13,1078
11.13,1077
11.13,1076
11.13,1075
11.13,1074
11.13,1073
11.13,1072
11.13,1071
11.14,1070
11.15,1069
11.17,1068
11.18,1067
11.18,1066
11.18,1065
11.18,1064
11.18,1063
11.18,1062
11.18,1061
11.18,1060
11.18,1059
11.18,1058
11.18,1057
11.18,1056
11.18,1055
11.59,1054
11.60,1053
11.60,1052
11.60,1051
11.60,1050
11.60,1049
11.60,1048
11.61,1047
11.61,1046
11.61,1045
11.61,1044
11.62,1043
11.62,1042
11.80,1041
11.91,1040
11.92,1039
11.92,1038
12.06,1037
12.06,1036
12.06,1035
12.06,1034
12.06,1033
12.06,1032
12.06,1031
12.06,1030
12.06,1029
12.06,1028
12.06,1027
12.07,1026
12.09,1025
12.09,1024
12.09,1023
12.17,1022
12.18,1021
12.18,1020
12.18,1019
12.18,1018
12.18,1017
12.20,1016
12.20,1015
12.20,1014
12.21,1013
12.21,1012
12.21,1011
12.21,1010
12.48,1009
12.48,1008
12.70,1007
12.84,1006
12.84,1005
12.85,1004
12.85,1003
12.85,1002
12.96,1001
12.96,1000
12.96,999
12.96,998
12.97,997
12.97,996
12.98,995
12.98,994
12.98,993
12.98,992
12.98,991
12.99,990
13.14,989
13.14,988
13.14,987
13.14,986
13.14,985
13.15,984
13.15,983
13.15,982
13.25,981
13.25,980
13.25,979
13.25,978
13.25,977
13.26,976
13.27,975
13.27,974
13.27,973
13.84,972
13.84,971
13.85,970
13.85,969
13.85,968
13.85,967
13.91,966
13.91,965
13.91,964
13.91,963
13.91,962
13.93,961
13.93,960
13.93,959
13.94,958
13.94,957
13.95,956
14.55,955
14.55,954
14.60,953
14.60,952
14.61,951
14.62,950
14.62,949
14.82,948
14.84,947
15.24,946
15.24,945
15.25,944
15.25,943
15.26,942
15.58,941
15.58,940
16.69,939
16.69,938
16.69,937
16.70,936
16.70,935
16.89,934
16.90,933
16.90,932
16.90,931
16.95,930
17.86,929
17.86,928
17.86,927
17.86,926
17.88,925
18.04,924
18.82,923
18.82,922
18.83,921
18.83,920
18.83,919
18.84,918
18.84,917
19.74,916
19.84,915
19.87,914
20.12,913
20.93,912
20.93,911
21.03,910
21.03,909
21.03,908
21.69,907
21.69,906
22.61,905
22.94,904
23.25,903
23.36,902
23.66,901
23.67,900
23.67,899
23.69,898
23.96,897
25.20,896
25.23,895
30.64,894
32.95,893
32.97,892
35.79,891
36.87,890
39.67,889
52.72,888
59.89,887
169.72,886
199.98,885
224.99,884
512.26,883
