0.00,1189
0.02,1188
0.15,1187
0.18,1186
0.31,1185
0.35,1184
0.39,1183
0.43,1182
0.52,1181
0.55,1180
0.57,1179
0.67,1178
0.76,1177
0.83,1176
0.89,1175
1.04,1174
1.08,1173
1.10,1172
1.15,1171
1.19,1170
1.24,1169
1.26,1168
1.35,1167
1.41,1166
1.48,1165
1.54,1164
1.63,1163
1.68,1162
1.70,1161
1.72,1160
1.78,1159
1.80,1158
1.93,1157
1.99,1156
2.01,1155
2.10,1154
2.18,1153
2.23,1152
2.31,1151
2.33,1150
2.40,1149
2.48,1148
2.52,1147
2.67,1146
2.73,1145
2.83,1144
2.89,1143
2.91,1142
2.93,1141
2.96,1140
3.00,1139
3.02,1138
3.33,1137
3.41,1136
3.46,1135
3.55,1134
3.62,1133
3.68,1132
3.73,1131
3.82,1130
3.92,1129
4.00,1128
4.04,1127
4.09,1126
4.14,1125
4.24,1124
4.27,1123
4.37,1122
4.46,1121
4.54,1120
4.57,1119
4.60,1118
4.65,1117
4.70,1116
4.72,1115
4.78,1114
4.84,1113
4.91,1112
4.95,1111
4.98,1110
5.02,1109
5.10,1108
5.17,1107
5.23,1106
5.26,1105
5.29,1104
5.39,1103
5.47,1102
5.54,1101
5.67,1100
5.72,1099
5.88,1098
5.91,1097
5.99,1096
6.03,1095
6.15,1094
6.17,1093
6.20,1092
6.23,1091
6.27,1090
6.33,1089
6.40,1088
6.47,1087
6.52,1086
6.58,1085
6.61,1084
6.80,1083
6.84,1082
6.89,1081
6.91,1080
6.93,1079
7.02,1078
7.06,1077
7.10,1076
7.16,1075
7.22,1074
7.25,1073
7.30,1072
7.34,1071
7.40,1070
7.47,1069
7.55,1068
7.58,1067
7.62,1066
7.66,1065
7.70,1064
7.73,1063
7.77,1062
7.79,1061
7.82,1060
7.93,1059
7.98,1058
8.01,1057
8.07,1056
8.46,1055
8.56,1054
8.60,1053
8.66,1052
8.81,1051
9.04,1050
9.10,1049
9.16,1048
9.43,1047
9.49,1046
9.77,1045
9.79,1044
9.96,1043
9.99,1042
10.03,1041
10.14,1040
10.17,1039
10.20,1038
10.22,1037
10.29,1036
10.31,1035
10.49,1034
10.54,1033
10.56,1032
10.68,1031
10.76,1030
10.80,1029
10.89,1028
10.92,1027
10.96,1026
11.08,1025
11.11,1024
11.18,1023
11.27,1022
11.31,1021
11.42,1020
11.45,1019
11.62,1018
11.77,1017
11.81,1016
11.85,1015
11.87,1014
11.92,1013
11.94,1012
12.01,1011
12.04,1010
12.06,1009
12.07,1008
12.13,1007
12.17,1006
12.25,1005
12.30,1004
12.32,1003
12.37,1002
12.43,1001
12.44,1000
12.65,999
12.68,998
12.73,997
12.80,996
12.83,995
12.97,994
13.01,993
13.10,992
13.17,991
13.28,990
13.31,989
13.33,988
13.40,987
13.48,986
13.51,985
13.63,984
13.73,983
13.78,982
13.86,981
13.96,980
14.02,979
14.04,978
14.10,977
