0.04,1588
0.04,1587
0.04,1586
0.04,1585
0.04,1584
0.04,1583
0.04,1582
0.05,1581
0.05,1580
0.05,1579
0.05,1578
0.05,1577
0.05,1576
0.05,1575
0.05,1574
0.05,1573
0.05,1572
0.05,1571
0.05,1570
0.05,1569
0.05,1568
0.05,1567
0.05,1566
0.05,1565
0.05,1564
0.05,1563
0.05,1562
0.05,1561
0.05,1560
0.05,1559
0.05,1558
0.05,1557
0.05,1556
0.05,1555
0.05,1554
0.05,1553
0.05,1552
0.05,1551
0.05,1550
0.05,1549
0.05,1548
0.05,1547
0.05,1546
0.05,1545
0.05,1544
0.05,1543
0.05,1542
0.05,1541
0.05,1540
0.05,1539
0.05,1538
0.05,1537
0.05,1536
0.05,1535
0.05,1534
0.05,1533
0.05,1532
0.05,1531
0.05,1530
0.05,1529
0.05,1528
0.05,1527
0.05,1526
0.05,1525
0.05,1524
0.05,1523
0.05,1522
0.05,1521
0.05,1520
0.05,1519
0.05,1518
0.05,1517
0.05,1516
0.05,1515
0.05,1514
0.05,1513
0.05,1512
0.06,1511
0.06,1510
0.06,1509
0.06,1508
0.06,1507
0.06,1506
0.06,1505
0.06,1504
0.06,1503
0.06,1502
0.06,1501
0.06,1500
0.06,1499
0.06,1498
0.06,1497
0.06,1496
0.06,1495
0.06,1494
0.06,1493
0.06,1492
0.06,1491
0.06,1490
0.06,1489
0.07,1488
0.07,1487
0.07,1486
0.07,1485
0.07,1484
0.07,1483
0.07,1482
0.07,1481
0.07,1480
0.07,1479
0.07,1478
0.07,1477
0.07,1476
0.07,1475
0.07,1474
0.07,1473
0.07,1472
0.07,1471
0.07,1470
0.07,1469
0.07,1468
0.07,1467
0.07,1466
0.07,1465
0.08,1464
0.08,1463
0.08,1462
0.08,1461
0.08,1460
0.08,1459
0.08,1458
0.08,1457
0.08,1456
0.08,1455
0.08,1454
0.08,1453
0.08,1452
0.08,1451
0.08,1450
0.08,1449
0.08,1448
0.08,1447
0.08,1446
0.08,1445
0.09,1444
0.09,1443
0.09,1442
0.09,1441
0.09,1440
0.09,1439
0.09,1438
0.09,1437
0.09,1436
0.09,1435
0.09,1434
0.09,1433
0.09,1432
0.09,1431
0.10,1430
0.10,1429
0.10,1428
0.10,1427
0.10,1426
0.10,1425
0.10,1424
0.10,1423
0.10,1422
0.10,1421
0.10,1420
0.10,1419
0.10,1418
0.10,1417
0.10,1416
0.10,1415
0.11,1414
0.11,1413
0.11,1412
0.12,1411
0.12,1410
0.12,1409
0.12,1408
0.14,1407
0.14,1406
0.14,1405
0.14,1404
0.15,1403
0.15,1402
0.15,1401
0.15,1400
0.16,1399
0.16,1398
0.16,1397
0.16,1396
0.16,1395
0.16,1394
0.16,1393
0.16,1392
0.16,1391
0.16,1390
0.16,1389
0.16,1388
0.19,1387
0.19,1386
0.20,1385
0.20,1384
0.20,1383
0.20,1382
0.33,1381
0.33,1380
0.57,1379
0.57,1378
0.66,1377
0.66,1376
0.66,1375
0.66,1374
0.66,1373
0.66,1372
0.66,1371
0.67,1370
0.67,1369
0.67,1368
0.68,1367
0.69,1366
0.69,1365
0.69,1364
0.93,1363
0.93,1362
0.93,1361
0.93,1360
0.93,1359
0.93,1358
0.93,1357
0.93,1356
0.93,1355
0.93,1354
0.93,1353
1.07,1352
1.07,1351
1.08,1350
4.27,1349
4.27,1348
4.27,1347
4.27,1346
4.27,1345
4.27,1344
4.27,1343
4.28,1342
4.28,1341
4.28,1340
4.28,1339
4.28,1338
4.28,1337
4.28,1336
4.28,1335
4.28,1334
4.28,1333
4.28,1332
4.28,1331
4.35,1330
4.35,1329
4.35,1328
4.35,1327
4.35,1326
4.36,1325
4.36,1324
5.65,1323
5.65,1322
6.07,1321
6.07,1320
6.07,1319
6.08,1318
6.10,1317
6.10,1316
6.10,1315
6.15,1314
6.15,1313
6.15,1312
6.15,1311
6.15,1310
6.15,1309
6.15,1308
6.16,1307
6.16,1306
6.16,1305
6.16,1304
6.16,1303
6.25,1302
6.25,1301
6.25,1300
6.25,1299
6.25,1298
6.25,1297
6.25,1296
6.26,1295
6.26,1294
6.34,1293
6.34,1292
6.34,1291
6.34,1290
6.34,1289
6.35,1288
6.35,1287
6.35,1286
6.35,1285
6.35,1284
6.35,1283
6.35,1282
6.35,1281
6.35,1280
6.35,1279
6.65,1278
6.65,1277
6.65,1276
6.65,1275
6.66,1274
6.66,1273
6.66,1272
6.66,1271
6.66,1270
6.67,1269
6.67,1268
6.67,1267
6.67,1266
6.67,1265
6.67,1264
6.67,1263
6.73,1262
7.70,1261
7.70,1260
7.70,1259
7.70,1258
7.71,1257
7.72,1256
7.72,1255
7.72,1254
7.91,1253
7.91,1252
7.91,1251
7.91,1250
7.91,1249
7.91,1248
7.92,1247
7.92,1246
7.92,1245
7.92,1244
7.96,1243
7.96,1242
7.96,1241
8.29,1240
8.29,1239
8.29,1238
8.29,1237
8.29,1236
8.29,1235
8.29,1234
8.29,1233
8.29,1232
8.81,1231
8.81,1230
8.84,1229
8.85,1228
8.86,1227
8.86,1226
8.87,1225
8.87,1224
8.87,1223
8.87,1222
8.87,1221
8.87,1220
8.87,1219
8.87,1218
8.87,1217
8.88,1216
8.88,1215
8.88,1214
8.88,1213
8.88,1212
8.88,1211
8.89,1210
8.89,1209
8.89,1208
8.89,1207
8.89,1206
8.89,1205
8.89,1204
8.89,1203
8.98,1202
8.98,1201
9.00,1200
9.00,1199
9.01,1198
9.01,1197
9.01,1196
9.01,1195
9.02,1194
9.02,1193
9.02,1192
9.02,1191
9.02,1190
9.02,1189
9.02,1188
9.02,1187
9.03,1186
9.03,1185
9.03,1184
9.03,1183
9.03,1182
9.03,1181
9.03,1180
9.03,1179
9.03,1178
9.04,1177
9.04,1176
9.04,1175
9.04,1174
9.04,1173
9.04,1172
9.04,1171
9.04,1170
9.04,1169
9.35,1168
9.35,1167
9.35,1166
9.35,1165
9.35,1164
9.36,1163
9.36,1162
9.36,1161
9.37,1160
9.72,1159
9.72,1158
9.73,1157
9.73,1156
9.73,1155
9.74,1154
9.75,1153
9.75,1152
9.75,1151
9.91,1150
9.91,1149
9.91,1148
9.92,1147
9.95,1146
9.95,1145
9.95,1144
9.95,1143
10.05,1142
10.05,1141
10.05,1140
10.05,1139
10.06,1138
10.06,1137
10.06,1136
10.06,1135
10.06,1134
10.06,1133
10.08,1132
10.08,1131
10.09,1130
10.09,1129
10.10,1128
10.10,1127
10.10,1126
10.15,1125
10.15,1124
10.15,1123
10.15,1122
10.16,1121
10.16,1120
10.16,1119
10.16,1118
10.16,1117
10.16,1116
10.26,1115
10.26,1114
10.26,1113
10.26,1112
10.26,1111
10.26,1110
10.26,1109
10.30,1108
10.31,1107
10.31,1106
10.31,1105
10.54,1104
10.54,1103
10.54,1102
10.54,1101
10.54,1100
10.55,1099
10.55,1098
10.55,1097
10.55,1096
10.56,1095
10.56,1094
10.56,1093
10.56,1092
10.56,1091
10.58,1090
10.58,1089
10.58,1088
10.58,1087
10.58,1086
10.58,1085
10.58,1084
10.59,1083
10.59,1082
10.59,1081
10.59,1080
10.59,1079
10.62,1078
10.62,1077
10.69,1076
10.74,1075
10.74,1074
10.74,1073
10.75,1072
10.75,1071
10.80,1070
10.91,1069
10.91,1068
10.91,1067
10.91,1066
10.91,1065
11.10,1064
11.10,1063
11.10,1062
11.13,1061
11.14,1060
11.14,1059
11.14,1058
11.14,1057
11.14,1056
11.24,1055
11.24,1054
11.24,1053
11.24,1052
11.27,1051
11.27,1050
11.27,1049
11.27,1048
11.27,1047
11.28,1046
11.29,1045
11.29,1044
11.40,1043
11.40,1042
11.44,1041
11.44,1040
11.44,1039
11.44,1038
11.44,1037
11.55,1036
11.56,1035
11.56,1034
11.56,1033
11.57,1032
12.11,1031
12.11,1030
12.11,1029
12.17,1028
12.17,1027
12.17,1026
12.17,1025
12.42,1024
12.42,1023
12.42,1022
12.43,1021
12.43,1020
12.43,1019
12.45,1018
12.47,1017
12.47,1016
12.47,1015
12.47,1014
12.47,1013
12.48,1012
12.48,1011
12.48,1010
12.48,1009
12.48,1008
12.49,1007
12.50,1006
12.51,1005
12.51,1004
12.51,1003
12.54,1002
12.54,1001
12.54,1000
12.54,999
12.54,998
12.55,997
13.05,996
13.06,995
13.17,994
13.17,993
13.17,992
13.17,991
13.18,990
13.18,989
13.18,988
13.19,987
13.19,986
13.19,985
13.19,984
13.20,983
13.20,982
13.20,981
13.20,980
13.20,979
13.20,978
13.37,977
13.41,976
13.42,975
13.42,974
13.42,973
13.42,972
13.43,971
13.43,970
13.45,969
13.48,968
13.49,967
13.49,966
13.49,965
13.50,964
14.04,963
14.09,962
14.20,961
14.21,960
14.21,959
14.22,958
14.23,957
14.40,956
14.71,955
14.72,954
14.88,953
14.88,952
14.89,951
14.89,950
14.92,949
14.94,948
14.97,947
15.01,946
15.01,945
15.01,944
15.02,943
15.03,942
15.27,941
15.27,940
15.27,939
15.28,938
15.28,937
15.32,936
15.67,935
15.86,934
15.87,933
16.14,932
16.14,931
16.14,930
16.15,929
16.15,928
16.15,927
16.15,926
16.17,925
16.19,924
17.29,923
17.30,922
17.35,921
17.45,920
17.45,919
17.76,918
17.76,917
19.76,916
19.79,915
19.80,914
19.80,913
19.80,912
19.81,911
19.82,910
19.82,909
21.14,908
21.15,907
21.15,906
24.44,905
24.54,904
24.69,903
24.69,902
24.70,901
25.21,900
25.48,899
