0.00,1214
0.02,1213
0.16,1212
0.22,1211
0.38,1210
0.53,1209
0.61,1208
0.71,1207
0.79,1206
0.86,1205
0.89,1204
0.91,1203
0.96,1202
1.01,1201
1.07,1200
1.08,1199
1.12,1198
1.18,1197
1.26,1196
1.30,1195
1.34,1194
1.45,1193
1.55,1192
1.57,1191
1.64,1190
1.68,1189
1.72,1188
1.85,1187
1.87,1186
1.89,1185
2.10,1184
2.13,1183
2.25,1182
2.31,1181
2.36,1180
2.38,1179
2.41,1178
2.46,1177
2.48,1176
2.56,1175
2.58,1174
2.64,1173
2.71,1172
2.79,1171
2.88,1170
2.91,1169
2.93,1168
2.99,1167
3.02,1166
3.05,1165
3.10,1164
3.14,1163
3.18,1162
3.22,1161
3.29,1160
3.33,1159
3.44,1158
3.46,1157
3.57,1156
3.67,1155
3.78,1154
3.82,1153
3.88,1152
3.92,1151
3.94,1150
4.03,1149
4.06,1148
4.08,1147
4.10,1146
4.17,1145
4.20,1144
4.26,1143
4.33,1142
4.43,1141
4.45,1140
4.54,1139
4.57,1138
4.59,1137
4.66,1136
4.79,1135
4.88,1134
4.92,1133
4.97,1132
5.00,1131
5.04,1130
5.15,1129
5.22,1128
5.26,1127
5.29,1126
5.36,1125
5.43,1124
5.61,1123
5.63,1122
5.71,1121
5.74,1120
5.78,1119
5.95,1118
5.97,1117
6.02,1116
6.06,1115
6.09,1114
6.13,1113
6.16,1112
6.22,1111
6.31,1110
6.36,1109
6.39,1108
6.42,1107
6.44,1106
6.47,1105
6.50,1104
6.53,1103
6.54,1102
6.61,1101
6.63,1100
6.67,1099
6.71,1098
6.89,1097
6.98,1096
7.05,1095
7.08,1094
7.12,1093
7.17,1092
7.25,1091
7.30,1090
7.35,1089
7.41,1088
7.50,1087
7.54,1086
7.57,1085
7.65,1084
7.69,1083
7.74,1082
7.76,1081
7.78,1080
7.91,1079
7.93,1078
8.05,1077
8.08,1076
8.12,1075
8.15,1074
8.21,1073
8.27,1072
8.35,1071
8.43,1070
8.50,1069
8.67,1068
8.69,1067
8.76,1066
8.79,1065
8.87,1064
8.91,1063
8.96,1062
9.00,1061
9.02,1060
9.05,1059
9.19,1058
9.21,1057
9.33,1056
9.35,1055
9.38,1054
9.41,1053
9.44,1052
9.45,1051
9.49,1050
9.61,1049
9.65,1048
9.68,1047
9.76,1046
9.92,1045
9.97,1044
10.07,1043
10.10,1042
10.17,1041
10.24,1040
10.26,1039
10.30,1038
10.33,1037
10.47,1036
10.56,1035
10.62,1034
10.68,1033
10.78,1032
10.80,1031
10.88,1030
10.93,1029
10.96,1028
10.98,1027
11.11,1026
11.15,1025
11.18,1024
11.21,1023
11.25,1022
11.27,1021
11.34,1020
11.38,1019
11.40,1018
11.48,1017
11.51,1016
11.54,1015
11.79,1014
11.89,1013
11.98,1012
12.08,1011
12.13,1010
12.21,1009
12.29,1008
12.31,1007
12.45,1006
12.48,1005
12.56,1004
12.95,1003
13.05,1002
13.16,1001
13.22,1000
13.31,999
13.41,998
13.46,997
13.51,996
13.54,995
