0.00,1193
0.05,1192
0.15,1191
0.24,1190
0.35,1189
0.42,1188
0.48,1187
0.67,1186
0.72,1185
0.81,1184
0.88,1183
0.91,1182
0.96,1181
1.09,1180
1.15,1179
1.22,1178
1.24,1177
1.31,1176
1.38,1175
1.49,1174
1.54,1173
1.57,1172
1.63,1171
1.65,1170
1.69,1169
1.72,1168
1.76,1167
1.81,1166
1.88,1165
1.90,1164
1.93,1163
2.08,1162
2.11,1161
2.16,1160
2.18,1159
2.24,1158
2.36,1157
2.40,1156
2.47,1155
2.56,1154
2.60,1153
2.63,1152
2.68,1151
2.73,1150
2.81,1149
2.93,1148
2.95,1147
2.97,1146
3.04,1145
3.16,1144
3.21,1143
3.27,1142
3.31,1141
3.48,1140
3.52,1139
3.54,1138
3.60,1137
3.68,1136
3.73,1135
3.80,1134
3.84,1133
3.94,1132
4.05,1131
4.13,1130
4.21,1129
4.25,1128
4.28,1127
4.33,1126
4.37,1125
4.44,1124
4.53,1123
4.72,1122
4.76,1121
4.82,1120
4.87,1119
4.90,1118
4.92,1117
5.01,1116
5.14,1115
5.19,1114
5.22,1113
5.26,1112
5.30,1111
5.38,1110
5.52,1109
5.60,1108
5.69,1107
5.77,1106
5.82,1105
5.89,1104
6.05,1103
6.10,1102
6.15,1101
6.18,1100
6.22,1099
6.32,1098
6.34,1097
6.40,1096
6.48,1095
6.52,1094
6.53,1093
6.60,1092
6.63,1091
6.82,1090
6.84,1089
6.89,1088
6.95,1087
7.02,1086
7.08,1085
7.12,1084
7.19,1083
7.22,1082
7.25,1081
7.28,1080
7.45,1079
7.47,1078
7.52,1077
7.55,1076
7.65,1075
7.73,1074
7.75,1073
7.81,1072
7.83,1071
7.91,1070
7.94,1069
8.00,1068
8.03,1067
8.08,1066
8.15,1065
8.17,1064
8.22,1063
8.29,1062
8.30,1061
8.34,1060
8.36,1059
8.39,1058
8.42,1057
8.66,1056
8.68,1055
8.81,1054
8.90,1053
8.96,1052
8.99,1051
9.03,1050
9.07,1049
9.10,1048
9.13,1047
9.15,1046
9.18,1045
9.20,1044
9.24,1043
9.58,1042
9.61,1041
9.85,1040
9.87,1039
9.99,1038
10.03,1037
10.08,1036
10.18,1035
10.24,1034
10.29,1033
10.35,1032
10.40,1031
10.42,1030
10.48,1029
10.50,1028
10.52,1027
10.64,1026
10.72,1025
10.76,1024
10.79,1023
10.81,1022
10.84,1021
10.96,1020
11.07,1019
11.11,1018
11.14,1017
11.18,1016
11.21,1015
11.27,1014
11.33,1013
11.41,1012
11.47,1011
11.50,1010
11.61,1009
11.69,1008
11.79,1007
11.82,1006
11.91,1005
11.99,1004
12.11,1003
12.24,1002
12.26,1001
12.38,1000
12.40,999
12.53,998
12.63,997
12.73,996
12.79,995
12.98,994
13.04,993
13.12,992
