0.05,1588
0.05,1587
0.05,1586
0.05,1585
0.05,1584
0.05,1583
0.05,1582
0.05,1581
0.05,1580
0.05,1579
0.05,1578
0.05,1577
0.05,1576
0.05,1575
0.05,1574
0.05,1573
0.05,1572
0.05,1571
0.05,1570
0.05,1569
0.05,1568
0.05,1567
0.05,1566
0.05,1565
0.05,1564
0.05,1563
0.05,1562
0.05,1561
0.05,1560
0.05,1559
0.05,1558
0.05,1557
0.05,1556
0.05,1555
0.05,1554
0.05,1553
0.05,1552
0.05,1551
0.05,1550
0.05,1549
0.05,1548
0.05,1547
0.05,1546
0.05,1545
0.05,1544
0.05,1543
0.05,1542
0.05,1541
0.05,1540
0.05,1539
0.05,1538
0.05,1537
0.05,1536
0.05,1535
0.05,1534
0.05,1533
0.05,1532
0.05,1531
0.05,1530
0.05,1529
0.05,1528
0.05,1527
0.05,1526
0.05,1525
0.05,1524
0.05,1523
0.06,1522
0.06,1521
0.06,1520
0.06,1519
0.06,1518
0.06,1517
0.06,1516
0.06,1515
0.06,1514
0.06,1513
0.06,1512
0.06,1511
0.06,1510
0.06,1509
0.06,1508
0.06,1507
0.06,1506
0.06,1505
0.06,1504
0.06,1503
0.06,1502
0.06,1501
0.06,1500
0.06,1499
0.06,1498
0.06,1497
0.06,1496
0.06,1495
0.06,1494
0.06,1493
0.06,1492
0.06,1491
0.06,1490
0.06,1489
0.06,1488
0.07,1487
0.07,1486
0.07,1485
0.07,1484
0.07,1483
0.07,1482
0.07,1481
0.07,1480
0.07,1479
0.07,1478
0.07,1477
0.07,1476
0.07,1475
0.07,1474
0.07,1473
0.07,1472
0.07,1471
0.07,1470
0.07,1469
0.07,1468
0.07,1467
0.07,1466
0.07,1465
0.08,1464
0.08,1463
0.08,1462
0.08,1461
0.08,1460
0.08,1459
0.08,1458
0.08,1457
0.08,1456
0.08,1455
0.08,1454
0.08,1453
0.08,1452
0.08,1451
0.08,1450
0.08,1449
0.08,1448
0.08,1447
0.08,1446
0.08,1445
0.08,1444
0.08,1443
0.08,1442
0.09,1441
0.09,1440
0.09,1439
0.09,1438
0.09,1437
0.09,1436
0.09,1435
0.09,1434
0.09,1433
0.09,1432
0.09,1431
0.10,1430
0.10,1429
0.10,1428
0.10,1427
0.10,1426
0.10,1425
0.10,1424
0.10,1423
0.10,1422
0.11,1421
0.11,1420
0.11,1419
0.11,1418
0.11,1417
0.11,1416
0.11,1415
0.13,1414
0.13,1413
0.13,1412
0.13,1411
0.13,1410
0.14,1409
0.14,1408
0.14,1407
0.14,1406
0.14,1405
0.14,1404
0.14,1403
0.15,1402
0.15,1401
0.15,1400
0.17,1399
0.17,1398
0.17,1397
0.17,1396
0.17,1395
0.17,1394
0.17,1393
0.20,1392
0.20,1391
0.20,1390
0.20,1389
0.20,1388
0.20,1387
0.20,1386
0.20,1385
0.20,1384
0.20,1383
0.21,1382
0.21,1381
0.21,1380
0.21,1379
0.21,1378
0.21,1377
0.21,1376
0.21,1375
0.21,1374
0.21,1373
0.22,1372
0.22,1371
0.22,1370
0.22,1369
0.22,1368
0.24,1367
0.24,1366
0.24,1365
0.24,1364
0.24,1363
0.24,1362
0.24,1361
0.24,1360
0.24,1359
0.25,1358
0.26,1357
0.26,1356
0.26,1355
0.26,1354
0.26,1353
0.26,1352
0.26,1351
0.26,1350
0.27,1349
1.17,1348
1.17,1347
1.17,1346
1.17,1345
1.17,1344
1.17,1343
4.44,1342
4.44,1341
4.46,1340
4.46,1339
4.46,1338
4.47,1337
4.47,1336
4.47,1335
4.48,1334
4.48,1333
4.48,1332
4.48,1331
4.48,1330
5.58,1329
5.58,1328
5.58,1327
5.58,1326
5.96,1325
5.96,1324
5.96,1323
5.96,1322
5.96,1321
5.96,1320
5.96,1319
5.99,1318
5.99,1317
5.99,1316
5.99,1315
5.99,1314
5.99,1313
5.99,1312
5.99,1311
5.99,1310
6.00,1309
6.00,1308
6.00,1307
6.00,1306
6.00,1305
6.00,1304
6.00,1303
6.02,1302
6.03,1301
6.03,1300
6.03,1299
6.03,1298
6.03,1297
6.03,1296
6.03,1295
6.03,1294
6.03,1293
6.04,1292
6.04,1291
6.04,1290
6.99,1289
6.99,1288
6.99,1287
6.99,1286
6.99,1285
6.99,1284
7.00,1283
7.00,1282
7.11,1281
7.12,1280
7.12,1279
7.12,1278
7.12,1277
7.12,1276
7.12,1275
7.12,1274
7.12,1273
7.12,1272
7.12,1271
7.12,1270
7.12,1269
7.12,1268
7.12,1267
7.13,1266
7.13,1265
7.13,1264
7.13,1263
7.13,1262
7.56,1261
7.57,1260
7.57,1259
7.57,1258
7.57,1257
7.57,1256
7.58,1255
7.58,1254
7.58,1253
7.58,1252
7.58,1251
7.58,1250
7.58,1249
7.72,1248
7.72,1247
7.89,1246
7.89,1245
7.89,1244
7.89,1243
7.89,1242
7.89,1241
7.89,1240
7.90,1239
7.90,1238
7.90,1237
8.00,1236
8.00,1235
8.00,1234
8.00,1233
8.00,1232
8.00,1231
8.00,1230
8.57,1229
8.57,1228
8.57,1227
8.57,1226
8.62,1225
8.62,1224
8.62,1223
8.62,1222
8.62,1221
8.62,1220
8.62,1219
8.62,1218
8.62,1217
8.62,1216
8.62,1215
8.65,1214
8.65,1213
8.65,1212
8.65,1211
8.65,1210
8.65,1209
8.65,1208
8.67,1207
8.67,1206
8.67,1205
8.67,1204
8.67,1203
8.67,1202
8.67,1201
8.69,1200
8.69,1199
8.69,1198
8.69,1197
8.75,1196
8.75,1195
8.76,1194
8.76,1193
8.78,1192
8.78,1191
8.78,1190
8.78,1189
9.23,1188
9.23,1187
9.23,1186
9.23,1185
9.23,1184
9.26,1183
9.26,1182
9.26,1181
9.26,1180
9.27,1179
9.27,1178
9.27,1177
9.27,1176
9.27,1175
9.36,1174
9.36,1173
9.36,1172
9.36,1171
9.36,1170
9.42,1169
9.43,1168
9.43,1167
9.43,1166
9.43,1165
9.43,1164
9.43,1163
9.43,1162
9.43,1161
9.43,1160
9.43,1159
9.43,1158
9.43,1157
9.56,1156
9.57,1155
9.57,1154
9.57,1153
9.57,1152
9.57,1151
9.57,1150
9.58,1149
9.58,1148
9.58,1147
9.58,1146
9.58,1145
9.58,1144
9.58,1143
9.58,1142
9.58,1141
9.58,1140
9.59,1139
9.59,1138
9.59,1137
9.59,1136
9.59,1135
9.59,1134
9.60,1133
9.60,1132
9.61,1131
9.63,1130
9.63,1129
9.63,1128
9.63,1127
9.63,1126
9.64,1125
9.64,1124
9.64,1123
9.95,1122
9.95,1121
9.95,1120
9.95,1119
9.95,1118
9.96,1117
9.96,1116
9.96,1115
9.97,1114
9.97,1113
9.97,1112
10.11,1111
10.11,1110
10.11,1109
10.11,1108
10.11,1107
10.14,1106
10.14,1105
10.14,1104
10.16,1103
10.17,1102
10.17,1101
10.17,1100
10.25,1099
10.25,1098
10.25,1097
10.25,1096
10.25,1095
10.28,1094
10.29,1093
10.29,1092
10.30,1091
10.31,1090
10.32,1089
10.32,1088
10.32,1087
10.35,1086
10.36,1085
10.36,1084
10.36,1083
10.36,1082
10.36,1081
10.36,1080
10.37,1079
10.37,1078
10.37,1077
10.68,1076
10.68,1075
10.68,1074
10.69,1073
10.69,1072
10.70,1071
10.70,1070
10.70,1069
10.70,1068
10.76,1067
10.76,1066
10.76,1065
10.76,1064
10.77,1063
10.77,1062
10.77,1061
10.77,1060
10.78,1059
10.86,1058
10.88,1057
10.88,1056
10.88,1055
11.36,1054
11.38,1053
11.38,1052
11.38,1051
11.39,1050
11.39,1049
11.39,1048
11.39,1047
11.39,1046
11.43,1045
11.43,1044
11.43,1043
11.44,1042
11.44,1041
11.44,1040
11.44,1039
11.44,1038
11.44,1037
11.45,1036
11.48,1035
11.52,1034
11.53,1033
11.61,1032
11.65,1031
11.65,1030
11.92,1029
11.92,1028
11.93,1027
11.95,1026
11.96,1025
11.97,1024
11.97,1023
12.06,1022
12.07,1021
12.07,1020
12.07,1019
12.08,1018
12.09,1017
12.09,1016
12.10,1015
12.10,1014
12.10,1013
12.10,1012
12.28,1011
12.28,1010
12.29,1009
12.30,1008
12.50,1007
12.50,1006
12.50,1005
12.50,1004
12.50,1003
12.50,1002
12.51,1001
12.51,1000
12.52,999
12.52,998
12.52,997
12.52,996
12.65,995
12.65,994
12.65,993
12.65,992
12.68,991
12.68,990
12.73,989
12.73,988
12.74,987
12.74,986
12.74,985
12.75,984
12.75,983
12.75,982
12.85,981
12.85,980
12.85,979
12.85,978
12.85,977
12.91,976
12.91,975
12.92,974
12.92,973
12.92,972
13.06,971
13.06,970
13.06,969
13.06,968
13.06,967
13.07,966
13.11,965
13.11,964
13.12,963
13.12,962
13.16,961
13.16,960
13.17,959
13.43,958
13.44,957
13.83,956
13.85,955
13.98,954
13.98,953
13.99,952
14.00,951
14.01,950
14.40,949
14.40,948
14.40,947
14.40,946
14.41,945
14.44,944
14.55,943
14.55,942
14.55,941
14.55,940
14.55,939
14.55,938
14.55,937
14.56,936
15.17,935
15.17,934
15.17,933
15.18,932
15.19,931
16.40,930
16.40,929
16.41,928
16.41,927
16.42,926
16.43,925
16.43,924
16.44,923
16.45,922
16.85,921
16.85,920
16.95,919
16.95,918
16.96,917
16.96,916
16.97,915
16.97,914
16.99,913
18.38,912
18.38,911
20.05,910
20.05,909
20.88,908
20.97,907
25.50,906
25.53,905
26.52,904
27.96,903
27.97,902
28.71,901
28.72,900
33.92,899
33.99,898
35.23,897
35.24,896
44.80,895
52.53,894
63.52,893
69.20,892
468.17,891
516.08,890
