0.00,1219
0.03,1218
0.18,1217
0.27,1216
0.33,1215
0.46,1214
0.53,1213
0.58,1212
0.64,1211
0.67,1210
0.73,1209
0.89,1208
1.07,1207
1.09,1206
1.13,1205
1.16,1204
1.20,1203
1.22,1202
1.28,1201
1.31,1200
1.40,1199
1.45,1198
1.49,1197
1.53,1196
1.62,1195
1.74,1194
1.79,1193
1.82,1192
1.86,1191
1.97,1190
2.02,1189
2.04,1188
2.08,1187
2.11,1186
2.13,1185
2.24,1184
2.34,1183
2.37,1182
2.41,1181
2.48,1180
2.62,1179
2.64,1178
2.70,1177
2.77,1176
2.83,1175
2.88,1174
2.95,1173
2.99,1172
3.03,1171
3.06,1170
3.12,1169
3.15,1168
3.27,1167
3.35,1166
3.41,1165
3.50,1164
3.54,1163
3.57,1162
3.60,1161
3.62,1160
3.65,1159
3.68,1158
3.71,1157
3.77,1156
3.81,1155
3.90,1154
4.08,1153
4.17,1152
4.21,1151
4.24,1150
4.26,1149
4.28,1148
4.34,1147
4.36,1146
4.42,1145
4.53,1144
4.71,1143
4.78,1142
4.80,1141
4.89,1140
4.96,1139
5.09,1138
5.15,1137
5.20,1136
5.23,1135
5.27,1134
5.29,1133
5.32,1132
5.45,1131
5.49,1130
5.57,1129
5.62,1128
5.65,1127
5.73,1126
5.75,1125
5.81,1124
5.83,1123
5.88,1122
5.90,1121
5.93,1120
5.97,1119
6.04,1118
6.06,1117
6.09,1116
6.15,1115
6.24,1114
6.32,1113
6.36,1112
6.40,1111
6.42,1110
6.65,1109
6.67,1108
6.79,1107
6.81,1106
6.84,1105
6.94,1104
7.14,1103
7.19,1102
7.21,1101
7.24,1100
7.30,1099
7.35,1098
7.41,1097
7.46,1096
7.81,1095
7.87,1094
7.94,1093
7.99,1092
8.01,1091
8.10,1090
8.16,1089
8.24,1088
8.29,1087
8.32,1086
8.36,1085
8.41,1084
8.51,1083
8.59,1082
8.62,1081
8.77,1080
8.81,1079
8.85,1078
8.94,1077
9.01,1076
9.04,1075
9.18,1074
9.23,1073
9.26,1072
9.34,1071
9.46,1070
9.52,1069
9.63,1068
9.74,1067
9.76,1066
9.84,1065
10.00,1064
10.02,1063
10.15,1062
10.20,1061
10.26,1060
10.28,1059
10.41,1058
10.44,1057
10.53,1056
10.65,1055
10.74,1054
10.80,1053
10.83,1052
10.93,1051
11.03,1050
11.09,1049
11.14,1048
11.18,1047
11.22,1046
11.31,1045
11.53,1044
11.65,1043
11.76,1042
11.82,1041
11.91,1040
11.99,1039
12.11,1038
12.14,1037
12.22,1036
12.33,1035
12.44,1034
12.48,1033
12.53,1032
12.57,1031
12.72,1030
12.83,1029
12.85,1028
12.93,1027
12.97,1026
13.06,1025
13.09,1024
13.11,1023
13.21,1022
13.26,1021
13.36,1020
13.38,1019
13.46,1018
13.58,1017
13.72,1016
13.74,1015
13.82,1014
13.92,1013
13.96,1012
14.00,1011
14.26,1010
14.32,1009
14.35,1008
14.39,1007
14.41,1006
14.47,1005
14.62,1004
14.70,1003
14.72,1002
14.76,1001
14.78,1000
14.86,999
14.89,998
14.94,997
14.99,996
15.07,995
15.09,994
15.11,993
15.13,992
15.19,991
15.31,990
15.38,989
15.53,988
15.62,987
15.73,986
15.79,985
15.83,984
15.89,983
15.92,982
