0.00,1209
0.11,1208
0.30,1207
0.35,1206
0.37,1205
0.40,1204
0.46,1203
0.47,1202
0.49,1201
0.52,1200
0.56,1199
0.69,1198
0.75,1197
0.82,1196
0.87,1195
0.89,1194
0.92,1193
1.00,1192
1.07,1191
1.11,1190
1.16,1189
1.28,1188
1.30,1187
1.37,1186
1.41,1185
1.43,1184
1.51,1183
1.56,1182
1.61,1181
1.65,1180
1.67,1179
1.74,1178
1.77,1177
1.85,1176
1.92,1175
1.95,1174
2.00,1173
2.10,1172
2.12,1171
2.16,1170
2.22,1169
2.31,1168
2.37,1167
2.39,1166
2.47,1165
2.50,1164
2.52,1163
2.54,1162
2.59,1161
2.67,1160
2.69,1159
2.73,1158
2.79,1157
2.82,1156
2.85,1155
2.90,1154
3.03,1153
3.10,1152
3.18,1151
3.23,1150
3.30,1149
3.50,1148
3.55,1147
3.63,1146
3.69,1145
3.74,1144
3.77,1143
3.92,1142
3.94,1141
3.97,1140
4.00,1139
4.15,1138
4.23,1137
4.25,1136
4.29,1135
4.30,1134
4.32,1133
4.34,1132
4.45,1131
4.54,1130
4.59,1129
4.64,1128
4.67,1127
4.76,1126
4.82,1125
4.91,1124
5.09,1123
5.13,1122
5.15,1121
5.26,1120
5.29,1119
5.42,1118
5.54,1117
5.56,1116
5.63,1115
5.77,1114
5.81,1113
5.83,1112
5.85,1111
5.98,1110
6.02,1109
6.06,1108
6.08,1107
6.25,1106
6.27,1105
6.33,1104
6.37,1103
6.39,1102
6.43,1101
6.48,1100
6.53,1099
6.56,1098
6.58,1097
6.69,1096
6.74,1095
6.77,1094
6.87,1093
6.96,1092
7.01,1091
7.04,1090
7.10,1089
7.16,1088
7.21,1087
7.28,1086
7.30,1085
7.32,1084
7.34,1083
7.43,1082
7.46,1081
7.50,1080
7.51,1079
7.57,1078
7.59,1077
7.62,1076
7.64,1075
7.74,1074
7.76,1073
7.78,1072
7.82,1071
7.84,1070
7.85,1069
7.91,1068
7.95,1067
8.01,1066
8.07,1065
8.12,1064
8.16,1063
8.17,1062
8.26,1061
8.30,1060
8.34,1059
8.40,1058
8.49,1057
8.56,1056
8.62,1055
8.64,1054
8.70,1053
8.82,1052
8.85,1051
8.87,1050
8.91,1049
8.96,1048
8.99,1047
9.03,1046
9.06,1045
9.08,1044
9.16,1043
9.20,1042
9.23,1041
9.41,1040
9.43,1039
9.45,1038
9.49,1037
9.58,1036
9.63,1035
9.67,1034
9.70,1033
9.75,1032
9.80,1031
9.91,1030
9.99,1029
10.05,1028
10.08,1027
10.13,1026
10.21,1025
10.23,1024
10.26,1023
10.35,1022
10.45,1021
10.47,1020
10.50,1019
10.54,1018
10.57,1017
10.62,1016
10.64,1015
10.68,1014
10.70,1013
10.72,1012
10.77,1011
10.82,1010
10.91,1009
11.17,1008
11.37,1007
11.40,1006
11.42,1005
11.43,1004
11.45,1003
11.48,1002
11.53,1001
11.65,1000
11.69,999
11.72,998
11.73,997
11.83,996
11.88,995
11.92,994
11.99,993
12.05,992
12.13,991
12.17,990
12.19,989
12.21,988
12.25,987
12.32,986
12.49,985
12.53,984
12.56,983
12.63,982
12.68,981
12.73,980
12.76,979
12.82,978
12.83,977
12.85,976
12.87,975
12.91,974
12.94,973
12.96,972
12.99,971
13.02,970
13.04,969
13.10,968
13.22,967
13.35,966
13.53,965
