0.00,1198
0.05,1197
0.25,1196
0.30,1195
0.34,1194
0.41,1193
0.44,1192
0.47,1191
0.50,1190
0.56,1189
0.58,1188
0.77,1187
0.80,1186
0.81,1185
0.83,1184
0.85,1183
0.91,1182
0.96,1181
0.99,1180
1.09,1179
1.12,1178
1.15,1177
1.19,1176
1.24,1175
1.27,1174
1.30,1173
1.33,1172
1.36,1171
1.39,1170
1.41,1169
1.51,1168
1.58,1167
1.63,1166
1.69,1165
1.74,1164
1.78,1163
1.81,1162
1.87,1161
1.92,1160
2.04,1159
2.10,1158
2.18,1157
2.19,1156
2.26,1155
2.32,1154
2.36,1153
2.39,1152
2.43,1151
2.45,1150
2.49,1149
2.51,1148
2.54,1147
2.59,1146
2.63,1145
2.67,1144
2.73,1143
2.82,1142
2.84,1141
2.86,1140
2.90,1139
2.94,1138
2.95,1137
3.06,1136
3.14,1135
3.21,1134
3.23,1133
3.31,1132
3.34,1131
3.38,1130
3.44,1129
3.56,1128
3.59,1127
3.62,1126
3.64,1125
3.84,1124
3.87,1123
3.89,1122
3.95,1121
4.06,1120
4.12,1119
4.16,1118
4.19,1117
4.25,1116
4.29,1115
4.36,1114
4.44,1113
4.47,1112
4.49,1111
4.55,1110
4.61,1109
4.65,1108
4.67,1107
4.76,1106
4.84,1105
4.86,1104
4.93,1103
4.96,1102
5.05,1101
5.09,1100
5.16,1099
5.21,1098
5.34,1097
5.40,1096
5.44,1095
5.48,1094
5.51,1093
5.56,1092
5.65,1091
5.67,1090
5.70,1089
5.74,1088
5.77,1087
5.89,1086
5.92,1085
5.97,1084
6.05,1083
6.12,1082
6.19,1081
6.23,1080
6.31,1079
6.37,1078
6.55,1077
6.57,1076
6.62,1075
6.65,1074
6.71,1073
6.79,1072
6.83,1071
6.85,1070
6.90,1069
6.92,1068
6.96,1067
6.98,1066
7.02,1065
7.07,1064
7.19,1063
7.38,1062
7.47,1061
7.56,1060
7.63,1059
7.69,1058
7.75,1057
7.81,1056
7.87,1055
7.89,1054
7.93,1053
7.96,1052
7.99,1051
8.02,1050
8.05,1049
8.07,1048
8.15,1047
8.19,1046
8.23,1045
8.25,1044
8.32,1043
8.52,1042
8.56,1041
8.67,1040
8.71,1039
8.77,1038
8.79,1037
8.87,1036
8.89,1035
8.91,1034
9.02,1033
9.04,1032
9.15,1031
9.23,1030
9.27,1029
9.35,1028
9.38,1027
9.42,1026
9.44,1025
9.50,1024
9.53,1023
9.58,1022
9.65,1021
9.70,1020
9.78,1019
9.84,1018
9.85,1017
9.88,1016
9.96,1015
9.98,1014
10.01,1013
10.07,1012
10.12,1011
10.15,1010
10.22,1009
10.29,1008
10.33,1007
10.41,1006
10.51,1005
10.57,1004
10.60,1003
10.64,1002
10.70,1001
10.82,1000
10.84,999
10.96,998
10.98,997
11.00,996
11.08,995
11.12,994
11.14,993
11.32,992
11.40,991
11.45,990
11.61,989
11.74,988
11.82,987
11.85,986
11.89,985
11.91,984
12.06,983
12.09,982
12.13,981
12.20,980
12.32,979
12.47,978
12.49,977
12.51,976
12.55,975
12.62,974
12.67,973
12.71,972
12.74,971
12.79,970
12.84,969
12.91,968
13.17,967
13.27,966
13.33,965
13.37,964
13.49,963
