0.05,1588
0.05,1587
0.05,1586
0.05,1585
0.05,1584
0.05,1583
0.05,1582
0.05,1581
0.05,1580
0.05,1579
0.05,1578
0.05,1577
0.05,1576
0.05,1575
0.05,1574
0.05,1573
0.05,1572
0.05,1571
0.05,1570
0.05,1569
0.05,1568
0.05,1567
0.05,1566
0.05,1565
0.05,1564
0.05,1563
0.05,1562
0.05,1561
0.05,1560
0.05,1559
0.05,1558
0.05,1557
0.05,1556
0.05,1555
0.05,1554
0.05,1553
0.05,1552
0.05,1551
0.05,1550
0.05,1549
0.05,1548
0.05,1547
0.05,1546
0.05,1545
0.05,1544
0.05,1543
0.05,1542
0.05,1541
0.05,1540
0.05,1539
0.05,1538
0.05,1537
0.05,1536
0.05,1535
0.05,1534
0.05,1533
0.06,1532
0.06,1531
0.06,1530
0.06,1529
0.06,1528
0.06,1527
0.06,1526
0.06,1525
0.06,1524
0.06,1523
0.06,1522
0.06,1521
0.06,1520
0.06,1519
0.06,1518
0.06,1517
0.06,1516
0.06,1515
0.06,1514
0.06,1513
0.06,1512
0.06,1511
0.06,1510
0.06,1509
0.06,1508
0.06,1507
0.06,1506
0.06,1505
0.06,1504
0.06,1503
0.06,1502
0.06,1501
0.06,1500
0.06,1499
0.06,1498
0.06,1497
0.07,1496
0.07,1495
0.07,1494
0.07,1493
0.07,1492
0.07,1491
0.07,1490
0.07,1489
0.07,1488
0.07,1487
0.07,1486
0.07,1485
0.07,1484
0.07,1483
0.07,1482
0.07,1481
0.07,1480
0.07,1479
0.07,1478
0.07,1477
0.07,1476
0.07,1475
0.07,1474
0.07,1473
0.07,1472
0.07,1471
0.07,1470
0.07,1469
0.07,1468
0.07,1467
0.07,1466
0.07,1465
0.07,1464
0.07,1463
0.07,1462
0.07,1461
0.07,1460
0.08,1459
0.08,1458
0.08,1457
0.08,1456
0.08,1455
0.08,1454
0.08,1453
0.08,1452
0.08,1451
0.08,1450
0.08,1449
0.08,1448
0.08,1447
0.09,1446
0.09,1445
0.09,1444
0.09,1443
0.09,1442
0.09,1441
0.09,1440
0.09,1439
0.09,1438
0.09,1437
0.09,1436
0.09,1435
0.09,1434
0.10,1433
0.10,1432
0.11,1431
0.11,1430
0.11,1429
0.11,1428
0.11,1427
0.11,1426
0.11,1425
0.11,1424
0.11,1423
0.11,1422
0.11,1421
0.11,1420
0.11,1419
0.11,1418
0.11,1417
0.11,1416
0.12,1415
0.12,1414
0.12,1413
0.12,1412
0.12,1411
0.13,1410
0.13,1409
0.13,1408
0.13,1407
0.13,1406
0.13,1405
0.13,1404
0.13,1403
0.13,1402
0.13,1401
0.13,1400
0.13,1399
0.14,1398
0.17,1397
0.17,1396
0.17,1395
0.17,1394
0.17,1393
0.17,1392
0.17,1391
0.17,1390
0.17,1389
0.17,1388
0.17,1387
0.17,1386
0.17,1385
0.17,1384
0.17,1383
0.17,1382
0.17,1381
0.17,1380
0.17,1379
0.18,1378
0.18,1377
0.18,1376
0.18,1375
0.18,1374
0.18,1373
0.18,1372
0.19,1371
0.20,1370
0.20,1369
0.20,1368
0.29,1367
0.29,1366
0.29,1365
0.29,1364
0.29,1363
0.29,1362
0.29,1361
1.01,1360
1.01,1359
1.01,1358
1.01,1357
1.02,1356
1.02,1355
1.02,1354
1.02,1353
1.02,1352
1.02,1351
1.02,1350
1.02,1349
1.02,1348
1.03,1347
1.03,1346
1.03,1345
1.03,1344
1.03,1343
1.04,1342
1.04,1341
1.04,1340
1.04,1339
1.04,1338
1.06,1337
1.06,1336
3.76,1335
3.76,1334
5.38,1333
5.38,1332
5.82,1331
5.82,1330
5.82,1329
5.82,1328
5.83,1327
5.83,1326
5.83,1325
6.10,1324
6.12,1323
6.12,1322
6.12,1321
6.40,1320
6.40,1319
6.56,1318
6.56,1317
6.56,1316
6.56,1315
6.56,1314
6.57,1313
6.57,1312
6.57,1311
6.57,1310
6.65,1309
6.65,1308
6.65,1307
6.65,1306
6.71,1305
6.71,1304
6.71,1303
6.71,1302
6.71,1301
6.71,1300
6.71,1299
6.71,1298
6.71,1297
6.71,1296
6.71,1295
6.71,1294
6.71,1293
6.71,1292
6.71,1291
6.77,1290
6.77,1289
6.78,1288
6.78,1287
6.78,1286
6.78,1285
6.78,1284
6.79,1283
6.79,1282
7.27,1281
7.27,1280
7.27,1279
7.28,1278
7.28,1277
7.28,1276
7.31,1275
7.32,1274
7.32,1273
7.32,1272
7.32,1271
7.32,1270
7.32,1269
7.32,1268
7.83,1267
7.83,1266
7.83,1265
7.83,1264
7.83,1263
7.83,1262
7.83,1261
7.83,1260
7.83,1259
7.83,1258
7.84,1257
7.84,1256
7.84,1255
7.84,1254
7.84,1253
7.84,1252
7.84,1251
7.84,1250
7.85,1249
7.86,1248
7.86,1247
7.86,1246
7.86,1245
7.86,1244
7.87,1243
8.59,1242
8.59,1241
8.59,1240
8.60,1239
8.60,1238
8.60,1237
8.60,1236
8.60,1235
8.60,1234
8.60,1233
8.60,1232
8.60,1231
8.70,1230
8.70,1229
8.70,1228
8.71,1227
8.71,1226
8.71,1225
8.71,1224
8.71,1223
8.71,1222
8.71,1221
8.85,1220
8.85,1219
8.85,1218
8.85,1217
8.85,1216
8.85,1215
8.86,1214
8.86,1213
8.86,1212
8.86,1211
8.91,1210
8.91,1209
8.91,1208
8.91,1207
9.37,1206
9.37,1205
9.41,1204
9.41,1203
9.41,1202
9.68,1201
9.68,1200
9.68,1199
9.68,1198
9.68,1197
9.68,1196
9.68,1195
9.68,1194
9.68,1193
9.68,1192
9.68,1191
9.68,1190
9.69,1189
9.69,1188
9.69,1187
9.69,1186
9.69,1185
9.88,1184
9.88,1183
9.88,1182
9.88,1181
9.88,1180
9.89,1179
9.89,1178
9.90,1177
9.90,1176
9.90,1175
9.91,1174
9.91,1173
9.91,1172
9.91,1171
9.91,1170
9.92,1169
9.93,1168
9.93,1167
9.93,1166
9.93,1165
9.93,1164
9.95,1163
9.95,1162
9.95,1161
9.98,1160
9.98,1159
9.98,1158
9.98,1157
9.98,1156
9.98,1155
9.98,1154
9.98,1153
9.98,1152
9.98,1151
9.98,1150
9.98,1149
9.99,1148
9.99,1147
10.20,1146
10.21,1145
10.22,1144
10.23,1143
10.29,1142
10.29,1141
10.29,1140
10.30,1139
10.30,1138
10.37,1137
10.37,1136
10.37,1135
10.38,1134
10.38,1133
10.38,1132
10.38,1131
10.41,1130
10.41,1129
10.41,1128
10.41,1127
10.41,1126
10.42,1125
10.94,1124
10.95,1123
10.95,1122
10.95,1121
10.95,1120
10.95,1119
10.95,1118
10.95,1117
10.95,1116
10.95,1115
10.97,1114
10.97,1113
10.97,1112
10.98,1111
10.98,1110
11.03,1109
11.04,1108
11.05,1107
11.05,1106
11.06,1105
11.06,1104
11.06,1103
11.06,1102
11.06,1101
11.06,1100
11.07,1099
11.10,1098
11.10,1097
11.10,1096
11.10,1095
11.62,1094
11.62,1093
11.62,1092
11.62,1091
11.62,1090
11.68,1089
11.68,1088
11.68,1087
11.68,1086
11.72,1085
11.85,1084
11.85,1083
11.85,1082
11.86,1081
11.86,1080
11.86,1079
11.87,1078
11.87,1077
11.88,1076
11.88,1075
11.89,1074
11.89,1073
11.94,1072
11.95,1071
11.95,1070
11.97,1069
11.97,1068
12.02,1067
12.03,1066
12.04,1065
12.04,1064
12.04,1063
12.04,1062
12.05,1061
12.05,1060
12.05,1059
12.37,1058
12.37,1057
12.37,1056
12.38,1055
12.39,1054
12.40,1053
12.40,1052
12.40,1051
12.40,1050
12.69,1049
12.69,1048
12.73,1047
12.74,1046
12.74,1045
12.74,1044
12.75,1043
12.75,1042
12.75,1041
12.76,1040
12.76,1039
12.76,1038
12.77,1037
12.77,1036
12.77,1035
12.77,1034
12.79,1033
12.79,1032
12.80,1031
12.80,1030
12.80,1029
12.80,1028
12.80,1027
12.97,1026
12.97,1025
12.97,1024
12.98,1023
12.98,1022
12.98,1021
12.98,1020
12.99,1019
12.99,1018
12.99,1017
12.99,1016
12.99,1015
12.99,1014
12.99,1013
12.99,1012
12.99,1011
13.00,1010
13.00,1009
13.00,1008
13.00,1007
13.00,1006
13.79,1005
13.82,1004
13.82,1003
13.82,1002
13.82,1001
13.83,1000
13.83,999
13.86,998
13.87,997
13.87,996
13.87,995
13.87,994
13.88,993
13.88,992
13.88,991
13.88,990
13.89,989
14.01,988
14.01,987
14.08,986
14.08,985
14.10,984
14.11,983
14.14,982
14.20,981
14.37,980
15.33,979
15.33,978
15.33,977
15.33,976
15.33,975
15.33,974
15.33,973
15.33,972
15.33,971
15.33,970
15.33,969
15.34,968
15.35,967
15.35,966
15.36,965
15.36,964
15.37,963
15.38,962
15.38,961
15.39,960
15.39,959
15.40,958
15.49,957
15.49,956
15.59,955
15.59,954
15.59,953
15.59,952
15.71,951
15.71,950
15.73,949
15.73,948
15.73,947
15.78,946
15.78,945
15.78,944
16.32,943
16.33,942
16.34,941
16.34,940
16.34,939
16.35,938
16.36,937
16.36,936
16.36,935
16.36,934
16.36,933
16.70,932
16.71,931
17.54,930
17.54,929
17.55,928
17.58,927
17.59,926
18.48,925
18.51,924
18.51,923
18.51,922
18.52,921
18.52,920
18.53,919
18.54,918
18.54,917
18.54,916
18.59,915
19.58,914
19.58,913
19.59,912
19.60,911
19.60,910
21.71,909
21.71,908
22.70,907
22.70,906
22.71,905
22.72,904
22.73,903
22.86,902
22.87,901
24.22,900
24.23,899
