0.05,1588
0.05,1587
0.05,1586
0.05,1585
0.05,1584
0.05,1583
0.05,1582
0.05,1581
0.05,1580
0.05,1579
0.05,1578
0.05,1577
0.05,1576
0.05,1575
0.05,1574
0.05,1573
0.05,1572
0.05,1571
0.05,1570
0.05,1569
0.05,1568
0.05,1567
0.05,1566
0.05,1565
0.05,1564
0.05,1563
0.06,1562
0.06,1561
0.06,1560
0.06,1559
0.06,1558
0.06,1557
0.06,1556
0.06,1555
0.06,1554
0.06,1553
0.06,1552
0.06,1551
0.06,1550
0.06,1549
0.06,1548
0.06,1547
0.06,1546
0.06,1545
0.06,1544
0.06,1543
0.06,1542
0.06,1541
0.06,1540
0.06,1539
0.06,1538
0.06,1537
0.06,1536
0.06,1535
0.06,1534
0.06,1533
0.06,1532
0.06,1531
0.06,1530
0.06,1529
0.06,1528
0.06,1527
0.06,1526
0.06,1525
0.06,1524
0.06,1523
0.06,1522
0.06,1521
0.06,1520
0.06,1519
0.06,1518
0.06,1517
0.06,1516
0.06,1515
0.06,1514
0.06,1513
0.06,1512
0.07,1511
0.07,1510
0.07,1509
0.07,1508
0.07,1507
0.07,1506
0.07,1505
0.07,1504
0.07,1503
0.07,1502
0.07,1501
0.07,1500
0.07,1499
0.07,1498
0.07,1497
0.07,1496
0.07,1495
0.07,1494
0.07,1493
0.07,1492
0.07,1491
0.07,1490
0.07,1489
0.07,1488
0.07,1487
0.07,1486
0.07,1485
0.07,1484
0.07,1483
0.07,1482
0.08,1481
0.08,1480
0.08,1479
0.08,1478
0.08,1477
0.08,1476
0.08,1475
0.09,1474
0.09,1473
0.09,1472
0.09,1471
0.09,1470
0.09,1469
0.09,1468
0.09,1467
0.09,1466
0.09,1465
0.09,1464
0.09,1463
0.09,1462
0.09,1461
0.10,1460
0.10,1459
0.10,1458
0.10,1457
0.10,1456
0.10,1455
0.10,1454
0.10,1453
0.10,1452
0.10,1451
0.10,1450
0.10,1449
0.10,1448
0.10,1447
0.10,1446
0.10,1445
0.10,1444
0.11,1443
0.11,1442
0.11,1441
0.11,1440
0.11,1439
0.11,1438
0.11,1437
0.11,1436
0.11,1435
0.11,1434
0.11,1433
0.11,1432
0.11,1431
0.11,1430
0.11,1429
0.11,1428
0.11,1427
0.11,1426
0.11,1425
0.11,1424
0.11,1423
0.11,1422
0.11,1421
0.11,1420
0.12,1419
0.12,1418
0.12,1417
0.12,1416
0.12,1415
0.12,1414
0.12,1413
0.17,1412
0.17,1411
0.17,1410
0.17,1409
0.17,1408
0.17,1407
0.17,1406
0.17,1405
0.17,1404
0.17,1403
0.17,1402
0.17,1401
0.18,1400
0.18,1399
0.19,1398
0.19,1397
0.19,1396
0.20,1395
0.20,1394
0.20,1393
0.31,1392
0.31,1391
0.31,1390
0.31,1389
0.31,1388
0.31,1387
0.32,1386
0.32,1385
0.32,1384
0.32,1383
0.32,1382
0.32,1381
0.32,1380
0.32,1379
0.32,1378
0.33,1377
0.33,1376
0.34,1375
0.43,1374
0.47,1373
0.48,1372
0.48,1371
0.48,1370
0.48,1369
0.48,1368
0.48,1367
0.57,1366
0.57,1365
0.57,1364
0.57,1363
0.57,1362
0.57,1361
0.58,1360
0.58,1359
0.58,1358
0.62,1357
0.62,1356
0.62,1355
0.63,1354
0.63,1353
0.63,1352
0.63,1351
0.63,1350
0.97,1349
0.97,1348
1.90,1347
1.90,1346
1.90,1345
1.90,1344
3.05,1343
3.05,1342
3.05,1341
3.06,1340
3.06,1339
3.06,1338
3.06,1337
3.06,1336
3.06,1335
4.74,1334
4.74,1333
4.74,1332
4.74,1331
4.75,1330
4.75,1329
4.75,1328
5.37,1327
5.37,1326
5.88,1325
6.40,1324
6.40,1323
6.40,1322
6.41,1321
6.52,1320
6.53,1319
6.53,1318
7.00,1317
7.00,1316
7.00,1315
7.00,1314
7.00,1313
7.00,1312
7.01,1311
7.01,1310
7.01,1309
7.10,1308
7.15,1307
7.15,1306
7.16,1305
7.16,1304
7.16,1303
7.17,1302
7.17,1301
7.17,1300
7.17,1299
7.17,1298
7.24,1297
7.34,1296
7.34,1295
7.34,1294
7.35,1293
7.35,1292
7.54,1291
7.54,1290
7.54,1289
7.72,1288
7.72,1287
7.72,1286
7.72,1285
7.72,1284
7.72,1283
7.72,1282
7.72,1281
7.72,1280
7.72,1279
7.72,1278
7.72,1277
7.72,1276
7.72,1275
7.72,1274
7.72,1273
7.72,1272
7.73,1271
7.73,1270
7.73,1269
8.12,1268
8.12,1267
8.13,1266
8.21,1265
8.21,1264
8.21,1263
8.21,1262
8.21,1261
8.21,1260
8.22,1259
8.22,1258
8.22,1257
8.22,1256
8.22,1255
8.23,1254
8.23,1253
8.27,1252
8.27,1251
8.27,1250
8.27,1249
8.27,1248
9.01,1247
9.01,1246
9.03,1245
9.03,1244
9.03,1243
9.03,1242
9.03,1241
9.03,1240
9.04,1239
9.04,1238
9.04,1237
9.05,1236
9.05,1235
9.05,1234
9.05,1233
9.05,1232
9.06,1231
9.06,1230
9.06,1229
9.06,1228
9.07,1227
9.09,1226
9.09,1225
9.09,1224
9.09,1223
9.09,1222
9.09,1221
9.09,1220
9.09,1219
9.09,1218
9.09,1217
9.09,1216
9.10,1215
9.10,1214
9.19,1213
9.19,1212
9.19,1211
9.20,1210
9.20,1209
9.20,1208
9.46,1207
9.46,1206
9.46,1205
9.47,1204
9.48,1203
9.48,1202
9.48,1201
9.48,1200
9.48,1199
9.49,1198
9.49,1197
9.49,1196
9.49,1195
9.60,1194
9.60,1193
9.60,1192
9.60,1191
9.63,1190
9.63,1189
9.64,1188
9.65,1187
9.65,1186
9.96,1185
9.96,1184
9.98,1183
9.98,1182
9.98,1181
9.98,1180
9.98,1179
9.98,1178
9.98,1177
9.98,1176
9.99,1175
10.00,1174
10.00,1173
10.00,1172
10.00,1171
10.01,1170
10.01,1169
10.01,1168
10.02,1167
10.02,1166
10.08,1165
10.09,1164
10.09,1163
10.09,1162
10.09,1161
10.09,1160
10.09,1159
10.09,1158
10.09,1157
10.10,1156
10.11,1155
10.11,1154
10.37,1153
10.39,1152
10.39,1151
10.39,1150
10.39,1149
10.39,1148
10.45,1147
10.45,1146
10.45,1145
10.45,1144
10.45,1143
10.46,1142
10.48,1141
10.48,1140
10.48,1139
10.49,1138
10.49,1137
10.63,1136
10.64,1135
10.64,1134
10.64,1133
10.64,1132
10.64,1131
10.64,1130
10.64,1129
10.64,1128
10.64,1127
10.64,1126
10.73,1125
10.73,1124
10.73,1123
10.73,1122
10.73,1121
10.73,1120
10.73,1119
10.74,1118
10.74,1117
10.74,1116
10.74,1115
10.74,1114
10.74,1113
10.74,1112
10.74,1111
10.74,1110
10.74,1109
10.75,1108
10.75,1107
10.75,1106
10.76,1105
10.77,1104
10.77,1103
10.77,1102
10.77,1101
10.78,1100
10.93,1099
10.93,1098
10.93,1097
10.94,1096
10.95,1095
11.02,1094
11.02,1093
11.02,1092
11.02,1091
11.03,1090
11.03,1089
11.03,1088
11.56,1087
11.56,1086
11.56,1085
11.56,1084
11.56,1083
11.56,1082
11.56,1081
11.56,1080
11.57,1079
11.71,1078
11.71,1077
11.71,1076
11.73,1075
11.74,1074
11.74,1073
11.74,1072
11.74,1071
11.77,1070
11.77,1069
11.77,1068
11.77,1067
11.84,1066
11.84,1065
11.84,1064
11.85,1063
11.85,1062
11.85,1061
11.85,1060
12.15,1059
12.15,1058
12.16,1057
12.16,1056
12.17,1055
12.17,1054
12.17,1053
12.17,1052
12.17,1051
12.20,1050
12.20,1049
12.20,1048
12.21,1047
12.21,1046
12.25,1045
12.25,1044
12.25,1043
12.26,1042
12.26,1041
12.26,1040
12.27,1039
12.27,1038
12.27,1037
12.60,1036
12.68,1035
12.68,1034
12.69,1033
12.69,1032
12.69,1031
12.69,1030
12.97,1029
13.09,1028
13.09,1027
13.09,1026
13.09,1025
13.10,1024
13.10,1023
13.10,1022
13.10,1021
13.10,1020
13.11,1019
13.11,1018
13.12,1017
13.29,1016
13.32,1015
13.32,1014
13.32,1013
13.33,1012
13.33,1011
13.35,1010
13.35,1009
13.35,1008
13.35,1007
13.42,1006
13.49,1005
13.50,1004
13.71,1003
13.71,1002
13.71,1001
13.71,1000
13.73,999
13.73,998
13.75,997
13.75,996
13.75,995
13.76,994
13.76,993
13.76,992
13.76,991
13.81,990
13.81,989
13.81,988
13.81,987
13.81,986
13.82,985
13.82,984
13.82,983
13.82,982
14.27,981
14.27,980
14.36,979
14.36,978
14.36,977
14.36,976
14.36,975
14.36,974
14.37,973
14.37,972
14.93,971
14.93,970
14.93,969
14.93,968
14.93,967
15.39,966
15.39,965
15.39,964
15.39,963
15.60,962
15.61,961
15.63,960
15.64,959
15.73,958
15.73,957
15.73,956
15.73,955
15.73,954
15.73,953
15.74,952
15.74,951
15.74,950
15.74,949
15.74,948
17.03,947
17.03,946
17.11,945
17.11,944
17.36,943
17.36,942
17.36,941
17.36,940
17.54,939
17.54,938
17.56,937
17.57,936
17.64,935
17.65,934
17.76,933
17.82,932
18.22,931
18.23,930
18.69,929
18.75,928
18.75,927
18.75,926
18.75,925
18.76,924
18.77,923
18.78,922
19.99,921
20.61,920
20.62,919
21.43,918
21.47,917
21.75,916
21.76,915
21.89,914
22.83,913
22.83,912
22.83,911
23.80,910
23.84,909
24.40,908
25.28,907
25.33,906
25.38,905
25.61,904
25.65,903
25.66,902
29.05,901
29.19,900
29.20,899
