0.05,1588
0.05,1587
0.05,1586
0.05,1585
0.05,1584
0.05,1583
0.05,1582
0.05,1581
0.05,1580
0.05,1579
0.05,1578
0.05,1577
0.05,1576
0.05,1575
0.05,1574
0.05,1573
0.05,1572
0.05,1571
0.05,1570
0.05,1569
0.05,1568
0.05,1567
0.05,1566
0.05,1565
0.06,1564
0.06,1563
0.06,1562
0.06,1561
0.06,1560
0.06,1559
0.06,1558
0.06,1557
0.06,1556
0.06,1555
0.06,1554
0.06,1553
0.06,1552
0.06,1551
0.06,1550
0.06,1549
0.06,1548
0.06,1547
0.06,1546
0.06,1545
0.06,1544
0.06,1543
0.06,1542
0.06,1541
0.06,1540
0.06,1539
0.06,1538
0.06,1537
0.06,1536
0.06,1535
0.06,1534
0.06,1533
0.06,1532
0.06,1531
0.06,1530
0.06,1529
0.06,1528
0.06,1527
0.06,1526
0.06,1525
0.06,1524
0.06,1523
0.06,1522
0.06,1521
0.06,1520
0.06,1519
0.06,1518
0.07,1517
0.07,1516
0.07,1515
0.07,1514
0.07,1513
0.07,1512
0.07,1511
0.07,1510
0.07,1509
0.07,1508
0.07,1507
0.07,1506
0.07,1505
0.07,1504
0.07,1503
0.07,1502
0.07,1501
0.07,1500
0.07,1499
0.07,1498
0.07,1497
0.07,1496
0.07,1495
0.08,1494
0.08,1493
0.08,1492
0.08,1491
0.08,1490
0.08,1489
0.08,1488
0.08,1487
0.08,1486
0.08,1485
0.08,1484
0.08,1483
0.08,1482
0.08,1481
0.08,1480
0.08,1479
0.08,1478
0.08,1477
0.08,1476
0.08,1475
0.08,1474
0.08,1473
0.08,1472
0.08,1471
0.08,1470
0.08,1469
0.08,1468
0.08,1467
0.09,1466
0.09,1465
0.09,1464
0.09,1463
0.09,1462
0.09,1461
0.09,1460
0.09,1459
0.09,1458
0.09,1457
0.09,1456
0.09,1455
0.09,1454
0.09,1453
0.09,1452
0.10,1451
0.10,1450
0.10,1449
0.10,1448
0.10,1447
0.10,1446
0.10,1445
0.10,1444
0.11,1443
0.11,1442
0.11,1441
0.11,1440
0.11,1439
0.11,1438
0.11,1437
0.11,1436
0.11,1435
0.11,1434
0.11,1433
0.11,1432
0.11,1431
0.11,1430
0.11,1429
0.11,1428
0.11,1427
0.11,1426
0.11,1425
0.11,1424
0.11,1423
0.11,1422
0.11,1421
0.11,1420
0.12,1419
0.12,1418
0.12,1417
0.12,1416
0.12,1415
0.12,1414
0.13,1413
0.13,1412
0.13,1411
0.13,1410
0.13,1409
0.13,1408
0.13,1407
0.13,1406
0.13,1405
0.13,1404
0.13,1403
0.13,1402
0.14,1401
0.14,1400
0.14,1399
0.14,1398
0.14,1397
0.14,1396
0.14,1395
0.14,1394
0.14,1393
0.14,1392
0.14,1391
0.14,1390
0.14,1389
0.14,1388
0.14,1387
0.15,1386
0.15,1385
0.15,1384
0.15,1383
0.15,1382
0.15,1381
0.15,1380
0.15,1379
0.15,1378
0.16,1377
0.16,1376
0.16,1375
0.16,1374
0.16,1373
0.17,1372
0.17,1371
0.17,1370
0.17,1369
0.17,1368
0.68,1367
0.68,1366
0.68,1365
0.71,1364
0.74,1363
0.74,1362
1.86,1361
1.86,1360
1.92,1359
1.92,1358
1.94,1357
1.94,1356
1.96,1355
1.96,1354
1.99,1353
1.99,1352
1.99,1351
1.99,1350
2.37,1349
3.97,1348
3.97,1347
3.97,1346
3.97,1345
3.97,1344
3.97,1343
3.97,1342
3.97,1341
3.97,1340
4.00,1339
4.00,1338
4.00,1337
4.00,1336
4.00,1335
4.00,1334
4.00,1333
4.00,1332
4.00,1331
4.00,1330
4.00,1329
4.01,1328
4.01,1327
4.01,1326
4.01,1325
4.01,1324
4.01,1323
4.01,1322
4.03,1321
4.03,1320
4.03,1319
4.03,1318
4.03,1317
4.03,1316
4.03,1315
4.03,1314
4.03,1313
4.03,1312
7.31,1311
7.32,1310
7.32,1309
7.32,1308
7.32,1307
7.32,1306
7.32,1305
7.32,1304
7.51,1303
7.51,1302
7.51,1301
7.51,1300
7.51,1299
7.52,1298
7.52,1297
7.52,1296
7.65,1295
7.65,1294
7.80,1293
7.80,1292
7.81,1291
7.83,1290
7.84,1289
7.84,1288
7.84,1287
7.84,1286
7.84,1285
7.84,1284
7.84,1283
7.88,1282
7.88,1281
7.88,1280
7.88,1279
7.97,1278
7.97,1277
7.97,1276
7.97,1275
7.97,1274
7.97,1273
7.98,1272
7.98,1271
7.98,1270
7.98,1269
7.98,1268
7.98,1267
7.98,1266
7.98,1265
7.99,1264
7.99,1263
7.99,1262
8.00,1261
8.00,1260
8.01,1259
8.01,1258
8.14,1257
8.14,1256
8.14,1255
8.14,1254
8.15,1253
8.15,1252
8.15,1251
8.15,1250
8.15,1249
8.15,1248
8.15,1247
8.15,1246
8.15,1245
8.15,1244
8.15,1243
8.16,1242
8.16,1241
8.16,1240
8.93,1239
8.95,1238
8.96,1237
8.96,1236
8.96,1235
8.96,1234
8.96,1233
8.97,1232
8.97,1231
8.97,1230
8.97,1229
8.97,1228
8.97,1227
8.97,1226
8.97,1225
8.97,1224
9.07,1223
9.07,1222
9.08,1221
9.08,1220
9.08,1219
9.09,1218
9.10,1217
9.10,1216
9.11,1215
9.11,1214
9.11,1213
9.11,1212
9.11,1211
9.11,1210
9.11,1209
9.12,1208
9.17,1207
9.17,1206
9.17,1205
9.17,1204
9.17,1203
9.17,1202
9.18,1201
9.18,1200
9.18,1199
9.18,1198
9.19,1197
9.19,1196
9.19,1195
9.19,1194
9.29,1193
9.29,1192
9.37,1191
9.37,1190
9.37,1189
9.37,1188
9.37,1187
9.38,1186
9.38,1185
9.38,1184
9.38,1183
9.38,1182
9.38,1181
9.38,1180
9.38,1179
9.38,1178
9.39,1177
9.57,1176
9.57,1175
9.58,1174
9.58,1173
9.58,1172
9.58,1171
9.59,1170
9.59,1169
9.59,1168
9.59,1167
9.59,1166
9.59,1165
9.98,1164
9.98,1163
9.98,1162
9.98,1161
9.99,1160
9.99,1159
9.99,1158
9.99,1157
9.99,1156
9.99,1155
9.99,1154
10.11,1153
10.11,1152
10.11,1151
10.15,1150
10.15,1149
10.38,1148
10.38,1147
10.38,1146
10.38,1145
10.38,1144
10.38,1143
10.38,1142
10.38,1141
10.38,1140
10.38,1139
10.38,1138
10.39,1137
10.39,1136
10.39,1135
10.45,1134
10.45,1133
10.45,1132
10.45,1131
10.45,1130
10.45,1129
10.45,1128
10.45,1127
10.45,1126
10.45,1125
10.45,1124
10.47,1123
10.47,1122
10.47,1121
10.47,1120
10.47,1119
10.47,1118
10.47,1117
10.47,1116
10.47,1115
10.47,1114
10.47,1113
10.47,1112
10.47,1111
10.47,1110
10.48,1109
10.72,1108
10.72,1107
10.73,1106
10.73,1105
10.73,1104
10.73,1103
10.73,1102
10.73,1101
10.73,1100
10.73,1099
10.73,1098
10.73,1097
10.73,1096
10.73,1095
10.73,1094
10.73,1093
10.73,1092
10.73,1091
10.74,1090
10.74,1089
10.74,1088
10.74,1087
10.74,1086
10.75,1085
10.75,1084
10.76,1083
10.76,1082
10.79,1081
10.84,1080
10.84,1079
10.84,1078
10.84,1077
10.92,1076
10.92,1075
11.07,1074
11.08,1073
11.15,1072
11.20,1071
11.20,1070
11.20,1069
11.21,1068
11.21,1067
11.24,1066
11.24,1065
11.24,1064
11.24,1063
11.24,1062
11.24,1061
11.24,1060
11.24,1059
11.28,1058
11.28,1057
11.28,1056
11.28,1055
11.28,1054
11.28,1053
11.31,1052
11.31,1051
11.31,1050
11.31,1049
11.31,1048
11.31,1047
11.39,1046
11.39,1045
11.39,1044
11.39,1043
11.39,1042
11.39,1041
11.61,1040
11.61,1039
11.63,1038
11.63,1037
11.64,1036
11.64,1035
11.64,1034
11.64,1033
11.64,1032
11.64,1031
11.64,1030
11.64,1029
11.65,1028
11.65,1027
11.91,1026
11.92,1025
11.92,1024
11.92,1023
11.92,1022
11.92,1021
11.92,1020
11.97,1019
11.97,1018
12.40,1017
12.40,1016
12.40,1015
12.40,1014
12.40,1013
12.40,1012
12.40,1011
12.40,1010
12.40,1009
12.41,1008
12.41,1007
12.41,1006
12.42,1005
12.43,1004
12.43,1003
12.44,1002
12.44,1001
12.44,1000
12.44,999
12.44,998
12.45,997
12.45,996
13.09,995
13.09,994
13.09,993
13.09,992
13.09,991
13.09,990
13.09,989
13.10,988
13.10,987
13.10,986
13.10,985
13.15,984
13.21,983
13.21,982
13.51,981
13.51,980
13.51,979
13.56,978
13.56,977
13.56,976
13.56,975
13.57,974
13.73,973
13.73,972
13.76,971
13.76,970
13.83,969
13.83,968
13.84,967
13.84,966
13.97,965
13.97,964
13.97,963
14.29,962
14.29,961
14.29,960
14.30,959
14.30,958
14.30,957
14.30,956
14.30,955
14.31,954
14.69,953
14.69,952
14.69,951
14.69,950
14.70,949
14.70,948
15.21,947
15.21,946
15.55,945
15.55,944
15.56,943
15.56,942
15.56,941
15.56,940
15.56,939
15.59,938
15.74,937
15.74,936
16.25,935
16.30,934
16.30,933
16.30,932
16.30,931
16.30,930
16.35,929
16.35,928
16.37,927
16.37,926
16.37,925
16.38,924
16.39,923
16.39,922
16.39,921
16.40,920
16.40,919
17.30,918
17.30,917
17.31,916
17.31,915
17.83,914
17.85,913
17.87,912
17.88,911
17.90,910
17.90,909
19.31,908
19.31,907
19.96,906
20.07,905
20.14,904
21.39,903
21.39,902
24.92,901
26.26,900
26.27,899
