0.00,1198
0.02,1197
0.08,1196
0.15,1195
0.26,1194
0.28,1193
0.32,1192
0.38,1191
0.48,1190
0.57,1189
0.61,1188
0.69,1187
0.80,1186
0.88,1185
0.92,1184
0.98,1183
1.11,1182
1.17,1181
1.28,1180
1.34,1179
1.38,1178
1.41,1177
1.48,1176
1.59,1175
1.69,1174
1.74,1173
1.77,1172
1.84,1171
1.91,1170
2.03,1169
2.11,1168
2.17,1167
2.28,1166
2.31,1165
2.35,1164
2.38,1163
2.43,1162
2.45,1161
2.47,1160
2.53,1159
2.67,1158
2.80,1157
2.89,1156
2.99,1155
3.10,1154
3.12,1153
3.20,1152
3.26,1151
3.30,1150
3.35,1149
3.38,1148
3.42,1147
3.48,1146
3.56,1145
3.59,1144
3.69,1143
3.87,1142
3.90,1141
3.99,1140
4.04,1139
4.13,1138
4.15,1137
4.18,1136
4.28,1135
4.30,1134
4.41,1133
4.46,1132
4.55,1131
4.60,1130
4.66,1129
4.68,1128
4.72,1127
4.76,1126
4.78,1125
4.84,1124
4.87,1123
4.96,1122
5.01,1121
5.05,1120
5.08,1119
5.12,1118
5.14,1117
5.18,1116
5.20,1115
5.22,1114
5.25,1113
5.36,1112
5.40,1111
5.47,1110
5.49,1109
5.53,1108
5.61,1107
5.63,1106
5.67,1105
5.78,1104
5.92,1103
5.95,1102
6.00,1101
6.04,1100
6.22,1099
6.25,1098
6.27,1097
6.36,1096
6.39,1095
6.43,1094
6.45,1093
6.51,1092
6.54,1091
6.57,1090
6.64,1089
6.68,1088
6.74,1087
6.90,1086
6.96,1085
7.01,1084
7.04,1083
7.12,1082
7.16,1081
7.27,1080
7.29,1079
7.35,1078
7.38,1077
7.57,1076
7.61,1075
7.63,1074
7.67,1073
7.82,1072
7.87,1071
7.90,1070
7.97,1069
8.01,1068
8.09,1067
8.12,1066
8.18,1065
8.22,1064
8.26,1063
8.28,1062
8.30,1061
8.37,1060
8.48,1059
8.53,1058
8.59,1057
8.72,1056
8.74,1055
8.83,1054
8.90,1053
8.94,1052
8.99,1051
9.03,1050
9.09,1049
9.17,1048
9.20,1047
9.23,1046
9.26,1045
9.30,1044
9.44,1043
9.49,1042
9.54,1041
9.59,1040
9.62,1039
9.74,1038
9.78,1037
9.81,1036
9.96,1035
10.04,1034
10.06,1033
10.09,1032
10.17,1031
10.22,1030
10.27,1029
10.34,1028
10.49,1027
10.54,1026
10.58,1025
10.65,1024
10.68,1023
10.83,1022
10.86,1021
10.91,1020
10.97,1019
11.00,1018
11.03,1017
11.18,1016
11.21,1015
11.25,1014
11.29,1013
11.31,1012
11.33,1011
11.35,1010
11.40,1009
11.47,1008
11.51,1007
11.56,1006
11.59,1005
11.71,1004
11.79,1003
11.83,1002
11.86,1001
11.90,1000
11.96,999
11.99,998
12.04,997
12.07,996
12.27,995
12.53,994
12.58,993
12.62,992
12.65,991
12.67,990
12.71,989
12.74,988
12.79,987
12.82,986
12.86,985
12.88,984
12.92,983
12.98,982
13.07,981
13.10,980
13.18,979
13.23,978
13.27,977
13.30,976
13.36,975
13.47,974
13.51,973
13.59,972
13.70,971
13.86,970
14.00,969
14.03,968
14.08,967
14.11,966
14.14,965
14.26,964
14.38,963
14.42,962
14.48,961
