0.05,1588
0.05,1587
0.05,1586
0.05,1585
0.05,1584
0.05,1583
0.05,1582
0.05,1581
0.05,1580
0.05,1579
0.05,1578
0.05,1577
0.05,1576
0.05,1575
0.05,1574
0.05,1573
0.05,1572
0.05,1571
0.05,1570
0.05,1569
0.05,1568
0.05,1567
0.05,1566
0.05,1565
0.05,1564
0.05,1563
0.05,1562
0.05,1561
0.05,1560
0.05,1559
0.05,1558
0.05,1557
0.05,1556
0.05,1555
0.05,1554
0.05,1553
0.05,1552
0.05,1551
0.05,1550
0.05,1549
0.05,1548
0.05,1547
0.05,1546
0.05,1545
0.05,1544
0.05,1543
0.05,1542
0.05,1541
0.05,1540
0.06,1539
0.06,1538
0.06,1537
0.06,1536
0.06,1535
0.06,1534
0.06,1533
0.06,1532
0.06,1531
0.06,1530
0.06,1529
0.06,1528
0.06,1527
0.06,1526
0.06,1525
0.06,1524
0.06,1523
0.06,1522
0.06,1521
0.06,1520
0.06,1519
0.06,1518
0.06,1517
0.06,1516
0.06,1515
0.06,1514
0.06,1513
0.06,1512
0.06,1511
0.06,1510
0.06,1509
0.06,1508
0.07,1507
0.07,1506
0.07,1505
0.07,1504
0.07,1503
0.07,1502
0.07,1501
0.07,1500
0.07,1499
0.07,1498
0.07,1497
0.07,1496
0.07,1495
0.07,1494
0.07,1493
0.07,1492
0.07,1491
0.07,1490
0.07,1489
0.07,1488
0.07,1487
0.07,1486
0.07,1485
0.07,1484
0.07,1483
0.07,1482
0.07,1481
0.07,1480
0.07,1479
0.07,1478
0.07,1477
0.07,1476
0.07,1475
0.07,1474
0.07,1473
0.07,1472
0.08,1471
0.08,1470
0.08,1469
0.08,1468
0.08,1467
0.08,1466
0.08,1465
0.08,1464
0.08,1463
0.08,1462
0.08,1461
0.08,1460
0.08,1459
0.08,1458
0.08,1457
0.09,1456
0.09,1455
0.09,1454
0.09,1453
0.09,1452
0.09,1451
0.09,1450
0.09,1449
0.09,1448
0.10,1447
0.10,1446
0.10,1445
0.10,1444
0.10,1443
0.10,1442
0.10,1441
0.10,1440
0.10,1439
0.10,1438
0.10,1437
0.10,1436
0.10,1435
0.10,1434
0.10,1433
0.10,1432
0.10,1431
0.10,1430
0.11,1429
0.11,1428
0.11,1427
0.11,1426
0.11,1425
0.11,1424
0.11,1423
0.11,1422
0.11,1421
0.11,1420
0.12,1419
0.12,1418
0.12,1417
0.12,1416
0.12,1415
0.12,1414
0.12,1413
0.12,1412
0.12,1411
0.12,1410
0.12,1409
0.12,1408
0.12,1407
0.13,1406
0.16,1405
0.16,1404
0.16,1403
0.16,1402
0.16,1401
0.16,1400
0.16,1399
0.16,1398
0.17,1397
0.17,1396
0.17,1395
0.18,1394
0.18,1393
0.28,1392
0.28,1391
0.28,1390
0.28,1389
0.29,1388
0.29,1387
0.30,1386
0.30,1385
0.30,1384
0.30,1383
0.30,1382
0.30,1381
0.30,1380
0.31,1379
0.31,1378
0.31,1377
0.31,1376
0.31,1375
0.31,1374
0.31,1373
0.31,1372
0.31,1371
0.31,1370
0.31,1369
0.32,1368
0.32,1367
0.32,1366
0.32,1365
0.32,1364
0.32,1363
0.44,1362
0.44,1361
0.44,1360
0.44,1359
0.44,1358
0.44,1357
0.44,1356
0.44,1355
1.29,1354
1.29,1353
1.29,1352
1.29,1351
1.29,1350
1.29,1349
2.91,1348
2.91,1347
2.91,1346
2.92,1345
2.92,1344
2.92,1343
2.92,1342
2.92,1341
2.92,1340
2.92,1339
2.92,1338
2.93,1337
2.93,1336
2.93,1335
2.93,1334
2.93,1333
2.93,1332
2.93,1331
4.70,1330
4.70,1329
4.70,1328
4.70,1327
4.74,1326
4.74,1325
4.74,1324
4.74,1323
4.74,1322
4.74,1321
6.19,1320
6.19,1319
6.19,1318
6.19,1317
6.19,1316
6.19,1315
6.19,1314
6.20,1313
6.20,1312
6.20,1311
6.20,1310
6.20,1309
6.72,1308
6.72,1307
6.74,1306
6.74,1305
6.74,1304
6.74,1303
6.74,1302
6.74,1301
6.74,1300
6.74,1299
6.74,1298
6.74,1297
7.10,1296
7.10,1295
7.10,1294
7.24,1293
7.24,1292
7.44,1291
7.45,1290
7.45,1289
7.45,1288
7.78,1287
7.78,1286
7.78,1285
7.78,1284
7.78,1283
7.78,1282
7.78,1281
7.80,1280
7.81,1279
7.81,1278
7.81,1277
7.81,1276
7.81,1275
7.81,1274
7.81,1273
7.81,1272
7.81,1271
7.82,1270
7.82,1269
7.82,1268
7.82,1267
7.82,1266
7.82,1265
7.82,1264
7.82,1263
7.82,1262
7.83,1261
7.84,1260
7.84,1259
7.84,1258
7.84,1257
7.84,1256
7.84,1255
7.84,1254
7.85,1253
7.85,1252
7.85,1251
8.84,1250
8.85,1249
8.85,1248
8.85,1247
8.85,1246
8.85,1245
8.89,1244
8.89,1243
8.89,1242
8.89,1241
8.89,1240
8.89,1239
8.90,1238
8.90,1237
8.90,1236
8.90,1235
8.90,1234
8.91,1233
8.91,1232
8.91,1231
8.91,1230
8.92,1229
8.92,1228
8.93,1227
8.93,1226
8.94,1225
8.94,1224
8.95,1223
9.05,1222
9.05,1221
9.05,1220
9.05,1219
9.06,1218
9.06,1217
9.06,1216
9.06,1215
9.06,1214
9.06,1213
9.06,1212
9.23,1211
9.23,1210
9.23,1209
9.24,1208
9.24,1207
9.24,1206
9.24,1205
9.24,1204
9.24,1203
9.27,1202
9.28,1201
9.28,1200
9.28,1199
9.28,1198
9.29,1197
9.29,1196
9.29,1195
9.29,1194
9.30,1193
9.31,1192
9.31,1191
9.31,1190
9.31,1189
9.31,1188
9.31,1187
9.31,1186
9.31,1185
9.45,1184
9.46,1183
9.46,1182
9.46,1181
9.46,1180
9.46,1179
9.46,1178
9.46,1177
9.47,1176
9.47,1175
9.47,1174
9.47,1173
9.48,1172
9.48,1171
9.48,1170
9.48,1169
9.48,1168
9.48,1167
9.49,1166
10.15,1165
10.15,1164
10.15,1163
10.15,1162
10.22,1161
10.23,1160
10.23,1159
10.23,1158
10.23,1157
10.23,1156
10.23,1155
10.23,1154
10.23,1153
10.23,1152
10.23,1151
10.24,1150
10.25,1149
10.25,1148
10.26,1147
10.26,1146
10.27,1145
10.27,1144
10.27,1143
10.27,1142
10.27,1141
10.27,1140
10.27,1139
10.42,1138
10.42,1137
10.42,1136
10.43,1135
10.46,1134
10.46,1133
10.46,1132
10.46,1131
10.46,1130
10.46,1129
10.46,1128
10.54,1127
10.54,1126
10.54,1125
10.54,1124
10.56,1123
10.57,1122
10.57,1121
10.57,1120
10.57,1119
10.57,1118
10.57,1117
10.57,1116
10.57,1115
10.57,1114
10.57,1113
10.57,1112
10.57,1111
10.58,1110
11.10,1109
11.10,1108
11.12,1107
11.12,1106
11.12,1105
11.12,1104
11.12,1103
11.16,1102
11.19,1101
11.20,1100
11.31,1099
11.31,1098
11.31,1097
11.33,1096
11.34,1095
11.34,1094
11.34,1093
11.34,1092
11.34,1091
11.35,1090
11.35,1089
11.35,1088
11.37,1087
11.38,1086
11.38,1085
11.38,1084
11.38,1083
11.38,1082
11.38,1081
11.44,1080
11.44,1079
11.44,1078
11.44,1077
11.44,1076
11.44,1075
11.44,1074
11.45,1073
11.45,1072
11.46,1071
11.46,1070
11.46,1069
11.46,1068
11.46,1067
11.46,1066
11.50,1065
11.66,1064
11.66,1063
11.66,1062
11.66,1061
11.66,1060
11.66,1059
11.66,1058
11.66,1057
11.66,1056
11.67,1055
11.67,1054
11.67,1053
11.68,1052
11.68,1051
11.68,1050
11.68,1049
11.68,1048
11.70,1047
11.71,1046
11.72,1045
11.72,1044
11.72,1043
11.73,1042
11.73,1041
11.73,1040
11.73,1039
11.73,1038
12.19,1037
12.19,1036
12.19,1035
12.19,1034
12.20,1033
12.20,1032
12.20,1031
12.20,1030
12.20,1029
12.22,1028
12.22,1027
12.22,1026
12.22,1025
12.24,1024
12.24,1023
12.24,1022
12.55,1021
12.55,1020
12.55,1019
12.55,1018
12.55,1017
12.58,1016
12.58,1015
12.58,1014
12.58,1013
12.59,1012
12.59,1011
12.59,1010
12.59,1009
12.59,1008
12.91,1007
13.07,1006
13.07,1005
13.09,1004
13.10,1003
13.10,1002
13.10,1001
13.10,1000
13.10,999
13.10,998
13.17,997
13.20,996
13.20,995
13.23,994
13.25,993
13.25,992
13.25,991
13.28,990
13.28,989
13.29,988
13.29,987
13.29,986
13.36,985
13.36,984
13.42,983
13.42,982
13.42,981
13.42,980
13.43,979
13.43,978
13.57,977
13.60,976
13.72,975
13.72,974
13.72,973
13.72,972
13.72,971
13.72,970
14.24,969
14.27,968
14.27,967
14.27,966
14.27,965
14.28,964
14.31,963
14.31,962
14.31,961
14.32,960
14.32,959
14.33,958
14.64,957
14.64,956
14.66,955
14.67,954
14.67,953
14.68,952
14.69,951
14.69,950
14.69,949
14.69,948
14.70,947
15.21,946
15.22,945
15.22,944
15.23,943
15.25,942
15.25,941
15.25,940
15.26,939
15.32,938
15.33,937
15.33,936
15.33,935
15.33,934
15.34,933
15.38,932
15.38,931
15.88,930
15.88,929
16.14,928
16.14,927
16.97,926
17.00,925
17.09,924
17.10,923
17.10,922
18.47,921
18.48,920
18.49,919
18.49,918
18.49,917
18.50,916
18.51,915
18.53,914
18.54,913
18.54,912
18.54,911
18.55,910
18.56,909
18.56,908
18.57,907
18.58,906
18.58,905
20.01,904
20.03,903
20.32,902
20.32,901
21.56,900
21.92,899
