0.05,1588
0.05,1587
0.05,1586
0.05,1585
0.05,1584
0.05,1583
0.05,1582
0.05,1581
0.05,1580
0.05,1579
0.05,1578
0.05,1577
0.05,1576
0.05,1575
0.05,1574
0.05,1573
0.05,1572
0.05,1571
0.05,1570
0.05,1569
0.05,1568
0.05,1567
0.05,1566
0.05,1565
0.05,1564
0.05,1563
0.05,1562
0.05,1561
0.05,1560
0.05,1559
0.05,1558
0.05,1557
0.05,1556
0.05,1555
0.05,1554
0.05,1553
0.05,1552
0.05,1551
0.05,1550
0.05,1549
0.05,1548
0.05,1547
0.05,1546
0.05,1545
0.05,1544
0.05,1543
0.05,1542
0.05,1541
0.05,1540
0.06,1539
0.06,1538
0.06,1537
0.06,1536
0.06,1535
0.06,1534
0.06,1533
0.06,1532
0.06,1531
0.06,1530
0.06,1529
0.06,1528
0.06,1527
0.06,1526
0.06,1525
0.06,1524
0.06,1523
0.06,1522
0.06,1521
0.06,1520
0.06,1519
0.06,1518
0.06,1517
0.06,1516
0.06,1515
0.06,1514
0.06,1513
0.06,1512
0.06,1511
0.06,1510
0.06,1509
0.06,1508
0.06,1507
0.07,1506
0.07,1505
0.07,1504
0.07,1503
0.07,1502
0.07,1501
0.07,1500
0.07,1499
0.07,1498
0.07,1497
0.07,1496
0.07,1495
0.07,1494
0.07,1493
0.07,1492
0.07,1491
0.07,1490
0.07,1489
0.07,1488
0.07,1487
0.08,1486
0.08,1485
0.08,1484
0.08,1483
0.08,1482
0.08,1481
0.08,1480
0.08,1479
0.08,1478
0.08,1477
0.08,1476
0.08,1475
0.08,1474
0.08,1473
0.08,1472
0.08,1471
0.08,1470
0.08,1469
0.08,1468
0.08,1467
0.09,1466
0.09,1465
0.09,1464
0.09,1463
0.09,1462
0.09,1461
0.09,1460
0.09,1459
0.09,1458
0.09,1457
0.09,1456
0.09,1455
0.09,1454
0.09,1453
0.09,1452
0.09,1451
0.09,1450
0.10,1449
0.10,1448
0.10,1447
0.10,1446
0.10,1445
0.10,1444
0.10,1443
0.10,1442
0.10,1441
0.10,1440
0.10,1439
0.10,1438
0.10,1437
0.10,1436
0.10,1435
0.10,1434
0.11,1433
0.12,1432
0.12,1431
0.12,1430
0.12,1429
0.12,1428
0.12,1427
0.12,1426
0.12,1425
0.12,1424
0.12,1423
0.12,1422
0.12,1421
0.12,1420
0.12,1419
0.12,1418
0.12,1417
0.12,1416
0.14,1415
0.15,1414
0.15,1413
0.15,1412
0.15,1411
0.15,1410
0.15,1409
0.15,1408
0.15,1407
0.15,1406
0.15,1405
0.17,1404
0.17,1403
0.17,1402
0.17,1401
0.17,1400
0.17,1399
0.17,1398
0.17,1397
0.17,1396
0.17,1395
0.19,1394
0.19,1393
0.19,1392
0.19,1391
0.19,1390
0.19,1389
0.19,1388
0.19,1387
0.19,1386
0.20,1385
0.20,1384
0.20,1383
0.20,1382
0.20,1381
0.20,1380
0.21,1379
0.21,1378
0.21,1377
0.21,1376
0.21,1375
0.21,1374
0.37,1373
0.37,1372
0.37,1371
0.37,1370
0.37,1369
0.37,1368
0.37,1367
0.37,1366
0.37,1365
0.37,1364
0.37,1363
0.37,1362
0.37,1361
0.39,1360
0.45,1359
0.45,1358
0.45,1357
1.38,1356
1.38,1355
1.38,1354
1.49,1353
2.65,1352
2.65,1351
2.65,1350
2.65,1349
2.65,1348
2.65,1347
2.65,1346
2.66,1345
2.66,1344
2.66,1343
2.66,1342
4.31,1341
4.31,1340
4.31,1339
4.35,1338
4.35,1337
4.36,1336
4.36,1335
4.36,1334
4.36,1333
4.37,1332
4.44,1331
5.04,1330
5.04,1329
5.04,1328
5.04,1327
5.04,1326
5.13,1325
5.13,1324
5.14,1323
5.14,1322
5.15,1321
5.15,1320
5.15,1319
5.68,1318
5.69,1317
5.70,1316
5.70,1315
5.70,1314
5.70,1313
5.70,1312
5.70,1311
5.70,1310
5.70,1309
5.70,1308
5.70,1307
5.70,1306
5.70,1305
5.70,1304
5.70,1303
5.70,1302
5.70,1301
5.70,1300
5.70,1299
5.70,1298
5.70,1297
5.70,1296
5.70,1295
5.70,1294
5.70,1293
5.70,1292
5.70,1291
5.71,1290
5.71,1289
5.71,1288
5.71,1287
5.71,1286
7.31,1285
7.31,1284
7.31,1283
7.31,1282
7.33,1281
7.33,1280
7.33,1279
7.33,1278
7.33,1277
7.33,1276
7.33,1275
7.33,1274
7.33,1273
7.33,1272
7.33,1271
7.36,1270
7.36,1269
7.36,1268
7.36,1267
7.36,1266
7.36,1265
7.36,1264
7.36,1263
7.36,1262
7.36,1261
7.36,1260
7.36,1259
7.37,1258
7.37,1257
7.38,1256
7.38,1255
7.39,1254
7.39,1253
7.39,1252
7.39,1251
7.39,1250
7.39,1249
7.39,1248
7.39,1247
7.43,1246
7.44,1245
7.44,1244
7.44,1243
7.44,1242
7.44,1241
7.44,1240
7.45,1239
7.45,1238
7.48,1237
7.48,1236
7.48,1235
7.48,1234
7.48,1233
7.48,1232
7.48,1231
7.48,1230
7.49,1229
7.49,1228
7.49,1227
7.49,1226
7.67,1225
7.99,1224
7.99,1223
7.99,1222
7.99,1221
8.00,1220
8.26,1219
8.31,1218
8.31,1217
8.31,1216
8.31,1215
8.31,1214
8.31,1213
8.31,1212
8.31,1211
8.32,1210
8.32,1209
8.32,1208
8.32,1207
8.33,1206
8.33,1205
8.34,1204
8.34,1203
8.34,1202
8.34,1201
8.34,1200
8.34,1199
8.34,1198
8.35,1197
8.35,1196
8.35,1195
8.38,1194
8.38,1193
8.38,1192
8.43,1191
8.53,1190
8.54,1189
8.54,1188
8.54,1187
8.54,1186
8.54,1185
8.54,1184
8.54,1183
8.54,1182
8.54,1181
8.54,1180
8.54,1179
8.54,1178
8.54,1177
8.55,1176
8.55,1175
8.55,1174
8.55,1173
8.56,1172
8.57,1171
8.57,1170
8.62,1169
8.62,1168
8.66,1167
8.67,1166
8.67,1165
8.67,1164
8.67,1163
8.67,1162
8.67,1161
8.68,1160
8.68,1159
8.68,1158
8.69,1157
8.69,1156
8.69,1155
8.69,1154
8.70,1153
8.70,1152
8.70,1151
8.70,1150
8.70,1149
8.70,1148
8.70,1147
8.71,1146
8.74,1145
8.74,1144
8.74,1143
8.74,1142
8.75,1141
8.75,1140
8.75,1139
8.75,1138
8.75,1137
8.75,1136
8.75,1135
8.76,1134
8.76,1133
8.76,1132
8.78,1131
8.78,1130
8.79,1129
8.79,1128
8.79,1127
8.79,1126
8.79,1125
8.79,1124
8.79,1123
8.79,1122
8.79,1121
8.79,1120
8.79,1119
8.82,1118
8.82,1117
8.82,1116
8.82,1115
8.82,1114
8.82,1113
9.94,1112
9.94,1111
9.94,1110
9.94,1109
9.94,1108
9.95,1107
9.95,1106
9.95,1105
9.95,1104
9.97,1103
9.98,1102
10.17,1101
10.17,1100
10.17,1099
10.17,1098
10.17,1097
10.20,1096
10.20,1095
10.22,1094
10.22,1093
10.22,1092
10.22,1091
10.22,1090
10.23,1089
10.24,1088
10.24,1087
10.24,1086
10.24,1085
10.24,1084
10.24,1083
10.24,1082
10.24,1081
10.28,1080
10.28,1079
10.28,1078
10.28,1077
10.28,1076
10.28,1075
10.29,1074
10.47,1073
10.47,1072
10.47,1071
10.47,1070
10.47,1069
10.47,1068
10.51,1067
10.51,1066
10.51,1065
10.51,1064
10.51,1063
10.68,1062
10.68,1061
10.68,1060
10.68,1059
10.68,1058
10.68,1057
10.68,1056
10.69,1055
10.69,1054
10.69,1053
10.69,1052
10.69,1051
10.70,1050
10.70,1049
10.71,1048
10.71,1047
10.71,1046
10.71,1045
10.71,1044
10.71,1043
10.73,1042
10.73,1041
10.74,1040
10.81,1039
10.82,1038
10.83,1037
10.83,1036
10.84,1035
10.84,1034
10.84,1033
10.84,1032
10.84,1031
10.84,1030
10.84,1029
10.84,1028
10.84,1027
10.85,1026
10.85,1025
10.86,1024
10.86,1023
10.86,1022
10.86,1021
10.87,1020
10.87,1019
10.88,1018
10.88,1017
10.89,1016
10.93,1015
10.93,1014
10.93,1013
10.94,1012
11.00,1011
11.00,1010
11.00,1009
11.00,1008
11.01,1007
11.02,1006
11.02,1005
11.02,1004
11.03,1003
11.05,1002
11.06,1001
11.06,1000
11.27,999
11.27,998
11.27,997
11.27,996
11.27,995
11.27,994
11.28,993
11.28,992
11.29,991
11.29,990
11.29,989
11.29,988
11.29,987
11.29,986
11.30,985
11.30,984
11.54,983
11.55,982
11.55,981
11.55,980
11.55,979
11.84,978
11.85,977
11.85,976
11.86,975
12.00,974
12.02,973
12.03,972
12.03,971
12.03,970
12.03,969
12.04,968
12.09,967
12.09,966
12.09,965
12.11,964
12.12,963
12.12,962
12.12,961
12.15,960
12.15,959
12.15,958
12.16,957
12.70,956
12.70,955
13.11,954
13.12,953
13.12,952
13.12,951
13.27,950
13.30,949
13.30,948
13.30,947
13.32,946
13.32,945
13.32,944
13.32,943
13.33,942
13.33,941
13.53,940
13.89,939
13.89,938
13.89,937
13.90,936
13.92,935
13.92,934
13.92,933
13.92,932
13.93,931
13.99,930
14.60,929
14.60,928
15.29,927
15.34,926
15.34,925
15.34,924
15.38,923
15.38,922
15.38,921
15.44,920
16.15,919
16.15,918
16.15,917
16.16,916
16.16,915
16.62,914
16.62,913
16.78,912
16.81,911
16.84,910
16.85,909
16.87,908
16.87,907
16.87,906
16.92,905
17.00,904
19.10,903
19.10,902
19.10,901
19.11,900
19.26,899
19.26,898
19.28,897
19.42,896
21.64,895
21.65,894
21.88,893
23.49,892
24.23,891
24.24,890
26.43,889
26.95,888
30.83,887
48.16,886
48.58,885
69.82,884
80.45,883
81.71,882
108.49,881
235.88,880
289.08,879
