0.00,1202
0.02,1201
0.13,1200
0.15,1199
0.27,1198
0.32,1197
0.48,1196
0.63,1195
0.74,1194
0.82,1193
0.84,1192
0.87,1191
0.97,1190
0.99,1189
1.14,1188
1.20,1187
1.30,1186
1.35,1185
1.44,1184
1.55,1183
1.64,1182
1.74,1181
1.76,1180
1.80,1179
1.82,1178
1.84,1177
1.86,1176
1.94,1175
1.98,1174
2.07,1173
2.16,1172
2.21,1171
2.25,1170
2.30,1169
2.34,1168
2.53,1167
2.56,1166
2.65,1165
2.71,1164
2.73,1163
2.76,1162
2.78,1161
2.80,1160
2.85,1159
2.93,1158
3.00,1157
3.04,1156
3.10,1155
3.13,1154
3.15,1153
3.18,1152
3.27,1151
3.33,1150
3.38,1149
3.42,1148
3.52,1147
3.54,1146
3.57,1145
3.65,1144
3.70,1143
4.02,1142
4.06,1141
4.15,1140
4.26,1139
4.28,1138
4.36,1137
4.40,1136
4.49,1135
4.57,1134
4.60,1133
4.62,1132
4.65,1131
4.74,1130
4.78,1129
4.92,1128
5.00,1127
5.11,1126
5.14,1125
5.16,1124
5.22,1123
5.27,1122
5.30,1121
5.36,1120
5.41,1119
5.47,1118
5.56,1117
5.58,1116
5.63,1115
5.69,1114
5.91,1113
5.95,1112
6.03,1111
6.10,1110
6.16,1109
6.20,1108
6.23,1107
6.32,1106
6.40,1105
6.42,1104
6.46,1103
6.48,1102
6.54,1101
6.60,1100
6.65,1099
6.68,1098
6.75,1097
6.81,1096
6.85,1095
6.89,1094
7.05,1093
7.13,1092
7.28,1091
7.45,1090
7.47,1089
7.55,1088
7.60,1087
7.67,1086
7.83,1085
7.86,1084
7.97,1083
8.12,1082
8.15,1081
8.20,1080
8.26,1079
8.31,1078
8.38,1077
8.46,1076
8.59,1075
8.72,1074
8.75,1073
8.77,1072
8.80,1071
8.83,1070
8.88,1069
8.98,1068
9.01,1067
9.03,1066
9.07,1065
9.10,1064
9.23,1063
9.26,1062
9.29,1061
9.40,1060
9.45,1059
9.52,1058
9.56,1057
9.74,1056
9.77,1055
9.79,1054
10.00,1053
10.13,1052
10.22,1051
10.24,1050
10.32,1049
10.43,1048
10.47,1047
10.51,1046
10.58,1045
10.61,1044
10.67,1043
10.74,1042
10.77,1041
10.85,1040
10.93,1039
10.95,1038
10.98,1037
11.15,1036
11.18,1035
11.20,1034
11.24,1033
11.29,1032
11.42,1031
11.60,1030
11.63,1029
11.70,1028
11.77,1027
11.81,1026
11.89,1025
11.97,1024
11.99,1023
12.04,1022
12.08,1021
12.15,1020
12.17,1019
12.28,1018
12.32,1017
12.44,1016
12.47,1015
12.55,1014
12.58,1013
12.64,1012
12.71,1011
12.73,1010
12.83,1009
12.96,1008
13.00,1007
13.03,1006
13.27,1005
13.33,1004
13.42,1003
13.50,1002
13.59,1001
13.73,1000
13.77,999
13.80,998
13.86,997
13.91,996
14.24,995
14.26,994
14.32,993
14.47,992
14.64,991
14.72,990
14.80,989
14.88,988
