0.06,1588
0.06,1587
0.06,1586
0.06,1585
0.06,1584
0.06,1583
0.06,1582
0.06,1581
0.06,1580
0.06,1579
0.06,1578
0.06,1577
0.06,1576
0.06,1575
0.06,1574
0.06,1573
0.06,1572
0.06,1571
0.06,1570
0.06,1569
0.06,1568
0.06,1567
0.06,1566
0.06,1565
0.06,1564
0.06,1563
0.06,1562
0.06,1561
0.06,1560
0.06,1559
0.06,1558
0.06,1557
0.06,1556
0.06,1555
0.06,1554
0.06,1553
0.06,1552
0.06,1551
0.06,1550
0.06,1549
0.06,1548
0.06,1547
0.06,1546
0.06,1545
0.06,1544
0.06,1543
0.06,1542
0.06,1541
0.07,1540
0.07,1539
0.07,1538
0.07,1537
0.07,1536
0.07,1535
0.07,1534
0.07,1533
0.07,1532
0.07,1531
0.07,1530
0.07,1529
0.07,1528
0.07,1527
0.07,1526
0.07,1525
0.07,1524
0.07,1523
0.07,1522
0.07,1521
0.07,1520
0.07,1519
0.07,1518
0.07,1517
0.07,1516
0.08,1515
0.08,1514
0.08,1513
0.08,1512
0.08,1511
0.08,1510
0.08,1509
0.08,1508
0.08,1507
0.08,1506
0.08,1505
0.08,1504
0.08,1503
0.08,1502
0.08,1501
0.08,1500
0.08,1499
0.08,1498
0.08,1497
0.09,1496
0.09,1495
0.09,1494
0.09,1493
0.09,1492
0.09,1491
0.09,1490
0.09,1489
0.09,1488
0.09,1487
0.09,1486
0.09,1485
0.09,1484
0.09,1483
0.09,1482
0.10,1481
0.10,1480
0.10,1479
0.10,1478
0.10,1477
0.10,1476
0.10,1475
0.10,1474
0.10,1473
0.10,1472
0.10,1471
0.10,1470
0.10,1469
0.10,1468
0.10,1467
0.10,1466
0.10,1465
0.10,1464
0.11,1463
0.11,1462
0.11,1461
0.12,1460
0.12,1459
0.12,1458
0.12,1457
0.12,1456
0.12,1455
0.12,1454
0.12,1453
0.12,1452
0.12,1451
0.13,1450
0.13,1449
0.13,1448
0.13,1447
0.13,1446
0.13,1445
0.13,1444
0.13,1443
0.13,1442
0.13,1441
0.13,1440
0.13,1439
0.13,1438
0.13,1437
0.13,1436
0.13,1435
0.14,1434
0.14,1433
0.14,1432
0.14,1431
0.14,1430
0.14,1429
0.14,1428
0.14,1427
0.14,1426
0.15,1425
0.15,1424
0.16,1423
0.16,1422
0.16,1421
0.17,1420
0.17,1419
0.17,1418
0.17,1417
0.17,1416
0.17,1415
0.17,1414
0.17,1413
0.17,1412
0.18,1411
0.18,1410
0.19,1409
0.19,1408
0.19,1407
0.19,1406
0.19,1405
0.19,1404
0.19,1403
0.20,1402
0.20,1401
0.20,1400
0.20,1399
0.20,1398
0.20,1397
0.21,1396
0.23,1395
0.23,1394
0.42,1393
0.42,1392
0.42,1391
0.42,1390
0.42,1389
0.42,1388
0.42,1387
0.42,1386
0.42,1385
0.42,1384
0.43,1383
0.43,1382
0.43,1381
0.43,1380
0.54,1379
0.54,1378
0.54,1377
0.54,1376
0.54,1375
0.54,1374
0.54,1373
0.54,1372
0.54,1371
0.54,1370
0.55,1369
0.55,1368
0.55,1367
0.55,1366
0.55,1365
0.55,1364
0.55,1363
0.55,1362
0.56,1361
0.56,1360
0.56,1359
0.56,1358
0.56,1357
0.56,1356
0.56,1355
0.56,1354
0.56,1353
1.78,1352
1.78,1351
1.78,1350
1.78,1349
1.78,1348
1.78,1347
1.79,1346
1.79,1345
1.79,1344
1.79,1343
1.79,1342
1.79,1341
1.79,1340
1.79,1339
2.01,1338
2.01,1337
2.01,1336
2.01,1335
2.01,1334
5.03,1333
5.03,1332
5.03,1331
5.03,1330
5.06,1329
5.06,1328
5.06,1327
5.06,1326
5.96,1325
7.55,1324
7.55,1323
7.55,1322
7.55,1321
7.55,1320
7.55,1319
7.56,1318
7.64,1317
7.64,1316
7.65,1315
7.65,1314
7.65,1313
7.65,1312
7.70,1311
7.70,1310
7.72,1309
7.73,1308
7.73,1307
7.73,1306
7.73,1305
7.73,1304
7.73,1303
7.73,1302
7.73,1301
7.73,1300
7.73,1299
7.74,1298
7.74,1297
7.91,1296
7.91,1295
7.91,1294
7.91,1293
7.91,1292
8.46,1291
8.46,1290
8.46,1289
8.46,1288
8.46,1287
8.46,1286
8.46,1285
8.46,1284
8.46,1283
8.46,1282
8.46,1281
8.46,1280
8.85,1279
8.85,1278
8.85,1277
9.22,1276
9.22,1275
9.22,1274
9.22,1273
9.22,1272
9.22,1271
9.22,1270
9.28,1269
9.28,1268
9.28,1267
9.28,1266
9.28,1265
9.28,1264
9.28,1263
9.28,1262
9.29,1261
9.29,1260
9.29,1259
9.29,1258
9.29,1257
9.29,1256
9.30,1255
9.30,1254
9.30,1253
9.30,1252
9.30,1251
9.30,1250
9.30,1249
9.30,1248
9.30,1247
9.30,1246
9.30,1245
9.30,1244
9.30,1243
9.30,1242
9.30,1241
9.70,1240
9.70,1239
9.70,1238
9.70,1237
9.70,1236
9.70,1235
9.70,1234
9.72,1233
9.72,1232
9.72,1231
9.72,1230
9.72,1229
9.72,1228
9.72,1227
9.72,1226
9.73,1225
10.36,1224
10.36,1223
10.39,1222
10.39,1221
10.39,1220
10.39,1219
10.40,1218
10.41,1217
10.41,1216
10.41,1215
10.41,1214
10.41,1213
10.41,1212
10.46,1211
10.47,1210
10.47,1209
10.47,1208
10.47,1207
10.47,1206
10.47,1205
10.47,1204
10.47,1203
10.47,1202
10.47,1201
10.51,1200
10.51,1199
10.51,1198
10.51,1197
10.51,1196
10.51,1195
10.51,1194
10.66,1193
10.66,1192
10.66,1191
10.66,1190
10.91,1189
10.97,1188
11.10,1187
11.10,1186
11.11,1185
11.30,1184
11.30,1183
11.30,1182
11.31,1181
11.31,1180
11.31,1179
11.31,1178
11.31,1177
11.31,1176
11.31,1175
11.31,1174
11.31,1173
11.31,1172
11.33,1171
11.34,1170
11.34,1169
11.34,1168
11.34,1167
11.35,1166
11.35,1165
11.35,1164
11.35,1163
11.35,1162
11.38,1161
11.38,1160
11.38,1159
11.38,1158
11.38,1157
11.38,1156
11.38,1155
11.38,1154
11.38,1153
11.39,1152
11.39,1151
11.39,1150
11.68,1149
11.70,1148
11.70,1147
11.70,1146
11.70,1145
11.70,1144
11.70,1143
11.70,1142
11.70,1141
11.75,1140
11.75,1139
11.75,1138
11.75,1137
11.75,1136
11.75,1135
11.75,1134
11.76,1133
11.85,1132
11.85,1131
11.85,1130
11.86,1129
11.86,1128
11.86,1127
11.86,1126
11.86,1125
11.86,1124
11.92,1123
11.92,1122
11.92,1121
11.92,1120
11.92,1119
11.94,1118
11.94,1117
11.95,1116
11.95,1115
11.95,1114
11.95,1113
11.95,1112
11.95,1111
11.95,1110
11.95,1109
11.96,1108
11.96,1107
11.97,1106
11.97,1105
11.98,1104
11.98,1103
11.98,1102
11.99,1101
11.99,1100
11.99,1099
11.99,1098
12.23,1097
12.24,1096
12.24,1095
12.24,1094
12.24,1093
12.24,1092
12.24,1091
12.24,1090
12.25,1089
12.25,1088
12.25,1087
12.25,1086
12.25,1085
12.25,1084
12.25,1083
12.25,1082
12.25,1081
12.25,1080
12.25,1079
12.26,1078
12.26,1077
12.26,1076
12.26,1075
12.26,1074
12.26,1073
12.28,1072
12.28,1071
12.28,1070
12.28,1069
12.28,1068
12.28,1067
12.30,1066
12.88,1065
12.88,1064
12.88,1063
12.89,1062
12.90,1061
12.90,1060
12.90,1059
13.01,1058
13.01,1057
13.01,1056
13.01,1055
13.01,1054
13.01,1053
13.01,1052
13.01,1051
13.01,1050
13.02,1049
13.02,1048
13.02,1047
13.05,1046
13.05,1045
13.06,1044
13.12,1043
13.12,1042
13.12,1041
13.12,1040
13.12,1039
13.13,1038
13.18,1037
13.18,1036
13.18,1035
13.18,1034
13.18,1033
13.18,1032
13.18,1031
13.18,1030
13.19,1029
13.19,1028
13.34,1027
13.34,1026
13.34,1025
13.45,1024
13.47,1023
13.47,1022
13.47,1021
13.47,1020
13.47,1019
13.48,1018
13.48,1017
13.48,1016
13.48,1015
13.48,1014
13.49,1013
13.49,1012
13.49,1011
13.50,1010
13.50,1009
13.50,1008
13.51,1007
13.51,1006
13.51,1005
13.78,1004
13.79,1003
13.79,1002
13.79,1001
13.80,1000
13.80,999
13.99,998
13.99,997
14.01,996
14.01,995
14.01,994
14.01,993
14.01,992
14.02,991
14.05,990
14.06,989
14.06,988
14.10,987
14.10,986
14.10,985
14.10,984
14.11,983
14.11,982
14.11,981
14.16,980
14.16,979
14.16,978
14.55,977
14.55,976
14.55,975
14.55,974
14.55,973
14.59,972
14.59,971
14.60,970
14.61,969
14.62,968
14.62,967
14.62,966
14.62,965
14.62,964
14.62,963
15.14,962
15.14,961
15.14,960
15.44,959
15.44,958
15.46,957
15.46,956
15.46,955
15.46,954
15.53,953
15.56,952
15.56,951
15.60,950
15.90,949
15.91,948
15.91,947
15.91,946
15.91,945
15.91,944
16.03,943
16.03,942
16.05,941
16.08,940
16.08,939
16.08,938
16.08,937
16.08,936
16.40,935
16.40,934
16.40,933
16.40,932
16.40,931
16.41,930
16.41,929
17.05,928
17.05,927
17.05,926
17.05,925
17.09,924
17.09,923
17.10,922
17.10,921
17.10,920
17.10,919
17.10,918
17.10,917
17.11,916
17.94,915
17.94,914
17.95,913
17.96,912
17.96,911
17.98,910
17.98,909
17.99,908
17.99,907
17.99,906
17.99,905
17.99,904
19.15,903
19.16,902
19.16,901
19.16,900
19.16,899
