0.00,1195
0.11,1194
0.13,1193
0.23,1192
0.29,1191
0.34,1190
0.41,1189
0.46,1188
0.51,1187
0.54,1186
0.64,1185
0.73,1184
0.77,1183
0.86,1182
0.89,1181
0.97,1180
0.99,1179
1.06,1178
1.09,1177
1.11,1176
1.15,1175
1.19,1174
1.29,1173
1.30,1172
1.34,1171
1.43,1170
1.45,1169
1.48,1168
1.58,1167
1.66,1166
1.73,1165
1.81,1164
1.83,1163
1.88,1162
1.93,1161
2.10,1160
2.15,1159
2.20,1158
2.26,1157
2.28,1156
2.31,1155
2.33,1154
2.36,1153
2.43,1152
2.50,1151
2.61,1150
2.68,1149
2.69,1148
2.72,1147
2.74,1146
2.83,1145
2.87,1144
2.91,1143
3.02,1142
3.07,1141
3.14,1140
3.18,1139
3.26,1138
3.34,1137
3.43,1136
3.45,1135
3.64,1134
3.78,1133
3.86,1132
3.91,1131
3.96,1130
4.04,1129
4.09,1128
4.15,1127
4.20,1126
4.23,1125
4.25,1124
4.29,1123
4.39,1122
4.51,1121
4.57,1120
4.59,1119
4.62,1118
4.65,1117
4.72,1116
4.77,1115
4.81,1114
4.84,1113
4.90,1112
4.92,1111
4.97,1110
5.00,1109
5.08,1108
5.12,1107
5.15,1106
5.20,1105
5.22,1104
5.36,1103
5.39,1102
5.46,1101
5.60,1100
5.68,1099
5.73,1098
5.75,1097
5.77,1096
5.80,1095
5.82,1094
5.87,1093
5.96,1092
6.03,1091
6.05,1090
6.07,1089
6.12,1088
6.15,1087
6.20,1086
6.22,1085
6.33,1084
6.39,1083
6.49,1082
6.56,1081
6.70,1080
6.75,1079
6.86,1078
6.89,1077
6.94,1076
7.00,1075
7.04,1074
7.11,1073
7.23,1072
7.26,1071
7.37,1070
7.53,1069
7.58,1068
7.62,1067
7.67,1066
7.72,1065
7.78,1064
7.80,1063
7.85,1062
7.92,1061
7.96,1060
7.98,1059
7.99,1058
8.01,1057
8.03,1056
8.13,1055
8.17,1054
8.22,1053
8.27,1052
8.39,1051
8.50,1050
8.57,1049
8.59,1048
8.64,1047
8.66,1046
8.70,1045
8.78,1044
8.90,1043
8.92,1042
8.95,1041
8.97,1040
9.03,1039
9.07,1038
9.16,1037
9.18,1036
9.24,1035
9.27,1034
9.33,1033
9.40,1032
9.41,1031
9.43,1030
9.45,1029
9.48,1028
9.53,1027
9.63,1026
9.74,1025
9.76,1024
9.79,1023
9.86,1022
9.93,1021
9.96,1020
9.99,1019
10.04,1018
10.06,1017
10.15,1016
10.21,1015
10.23,1014
10.27,1013
10.30,1012
10.34,1011
10.49,1010
10.51,1009
10.56,1008
10.58,1007
10.66,1006
10.73,1005
10.75,1004
10.79,1003
10.83,1002
10.86,1001
10.90,1000
10.97,999
11.01,998
11.19,997
11.21,996
11.28,995
11.36,994
11.38,993
11.44,992
11.48,991
11.51,990
11.54,989
11.57,988
11.60,987
11.62,986
11.73,985
11.80,984
11.84,983
11.93,982
12.01,981
12.03,980
12.08,979
12.11,978
12.30,977
12.41,976
12.45,975
12.52,974
12.54,973
12.61,972
12.67,971
12.74,970
13.03,969
13.08,968
13.21,967
13.33,966
