0.05,1588
0.05,1587
0.05,1586
0.05,1585
0.05,1584
0.05,1583
0.05,1582
0.05,1581
0.05,1580
0.05,1579
0.05,1578
0.05,1577
0.05,1576
0.05,1575
0.05,1574
0.05,1573
0.05,1572
0.05,1571
0.05,1570
0.05,1569
0.05,1568
0.05,1567
0.05,1566
0.05,1565
0.05,1564
0.05,1563
0.05,1562
0.05,1561
0.05,1560
0.05,1559
0.05,1558
0.05,1557
0.05,1556
0.05,1555
0.05,1554
0.05,1553
0.05,1552
0.05,1551
0.05,1550
0.05,1549
0.05,1548
0.05,1547
0.05,1546
0.05,1545
0.05,1544
0.05,1543
0.05,1542
0.05,1541
0.05,1540
0.05,1539
0.05,1538
0.05,1537
0.05,1536
0.06,1535
0.06,1534
0.06,1533
0.06,1532
0.06,1531
0.06,1530
0.06,1529
0.06,1528
0.06,1527
0.06,1526
0.06,1525
0.06,1524
0.06,1523
0.06,1522
0.06,1521
0.06,1520
0.06,1519
0.06,1518
0.06,1517
0.06,1516
0.06,1515
0.06,1514
0.06,1513
0.06,1512
0.06,1511
0.06,1510
0.06,1509
0.06,1508
0.06,1507
0.06,1506
0.06,1505
0.06,1504
0.07,1503
0.07,1502
0.07,1501
0.07,1500
0.07,1499
0.07,1498
0.07,1497
0.07,1496
0.07,1495
0.07,1494
0.07,1493
0.07,1492
0.07,1491
0.07,1490
0.07,1489
0.07,1488
0.07,1487
0.07,1486
0.08,1485
0.08,1484
0.08,1483
0.08,1482
0.08,1481
0.08,1480
0.08,1479
0.08,1478
0.08,1477
0.08,1476
0.08,1475
0.08,1474
0.09,1473
0.09,1472
0.09,1471
0.09,1470
0.09,1469
0.09,1468
0.09,1467
0.09,1466
0.09,1465
0.09,1464
0.09,1463
0.09,1462
0.09,1461
0.09,1460
0.09,1459
0.09,1458
0.09,1457
0.09,1456
0.09,1455
0.09,1454
0.10,1453
0.10,1452
0.10,1451
0.10,1450
0.10,1449
0.10,1448
0.10,1447
0.10,1446
0.10,1445
0.10,1444
0.10,1443
0.12,1442
0.12,1441
0.12,1440
0.12,1439
0.12,1438
0.12,1437
0.12,1436
0.12,1435
0.12,1434
0.12,1433
0.12,1432
0.13,1431
0.13,1430
0.13,1429
0.14,1428
0.14,1427
0.14,1426
0.14,1425
0.14,1424
0.14,1423
0.14,1422
0.14,1421
0.14,1420
0.14,1419
0.14,1418
0.14,1417
0.14,1416
0.14,1415
0.15,1414
0.15,1413
0.15,1412
0.15,1411
0.15,1410
0.15,1409
0.15,1408
0.15,1407
0.15,1406
0.15,1405
0.15,1404
0.15,1403
0.16,1402
0.16,1401
0.16,1400
0.16,1399
0.16,1398
0.16,1397
0.16,1396
0.16,1395
0.17,1394
0.17,1393
0.17,1392
0.17,1391
0.17,1390
0.30,1389
0.30,1388
0.30,1387
0.30,1386
0.30,1385
0.30,1384
0.31,1383
0.31,1382
0.31,1381
0.31,1380
0.31,1379
0.32,1378
0.32,1377
0.32,1376
0.32,1375
0.33,1374
0.33,1373
0.45,1372
0.45,1371
0.45,1370
0.45,1369
0.45,1368
0.46,1367
0.46,1366
0.46,1365
0.46,1364
0.90,1363
0.90,1362
0.90,1361
0.90,1360
0.90,1359
1.25,1358
1.25,1357
1.27,1356
1.39,1355
1.50,1354
1.50,1353
1.50,1352
1.50,1351
1.50,1350
1.50,1349
1.50,1348
1.50,1347
1.50,1346
1.50,1345
1.50,1344
1.50,1343
1.50,1342
1.50,1341
1.50,1340
1.50,1339
1.50,1338
1.50,1337
1.51,1336
1.51,1335
1.51,1334
1.51,1333
1.51,1332
1.51,1331
1.51,1330
1.51,1329
1.51,1328
4.91,1327
4.91,1326
4.97,1325
4.97,1324
4.97,1323
4.98,1322
4.98,1321
4.98,1320
4.98,1319
4.98,1318
4.98,1317
4.98,1316
4.98,1315
5.00,1314
7.29,1313
7.29,1312
7.29,1311
7.29,1310
7.29,1309
7.29,1308
7.32,1307
7.32,1306
7.33,1305
7.35,1304
7.39,1303
7.39,1302
7.39,1301
7.68,1300
7.68,1299
7.68,1298
7.68,1297
7.68,1296
7.68,1295
7.68,1294
7.68,1293
7.68,1292
7.68,1291
7.68,1290
7.68,1289
7.68,1288
7.68,1287
7.70,1286
7.70,1285
7.85,1284
7.85,1283
7.85,1282
7.85,1281
7.85,1280
7.85,1279
7.85,1278
7.85,1277
7.88,1276
7.88,1275
7.88,1274
7.94,1273
7.94,1272
7.94,1271
7.94,1270
7.95,1269
7.96,1268
7.96,1267
7.96,1266
7.96,1265
8.30,1264
8.30,1263
8.30,1262
8.31,1261
8.31,1260
8.31,1259
8.31,1258
8.31,1257
8.31,1256
8.31,1255
8.33,1254
8.33,1253
8.48,1252
8.48,1251
8.48,1250
8.48,1249
8.59,1248
8.59,1247
8.59,1246
8.59,1245
8.60,1244
8.60,1243
8.60,1242
8.60,1241
8.60,1240
8.60,1239
8.60,1238
8.60,1237
8.68,1236
8.68,1235
8.68,1234
8.68,1233
8.68,1232
8.68,1231
8.68,1230
8.69,1229
8.69,1228
8.80,1227
8.80,1226
8.80,1225
8.80,1224
8.81,1223
8.81,1222
8.81,1221
8.81,1220
8.82,1219
8.82,1218
8.82,1217
8.82,1216
8.83,1215
8.83,1214
8.83,1213
8.83,1212
8.84,1211
8.84,1210
8.84,1209
8.84,1208
8.84,1207
9.42,1206
9.43,1205
9.61,1204
9.67,1203
9.67,1202
9.68,1201
9.68,1200
9.68,1199
9.68,1198
9.68,1197
9.68,1196
9.71,1195
9.71,1194
9.71,1193
9.71,1192
9.88,1191
9.88,1190
9.88,1189
9.88,1188
9.88,1187
9.89,1186
9.89,1185
9.89,1184
9.90,1183
9.90,1182
9.90,1181
9.90,1180
9.90,1179
9.90,1178
9.90,1177
9.90,1176
9.90,1175
9.91,1174
9.91,1173
9.91,1172
9.91,1171
9.91,1170
9.91,1169
9.91,1168
9.91,1167
9.91,1166
9.91,1165
10.07,1164
10.07,1163
10.07,1162
10.07,1161
10.07,1160
10.07,1159
10.07,1158
10.07,1157
10.07,1156
10.08,1155
10.08,1154
10.08,1153
10.08,1152
10.08,1151
10.08,1150
10.08,1149
10.08,1148
10.08,1147
10.08,1146
10.10,1145
10.10,1144
10.10,1143
10.11,1142
10.12,1141
10.12,1140
10.12,1139
10.13,1138
10.13,1137
10.14,1136
10.14,1135
10.14,1134
10.14,1133
10.15,1132
10.15,1131
10.35,1130
10.35,1129
10.36,1128
10.36,1127
10.36,1126
10.37,1125
10.37,1124
10.39,1123
10.39,1122
10.39,1121
10.39,1120
10.42,1119
10.42,1118
10.42,1117
10.42,1116
10.53,1115
10.53,1114
10.53,1113
10.54,1112
10.54,1111
10.54,1110
10.54,1109
10.54,1108
10.77,1107
10.77,1106
10.77,1105
10.84,1104
10.84,1103
10.84,1102
10.84,1101
10.84,1100
10.84,1099
10.85,1098
10.85,1097
10.85,1096
10.86,1095
10.86,1094
10.90,1093
10.90,1092
10.90,1091
10.90,1090
10.90,1089
10.90,1088
10.90,1087
10.90,1086
10.90,1085
10.94,1084
10.94,1083
10.94,1082
10.95,1081
10.96,1080
10.96,1079
10.96,1078
10.96,1077
11.04,1076
11.04,1075
11.04,1074
11.20,1073
11.20,1072
11.20,1071
11.31,1070
11.31,1069
11.31,1068
11.31,1067
11.37,1066
11.38,1065
11.38,1064
11.38,1063
11.38,1062
11.38,1061
11.38,1060
11.38,1059
11.38,1058
11.55,1057
11.56,1056
11.56,1055
11.56,1054
11.57,1053
11.57,1052
11.57,1051
11.58,1050
11.58,1049
11.58,1048
11.58,1047
11.58,1046
11.58,1045
11.58,1044
11.58,1043
11.61,1042
11.61,1041
11.61,1040
11.61,1039
11.61,1038
11.61,1037
11.61,1036
11.62,1035
11.64,1034
11.65,1033
11.65,1032
11.65,1031
11.65,1030
11.70,1029
11.70,1028
11.70,1027
11.70,1026
11.70,1025
11.70,1024
11.70,1023
11.70,1022
11.71,1021
11.71,1020
11.71,1019
11.71,1018
11.71,1017
11.71,1016
11.72,1015
11.72,1014
11.72,1013
11.72,1012
11.72,1011
11.72,1010
11.72,1009
11.72,1008
12.15,1007
12.15,1006
12.17,1005
12.51,1004
12.55,1003
12.93,1002
12.93,1001
12.93,1000
12.93,999
12.94,998
12.94,997
12.94,996
12.95,995
12.95,994
12.95,993
12.95,992
12.95,991
12.96,990
12.96,989
12.96,988
12.96,987
13.00,986
13.01,985
13.12,984
13.12,983
13.12,982
13.12,981
13.12,980
13.12,979
13.13,978
13.13,977
13.13,976
13.13,975
13.13,974
13.13,973
13.14,972
13.14,971
13.14,970
13.14,969
13.14,968
13.15,967
13.15,966
13.15,965
13.15,964
13.15,963
13.31,962
13.32,961
13.33,960
13.33,959
13.33,958
13.33,957
13.38,956
13.43,955
13.45,954
13.45,953
14.09,952
14.09,951
14.10,950
14.11,949
14.12,948
14.12,947
14.12,946
14.12,945
14.69,944
14.96,943
14.96,942
14.96,941
14.96,940
14.96,939
14.97,938
14.99,937
15.33,936
15.34,935
15.34,934
15.34,933
15.34,932
15.34,931
15.84,930
15.86,929
15.86,928
15.86,927
16.21,926
16.22,925
16.22,924
16.24,923
16.24,922
16.27,921
16.36,920
16.36,919
16.37,918
16.37,917
16.38,916
16.39,915
16.64,914
16.65,913
16.65,912
17.06,911
17.06,910
17.22,909
17.22,908
17.22,907
17.22,906
17.22,905
17.23,904
17.23,903
17.23,902
17.23,901
17.23,900
17.23,899
