0.00,1236
0.02,1235
0.22,1234
0.24,1233
0.28,1232
0.34,1231
0.40,1230
0.53,1229
0.62,1228
0.64,1227
0.76,1226
0.79,1225
0.82,1224
0.91,1223
0.93,1222
0.96,1221
0.99,1220
1.07,1219
1.11,1218
1.16,1217
1.25,1216
1.30,1215
1.44,1214
1.50,1213
1.53,1212
1.59,1211
1.67,1210
1.79,1209
1.92,1208
1.94,1207
2.02,1206
2.06,1205
2.08,1204
2.14,1203
2.19,1202
2.30,1201
2.33,1200
2.38,1199
2.43,1198
2.47,1197
2.52,1196
2.54,1195
2.57,1194
2.63,1193
2.65,1192
2.68,1191
2.82,1190
2.90,1189
2.92,1188
2.95,1187
3.02,1186
3.08,1185
3.12,1184
3.14,1183
3.23,1182
3.37,1181
3.39,1180
3.43,1179
3.45,1178
3.53,1177
3.56,1176
3.60,1175
3.64,1174
3.68,1173
3.78,1172
3.81,1171
3.87,1170
3.92,1169
3.97,1168
4.00,1167
4.03,1166
4.16,1165
4.27,1164
4.36,1163
4.48,1162
4.52,1161
4.60,1160
4.63,1159
4.75,1158
4.77,1157
4.81,1156
4.91,1155
4.94,1154
4.99,1153
5.03,1152
5.09,1151
5.15,1150
5.18,1149
5.24,1148
5.36,1147
5.40,1146
5.45,1145
5.47,1144
5.51,1143
5.57,1142
5.64,1141
5.72,1140
5.76,1139
5.84,1138
5.88,1137
5.91,1136
5.95,1135
6.01,1134
6.03,1133
6.09,1132
6.24,1131
6.31,1130
6.33,1129
6.41,1128
6.45,1127
6.54,1126
6.63,1125
6.68,1124
6.75,1123
6.79,1122
6.81,1121
7.01,1120
7.03,1119
7.06,1118
7.14,1117
7.20,1116
7.22,1115
7.36,1114
7.54,1113
7.63,1112
7.67,1111
7.73,1110
7.77,1109
7.80,1108
7.83,1107
7.86,1106
7.89,1105
7.92,1104
7.95,1103
7.97,1102
7.99,1101
8.01,1100
8.05,1099
8.19,1098
8.34,1097
8.37,1096
8.40,1095
8.46,1094
8.48,1093
8.53,1092
8.56,1091
8.63,1090
8.68,1089
8.76,1088
8.83,1087
8.88,1086
8.92,1085
8.94,1084
8.98,1083
9.00,1082
9.04,1081
9.15,1080
9.20,1079
9.30,1078
9.42,1077
9.47,1076
9.49,1075
9.54,1074
9.61,1073
9.63,1072
9.75,1071
9.79,1070
9.82,1069
9.87,1068
9.90,1067
9.93,1066
9.96,1065
10.02,1064
10.05,1063
10.07,1062
10.13,1061
10.17,1060
10.20,1059
10.22,1058
10.28,1057
10.32,1056
10.36,1055
10.38,1054
10.43,1053
10.47,1052
10.50,1051
10.55,1050
10.64,1049
10.66,1048
10.71,1047
10.74,1046
11.03,1045
11.09,1044
11.13,1043
11.26,1042
11.33,1041
11.51,1040
11.54,1039
11.62,1038
11.65,1037
11.67,1036
11.71,1035
11.73,1034
11.75,1033
11.77,1032
11.80,1031
11.84,1030
11.88,1029
11.93,1028
11.97,1027
12.04,1026
12.08,1025
12.14,1024
12.17,1023
12.19,1022
12.27,1021
12.31,1020
12.40,1019
12.49,1018
12.59,1017
12.64,1016
12.71,1015
12.75,1014
12.87,1013
12.94,1012
12.98,1011
13.11,1010
13.18,1009
13.25,1008
13.30,1007
13.33,1006
13.37,1005
13.40,1004
13.55,1003
13.68,1002
13.73,1001
13.79,1000
13.81,999
13.86,998
13.89,997
13.99,996
14.11,995
14.14,994
14.23,993
14.25,992
14.32,991
14.40,990
14.42,989
14.53,988
14.64,987
14.70,986
14.75,985
14.79,984
15.07,983
15.11,982
15.21,981
15.23,980
15.29,979
15.45,978
15.48,977
15.50,976
15.55,975
15.61,974
15.83,973
15.87,972
15.96,971
16.01,970
16.05,969
16.08,968
