0.08,4940
0.08,4939
0.08,4938
0.08,4937
0.08,4936
0.08,4935
0.08,4934
0.08,4933
0.08,4932
0.08,4931
0.08,4930
0.08,4929
0.08,4928
0.08,4927
0.08,4926
0.08,4925
0.08,4924
0.08,4923
0.08,4922
0.08,4921
0.08,4920
0.08,4919
0.09,4918
0.09,4917
0.09,4916
0.09,4915
0.09,4914
0.09,4913
0.09,4912
0.09,4911
0.09,4910
0.09,4909
0.09,4908
0.09,4907
0.09,4906
0.09,4905
0.09,4904
0.09,4903
0.09,4902
0.09,4901
0.09,4900
0.09,4899
0.09,4898
0.09,4897
0.09,4896
0.09,4895
0.09,4894
0.09,4893
0.09,4892
0.09,4891
0.09,4890
0.09,4889
0.09,4888
0.10,4887
0.10,4886
0.10,4885
0.10,4884
0.10,4883
0.10,4882
0.10,4881
0.10,4880
0.10,4879
0.10,4878
0.10,4877
0.10,4876
0.10,4875
0.10,4874
0.10,4873
0.10,4872
0.10,4871
0.10,4870
0.10,4869
0.10,4868
0.10,4867
0.10,4866
0.10,4865
0.10,4864
0.10,4863
0.10,4862
0.10,4861
0.10,4860
0.10,4859
0.10,4858
0.10,4857
0.10,4856
0.10,4855
0.10,4854
0.10,4853
0.10,4852
0.10,4851
0.10,4850
0.10,4849
0.10,4848
0.10,4847
0.10,4846
0.10,4845
0.11,4844
0.11,4843
0.11,4842
0.11,4841
0.11,4840
0.11,4839
0.11,4838
0.11,4837
0.11,4836
0.11,4835
0.11,4834
0.11,4833
0.11,4832
0.11,4831
0.11,4830
0.11,4829
0.11,4828
0.11,4827
0.11,4826
0.11,4825
0.11,4824
0.11,4823
0.11,4822
0.11,4821
0.11,4820
0.11,4819
0.11,4818
0.12,4817
0.12,4816
0.12,4815
0.12,4814
0.12,4813
0.12,4812
0.12,4811
0.12,4810
0.12,4809
0.12,4808
0.12,4807
0.12,4806
0.12,4805
0.12,4804
0.12,4803
0.12,4802
0.12,4801
0.12,4800
0.12,4799
0.12,4798
0.12,4797
0.12,4796
0.12,4795
0.12,4794
0.12,4793
0.12,4792
0.12,4791
0.12,4790
0.12,4789
0.12,4788
0.12,4787
0.12,4786
0.12,4785
0.12,4784
0.12,4783
0.13,4782
0.13,4781
0.13,4780
0.13,4779
0.13,4778
0.13,4777
0.13,4776
0.13,4775
0.13,4774
0.13,4773
0.13,4772
0.13,4771
0.13,4770
0.13,4769
0.13,4768
0.13,4767
0.13,4766
0.13,4765
0.13,4764
0.13,4763
0.13,4762
0.13,4761
0.13,4760
0.13,4759
0.13,4758
0.13,4757
0.13,4756
0.13,4755
0.13,4754
0.14,4753
0.14,4752
0.14,4751
0.14,4750
0.14,4749
0.14,4748
0.14,4747
0.14,4746
0.14,4745
0.14,4744
0.14,4743
0.14,4742
0.14,4741
0.14,4740
0.14,4739
0.14,4738
0.14,4737
0.14,4736
0.14,4735
0.14,4734
0.14,4733
0.14,4732
0.14,4731
0.14,4730
0.14,4729
0.14,4728
0.14,4727
0.14,4726
0.14,4725
0.14,4724
0.14,4723
0.15,4722
0.15,4721
0.15,4720
0.15,4719
0.15,4718
0.15,4717
0.15,4716
0.15,4715
0.15,4714
0.15,4713
0.15,4712
0.15,4711
0.15,4710
0.15,4709
0.15,4708
0.15,4707
0.15,4706
0.15,4705
0.15,4704
0.15,4703
0.15,4702
0.15,4701
0.15,4700
0.15,4699
0.15,4698
0.15,4697
0.15,4696
0.15,4695
0.15,4694
0.15,4693
0.15,4692
0.15,4691
0.15,4690
0.15,4689
0.16,4688
0.16,4687
0.16,4686
0.16,4685
0.16,4684
0.16,4683
0.16,4682
0.16,4681
0.16,4680
0.16,4679
0.16,4678
0.16,4677
0.16,4676
0.16,4675
0.16,4674
0.16,4673
0.16,4672
0.16,4671
0.16,4670
0.16,4669
0.16,4668
0.16,4667
0.16,4666
0.16,4665
0.16,4664
0.16,4663
0.16,4662
0.16,4661
0.16,4660
0.16,4659
0.16,4658
0.16,4657
0.16,4656
0.16,4655
0.16,4654
0.16,4653
0.16,4652
0.16,4651
0.16,4650
0.16,4649
0.16,4648
0.16,4647
0.16,4646
0.16,4645
0.16,4644
0.16,4643
0.17,4642
0.17,4641
0.17,4640
0.17,4639
0.17,4638
0.17,4637
0.17,4636
0.17,4635
0.17,4634
0.17,4633
0.17,4632
0.17,4631
0.17,4630
0.17,4629
0.17,4628
0.17,4627
0.17,4626
0.17,4625
0.17,4624
0.17,4623
0.17,4622
0.17,4621
0.17,4620
0.17,4619
0.18,4618
0.18,4617
0.18,4616
0.18,4615
0.18,4614
0.18,4613
0.18,4612
0.18,4611
0.18,4610
0.18,4609
0.18,4608
0.18,4607
0.18,4606
0.18,4605
0.18,4604
0.18,4603
0.18,4602
0.18,4601
0.18,4600
0.18,4599
0.18,4598
0.18,4597
0.18,4596
0.18,4595
0.19,4594
0.19,4593
0.19,4592
0.19,4591
0.19,4590
0.19,4589
0.19,4588
0.19,4587
0.19,4586
0.19,4585
0.19,4584
0.19,4583
0.19,4582
0.19,4581
0.19,4580
0.19,4579
0.19,4578
0.19,4577
0.19,4576
0.19,4575
0.19,4574
0.19,4573
0.19,4572
0.19,4571
0.19,4570
0.19,4569
0.19,4568
0.20,4567
0.20,4566
0.20,4565
0.20,4564
0.20,4563
0.20,4562
0.20,4561
0.20,4560
0.20,4559
0.20,4558
0.20,4557
0.20,4556
0.20,4555
0.20,4554
0.20,4553
0.20,4552
0.20,4551
0.20,4550
0.20,4549
0.20,4548
0.20,4547
0.20,4546
0.20,4545
0.21,4544
0.21,4543
0.21,4542
0.21,4541
0.21,4540
0.21,4539
0.21,4538
0.21,4537
0.21,4536
0.21,4535
0.21,4534
0.21,4533
0.21,4532
0.21,4531
0.21,4530
0.21,4529
0.21,4528
0.21,4527
0.21,4526
0.21,4525
0.21,4524
0.21,4523
0.21,4522
0.21,4521
0.21,4520
0.21,4519
0.21,4518
0.21,4517
0.22,4516
0.22,4515
0.22,4514
0.22,4513
0.22,4512
0.22,4511
0.22,4510
0.22,4509
0.22,4508
0.22,4507
0.22,4506
0.22,4505
0.22,4504
0.22,4503
0.22,4502
0.22,4501
0.22,4500
0.22,4499
0.22,4498
0.22,4497
0.22,4496
0.23,4495
0.23,4494
0.23,4493
0.23,4492
0.23,4491
0.23,4490
0.23,4489
0.23,4488
0.23,4487
0.23,4486
0.23,4485
0.23,4484
0.23,4483
0.23,4482
0.23,4481
0.23,4480
0.23,4479
0.23,4478
0.23,4477
0.23,4476
0.23,4475
0.23,4474
0.23,4473
0.23,4472
0.23,4471
0.23,4470
0.23,4469
0.23,4468
0.23,4467
0.24,4466
0.24,4465
0.24,4464
0.24,4463
0.24,4462
0.24,4461
0.25,4460
0.25,4459
0.25,4458
0.25,4457
0.25,4456
0.25,4455
0.25,4454
0.25,4453
0.25,4452
0.25,4451
0.25,4450
0.25,4449
0.25,4448
0.26,4447
0.26,4446
0.26,4445
0.26,4444
0.26,4443
0.26,4442
0.26,4441
0.26,4440
0.26,4439
0.26,4438
0.26,4437
0.26,4436
0.26,4435
0.27,4434
0.27,4433
0.27,4432
0.27,4431
0.27,4430
0.27,4429
0.27,4428
0.28,4427
0.28,4426
0.28,4425
0.28,4424
0.28,4423
0.28,4422
0.28,4421
0.28,4420
0.28,4419
0.28,4418
0.28,4417
0.28,4416
0.28,4415
0.28,4414
0.28,4413
0.28,4412
0.28,4411
0.28,4410
0.28,4409
0.28,4408
0.28,4407
0.28,4406
0.29,4405
0.29,4404
0.29,4403
0.29,4402
0.29,4401
0.29,4400
0.29,4399
0.29,4398
0.29,4397
0.29,4396
0.30,4395
0.30,4394
0.30,4393
0.30,4392
0.30,4391
0.30,4390
0.30,4389
0.30,4388
0.30,4387
0.30,4386
0.30,4385
0.30,4384
0.31,4383
0.31,4382
0.31,4381
0.31,4380
0.31,4379
0.31,4378
0.31,4377
0.31,4376
0.31,4375
0.31,4374
0.32,4373
0.32,4372
0.32,4371
0.32,4370
0.32,4369
0.32,4368
0.32,4367
0.32,4366
0.32,4365
0.32,4364
0.32,4363
0.32,4362
0.32,4361
0.32,4360
0.32,4359
0.32,4358
0.32,4357
0.32,4356
0.32,4355
0.32,4354
0.32,4353
0.32,4352
0.32,4351
0.32,4350
0.32,4349
0.32,4348
0.32,4347
0.33,4346
0.33,4345
0.33,4344
0.33,4343
0.33,4342
0.33,4341
0.33,4340
0.33,4339
0.33,4338
0.33,4337
0.33,4336
0.33,4335
0.33,4334
0.33,4333
0.33,4332
0.33,4331
0.34,4330
0.34,4329
0.34,4328
0.34,4327
0.34,4326
0.34,4325
0.34,4324
0.34,4323
0.34,4322
0.35,4321
0.36,4320
0.36,4319
0.36,4318
0.36,4317
0.36,4316
0.37,4315
0.37,4314
0.37,4313
0.37,4312
0.37,4311
0.37,4310
0.37,4309
0.37,4308
0.37,4307
0.37,4306
0.37,4305
0.37,4304
0.37,4303
0.37,4302
0.37,4301
0.37,4300
0.38,4299
0.38,4298
0.38,4297
0.38,4296
0.38,4295
0.39,4294
0.39,4293
0.39,4292
0.39,4291
0.39,4290
0.39,4289
0.39,4288
0.39,4287
0.39,4286
0.39,4285
0.39,4284
0.39,4283
0.39,4282
0.39,4281
0.39,4280
0.39,4279
0.39,4278
0.39,4277
0.39,4276
0.40,4275
0.40,4274
0.40,4273
0.41,4272
0.41,4271
0.41,4270
0.41,4269
0.41,4268
0.41,4267
0.41,4266
0.41,4265
0.41,4264
0.41,4263
0.41,4262
0.41,4261
0.42,4260
0.42,4259
0.42,4258
0.42,4257
0.42,4256
0.42,4255
0.42,4254
0.42,4253
0.42,4252
0.42,4251
0.42,4250
0.42,4249
0.42,4248
0.42,4247
0.42,4246
0.42,4245
0.44,4244
0.44,4243
0.44,4242
0.44,4241
0.44,4240
0.44,4239
0.44,4238
0.45,4237
0.45,4236
0.45,4235
0.45,4234
0.45,4233
0.45,4232
0.45,4231
0.45,4230
0.45,4229
0.45,4228
0.45,4227
0.45,4226
0.45,4225
0.45,4224
0.45,4223
0.45,4222
0.46,4221
0.46,4220
0.47,4219
0.48,4218
0.48,4217
0.48,4216
0.49,4215
0.49,4214
0.49,4213
0.49,4212
0.49,4211
0.49,4210
0.49,4209
0.49,4208
0.49,4207
0.49,4206
0.49,4205
0.49,4204
0.49,4203
0.49,4202
0.49,4201
0.49,4200
0.49,4199
0.49,4198
0.50,4197
0.50,4196
0.50,4195
0.50,4194
0.50,4193
0.50,4192
0.50,4191
0.50,4190
0.50,4189
0.50,4188
0.50,4187
0.50,4186
0.50,4185
0.50,4184
0.51,4183
0.51,4182
0.51,4181
0.51,4180
0.51,4179
0.51,4178
0.51,4177
0.51,4176
0.51,4175
0.51,4174
0.51,4173
0.51,4172
0.52,4171
0.52,4170
0.52,4169
0.52,4168
0.52,4167
0.52,4166
0.52,4165
0.52,4164
0.52,4163
0.52,4162
0.52,4161
0.52,4160
0.52,4159
0.52,4158
0.52,4157
0.52,4156
0.52,4155
0.53,4154
0.53,4153
0.53,4152
0.53,4151
0.53,4150
0.53,4149
0.53,4148
0.53,4147
0.53,4146
0.53,4145
0.54,4144
0.54,4143
0.54,4142
0.54,4141
0.54,4140
0.54,4139
0.55,4138
0.55,4137
0.55,4136
0.56,4135
0.56,4134
0.56,4133
0.56,4132
0.57,4131
0.57,4130
0.57,4129
0.57,4128
0.57,4127
0.57,4126
0.57,4125
0.57,4124
0.57,4123
0.57,4122
0.57,4121
0.57,4120
0.58,4119
0.58,4118
0.58,4117
0.58,4116
0.58,4115
0.58,4114
0.58,4113
0.58,4112
0.58,4111
0.58,4110
0.58,4109
0.60,4108
0.61,4107
0.61,4106
0.61,4105
0.61,4104
0.62,4103
0.62,4102
0.62,4101
0.62,4100
0.62,4099
0.62,4098
0.62,4097
0.62,4096
0.62,4095
0.62,4094
0.62,4093
0.62,4092
0.62,4091
0.62,4090
0.63,4089
0.63,4088
0.63,4087
0.63,4086
0.63,4085
0.63,4084
0.63,4083
0.63,4082
0.63,4081
0.64,4080
0.64,4079
0.64,4078
0.64,4077
0.64,4076
0.64,4075
0.64,4074
0.64,4073
0.65,4072
0.65,4071
0.66,4070
0.66,4069
0.66,4068
0.66,4067
0.66,4066
0.66,4065
0.66,4064
0.66,4063
0.66,4062
0.67,4061
0.67,4060
0.67,4059
0.67,4058
0.67,4057
0.67,4056
0.67,4055
0.67,4054
0.67,4053
0.67,4052
0.67,4051
0.67,4050
0.67,4049
0.67,4048
0.67,4047
0.67,4046
0.67,4045
0.67,4044
0.67,4043
0.67,4042
0.68,4041
0.68,4040
0.68,4039
0.68,4038
0.68,4037
0.68,4036
0.68,4035
0.68,4034
0.69,4033
0.70,4032
0.70,4031
0.71,4030
0.71,4029
0.71,4028
0.71,4027
0.77,4026
0.77,4025
0.77,4024
0.77,4023
0.78,4022
0.78,4021
0.82,4020
0.82,4019
0.82,4018
0.82,4017
0.82,4016
0.82,4015
0.83,4014
0.85,4013
0.85,4012
0.85,4011
0.86,4010
0.86,4009
0.86,4008
0.87,4007
0.87,4006
0.87,4005
0.87,4004
0.88,4003
0.88,4002
0.89,4001
0.89,4000
0.89,3999
0.89,3998
0.89,3997
0.90,3996
0.90,3995
0.90,3994
0.90,3993
0.90,3992
0.91,3991
0.91,3990
0.91,3989
0.91,3988
0.92,3987
0.93,3986
0.93,3985
0.93,3984
0.93,3983
0.93,3982
0.93,3981
0.93,3980
0.93,3979
0.95,3978
0.95,3977
0.95,3976
0.95,3975
0.95,3974
1.01,3973
1.02,3972
1.02,3971
1.02,3970
1.02,3969
1.02,3968
1.03,3967
1.03,3966
1.03,3965
1.03,3964
1.04,3963
1.04,3962
1.04,3961
1.04,3960
1.04,3959
1.06,3958
1.06,3957
1.07,3956
1.08,3955
1.08,3954
1.08,3953
1.08,3952
1.08,3951
1.08,3950
1.08,3949
1.08,3948
1.08,3947
1.08,3946
1.08,3945
1.09,3944
1.09,3943
1.10,3942
1.10,3941
1.10,3940
1.10,3939
1.10,3938
1.10,3937
1.11,3936
1.11,3935
1.11,3934
1.11,3933
1.12,3932
1.12,3931
1.13,3930
1.14,3929
1.14,3928
1.16,3927
1.16,3926
1.16,3925
1.16,3924
1.16,3923
1.17,3922
1.17,3921
1.17,3920
1.17,3919
1.17,3918
1.17,3917
1.22,3916
1.22,3915
1.25,3914
1.25,3913
1.25,3912
1.25,3911
1.25,3910
1.25,3909
1.25,3908
1.25,3907
1.25,3906
1.25,3905
1.25,3904
1.25,3903
1.25,3902
1.25,3901
1.25,3900
1.29,3899
1.30,3898
1.30,3897
1.30,3896
1.30,3895
1.30,3894
1.30,3893
1.31,3892
1.32,3891
1.35,3890
1.35,3889
1.38,3888
1.38,3887
1.38,3886
1.39,3885
1.39,3884
1.39,3883
1.39,3882
1.39,3881
1.43,3880
1.43,3879
1.43,3878
1.43,3877
1.43,3876
1.43,3875
1.43,3874
1.43,3873
1.43,3872
1.43,3871
1.44,3870
1.44,3869
1.44,3868
1.45,3867
1.45,3866
1.46,3865
1.46,3864
1.48,3863
1.49,3862
1.49,3861
1.49,3860
1.49,3859
1.49,3858
1.49,3857
1.49,3856
1.49,3855
1.50,3854
1.50,3853
1.50,3852
1.50,3851
1.51,3850
1.51,3849
1.52,3848
1.52,3847
1.52,3846
1.52,3845
1.52,3844
1.53,3843
1.53,3842
1.53,3841
1.53,3840
1.53,3839
1.53,3838
1.53,3837
1.53,3836
1.53,3835
1.57,3834
1.57,3833
1.57,3832
1.57,3831
1.57,3830
1.57,3829
1.57,3828
1.57,3827
1.58,3826
1.58,3825
1.58,3824
1.58,3823
1.58,3822
1.58,3821
1.58,3820
1.60,3819
1.60,3818
1.60,3817
1.60,3816
1.60,3815
1.60,3814
1.60,3813
1.60,3812
1.60,3811
1.60,3810
1.61,3809
1.61,3808
1.61,3807
2.22,3806
2.23,3805
2.23,3804
2.23,3803
2.23,3802
2.23,3801
2.23,3800
2.23,3799
2.24,3798
2.24,3797
2.24,3796
2.24,3795
2.25,3794
2.25,3793
2.25,3792
2.25,3791
2.25,3790
2.25,3789
2.25,3788
2.25,3787
2.27,3786
2.27,3785
2.28,3784
2.28,3783
2.28,3782
2.28,3781
2.28,3780
2.28,3779
2.31,3778
2.31,3777
2.31,3776
2.31,3775
2.31,3774
2.32,3773
2.32,3772
2.32,3771
2.32,3770
2.83,3769
2.83,3768
2.83,3767
2.83,3766
2.83,3765
2.83,3764
2.83,3763
2.83,3762
2.83,3761
2.84,3760
2.84,3759
2.99,3758
2.99,3757
2.99,3756
3.00,3755
3.04,3754
3.06,3753
3.07,3752
3.08,3751
3.08,3750
3.08,3749
3.08,3748
3.08,3747
3.09,3746
3.09,3745
3.09,3744
3.10,3743
3.14,3742
3.15,3741
3.18,3740
3.18,3739
3.19,3738
3.20,3737
3.20,3736
3.26,3735
3.26,3734
3.27,3733
3.27,3732
3.27,3731
3.29,3730
3.29,3729
3.33,3728
3.33,3727
3.33,3726
3.35,3725
3.35,3724
3.35,3723
3.35,3722
3.35,3721
3.35,3720
3.35,3719
3.35,3718
3.35,3717
3.36,3716
3.37,3715
3.58,3714
3.58,3713
3.58,3712
3.58,3711
3.58,3710
3.58,3709
3.58,3708
3.58,3707
3.59,3706
3.60,3705
3.60,3704
3.60,3703
3.60,3702
3.63,3701
3.63,3700
3.66,3699
3.66,3698
3.72,3697
3.72,3696
3.72,3695
3.73,3694
3.73,3693
3.73,3692
3.73,3691
3.73,3690
3.73,3689
3.73,3688
3.73,3687
3.73,3686
3.73,3685
3.73,3684
3.74,3683
3.74,3682
3.74,3681
3.74,3680
3.74,3679
3.82,3678
3.83,3677
3.83,3676
3.83,3675
3.83,3674
3.84,3673
3.84,3672
3.84,3671
3.84,3670
3.84,3669
3.84,3668
3.84,3667
3.93,3666
3.93,3665
3.94,3664
3.94,3663
3.94,3662
3.94,3661
3.94,3660
3.99,3659
3.99,3658
3.99,3657
4.02,3656
4.03,3655
4.03,3654
4.03,3653
4.03,3652
4.03,3651
4.04,3650
4.04,3649
4.04,3648
4.04,3647
4.04,3646
5.44,3645
5.45,3644
5.45,3643
5.46,3642
6.12,3641
6.13,3640
6.16,3639
6.16,3638
6.17,3637
6.17,3636
6.17,3635
6.21,3634
6.21,3633
6.22,3632
6.32,3631
6.33,3630
6.33,3629
6.33,3628
6.34,3627
6.34,3626
6.34,3625
6.34,3624
6.35,3623
6.35,3622
6.35,3621
6.35,3620
10.70,3619
10.70,3618
10.70,3617
10.71,3616
10.71,3615
10.71,3614
10.71,3613
10.79,3612
10.79,3611
13.08,3610
13.14,3609
13.16,3608
13.16,3607
13.18,3606
13.18,3605
13.18,3604
13.18,3603
13.19,3602
13.19,3601
13.19,3600
13.20,3599
13.21,3598
13.21,3597
13.21,3596
13.21,3595
13.22,3594
13.22,3593
13.22,3592
13.22,3591
13.23,3590
13.23,3589
13.23,3588
13.23,3587
13.23,3586
13.67,3585
13.67,3584
13.67,3583
13.72,3582
13.72,3581
13.72,3580
13.74,3579
13.74,3578
13.74,3577
13.74,3576
13.74,3575
13.74,3574
13.75,3573
13.85,3572
13.85,3571
13.86,3570
13.92,3569
13.92,3568
13.92,3567
13.92,3566
13.92,3565
13.92,3564
13.92,3563
13.92,3562
13.92,3561
13.92,3560
14.96,3559
14.97,3558
14.98,3557
15.03,3556
15.04,3555
15.04,3554
15.04,3553
15.04,3552
15.04,3551
15.04,3550
15.04,3549
15.05,3548
15.05,3547
15.05,3546
15.05,3545
15.05,3544
15.06,3543
15.06,3542
15.06,3541
15.06,3540
15.06,3539
15.06,3538
15.07,3537
15.07,3536
15.07,3535
15.07,3534
15.07,3533
15.08,3532
15.08,3531
15.08,3530
15.08,3529
15.08,3528
15.08,3527
15.08,3526
15.11,3525
15.11,3524
15.11,3523
15.12,3522
15.12,3521
15.12,3520
15.13,3519
15.13,3518
15.13,3517
15.13,3516
15.13,3515
15.34,3514
15.34,3513
15.34,3512
15.34,3511
15.34,3510
15.53,3509
15.57,3508
15.57,3507
15.57,3506
15.57,3505
15.58,3504
15.59,3503
15.59,3502
15.59,3501
15.59,3500
15.59,3499
15.59,3498
15.59,3497
15.60,3496
15.61,3495
15.61,3494
15.61,3493
15.61,3492
15.61,3491
15.61,3490
15.63,3489
15.63,3488
15.63,3487
15.63,3486
15.63,3485
15.63,3484
15.63,3483
15.63,3482
15.64,3481
15.64,3480
15.64,3479
15.64,3478
15.68,3477
15.68,3476
15.68,3475
15.68,3474
15.68,3473
15.68,3472
15.69,3471
15.69,3470
15.69,3469
15.69,3468
15.69,3467
15.75,3466
15.75,3465
15.75,3464
15.76,3463
15.76,3462
15.76,3461
15.76,3460
15.90,3459
15.90,3458
15.91,3457
15.93,3456
15.93,3455
15.93,3454
15.93,3453
15.93,3452
15.94,3451
15.94,3450
15.95,3449
15.96,3448
15.99,3447
15.99,3446
15.99,3445
15.99,3444
15.99,3443
16.00,3442
16.00,3441
16.01,3440
16.01,3439
16.01,3438
16.01,3437
16.01,3436
16.01,3435
16.01,3434
16.02,3433
16.02,3432
16.02,3431
16.02,3430
16.02,3429
16.02,3428
16.02,3427
16.10,3426
16.16,3425
16.16,3424
16.16,3423
16.16,3422
16.16,3421
16.16,3420
16.16,3419
16.92,3418
16.92,3417
16.93,3416
16.93,3415
16.93,3414
16.93,3413
16.93,3412
16.94,3411
16.94,3410
16.95,3409
16.95,3408
16.95,3407
16.95,3406
17.08,3405
17.08,3404
17.08,3403
17.08,3402
17.08,3401
17.08,3400
17.08,3399
17.08,3398
17.08,3397
17.13,3396
17.13,3395
17.13,3394
17.13,3393
17.13,3392
17.13,3391
17.14,3390
17.14,3389
17.14,3388
17.14,3387
17.18,3386
17.18,3385
17.18,3384
17.18,3383
17.18,3382
17.18,3381
17.18,3380
17.19,3379
17.19,3378
17.19,3377
17.19,3376
17.19,3375
17.45,3374
17.45,3373
17.45,3372
17.45,3371
17.45,3370
17.46,3369
17.46,3368
17.47,3367
17.47,3366
17.80,3365
17.80,3364
17.80,3363
17.80,3362
17.81,3361
17.81,3360
17.82,3359
17.82,3358
17.90,3357
17.95,3356
17.95,3355
17.95,3354
17.95,3353
17.98,3352
17.98,3351
17.98,3350
17.98,3349
17.98,3348
17.99,3347
18.10,3346
18.10,3345
18.12,3344
18.12,3343
18.12,3342
18.12,3341
18.12,3340
18.12,3339
18.13,3338
18.16,3337
18.16,3336
18.16,3335
18.16,3334
18.16,3333
18.17,3332
18.17,3331
18.17,3330
18.18,3329
18.19,3328
18.19,3327
18.20,3326
18.20,3325
18.20,3324
18.22,3323
18.30,3322
18.30,3321
18.30,3320
18.30,3319
18.30,3318
18.58,3317
18.58,3316
18.59,3315
18.59,3314
18.59,3313
18.64,3312
18.64,3311
18.64,3310
18.64,3309
18.64,3308
18.64,3307
18.64,3306
18.64,3305
18.64,3304
18.64,3303
18.65,3302
18.66,3301
18.66,3300
18.71,3299
18.71,3298
18.71,3297
18.72,3296
18.72,3295
18.72,3294
18.72,3293
18.72,3292
18.74,3291
18.75,3290
18.77,3289
18.77,3288
18.77,3287
18.79,3286
18.80,3285
18.82,3284
18.83,3283
18.84,3282
18.84,3281
18.84,3280
18.86,3279
18.86,3278
18.87,3277
18.87,3276
18.87,3275
18.87,3274
18.87,3273
18.88,3272
18.88,3271
18.88,3270
18.88,3269
18.88,3268
18.88,3267
18.90,3266
18.91,3265
18.91,3264
18.91,3263
18.91,3262
18.91,3261
18.91,3260
18.91,3259
18.91,3258
18.92,3257
18.92,3256
18.93,3255
18.93,3254
18.94,3253
18.94,3252
18.95,3251
18.95,3250
19.32,3249
19.32,3248
19.32,3247
19.33,3246
19.33,3245
19.33,3244
19.33,3243
19.33,3242
19.34,3241
19.36,3240
19.36,3239
19.37,3238
19.37,3237
19.37,3236
19.38,3235
19.38,3234
19.38,3233
19.38,3232
19.38,3231
19.38,3230
19.38,3229
19.38,3228
19.38,3227
19.38,3226
19.38,3225
19.39,3224
19.39,3223
19.39,3222
19.39,3221
19.39,3220
19.40,3219
19.43,3218
19.43,3217
19.43,3216
19.43,3215
19.44,3214
19.44,3213
19.51,3212
19.51,3211
19.51,3210
19.51,3209
19.51,3208
19.59,3207
19.59,3206
19.59,3205
19.63,3204
19.63,3203
19.64,3202
19.65,3201
19.65,3200
19.65,3199
19.65,3198
19.70,3197
19.71,3196
19.71,3195
19.71,3194
19.71,3193
19.71,3192
19.71,3191
19.72,3190
19.72,3189
19.72,3188
19.74,3187
19.76,3186
19.76,3185
19.76,3184
19.76,3183
19.81,3182
19.81,3181
19.81,3180
19.82,3179
20.06,3178
20.06,3177
20.06,3176
20.12,3175
20.12,3174
20.12,3173
20.12,3172
20.12,3171
20.12,3170
20.12,3169
20.12,3168
20.12,3167
20.14,3166
20.14,3165
20.14,3164
20.15,3163
20.15,3162
20.15,3161
20.15,3160
20.15,3159
20.15,3158
20.15,3157
20.15,3156
20.23,3155
20.26,3154
20.26,3153
20.26,3152
20.26,3151
20.26,3150
20.26,3149
20.26,3148
20.26,3147
20.26,3146
20.27,3145
20.27,3144
20.28,3143
20.29,3142
20.29,3141
20.29,3140
20.29,3139
20.29,3138
20.29,3137
20.29,3136
20.30,3135
20.30,3134
20.79,3133
20.79,3132
20.79,3131
20.79,3130
20.91,3129
20.91,3128
20.91,3127
20.91,3126
20.91,3125
20.91,3124
20.91,3123
20.92,3122
20.92,3121
20.92,3120
20.93,3119
20.93,3118
20.94,3117
20.94,3116
20.94,3115
20.94,3114
20.94,3113
20.98,3112
21.18,3111
21.19,3110
21.21,3109
21.21,3108
21.21,3107
21.22,3106
21.22,3105
21.22,3104
21.23,3103
21.23,3102
21.23,3101
21.23,3100
21.24,3099
21.24,3098
21.24,3097
21.24,3096
21.28,3095
21.28,3094
21.28,3093
21.29,3092
21.32,3091
21.32,3090
21.32,3089
21.32,3088
21.32,3087
21.32,3086
21.32,3085
21.34,3084
21.37,3083
21.42,3082
21.45,3081
21.45,3080
21.45,3079
21.46,3078
21.46,3077
21.46,3076
21.46,3075
21.46,3074
21.46,3073
21.46,3072
21.47,3071
21.47,3070
21.47,3069
21.47,3068
21.47,3067
21.51,3066
21.51,3065
21.51,3064
21.53,3063
21.54,3062
21.54,3061
21.54,3060
21.54,3059
21.56,3058
21.56,3057
21.56,3056
21.56,3055
21.56,3054
21.56,3053
21.59,3052
21.59,3051
21.59,3050
21.59,3049
21.61,3048
21.61,3047
21.61,3046
21.62,3045
21.63,3044
21.63,3043
21.63,3042
21.64,3041
21.64,3040
21.64,3039
21.64,3038
21.66,3037
21.66,3036
21.67,3035
21.67,3034
21.67,3033
21.71,3032
21.71,3031
21.86,3030
21.86,3029
21.86,3028
21.86,3027
21.86,3026
21.86,3025
21.86,3024
21.86,3023
21.87,3022
21.87,3021
21.87,3020
21.88,3019
21.90,3018
21.90,3017
21.90,3016
21.90,3015
21.90,3014
21.90,3013
21.90,3012
21.90,3011
21.90,3010
21.91,3009
21.91,3008
21.91,3007
21.92,3006
21.93,3005
21.93,3004
21.93,3003
21.93,3002
21.93,3001
21.95,3000
21.95,2999
22.37,2998
22.39,2997
22.39,2996
22.40,2995
22.40,2994
22.40,2993
22.40,2992
22.41,2991
22.41,2990
22.42,2989
22.57,2988
22.59,2987
22.59,2986
22.59,2985
22.59,2984
22.59,2983
22.59,2982
22.59,2981
22.59,2980
22.59,2979
22.63,2978
22.63,2977
22.63,2976
22.63,2975
22.63,2974
22.63,2973
22.63,2972
22.63,2971
22.63,2970
22.64,2969
22.64,2968
22.65,2967
22.65,2966
22.68,2965
22.69,2964
22.69,2963
22.72,2962
22.72,2961
22.72,2960
22.72,2959
22.73,2958
22.73,2957
22.74,2956
22.74,2955
22.74,2954
22.76,2953
22.76,2952
22.76,2951
22.76,2950
22.76,2949
22.77,2948
22.83,2947
22.83,2946
22.88,2945
22.88,2944
22.88,2943
23.26,2942
23.28,2941
23.28,2940
23.29,2939
23.29,2938
23.40,2937
23.40,2936
23.40,2935
23.40,2934
23.40,2933
23.40,2932
23.40,2931
23.41,2930
23.41,2929
23.41,2928
23.45,2927
23.47,2926
23.47,2925
23.47,2924
23.47,2923
23.48,2922
23.48,2921
23.49,2920
23.49,2919
23.49,2918
23.49,2917
23.50,2916
23.50,2915
23.52,2914
23.52,2913
23.53,2912
23.53,2911
23.54,2910
23.54,2909
23.54,2908
23.54,2907
23.55,2906
23.55,2905
23.55,2904
23.57,2903
23.58,2902
23.58,2901
23.58,2900
23.58,2899
23.58,2898
23.59,2897
23.59,2896
23.60,2895
23.60,2894
23.61,2893
23.62,2892
23.62,2891
23.62,2890
23.63,2889
23.63,2888
23.63,2887
23.64,2886
23.64,2885
23.64,2884
23.65,2883
23.67,2882
23.68,2881
23.68,2880
23.68,2879
23.68,2878
23.68,2877
23.68,2876
23.69,2875
23.69,2874
23.69,2873
23.70,2872
23.70,2871
23.70,2870
23.70,2869
23.88,2868
23.90,2867
23.90,2866
23.91,2865
23.91,2864
23.91,2863
23.91,2862
23.92,2861
23.92,2860
23.93,2859
23.93,2858
23.93,2857
23.93,2856
23.93,2855
23.95,2854
23.95,2853
23.95,2852
23.95,2851
23.96,2850
23.96,2849
23.96,2848
23.96,2847
24.00,2846
24.00,2845
24.00,2844
24.00,2843
24.02,2842
24.05,2841
24.05,2840
24.05,2839
24.05,2838
24.18,2837
24.18,2836
24.23,2835
24.24,2834
24.24,2833
24.24,2832
24.32,2831
24.32,2830
24.33,2829
24.44,2828
24.44,2827
24.44,2826
24.44,2825
24.44,2824
24.44,2823
24.44,2822
24.46,2821
24.46,2820
24.47,2819
24.51,2818
24.51,2817
24.51,2816
24.51,2815
24.51,2814
24.51,2813
24.51,2812
24.51,2811
24.56,2810
24.58,2809
24.59,2808
24.59,2807
24.59,2806
24.60,2805
24.60,2804
24.60,2803
24.61,2802
24.63,2801
24.64,2800
24.64,2799
24.64,2798
24.64,2797
24.64,2796
24.65,2795
24.66,2794
24.66,2793
24.66,2792
24.66,2791
24.66,2790
24.66,2789
24.67,2788
24.67,2787
24.67,2786
24.67,2785
24.67,2784
24.68,2783
24.69,2782
24.69,2781
24.69,2780
24.69,2779
24.70,2778
24.70,2777
24.71,2776
24.71,2775
24.71,2774
24.72,2773
24.72,2772
24.72,2771
24.73,2770
24.99,2769
25.00,2768
25.35,2767
25.35,2766
25.35,2765
25.35,2764
25.35,2763
25.35,2762
25.46,2761
25.48,2760
25.48,2759
25.48,2758
25.48,2757
25.48,2756
25.49,2755
25.49,2754
25.49,2753
25.50,2752
25.50,2751
25.50,2750
25.50,2749
25.51,2748
25.51,2747
25.61,2746
25.61,2745
25.62,2744
25.62,2743
25.62,2742
25.62,2741
25.63,2740
25.63,2739
25.63,2738
25.63,2737
25.64,2736
25.64,2735
25.65,2734
25.65,2733
25.69,2732
25.69,2731
25.69,2730
25.70,2729
25.70,2728
25.70,2727
25.70,2726
25.70,2725
25.91,2724
25.91,2723
25.91,2722
25.95,2721
25.95,2720
25.95,2719
25.95,2718
25.95,2717
25.95,2716
25.96,2715
25.96,2714
25.96,2713
25.96,2712
25.98,2711
26.01,2710
26.01,2709
26.01,2708
26.02,2707
26.02,2706
26.02,2705
26.02,2704
26.07,2703
26.10,2702
26.10,2701
26.14,2700
26.14,2699
26.15,2698
26.15,2697
26.15,2696
26.15,2695
26.15,2694
26.15,2693
26.15,2692
26.16,2691
26.18,2690
26.18,2689
26.18,2688
26.18,2687
26.18,2686
26.21,2685
26.23,2684
26.23,2683
26.23,2682
26.24,2681
26.36,2680
26.36,2679
26.36,2678
26.38,2677
26.38,2676
26.39,2675
26.39,2674
26.40,2673
26.44,2672
26.44,2671
26.44,2670
26.44,2669
26.44,2668
26.44,2667
26.44,2666
26.44,2665
26.44,2664
27.19,2663
27.19,2662
27.20,2661
27.21,2660
27.22,2659
27.23,2658
27.23,2657
27.23,2656
27.25,2655
27.25,2654
27.25,2653
27.25,2652
27.29,2651
27.29,2650
27.29,2649
27.29,2648
27.39,2647
27.39,2646
27.39,2645
27.39,2644
27.39,2643
27.39,2642
27.41,2641
27.41,2640
27.41,2639
27.41,2638
27.41,2637
27.42,2636
27.43,2635
27.43,2634
27.44,2633
27.44,2632
27.59,2631
27.59,2630
27.62,2629
27.63,2628
27.63,2627
27.64,2626
27.64,2625
27.64,2624
27.78,2623
27.78,2622
27.80,2621
27.81,2620
27.81,2619
27.81,2618
27.81,2617
27.81,2616
27.82,2615
27.82,2614
27.82,2613
27.82,2612
27.83,2611
27.83,2610
27.83,2609
27.84,2608
27.84,2607
27.89,2606
27.89,2605
27.89,2604
28.04,2603
28.05,2602
28.05,2601
28.06,2600
28.06,2599
28.06,2598
28.06,2597
28.07,2596
28.07,2595
28.13,2594
28.13,2593
28.13,2592
28.13,2591
28.14,2590
28.14,2589
28.14,2588
28.30,2587
28.30,2586
28.30,2585
28.30,2584
28.34,2583
28.34,2582
28.35,2581
28.35,2580
28.36,2579
28.37,2578
28.37,2577
28.37,2576
28.37,2575
28.37,2574
28.58,2573
28.59,2572
28.59,2571
28.59,2570
28.59,2569
28.61,2568
28.61,2567
28.61,2566
28.73,2565
28.73,2564
28.90,2563
28.90,2562
28.90,2561
28.90,2560
28.95,2559
28.95,2558
28.96,2557
28.96,2556
28.96,2555
28.96,2554
28.98,2553
28.99,2552
28.99,2551
29.12,2550
29.26,2549
29.26,2548
29.26,2547
29.26,2546
29.32,2545
29.32,2544
29.33,2543
29.33,2542
29.33,2541
29.57,2540
29.57,2539
29.57,2538
29.58,2537
29.58,2536
29.60,2535
29.61,2534
29.62,2533
29.62,2532
29.62,2531
29.65,2530
29.66,2529
29.66,2528
29.66,2527
29.67,2526
29.67,2525
29.67,2524
29.67,2523
29.75,2522
29.75,2521
29.76,2520
29.76,2519
29.78,2518
29.78,2517
29.80,2516
29.81,2515
29.83,2514
29.94,2513
29.94,2512
29.96,2511
29.96,2510
29.96,2509
29.97,2508
30.02,2507
30.02,2506
30.02,2505
30.02,2504
30.03,2503
30.04,2502
30.04,2501
30.05,2500
30.06,2499
30.06,2498
30.09,2497
30.09,2496
30.09,2495
30.10,2494
30.12,2493
30.12,2492
30.13,2491
30.14,2490
30.14,2489
30.14,2488
30.14,2487
31.48,2486
31.48,2485
31.48,2484
31.48,2483
31.48,2482
31.48,2481
31.49,2480
31.49,2479
31.49,2478
31.51,2477
31.55,2476
31.56,2475
32.06,2474
32.10,2473
33.31,2472
33.32,2471
33.33,2470
33.33,2469
33.33,2468
33.33,2467
33.33,2466
33.33,2465
33.35,2464
33.35,2463
33.35,2462
33.35,2461
33.36,2460
33.40,2459
33.43,2458
33.43,2457
33.44,2456
33.44,2455
33.50,2454
33.52,2453
33.57,2452
33.57,2451
33.58,2450
33.58,2449
33.59,2448
33.60,2447
33.60,2446
33.61,2445
33.62,2444
33.62,2443
33.68,2442
33.71,2441
33.71,2440
33.72,2439
33.75,2438
34.73,2437
34.73,2436
34.73,2435
34.80,2434
34.87,2433
35.18,2432
35.18,2431
35.19,2430
35.19,2429
35.20,2428
35.20,2427
35.22,2426
35.22,2425
35.66,2424
35.67,2423
35.67,2422
35.67,2421
35.67,2420
35.67,2419
35.75,2418
35.88,2417
35.90,2416
35.90,2415
36.07,2414
36.52,2413
36.52,2412
36.58,2411
36.60,2410
36.68,2409
36.68,2408
36.82,2407
36.86,2406
36.94,2405
36.95,2404
36.95,2403
36.96,2402
36.99,2401
37.04,2400
37.13,2399
37.14,2398
37.36,2397
37.38,2396
37.45,2395
37.46,2394
37.53,2393
38.04,2392
38.59,2391
38.62,2390
38.62,2389
38.62,2388
38.90,2387
38.90,2386
39.01,2385
39.01,2384
39.04,2383
39.04,2382
39.04,2381
39.07,2380
39.11,2379
39.11,2378
39.13,2377
39.19,2376
39.26,2375
39.28,2374
39.41,2373
42.33,2372
42.36,2371
42.38,2370
42.38,2369
42.38,2368
42.40,2367
42.41,2366
42.69,2365
42.69,2364
42.92,2363
42.93,2362
42.94,2361
42.94,2360
43.00,2359
43.02,2358
43.02,2357
43.02,2356
43.03,2355
43.03,2354
43.05,2353
43.05,2352
43.07,2351
43.07,2350
45.49,2349
45.49,2348
48.68,2347
48.69,2346
48.71,2345
49.77,2344
49.79,2343
49.80,2342
49.80,2341
50.00,2340
50.06,2339
50.23,2338
50.23,2337
50.23,2336
50.58,2335
50.71,2334
51.34,2333
51.36,2332
51.37,2331
51.42,2330
51.44,2329
51.48,2328
51.50,2327
59.83,2326
59.85,2325
59.96,2324
59.98,2323
59.98,2322
60.01,2321
60.39,2320
60.40,2319
60.42,2318
68.00,2317
68.01,2316
68.15,2315
68.46,2314
68.47,2313
68.52,2312
68.52,2311
68.53,2310
78.54,2309
78.63,2308
78.75,2307
81.73,2306
81.74,2305
101.83,2304
102.37,2303
112.27,2302
123.28,2301
123.73,2300
128.14,2299
130.41,2298
150.25,2297
161.68,2296
188.35,2295
191.40,2294
206.13,2293
225.65,2292
268.60,2291
277.15,2290
302.16,2289
318.00,2288
514.14,2287
544.22,2286
545.24,2285
