0.08,4940
0.08,4939
0.08,4938
0.08,4937
0.08,4936
0.08,4935
0.08,4934
0.08,4933
0.08,4932
0.08,4931
0.08,4930
0.08,4929
0.08,4928
0.08,4927
0.08,4926
0.08,4925
0.08,4924
0.08,4923
0.08,4922
0.08,4921
0.08,4920
0.08,4919
0.08,4918
0.08,4917
0.08,4916
0.08,4915
0.08,4914
0.08,4913
0.08,4912
0.08,4911
0.08,4910
0.08,4909
0.08,4908
0.08,4907
0.08,4906
0.08,4905
0.08,4904
0.08,4903
0.09,4902
0.09,4901
0.09,4900
0.09,4899
0.09,4898
0.09,4897
0.09,4896
0.09,4895
0.09,4894
0.09,4893
0.09,4892
0.09,4891
0.09,4890
0.09,4889
0.09,4888
0.09,4887
0.09,4886
0.09,4885
0.09,4884
0.09,4883
0.09,4882
0.09,4881
0.09,4880
0.09,4879
0.09,4878
0.09,4877
0.09,4876
0.10,4875
0.10,4874
0.10,4873
0.10,4872
0.10,4871
0.10,4870
0.10,4869
0.10,4868
0.10,4867
0.10,4866
0.10,4865
0.10,4864
0.10,4863
0.10,4862
0.10,4861
0.10,4860
0.10,4859
0.10,4858
0.10,4857
0.10,4856
0.10,4855
0.10,4854
0.10,4853
0.10,4852
0.10,4851
0.10,4850
0.10,4849
0.10,4848
0.10,4847
0.10,4846
0.10,4845
0.10,4844
0.10,4843
0.11,4842
0.11,4841
0.11,4840
0.11,4839
0.11,4838
0.11,4837
0.11,4836
0.11,4835
0.11,4834
0.11,4833
0.11,4832
0.11,4831
0.11,4830
0.11,4829
0.11,4828
0.11,4827
0.11,4826
0.11,4825
0.11,4824
0.11,4823
0.11,4822
0.11,4821
0.11,4820
0.11,4819
0.11,4818
0.11,4817
0.11,4816
0.11,4815
0.11,4814
0.11,4813
0.11,4812
0.11,4811
0.11,4810
0.11,4809
0.11,4808
0.12,4807
0.12,4806
0.12,4805
0.12,4804
0.12,4803
0.12,4802
0.12,4801
0.12,4800
0.12,4799
0.12,4798
0.12,4797
0.12,4796
0.12,4795
0.12,4794
0.12,4793
0.12,4792
0.12,4791
0.12,4790
0.12,4789
0.12,4788
0.12,4787
0.12,4786
0.12,4785
0.12,4784
0.12,4783
0.12,4782
0.12,4781
0.12,4780
0.12,4779
0.12,4778
0.12,4777
0.12,4776
0.12,4775
0.12,4774
0.12,4773
0.12,4772
0.12,4771
0.12,4770
0.13,4769
0.13,4768
0.13,4767
0.13,4766
0.13,4765
0.13,4764
0.13,4763
0.13,4762
0.13,4761
0.13,4760
0.13,4759
0.13,4758
0.13,4757
0.13,4756
0.13,4755
0.13,4754
0.13,4753
0.13,4752
0.13,4751
0.13,4750
0.13,4749
0.13,4748
0.13,4747
0.13,4746
0.13,4745
0.13,4744
0.13,4743
0.13,4742
0.13,4741
0.13,4740
0.13,4739
0.13,4738
0.13,4737
0.13,4736
0.13,4735
0.13,4734
0.13,4733
0.13,4732
0.13,4731
0.13,4730
0.13,4729
0.13,4728
0.14,4727
0.14,4726
0.14,4725
0.14,4724
0.14,4723
0.14,4722
0.14,4721
0.14,4720
0.14,4719
0.14,4718
0.14,4717
0.14,4716
0.14,4715
0.14,4714
0.14,4713
0.14,4712
0.14,4711
0.14,4710
0.14,4709
0.14,4708
0.14,4707
0.14,4706
0.14,4705
0.14,4704
0.14,4703
0.14,4702
0.14,4701
0.14,4700
0.14,4699
0.14,4698
0.14,4697
0.14,4696
0.14,4695
0.14,4694
0.14,4693
0.14,4692
0.15,4691
0.15,4690
0.15,4689
0.15,4688
0.15,4687
0.15,4686
0.15,4685
0.15,4684
0.15,4683
0.15,4682
0.15,4681
0.15,4680
0.15,4679
0.15,4678
0.15,4677
0.15,4676
0.15,4675
0.15,4674
0.15,4673
0.15,4672
0.15,4671
0.15,4670
0.15,4669
0.15,4668
0.15,4667
0.15,4666
0.15,4665
0.15,4664
0.15,4663
0.15,4662
0.16,4661
0.16,4660
0.16,4659
0.16,4658
0.16,4657
0.16,4656
0.16,4655
0.16,4654
0.16,4653
0.16,4652
0.16,4651
0.16,4650
0.16,4649
0.16,4648
0.16,4647
0.16,4646
0.16,4645
0.16,4644
0.16,4643
0.16,4642
0.16,4641
0.16,4640
0.16,4639
0.16,4638
0.16,4637
0.16,4636
0.17,4635
0.17,4634
0.17,4633
0.17,4632
0.17,4631
0.17,4630
0.17,4629
0.17,4628
0.17,4627
0.17,4626
0.17,4625
0.17,4624
0.17,4623
0.17,4622
0.17,4621
0.17,4620
0.17,4619
0.17,4618
0.17,4617
0.17,4616
0.17,4615
0.17,4614
0.17,4613
0.17,4612
0.17,4611
0.17,4610
0.17,4609
0.17,4608
0.17,4607
0.17,4606
0.17,4605
0.17,4604
0.17,4603
0.17,4602
0.18,4601
0.18,4600
0.18,4599
0.18,4598
0.18,4597
0.18,4596
0.18,4595
0.18,4594
0.18,4593
0.18,4592
0.18,4591
0.18,4590
0.18,4589
0.18,4588
0.18,4587
0.18,4586
0.18,4585
0.18,4584
0.18,4583
0.19,4582
0.19,4581
0.19,4580
0.19,4579
0.19,4578
0.19,4577
0.19,4576
0.19,4575
0.19,4574
0.19,4573
0.19,4572
0.19,4571
0.19,4570
0.19,4569
0.19,4568
0.19,4567
0.19,4566
0.19,4565
0.19,4564
0.19,4563
0.20,4562
0.20,4561
0.20,4560
0.20,4559
0.20,4558
0.20,4557
0.20,4556
0.20,4555
0.20,4554
0.20,4553
0.20,4552
0.20,4551
0.20,4550
0.20,4549
0.20,4548
0.20,4547
0.21,4546
0.21,4545
0.21,4544
0.21,4543
0.21,4542
0.21,4541
0.21,4540
0.21,4539
0.21,4538
0.21,4537
0.21,4536
0.21,4535
0.21,4534
0.21,4533
0.21,4532
0.21,4531
0.21,4530
0.22,4529
0.22,4528
0.22,4527
0.22,4526
0.22,4525
0.22,4524
0.22,4523
0.22,4522
0.22,4521
0.22,4520
0.22,4519
0.22,4518
0.22,4517
0.22,4516
0.22,4515
0.22,4514
0.22,4513
0.22,4512
0.22,4511
0.22,4510
0.22,4509
0.22,4508
0.22,4507
0.23,4506
0.23,4505
0.23,4504
0.23,4503
0.23,4502
0.23,4501
0.23,4500
0.23,4499
0.23,4498
0.23,4497
0.23,4496
0.23,4495
0.23,4494
0.23,4493
0.24,4492
0.24,4491
0.24,4490
0.24,4489
0.24,4488
0.24,4487
0.24,4486
0.24,4485
0.24,4484
0.24,4483
0.24,4482
0.24,4481
0.24,4480
0.24,4479
0.24,4478
0.24,4477
0.24,4476
0.24,4475
0.24,4474
0.24,4473
0.24,4472
0.25,4471
0.25,4470
0.25,4469
0.25,4468
0.25,4467
0.25,4466
0.25,4465
0.25,4464
0.25,4463
0.25,4462
0.25,4461
0.25,4460
0.25,4459
0.25,4458
0.25,4457
0.25,4456
0.26,4455
0.26,4454
0.26,4453
0.26,4452
0.26,4451
0.26,4450
0.26,4449
0.26,4448
0.26,4447
0.26,4446
0.26,4445
0.26,4444
0.26,4443
0.26,4442
0.26,4441
0.27,4440
0.27,4439
0.27,4438
0.27,4437
0.27,4436
0.27,4435
0.27,4434
0.27,4433
0.27,4432
0.27,4431
0.27,4430
0.27,4429
0.27,4428
0.27,4427
0.27,4426
0.27,4425
0.27,4424
0.27,4423
0.27,4422
0.28,4421
0.28,4420
0.28,4419
0.28,4418
0.28,4417
0.28,4416
0.28,4415
0.28,4414
0.28,4413
0.28,4412
0.28,4411
0.28,4410
0.29,4409
0.29,4408
0.29,4407
0.29,4406
0.29,4405
0.29,4404
0.29,4403
0.29,4402
0.29,4401
0.29,4400
0.29,4399
0.29,4398
0.29,4397
0.29,4396
0.29,4395
0.29,4394
0.29,4393
0.30,4392
0.30,4391
0.30,4390
0.30,4389
0.30,4388
0.30,4387
0.30,4386
0.30,4385
0.30,4384
0.30,4383
0.30,4382
0.30,4381
0.30,4380
0.30,4379
0.30,4378
0.30,4377
0.30,4376
0.30,4375
0.30,4374
0.30,4373
0.30,4372
0.30,4371
0.30,4370
0.30,4369
0.30,4368
0.30,4367
0.30,4366
0.30,4365
0.30,4364
0.30,4363
0.30,4362
0.30,4361
0.32,4360
0.32,4359
0.32,4358
0.32,4357
0.32,4356
0.32,4355
0.32,4354
0.32,4353
0.32,4352
0.32,4351
0.32,4350
0.32,4349
0.32,4348
0.34,4347
0.34,4346
0.34,4345
0.34,4344
0.34,4343
0.34,4342
0.34,4341
0.34,4340
0.34,4339
0.34,4338
0.35,4337
0.35,4336
0.35,4335
0.35,4334
0.35,4333
0.35,4332
0.35,4331
0.35,4330
0.35,4329
0.35,4328
0.35,4327
0.35,4326
0.35,4325
0.36,4324
0.36,4323
0.36,4322
0.36,4321
0.36,4320
0.36,4319
0.36,4318
0.36,4317
0.36,4316
0.36,4315
0.36,4314
0.36,4313
0.36,4312
0.36,4311
0.36,4310
0.36,4309
0.36,4308
0.37,4307
0.37,4306
0.37,4305
0.37,4304
0.38,4303
0.38,4302
0.38,4301
0.38,4300
0.38,4299
0.38,4298
0.38,4297
0.38,4296
0.38,4295
0.38,4294
0.38,4293
0.38,4292
0.38,4291
0.38,4290
0.38,4289
0.38,4288
0.38,4287
0.38,4286
0.38,4285
0.38,4284
0.38,4283
0.39,4282
0.39,4281
0.39,4280
0.39,4279
0.39,4278
0.40,4277
0.40,4276
0.40,4275
0.40,4274
0.40,4273
0.40,4272
0.40,4271
0.40,4270
0.42,4269
0.42,4268
0.42,4267
0.42,4266
0.42,4265
0.43,4264
0.43,4263
0.43,4262
0.43,4261
0.43,4260
0.44,4259
0.44,4258
0.44,4257
0.44,4256
0.44,4255
0.44,4254
0.44,4253
0.44,4252
0.44,4251
0.44,4250
0.44,4249
0.45,4248
0.45,4247
0.45,4246
0.45,4245
0.46,4244
0.46,4243
0.46,4242
0.46,4241
0.46,4240
0.46,4239
0.46,4238
0.46,4237
0.46,4236
0.46,4235
0.47,4234
0.48,4233
0.48,4232
0.48,4231
0.48,4230
0.48,4229
0.48,4228
0.48,4227
0.48,4226
0.48,4225
0.48,4224
0.48,4223
0.48,4222
0.49,4221
0.49,4220
0.49,4219
0.49,4218
0.49,4217
0.49,4216
0.50,4215
0.50,4214
0.50,4213
0.50,4212
0.50,4211
0.50,4210
0.50,4209
0.50,4208
0.51,4207
0.51,4206
0.51,4205
0.51,4204
0.51,4203
0.51,4202
0.51,4201
0.51,4200
0.51,4199
0.51,4198
0.52,4197
0.52,4196
0.52,4195
0.52,4194
0.52,4193
0.53,4192
0.53,4191
0.53,4190
0.53,4189
0.53,4188
0.54,4187
0.54,4186
0.55,4185
0.55,4184
0.56,4183
0.56,4182
0.56,4181
0.56,4180
0.56,4179
0.56,4178
0.56,4177
0.56,4176
0.56,4175
0.56,4174
0.56,4173
0.56,4172
0.58,4171
0.58,4170
0.58,4169
0.58,4168
0.58,4167
0.58,4166
0.58,4165
0.58,4164
0.58,4163
0.58,4162
0.58,4161
0.58,4160
0.58,4159
0.58,4158
0.58,4157
0.58,4156
0.59,4155
0.59,4154
0.59,4153
0.59,4152
0.59,4151
0.59,4150
0.59,4149
0.59,4148
0.59,4147
0.59,4146
0.59,4145
0.59,4144
0.59,4143
0.59,4142
0.59,4141
0.60,4140
0.60,4139
0.60,4138
0.60,4137
0.60,4136
0.60,4135
0.60,4134
0.60,4133
0.61,4132
0.61,4131
0.61,4130
0.61,4129
0.61,4128
0.61,4127
0.61,4126
0.61,4125
0.61,4124
0.62,4123
0.62,4122
0.62,4121
0.62,4120
0.62,4119
0.62,4118
0.62,4117
0.63,4116
0.63,4115
0.63,4114
0.63,4113
0.63,4112
0.63,4111
0.63,4110
0.63,4109
0.63,4108
0.63,4107
0.63,4106
0.63,4105
0.63,4104
0.63,4103
0.63,4102
0.64,4101
0.64,4100
0.64,4099
0.64,4098
0.64,4097
0.64,4096
0.64,4095
0.64,4094
0.65,4093
0.65,4092
0.66,4091
0.66,4090
0.66,4089
0.66,4088
0.66,4087
0.66,4086
0.67,4085
0.67,4084
0.67,4083
0.67,4082
0.67,4081
0.67,4080
0.67,4079
0.67,4078
0.67,4077
0.67,4076
0.67,4075
0.67,4074
0.68,4073
0.68,4072
0.68,4071
0.68,4070
0.68,4069
0.68,4068
0.69,4067
0.69,4066
0.69,4065
0.70,4064
0.70,4063
0.70,4062
0.70,4061
0.70,4060
0.71,4059
0.71,4058
0.71,4057
0.71,4056
0.71,4055
0.71,4054
0.71,4053
0.71,4052
0.71,4051
0.71,4050
0.71,4049
0.72,4048
0.72,4047
0.72,4046
0.72,4045
0.72,4044
0.72,4043
0.72,4042
0.72,4041
0.72,4040
0.72,4039
0.72,4038
0.72,4037
0.72,4036
0.72,4035
0.73,4034
0.75,4033
0.75,4032
0.75,4031
0.75,4030
0.76,4029
0.76,4028
0.76,4027
0.80,4026
0.80,4025
0.80,4024
0.80,4023
0.81,4022
0.81,4021
0.81,4020
0.81,4019
0.81,4018
0.81,4017
0.84,4016
0.84,4015
0.84,4014
0.84,4013
0.85,4012
0.85,4011
0.85,4010
0.86,4009
0.86,4008
0.86,4007
0.86,4006
0.86,4005
0.86,4004
0.86,4003
0.86,4002
0.86,4001
0.86,4000
0.86,3999
0.87,3998
0.87,3997
0.90,3996
0.90,3995
0.90,3994
0.91,3993
0.91,3992
0.91,3991
0.91,3990
0.91,3989
0.95,3988
0.95,3987
0.95,3986
0.95,3985
0.96,3984
0.96,3983
0.96,3982
0.96,3981
0.96,3980
0.96,3979
0.96,3978
0.96,3977
0.96,3976
0.97,3975
1.07,3974
1.07,3973
1.07,3972
1.07,3971
1.07,3970
1.07,3969
1.07,3968
1.07,3967
1.07,3966
1.08,3965
1.09,3964
1.09,3963
1.09,3962
1.09,3961
1.09,3960
1.09,3959
1.10,3958
1.10,3957
1.10,3956
1.10,3955
1.10,3954
1.10,3953
1.10,3952
1.10,3951
1.12,3950
1.12,3949
1.13,3948
1.13,3947
1.13,3946
1.13,3945
1.13,3944
1.14,3943
1.23,3942
1.24,3941
1.24,3940
1.24,3939
1.24,3938
1.24,3937
1.24,3936
1.24,3935
1.24,3934
1.24,3933
1.24,3932
1.24,3931
1.24,3930
1.25,3929
1.25,3928
1.25,3927
1.25,3926
1.26,3925
1.31,3924
1.31,3923
1.31,3922
1.31,3921
1.34,3920
1.34,3919
1.34,3918
1.42,3917
1.42,3916
1.42,3915
1.42,3914
1.42,3913
1.42,3912
1.42,3911
1.42,3910
1.42,3909
1.42,3908
1.42,3907
1.42,3906
1.42,3905
1.47,3904
1.48,3903
1.48,3902
1.48,3901
1.48,3900
1.48,3899
1.48,3898
1.48,3897
1.48,3896
1.49,3895
1.49,3894
1.49,3893
1.49,3892
1.49,3891
1.49,3890
1.49,3889
1.49,3888
1.51,3887
1.51,3886
1.51,3885
1.51,3884
1.51,3883
1.51,3882
1.51,3881
1.51,3880
1.51,3879
1.51,3878
1.52,3877
1.65,3876
1.65,3875
1.65,3874
1.65,3873
1.67,3872
1.67,3871
1.68,3870
1.68,3869
1.68,3868
1.68,3867
1.69,3866
1.69,3865
1.69,3864
1.69,3863
1.70,3862
1.70,3861
1.70,3860
1.70,3859
1.70,3858
1.70,3857
1.70,3856
1.72,3855
1.72,3854
1.72,3853
1.72,3852
1.72,3851
1.72,3850
1.72,3849
1.72,3848
1.72,3847
1.73,3846
1.73,3845
1.73,3844
1.73,3843
1.75,3842
1.77,3841
1.77,3840
1.79,3839
1.79,3838
1.79,3837
1.80,3836
1.80,3835
1.80,3834
1.81,3833
1.81,3832
1.81,3831
1.81,3830
1.81,3829
1.81,3828
1.81,3827
1.81,3826
1.81,3825
1.81,3824
1.81,3823
1.81,3822
1.82,3821
1.82,3820
1.82,3819
1.82,3818
1.82,3817
1.83,3816
1.83,3815
1.88,3814
1.88,3813
1.88,3812
1.88,3811
1.89,3810
1.89,3809
1.90,3808
1.90,3807
2.02,3806
2.02,3805
2.02,3804
2.03,3803
2.05,3802
2.05,3801
2.08,3800
2.09,3799
2.09,3798
2.09,3797
2.09,3796
2.09,3795
2.10,3794
2.10,3793
2.10,3792
2.10,3791
2.10,3790
2.11,3789
2.11,3788
2.11,3787
2.11,3786
2.11,3785
2.11,3784
2.11,3783
2.12,3782
2.12,3781
2.12,3780
2.12,3779
2.12,3778
2.12,3777
2.12,3776
2.12,3775
2.12,3774
2.14,3773
2.14,3772
2.14,3771
2.15,3770
2.17,3769
2.17,3768
2.17,3767
2.17,3766
2.18,3765
2.18,3764
2.18,3763
2.18,3762
2.18,3761
2.18,3760
2.27,3759
2.30,3758
2.30,3757
2.30,3756
2.33,3755
2.33,3754
2.33,3753
2.33,3752
2.33,3751
2.33,3750
2.33,3749
2.33,3748
2.34,3747
2.34,3746
2.34,3745
2.34,3744
2.34,3743
2.34,3742
2.34,3741
2.34,3740
2.34,3739
2.34,3738
2.34,3737
2.34,3736
2.34,3735
2.34,3734
2.34,3733
2.35,3732
2.35,3731
2.35,3730
2.35,3729
2.35,3728
2.35,3727
2.35,3726
2.35,3725
2.35,3724
2.36,3723
2.36,3722
2.36,3721
3.25,3720
3.25,3719
3.26,3718
3.26,3717
3.26,3716
3.29,3715
3.29,3714
3.29,3713
3.29,3712
3.29,3711
3.29,3710
3.29,3709
3.29,3708
3.29,3707
3.29,3706
3.29,3705
3.30,3704
3.31,3703
3.31,3702
3.33,3701
3.33,3700
3.39,3699
3.70,3698
3.79,3697
3.79,3696
3.79,3695
3.83,3694
3.83,3693
3.85,3692
3.85,3691
3.85,3690
3.85,3689
3.85,3688
3.85,3687
3.85,3686
3.86,3685
3.86,3684
3.95,3683
3.95,3682
3.96,3681
3.96,3680
3.97,3679
3.97,3678
3.97,3677
3.97,3676
3.97,3675
3.99,3674
3.99,3673
4.02,3672
4.02,3671
4.02,3670
4.02,3669
4.02,3668
4.02,3667
4.02,3666
4.02,3665
4.02,3664
4.03,3663
8.79,3662
8.80,3661
10.50,3660
10.50,3659
10.50,3658
10.51,3657
10.51,3656
10.51,3655
10.51,3654
10.51,3653
10.51,3652
10.51,3651
10.54,3650
10.54,3649
10.59,3648
10.85,3647
10.85,3646
10.85,3645
10.85,3644
10.85,3643
10.85,3642
10.89,3641
10.89,3640
10.89,3639
10.90,3638
10.93,3637
10.93,3636
10.93,3635
10.94,3634
11.04,3633
11.04,3632
11.12,3631
11.12,3630
11.94,3629
11.94,3628
11.96,3627
12.05,3626
12.05,3625
12.05,3624
12.06,3623
12.06,3622
12.06,3621
12.06,3620
12.26,3619
12.27,3618
12.27,3617
12.27,3616
12.27,3615
12.27,3614
12.27,3613
12.27,3612
12.27,3611
12.28,3610
12.28,3609
12.31,3608
12.31,3607
12.31,3606
12.31,3605
12.31,3604
12.69,3603
12.69,3602
12.69,3601
12.69,3600
12.69,3599
12.70,3598
12.70,3597
12.70,3596
12.70,3595
12.71,3594
12.71,3593
12.71,3592
12.71,3591
12.72,3590
12.72,3589
12.72,3588
12.72,3587
12.72,3586
12.72,3585
12.72,3584
12.73,3583
12.73,3582
12.73,3581
12.73,3580
12.76,3579
12.76,3578
12.76,3577
12.76,3576
12.77,3575
12.78,3574
12.79,3573
12.80,3572
12.80,3571
12.80,3570
12.80,3569
12.80,3568
12.80,3567
12.80,3566
12.82,3565
12.82,3564
12.82,3563
12.82,3562
12.82,3561
12.82,3560
12.82,3559
12.82,3558
13.52,3557
13.52,3556
13.52,3555
13.53,3554
13.53,3553
13.53,3552
13.53,3551
13.53,3550
13.53,3549
13.53,3548
13.58,3547
13.58,3546
13.58,3545
13.59,3544
13.59,3543
13.59,3542
13.65,3541
13.65,3540
13.65,3539
13.66,3538
13.66,3537
13.66,3536
13.67,3535
13.67,3534
13.67,3533
13.67,3532
13.67,3531
13.67,3530
13.68,3529
13.68,3528
13.68,3527
13.68,3526
13.68,3525
13.68,3524
13.68,3523
13.69,3522
13.69,3521
13.69,3520
13.69,3519
13.69,3518
13.69,3517
13.69,3516
13.70,3515
13.70,3514
13.70,3513
15.66,3512
15.66,3511
15.69,3510
15.69,3509
15.71,3508
15.71,3507
15.71,3506
15.71,3505
15.71,3504
15.71,3503
15.71,3502
15.71,3501
15.76,3500
15.76,3499
15.76,3498
15.76,3497
15.76,3496
15.92,3495
15.92,3494
15.92,3493
15.94,3492
15.95,3491
15.95,3490
15.95,3489
15.95,3488
15.95,3487
15.95,3486
15.95,3485
16.06,3484
16.06,3483
16.06,3482
16.06,3481
16.06,3480
16.06,3479
16.07,3478
16.07,3477
16.07,3476
16.07,3475
16.11,3474
16.11,3473
16.11,3472
16.11,3471
16.11,3470
16.11,3469
16.12,3468
16.12,3467
16.12,3466
16.12,3465
16.12,3464
16.12,3463
16.13,3462
17.13,3461
17.13,3460
17.13,3459
17.13,3458
17.13,3457
17.13,3456
17.13,3455
17.19,3454
17.19,3453
17.20,3452
17.20,3451
17.22,3450
17.22,3449
17.23,3448
17.23,3447
17.24,3446
17.24,3445
17.24,3444
17.24,3443
17.25,3442
17.26,3441
17.26,3440
17.27,3439
17.27,3438
17.27,3437
17.28,3436
17.28,3435
17.31,3434
17.32,3433
17.32,3432
17.32,3431
17.32,3430
17.32,3429
17.32,3428
17.32,3427
17.32,3426
17.32,3425
17.32,3424
17.32,3423
17.32,3422
17.36,3421
17.37,3420
17.37,3419
17.41,3418
17.41,3417
17.41,3416
17.42,3415
17.42,3414
17.60,3413
17.60,3412
17.60,3411
17.60,3410
17.60,3409
17.60,3408
17.60,3407
17.60,3406
17.60,3405
17.60,3404
17.60,3403
17.61,3402
17.61,3401
17.61,3400
17.61,3399
17.62,3398
17.62,3397
17.63,3396
17.63,3395
17.63,3394
17.63,3393
17.63,3392
17.64,3391
17.64,3390
17.64,3389
17.64,3388
17.64,3387
17.64,3386
17.64,3385
17.64,3384
17.64,3383
17.66,3382
17.66,3381
17.66,3380
17.67,3379
17.67,3378
17.68,3377
17.68,3376
17.68,3375
17.69,3374
17.69,3373
17.69,3372
17.72,3371
17.72,3370
18.38,3369
18.38,3368
18.38,3367
18.38,3366
18.40,3365
18.40,3364
18.43,3363
18.44,3362
18.44,3361
18.44,3360
18.44,3359
18.44,3358
18.45,3357
18.45,3356
18.45,3355
18.61,3354
18.61,3353
18.62,3352
18.62,3351
18.62,3350
19.11,3349
19.11,3348
19.11,3347
19.11,3346
19.11,3345
19.17,3344
19.17,3343
19.17,3342
19.17,3341
19.18,3340
19.18,3339
19.18,3338
19.18,3337
19.18,3336
19.19,3335
19.19,3334
19.19,3333
19.19,3332
19.19,3331
19.19,3330
19.19,3329
19.19,3328
19.19,3327
19.24,3326
19.24,3325
19.24,3324
19.24,3323
19.25,3322
19.26,3321
19.26,3320
19.26,3319
19.26,3318
19.26,3317
19.26,3316
19.26,3315
19.26,3314
19.26,3313
19.26,3312
19.26,3311
19.28,3310
19.29,3309
19.29,3308
19.33,3307
19.34,3306
19.34,3305
19.34,3304
19.35,3303
19.36,3302
19.36,3301
19.36,3300
19.38,3299
19.41,3298
19.41,3297
19.41,3296
19.41,3295
19.42,3294
19.82,3293
19.82,3292
19.82,3291
19.82,3290
19.82,3289
19.82,3288
19.84,3287
19.84,3286
19.84,3285
19.85,3284
19.87,3283
19.88,3282
19.88,3281
19.95,3280
19.95,3279
19.95,3278
20.00,3277
20.00,3276
20.00,3275
20.00,3274
20.00,3273
20.00,3272
20.00,3271
20.00,3270
20.04,3269
20.04,3268
20.04,3267
20.04,3266
20.04,3265
20.04,3264
20.07,3263
20.07,3262
20.22,3261
20.23,3260
20.30,3259
20.31,3258
20.31,3257
20.32,3256
20.32,3255
20.33,3254
20.34,3253
20.34,3252
20.34,3251
20.35,3250
20.35,3249
20.49,3248
20.50,3247
20.50,3246
20.50,3245
20.50,3244
20.81,3243
20.81,3242
20.83,3241
20.94,3240
20.94,3239
20.94,3238
20.94,3237
20.94,3236
20.94,3235
20.94,3234
20.95,3233
20.96,3232
20.96,3231
20.96,3230
20.97,3229
20.97,3228
20.97,3227
20.97,3226
20.97,3225
20.97,3224
20.97,3223
20.97,3222
20.97,3221
21.11,3220
21.11,3219
21.11,3218
21.11,3217
21.11,3216
21.12,3215
21.12,3214
21.18,3213
21.18,3212
21.19,3211
21.19,3210
21.19,3209
21.20,3208
21.20,3207
21.20,3206
21.20,3205
21.20,3204
21.20,3203
21.20,3202
21.20,3201
21.21,3200
21.21,3199
21.21,3198
21.21,3197
21.22,3196
21.22,3195
21.22,3194
21.31,3193
21.31,3192
21.32,3191
21.33,3190
21.48,3189
21.49,3188
21.68,3187
21.68,3186
21.68,3185
21.69,3184
21.69,3183
21.71,3182
21.79,3181
21.79,3180
21.82,3179
21.82,3178
21.82,3177
21.82,3176
21.82,3175
21.84,3174
21.84,3173
21.84,3172
21.84,3171
21.84,3170
21.87,3169
21.88,3168
21.88,3167
21.88,3166
21.89,3165
21.89,3164
21.89,3163
21.90,3162
21.91,3161
21.92,3160
21.92,3159
21.92,3158
21.92,3157
21.92,3156
21.92,3155
21.92,3154
21.92,3153
21.93,3152
21.93,3151
21.93,3150
21.93,3149
21.93,3148
21.93,3147
21.94,3146
21.94,3145
21.95,3144
21.96,3143
21.96,3142
21.96,3141
21.96,3140
21.96,3139
21.96,3138
21.96,3137
21.96,3136
21.96,3135
21.97,3134
21.98,3133
22.03,3132
22.03,3131
22.03,3130
22.04,3129
22.04,3128
22.04,3127
22.04,3126
22.04,3125
22.04,3124
22.05,3123
22.05,3122
22.05,3121
22.05,3120
22.05,3119
22.06,3118
22.06,3117
22.25,3116
22.25,3115
22.25,3114
22.25,3113
22.26,3112
22.27,3111
22.29,3110
22.34,3109
22.34,3108
22.67,3107
22.68,3106
22.68,3105
22.68,3104
22.68,3103
22.68,3102
22.68,3101
22.68,3100
22.68,3099
22.68,3098
22.68,3097
22.68,3096
22.68,3095
22.68,3094
23.11,3093
23.11,3092
23.13,3091
23.14,3090
23.14,3089
23.15,3088
23.15,3087
23.15,3086
23.15,3085
23.15,3084
23.15,3083
23.15,3082
23.15,3081
23.16,3080
23.17,3079
23.17,3078
23.17,3077
23.17,3076
23.17,3075
23.18,3074
23.18,3073
23.18,3072
23.18,3071
23.18,3070
23.18,3069
23.18,3068
23.18,3067
23.18,3066
23.18,3065
23.18,3064
23.19,3063
23.19,3062
23.19,3061
23.19,3060
23.19,3059
23.25,3058
23.25,3057
23.25,3056
23.25,3055
23.28,3054
23.28,3053
23.31,3052
23.32,3051
23.32,3050
23.32,3049
23.35,3048
23.35,3047
23.36,3046
23.36,3045
23.36,3044
23.37,3043
23.38,3042
23.38,3041
23.38,3040
23.39,3039
23.39,3038
23.39,3037
23.39,3036
23.39,3035
23.39,3034
23.40,3033
23.40,3032
23.40,3031
23.40,3030
23.41,3029
23.41,3028
23.41,3027
23.41,3026
23.41,3025
23.43,3024
23.44,3023
23.44,3022
23.44,3021
23.45,3020
23.45,3019
23.45,3018
23.46,3017
23.46,3016
23.67,3015
23.67,3014
23.68,3013
23.68,3012
23.71,3011
23.71,3010
23.71,3009
23.71,3008
23.71,3007
23.71,3006
23.71,3005
23.71,3004
23.71,3003
23.75,3002
23.75,3001
23.75,3000
23.75,2999
23.75,2998
23.75,2997
23.76,2996
23.76,2995
23.78,2994
23.78,2993
23.78,2992
23.79,2991
23.79,2990
23.83,2989
23.83,2988
23.83,2987
23.83,2986
23.84,2985
23.84,2984
23.85,2983
23.86,2982
23.86,2981
23.86,2980
23.98,2979
24.10,2978
24.10,2977
24.11,2976
24.11,2975
24.11,2974
24.11,2973
24.11,2972
24.11,2971
24.11,2970
24.12,2969
24.12,2968
24.12,2967
24.12,2966
24.12,2965
24.12,2964
24.18,2963
24.19,2962
24.19,2961
24.19,2960
24.19,2959
24.19,2958
24.20,2957
24.20,2956
24.22,2955
24.22,2954
24.22,2953
24.33,2952
24.33,2951
24.33,2950
24.33,2949
24.34,2948
24.40,2947
24.40,2946
24.41,2945
24.41,2944
24.41,2943
24.41,2942
24.41,2941
24.41,2940
24.42,2939
24.42,2938
24.43,2937
24.57,2936
24.57,2935
24.57,2934
24.57,2933
24.58,2932
24.58,2931
24.58,2930
24.59,2929
24.59,2928
24.59,2927
24.60,2926
24.60,2925
24.60,2924
24.60,2923
24.60,2922
24.61,2921
24.62,2920
24.92,2919
24.93,2918
24.93,2917
24.93,2916
24.93,2915
24.93,2914
24.93,2913
24.93,2912
24.93,2911
24.94,2910
24.94,2909
24.97,2908
24.97,2907
24.97,2906
24.97,2905
24.97,2904
25.00,2903
25.00,2902
25.08,2901
25.08,2900
25.13,2899
25.19,2898
25.21,2897
25.21,2896
25.43,2895
25.46,2894
25.46,2893
25.46,2892
25.46,2891
25.47,2890
25.47,2889
25.47,2888
25.47,2887
25.47,2886
25.47,2885
25.48,2884
25.48,2883
25.48,2882
25.48,2881
25.48,2880
25.48,2879
25.48,2878
25.48,2877
25.48,2876
25.48,2875
25.49,2874
25.49,2873
25.49,2872
25.50,2871
25.50,2870
25.50,2869
25.50,2868
25.50,2867
25.50,2866
25.50,2865
25.51,2864
25.51,2863
25.51,2862
25.52,2861
25.53,2860
25.53,2859
25.54,2858
25.54,2857
25.54,2856
25.54,2855
25.89,2854
25.90,2853
25.90,2852
25.91,2851
25.95,2850
25.95,2849
25.96,2848
25.96,2847
25.96,2846
25.96,2845
25.96,2844
25.96,2843
25.96,2842
25.97,2841
25.97,2840
25.98,2839
25.98,2838
25.98,2837
25.98,2836
26.01,2835
26.01,2834
26.04,2833
26.05,2832
26.05,2831
26.05,2830
26.10,2829
26.10,2828
26.11,2827
26.12,2826
26.12,2825
26.12,2824
26.19,2823
26.20,2822
26.21,2821
26.21,2820
26.21,2819
26.21,2818
26.21,2817
26.21,2816
26.21,2815
26.21,2814
26.21,2813
26.22,2812
26.22,2811
26.22,2810
26.22,2809
26.35,2808
26.35,2807
26.35,2806
26.35,2805
26.36,2804
26.37,2803
26.37,2802
26.37,2801
26.37,2800
26.37,2799
26.37,2798
26.37,2797
26.37,2796
26.37,2795
26.38,2794
26.38,2793
26.38,2792
26.39,2791
26.42,2790
26.42,2789
26.42,2788
26.43,2787
26.43,2786
26.43,2785
26.43,2784
26.44,2783
26.44,2782
26.44,2781
26.45,2780
26.45,2779
26.46,2778
26.46,2777
26.46,2776
26.46,2775
26.46,2774
26.47,2773
26.47,2772
26.47,2771
26.48,2770
26.48,2769
26.48,2768
26.88,2767
26.90,2766
26.96,2765
26.97,2764
26.97,2763
27.01,2762
27.05,2761
27.05,2760
27.05,2759
27.06,2758
27.06,2757
27.06,2756
27.10,2755
27.10,2754
27.10,2753
27.10,2752
27.10,2751
27.10,2750
27.17,2749
27.17,2748
27.17,2747
27.17,2746
27.17,2745
27.17,2744
27.18,2743
27.18,2742
27.18,2741
27.19,2740
27.19,2739
27.20,2738
27.21,2737
27.22,2736
27.22,2735
27.23,2734
27.23,2733
27.23,2732
27.25,2731
27.27,2730
27.27,2729
27.27,2728
27.27,2727
27.28,2726
27.30,2725
27.30,2724
27.74,2723
27.74,2722
27.74,2721
27.82,2720
27.82,2719
27.83,2718
27.86,2717
27.87,2716
27.87,2715
27.87,2714
27.87,2713
27.89,2712
27.89,2711
27.96,2710
27.96,2709
27.96,2708
27.97,2707
27.99,2706
27.99,2705
28.05,2704
28.05,2703
28.06,2702
28.07,2701
28.08,2700
28.08,2699
28.08,2698
28.08,2697
28.08,2696
28.58,2695
28.58,2694
28.58,2693
28.58,2692
28.58,2691
28.59,2690
28.61,2689
28.61,2688
28.84,2687
28.86,2686
28.86,2685
28.86,2684
28.86,2683
28.87,2682
28.87,2681
28.87,2680
28.88,2679
28.89,2678
29.05,2677
29.05,2676
29.05,2675
29.06,2674
29.07,2673
29.07,2672
29.08,2671
29.09,2670
29.13,2669
29.13,2668
29.13,2667
29.14,2666
29.18,2665
29.18,2664
29.20,2663
29.20,2662
29.20,2661
29.20,2660
29.21,2659
29.21,2658
29.22,2657
29.22,2656
29.22,2655
29.25,2654
29.25,2653
29.26,2652
29.26,2651
29.26,2650
29.26,2649
29.28,2648
29.28,2647
29.36,2646
29.37,2645
29.37,2644
29.38,2643
29.39,2642
29.39,2641
29.39,2640
29.39,2639
29.40,2638
29.40,2637
29.44,2636
29.45,2635
29.45,2634
29.45,2633
29.45,2632
29.45,2631
29.45,2630
29.63,2629
29.63,2628
29.65,2627
29.65,2626
29.71,2625
29.77,2624
29.77,2623
29.79,2622
29.79,2621
29.83,2620
29.83,2619
29.83,2618
29.83,2617
29.84,2616
29.84,2615
29.88,2614
29.88,2613
30.05,2612
30.05,2611
30.09,2610
30.09,2609
30.09,2608
30.12,2607
30.13,2606
30.13,2605
30.14,2604
30.14,2603
30.14,2602
30.15,2601
30.19,2600
30.19,2599
30.21,2598
30.22,2597
30.31,2596
30.31,2595
30.34,2594
30.34,2593
30.35,2592
30.35,2591
30.35,2590
30.35,2589
30.36,2588
30.48,2587
30.55,2586
30.56,2585
30.57,2584
30.58,2583
30.58,2582
30.58,2581
30.59,2580
30.60,2579
30.62,2578
31.13,2577
31.14,2576
31.14,2575
31.23,2574
31.23,2573
31.27,2572
31.89,2571
31.90,2570
31.90,2569
31.90,2568
31.90,2567
31.90,2566
31.90,2565
31.91,2564
31.92,2563
31.92,2562
31.92,2561
32.82,2560
32.82,2559
32.83,2558
32.83,2557
32.84,2556
32.84,2555
32.86,2554
32.86,2553
32.87,2552
33.47,2551
33.47,2550
33.57,2549
33.57,2548
33.58,2547
33.58,2546
33.58,2545
33.58,2544
33.59,2543
33.61,2542
33.63,2541
33.63,2540
33.87,2539
33.92,2538
33.93,2537
33.93,2536
33.94,2535
33.94,2534
33.96,2533
33.97,2532
33.97,2531
33.99,2530
33.99,2529
34.04,2528
34.13,2527
34.13,2526
34.77,2525
34.79,2524
34.79,2523
34.79,2522
34.79,2521
34.80,2520
34.81,2519
34.81,2518
34.81,2517
34.83,2516
34.84,2515
34.86,2514
34.94,2513
34.94,2512
34.94,2511
34.95,2510
35.09,2509
35.11,2508
35.12,2507
35.12,2506
35.23,2505
35.23,2504
35.31,2503
35.31,2502
35.32,2501
35.32,2500
35.34,2499
35.34,2498
35.36,2497
35.36,2496
35.56,2495
35.56,2494
35.57,2493
35.77,2492
35.77,2491
35.77,2490
35.78,2489
35.79,2488
35.79,2487
35.79,2486
35.79,2485
35.79,2484
35.80,2483
35.80,2482
35.80,2481
35.80,2480
35.80,2479
35.80,2478
35.84,2477
35.93,2476
35.93,2475
35.94,2474
36.02,2473
36.04,2472
36.74,2471
36.75,2470
36.75,2469
36.75,2468
36.78,2467
36.78,2466
36.79,2465
36.79,2464
36.91,2463
36.91,2462
37.59,2461
37.60,2460
37.67,2459
37.67,2458
37.67,2457
37.68,2456
37.69,2455
37.74,2454
38.51,2453
38.54,2452
38.55,2451
38.55,2450
38.55,2449
38.55,2448
38.56,2447
38.65,2446
38.65,2445
38.66,2444
38.67,2443
38.68,2442
38.68,2441
38.68,2440
38.76,2439
38.76,2438
38.78,2437
39.05,2436
39.05,2435
39.29,2434
39.29,2433
39.29,2432
39.29,2431
39.29,2430
39.30,2429
39.40,2428
39.40,2427
41.56,2426
41.56,2425
41.65,2424
41.66,2423
41.67,2422
41.75,2421
41.77,2420
41.77,2419
41.78,2418
41.82,2417
41.83,2416
41.83,2415
41.84,2414
41.84,2413
41.85,2412
41.85,2411
41.86,2410
41.93,2409
41.94,2408
42.00,2407
42.00,2406
42.00,2405
42.15,2404
42.19,2403
42.20,2402
42.20,2401
42.54,2400
42.54,2399
42.58,2398
42.58,2397
42.61,2396
42.75,2395
42.76,2394
42.81,2393
42.81,2392
43.06,2391
43.06,2390
43.06,2389
43.07,2388
43.08,2387
43.08,2386
43.09,2385
43.10,2384
43.11,2383
43.11,2382
44.31,2381
48.50,2380
48.50,2379
48.51,2378
48.51,2377
48.52,2376
48.69,2375
48.69,2374
48.81,2373
48.89,2372
49.05,2371
49.12,2370
49.15,2369
50.60,2368
50.65,2367
50.70,2366
50.71,2365
50.71,2364
50.71,2363
50.75,2362
50.75,2361
50.78,2360
51.22,2359
51.24,2358
51.28,2357
58.96,2356
58.97,2355
59.01,2354
59.25,2353
59.25,2352
59.25,2351
59.28,2350
59.30,2349
59.31,2348
59.31,2347
60.38,2346
60.46,2345
60.46,2344
60.47,2343
60.50,2342
60.50,2341
63.65,2340
63.84,2339
63.85,2338
63.88,2337
63.91,2336
63.95,2335
63.97,2334
64.02,2333
64.10,2332
72.60,2331
72.61,2330
72.63,2329
73.28,2328
73.57,2327
73.60,2326
76.09,2325
76.84,2324
76.87,2323
76.87,2322
76.89,2321
79.59,2320
80.50,2319
80.69,2318
80.82,2317
85.69,2316
86.64,2315
88.80,2314
92.15,2313
93.44,2312
93.84,2311
94.41,2310
96.06,2309
96.15,2308
96.36,2307
99.15,2306
100.27,2305
100.32,2304
100.39,2303
113.20,2302
127.00,2301
129.55,2300
140.46,2299
140.83,2298
140.90,2297
145.10,2296
150.60,2295
157.06,2294
159.02,2293
162.45,2292
162.54,2291
164.07,2290
169.37,2289
169.39,2288
191.32,2287
215.73,2286
215.97,2285
220.13,2284
256.18,2283
256.19,2282
293.24,2281
295.22,2280
302.54,2279
377.31,2278
384.12,2277
453.01,2276
