0.00,2874
0.02,2873
0.07,2872
0.09,2871
0.12,2870
0.14,2869
0.19,2868
0.24,2867
0.28,2866
0.36,2865
0.44,2864
0.56,2863
0.60,2862
0.66,2861
0.68,2860
0.83,2859
0.90,2858
0.95,2857
0.97,2856
1.00,2855
1.09,2854
1.26,2853
1.28,2852
1.35,2851
1.47,2850
1.51,2849
1.63,2848
1.78,2847
2.02,2846
2.09,2845
2.12,2844
2.17,2843
2.25,2842
2.36,2841
2.40,2840
2.51,2839
2.57,2838
2.68,2837
2.74,2836
2.76,2835
2.81,2834
2.85,2833
2.89,2832
2.97,2831
3.03,2830
3.18,2829
3.22,2828
3.25,2827
3.37,2826
3.42,2825
3.57,2824
3.66,2823
3.75,2822
3.80,2821
3.89,2820
3.95,2819
4.02,2818
4.18,2817
4.26,2816
4.52,2815
4.69,2814
4.76,2813
4.84,2812
4.88,2811
4.98,2810
5.12,2809
5.16,2808
5.19,2807
5.33,2806
5.37,2805
5.49,2804
5.55,2803
5.61,2802
5.65,2801
5.70,2800
5.74,2799
5.77,2798
5.88,2797
6.07,2796
6.15,2795
6.18,2794
6.26,2793
6.28,2792
6.32,2791
6.45,2790
6.53,2789
6.67,2788
6.74,2787
6.79,2786
7.05,2785
7.30,2784
7.34,2783
7.45,2782
7.51,2781
7.56,2780
7.63,2779
7.66,2778
7.73,2777
7.75,2776
7.78,2775
7.84,2774
7.87,2773
7.97,2772
8.00,2771
8.03,2770
8.08,2769
8.12,2768
8.33,2767
8.38,2766
8.41,2765
8.57,2764
8.71,2763
8.80,2762
8.84,2761
9.06,2760
9.26,2759
9.36,2758
9.44,2757
9.50,2756
9.56,2755
9.82,2754
9.87,2753
9.92,2752
9.95,2751
9.99,2750
10.05,2749
10.07,2748
10.16,2747
10.18,2746
10.23,2745
10.31,2744
10.33,2743
10.49,2742
10.51,2741
10.62,2740
10.79,2739
10.84,2738
10.86,2737
10.93,2736
11.01,2735
11.09,2734
11.12,2733
11.20,2732
11.35,2731
11.38,2730
11.47,2729
11.53,2728
11.55,2727
11.65,2726
11.77,2725
11.82,2724
11.86,2723
12.01,2722
12.08,2721
12.30,2720
12.48,2719
12.54,2718
12.64,2717
12.68,2716
12.77,2715
12.84,2714
12.98,2713
13.18,2712
13.20,2711
13.25,2710
13.35,2709
13.65,2708
14.06,2707
14.33,2706
14.40,2705
14.47,2704
14.55,2703
14.57,2702
14.75,2701
14.81,2700
14.88,2699
14.94,2698
14.98,2697
15.20,2696
15.27,2695
15.44,2694
15.50,2693
15.71,2692
15.78,2691
15.96,2690
16.00,2689
16.02,2688
16.16,2687
16.20,2686
16.30,2685
16.33,2684
16.48,2683
16.55,2682
16.62,2681
16.70,2680
16.73,2679
17.07,2678
17.10,2677
17.33,2676
17.45,2675
17.53,2674
17.69,2673
17.84,2672
17.95,2671
18.01,2670
18.20,2669
18.23,2668
18.39,2667
18.51,2666
18.61,2665
18.74,2664
18.83,2663
18.90,2662
18.97,2661
19.00,2660
19.08,2659
19.11,2658
19.15,2657
19.27,2656
19.30,2655
19.32,2654
19.35,2653
19.39,2652
19.46,2651
19.49,2650
19.57,2649
19.65,2648
19.67,2647
19.74,2646
19.92,2645
20.16,2644
20.20,2643
20.32,2642
20.40,2641
20.49,2640
20.54,2639
20.58,2638
20.66,2637
20.68,2636
20.74,2635
20.78,2634
20.87,2633
20.90,2632
20.95,2631
21.10,2630
21.14,2629
21.20,2628
21.41,2627
21.45,2626
21.50,2625
21.59,2624
21.89,2623
21.93,2622
22.02,2621
22.05,2620
22.11,2619
22.17,2618
22.20,2617
22.29,2616
22.33,2615
22.40,2614
22.61,2613
22.63,2612
22.70,2611
22.74,2610
22.93,2609
22.96,2608
22.99,2607
23.13,2606
23.29,2605
23.39,2604
23.48,2603
23.54,2602
23.70,2601
23.72,2600
23.76,2599
23.87,2598
23.90,2597
24.03,2596
24.06,2595
24.13,2594
24.24,2593
24.26,2592
24.32,2591
24.36,2590
24.48,2589
24.61,2588
24.74,2587
24.84,2586
24.91,2585
24.97,2584
25.00,2583
25.50,2582
25.60,2581
25.75,2580
26.11,2579
26.17,2578
26.53,2577
26.75,2576
26.84,2575
26.90,2574
27.01,2573
27.04,2572
27.09,2571
27.12,2570
27.26,2569
27.39,2568
27.54,2567
27.59,2566
27.64,2565
27.70,2564
27.75,2563
27.92,2562
27.95,2561
27.99,2560
28.07,2559
28.13,2558
28.18,2557
28.21,2556
28.25,2555
28.32,2554
28.34,2553
28.45,2552
28.50,2551
28.53,2550
28.56,2549
28.64,2548
28.72,2547
28.81,2546
28.91,2545
29.01,2544
29.05,2543
29.24,2542
29.48,2541
29.54,2540
29.62,2539
29.64,2538
29.75,2537
29.86,2536
29.89,2535
29.99,2534
30.16,2533
30.28,2532
30.37,2531
30.49,2530
30.53,2529
30.61,2528
30.65,2527
30.67,2526
30.73,2525
30.76,2524
30.79,2523
30.85,2522
30.95,2521
31.27,2520
31.33,2519
31.37,2518
31.51,2517
31.67,2516
31.73,2515
31.82,2514
31.88,2513
31.98,2512
32.04,2511
32.17,2510
32.21,2509
32.26,2508
32.36,2507
32.40,2506
32.45,2505
32.52,2504
32.54,2503
32.56,2502
32.60,2501
32.62,2500
32.77,2499
32.80,2498
32.90,2497
32.92,2496
32.99,2495
33.05,2494
33.08,2493
33.10,2492
33.17,2491
33.24,2490
33.26,2489
33.31,2488
33.40,2487
33.44,2486
33.49,2485
33.53,2484
33.56,2483
33.62,2482
33.71,2481
33.74,2480
33.81,2479
33.87,2478
34.00,2477
34.16,2476
34.20,2475
34.25,2474
34.34,2473
34.36,2472
34.42,2471
34.44,2470
34.47,2469
34.52,2468
34.57,2467
34.62,2466
34.67,2465
34.73,2464
34.80,2463
34.87,2462
35.00,2461
35.03,2460
35.13,2459
35.15,2458
35.19,2457
35.25,2456
35.41,2455
35.53,2454
35.55,2453
35.57,2452
35.65,2451
35.74,2450
35.78,2449
35.88,2448
35.95,2447
36.05,2446
36.08,2445
36.10,2444
36.18,2443
36.26,2442
36.31,2441
36.34,2440
36.39,2439
36.42,2438
36.63,2437
36.78,2436
36.83,2435
36.96,2434
37.01,2433
37.05,2432
37.26,2431
37.60,2430
37.63,2429
37.76,2428
37.78,2427
37.94,2426
37.98,2425
38.07,2424
38.11,2423
38.49,2422
38.72,2421
38.82,2420
38.96,2419
39.02,2418
