0.08,4940
0.08,4939
0.08,4938
0.08,4937
0.08,4936
0.08,4935
0.08,4934
0.08,4933
0.08,4932
0.08,4931
0.08,4930
0.08,4929
0.08,4928
0.08,4927
0.08,4926
0.08,4925
0.08,4924
0.08,4923
0.08,4922
0.08,4921
0.08,4920
0.08,4919
0.08,4918
0.08,4917
0.09,4916
0.09,4915
0.09,4914
0.09,4913
0.09,4912
0.09,4911
0.09,4910
0.09,4909
0.09,4908
0.09,4907
0.09,4906
0.09,4905
0.09,4904
0.09,4903
0.09,4902
0.09,4901
0.09,4900
0.09,4899
0.09,4898
0.09,4897
0.09,4896
0.09,4895
0.09,4894
0.09,4893
0.09,4892
0.09,4891
0.09,4890
0.09,4889
0.09,4888
0.09,4887
0.09,4886
0.09,4885
0.09,4884
0.09,4883
0.09,4882
0.09,4881
0.09,4880
0.09,4879
0.09,4878
0.09,4877
0.09,4876
0.10,4875
0.10,4874
0.10,4873
0.10,4872
0.10,4871
0.10,4870
0.10,4869
0.10,4868
0.10,4867
0.10,4866
0.10,4865
0.10,4864
0.10,4863
0.10,4862
0.10,4861
0.10,4860
0.10,4859
0.10,4858
0.10,4857
0.10,4856
0.10,4855
0.10,4854
0.10,4853
0.10,4852
0.10,4851
0.10,4850
0.11,4849
0.11,4848
0.11,4847
0.11,4846
0.11,4845
0.11,4844
0.11,4843
0.11,4842
0.11,4841
0.11,4840
0.11,4839
0.11,4838
0.11,4837
0.11,4836
0.11,4835
0.11,4834
0.11,4833
0.11,4832
0.11,4831
0.11,4830
0.11,4829
0.11,4828
0.12,4827
0.12,4826
0.12,4825
0.12,4824
0.12,4823
0.12,4822
0.12,4821
0.12,4820
0.12,4819
0.12,4818
0.12,4817
0.12,4816
0.12,4815
0.12,4814
0.12,4813
0.12,4812
0.12,4811
0.12,4810
0.12,4809
0.12,4808
0.12,4807
0.12,4806
0.12,4805
0.12,4804
0.12,4803
0.12,4802
0.12,4801
0.12,4800
0.12,4799
0.12,4798
0.13,4797
0.13,4796
0.13,4795
0.13,4794
0.13,4793
0.13,4792
0.13,4791
0.13,4790
0.13,4789
0.13,4788
0.13,4787
0.13,4786
0.13,4785
0.13,4784
0.13,4783
0.13,4782
0.13,4781
0.13,4780
0.13,4779
0.13,4778
0.13,4777
0.13,4776
0.13,4775
0.13,4774
0.13,4773
0.13,4772
0.13,4771
0.13,4770
0.13,4769
0.13,4768
0.13,4767
0.13,4766
0.13,4765
0.13,4764
0.13,4763
0.13,4762
0.14,4761
0.14,4760
0.14,4759
0.14,4758
0.14,4757
0.14,4756
0.14,4755
0.14,4754
0.14,4753
0.14,4752
0.14,4751
0.14,4750
0.14,4749
0.14,4748
0.14,4747
0.14,4746
0.14,4745
0.14,4744
0.14,4743
0.14,4742
0.14,4741
0.14,4740
0.14,4739
0.14,4738
0.14,4737
0.14,4736
0.14,4735
0.14,4734
0.14,4733
0.14,4732
0.14,4731
0.15,4730
0.15,4729
0.15,4728
0.15,4727
0.15,4726
0.15,4725
0.15,4724
0.15,4723
0.15,4722
0.15,4721
0.15,4720
0.15,4719
0.15,4718
0.15,4717
0.15,4716
0.15,4715
0.15,4714
0.15,4713
0.15,4712
0.15,4711
0.15,4710
0.16,4709
0.16,4708
0.16,4707
0.16,4706
0.16,4705
0.16,4704
0.16,4703
0.16,4702
0.16,4701
0.16,4700
0.16,4699
0.16,4698
0.16,4697
0.16,4696
0.16,4695
0.16,4694
0.16,4693
0.16,4692
0.16,4691
0.16,4690
0.16,4689
0.16,4688
0.16,4687
0.16,4686
0.16,4685
0.16,4684
0.16,4683
0.17,4682
0.17,4681
0.17,4680
0.17,4679
0.17,4678
0.17,4677
0.17,4676
0.17,4675
0.17,4674
0.17,4673
0.17,4672
0.17,4671
0.17,4670
0.17,4669
0.17,4668
0.17,4667
0.17,4666
0.17,4665
0.17,4664
0.17,4663
0.17,4662
0.17,4661
0.17,4660
0.17,4659
0.17,4658
0.17,4657
0.17,4656
0.17,4655
0.17,4654
0.17,4653
0.17,4652
0.18,4651
0.18,4650
0.18,4649
0.18,4648
0.18,4647
0.18,4646
0.18,4645
0.18,4644
0.18,4643
0.18,4642
0.18,4641
0.18,4640
0.18,4639
0.18,4638
0.18,4637
0.18,4636
0.18,4635
0.18,4634
0.19,4633
0.19,4632
0.19,4631
0.19,4630
0.19,4629
0.19,4628
0.19,4627
0.19,4626
0.19,4625
0.19,4624
0.19,4623
0.19,4622
0.19,4621
0.19,4620
0.19,4619
0.19,4618
0.20,4617
0.20,4616
0.20,4615
0.20,4614
0.20,4613
0.20,4612
0.20,4611
0.20,4610
0.20,4609
0.20,4608
0.20,4607
0.20,4606
0.20,4605
0.20,4604
0.20,4603
0.20,4602
0.20,4601
0.20,4600
0.21,4599
0.21,4598
0.21,4597
0.21,4596
0.21,4595
0.21,4594
0.21,4593
0.21,4592
0.21,4591
0.21,4590
0.21,4589
0.21,4588
0.21,4587
0.21,4586
0.21,4585
0.21,4584
0.21,4583
0.21,4582
0.22,4581
0.22,4580
0.22,4579
0.22,4578
0.22,4577
0.22,4576
0.22,4575
0.22,4574
0.22,4573
0.22,4572
0.22,4571
0.22,4570
0.22,4569
0.22,4568
0.22,4567
0.22,4566
0.22,4565
0.22,4564
0.22,4563
0.22,4562
0.22,4561
0.22,4560
0.22,4559
0.22,4558
0.22,4557
0.22,4556
0.22,4555
0.22,4554
0.22,4553
0.22,4552
0.23,4551
0.23,4550
0.23,4549
0.23,4548
0.23,4547
0.23,4546
0.23,4545
0.23,4544
0.23,4543
0.23,4542
0.23,4541
0.23,4540
0.23,4539
0.23,4538
0.23,4537
0.23,4536
0.23,4535
0.23,4534
0.23,4533
0.23,4532
0.23,4531
0.23,4530
0.23,4529
0.23,4528
0.23,4527
0.23,4526
0.23,4525
0.24,4524
0.24,4523
0.24,4522
0.24,4521
0.24,4520
0.24,4519
0.24,4518
0.24,4517
0.24,4516
0.24,4515
0.24,4514
0.24,4513
0.24,4512
0.24,4511
0.24,4510
0.24,4509
0.24,4508
0.24,4507
0.25,4506
0.25,4505
0.25,4504
0.25,4503
0.25,4502
0.25,4501
0.25,4500
0.25,4499
0.25,4498
0.25,4497
0.26,4496
0.26,4495
0.26,4494
0.26,4493
0.26,4492
0.26,4491
0.26,4490
0.26,4489
0.26,4488
0.26,4487
0.26,4486
0.26,4485
0.26,4484
0.27,4483
0.27,4482
0.27,4481
0.27,4480
0.27,4479
0.27,4478
0.27,4477
0.27,4476
0.27,4475
0.27,4474
0.27,4473
0.27,4472
0.27,4471
0.27,4470
0.27,4469
0.27,4468
0.27,4467
0.27,4466
0.27,4465
0.27,4464
0.27,4463
0.27,4462
0.27,4461
0.28,4460
0.28,4459
0.28,4458
0.28,4457
0.28,4456
0.28,4455
0.28,4454
0.28,4453
0.28,4452
0.28,4451
0.28,4450
0.29,4449
0.29,4448
0.29,4447
0.29,4446
0.29,4445
0.29,4444
0.29,4443
0.30,4442
0.30,4441
0.30,4440
0.30,4439
0.30,4438
0.30,4437
0.30,4436
0.30,4435
0.30,4434
0.30,4433
0.30,4432
0.30,4431
0.30,4430
0.30,4429
0.30,4428
0.30,4427
0.30,4426
0.30,4425
0.30,4424
0.30,4423
0.30,4422
0.30,4421
0.30,4420
0.30,4419
0.30,4418
0.30,4417
0.31,4416
0.31,4415
0.31,4414
0.31,4413
0.31,4412
0.31,4411
0.31,4410
0.31,4409
0.32,4408
0.32,4407
0.32,4406
0.32,4405
0.32,4404
0.33,4403
0.33,4402
0.33,4401
0.33,4400
0.33,4399
0.33,4398
0.33,4397
0.33,4396
0.33,4395
0.33,4394
0.33,4393
0.33,4392
0.33,4391
0.33,4390
0.33,4389
0.33,4388
0.33,4387
0.33,4386
0.33,4385
0.33,4384
0.33,4383
0.34,4382
0.34,4381
0.34,4380
0.34,4379
0.34,4378
0.34,4377
0.34,4376
0.34,4375
0.34,4374
0.34,4373
0.34,4372
0.34,4371
0.35,4370
0.35,4369
0.35,4368
0.35,4367
0.35,4366
0.35,4365
0.35,4364
0.35,4363
0.36,4362
0.36,4361
0.36,4360
0.36,4359
0.36,4358
0.36,4357
0.36,4356
0.36,4355
0.36,4354
0.36,4353
0.36,4352
0.36,4351
0.37,4350
0.37,4349
0.37,4348
0.37,4347
0.37,4346
0.37,4345
0.37,4344
0.37,4343
0.37,4342
0.37,4341
0.37,4340
0.37,4339
0.37,4338
0.37,4337
0.37,4336
0.38,4335
0.38,4334
0.38,4333
0.38,4332
0.38,4331
0.38,4330
0.38,4329
0.38,4328
0.39,4327
0.39,4326
0.39,4325
0.39,4324
0.39,4323
0.39,4322
0.39,4321
0.39,4320
0.39,4319
0.39,4318
0.39,4317
0.39,4316
0.39,4315
0.39,4314
0.39,4313
0.39,4312
0.39,4311
0.39,4310
0.39,4309
0.39,4308
0.39,4307
0.39,4306
0.39,4305
0.39,4304
0.39,4303
0.39,4302
0.39,4301
0.39,4300
0.39,4299
0.39,4298
0.40,4297
0.40,4296
0.40,4295
0.40,4294
0.40,4293
0.40,4292
0.40,4291
0.40,4290
0.40,4289
0.40,4288
0.41,4287
0.41,4286
0.41,4285
0.41,4284
0.42,4283
0.42,4282
0.42,4281
0.42,4280
0.42,4279
0.42,4278
0.42,4277
0.42,4276
0.42,4275
0.42,4274
0.42,4273
0.42,4272
0.42,4271
0.42,4270
0.43,4269
0.43,4268
0.43,4267
0.44,4266
0.44,4265
0.44,4264
0.44,4263
0.44,4262
0.44,4261
0.44,4260
0.44,4259
0.44,4258
0.44,4257
0.44,4256
0.44,4255
0.44,4254
0.44,4253
0.45,4252
0.45,4251
0.45,4250
0.45,4249
0.45,4248
0.45,4247
0.45,4246
0.45,4245
0.45,4244
0.45,4243
0.45,4242
0.45,4241
0.46,4240
0.46,4239
0.46,4238
0.46,4237
0.46,4236
0.46,4235
0.47,4234
0.47,4233
0.47,4232
0.47,4231
0.47,4230
0.47,4229
0.48,4228
0.48,4227
0.48,4226
0.48,4225
0.48,4224
0.48,4223
0.48,4222
0.48,4221
0.48,4220
0.49,4219
0.49,4218
0.49,4217
0.49,4216
0.49,4215
0.49,4214
0.49,4213
0.49,4212
0.49,4211
0.50,4210
0.50,4209
0.50,4208
0.50,4207
0.51,4206
0.51,4205
0.51,4204
0.51,4203
0.51,4202
0.51,4201
0.51,4200
0.51,4199
0.51,4198
0.51,4197
0.51,4196
0.51,4195
0.51,4194
0.51,4193
0.51,4192
0.52,4191
0.52,4190
0.52,4189
0.52,4188
0.52,4187
0.52,4186
0.52,4185
0.52,4184
0.53,4183
0.53,4182
0.54,4181
0.54,4180
0.54,4179
0.54,4178
0.54,4177
0.54,4176
0.54,4175
0.54,4174
0.54,4173
0.54,4172
0.54,4171
0.54,4170
0.55,4169
0.55,4168
0.55,4167
0.55,4166
0.55,4165
0.55,4164
0.57,4163
0.57,4162
0.57,4161
0.57,4160
0.57,4159
0.58,4158
0.58,4157
0.58,4156
0.58,4155
0.59,4154
0.59,4153
0.59,4152
0.59,4151
0.60,4150
0.60,4149
0.60,4148
0.60,4147
0.60,4146
0.60,4145
0.60,4144
0.60,4143
0.60,4142
0.60,4141
0.60,4140
0.60,4139
0.60,4138
0.61,4137
0.61,4136
0.61,4135
0.61,4134
0.62,4133
0.62,4132
0.62,4131
0.62,4130
0.62,4129
0.62,4128
0.62,4127
0.62,4126
0.62,4125
0.62,4124
0.62,4123
0.62,4122
0.62,4121
0.62,4120
0.62,4119
0.63,4118
0.64,4117
0.64,4116
0.64,4115
0.64,4114
0.65,4113
0.65,4112
0.65,4111
0.65,4110
0.65,4109
0.65,4108
0.65,4107
0.66,4106
0.66,4105
0.67,4104
0.67,4103
0.67,4102
0.67,4101
0.68,4100
0.68,4099
0.68,4098
0.68,4097
0.68,4096
0.68,4095
0.68,4094
0.70,4093
0.70,4092
0.70,4091
0.70,4090
0.70,4089
0.70,4088
0.70,4087
0.70,4086
0.70,4085
0.71,4084
0.71,4083
0.71,4082
0.71,4081
0.72,4080
0.72,4079
0.72,4078
0.75,4077
0.75,4076
0.75,4075
0.75,4074
0.75,4073
0.75,4072
0.75,4071
0.75,4070
0.75,4069
0.75,4068
0.75,4067
0.75,4066
0.75,4065
0.75,4064
0.75,4063
0.76,4062
0.76,4061
0.76,4060
0.78,4059
0.78,4058
0.78,4057
0.78,4056
0.78,4055
0.78,4054
0.79,4053
0.79,4052
0.79,4051
0.79,4050
0.79,4049
0.79,4048
0.79,4047
0.80,4046
0.80,4045
0.80,4044
0.80,4043
0.80,4042
0.80,4041
0.80,4040
0.80,4039
0.81,4038
0.81,4037
0.81,4036
0.81,4035
0.81,4034
0.81,4033
0.81,4032
0.81,4031
0.81,4030
0.81,4029
0.81,4028
0.81,4027
0.81,4026
0.82,4025
0.82,4024
0.82,4023
0.82,4022
0.82,4021
0.83,4020
0.83,4019
0.86,4018
0.86,4017
0.86,4016
0.86,4015
0.86,4014
0.86,4013
0.87,4012
0.87,4011
0.87,4010
0.87,4009
0.88,4008
0.88,4007
0.88,4006
0.88,4005
0.88,4004
0.88,4003
0.88,4002
0.90,4001
0.90,4000
0.90,3999
0.90,3998
0.91,3997
0.91,3996
0.91,3995
0.91,3994
0.92,3993
0.92,3992
0.92,3991
0.92,3990
0.92,3989
0.92,3988
0.92,3987
0.92,3986
0.94,3985
0.94,3984
0.94,3983
0.94,3982
0.94,3981
0.94,3980
0.94,3979
0.94,3978
0.99,3977
0.99,3976
0.99,3975
1.01,3974
1.01,3973
1.03,3972
1.03,3971
1.04,3970
1.04,3969
1.04,3968
1.04,3967
1.04,3966
1.04,3965
1.05,3964
1.05,3963
1.05,3962
1.05,3961
1.05,3960
1.11,3959
1.11,3958
1.11,3957
1.11,3956
1.13,3955
1.16,3954
1.16,3953
1.16,3952
1.17,3951
1.17,3950
1.17,3949
1.17,3948
1.17,3947
1.17,3946
1.17,3945
1.17,3944
1.17,3943
1.17,3942
1.18,3941
1.18,3940
1.18,3939
1.18,3938
1.18,3937
1.18,3936
1.18,3935
1.18,3934
1.20,3933
1.20,3932
1.21,3931
1.21,3930
1.21,3929
1.24,3928
1.24,3927
1.24,3926
1.26,3925
1.28,3924
1.32,3923
1.32,3922
1.32,3921
1.32,3920
1.32,3919
1.32,3918
1.33,3917
1.33,3916
1.33,3915
1.34,3914
1.34,3913
1.36,3912
1.36,3911
1.36,3910
1.36,3909
1.36,3908
1.36,3907
1.36,3906
1.36,3905
1.36,3904
1.36,3903
1.36,3902
1.36,3901
1.36,3900
1.36,3899
1.38,3898
1.38,3897
1.38,3896
1.38,3895
1.39,3894
1.39,3893
1.39,3892
1.39,3891
1.39,3890
1.39,3889
1.39,3888
1.39,3887
1.41,3886
1.41,3885
1.41,3884
1.41,3883
1.42,3882
1.42,3881
1.42,3880
1.42,3879
1.43,3878
1.43,3877
1.43,3876
1.44,3875
1.44,3874
1.46,3873
1.46,3872
1.46,3871
1.46,3870
1.46,3869
1.47,3868
1.47,3867
1.47,3866
1.47,3865
1.47,3864
1.47,3863
1.47,3862
1.47,3861
1.47,3860
1.47,3859
1.47,3858
1.47,3857
1.47,3856
1.47,3855
1.48,3854
1.48,3853
1.52,3852
1.52,3851
1.52,3850
1.52,3849
1.52,3848
1.52,3847
1.53,3846
1.53,3845
1.53,3844
1.54,3843
1.54,3842
1.54,3841
1.54,3840
1.55,3839
1.73,3838
1.73,3837
1.73,3836
1.73,3835
1.74,3834
1.74,3833
1.77,3832
1.77,3831
1.77,3830
1.80,3829
1.80,3828
1.80,3827
1.80,3826
1.80,3825
1.80,3824
1.80,3823
1.80,3822
1.80,3821
1.80,3820
1.81,3819
1.82,3818
1.82,3817
1.82,3816
1.82,3815
1.82,3814
1.83,3813
1.83,3812
1.83,3811
1.84,3810
1.84,3809
1.85,3808
1.85,3807
1.89,3806
1.90,3805
2.02,3804
2.02,3803
2.03,3802
2.03,3801
2.03,3800
2.03,3799
2.04,3798
2.04,3797
2.04,3796
2.05,3795
2.20,3794
2.21,3793
2.21,3792
2.21,3791
2.21,3790
2.21,3789
2.21,3788
2.21,3787
2.21,3786
2.21,3785
2.21,3784
2.22,3783
2.22,3782
2.22,3781
2.22,3780
2.27,3779
2.27,3778
2.27,3777
2.28,3776
2.28,3775
2.28,3774
2.31,3773
2.31,3772
2.31,3771
2.31,3770
2.32,3769
2.32,3768
2.32,3767
2.33,3766
2.33,3765
2.33,3764
2.33,3763
2.33,3762
2.33,3761
2.33,3760
2.56,3759
2.57,3758
2.57,3757
2.57,3756
2.60,3755
2.60,3754
2.60,3753
2.60,3752
2.60,3751
2.60,3750
2.64,3749
2.64,3748
2.64,3747
2.67,3746
2.67,3745
2.67,3744
2.67,3743
2.67,3742
2.67,3741
2.67,3740
2.68,3739
2.68,3738
2.69,3737
2.69,3736
2.70,3735
2.70,3734
2.70,3733
2.70,3732
2.70,3731
2.71,3730
2.71,3729
2.71,3728
2.71,3727
2.71,3726
2.72,3725
2.72,3724
2.75,3723
2.75,3722
2.75,3721
2.75,3720
2.76,3719
2.76,3718
2.76,3717
2.82,3716
2.83,3715
2.83,3714
2.83,3713
2.83,3712
2.83,3711
2.83,3710
2.84,3709
2.84,3708
2.84,3707
2.84,3706
2.85,3705
2.85,3704
2.85,3703
2.85,3702
2.85,3701
2.85,3700
2.85,3699
2.87,3698
2.87,3697
2.87,3696
2.87,3695
2.87,3694
2.87,3693
2.87,3692
2.87,3691
2.87,3690
2.87,3689
2.87,3688
2.87,3687
2.88,3686
2.88,3685
2.88,3684
2.88,3683
2.93,3682
2.93,3681
2.93,3680
2.93,3679
2.93,3678
2.93,3677
2.93,3676
6.06,3675
6.06,3674
6.06,3673
6.06,3672
6.06,3671
6.06,3670
6.06,3669
6.06,3668
6.07,3667
6.07,3666
6.07,3665
6.07,3664
6.34,3663
6.34,3662
6.34,3661
6.34,3660
6.34,3659
6.38,3658
6.38,3657
6.38,3656
8.19,3655
8.19,3654
8.21,3653
8.21,3652
8.21,3651
8.21,3650
8.21,3649
8.21,3648
8.21,3647
8.21,3646
8.21,3645
8.28,3644
8.28,3643
8.28,3642
8.29,3641
8.32,3640
8.33,3639
8.34,3638
8.34,3637
8.34,3636
8.34,3635
8.34,3634
8.36,3633
8.36,3632
8.39,3631
8.40,3630
8.40,3629
8.40,3628
8.40,3627
8.40,3626
8.40,3625
8.40,3624
8.41,3623
8.41,3622
8.41,3621
8.41,3620
8.41,3619
8.43,3618
8.43,3617
8.43,3616
8.44,3615
8.45,3614
8.45,3613
8.45,3612
8.45,3611
8.47,3610
8.47,3609
8.47,3608
8.47,3607
8.47,3606
8.47,3605
8.47,3604
8.47,3603
8.56,3602
8.58,3601
8.58,3600
11.30,3599
11.30,3598
11.30,3597
11.31,3596
11.31,3595
11.32,3594
11.32,3593
11.32,3592
11.32,3591
11.32,3590
11.32,3589
11.33,3588
12.16,3587
12.16,3586
12.16,3585
12.16,3584
12.16,3583
12.33,3582
12.35,3581
12.35,3580
12.56,3579
12.56,3578
12.56,3577
12.60,3576
12.60,3575
12.62,3574
12.89,3573
12.95,3572
12.95,3571
12.95,3570
13.01,3569
13.01,3568
13.02,3567
13.05,3566
13.05,3565
13.14,3564
13.14,3563
13.14,3562
13.17,3561
13.18,3560
13.18,3559
13.22,3558
13.22,3557
13.23,3556
13.23,3555
13.23,3554
13.23,3553
13.23,3552
13.28,3551
13.28,3550
13.28,3549
13.28,3548
13.28,3547
13.29,3546
13.30,3545
13.30,3544
13.30,3543
13.30,3542
13.34,3541
13.34,3540
13.34,3539
13.34,3538
13.34,3537
13.34,3536
13.34,3535
13.35,3534
13.36,3533
13.37,3532
13.37,3531
13.37,3530
13.37,3529
13.37,3528
13.37,3527
13.37,3526
13.37,3525
13.37,3524
13.47,3523
13.47,3522
13.47,3521
13.47,3520
15.46,3519
15.46,3518
16.14,3517
16.15,3516
16.16,3515
16.16,3514
16.16,3513
16.16,3512
16.16,3511
16.16,3510
16.16,3509
16.16,3508
16.17,3507
16.17,3506
16.17,3505
16.17,3504
16.17,3503
16.17,3502
16.17,3501
16.17,3500
16.17,3499
16.17,3498
16.17,3497
16.17,3496
16.17,3495
16.19,3494
16.22,3493
16.22,3492
16.22,3491
16.24,3490
16.24,3489
16.24,3488
16.24,3487
16.25,3486
16.25,3485
16.25,3484
16.25,3483
16.25,3482
16.25,3481
16.25,3480
16.25,3479
16.25,3478
16.25,3477
16.30,3476
16.30,3475
16.30,3474
16.30,3473
16.30,3472
16.30,3471
16.31,3470
16.31,3469
16.31,3468
16.31,3467
16.32,3466
16.33,3465
16.40,3464
16.42,3463
16.42,3462
16.42,3461
16.44,3460
16.44,3459
16.44,3458
16.44,3457
16.44,3456
16.80,3455
16.80,3454
16.83,3453
16.84,3452
16.84,3451
16.91,3450
16.91,3449
16.98,3448
16.98,3447
16.98,3446
16.98,3445
16.99,3444
17.00,3443
17.00,3442
17.01,3441
17.01,3440
17.01,3439
17.01,3438
17.01,3437
17.02,3436
17.02,3435
17.02,3434
17.05,3433
17.05,3432
17.25,3431
17.25,3430
17.25,3429
17.25,3428
17.25,3427
17.25,3426
17.25,3425
17.26,3424
17.26,3423
17.26,3422
17.26,3421
17.26,3420
17.26,3419
17.27,3418
17.27,3417
17.27,3416
17.27,3415
17.28,3414
17.28,3413
17.28,3412
17.28,3411
17.28,3410
17.31,3409
17.31,3408
17.31,3407
17.31,3406
17.31,3405
17.31,3404
17.31,3403
17.31,3402
17.32,3401
17.32,3400
17.32,3399
17.39,3398
17.39,3397
17.41,3396
17.41,3395
17.41,3394
17.42,3393
17.42,3392
17.42,3391
17.42,3390
17.42,3389
17.42,3388
17.54,3387
17.54,3386
17.54,3385
17.60,3384
17.61,3383
17.61,3382
17.61,3381
17.61,3380
17.63,3379
17.63,3378
17.63,3377
17.63,3376
17.63,3375
17.71,3374
17.71,3373
17.71,3372
17.71,3371
17.71,3370
17.72,3369
17.72,3368
17.72,3367
17.72,3366
17.72,3365
17.73,3364
17.74,3363
17.74,3362
17.74,3361
17.74,3360
17.74,3359
17.74,3358
17.74,3357
17.74,3356
17.74,3355
17.74,3354
17.74,3353
17.74,3352
17.74,3351
17.75,3350
17.75,3349
17.75,3348
17.76,3347
17.77,3346
17.78,3345
17.78,3344
17.78,3343
17.78,3342
17.78,3341
18.62,3340
18.63,3339
18.63,3338
18.64,3337
18.64,3336
18.65,3335
18.65,3334
18.65,3333
18.65,3332
18.65,3331
18.65,3330
18.65,3329
18.65,3328
18.65,3327
18.65,3326
18.77,3325
18.77,3324
18.77,3323
18.77,3322
18.77,3321
18.77,3320
18.77,3319
18.77,3318
18.77,3317
18.78,3316
18.80,3315
18.80,3314
18.80,3313
18.80,3312
18.80,3311
18.80,3310
18.80,3309
18.80,3308
18.80,3307
18.80,3306
18.81,3305
18.82,3304
18.82,3303
18.83,3302
18.83,3301
18.83,3300
18.83,3299
18.83,3298
18.84,3297
18.85,3296
18.85,3295
18.86,3294
18.86,3293
18.86,3292
18.86,3291
18.86,3290
18.86,3289
18.87,3288
18.87,3287
18.87,3286
18.87,3285
18.87,3284
18.87,3283
18.87,3282
18.90,3281
18.91,3280
18.91,3279
18.91,3278
18.91,3277
18.91,3276
18.91,3275
18.91,3274
18.91,3273
18.91,3272
18.91,3271
18.91,3270
18.91,3269
18.92,3268
18.93,3267
18.96,3266
18.96,3265
18.97,3264
18.97,3263
18.97,3262
18.97,3261
18.97,3260
18.97,3259
18.97,3258
19.01,3257
19.01,3256
19.01,3255
19.01,3254
19.02,3253
19.02,3252
19.02,3251
19.02,3250
19.02,3249
19.02,3248
19.06,3247
19.07,3246
19.07,3245
19.07,3244
19.08,3243
19.08,3242
19.08,3241
19.08,3240
19.08,3239
19.09,3238
19.09,3237
19.10,3236
19.10,3235
19.10,3234
19.10,3233
19.10,3232
19.10,3231
19.13,3230
19.22,3229
19.22,3228
19.22,3227
19.23,3226
19.23,3225
19.23,3224
19.24,3223
19.24,3222
19.25,3221
19.28,3220
19.28,3219
19.28,3218
19.28,3217
19.29,3216
19.29,3215
19.29,3214
19.51,3213
19.51,3212
19.52,3211
19.52,3210
19.55,3209
19.55,3208
19.55,3207
19.56,3206
19.56,3205
19.58,3204
19.58,3203
19.58,3202
19.58,3201
19.59,3200
19.59,3199
19.59,3198
19.59,3197
19.59,3196
19.59,3195
19.60,3194
19.60,3193
19.60,3192
19.60,3191
19.60,3190
19.61,3189
19.61,3188
19.61,3187
19.70,3186
19.70,3185
19.71,3184
19.71,3183
19.71,3182
19.72,3181
20.06,3180
20.06,3179
20.06,3178
20.06,3177
20.06,3176
20.06,3175
20.06,3174
20.06,3173
20.06,3172
20.06,3171
20.06,3170
20.09,3169
20.09,3168
20.09,3167
20.09,3166
20.10,3165
20.10,3164
20.10,3163
20.10,3162
20.15,3161
20.15,3160
20.16,3159
20.16,3158
20.16,3157
20.17,3156
20.17,3155
20.17,3154
20.17,3153
20.17,3152
20.17,3151
20.17,3150
20.19,3149
20.19,3148
20.22,3147
20.22,3146
20.22,3145
20.25,3144
20.25,3143
20.28,3142
20.28,3141
20.28,3140
20.29,3139
20.29,3138
20.29,3137
20.29,3136
20.29,3135
20.30,3134
20.30,3133
20.30,3132
20.30,3131
20.30,3130
20.30,3129
20.30,3128
20.31,3127
20.34,3126
20.34,3125
20.35,3124
20.35,3123
20.35,3122
20.35,3121
20.35,3120
20.35,3119
20.35,3118
20.35,3117
20.36,3116
20.37,3115
20.37,3114
20.37,3113
20.42,3112
20.42,3111
20.42,3110
20.42,3109
20.42,3108
20.44,3107
20.44,3106
20.44,3105
20.54,3104
20.54,3103
20.54,3102
20.55,3101
20.55,3100
20.55,3099
20.55,3098
20.55,3097
20.56,3096
20.56,3095
20.56,3094
20.71,3093
20.71,3092
20.71,3091
20.71,3090
20.71,3089
20.72,3088
20.73,3087
20.73,3086
20.73,3085
20.73,3084
20.82,3083
20.82,3082
20.82,3081
20.82,3080
20.82,3079
20.83,3078
20.84,3077
20.85,3076
20.85,3075
20.85,3074
20.85,3073
20.85,3072
20.85,3071
20.85,3070
20.85,3069
20.85,3068
20.85,3067
20.85,3066
20.85,3065
21.06,3064
21.23,3063
21.23,3062
21.32,3061
21.35,3060
21.35,3059
21.35,3058
21.36,3057
21.37,3056
21.37,3055
21.37,3054
21.38,3053
21.38,3052
21.38,3051
21.38,3050
21.39,3049
21.39,3048
21.39,3047
21.39,3046
21.39,3045
21.39,3044
21.39,3043
21.39,3042
21.41,3041
21.41,3040
21.41,3039
21.42,3038
21.42,3037
21.42,3036
21.43,3035
21.43,3034
21.48,3033
21.48,3032
21.50,3031
21.50,3030
21.50,3029
21.50,3028
21.52,3027
21.52,3026
21.52,3025
21.52,3024
21.52,3023
21.52,3022
21.52,3021
21.52,3020
21.52,3019
21.53,3018
21.53,3017
21.53,3016
21.53,3015
21.53,3014
21.53,3013
21.53,3012
21.53,3011
21.54,3010
21.54,3009
22.18,3008
22.18,3007
22.19,3006
22.19,3005
22.19,3004
22.19,3003
22.21,3002
22.21,3001
22.21,3000
22.21,2999
22.21,2998
22.22,2997
22.22,2996
22.23,2995
22.23,2994
22.23,2993
22.29,2992
22.29,2991
22.35,2990
22.37,2989
22.37,2988
22.37,2987
22.37,2986
22.37,2985
22.37,2984
22.37,2983
22.38,2982
22.38,2981
22.38,2980
22.38,2979
22.40,2978
22.41,2977
22.42,2976
22.42,2975
22.54,2974
22.54,2973
22.60,2972
22.60,2971
22.61,2970
22.61,2969
22.61,2968
22.61,2967
22.61,2966
22.61,2965
22.62,2964
22.62,2963
22.64,2962
22.64,2961
22.64,2960
22.64,2959
22.65,2958
22.66,2957
22.66,2956
22.66,2955
22.66,2954
22.66,2953
22.67,2952
22.68,2951
22.68,2950
22.68,2949
22.68,2948
22.68,2947
22.68,2946
22.69,2945
22.69,2944
22.70,2943
22.70,2942
22.70,2941
22.70,2940
22.70,2939
22.70,2938
22.70,2937
22.70,2936
22.70,2935
22.70,2934
22.71,2933
22.71,2932
22.71,2931
22.71,2930
22.71,2929
22.71,2928
22.73,2927
22.74,2926
22.77,2925
22.80,2924
22.80,2923
22.80,2922
22.80,2921
22.80,2920
22.83,2919
22.84,2918
22.84,2917
22.84,2916
22.84,2915
22.84,2914
22.85,2913
23.80,2912
23.80,2911
23.80,2910
23.80,2909
23.80,2908
23.80,2907
23.80,2906
23.81,2905
23.81,2904
23.81,2903
23.82,2902
23.82,2901
23.82,2900
23.82,2899
23.82,2898
23.82,2897
23.86,2896
23.86,2895
23.86,2894
23.86,2893
23.86,2892
23.86,2891
23.86,2890
23.87,2889
23.88,2888
23.88,2887
23.88,2886
23.88,2885
23.89,2884
23.89,2883
23.90,2882
23.91,2881
23.91,2880
23.91,2879
23.91,2878
23.91,2877
23.91,2876
23.92,2875
23.92,2874
23.93,2873
23.93,2872
23.94,2871
24.01,2870
24.01,2869
24.01,2868
24.01,2867
24.01,2866
24.01,2865
24.02,2864
24.02,2863
24.02,2862
24.02,2861
24.03,2860
24.03,2859
24.03,2858
24.03,2857
24.03,2856
24.03,2855
24.04,2854
24.04,2853
24.05,2852
24.05,2851
24.05,2850
24.05,2849
24.05,2848
24.05,2847
24.06,2846
24.08,2845
24.09,2844
24.10,2843
24.10,2842
24.11,2841
24.11,2840
24.11,2839
24.11,2838
24.12,2837
24.13,2836
24.13,2835
24.13,2834
24.13,2833
24.19,2832
24.19,2831
24.19,2830
24.19,2829
24.19,2828
24.19,2827
24.20,2826
24.21,2825
24.21,2824
24.21,2823
24.21,2822
24.21,2821
24.21,2820
24.22,2819
24.22,2818
24.22,2817
24.22,2816
24.22,2815
24.22,2814
24.22,2813
24.24,2812
24.25,2811
24.25,2810
24.31,2809
24.31,2808
24.34,2807
24.34,2806
24.35,2805
24.36,2804
24.37,2803
24.37,2802
24.37,2801
24.37,2800
24.37,2799
24.38,2798
24.38,2797
24.38,2796
24.38,2795
24.38,2794
24.38,2793
24.38,2792
24.38,2791
24.38,2790
24.39,2789
24.39,2788
24.39,2787
24.39,2786
24.39,2785
24.39,2784
24.39,2783
24.39,2782
24.39,2781
24.40,2780
24.40,2779
24.40,2778
24.40,2777
24.40,2776
24.41,2775
24.41,2774
24.41,2773
24.41,2772
24.41,2771
24.51,2770
24.51,2769
24.51,2768
24.53,2767
24.53,2766
24.53,2765
24.54,2764
24.54,2763
24.54,2762
24.56,2761
24.56,2760
24.56,2759
24.56,2758
24.56,2757
24.57,2756
24.57,2755
24.58,2754
24.59,2753
24.59,2752
24.60,2751
24.60,2750
24.61,2749
24.62,2748
24.63,2747
24.63,2746
24.63,2745
24.63,2744
24.63,2743
24.64,2742
24.64,2741
24.65,2740
24.65,2739
24.65,2738
24.65,2737
24.65,2736
24.71,2735
24.71,2734
24.71,2733
24.72,2732
24.72,2731
24.72,2730
24.72,2729
24.72,2728
24.72,2727
24.78,2726
24.80,2725
24.80,2724
24.80,2723
24.80,2722
24.80,2721
24.80,2720
24.81,2719
24.81,2718
24.93,2717
24.93,2716
24.93,2715
24.93,2714
24.93,2713
24.96,2712
25.64,2711
25.64,2710
25.64,2709
25.64,2708
25.64,2707
25.65,2706
25.65,2705
25.65,2704
25.69,2703
25.69,2702
25.70,2701
25.70,2700
25.70,2699
25.70,2698
25.72,2697
25.72,2696
25.73,2695
25.73,2694
25.73,2693
25.73,2692
25.73,2691
25.74,2690
25.77,2689
25.77,2688
25.78,2687
25.78,2686
25.78,2685
25.78,2684
25.79,2683
25.88,2682
25.89,2681
25.89,2680
25.89,2679
26.08,2678
26.08,2677
26.08,2676
26.28,2675
26.28,2674
26.28,2673
26.34,2672
26.36,2671
26.36,2670
26.36,2669
26.36,2668
26.36,2667
26.37,2666
26.37,2665
26.38,2664
26.38,2663
26.40,2662
26.43,2661
26.44,2660
26.49,2659
26.52,2658
26.54,2657
26.65,2656
26.65,2655
26.81,2654
26.81,2653
26.81,2652
26.81,2651
26.82,2650
26.82,2649
26.83,2648
26.83,2647
26.83,2646
26.83,2645
27.04,2644
27.04,2643
27.04,2642
27.10,2641
27.11,2640
27.11,2639
27.12,2638
27.14,2637
27.15,2636
27.15,2635
27.15,2634
27.24,2633
27.24,2632
27.25,2631
27.25,2630
27.25,2629
27.29,2628
27.30,2627
27.32,2626
27.32,2625
27.33,2624
27.33,2623
27.34,2622
27.34,2621
27.34,2620
27.37,2619
27.37,2618
27.37,2617
27.37,2616
27.38,2615
27.38,2614
27.41,2613
27.41,2612
27.46,2611
27.46,2610
27.52,2609
27.53,2608
27.53,2607
27.53,2606
27.53,2605
27.54,2604
27.55,2603
27.57,2602
27.57,2601
27.57,2600
27.57,2599
27.57,2598
27.58,2597
27.58,2596
27.58,2595
27.58,2594
27.59,2593
27.68,2592
27.68,2591
27.68,2590
27.68,2589
27.81,2588
27.83,2587
27.83,2586
27.83,2585
27.91,2584
28.02,2583
28.03,2582
28.04,2581
28.04,2580
28.04,2579
28.04,2578
28.04,2577
28.22,2576
28.22,2575
28.22,2574
28.23,2573
28.23,2572
28.23,2571
28.23,2570
28.23,2569
28.23,2568
28.46,2567
28.46,2566
28.51,2565
28.51,2564
28.52,2563
28.54,2562
28.56,2561
28.56,2560
28.56,2559
28.57,2558
28.57,2557
28.57,2556
28.58,2555
28.62,2554
28.62,2553
28.62,2552
28.62,2551
28.63,2550
28.63,2549
28.73,2548
28.78,2547
28.78,2546
28.80,2545
28.81,2544
28.81,2543
28.81,2542
28.81,2541
28.84,2540
28.92,2539
28.93,2538
28.95,2537
28.95,2536
28.95,2535
28.96,2534
29.13,2533
29.13,2532
29.15,2531
29.15,2530
29.16,2529
29.18,2528
29.18,2527
29.21,2526
29.21,2525
29.22,2524
29.22,2523
29.22,2522
29.22,2521
29.23,2520
29.23,2519
29.23,2518
29.23,2517
29.23,2516
29.23,2515
29.24,2514
29.24,2513
29.38,2512
29.44,2511
29.44,2510
29.44,2509
29.45,2508
29.45,2507
29.45,2506
29.72,2505
29.72,2504
29.73,2503
29.73,2502
29.73,2501
29.91,2500
29.92,2499
29.94,2498
29.94,2497
29.95,2496
29.96,2495
29.96,2494
29.97,2493
29.97,2492
29.97,2491
29.98,2490
29.99,2489
29.99,2488
30.01,2487
30.01,2486
30.02,2485
30.05,2484
30.05,2483
30.06,2482
30.06,2481
30.06,2480
30.06,2479
30.06,2478
30.07,2477
30.07,2476
30.11,2475
30.12,2474
30.13,2473
30.13,2472
30.14,2471
30.14,2470
30.15,2469
30.15,2468
30.17,2467
30.17,2466
30.17,2465
30.18,2464
30.21,2463
30.21,2462
30.77,2461
30.78,2460
30.81,2459
30.81,2458
31.45,2457
31.52,2456
31.59,2455
31.62,2454
31.63,2453
31.63,2452
31.63,2451
31.64,2450
31.66,2449
31.66,2448
31.70,2447
31.70,2446
31.70,2445
31.79,2444
32.23,2443
32.24,2442
32.25,2441
32.25,2440
32.26,2439
32.27,2438
32.27,2437
32.56,2436
32.57,2435
32.88,2434
32.97,2433
33.00,2432
33.02,2431
33.02,2430
33.03,2429
33.11,2428
33.13,2427
33.17,2426
33.19,2425
33.19,2424
33.19,2423
33.19,2422
33.19,2421
34.53,2420
34.55,2419
34.68,2418
34.68,2417
34.68,2416
34.68,2415
34.70,2414
34.70,2413
34.82,2412
34.98,2411
34.98,2410
34.99,2409
35.86,2408
35.88,2407
35.88,2406
35.89,2405
35.89,2404
36.25,2403
36.26,2402
36.27,2401
36.30,2400
36.94,2399
36.95,2398
37.00,2397
37.00,2396
37.01,2395
37.01,2394
37.35,2393
37.35,2392
37.35,2391
37.36,2390
37.36,2389
37.51,2388
37.53,2387
37.67,2386
37.69,2385
37.74,2384
37.79,2383
37.79,2382
37.82,2381
37.82,2380
37.82,2379
37.82,2378
38.44,2377
38.45,2376
38.45,2375
38.46,2374
38.46,2373
38.50,2372
38.50,2371
38.63,2370
38.87,2369
38.93,2368
38.94,2367
38.94,2366
39.01,2365
39.02,2364
39.02,2363
39.90,2362
39.90,2361
39.91,2360
40.02,2359
40.03,2358
40.38,2357
40.38,2356
40.40,2355
40.43,2354
40.45,2353
40.63,2352
41.31,2351
41.32,2350
42.37,2349
42.38,2348
44.65,2347
44.73,2346
44.75,2345
44.77,2344
44.77,2343
45.53,2342
45.54,2341
46.89,2340
46.89,2339
46.89,2338
46.89,2337
46.92,2336
46.92,2335
46.93,2334
47.00,2333
47.00,2332
49.91,2331
50.00,2330
50.00,2329
50.00,2328
50.01,2327
50.01,2326
50.73,2325
50.73,2324
50.88,2323
50.88,2322
50.89,2321
50.93,2320
50.94,2319
51.10,2318
51.14,2317
51.14,2316
53.03,2315
53.74,2314
53.77,2313
54.78,2312
55.57,2311
55.57,2310
55.65,2309
55.67,2308
55.68,2307
55.73,2306
59.00,2305
59.00,2304
59.01,2303
63.00,2302
63.00,2301
63.01,2300
63.04,2299
63.06,2298
63.54,2297
63.57,2296
67.50,2295
68.40,2294
72.02,2293
72.63,2292
75.44,2291
75.46,2290
75.51,2289
81.17,2288
81.23,2287
84.53,2286
84.85,2285
84.85,2284
94.70,2283
97.40,2282
97.40,2281
97.44,2280
100.63,2279
108.61,2278
119.87,2277
137.40,2276
138.77,2275
140.16,2274
149.83,2273
150.13,2272
150.24,2271
161.85,2270
184.51,2269
193.38,2268
202.25,2267
284.01,2266
284.36,2265
507.24,2264
528.76,2263
530.91,2262
571.90,2261
