0.08,4940
0.08,4939
0.08,4938
0.08,4937
0.08,4936
0.08,4935
0.08,4934
0.08,4933
0.08,4932
0.08,4931
0.09,4930
0.09,4929
0.09,4928
0.09,4927
0.09,4926
0.09,4925
0.09,4924
0.09,4923
0.09,4922
0.09,4921
0.09,4920
0.09,4919
0.09,4918
0.09,4917
0.09,4916
0.09,4915
0.09,4914
0.09,4913
0.09,4912
0.09,4911
0.09,4910
0.09,4909
0.09,4908
0.09,4907
0.09,4906
0.09,4905
0.09,4904
0.09,4903
0.09,4902
0.09,4901
0.09,4900
0.09,4899
0.09,4898
0.09,4897
0.09,4896
0.09,4895
0.09,4894
0.09,4893
0.09,4892
0.09,4891
0.09,4890
0.09,4889
0.09,4888
0.09,4887
0.09,4886
0.09,4885
0.09,4884
0.09,4883
0.10,4882
0.10,4881
0.10,4880
0.10,4879
0.10,4878
0.10,4877
0.10,4876
0.10,4875
0.10,4874
0.10,4873
0.10,4872
0.10,4871
0.10,4870
0.10,4869
0.10,4868
0.10,4867
0.10,4866
0.10,4865
0.10,4864
0.10,4863
0.10,4862
0.10,4861
0.10,4860
0.10,4859
0.10,4858
0.10,4857
0.10,4856
0.10,4855
0.10,4854
0.10,4853
0.10,4852
0.10,4851
0.10,4850
0.10,4849
0.10,4848
0.10,4847
0.10,4846
0.10,4845
0.11,4844
0.11,4843
0.11,4842
0.11,4841
0.11,4840
0.11,4839
0.11,4838
0.11,4837
0.11,4836
0.11,4835
0.11,4834
0.11,4833
0.11,4832
0.11,4831
0.11,4830
0.11,4829
0.11,4828
0.11,4827
0.11,4826
0.11,4825
0.11,4824
0.11,4823
0.11,4822
0.11,4821
0.11,4820
0.12,4819
0.12,4818
0.12,4817
0.12,4816
0.12,4815
0.12,4814
0.12,4813
0.12,4812
0.12,4811
0.12,4810
0.12,4809
0.12,4808
0.12,4807
0.12,4806
0.12,4805
0.12,4804
0.12,4803
0.12,4802
0.12,4801
0.12,4800
0.12,4799
0.12,4798
0.12,4797
0.12,4796
0.12,4795
0.12,4794
0.12,4793
0.13,4792
0.13,4791
0.13,4790
0.13,4789
0.13,4788
0.13,4787
0.13,4786
0.13,4785
0.13,4784
0.13,4783
0.13,4782
0.13,4781
0.13,4780
0.13,4779
0.13,4778
0.13,4777
0.13,4776
0.13,4775
0.13,4774
0.13,4773
0.13,4772
0.13,4771
0.13,4770
0.13,4769
0.13,4768
0.13,4767
0.13,4766
0.13,4765
0.13,4764
0.13,4763
0.13,4762
0.13,4761
0.13,4760
0.13,4759
0.13,4758
0.13,4757
0.14,4756
0.14,4755
0.14,4754
0.14,4753
0.14,4752
0.14,4751
0.14,4750
0.14,4749
0.14,4748
0.14,4747
0.14,4746
0.14,4745
0.14,4744
0.14,4743
0.14,4742
0.14,4741
0.14,4740
0.14,4739
0.14,4738
0.15,4737
0.15,4736
0.15,4735
0.15,4734
0.15,4733
0.15,4732
0.15,4731
0.15,4730
0.15,4729
0.15,4728
0.15,4727
0.15,4726
0.15,4725
0.15,4724
0.15,4723
0.15,4722
0.15,4721
0.15,4720
0.15,4719
0.15,4718
0.15,4717
0.15,4716
0.15,4715
0.15,4714
0.16,4713
0.16,4712
0.16,4711
0.16,4710
0.16,4709
0.16,4708
0.16,4707
0.16,4706
0.16,4705
0.16,4704
0.16,4703
0.16,4702
0.16,4701
0.16,4700
0.16,4699
0.16,4698
0.16,4697
0.16,4696
0.16,4695
0.16,4694
0.16,4693
0.16,4692
0.16,4691
0.17,4690
0.17,4689
0.17,4688
0.17,4687
0.17,4686
0.17,4685
0.17,4684
0.17,4683
0.18,4682
0.18,4681
0.18,4680
0.18,4679
0.18,4678
0.18,4677
0.18,4676
0.18,4675
0.18,4674
0.18,4673
0.18,4672
0.18,4671
0.19,4670
0.19,4669
0.19,4668
0.19,4667
0.19,4666
0.19,4665
0.19,4664
0.19,4663
0.19,4662
0.19,4661
0.19,4660
0.19,4659
0.19,4658
0.19,4657
0.19,4656
0.19,4655
0.19,4654
0.19,4653
0.19,4652
0.19,4651
0.20,4650
0.20,4649
0.20,4648
0.20,4647
0.20,4646
0.20,4645
0.20,4644
0.20,4643
0.20,4642
0.20,4641
0.20,4640
0.20,4639
0.20,4638
0.20,4637
0.20,4636
0.20,4635
0.20,4634
0.20,4633
0.20,4632
0.21,4631
0.21,4630
0.21,4629
0.21,4628
0.21,4627
0.21,4626
0.21,4625
0.21,4624
0.21,4623
0.21,4622
0.21,4621
0.21,4620
0.21,4619
0.21,4618
0.21,4617
0.21,4616
0.21,4615
0.22,4614
0.22,4613
0.22,4612
0.22,4611
0.22,4610
0.22,4609
0.22,4608
0.22,4607
0.22,4606
0.22,4605
0.22,4604
0.22,4603
0.22,4602
0.22,4601
0.22,4600
0.22,4599
0.22,4598
0.22,4597
0.22,4596
0.22,4595
0.22,4594
0.22,4593
0.23,4592
0.23,4591
0.23,4590
0.23,4589
0.23,4588
0.23,4587
0.23,4586
0.23,4585
0.23,4584
0.23,4583
0.23,4582
0.23,4581
0.23,4580
0.23,4579
0.23,4578
0.23,4577
0.24,4576
0.24,4575
0.24,4574
0.24,4573
0.24,4572
0.24,4571
0.24,4570
0.24,4569
0.24,4568
0.24,4567
0.24,4566
0.24,4565
0.24,4564
0.25,4563
0.25,4562
0.25,4561
0.25,4560
0.25,4559
0.25,4558
0.25,4557
0.25,4556
0.25,4555
0.25,4554
0.25,4553
0.25,4552
0.25,4551
0.25,4550
0.25,4549
0.25,4548
0.25,4547
0.25,4546
0.25,4545
0.25,4544
0.25,4543
0.25,4542
0.25,4541
0.25,4540
0.25,4539
0.25,4538
0.25,4537
0.25,4536
0.26,4535
0.26,4534
0.26,4533
0.26,4532
0.26,4531
0.26,4530
0.26,4529
0.26,4528
0.26,4527
0.26,4526
0.26,4525
0.26,4524
0.26,4523
0.26,4522
0.26,4521
0.26,4520
0.27,4519
0.27,4518
0.27,4517
0.27,4516
0.28,4515
0.28,4514
0.28,4513
0.28,4512
0.28,4511
0.28,4510
0.28,4509
0.28,4508
0.28,4507
0.28,4506
0.28,4505
0.28,4504
0.28,4503
0.28,4502
0.28,4501
0.28,4500
0.28,4499
0.29,4498
0.29,4497
0.29,4496
0.29,4495
0.29,4494
0.29,4493
0.29,4492
0.29,4491
0.29,4490
0.29,4489
0.29,4488
0.29,4487
0.29,4486
0.29,4485
0.29,4484
0.29,4483
0.29,4482
0.29,4481
0.29,4480
0.29,4479
0.30,4478
0.30,4477
0.30,4476
0.30,4475
0.30,4474
0.30,4473
0.30,4472
0.30,4471
0.30,4470
0.30,4469
0.30,4468
0.30,4467
0.30,4466
0.30,4465
0.30,4464
0.30,4463
0.30,4462
0.30,4461
0.30,4460
0.31,4459
0.31,4458
0.31,4457
0.31,4456
0.31,4455
0.31,4454
0.31,4453
0.31,4452
0.31,4451
0.31,4450
0.31,4449
0.31,4448
0.31,4447
0.31,4446
0.31,4445
0.31,4444
0.31,4443
0.32,4442
0.32,4441
0.32,4440
0.32,4439
0.32,4438
0.32,4437
0.32,4436
0.32,4435
0.32,4434
0.32,4433
0.32,4432
0.32,4431
0.32,4430
0.32,4429
0.32,4428
0.32,4427
0.32,4426
0.32,4425
0.32,4424
0.32,4423
0.32,4422
0.32,4421
0.32,4420
0.32,4419
0.33,4418
0.33,4417
0.33,4416
0.33,4415
0.33,4414
0.33,4413
0.33,4412
0.33,4411
0.33,4410
0.33,4409
0.33,4408
0.33,4407
0.33,4406
0.33,4405
0.33,4404
0.33,4403
0.34,4402
0.34,4401
0.34,4400
0.34,4399
0.34,4398
0.34,4397
0.34,4396
0.34,4395
0.34,4394
0.34,4393
0.34,4392
0.34,4391
0.35,4390
0.35,4389
0.35,4388
0.35,4387
0.35,4386
0.35,4385
0.35,4384
0.35,4383
0.35,4382
0.35,4381
0.36,4380
0.36,4379
0.36,4378
0.36,4377
0.36,4376
0.36,4375
0.36,4374
0.36,4373
0.36,4372
0.36,4371
0.36,4370
0.36,4369
0.36,4368
0.36,4367
0.36,4366
0.36,4365
0.36,4364
0.36,4363
0.37,4362
0.37,4361
0.37,4360
0.37,4359
0.37,4358
0.37,4357
0.37,4356
0.37,4355
0.37,4354
0.37,4353
0.37,4352
0.37,4351
0.37,4350
0.37,4349
0.37,4348
0.37,4347
0.37,4346
0.37,4345
0.37,4344
0.37,4343
0.37,4342
0.37,4341
0.37,4340
0.37,4339
0.38,4338
0.38,4337
0.38,4336
0.38,4335
0.38,4334
0.38,4333
0.38,4332
0.38,4331
0.38,4330
0.38,4329
0.38,4328
0.38,4327
0.38,4326
0.38,4325
0.38,4324
0.38,4323
0.38,4322
0.38,4321
0.38,4320
0.38,4319
0.38,4318
0.38,4317
0.38,4316
0.38,4315
0.38,4314
0.38,4313
0.38,4312
0.39,4311
0.39,4310
0.39,4309
0.39,4308
0.39,4307
0.39,4306
0.39,4305
0.39,4304
0.39,4303
0.39,4302
0.39,4301
0.40,4300
0.40,4299
0.40,4298
0.40,4297
0.40,4296
0.40,4295
0.40,4294
0.41,4293
0.41,4292
0.41,4291
0.41,4290
0.41,4289
0.41,4288
0.41,4287
0.41,4286
0.41,4285
0.41,4284
0.41,4283
0.41,4282
0.41,4281
0.41,4280
0.41,4279
0.42,4278
0.42,4277
0.42,4276
0.42,4275
0.43,4274
0.43,4273
0.43,4272
0.43,4271
0.43,4270
0.43,4269
0.43,4268
0.43,4267
0.43,4266
0.43,4265
0.43,4264
0.43,4263
0.43,4262
0.43,4261
0.44,4260
0.44,4259
0.44,4258
0.44,4257
0.44,4256
0.44,4255
0.45,4254
0.45,4253
0.45,4252
0.45,4251
0.45,4250
0.45,4249
0.45,4248
0.45,4247
0.45,4246
0.45,4245
0.45,4244
0.45,4243
0.45,4242
0.45,4241
0.45,4240
0.45,4239
0.46,4238
0.46,4237
0.46,4236
0.46,4235
0.46,4234
0.46,4233
0.46,4232
0.47,4231
0.47,4230
0.47,4229
0.47,4228
0.47,4227
0.47,4226
0.47,4225
0.47,4224
0.47,4223
0.47,4222
0.47,4221
0.47,4220
0.47,4219
0.47,4218
0.47,4217
0.47,4216
0.47,4215
0.47,4214
0.47,4213
0.47,4212
0.48,4211
0.48,4210
0.48,4209
0.48,4208
0.48,4207
0.48,4206
0.48,4205
0.48,4204
0.48,4203
0.49,4202
0.49,4201
0.49,4200
0.49,4199
0.49,4198
0.49,4197
0.49,4196
0.50,4195
0.50,4194
0.51,4193
0.51,4192
0.51,4191
0.51,4190
0.51,4189
0.51,4188
0.51,4187
0.51,4186
0.52,4185
0.52,4184
0.52,4183
0.52,4182
0.52,4181
0.52,4180
0.52,4179
0.53,4178
0.53,4177
0.53,4176
0.54,4175
0.54,4174
0.54,4173
0.54,4172
0.54,4171
0.54,4170
0.54,4169
0.54,4168
0.54,4167
0.55,4166
0.55,4165
0.55,4164
0.55,4163
0.55,4162
0.55,4161
0.55,4160
0.55,4159
0.55,4158
0.55,4157
0.55,4156
0.55,4155
0.55,4154
0.56,4153
0.56,4152
0.56,4151
0.56,4150
0.56,4149
0.57,4148
0.57,4147
0.57,4146
0.57,4145
0.58,4144
0.58,4143
0.58,4142
0.58,4141
0.58,4140
0.58,4139
0.58,4138
0.58,4137
0.59,4136
0.59,4135
0.59,4134
0.59,4133
0.59,4132
0.59,4131
0.59,4130
0.59,4129
0.60,4128
0.60,4127
0.60,4126
0.60,4125
0.60,4124
0.60,4123
0.60,4122
0.60,4121
0.60,4120
0.60,4119
0.60,4118
0.60,4117
0.60,4116
0.60,4115
0.60,4114
0.60,4113
0.60,4112
0.61,4111
0.61,4110
0.61,4109
0.61,4108
0.61,4107
0.61,4106
0.61,4105
0.61,4104
0.62,4103
0.62,4102
0.62,4101
0.62,4100
0.62,4099
0.62,4098
0.62,4097
0.62,4096
0.62,4095
0.62,4094
0.63,4093
0.63,4092
0.63,4091
0.63,4090
0.63,4089
0.63,4088
0.63,4087
0.63,4086
0.63,4085
0.63,4084
0.63,4083
0.63,4082
0.63,4081
0.63,4080
0.63,4079
0.66,4078
0.66,4077
0.66,4076
0.66,4075
0.67,4074
0.67,4073
0.67,4072
0.67,4071
0.67,4070
0.67,4069
0.67,4068
0.67,4067
0.67,4066
0.67,4065
0.68,4064
0.69,4063
0.69,4062
0.69,4061
0.69,4060
0.69,4059
0.70,4058
0.70,4057
0.70,4056
0.70,4055
0.70,4054
0.71,4053
0.71,4052
0.71,4051
0.71,4050
0.71,4049
0.71,4048
0.71,4047
0.71,4046
0.71,4045
0.72,4044
0.72,4043
0.72,4042
0.72,4041
0.72,4040
0.72,4039
0.72,4038
0.72,4037
0.72,4036
0.73,4035
0.73,4034
0.73,4033
0.73,4032
0.73,4031
0.73,4030
0.73,4029
0.73,4028
0.73,4027
0.73,4026
0.73,4025
0.73,4024
0.73,4023
0.73,4022
0.73,4021
0.73,4020
0.75,4019
0.75,4018
0.75,4017
0.75,4016
0.76,4015
0.77,4014
0.77,4013
0.77,4012
0.77,4011
0.77,4010
0.77,4009
0.77,4008
0.78,4007
0.78,4006
0.78,4005
0.78,4004
0.78,4003
0.78,4002
0.78,4001
0.78,4000
0.79,3999
0.79,3998
0.79,3997
0.81,3996
0.81,3995
0.81,3994
0.81,3993
0.81,3992
0.82,3991
0.82,3990
0.82,3989
0.82,3988
0.82,3987
0.82,3986
0.84,3985
0.87,3984
0.87,3983
0.87,3982
0.87,3981
0.87,3980
0.87,3979
0.87,3978
0.87,3977
0.87,3976
0.87,3975
0.88,3974
0.88,3973
0.88,3972
0.88,3971
0.90,3970
0.90,3969
0.90,3968
0.90,3967
0.90,3966
0.90,3965
0.90,3964
0.91,3963
0.91,3962
0.91,3961
0.93,3960
0.93,3959
0.96,3958
0.97,3957
0.97,3956
0.98,3955
0.98,3954
0.98,3953
1.00,3952
1.00,3951
1.01,3950
1.01,3949
1.01,3948
1.01,3947
1.01,3946
1.01,3945
1.01,3944
1.02,3943
1.04,3942
1.04,3941
1.05,3940
1.05,3939
1.05,3938
1.05,3937
1.05,3936
1.11,3935
1.11,3934
1.13,3933
1.13,3932
1.13,3931
1.13,3930
1.16,3929
1.16,3928
1.16,3927
1.16,3926
1.16,3925
1.16,3924
1.18,3923
1.18,3922
1.18,3921
1.18,3920
1.18,3919
1.18,3918
1.18,3917
1.18,3916
1.18,3915
1.18,3914
1.18,3913
1.18,3912
1.19,3911
1.19,3910
1.19,3909
1.20,3908
1.20,3907
1.20,3906
1.20,3905
1.20,3904
1.27,3903
1.27,3902
1.28,3901
1.28,3900
1.28,3899
1.28,3898
1.28,3897
1.28,3896
1.28,3895
1.28,3894
1.28,3893
1.28,3892
1.28,3891
1.30,3890
1.30,3889
1.30,3888
1.30,3887
1.30,3886
1.30,3885
1.30,3884
1.30,3883
1.31,3882
1.31,3881
1.31,3880
1.31,3879
1.31,3878
1.34,3877
1.34,3876
1.34,3875
1.34,3874
1.34,3873
1.34,3872
1.34,3871
1.34,3870
1.34,3869
1.34,3868
1.34,3867
1.35,3866
1.38,3865
1.39,3864
1.39,3863
1.39,3862
1.39,3861
1.40,3860
1.40,3859
1.40,3858
1.40,3857
1.40,3856
1.40,3855
1.41,3854
1.41,3853
1.41,3852
1.41,3851
1.41,3850
1.41,3849
1.42,3848
1.42,3847
1.42,3846
1.44,3845
1.44,3844
1.44,3843
1.50,3842
1.50,3841
1.52,3840
1.52,3839
1.52,3838
1.52,3837
1.52,3836
1.55,3835
1.55,3834
1.56,3833
1.56,3832
1.63,3831
1.63,3830
1.63,3829
1.63,3828
1.63,3827
1.64,3826
1.64,3825
1.64,3824
1.64,3823
1.64,3822
1.64,3821
1.66,3820
1.70,3819
1.70,3818
1.70,3817
1.70,3816
1.70,3815
1.74,3814
1.74,3813
1.74,3812
1.74,3811
1.74,3810
1.74,3809
1.74,3808
1.75,3807
1.75,3806
1.75,3805
1.75,3804
1.75,3803
1.75,3802
1.75,3801
1.75,3800
1.75,3799
1.75,3798
1.81,3797
1.81,3796
1.81,3795
1.81,3794
1.81,3793
1.81,3792
1.82,3791
1.82,3790
1.83,3789
1.83,3788
1.83,3787
1.83,3786
1.83,3785
1.85,3784
1.85,3783
1.85,3782
1.85,3781
1.85,3780
1.85,3779
1.85,3778
1.85,3777
1.85,3776
1.85,3775
1.85,3774
1.85,3773
1.86,3772
1.86,3771
1.86,3770
2.41,3769
2.41,3768
2.41,3767
2.42,3766
2.42,3765
2.42,3764
2.42,3763
2.42,3762
2.42,3761
2.42,3760
2.42,3759
2.42,3758
2.43,3757
2.43,3756
2.43,3755
2.43,3754
2.43,3753
2.43,3752
2.43,3751
2.43,3750
2.43,3749
2.43,3748
2.43,3747
2.44,3746
2.44,3745
2.44,3744
2.44,3743
2.44,3742
2.44,3741
2.44,3740
2.44,3739
2.46,3738
2.46,3737
2.47,3736
2.47,3735
2.47,3734
2.47,3733
2.47,3732
2.51,3731
2.51,3730
2.52,3729
2.52,3728
2.53,3727
2.53,3726
2.53,3725
2.54,3724
2.54,3723
2.54,3722
2.55,3721
2.55,3720
2.55,3719
2.56,3718
2.56,3717
2.56,3716
2.56,3715
2.56,3714
2.56,3713
2.56,3712
2.57,3711
2.57,3710
2.57,3709
2.57,3708
2.57,3707
2.57,3706
2.57,3705
2.57,3704
2.57,3703
2.57,3702
2.57,3701
2.57,3700
2.57,3699
2.65,3698
2.65,3697
2.66,3696
2.66,3695
2.66,3694
2.66,3693
2.66,3692
2.68,3691
4.47,3690
4.58,3689
4.58,3688
4.58,3687
4.58,3686
4.59,3685
4.88,3684
4.88,3683
4.88,3682
4.88,3681
4.88,3680
4.89,3679
4.90,3678
4.99,3677
5.00,3676
5.20,3675
5.20,3674
5.20,3673
5.20,3672
5.21,3671
5.21,3670
5.21,3669
5.21,3668
5.21,3667
5.21,3666
5.21,3665
5.21,3664
5.21,3663
5.21,3662
5.22,3661
5.23,3660
5.23,3659
7.08,3658
7.09,3657
7.09,3656
7.10,3655
7.11,3654
7.11,3653
7.11,3652
7.11,3651
7.12,3650
7.13,3649
7.93,3648
7.93,3647
7.93,3646
7.93,3645
7.93,3644
7.93,3643
7.93,3642
7.95,3641
9.16,3640
9.19,3639
9.19,3638
9.24,3637
9.24,3636
9.56,3635
9.56,3634
9.56,3633
9.56,3632
9.56,3631
9.56,3630
9.56,3629
9.57,3628
9.57,3627
9.57,3626
9.57,3625
9.57,3624
9.57,3623
9.57,3622
9.58,3621
9.58,3620
9.58,3619
9.58,3618
9.58,3617
9.58,3616
9.58,3615
9.58,3614
9.58,3613
9.58,3612
9.58,3611
9.59,3610
9.59,3609
9.59,3608
9.59,3607
9.60,3606
9.60,3605
11.86,3604
11.86,3603
11.86,3602
11.86,3601
11.86,3600
11.86,3599
11.86,3598
11.86,3597
11.87,3596
12.45,3595
12.45,3594
12.45,3593
12.45,3592
12.45,3591
12.45,3590
12.45,3589
12.45,3588
12.46,3587
12.46,3586
12.46,3585
12.46,3584
12.46,3583
12.46,3582
12.46,3581
12.46,3580
12.46,3579
12.46,3578
12.50,3577
12.51,3576
12.51,3575
12.51,3574
12.51,3573
12.51,3572
12.51,3571
12.51,3570
12.51,3569
12.51,3568
13.29,3567
13.32,3566
13.32,3565
13.32,3564
13.33,3563
13.33,3562
13.33,3561
13.34,3560
13.34,3559
13.34,3558
13.34,3557
13.35,3556
13.35,3555
13.36,3554
13.36,3553
13.36,3552
13.36,3551
13.37,3550
13.37,3549
13.38,3548
13.43,3547
13.43,3546
13.43,3545
14.54,3544
14.55,3543
14.56,3542
14.57,3541
14.60,3540
14.60,3539
14.60,3538
14.60,3537
14.68,3536
14.68,3535
14.68,3534
14.68,3533
14.69,3532
14.69,3531
14.72,3530
14.72,3529
14.72,3528
14.72,3527
14.72,3526
14.72,3525
14.72,3524
14.73,3523
14.75,3522
14.75,3521
14.75,3520
14.75,3519
14.75,3518
14.75,3517
14.75,3516
14.75,3515
15.02,3514
15.02,3513
15.02,3512
15.02,3511
15.02,3510
15.03,3509
15.07,3508
15.07,3507
15.22,3506
15.24,3505
15.24,3504
15.25,3503
15.26,3502
15.26,3501
15.26,3500
15.26,3499
15.26,3498
15.26,3497
15.26,3496
15.27,3495
15.27,3494
15.27,3493
15.29,3492
15.31,3491
15.31,3490
15.31,3489
15.33,3488
15.33,3487
15.33,3486
15.33,3485
15.33,3484
15.33,3483
15.37,3482
15.37,3481
15.37,3480
15.37,3479
15.37,3478
15.38,3477
15.38,3476
15.38,3475
15.38,3474
15.38,3473
15.38,3472
15.38,3471
15.38,3470
15.38,3469
15.38,3468
15.40,3467
15.40,3466
15.41,3465
15.46,3464
15.46,3463
15.46,3462
15.46,3461
15.46,3460
15.46,3459
15.51,3458
15.60,3457
15.60,3456
15.61,3455
15.61,3454
15.61,3453
15.61,3452
16.26,3451
16.26,3450
16.30,3449
16.30,3448
16.33,3447
16.33,3446
16.33,3445
16.33,3444
16.33,3443
16.33,3442
16.33,3441
16.33,3440
16.33,3439
16.33,3438
16.33,3437
16.33,3436
16.33,3435
16.33,3434
16.34,3433
16.34,3432
16.35,3431
16.35,3430
16.36,3429
16.36,3428
16.36,3427
16.36,3426
16.36,3425
16.39,3424
16.39,3423
16.39,3422
16.39,3421
16.40,3420
16.41,3419
16.41,3418
16.41,3417
16.41,3416
16.41,3415
16.41,3414
16.43,3413
16.43,3412
16.45,3411
16.45,3410
16.45,3409
16.45,3408
16.47,3407
16.47,3406
16.47,3405
16.47,3404
16.48,3403
16.48,3402
16.49,3401
16.54,3400
16.54,3399
16.54,3398
16.54,3397
16.54,3396
16.55,3395
16.55,3394
16.55,3393
16.56,3392
16.56,3391
17.04,3390
17.04,3389
17.04,3388
17.04,3387
17.04,3386
17.05,3385
17.12,3384
17.13,3383
17.13,3382
17.13,3381
17.13,3380
17.13,3379
17.13,3378
17.13,3377
17.13,3376
17.13,3375
17.13,3374
17.13,3373
17.13,3372
17.13,3371
17.15,3370
17.15,3369
17.15,3368
17.15,3367
17.15,3366
17.35,3365
17.35,3364
17.69,3363
17.69,3362
17.69,3361
17.70,3360
17.70,3359
17.70,3358
17.70,3357
17.70,3356
17.70,3355
17.70,3354
17.73,3353
17.73,3352
17.73,3351
17.73,3350
17.73,3349
17.73,3348
17.74,3347
17.74,3346
17.74,3345
17.74,3344
17.74,3343
17.76,3342
17.76,3341
17.76,3340
17.76,3339
17.76,3338
17.76,3337
17.76,3336
17.77,3335
17.77,3334
17.78,3333
17.78,3332
17.78,3331
17.78,3330
17.78,3329
17.96,3328
17.96,3327
17.97,3326
18.01,3325
18.02,3324
18.02,3323
18.02,3322
18.02,3321
18.02,3320
18.02,3319
18.02,3318
18.03,3317
18.03,3316
18.03,3315
18.04,3314
18.04,3313
18.04,3312
18.04,3311
18.04,3310
18.04,3309
18.23,3308
18.26,3307
18.26,3306
18.26,3305
18.26,3304
18.26,3303
18.26,3302
18.26,3301
18.27,3300
18.27,3299
18.28,3298
18.28,3297
18.28,3296
18.28,3295
18.31,3294
18.31,3293
18.31,3292
18.31,3291
18.42,3290
18.42,3289
18.42,3288
18.42,3287
18.46,3286
18.46,3285
18.46,3284
18.46,3283
18.48,3282
18.48,3281
18.48,3280
18.49,3279
18.50,3278
18.50,3277
18.50,3276
18.50,3275
18.50,3274
18.50,3273
18.50,3272
18.50,3271
18.50,3270
18.50,3269
18.50,3268
18.51,3267
18.51,3266
18.52,3265
18.52,3264
18.52,3263
18.77,3262
18.77,3261
18.87,3260
18.87,3259
18.87,3258
18.87,3257
19.03,3256
19.03,3255
19.03,3254
19.03,3253
19.04,3252
19.04,3251
19.04,3250
19.05,3249
19.05,3248
19.05,3247
19.37,3246
19.37,3245
19.38,3244
19.39,3243
19.39,3242
19.39,3241
19.39,3240
19.39,3239
19.69,3238
19.69,3237
19.69,3236
19.69,3235
19.70,3234
19.70,3233
19.70,3232
19.70,3231
19.74,3230
19.74,3229
19.74,3228
19.74,3227
19.74,3226
19.74,3225
19.74,3224
19.74,3223
19.74,3222
19.88,3221
19.90,3220
19.98,3219
19.98,3218
19.98,3217
19.98,3216
19.99,3215
19.99,3214
19.99,3213
19.99,3212
19.99,3211
20.00,3210
20.00,3209
20.00,3208
20.00,3207
20.00,3206
20.00,3205
20.02,3204
20.03,3203
20.03,3202
20.03,3201
20.04,3200
20.04,3199
20.04,3198
20.05,3197
20.05,3196
20.05,3195
20.06,3194
20.06,3193
20.06,3192
20.07,3191
20.07,3190
20.07,3189
20.07,3188
20.07,3187
20.08,3186
20.08,3185
20.08,3184
20.11,3183
20.11,3182
20.11,3181
20.11,3180
20.11,3179
20.11,3178
20.11,3177
20.11,3176
20.11,3175
20.11,3174
20.11,3173
20.11,3172
20.13,3171
20.15,3170
20.15,3169
20.16,3168
20.17,3167
20.17,3166
20.17,3165
20.17,3164
20.18,3163
20.18,3162
20.18,3161
20.18,3160
20.19,3159
20.26,3158
20.26,3157
20.26,3156
20.26,3155
20.27,3154
20.27,3153
20.27,3152
20.27,3151
20.39,3150
20.39,3149
20.39,3148
20.43,3147
20.44,3146
20.45,3145
20.45,3144
20.45,3143
20.45,3142
20.45,3141
20.54,3140
20.54,3139
20.54,3138
20.55,3137
20.55,3136
20.55,3135
20.56,3134
20.56,3133
20.58,3132
20.59,3131
20.59,3130
20.60,3129
20.60,3128
20.60,3127
20.60,3126
20.61,3125
20.70,3124
20.70,3123
20.70,3122
20.70,3121
20.70,3120
20.70,3119
20.70,3118
20.70,3117
20.70,3116
20.71,3115
20.72,3114
20.72,3113
20.72,3112
20.73,3111
20.73,3110
20.73,3109
20.73,3108
20.73,3107
20.76,3106
20.76,3105
20.76,3104
20.77,3103
20.77,3102
20.77,3101
20.77,3100
21.02,3099
21.03,3098
21.03,3097
21.04,3096
21.04,3095
21.04,3094
21.05,3093
21.05,3092
21.05,3091
21.05,3090
21.05,3089
21.06,3088
21.06,3087
21.18,3086
21.19,3085
21.19,3084
21.19,3083
21.19,3082
21.19,3081
21.20,3080
21.20,3079
21.20,3078
21.20,3077
21.21,3076
21.21,3075
21.21,3074
21.22,3073
21.22,3072
21.22,3071
21.22,3070
21.22,3069
21.22,3068
21.22,3067
21.26,3066
21.27,3065
21.27,3064
21.27,3063
21.28,3062
21.69,3061
21.69,3060
21.69,3059
21.69,3058
21.70,3057
21.70,3056
21.70,3055
21.87,3054
21.88,3053
21.94,3052
21.96,3051
21.96,3050
22.01,3049
22.02,3048
22.02,3047
22.04,3046
22.04,3045
22.08,3044
22.08,3043
22.09,3042
22.09,3041
22.09,3040
22.10,3039
22.10,3038
22.10,3037
22.13,3036
22.15,3035
22.17,3034
22.17,3033
22.17,3032
22.29,3031
22.29,3030
22.29,3029
22.29,3028
22.29,3027
22.30,3026
22.30,3025
22.30,3024
22.35,3023
22.35,3022
22.35,3021
22.36,3020
22.36,3019
22.36,3018
22.36,3017
22.36,3016
22.36,3015
22.36,3014
22.36,3013
22.37,3012
22.39,3011
22.39,3010
22.39,3009
22.39,3008
22.40,3007
22.40,3006
22.44,3005
22.45,3004
22.46,3003
22.46,3002
22.46,3001
22.47,3000
22.48,2999
22.48,2998
22.48,2997
22.48,2996
22.48,2995
22.48,2994
22.48,2993
22.48,2992
22.48,2991
22.49,2990
22.49,2989
22.49,2988
22.53,2987
22.53,2986
22.54,2985
22.61,2984
22.63,2983
22.63,2982
22.64,2981
22.64,2980
22.64,2979
22.64,2978
22.64,2977
22.64,2976
22.68,2975
22.68,2974
22.70,2973
22.72,2972
22.72,2971
22.72,2970
22.73,2969
22.73,2968
22.73,2967
22.73,2966
22.73,2965
22.73,2964
22.74,2963
22.74,2962
22.74,2961
22.74,2960
22.75,2959
22.75,2958
22.77,2957
22.77,2956
22.79,2955
22.80,2954
22.80,2953
22.80,2952
22.81,2951
22.82,2950
22.83,2949
22.83,2948
22.83,2947
22.83,2946
22.83,2945
22.84,2944
22.84,2943
22.84,2942
22.84,2941
22.84,2940
22.84,2939
22.85,2938
22.85,2937
22.85,2936
22.86,2935
22.86,2934
22.86,2933
22.86,2932
22.86,2931
22.86,2930
22.86,2929
22.86,2928
22.86,2927
22.86,2926
22.86,2925
22.87,2924
22.89,2923
22.89,2922
22.89,2921
22.89,2920
22.90,2919
23.04,2918
23.04,2917
23.04,2916
23.04,2915
23.05,2914
23.06,2913
23.06,2912
23.06,2911
23.06,2910
23.06,2909
23.08,2908
23.08,2907
23.08,2906
23.08,2905
23.08,2904
23.09,2903
23.10,2902
23.12,2901
23.12,2900
23.12,2899
23.16,2898
23.16,2897
23.16,2896
23.16,2895
23.16,2894
23.16,2893
23.16,2892
23.16,2891
23.17,2890
23.18,2889
23.18,2888
23.18,2887
23.18,2886
23.18,2885
23.18,2884
23.18,2883
23.18,2882
23.18,2881
23.23,2880
23.23,2879
23.23,2878
23.24,2877
23.24,2876
23.24,2875
23.24,2874
23.24,2873
23.25,2872
23.25,2871
23.25,2870
23.25,2869
23.25,2868
23.27,2867
23.27,2866
23.27,2865
23.27,2864
23.34,2863
23.34,2862
23.34,2861
23.35,2860
23.35,2859
23.35,2858
23.36,2857
23.36,2856
23.36,2855
23.93,2854
24.00,2853
24.00,2852
24.00,2851
24.01,2850
24.07,2849
24.08,2848
24.08,2847
24.08,2846
24.10,2845
24.10,2844
24.19,2843
24.19,2842
24.19,2841
24.20,2840
24.20,2839
24.20,2838
24.20,2837
24.20,2836
24.28,2835
24.28,2834
24.28,2833
24.28,2832
24.29,2831
24.29,2830
24.31,2829
24.32,2828
24.32,2827
24.32,2826
24.32,2825
24.32,2824
24.32,2823
24.32,2822
24.34,2821
24.34,2820
24.34,2819
24.34,2818
24.35,2817
24.35,2816
24.35,2815
24.35,2814
24.35,2813
24.35,2812
24.35,2811
24.50,2810
24.50,2809
24.52,2808
24.52,2807
24.69,2806
24.69,2805
24.69,2804
24.69,2803
24.69,2802
24.69,2801
24.69,2800
24.74,2799
24.75,2798
24.75,2797
24.75,2796
24.75,2795
24.75,2794
24.75,2793
24.75,2792
24.75,2791
24.76,2790
24.77,2789
24.78,2788
24.78,2787
24.79,2786
24.80,2785
24.81,2784
24.82,2783
24.82,2782
24.82,2781
24.82,2780
24.84,2779
24.84,2778
24.84,2777
24.84,2776
24.84,2775
24.84,2774
25.07,2773
25.07,2772
25.07,2771
25.07,2770
25.08,2769
25.08,2768
25.08,2767
25.08,2766
25.09,2765
25.11,2764
25.11,2763
25.11,2762
25.11,2761
25.11,2760
25.11,2759
25.11,2758
25.11,2757
25.11,2756
25.13,2755
25.13,2754
25.13,2753
25.13,2752
25.21,2751
25.21,2750
25.21,2749
25.21,2748
25.22,2747
25.23,2746
25.23,2745
25.24,2744
25.24,2743
25.24,2742
25.25,2741
25.25,2740
25.25,2739
25.61,2738
25.77,2737
25.79,2736
25.79,2735
25.82,2734
25.82,2733
25.82,2732
25.82,2731
25.83,2730
25.84,2729
25.84,2728
25.84,2727
25.84,2726
25.84,2725
25.84,2724
25.85,2723
25.85,2722
25.85,2721
25.85,2720
25.85,2719
25.86,2718
25.86,2717
25.86,2716
25.88,2715
25.88,2714
25.88,2713
25.89,2712
25.92,2711
25.92,2710
25.92,2709
25.97,2708
25.97,2707
25.97,2706
26.15,2705
26.15,2704
26.15,2703
26.16,2702
26.18,2701
26.18,2700
26.18,2699
26.18,2698
26.18,2697
26.18,2696
26.21,2695
26.22,2694
26.22,2693
26.22,2692
26.23,2691
26.24,2690
26.25,2689
26.25,2688
26.25,2687
26.26,2686
26.26,2685
26.26,2684
26.26,2683
26.26,2682
26.39,2681
26.40,2680
26.40,2679
26.40,2678
26.57,2677
26.57,2676
26.57,2675
26.57,2674
26.57,2673
26.57,2672
26.58,2671
26.58,2670
26.58,2669
26.58,2668
26.58,2667
26.58,2666
26.88,2665
26.88,2664
26.89,2663
26.89,2662
26.89,2661
26.89,2660
26.89,2659
26.92,2658
26.92,2657
26.92,2656
26.93,2655
26.93,2654
26.93,2653
26.97,2652
27.05,2651
27.05,2650
27.05,2649
27.07,2648
27.26,2647
27.26,2646
27.26,2645
27.26,2644
27.28,2643
27.28,2642
27.32,2641
27.32,2640
27.32,2639
27.32,2638
27.32,2637
27.32,2636
27.36,2635
27.36,2634
27.43,2633
27.45,2632
27.45,2631
27.47,2630
27.47,2629
27.49,2628
27.49,2627
27.49,2626
27.49,2625
27.49,2624
27.49,2623
27.49,2622
27.50,2621
27.50,2620
27.50,2619
27.53,2618
27.53,2617
27.70,2616
27.71,2615
27.71,2614
27.74,2613
27.77,2612
27.77,2611
27.78,2610
27.78,2609
27.79,2608
27.79,2607
27.80,2606
27.81,2605
27.98,2604
27.98,2603
27.98,2602
27.99,2601
27.99,2600
27.99,2599
27.99,2598
27.99,2597
27.99,2596
28.00,2595
28.00,2594
28.08,2593
28.08,2592
28.09,2591
28.20,2590
28.20,2589
28.20,2588
28.20,2587
28.21,2586
28.21,2585
28.21,2584
28.22,2583
28.23,2582
28.23,2581
28.23,2580
28.23,2579
28.23,2578
28.23,2577
28.26,2576
28.26,2575
28.26,2574
28.26,2573
28.26,2572
28.29,2571
28.30,2570
28.30,2569
28.35,2568
28.35,2567
28.36,2566
28.36,2565
28.37,2564
28.37,2563
28.38,2562
28.38,2561
28.41,2560
28.41,2559
28.41,2558
28.41,2557
28.41,2556
28.41,2555
28.41,2554
28.43,2553
28.44,2552
28.44,2551
28.44,2550
28.45,2549
28.48,2548
28.54,2547
28.54,2546
28.54,2545
28.54,2544
28.55,2543
28.70,2542
28.70,2541
28.70,2540
28.72,2539
29.05,2538
29.05,2537
29.44,2536
29.45,2535
29.45,2534
29.45,2533
29.45,2532
29.45,2531
29.45,2530
29.45,2529
29.47,2528
29.48,2527
29.48,2526
29.50,2525
29.54,2524
29.54,2523
29.54,2522
29.54,2521
29.54,2520
29.59,2519
29.59,2518
29.63,2517
29.63,2516
29.63,2515
29.63,2514
29.63,2513
29.65,2512
30.26,2511
30.26,2510
30.26,2509
30.27,2508
30.27,2507
30.27,2506
30.51,2505
30.55,2504
30.56,2503
30.56,2502
30.57,2501
30.60,2500
30.62,2499
30.70,2498
30.70,2497
30.78,2496
30.78,2495
30.78,2494
30.78,2493
30.78,2492
30.79,2491
30.80,2490
31.07,2489
31.08,2488
31.08,2487
31.41,2486
31.41,2485
31.61,2484
31.61,2483
31.61,2482
31.62,2481
31.62,2480
31.63,2479
31.64,2478
31.64,2477
31.64,2476
31.64,2475
31.67,2474
31.67,2473
31.68,2472
32.42,2471
32.44,2470
32.44,2469
32.45,2468
32.45,2467
32.47,2466
32.49,2465
32.49,2464
32.49,2463
32.49,2462
32.50,2461
32.50,2460
32.59,2459
32.61,2458
32.61,2457
32.61,2456
32.82,2455
32.82,2454
32.82,2453
32.83,2452
32.83,2451
32.84,2450
32.84,2449
32.85,2448
32.86,2447
33.13,2446
33.18,2445
33.34,2444
33.34,2443
33.34,2442
33.35,2441
33.36,2440
33.37,2439
33.37,2438
33.44,2437
33.44,2436
33.44,2435
33.44,2434
33.46,2433
33.47,2432
33.47,2431
33.47,2430
33.51,2429
33.54,2428
33.89,2427
33.89,2426
33.89,2425
33.89,2424
34.15,2423
34.28,2422
34.28,2421
34.29,2420
34.36,2419
34.37,2418
34.37,2417
34.37,2416
34.37,2415
34.39,2414
34.40,2413
34.40,2412
34.41,2411
34.41,2410
34.41,2409
34.41,2408
34.41,2407
35.96,2406
35.96,2405
35.97,2404
35.98,2403
35.98,2402
36.00,2401
36.13,2400
36.13,2399
36.16,2398
36.19,2397
36.91,2396
36.92,2395
36.92,2394
38.32,2393
38.33,2392
38.38,2391
38.40,2390
38.43,2389
38.43,2388
38.44,2387
38.47,2386
38.47,2385
38.47,2384
38.58,2383
38.59,2382
38.62,2381
38.98,2380
39.62,2379
39.66,2378
39.67,2377
39.69,2376
40.35,2375
40.86,2374
40.87,2373
40.87,2372
40.88,2371
40.97,2370
40.98,2369
40.98,2368
41.12,2367
41.15,2366
41.16,2365
41.49,2364
42.04,2363
42.05,2362
42.07,2361
42.07,2360
42.12,2359
42.12,2358
42.39,2357
43.49,2356
43.68,2355
43.70,2354
43.71,2353
43.72,2352
43.73,2351
43.74,2350
43.75,2349
43.78,2348
43.98,2347
43.99,2346
45.79,2345
45.91,2344
46.05,2343
46.05,2342
46.07,2341
46.15,2340
46.15,2339
50.01,2338
50.01,2337
50.01,2336
50.03,2335
50.17,2334
50.19,2333
50.19,2332
50.20,2331
50.74,2330
50.77,2329
50.78,2328
50.78,2327
50.80,2326
50.80,2325
50.81,2324
51.12,2323
52.15,2322
54.75,2321
54.84,2320
54.85,2319
54.85,2318
54.87,2317
54.95,2316
54.96,2315
54.99,2314
55.00,2313
59.14,2312
59.19,2311
59.20,2310
61.96,2309
62.04,2308
64.14,2307
64.15,2306
69.29,2305
69.61,2304
73.13,2303
74.15,2302
74.67,2301
74.76,2300
74.77,2299
74.78,2298
74.80,2297
77.71,2296
77.73,2295
78.79,2294
82.62,2293
84.93,2292
87.11,2291
87.11,2290
125.27,2289
125.50,2288
126.10,2287
138.38,2286
154.91,2285
170.42,2284
173.84,2283
181.16,2282
213.88,2281
230.52,2280
309.38,2279
314.21,2278
415.91,2277
517.07,2276
527.73,2275
