0.00,2877
0.04,2876
0.08,2875
0.14,2874
0.49,2873
0.52,2872
0.61,2871
0.75,2870
0.79,2869
0.88,2868
0.96,2867
1.01,2866
1.03,2865
1.07,2864
1.10,2863
1.15,2862
1.21,2861
1.32,2860
1.34,2859
1.44,2858
1.49,2857
1.53,2856
1.58,2855
1.65,2854
2.14,2853
2.31,2852
2.42,2851
2.46,2850
2.68,2849
2.84,2848
2.92,2847
3.13,2846
3.40,2845
3.43,2844
3.62,2843
3.66,2842
3.76,2841
3.90,2840
4.01,2839
4.06,2838
4.14,2837
4.24,2836
4.36,2835
4.43,2834
4.55,2833
4.59,2832
4.64,2831
4.69,2830
4.73,2829
4.76,2828
4.80,2827
4.85,2826
4.89,2825
4.91,2824
4.96,2823
5.01,2822
5.10,2821
5.21,2820
5.26,2819
5.38,2818
5.47,2817
5.58,2816
5.64,2815
5.70,2814
5.75,2813
5.80,2812
5.84,2811
5.89,2810
6.07,2809
6.19,2808
6.43,2807
6.59,2806
6.68,2805
6.75,2804
6.83,2803
6.85,2802
6.92,2801
7.03,2800
7.10,2799
7.32,2798
7.35,2797
7.37,2796
7.48,2795
7.72,2794
7.82,2793
7.86,2792
7.95,2791
8.01,2790
8.04,2789
8.06,2788
8.11,2787
8.15,2786
8.18,2785
8.22,2784
8.43,2783
8.66,2782
8.79,2781
8.85,2780
9.02,2779
9.07,2778
9.12,2777
9.28,2776
9.42,2775
9.56,2774
9.67,2773
9.84,2772
9.93,2771
10.03,2770
10.08,2769
10.16,2768
10.23,2767
10.30,2766
10.48,2765
10.56,2764
10.58,2763
10.63,2762
10.74,2761
10.94,2760
10.98,2759
11.09,2758
11.19,2757
11.29,2756
11.34,2755
11.37,2754
11.41,2753
11.45,2752
11.65,2751
11.69,2750
11.72,2749
11.77,2748
12.01,2747
12.04,2746
12.06,2745
12.09,2744
12.14,2743
12.16,2742
12.20,2741
12.30,2740
12.41,2739
12.46,2738
12.50,2737
12.58,2736
12.79,2735
12.85,2734
12.98,2733
13.12,2732
13.38,2731
13.42,2730
13.45,2729
13.66,2728
13.75,2727
13.80,2726
13.87,2725
13.92,2724
13.97,2723
14.11,2722
14.16,2721
14.29,2720
14.42,2719
14.53,2718
14.61,2717
14.70,2716
14.77,2715
14.81,2714
14.87,2713
14.93,2712
14.96,2711
14.99,2710
15.04,2709
15.09,2708
15.32,2707
15.48,2706
15.61,2705
15.74,2704
15.87,2703
15.96,2702
16.00,2701
16.05,2700
16.37,2699
16.62,2698
16.70,2697
16.75,2696
16.92,2695
17.24,2694
17.32,2693
17.43,2692
17.75,2691
17.84,2690
17.86,2689
17.93,2688
18.19,2687
18.23,2686
18.28,2685
18.32,2684
18.57,2683
18.86,2682
18.95,2681
19.04,2680
19.10,2679
19.18,2678
19.34,2677
19.52,2676
19.63,2675
19.72,2674
19.85,2673
19.90,2672
19.93,2671
20.01,2670
20.04,2669
20.14,2668
20.24,2667
20.35,2666
20.40,2665
20.43,2664
20.52,2663
20.62,2662
20.64,2661
20.76,2660
20.81,2659
20.84,2658
20.86,2657
20.94,2656
21.06,2655
21.32,2654
21.51,2653
21.70,2652
21.80,2651
21.87,2650
21.90,2649
21.96,2648
22.00,2647
22.07,2646
22.10,2645
22.22,2644
22.26,2643
22.32,2642
22.48,2641
22.61,2640
22.78,2639
23.02,2638
23.34,2637
23.44,2636
23.48,2635
23.52,2634
23.63,2633
23.68,2632
23.71,2631
23.74,2630
23.84,2629
23.89,2628
23.96,2627
24.06,2626
24.15,2625
24.30,2624
24.34,2623
24.41,2622
24.44,2621
24.48,2620
24.63,2619
24.78,2618
24.84,2617
24.98,2616
25.14,2615
25.22,2614
25.31,2613
25.43,2612
25.65,2611
25.71,2610
25.94,2609
25.97,2608
26.02,2607
26.16,2606
26.37,2605
26.49,2604
26.52,2603
26.55,2602
26.71,2601
26.79,2600
26.99,2599
27.10,2598
27.16,2597
27.31,2596
27.34,2595
27.42,2594
27.47,2593
27.57,2592
27.74,2591
27.84,2590
27.91,2589
28.06,2588
28.19,2587
28.85,2586
28.90,2585
29.11,2584
29.43,2583
29.53,2582
29.62,2581
29.68,2580
29.74,2579
29.77,2578
30.35,2577
30.58,2576
30.72,2575
30.80,2574
30.84,2573
30.98,2572
31.14,2571
31.31,2570
31.37,2569
31.41,2568
31.47,2567
31.62,2566
31.79,2565
31.98,2564
32.13,2563
32.24,2562
32.38,2561
32.47,2560
32.52,2559
32.67,2558
33.04,2557
33.24,2556
33.49,2555
33.71,2554
33.80,2553
34.01,2552
34.15,2551
34.19,2550
34.39,2549
34.46,2548
34.69,2547
34.73,2546
34.90,2545
34.94,2544
35.00,2543
35.13,2542
35.19,2541
35.22,2540
35.49,2539
35.60,2538
35.64,2537
35.88,2536
36.02,2535
36.06,2534
36.23,2533
36.34,2532
36.78,2531
36.93,2530
36.97,2529
37.02,2528
37.18,2527
37.23,2526
37.27,2525
37.30,2524
37.39,2523
37.44,2522
37.49,2521
37.55,2520
37.58,2519
37.63,2518
37.66,2517
37.71,2516
37.83,2515
37.87,2514
37.93,2513
38.08,2512
38.17,2511
38.33,2510
38.45,2509
38.49,2508
38.55,2507
38.60,2506
38.64,2505
38.68,2504
38.77,2503
38.91,2502
38.97,2501
39.04,2500
39.11,2499
39.25,2498
39.28,2497
39.45,2496
39.56,2495
39.96,2494
40.02,2493
40.06,2492
40.13,2491
40.17,2490
40.24,2489
40.37,2488
40.41,2487
40.45,2486
40.51,2485
40.54,2484
40.57,2483
40.63,2482
40.67,2481
40.81,2480
40.86,2479
40.94,2478
41.09,2477
41.34,2476
41.49,2475
41.61,2474
41.74,2473
41.80,2472
41.89,2471
42.00,2470
42.12,2469
42.18,2468
42.33,2467
42.39,2466
42.55,2465
42.63,2464
42.68,2463
42.79,2462
42.82,2461
42.92,2460
43.02,2459
43.16,2458
43.23,2457
43.39,2456
43.59,2455
43.67,2454
43.81,2453
43.99,2452
44.06,2451
44.17,2450
44.55,2449
44.70,2448
44.79,2447
44.84,2446
44.90,2445
44.93,2444
45.06,2443
45.13,2442
45.17,2441
45.22,2440
45.33,2439
45.42,2438
45.46,2437
45.73,2436
45.76,2435
45.93,2434
46.06,2433
46.09,2432
46.30,2431
46.38,2430
