0.00,2895
0.04,2894
0.08,2893
0.21,2892
0.23,2891
0.40,2890
0.43,2889
0.52,2888
0.57,2887
0.65,2886
0.82,2885
0.88,2884
0.92,2883
1.11,2882
1.14,2881
1.21,2880
1.39,2879
1.41,2878
1.46,2877
1.57,2876
1.63,2875
1.70,2874
1.76,2873
2.13,2872
2.15,2871
2.20,2870
2.23,2869
2.32,2868
2.38,2867
2.41,2866
2.57,2865
2.65,2864
2.71,2863
2.73,2862
2.79,2861
2.83,2860
2.91,2859
3.04,2858
3.08,2857
3.29,2856
3.41,2855
3.54,2854
3.63,2853
3.67,2852
3.81,2851
3.83,2850
3.88,2849
3.90,2848
3.97,2847
4.03,2846
4.10,2845
4.14,2844
4.21,2843
4.31,2842
4.37,2841
4.45,2840
4.51,2839
4.57,2838
4.65,2837
4.71,2836
4.75,2835
4.82,2834
4.86,2833
4.89,2832
4.93,2831
4.96,2830
5.09,2829
5.11,2828
5.13,2827
5.21,2826
5.29,2825
5.35,2824
5.40,2823
5.43,2822
5.47,2821
5.53,2820
5.56,2819
5.62,2818
5.66,2817
5.69,2816
5.78,2815
5.82,2814
5.84,2813
5.91,2812
5.98,2811
6.17,2810
6.27,2809
6.29,2808
6.38,2807
6.45,2806
6.48,2805
6.59,2804
6.65,2803
6.71,2802
6.83,2801
6.89,2800
7.09,2799
7.23,2798
7.25,2797
7.46,2796
7.50,2795
7.55,2794
7.58,2793
7.71,2792
7.88,2791
7.94,2790
8.17,2789
8.23,2788
8.42,2787
8.46,2786
8.48,2785
8.51,2784
8.62,2783
8.76,2782
8.83,2781
8.85,2780
8.89,2779
8.93,2778
9.00,2777
9.06,2776
9.19,2775
9.25,2774
9.32,2773
9.41,2772
9.48,2771
9.58,2770
9.72,2769
9.80,2768
9.92,2767
9.97,2766
10.03,2765
10.19,2764
10.22,2763
10.30,2762
10.32,2761
10.35,2760
10.39,2759
10.46,2758
10.52,2757
10.60,2756
10.63,2755
10.66,2754
10.72,2753
10.84,2752
10.92,2751
10.94,2750
10.99,2749
11.07,2748
11.11,2747
11.17,2746
11.22,2745
11.25,2744
11.28,2743
11.38,2742
11.61,2741
11.82,2740
11.91,2739
11.93,2738
12.02,2737
12.18,2736
12.20,2735
12.30,2734
12.40,2733
12.43,2732
12.60,2731
12.65,2730
12.79,2729
12.85,2728
12.87,2727
12.97,2726
12.99,2725
13.06,2724
13.11,2723
13.25,2722
13.37,2721
13.40,2720
13.61,2719
13.65,2718
13.69,2717
14.01,2716
14.09,2715
14.17,2714
14.29,2713
14.32,2712
14.36,2711
14.85,2710
14.88,2709
14.99,2708
15.07,2707
15.56,2706
15.60,2705
15.66,2704
15.70,2703
15.73,2702
16.05,2701
16.24,2700
16.44,2699
16.63,2698
16.66,2697
16.81,2696
17.09,2695
17.22,2694
17.48,2693
17.70,2692
17.83,2691
17.91,2690
17.99,2689
18.17,2688
18.20,2687
18.42,2686
18.48,2685
18.53,2684
18.60,2683
18.63,2682
18.77,2681
18.93,2680
19.01,2679
19.13,2678
19.19,2677
19.35,2676
19.50,2675
19.54,2674
19.56,2673
19.59,2672
19.64,2671
19.67,2670
19.69,2669
19.73,2668
20.16,2667
20.22,2666
20.47,2665
20.49,2664
20.55,2663
20.72,2662
20.77,2661
20.81,2660
20.88,2659
20.92,2658
21.01,2657
21.08,2656
21.13,2655
21.15,2654
21.22,2653
21.27,2652
21.31,2651
21.33,2650
21.39,2649
21.43,2648
21.54,2647
21.59,2646
21.67,2645
21.71,2644
21.90,2643
21.96,2642
22.05,2641
22.19,2640
22.24,2639
22.43,2638
22.58,2637
22.62,2636
22.69,2635
22.72,2634
22.75,2633
22.80,2632
22.92,2631
22.99,2630
23.11,2629
23.15,2628
23.21,2627
23.26,2626
23.35,2625
23.39,2624
23.46,2623
23.57,2622
23.63,2621
23.71,2620
23.76,2619
23.85,2618
24.09,2617
24.13,2616
24.16,2615
24.20,2614
24.39,2613
24.45,2612
24.47,2611
24.75,2610
24.80,2609
24.83,2608
24.93,2607
25.04,2606
25.08,2605
25.21,2604
25.27,2603
25.32,2602
25.40,2601
25.53,2600
25.62,2599
25.69,2598
25.97,2597
26.00,2596
26.14,2595
26.26,2594
26.87,2593
27.13,2592
27.25,2591
27.30,2590
27.63,2589
27.65,2588
27.80,2587
27.90,2586
27.96,2585
28.20,2584
28.24,2583
28.30,2582
28.46,2581
28.57,2580
28.69,2579
28.76,2578
28.78,2577
28.83,2576
28.87,2575
28.89,2574
28.92,2573
28.97,2572
29.00,2571
29.04,2570
29.08,2569
29.19,2568
29.23,2567
29.26,2566
29.31,2565
29.38,2564
29.51,2563
29.55,2562
29.66,2561
29.68,2560
29.74,2559
29.80,2558
29.95,2557
30.24,2556
30.50,2555
30.62,2554
30.78,2553
30.93,2552
30.99,2551
31.01,2550
31.31,2549
31.51,2548
31.54,2547
31.70,2546
31.79,2545
31.86,2544
31.90,2543
31.92,2542
31.96,2541
32.00,2540
32.03,2539
32.06,2538
32.23,2537
32.27,2536
32.33,2535
32.44,2534
32.46,2533
32.57,2532
32.63,2531
32.65,2530
32.69,2529
32.73,2528
32.76,2527
32.91,2526
32.98,2525
33.06,2524
33.13,2523
33.19,2522
33.23,2521
33.32,2520
33.51,2519
33.60,2518
33.67,2517
33.81,2516
33.93,2515
33.95,2514
33.98,2513
34.00,2512
34.05,2511
34.08,2510
34.13,2509
34.20,2508
34.22,2507
34.30,2506
34.34,2505
34.42,2504
34.60,2503
34.71,2502
34.77,2501
34.82,2500
34.86,2499
35.03,2498
35.06,2497
35.08,2496
35.18,2495
35.22,2494
35.24,2493
35.36,2492
35.39,2491
35.44,2490
35.53,2489
35.64,2488
35.67,2487
35.85,2486
35.88,2485
35.98,2484
36.07,2483
36.19,2482
36.35,2481
36.49,2480
36.63,2479
36.65,2478
36.69,2477
36.73,2476
36.76,2475
37.02,2474
37.07,2473
37.26,2472
37.50,2471
37.61,2470
37.68,2469
37.75,2468
38.04,2467
38.09,2466
38.11,2465
38.27,2464
38.30,2463
38.34,2462
38.36,2461
38.58,2460
38.66,2459
38.69,2458
38.78,2457
38.81,2456
38.87,2455
38.98,2454
39.02,2453
39.23,2452
39.27,2451
39.35,2450
39.39,2449
39.42,2448
39.51,2447
39.75,2446
39.89,2445
40.08,2444
40.14,2443
40.20,2442
40.30,2441
40.51,2440
40.65,2439
40.69,2438
40.74,2437
40.81,2436
40.84,2435
40.96,2434
41.04,2433
41.08,2432
41.15,2431
41.24,2430
41.32,2429
