0.07,4940
0.07,4939
0.07,4938
0.07,4937
0.07,4936
0.07,4935
0.07,4934
0.07,4933
0.07,4932
0.07,4931
0.07,4930
0.07,4929
0.07,4928
0.07,4927
0.08,4926
0.08,4925
0.08,4924
0.08,4923
0.08,4922
0.08,4921
0.08,4920
0.08,4919
0.08,4918
0.08,4917
0.08,4916
0.08,4915
0.08,4914
0.08,4913
0.08,4912
0.08,4911
0.08,4910
0.08,4909
0.08,4908
0.08,4907
0.08,4906
0.08,4905
0.08,4904
0.08,4903
0.08,4902
0.08,4901
0.08,4900
0.08,4899
0.08,4898
0.08,4897
0.09,4896
0.09,4895
0.09,4894
0.09,4893
0.09,4892
0.09,4891
0.09,4890
0.09,4889
0.09,4888
0.09,4887
0.09,4886
0.09,4885
0.09,4884
0.09,4883
0.09,4882
0.09,4881
0.09,4880
0.09,4879
0.09,4878
0.09,4877
0.09,4876
0.09,4875
0.09,4874
0.09,4873
0.09,4872
0.09,4871
0.09,4870
0.09,4869
0.09,4868
0.09,4867
0.09,4866
0.10,4865
0.10,4864
0.10,4863
0.10,4862
0.10,4861
0.10,4860
0.10,4859
0.10,4858
0.10,4857
0.10,4856
0.10,4855
0.10,4854
0.10,4853
0.10,4852
0.10,4851
0.10,4850
0.10,4849
0.10,4848
0.10,4847
0.10,4846
0.10,4845
0.10,4844
0.10,4843
0.10,4842
0.10,4841
0.10,4840
0.10,4839
0.10,4838
0.10,4837
0.10,4836
0.10,4835
0.10,4834
0.10,4833
0.11,4832
0.11,4831
0.11,4830
0.11,4829
0.11,4828
0.11,4827
0.11,4826
0.11,4825
0.11,4824
0.11,4823
0.11,4822
0.11,4821
0.11,4820
0.11,4819
0.11,4818
0.11,4817
0.11,4816
0.11,4815
0.11,4814
0.11,4813
0.11,4812
0.11,4811
0.11,4810
0.11,4809
0.11,4808
0.11,4807
0.11,4806
0.11,4805
0.11,4804
0.11,4803
0.11,4802
0.11,4801
0.11,4800
0.12,4799
0.12,4798
0.12,4797
0.12,4796
0.12,4795
0.12,4794
0.12,4793
0.12,4792
0.12,4791
0.12,4790
0.12,4789
0.12,4788
0.12,4787
0.12,4786
0.12,4785
0.12,4784
0.12,4783
0.12,4782
0.12,4781
0.12,4780
0.12,4779
0.12,4778
0.12,4777
0.12,4776
0.12,4775
0.12,4774
0.12,4773
0.12,4772
0.12,4771
0.12,4770
0.12,4769
0.12,4768
0.12,4767
0.12,4766
0.12,4765
0.13,4764
0.13,4763
0.13,4762
0.13,4761
0.13,4760
0.13,4759
0.13,4758
0.13,4757
0.13,4756
0.13,4755
0.13,4754
0.13,4753
0.13,4752
0.13,4751
0.13,4750
0.13,4749
0.13,4748
0.13,4747
0.13,4746
0.13,4745
0.13,4744
0.13,4743
0.13,4742
0.13,4741
0.13,4740
0.13,4739
0.13,4738
0.13,4737
0.13,4736
0.13,4735
0.13,4734
0.13,4733
0.14,4732
0.14,4731
0.14,4730
0.14,4729
0.14,4728
0.14,4727
0.14,4726
0.14,4725
0.14,4724
0.14,4723
0.14,4722
0.14,4721
0.14,4720
0.14,4719
0.14,4718
0.14,4717
0.14,4716
0.14,4715
0.14,4714
0.14,4713
0.14,4712
0.14,4711
0.14,4710
0.14,4709
0.14,4708
0.14,4707
0.15,4706
0.15,4705
0.15,4704
0.15,4703
0.15,4702
0.15,4701
0.15,4700
0.15,4699
0.15,4698
0.15,4697
0.15,4696
0.15,4695
0.15,4694
0.15,4693
0.15,4692
0.15,4691
0.15,4690
0.15,4689
0.15,4688
0.15,4687
0.15,4686
0.15,4685
0.15,4684
0.15,4683
0.15,4682
0.15,4681
0.15,4680
0.15,4679
0.15,4678
0.15,4677
0.15,4676
0.15,4675
0.15,4674
0.16,4673
0.16,4672
0.16,4671
0.16,4670
0.16,4669
0.16,4668
0.16,4667
0.16,4666
0.16,4665
0.16,4664
0.16,4663
0.16,4662
0.16,4661
0.16,4660
0.16,4659
0.16,4658
0.16,4657
0.16,4656
0.16,4655
0.17,4654
0.17,4653
0.17,4652
0.17,4651
0.17,4650
0.17,4649
0.17,4648
0.17,4647
0.17,4646
0.17,4645
0.17,4644
0.17,4643
0.17,4642
0.17,4641
0.17,4640
0.17,4639
0.17,4638
0.17,4637
0.17,4636
0.17,4635
0.17,4634
0.17,4633
0.17,4632
0.17,4631
0.17,4630
0.17,4629
0.17,4628
0.17,4627
0.18,4626
0.18,4625
0.18,4624
0.18,4623
0.18,4622
0.18,4621
0.18,4620
0.18,4619
0.18,4618
0.18,4617
0.18,4616
0.18,4615
0.18,4614
0.18,4613
0.18,4612
0.18,4611
0.18,4610
0.18,4609
0.18,4608
0.18,4607
0.18,4606
0.18,4605
0.18,4604
0.18,4603
0.18,4602
0.19,4601
0.19,4600
0.19,4599
0.19,4598
0.19,4597
0.19,4596
0.19,4595
0.19,4594
0.19,4593
0.19,4592
0.19,4591
0.19,4590
0.19,4589
0.19,4588
0.19,4587
0.19,4586
0.19,4585
0.19,4584
0.19,4583
0.19,4582
0.19,4581
0.19,4580
0.19,4579
0.19,4578
0.19,4577
0.20,4576
0.20,4575
0.20,4574
0.20,4573
0.20,4572
0.20,4571
0.20,4570
0.20,4569
0.20,4568
0.20,4567
0.20,4566
0.20,4565
0.20,4564
0.20,4563
0.20,4562
0.20,4561
0.20,4560
0.20,4559
0.20,4558
0.20,4557
0.20,4556
0.20,4555
0.20,4554
0.20,4553
0.20,4552
0.20,4551
0.20,4550
0.20,4549
0.20,4548
0.21,4547
0.21,4546
0.21,4545
0.21,4544
0.21,4543
0.21,4542
0.21,4541
0.21,4540
0.21,4539
0.21,4538
0.21,4537
0.21,4536
0.21,4535
0.21,4534
0.21,4533
0.21,4532
0.21,4531
0.21,4530
0.21,4529
0.21,4528
0.22,4527
0.22,4526
0.22,4525
0.22,4524
0.22,4523
0.22,4522
0.22,4521
0.22,4520
0.22,4519
0.22,4518
0.22,4517
0.22,4516
0.22,4515
0.22,4514
0.22,4513
0.22,4512
0.22,4511
0.22,4510
0.22,4509
0.22,4508
0.22,4507
0.23,4506
0.23,4505
0.23,4504
0.23,4503
0.23,4502
0.23,4501
0.23,4500
0.23,4499
0.23,4498
0.23,4497
0.23,4496
0.23,4495
0.23,4494
0.23,4493
0.23,4492
0.23,4491
0.23,4490
0.24,4489
0.24,4488
0.24,4487
0.24,4486
0.24,4485
0.24,4484
0.24,4483
0.24,4482
0.24,4481
0.24,4480
0.24,4479
0.24,4478
0.24,4477
0.25,4476
0.25,4475
0.25,4474
0.25,4473
0.25,4472
0.25,4471
0.25,4470
0.25,4469
0.25,4468
0.25,4467
0.25,4466
0.25,4465
0.25,4464
0.25,4463
0.25,4462
0.25,4461
0.25,4460
0.25,4459
0.25,4458
0.25,4457
0.25,4456
0.25,4455
0.25,4454
0.25,4453
0.25,4452
0.25,4451
0.25,4450
0.25,4449
0.25,4448
0.25,4447
0.25,4446
0.25,4445
0.25,4444
0.25,4443
0.25,4442
0.26,4441
0.26,4440
0.26,4439
0.26,4438
0.26,4437
0.26,4436
0.26,4435
0.26,4434
0.26,4433
0.26,4432
0.26,4431
0.26,4430
0.27,4429
0.27,4428
0.27,4427
0.27,4426
0.27,4425
0.27,4424
0.27,4423
0.27,4422
0.28,4421
0.28,4420
0.28,4419
0.28,4418
0.29,4417
0.29,4416
0.29,4415
0.29,4414
0.29,4413
0.29,4412
0.29,4411
0.29,4410
0.29,4409
0.29,4408
0.29,4407
0.29,4406
0.29,4405
0.29,4404
0.29,4403
0.29,4402
0.30,4401
0.30,4400
0.30,4399
0.30,4398
0.30,4397
0.30,4396
0.30,4395
0.30,4394
0.30,4393
0.30,4392
0.30,4391
0.31,4390
0.31,4389
0.31,4388
0.31,4387
0.31,4386
0.31,4385
0.31,4384
0.32,4383
0.32,4382
0.32,4381
0.32,4380
0.32,4379
0.32,4378
0.32,4377
0.32,4376
0.32,4375
0.32,4374
0.32,4373
0.32,4372
0.32,4371
0.32,4370
0.32,4369
0.32,4368
0.32,4367
0.32,4366
0.32,4365
0.32,4364
0.32,4363
0.32,4362
0.32,4361
0.32,4360
0.32,4359
0.32,4358
0.33,4357
0.33,4356
0.33,4355
0.33,4354
0.33,4353
0.34,4352
0.34,4351
0.34,4350
0.34,4349
0.34,4348
0.34,4347
0.34,4346
0.34,4345
0.34,4344
0.34,4343
0.34,4342
0.34,4341
0.34,4340
0.34,4339
0.34,4338
0.34,4337
0.34,4336
0.34,4335
0.34,4334
0.35,4333
0.35,4332
0.35,4331
0.35,4330
0.35,4329
0.35,4328
0.35,4327
0.35,4326
0.35,4325
0.35,4324
0.35,4323
0.35,4322
0.35,4321
0.35,4320
0.36,4319
0.36,4318
0.36,4317
0.36,4316
0.36,4315
0.36,4314
0.36,4313
0.36,4312
0.36,4311
0.36,4310
0.37,4309
0.37,4308
0.37,4307
0.37,4306
0.37,4305
0.37,4304
0.37,4303
0.37,4302
0.37,4301
0.37,4300
0.38,4299
0.38,4298
0.38,4297
0.38,4296
0.38,4295
0.38,4294
0.38,4293
0.38,4292
0.38,4291
0.38,4290
0.38,4289
0.38,4288
0.38,4287
0.38,4286
0.39,4285
0.39,4284
0.39,4283
0.39,4282
0.39,4281
0.39,4280
0.39,4279
0.39,4278
0.39,4277
0.39,4276
0.39,4275
0.39,4274
0.39,4273
0.39,4272
0.39,4271
0.39,4270
0.39,4269
0.39,4268
0.39,4267
0.39,4266
0.39,4265
0.40,4264
0.40,4263
0.40,4262
0.40,4261
0.40,4260
0.40,4259
0.40,4258
0.40,4257
0.40,4256
0.40,4255
0.40,4254
0.40,4253
0.40,4252
0.40,4251
0.40,4250
0.41,4249
0.41,4248
0.41,4247
0.41,4246
0.41,4245
0.42,4244
0.42,4243
0.42,4242
0.42,4241
0.42,4240
0.42,4239
0.42,4238
0.43,4237
0.43,4236
0.43,4235
0.43,4234
0.43,4233
0.43,4232
0.43,4231
0.43,4230
0.43,4229
0.43,4228
0.44,4227
0.44,4226
0.44,4225
0.44,4224
0.44,4223
0.44,4222
0.44,4221
0.44,4220
0.44,4219
0.44,4218
0.44,4217
0.44,4216
0.44,4215
0.45,4214
0.45,4213
0.45,4212
0.45,4211
0.45,4210
0.45,4209
0.46,4208
0.49,4207
0.49,4206
0.49,4205
0.49,4204
0.49,4203
0.49,4202
0.49,4201
0.50,4200
0.50,4199
0.50,4198
0.50,4197
0.50,4196
0.50,4195
0.50,4194
0.51,4193
0.51,4192
0.51,4191
0.51,4190
0.51,4189
0.52,4188
0.52,4187
0.52,4186
0.52,4185
0.52,4184
0.52,4183
0.52,4182
0.52,4181
0.52,4180
0.52,4179
0.52,4178
0.52,4177
0.52,4176
0.52,4175
0.52,4174
0.52,4173
0.52,4172
0.53,4171
0.53,4170
0.53,4169
0.53,4168
0.53,4167
0.53,4166
0.53,4165
0.53,4164
0.53,4163
0.53,4162
0.53,4161
0.53,4160
0.54,4159
0.54,4158
0.54,4157
0.54,4156
0.54,4155
0.54,4154
0.54,4153
0.54,4152
0.54,4151
0.54,4150
0.54,4149
0.54,4148
0.55,4147
0.55,4146
0.55,4145
0.55,4144
0.55,4143
0.55,4142
0.55,4141
0.55,4140
0.55,4139
0.55,4138
0.55,4137
0.56,4136
0.56,4135
0.56,4134
0.56,4133
0.56,4132
0.56,4131
0.57,4130
0.57,4129
0.57,4128
0.57,4127
0.57,4126
0.57,4125
0.57,4124
0.57,4123
0.57,4122
0.57,4121
0.57,4120
0.57,4119
0.57,4118
0.57,4117
0.57,4116
0.57,4115
0.57,4114
0.58,4113
0.58,4112
0.58,4111
0.58,4110
0.58,4109
0.58,4108
0.58,4107
0.59,4106
0.59,4105
0.59,4104
0.59,4103
0.59,4102
0.60,4101
0.60,4100
0.60,4099
0.60,4098
0.61,4097
0.61,4096
0.62,4095
0.62,4094
0.62,4093
0.62,4092
0.62,4091
0.62,4090
0.62,4089
0.62,4088
0.62,4087
0.63,4086
0.63,4085
0.63,4084
0.63,4083
0.63,4082
0.63,4081
0.63,4080
0.63,4079
0.63,4078
0.63,4077
0.64,4076
0.66,4075
0.66,4074
0.66,4073
0.66,4072
0.66,4071
0.66,4070
0.66,4069
0.66,4068
0.66,4067
0.66,4066
0.66,4065
0.66,4064
0.66,4063
0.66,4062
0.66,4061
0.66,4060
0.66,4059
0.66,4058
0.68,4057
0.68,4056
0.69,4055
0.69,4054
0.69,4053
0.69,4052
0.69,4051
0.69,4050
0.69,4049
0.69,4048
0.69,4047
0.69,4046
0.69,4045
0.69,4044
0.70,4043
0.70,4042
0.72,4041
0.72,4040
0.72,4039
0.72,4038
0.72,4037
0.72,4036
0.73,4035
0.73,4034
0.73,4033
0.73,4032
0.73,4031
0.74,4030
0.74,4029
0.74,4028
0.74,4027
0.74,4026
0.74,4025
0.74,4024
0.74,4023
0.74,4022
0.74,4021
0.74,4020
0.75,4019
0.75,4018
0.75,4017
0.75,4016
0.75,4015
0.75,4014
0.75,4013
0.75,4012
0.75,4011
0.79,4010
0.79,4009
0.79,4008
0.79,4007
0.79,4006
0.79,4005
0.79,4004
0.79,4003
0.79,4002
0.79,4001
0.79,4000
0.80,3999
0.80,3998
0.80,3997
0.80,3996
0.80,3995
0.81,3994
0.82,3993
0.91,3992
0.93,3991
0.94,3990
0.95,3989
0.95,3988
0.95,3987
0.95,3986
0.95,3985
0.95,3984
0.95,3983
0.95,3982
0.95,3981
0.95,3980
0.95,3979
0.95,3978
0.95,3977
0.95,3976
0.95,3975
0.95,3974
0.95,3973
0.95,3972
0.96,3971
0.96,3970
0.96,3969
0.96,3968
0.96,3967
0.96,3966
0.96,3965
0.96,3964
0.96,3963
0.96,3962
0.97,3961
0.97,3960
0.97,3959
0.97,3958
0.97,3957
0.97,3956
0.97,3955
0.97,3954
0.97,3953
0.97,3952
0.99,3951
1.00,3950
1.00,3949
1.00,3948
1.00,3947
1.00,3946
1.00,3945
1.00,3944
1.01,3943
1.01,3942
1.01,3941
1.01,3940
1.01,3939
1.01,3938
1.03,3937
1.03,3936
1.03,3935
1.05,3934
1.05,3933
1.06,3932
1.06,3931
1.06,3930
1.06,3929
1.07,3928
1.07,3927
1.07,3926
1.07,3925
1.07,3924
1.07,3923
1.07,3922
1.08,3921
1.08,3920
1.08,3919
1.09,3918
1.09,3917
1.09,3916
1.10,3915
1.10,3914
1.10,3913
1.10,3912
1.10,3911
1.10,3910
1.12,3909
1.13,3908
1.13,3907
1.13,3906
1.13,3905
1.13,3904
1.13,3903
1.13,3902
1.15,3901
1.15,3900
1.32,3899
1.32,3898
1.32,3897
1.32,3896
1.43,3895
1.43,3894
1.43,3893
1.43,3892
1.43,3891
1.43,3890
1.45,3889
1.45,3888
1.47,3887
1.47,3886
1.47,3885
1.48,3884
1.48,3883
1.48,3882
1.48,3881
1.49,3880
1.50,3879
1.50,3878
1.50,3877
1.50,3876
1.51,3875
1.51,3874
1.51,3873
1.51,3872
1.51,3871
1.51,3870
1.51,3869
1.51,3868
1.52,3867
1.52,3866
1.53,3865
1.53,3864
1.53,3863
1.54,3862
1.54,3861
1.54,3860
1.54,3859
1.54,3858
1.54,3857
1.54,3856
1.66,3855
1.66,3854
1.67,3853
1.67,3852
1.67,3851
1.67,3850
1.70,3849
1.70,3848
1.78,3847
1.78,3846
1.78,3845
1.78,3844
1.79,3843
1.87,3842
1.90,3841
1.91,3840
1.91,3839
1.91,3838
1.91,3837
1.91,3836
1.91,3835
1.91,3834
1.91,3833
1.91,3832
1.92,3831
1.92,3830
1.92,3829
1.95,3828
1.95,3827
1.96,3826
1.96,3825
1.96,3824
2.09,3823
2.09,3822
2.09,3821
2.09,3820
2.09,3819
2.09,3818
2.10,3817
2.10,3816
2.10,3815
2.10,3814
2.12,3813
2.12,3812
2.13,3811
2.13,3810
2.14,3809
2.14,3808
2.14,3807
2.14,3806
2.14,3805
2.14,3804
2.15,3803
2.15,3802
2.15,3801
2.15,3800
2.15,3799
2.15,3798
2.23,3797
2.23,3796
2.23,3795
2.23,3794
2.23,3793
2.24,3792
2.24,3791
2.24,3790
2.24,3789
2.30,3788
2.30,3787
2.32,3786
2.34,3785
2.78,3784
2.78,3783
2.78,3782
2.79,3781
2.79,3780
2.79,3779
2.79,3778
2.79,3777
2.80,3776
2.80,3775
2.80,3774
2.95,3773
2.95,3772
2.96,3771
2.96,3770
3.40,3769
3.41,3768
3.41,3767
3.41,3766
3.41,3765
3.41,3764
3.41,3763
3.41,3762
3.41,3761
3.41,3760
3.41,3759
3.41,3758
3.42,3757
3.42,3756
3.42,3755
3.44,3754
3.44,3753
3.44,3752
3.45,3751
3.45,3750
3.45,3749
3.45,3748
3.45,3747
3.45,3746
3.45,3745
3.45,3744
3.45,3743
3.45,3742
3.45,3741
3.46,3740
3.46,3739
3.47,3738
3.47,3737
3.47,3736
3.48,3735
3.48,3734
3.48,3733
3.48,3732
3.48,3731
3.51,3730
3.51,3729
3.51,3728
5.08,3727
5.08,3726
5.08,3725
5.08,3724
5.08,3723
5.08,3722
5.09,3721
5.09,3720
5.09,3719
5.09,3718
5.09,3717
5.12,3716
5.12,3715
5.12,3714
5.12,3713
5.47,3712
5.48,3711
5.49,3710
5.49,3709
5.50,3708
5.50,3707
5.52,3706
5.52,3705
5.60,3704
5.65,3703
5.67,3702
5.67,3701
5.67,3700
5.67,3699
5.80,3698
5.81,3697
5.81,3696
5.81,3695
5.81,3694
5.81,3693
5.85,3692
5.85,3691
5.87,3690
5.88,3689
5.88,3688
5.88,3687
5.89,3686
5.89,3685
5.89,3684
5.89,3683
5.89,3682
5.89,3681
5.89,3680
5.90,3679
7.75,3678
7.75,3677
7.76,3676
7.76,3675
7.76,3674
7.79,3673
7.79,3672
8.38,3671
8.40,3670
8.40,3669
8.40,3668
8.40,3667
8.40,3666
8.41,3665
8.41,3664
8.41,3663
8.41,3662
8.42,3661
8.43,3660
8.43,3659
8.48,3658
8.49,3657
8.49,3656
8.49,3655
8.49,3654
8.49,3653
8.49,3652
8.49,3651
8.49,3650
8.49,3649
8.49,3648
8.50,3647
8.89,3646
8.97,3645
8.98,3644
8.98,3643
8.98,3642
8.99,3641
8.99,3640
9.00,3639
9.01,3638
9.01,3637
9.01,3636
9.01,3635
9.01,3634
9.01,3633
9.02,3632
9.02,3631
9.02,3630
9.02,3629
9.02,3628
9.02,3627
10.34,3626
10.34,3625
10.35,3624
10.35,3623
10.35,3622
10.35,3621
10.35,3620
10.35,3619
10.35,3618
10.35,3617
10.35,3616
10.36,3615
10.36,3614
10.36,3613
10.36,3612
10.36,3611
10.36,3610
10.36,3609
10.36,3608
10.39,3607
10.40,3606
10.40,3605
10.40,3604
12.54,3603
12.54,3602
12.54,3601
12.56,3600
12.80,3599
12.80,3598
12.81,3597
12.81,3596
12.81,3595
14.68,3594
14.68,3593
14.68,3592
14.68,3591
14.72,3590
14.73,3589
14.73,3588
14.73,3587
14.73,3586
14.73,3585
14.73,3584
14.73,3583
14.73,3582
14.74,3581
14.74,3580
14.74,3579
14.74,3578
14.74,3577
14.74,3576
14.74,3575
14.87,3574
14.87,3573
14.90,3572
14.90,3571
14.90,3570
14.90,3569
14.90,3568
14.90,3567
14.90,3566
14.93,3565
15.01,3564
15.01,3563
15.01,3562
15.01,3561
15.01,3560
15.01,3559
15.03,3558
15.03,3557
15.03,3556
15.03,3555
15.04,3554
15.04,3553
15.04,3552
15.05,3551
15.05,3550
15.06,3549
15.07,3548
15.07,3547
15.08,3546
15.08,3545
15.08,3544
15.09,3543
15.09,3542
15.09,3541
15.09,3540
15.09,3539
15.09,3538
15.10,3537
15.10,3536
15.10,3535
15.10,3534
15.11,3533
15.11,3532
15.11,3531
15.11,3530
15.12,3529
15.12,3528
15.12,3527
15.12,3526
15.12,3525
15.12,3524
15.12,3523
15.53,3522
15.53,3521
15.53,3520
15.53,3519
15.53,3518
15.53,3517
15.53,3516
15.56,3515
15.56,3514
15.58,3513
15.58,3512
15.59,3511
15.62,3510
15.63,3509
15.63,3508
15.64,3507
15.64,3506
15.64,3505
15.64,3504
15.72,3503
15.72,3502
15.72,3501
15.72,3500
15.72,3499
15.72,3498
15.72,3497
15.72,3496
15.72,3495
15.73,3494
15.73,3493
15.73,3492
15.73,3491
15.73,3490
15.73,3489
15.73,3488
15.73,3487
15.76,3486
15.76,3485
15.76,3484
16.37,3483
16.38,3482
16.38,3481
16.38,3480
16.38,3479
16.38,3478
16.51,3477
16.51,3476
16.52,3475
16.52,3474
16.53,3473
16.53,3472
16.53,3471
16.78,3470
16.78,3469
16.79,3468
16.80,3467
16.80,3466
16.80,3465
16.80,3464
16.80,3463
16.80,3462
16.80,3461
16.81,3460
16.82,3459
16.82,3458
16.89,3457
16.90,3456
16.90,3455
16.90,3454
16.90,3453
16.90,3452
16.93,3451
16.93,3450
16.93,3449
16.95,3448
16.95,3447
16.95,3446
16.95,3445
16.95,3444
16.95,3443
16.95,3442
16.95,3441
16.95,3440
16.95,3439
16.96,3438
16.96,3437
16.96,3436
16.96,3435
16.96,3434
16.97,3433
16.97,3432
16.97,3431
16.97,3430
16.97,3429
16.99,3428
16.99,3427
16.99,3426
16.99,3425
16.99,3424
16.99,3423
16.99,3422
16.99,3421
17.00,3420
17.04,3419
17.04,3418
17.04,3417
17.04,3416
17.04,3415
17.04,3414
17.05,3413
17.05,3412
17.06,3411
17.08,3410
17.08,3409
17.08,3408
17.08,3407
17.08,3406
17.08,3405
17.09,3404
17.09,3403
17.09,3402
17.09,3401
17.09,3400
17.09,3399
17.11,3398
17.11,3397
17.38,3396
17.40,3395
17.40,3394
17.40,3393
17.64,3392
17.64,3391
17.64,3390
17.64,3389
17.65,3388
17.65,3387
17.65,3386
17.88,3385
17.88,3384
17.88,3383
17.89,3382
18.09,3381
18.10,3380
18.10,3379
18.10,3378
18.10,3377
18.10,3376
18.11,3375
18.15,3374
18.15,3373
18.19,3372
18.19,3371
18.20,3370
18.20,3369
18.20,3368
18.20,3367
18.20,3366
18.21,3365
18.22,3364
18.22,3363
18.22,3362
18.22,3361
18.91,3360
18.91,3359
18.91,3358
18.91,3357
18.91,3356
18.94,3355
18.95,3354
18.95,3353
18.95,3352
18.95,3351
19.02,3350
19.02,3349
19.03,3348
19.03,3347
19.03,3346
19.23,3345
19.23,3344
19.23,3343
19.24,3342
19.24,3341
19.24,3340
19.24,3339
19.24,3338
19.24,3337
19.24,3336
19.24,3335
19.24,3334
19.26,3333
19.26,3332
19.26,3331
19.27,3330
19.29,3329
19.30,3328
19.30,3327
19.30,3326
19.31,3325
19.31,3324
19.31,3323
19.33,3322
19.33,3321
19.33,3320
19.33,3319
19.33,3318
19.33,3317
19.33,3316
19.33,3315
19.35,3314
19.35,3313
19.78,3312
19.78,3311
19.78,3310
19.78,3309
19.78,3308
19.78,3307
19.78,3306
19.79,3305
19.80,3304
19.80,3303
19.80,3302
19.80,3301
19.80,3300
19.81,3299
19.81,3298
19.83,3297
19.88,3296
19.88,3295
19.89,3294
19.89,3293
19.89,3292
19.89,3291
19.89,3290
19.89,3289
19.89,3288
19.89,3287
19.90,3286
19.90,3285
19.90,3284
19.90,3283
19.90,3282
19.90,3281
19.90,3280
19.90,3279
19.90,3278
19.90,3277
19.91,3276
19.93,3275
19.94,3274
19.94,3273
19.94,3272
19.94,3271
19.99,3270
20.00,3269
20.00,3268
20.01,3267
20.02,3266
20.02,3265
20.02,3264
20.03,3263
20.03,3262
20.03,3261
20.14,3260
20.14,3259
20.14,3258
20.14,3257
20.14,3256
20.14,3255
20.14,3254
20.14,3253
20.15,3252
20.15,3251
20.15,3250
20.15,3249
20.15,3248
20.15,3247
20.15,3246
20.15,3245
20.15,3244
20.15,3243
20.15,3242
20.19,3241
20.19,3240
20.19,3239
20.19,3238
20.20,3237
20.20,3236
20.20,3235
20.20,3234
20.27,3233
20.27,3232
20.27,3231
20.27,3230
20.27,3229
20.27,3228
20.27,3227
20.27,3226
20.27,3225
20.28,3224
20.29,3223
20.29,3222
20.30,3221
20.31,3220
20.31,3219
20.31,3218
20.31,3217
20.31,3216
20.33,3215
20.34,3214
20.34,3213
20.34,3212
20.35,3211
20.35,3210
20.35,3209
20.35,3208
20.48,3207
20.48,3206
20.48,3205
20.48,3204
20.48,3203
20.48,3202
20.48,3201
20.49,3200
20.49,3199
20.49,3198
20.49,3197
20.49,3196
20.49,3195
20.64,3194
20.64,3193
20.64,3192
20.64,3191
20.64,3190
20.64,3189
20.65,3188
20.70,3187
20.70,3186
20.70,3185
20.71,3184
20.71,3183
20.71,3182
20.71,3181
20.71,3180
20.72,3179
20.72,3178
20.72,3177
20.72,3176
20.73,3175
20.73,3174
20.73,3173
20.73,3172
20.73,3171
20.74,3170
20.74,3169
20.74,3168
20.75,3167
20.75,3166
20.75,3165
20.75,3164
20.76,3163
20.82,3162
20.82,3161
20.86,3160
20.86,3159
20.86,3158
20.86,3157
20.86,3156
20.87,3155
20.87,3154
20.87,3153
20.87,3152
20.87,3151
20.87,3150
20.87,3149
20.92,3148
20.92,3147
20.95,3146
20.95,3145
20.95,3144
20.95,3143
21.00,3142
21.00,3141
21.00,3140
21.00,3139
21.00,3138
21.00,3137
21.00,3136
21.01,3135
21.01,3134
21.03,3133
21.07,3132
21.07,3131
21.09,3130
21.09,3129
21.09,3128
21.09,3127
21.10,3126
21.12,3125
21.12,3124
21.12,3123
21.12,3122
21.12,3121
21.12,3120
21.32,3119
21.32,3118
21.33,3117
21.33,3116
21.33,3115
21.33,3114
21.33,3113
21.33,3112
21.33,3111
21.34,3110
21.34,3109
21.34,3108
21.34,3107
21.34,3106
21.39,3105
21.39,3104
21.39,3103
21.40,3102
21.40,3101
21.41,3100
21.44,3099
21.44,3098
21.44,3097
21.45,3096
21.45,3095
21.45,3094
21.47,3093
21.47,3092
21.47,3091
21.48,3090
21.49,3089
21.49,3088
21.50,3087
21.52,3086
21.52,3085
21.52,3084
21.52,3083
21.52,3082
21.52,3081
21.52,3080
21.52,3079
21.52,3078
21.52,3077
21.52,3076
21.52,3075
21.52,3074
21.52,3073
21.52,3072
21.88,3071
21.89,3070
21.89,3069
21.89,3068
21.94,3067
21.95,3066
21.95,3065
21.95,3064
21.95,3063
21.96,3062
21.96,3061
22.00,3060
22.01,3059
22.01,3058
22.02,3057
22.02,3056
22.02,3055
22.02,3054
22.02,3053
22.02,3052
22.02,3051
22.02,3050
22.02,3049
22.02,3048
22.02,3047
22.02,3046
22.03,3045
22.03,3044
22.05,3043
22.05,3042
22.05,3041
22.05,3040
22.08,3039
22.08,3038
22.08,3037
22.10,3036
22.11,3035
22.14,3034
22.14,3033
22.14,3032
22.14,3031
22.14,3030
22.14,3029
22.14,3028
22.15,3027
22.15,3026
22.15,3025
22.16,3024
22.16,3023
22.16,3022
22.16,3021
22.17,3020
22.17,3019
22.26,3018
22.26,3017
22.26,3016
22.26,3015
22.26,3014
22.88,3013
22.88,3012
22.88,3011
22.88,3010
22.88,3009
22.88,3008
22.88,3007
22.88,3006
22.88,3005
22.88,3004
22.88,3003
22.89,3002
22.89,3001
22.89,3000
23.00,2999
23.03,2998
23.03,2997
23.04,2996
23.04,2995
23.06,2994
23.06,2993
23.06,2992
23.06,2991
23.06,2990
23.06,2989
23.06,2988
23.06,2987
23.06,2986
23.06,2985
23.07,2984
23.13,2983
23.13,2982
23.13,2981
23.13,2980
23.13,2979
23.13,2978
23.20,2977
23.20,2976
23.20,2975
23.20,2974
23.21,2973
23.21,2972
23.22,2971
23.23,2970
23.27,2969
23.28,2968
23.28,2967
23.28,2966
23.28,2965
23.28,2964
23.28,2963
23.28,2962
23.28,2961
23.29,2960
23.29,2959
23.30,2958
23.30,2957
23.65,2956
23.65,2955
23.65,2954
23.65,2953
23.65,2952
23.65,2951
23.65,2950
23.66,2949
23.66,2948
23.66,2947
23.69,2946
23.69,2945
23.69,2944
23.77,2943
23.77,2942
23.78,2941
23.78,2940
23.78,2939
23.78,2938
23.78,2937
23.79,2936
23.79,2935
23.79,2934
23.79,2933
23.80,2932
23.80,2931
23.80,2930
23.80,2929
23.80,2928
23.84,2927
23.85,2926
23.85,2925
23.86,2924
23.87,2923
23.95,2922
23.95,2921
23.97,2920
24.00,2919
24.00,2918
24.00,2917
24.01,2916
24.02,2915
24.05,2914
24.06,2913
24.06,2912
24.06,2911
24.07,2910
24.08,2909
24.08,2908
24.10,2907
24.10,2906
24.10,2905
24.11,2904
24.11,2903
24.11,2902
24.11,2901
24.12,2900
24.12,2899
24.12,2898
24.12,2897
24.13,2896
24.13,2895
24.13,2894
24.13,2893
24.13,2892
24.14,2891
24.14,2890
24.15,2889
24.15,2888
24.15,2887
24.15,2886
24.15,2885
24.18,2884
24.27,2883
24.27,2882
24.27,2881
24.27,2880
24.27,2879
24.27,2878
24.27,2877
24.27,2876
24.27,2875
24.27,2874
24.31,2873
24.31,2872
24.32,2871
24.32,2870
24.32,2869
24.34,2868
24.34,2867
24.34,2866
24.34,2865
24.34,2864
24.35,2863
24.37,2862
24.54,2861
24.54,2860
24.54,2859
24.54,2858
24.54,2857
24.55,2856
24.55,2855
24.55,2854
24.55,2853
24.56,2852
24.56,2851
24.58,2850
24.59,2849
24.64,2848
24.65,2847
24.65,2846
24.65,2845
24.65,2844
24.65,2843
24.65,2842
24.65,2841
24.66,2840
24.66,2839
24.66,2838
24.66,2837
24.68,2836
24.68,2835
24.68,2834
24.69,2833
24.69,2832
24.69,2831
24.70,2830
24.70,2829
24.70,2828
24.70,2827
24.70,2826
24.71,2825
24.71,2824
24.71,2823
24.71,2822
24.71,2821
24.71,2820
24.73,2819
24.74,2818
24.74,2817
24.74,2816
24.74,2815
24.75,2814
24.76,2813
25.01,2812
25.02,2811
25.31,2810
25.32,2809
25.32,2808
25.32,2807
25.33,2806
25.33,2805
25.41,2804
25.41,2803
25.41,2802
25.42,2801
25.42,2800
25.43,2799
25.44,2798
25.44,2797
25.46,2796
25.47,2795
25.47,2794
25.47,2793
25.47,2792
25.48,2791
25.48,2790
25.48,2789
25.48,2788
25.49,2787
25.49,2786
25.49,2785
25.49,2784
25.52,2783
25.52,2782
25.52,2781
25.52,2780
25.52,2779
25.52,2778
25.53,2777
25.53,2776
25.54,2775
25.54,2774
25.55,2773
25.55,2772
25.76,2771
25.76,2770
25.77,2769
25.77,2768
25.78,2767
25.78,2766
25.78,2765
25.78,2764
25.85,2763
25.91,2762
25.91,2761
25.91,2760
25.91,2759
25.92,2758
25.92,2757
25.92,2756
25.92,2755
25.92,2754
25.93,2753
25.93,2752
25.98,2751
25.98,2750
25.98,2749
26.01,2748
26.01,2747
26.02,2746
26.02,2745
26.02,2744
26.02,2743
26.05,2742
26.05,2741
26.07,2740
26.07,2739
26.07,2738
26.07,2737
26.09,2736
26.09,2735
26.09,2734
26.09,2733
26.12,2732
26.12,2731
26.12,2730
26.46,2729
26.46,2728
26.46,2727
26.47,2726
26.47,2725
26.52,2724
26.52,2723
26.53,2722
26.54,2721
26.54,2720
26.54,2719
26.60,2718
26.60,2717
26.61,2716
26.63,2715
26.64,2714
26.64,2713
26.64,2712
26.65,2711
26.66,2710
26.66,2709
26.69,2708
26.69,2707
26.69,2706
26.70,2705
26.70,2704
26.71,2703
26.73,2702
26.73,2701
26.74,2700
26.74,2699
26.74,2698
26.74,2697
26.74,2696
26.74,2695
26.76,2694
26.77,2693
26.78,2692
26.78,2691
26.78,2690
26.79,2689
26.79,2688
26.79,2687
26.80,2686
26.80,2685
26.80,2684
26.85,2683
26.85,2682
26.86,2681
26.86,2680
26.86,2679
26.86,2678
26.86,2677
26.86,2676
26.86,2675
26.86,2674
26.86,2673
26.86,2672
26.89,2671
27.43,2670
27.43,2669
27.44,2668
27.44,2667
27.44,2666
27.44,2665
27.44,2664
27.44,2663
27.45,2662
27.45,2661
27.61,2660
27.66,2659
27.66,2658
27.66,2657
27.66,2656
27.66,2655
27.67,2654
27.67,2653
27.67,2652
27.67,2651
27.68,2650
27.69,2649
27.69,2648
27.69,2647
27.69,2646
27.81,2645
27.81,2644
27.81,2643
27.81,2642
27.82,2641
27.82,2640
27.85,2639
28.10,2638
28.11,2637
28.16,2636
28.16,2635
28.16,2634
28.17,2633
28.17,2632
28.25,2631
28.27,2630
28.28,2629
28.28,2628
28.28,2627
28.29,2626
28.29,2625
28.29,2624
28.29,2623
28.29,2622
28.30,2621
28.34,2620
28.34,2619
28.34,2618
28.34,2617
28.34,2616
28.34,2615
28.34,2614
28.35,2613
28.35,2612
28.35,2611
28.35,2610
28.36,2609
28.36,2608
28.37,2607
29.11,2606
29.12,2605
29.14,2604
29.14,2603
29.14,2602
29.14,2601
29.15,2600
29.17,2599
29.17,2598
29.26,2597
29.26,2596
29.26,2595
29.26,2594
29.27,2593
29.32,2592
29.33,2591
29.33,2590
29.34,2589
29.35,2588
29.35,2587
29.35,2586
29.35,2585
29.35,2584
29.37,2583
29.37,2582
29.48,2581
29.48,2580
29.50,2579
29.51,2578
29.51,2577
29.52,2576
29.52,2575
29.53,2574
29.53,2573
29.54,2572
29.54,2571
29.75,2570
29.76,2569
29.76,2568
29.76,2567
29.76,2566
29.80,2565
29.81,2564
29.82,2563
29.82,2562
29.83,2561
29.83,2560
29.83,2559
29.83,2558
29.84,2557
29.84,2556
30.07,2555
30.09,2554
30.09,2553
30.09,2552
30.12,2551
30.12,2550
30.12,2549
30.12,2548
30.13,2547
30.30,2546
30.31,2545
30.31,2544
30.31,2543
30.32,2542
30.32,2541
30.59,2540
30.60,2539
30.84,2538
30.84,2537
30.84,2536
30.96,2535
30.96,2534
30.96,2533
30.97,2532
30.97,2531
30.99,2530
30.99,2529
31.00,2528
31.00,2527
31.00,2526
31.12,2525
31.12,2524
31.13,2523
31.13,2522
31.13,2521
31.15,2520
31.15,2519
31.18,2518
31.19,2517
31.26,2516
31.26,2515
31.27,2514
31.28,2513
31.57,2512
31.57,2511
31.57,2510
31.57,2509
31.57,2508
31.58,2507
31.61,2506
31.70,2505
31.70,2504
31.71,2503
31.72,2502
31.76,2501
31.77,2500
31.78,2499
31.80,2498
31.80,2497
31.81,2496
31.81,2495
31.82,2494
31.82,2493
31.82,2492
32.27,2491
32.43,2490
32.44,2489
32.44,2488
32.45,2487
32.46,2486
32.48,2485
32.49,2484
32.52,2483
32.52,2482
32.52,2481
32.52,2480
32.52,2479
32.74,2478
32.87,2477
32.87,2476
32.88,2475
32.91,2474
32.91,2473
32.91,2472
32.92,2471
32.92,2470
32.92,2469
32.92,2468
33.13,2467
33.13,2466
33.13,2465
33.13,2464
33.13,2463
33.13,2462
33.15,2461
33.15,2460
33.15,2459
33.17,2458
33.17,2457
33.18,2456
33.20,2455
33.21,2454
33.31,2453
33.31,2452
33.32,2451
33.33,2450
33.35,2449
33.41,2448
34.73,2447
34.73,2446
34.74,2445
34.74,2444
34.76,2443
34.78,2442
34.80,2441
35.46,2440
35.47,2439
35.47,2438
35.63,2437
35.63,2436
35.64,2435
35.89,2434
35.92,2433
35.92,2432
35.92,2431
35.92,2430
35.95,2429
35.95,2428
35.95,2427
35.95,2426
35.98,2425
35.98,2424
35.98,2423
35.99,2422
36.00,2421
36.00,2420
36.01,2419
36.01,2418
36.03,2417
36.58,2416
36.64,2415
36.67,2414
36.70,2413
36.98,2412
36.98,2411
37.00,2410
37.00,2409
37.01,2408
37.01,2407
37.01,2406
37.01,2405
37.01,2404
37.01,2403
37.41,2402
37.42,2401
37.42,2400
37.53,2399
37.53,2398
37.54,2397
37.84,2396
38.01,2395
38.06,2394
38.07,2393
38.08,2392
38.11,2391
38.11,2390
38.11,2389
38.11,2388
38.12,2387
38.13,2386
38.13,2385
38.14,2384
38.20,2383
38.22,2382
38.22,2381
38.22,2380
38.34,2379
40.07,2378
40.08,2377
40.08,2376
40.15,2375
40.17,2374
40.17,2373
40.17,2372
40.17,2371
40.18,2370
41.54,2369
41.54,2368
41.55,2367
41.57,2366
41.65,2365
41.67,2364
41.67,2363
41.68,2362
41.69,2361
43.43,2360
43.43,2359
43.44,2358
43.46,2357
43.46,2356
43.47,2355
43.93,2354
43.96,2353
44.92,2352
44.92,2351
44.92,2350
44.94,2349
44.95,2348
44.95,2347
44.96,2346
45.01,2345
45.04,2344
45.06,2343
45.12,2342
46.71,2341
46.72,2340
48.22,2339
48.24,2338
48.30,2337
48.41,2336
48.48,2335
50.09,2334
50.09,2333
50.13,2332
50.13,2331
51.01,2330
51.02,2329
51.02,2328
53.34,2327
53.71,2326
53.72,2325
58.76,2324
59.23,2323
59.24,2322
59.24,2321
59.25,2320
59.25,2319
60.45,2318
60.59,2317
62.62,2316
66.68,2315
74.32,2314
74.81,2313
76.81,2312
76.98,2311
77.02,2310
77.92,2309
78.07,2308
81.35,2307
81.37,2306
83.21,2305
94.42,2304
94.51,2303
94.54,2302
95.49,2301
101.29,2300
105.81,2299
105.84,2298
107.61,2297
119.82,2296
132.95,2295
150.91,2294
155.67,2293
170.96,2292
177.12,2291
230.74,2290
280.87,2289
335.82,2288
345.19,2287
346.34,2286
364.65,2285
409.18,2284
450.40,2283
463.43,2282
499.50,2281
