0.00,2874
0.04,2873
0.06,2872
0.11,2871
0.13,2870
0.17,2869
0.20,2868
0.24,2867
0.27,2866
0.45,2865
0.50,2864
0.55,2863
0.59,2862
0.64,2861
0.67,2860
0.71,2859
0.75,2858
0.78,2857
0.83,2856
0.85,2855
0.92,2854
0.94,2853
1.01,2852
1.06,2851
1.13,2850
1.21,2849
1.27,2848
1.31,2847
1.50,2846
1.54,2845
1.58,2844
1.78,2843
1.98,2842
2.04,2841
2.17,2840
2.23,2839
2.28,2838
2.31,2837
2.35,2836
2.38,2835
2.64,2834
2.69,2833
2.79,2832
2.86,2831
2.95,2830
3.12,2829
3.16,2828
3.22,2827
3.28,2826
3.39,2825
3.46,2824
3.50,2823
3.55,2822
3.60,2821
3.75,2820
3.77,2819
3.82,2818
4.01,2817
4.10,2816
4.22,2815
4.29,2814
4.35,2813
4.39,2812
4.42,2811
4.50,2810
4.56,2809
4.66,2808
4.69,2807
4.80,2806
4.97,2805
5.01,2804
5.05,2803
5.07,2802
5.19,2801
5.25,2800
5.29,2799
5.35,2798
5.41,2797
5.46,2796
5.51,2795
5.59,2794
5.66,2793
5.76,2792
5.93,2791
6.13,2790
6.19,2789
6.26,2788
6.31,2787
6.36,2786
6.44,2785
6.49,2784
6.51,2783
6.57,2782
6.63,2781
6.74,2780
6.76,2779
6.81,2778
6.87,2777
6.93,2776
7.06,2775
7.13,2774
7.21,2773
7.30,2772
7.40,2771
7.55,2770
7.87,2769
8.08,2768
8.11,2767
8.22,2766
8.25,2765
8.29,2764
8.37,2763
8.42,2762
8.59,2761
8.78,2760
8.82,2759
8.90,2758
8.98,2757
9.00,2756
9.20,2755
9.27,2754
9.33,2753
9.38,2752
9.41,2751
9.43,2750
9.50,2749
9.58,2748
9.64,2747
9.72,2746
9.81,2745
9.92,2744
9.99,2743
10.05,2742
10.27,2741
10.30,2740
10.40,2739
10.47,2738
10.56,2737
10.62,2736
10.66,2735
10.73,2734
10.93,2733
10.95,2732
10.97,2731
11.03,2730
11.07,2729
11.13,2728
11.16,2727
11.18,2726
11.42,2725
11.50,2724
11.57,2723
11.72,2722
11.76,2721
11.80,2720
11.82,2719
11.88,2718
11.94,2717
12.13,2716
12.20,2715
12.22,2714
12.51,2713
12.58,2712
12.75,2711
12.96,2710
13.28,2709
13.33,2708
13.46,2707
13.50,2706
13.62,2705
13.65,2704
13.70,2703
13.92,2702
14.05,2701
14.21,2700
14.26,2699
14.31,2698
14.35,2697
14.38,2696
14.43,2695
14.46,2694
14.57,2693
14.68,2692
14.70,2691
14.90,2690
15.09,2689
15.11,2688
15.15,2687
15.21,2686
15.55,2685
15.59,2684
15.78,2683
15.95,2682
16.00,2681
16.28,2680
16.35,2679
16.46,2678
16.49,2677
16.62,2676
16.70,2675
16.76,2674
16.84,2673
16.95,2672
17.02,2671
17.25,2670
17.41,2669
17.50,2668
17.54,2667
17.62,2666
17.65,2665
17.87,2664
17.98,2663
18.10,2662
18.18,2661
18.28,2660
18.52,2659
18.65,2658
18.71,2657
18.84,2656
18.87,2655
18.96,2654
19.09,2653
19.40,2652
19.55,2651
19.57,2650
19.59,2649
19.62,2648
19.65,2647
19.72,2646
19.76,2645
19.78,2644
19.81,2643
19.88,2642
19.91,2641
19.93,2640
19.96,2639
20.00,2638
20.10,2637
20.17,2636
20.57,2635
20.61,2634
20.65,2633
20.70,2632
20.74,2631
20.76,2630
20.86,2629
21.02,2628
21.05,2627
21.18,2626
21.23,2625
21.26,2624
21.38,2623
21.41,2622
21.55,2621
21.58,2620
21.64,2619
21.74,2618
21.77,2617
21.88,2616
21.96,2615
22.18,2614
22.23,2613
22.35,2612
22.51,2611
22.58,2610
22.68,2609
22.70,2608
22.79,2607
22.92,2606
23.01,2605
23.07,2604
23.10,2603
23.13,2602
23.17,2601
23.39,2600
23.44,2599
23.46,2598
23.59,2597
23.79,2596
23.82,2595
23.95,2594
24.04,2593
24.08,2592
24.11,2591
24.19,2590
24.27,2589
24.51,2588
24.58,2587
24.92,2586
25.02,2585
25.08,2584
25.24,2583
25.38,2582
25.87,2581
25.90,2580
26.18,2579
26.29,2578
26.37,2577
26.47,2576
26.54,2575
26.63,2574
26.72,2573
26.95,2572
27.01,2571
27.12,2570
27.21,2569
27.23,2568
27.26,2567
27.35,2566
27.44,2565
27.47,2564
27.49,2563
27.53,2562
27.62,2561
27.68,2560
27.79,2559
27.82,2558
27.90,2557
28.17,2556
28.21,2555
28.27,2554
28.32,2553
28.36,2552
28.39,2551
28.44,2550
28.58,2549
28.74,2548
28.82,2547
28.90,2546
28.93,2545
29.15,2544
29.17,2543
29.21,2542
29.33,2541
29.35,2540
29.50,2539
29.57,2538
29.63,2537
29.68,2536
29.70,2535
29.77,2534
29.80,2533
29.87,2532
29.90,2531
29.95,2530
30.03,2529
30.06,2528
30.08,2527
30.11,2526
30.19,2525
30.24,2524
30.31,2523
30.34,2522
30.45,2521
30.54,2520
30.61,2519
30.74,2518
30.78,2517
30.84,2516
30.95,2515
30.97,2514
31.21,2513
31.28,2512
31.36,2511
31.45,2510
31.48,2509
31.51,2508
31.61,2507
31.73,2506
31.75,2505
31.79,2504
31.85,2503
31.88,2502
31.93,2501
31.97,2500
32.01,2499
32.25,2498
32.33,2497
32.37,2496
32.46,2495
32.53,2494
32.58,2493
32.64,2492
32.70,2491
32.75,2490
32.96,2489
33.00,2488
33.15,2487
33.19,2486
33.22,2485
33.25,2484
33.28,2483
33.30,2482
33.32,2481
33.42,2480
33.54,2479
33.66,2478
33.71,2477
33.81,2476
33.88,2475
33.97,2474
34.15,2473
34.19,2472
34.21,2471
34.23,2470
34.35,2469
34.53,2468
34.56,2467
34.64,2466
34.69,2465
34.76,2464
34.79,2463
34.82,2462
34.93,2461
34.97,2460
35.03,2459
35.08,2458
35.20,2457
35.24,2456
35.36,2455
35.39,2454
35.45,2453
35.50,2452
35.55,2451
35.59,2450
35.72,2449
35.75,2448
35.78,2447
35.80,2446
35.82,2445
35.85,2444
35.90,2443
35.98,2442
36.25,2441
36.27,2440
36.38,2439
36.43,2438
36.47,2437
36.54,2436
36.59,2435
36.71,2434
36.90,2433
36.92,2432
37.12,2431
37.21,2430
37.25,2429
37.48,2428
37.70,2427
37.85,2426
37.93,2425
37.95,2424
38.14,2423
38.19,2422
38.27,2421
