0.00,2871
0.03,2870
0.06,2869
0.09,2868
0.13,2867
0.15,2866
0.18,2865
0.23,2864
0.32,2863
0.34,2862
0.45,2861
0.47,2860
0.49,2859
0.53,2858
0.55,2857
0.63,2856
0.68,2855
0.74,2854
0.84,2853
0.86,2852
0.92,2851
0.97,2850
1.04,2849
1.09,2848
1.27,2847
1.33,2846
1.40,2845
1.43,2844
1.49,2843
1.58,2842
1.61,2841
1.86,2840
1.90,2839
1.95,2838
2.01,2837
2.08,2836
2.10,2835
2.30,2834
2.35,2833
2.56,2832
2.67,2831
2.72,2830
2.76,2829
2.80,2828
2.84,2827
3.06,2826
3.34,2825
3.52,2824
3.80,2823
3.86,2822
3.89,2821
4.08,2820
4.15,2819
4.27,2818
4.40,2817
4.44,2816
4.58,2815
4.67,2814
4.75,2813
4.84,2812
4.93,2811
4.95,2810
4.97,2809
5.05,2808
5.08,2807
5.15,2806
5.22,2805
5.44,2804
5.51,2803
5.54,2802
5.60,2801
5.70,2800
5.73,2799
5.77,2798
5.81,2797
6.02,2796
6.07,2795
6.17,2794
6.22,2793
6.34,2792
6.39,2791
6.44,2790
6.49,2789
6.52,2788
6.63,2787
6.67,2786
6.81,2785
6.83,2784
6.91,2783
7.00,2782
7.13,2781
7.18,2780
7.25,2779
7.31,2778
7.33,2777
7.59,2776
7.62,2775
7.77,2774
7.85,2773
7.87,2772
7.90,2771
7.93,2770
7.99,2769
8.06,2768
8.12,2767
8.23,2766
8.32,2765
8.43,2764
8.56,2763
8.61,2762
8.65,2761
8.73,2760
8.88,2759
8.93,2758
8.95,2757
9.00,2756
9.06,2755
9.18,2754
9.21,2753
9.25,2752
9.29,2751
9.38,2750
9.44,2749
9.49,2748
9.51,2747
9.58,2746
9.61,2745
9.68,2744
9.75,2743
9.80,2742
9.84,2741
9.86,2740
10.07,2739
10.09,2738
10.21,2737
10.40,2736
10.45,2735
10.52,2734
10.55,2733
10.57,2732
10.61,2731
10.65,2730
10.71,2729
10.81,2728
10.90,2727
10.94,2726
11.01,2725
11.04,2724
11.07,2723
11.09,2722
11.12,2721
11.15,2720
11.21,2719
11.31,2718
11.34,2717
11.40,2716
11.42,2715
11.53,2714
11.69,2713
11.74,2712
11.78,2711
11.88,2710
12.11,2709
12.19,2708
12.40,2707
12.45,2706
12.55,2705
12.72,2704
12.77,2703
12.84,2702
13.20,2701
13.25,2700
13.56,2699
13.61,2698
13.69,2697
13.78,2696
13.80,2695
13.86,2694
14.34,2693
14.42,2692
14.51,2691
14.54,2690
14.59,2689
14.64,2688
14.84,2687
14.86,2686
14.89,2685
14.92,2684
14.97,2683
15.05,2682
15.13,2681
15.31,2680
15.37,2679
15.41,2678
15.44,2677
15.60,2676
15.70,2675
15.74,2674
15.76,2673
15.97,2672
16.20,2671
16.24,2670
16.29,2669
16.37,2668
16.45,2667
16.50,2666
16.53,2665
16.84,2664
17.03,2663
17.22,2662
17.31,2661
17.44,2660
17.52,2659
17.70,2658
17.83,2657
18.10,2656
18.23,2655
18.29,2654
18.31,2653
18.55,2652
18.68,2651
18.80,2650
18.92,2649
18.95,2648
18.97,2647
19.01,2646
19.09,2645
19.14,2644
19.22,2643
19.26,2642
19.34,2641
19.44,2640
19.54,2639
19.65,2638
19.73,2637
19.96,2636
20.22,2635
20.29,2634
20.39,2633
20.46,2632
20.70,2631
20.73,2630
20.88,2629
20.98,2628
21.04,2627
21.13,2626
21.23,2625
21.35,2624
21.53,2623
21.56,2622
21.69,2621
21.76,2620
21.88,2619
22.15,2618
22.32,2617
22.50,2616
22.56,2615
22.63,2614
22.66,2613
22.72,2612
23.03,2611
23.21,2610
23.44,2609
23.52,2608
23.66,2607
23.77,2606
23.89,2605
23.95,2604
23.98,2603
24.08,2602
24.11,2601
24.26,2600
24.31,2599
24.51,2598
24.55,2597
24.68,2596
24.83,2595
24.95,2594
24.99,2593
25.12,2592
25.17,2591
25.20,2590
25.26,2589
25.34,2588
25.43,2587
25.53,2586
25.59,2585
25.63,2584
25.74,2583
25.77,2582
25.84,2581
25.93,2580
26.26,2579
26.71,2578
26.91,2577
27.05,2576
27.20,2575
27.25,2574
27.31,2573
27.37,2572
27.49,2571
27.52,2570
27.58,2569
27.73,2568
27.79,2567
27.83,2566
27.86,2565
27.95,2564
28.01,2563
28.06,2562
28.08,2561
28.13,2560
28.15,2559
28.32,2558
28.45,2557
28.47,2556
28.55,2555
28.58,2554
28.62,2553
28.65,2552
28.69,2551
28.75,2550
28.80,2549
28.83,2548
28.85,2547
28.90,2546
28.95,2545
29.00,2544
29.07,2543
29.10,2542
29.13,2541
29.17,2540
29.19,2539
29.22,2538
29.35,2537
29.41,2536
29.48,2535
29.50,2534
29.54,2533
29.56,2532
29.60,2531
29.72,2530
29.75,2529
29.81,2528
29.85,2527
29.91,2526
29.96,2525
30.02,2524
30.07,2523
30.10,2522
30.33,2521
30.35,2520
30.46,2519
30.70,2518
30.72,2517
31.02,2516
31.12,2515
31.24,2514
31.42,2513
31.47,2512
31.63,2511
31.73,2510
31.83,2509
31.91,2508
31.94,2507
31.97,2506
32.12,2505
32.23,2504
32.32,2503
32.36,2502
32.40,2501
32.43,2500
32.49,2499
32.56,2498
32.69,2497
32.77,2496
32.84,2495
32.90,2494
32.94,2493
33.00,2492
33.04,2491
33.06,2490
33.08,2489
33.11,2488
33.27,2487
33.32,2486
33.44,2485
33.46,2484
33.50,2483
33.54,2482
33.66,2481
33.75,2480
33.89,2479
33.98,2478
34.02,2477
34.12,2476
34.19,2475
34.22,2474
34.26,2473
34.30,2472
34.33,2471
34.50,2470
34.58,2469
34.69,2468
34.74,2467
34.77,2466
34.91,2465
34.97,2464
35.11,2463
35.16,2462
35.21,2461
35.29,2460
35.45,2459
35.52,2458
35.56,2457
35.58,2456
35.63,2455
35.72,2454
35.74,2453
35.82,2452
35.90,2451
35.96,2450
35.99,2449
36.01,2448
36.04,2447
36.11,2446
36.44,2445
36.66,2444
36.79,2443
36.86,2442
36.94,2441
37.03,2440
37.11,2439
37.14,2438
37.25,2437
37.34,2436
37.46,2435
37.50,2434
37.53,2433
37.55,2432
37.58,2431
37.64,2430
37.66,2429
37.72,2428
37.88,2427
37.93,2426
38.08,2425
38.10,2424
38.31,2423
38.49,2422
38.76,2421
38.80,2420
38.82,2419
38.97,2418
39.01,2417
39.13,2416
39.17,2415
39.23,2414
39.51,2413
39.70,2412
39.81,2411
39.88,2410
39.90,2409
40.01,2408
40.21,2407
40.27,2406
40.32,2405
40.37,2404
40.47,2403
