0.00,2878
0.03,2877
0.05,2876
0.15,2875
0.21,2874
0.24,2873
0.29,2872
0.31,2871
0.37,2870
0.43,2869
0.48,2868
0.54,2867
0.64,2866
0.70,2865
0.80,2864
0.84,2863
0.93,2862
1.03,2861
1.10,2860
1.14,2859
1.21,2858
1.40,2857
1.44,2856
1.62,2855
1.75,2854
1.84,2853
1.94,2852
2.07,2851
2.11,2850
2.24,2849
2.34,2848
2.39,2847
2.47,2846
2.51,2845
2.58,2844
2.64,2843
2.67,2842
2.75,2841
2.78,2840
2.85,2839
2.90,2838
2.97,2837
2.99,2836
3.07,2835
3.09,2834
3.12,2833
3.16,2832
3.25,2831
3.30,2830
3.46,2829
3.58,2828
3.76,2827
3.87,2826
3.96,2825
4.08,2824
4.16,2823
4.19,2822
4.23,2821
4.26,2820
4.30,2819
4.50,2818
4.60,2817
4.69,2816
4.87,2815
5.05,2814
5.09,2813
5.18,2812
5.28,2811
5.31,2810
5.35,2809
5.48,2808
5.50,2807
5.53,2806
5.69,2805
5.80,2804
5.90,2803
5.96,2802
6.03,2801
6.08,2800
6.15,2799
6.19,2798
6.21,2797
6.24,2796
6.35,2795
6.46,2794
6.53,2793
6.55,2792
6.64,2791
6.70,2790
6.75,2789
6.78,2788
7.08,2787
7.19,2786
7.22,2785
7.24,2784
7.38,2783
7.41,2782
7.45,2781
7.49,2780
7.55,2779
7.57,2778
7.62,2777
7.85,2776
7.88,2775
7.95,2774
8.01,2773
8.04,2772
8.07,2771
8.10,2770
8.15,2769
8.29,2768
8.31,2767
8.39,2766
8.47,2765
8.51,2764
8.54,2763
8.59,2762
8.66,2761
8.77,2760
8.97,2759
9.03,2758
9.08,2757
9.12,2756
9.30,2755
9.36,2754
9.55,2753
9.58,2752
9.65,2751
9.67,2750
9.87,2749
9.92,2748
10.01,2747
10.06,2746
10.11,2745
10.20,2744
10.28,2743
10.41,2742
10.47,2741
10.51,2740
10.56,2739
10.60,2738
10.80,2737
10.87,2736
10.89,2735
11.02,2734
11.16,2733
11.18,2732
11.24,2731
11.29,2730
11.37,2729
11.48,2728
11.62,2727
11.69,2726
11.89,2725
11.92,2724
11.97,2723
12.09,2722
12.19,2721
12.29,2720
12.31,2719
12.35,2718
12.37,2717
12.42,2716
12.47,2715
12.95,2714
13.01,2713
13.05,2712
13.16,2711
13.20,2710
13.26,2709
13.31,2708
13.40,2707
13.43,2706
13.62,2705
13.78,2704
13.90,2703
13.97,2702
14.08,2701
14.29,2700
14.31,2699
14.48,2698
14.51,2697
14.60,2696
14.68,2695
14.80,2694
14.84,2693
15.27,2692
15.41,2691
15.77,2690
15.83,2689
15.85,2688
15.87,2687
15.98,2686
16.09,2685
16.15,2684
16.23,2683
16.37,2682
16.48,2681
16.61,2680
16.64,2679
16.66,2678
16.71,2677
16.86,2676
16.88,2675
16.93,2674
16.97,2673
17.00,2672
17.23,2671
17.28,2670
17.50,2669
17.55,2668
17.59,2667
17.61,2666
18.22,2665
18.39,2664
18.54,2663
18.64,2662
18.82,2661
18.84,2660
18.96,2659
19.03,2658
19.18,2657
19.22,2656
19.25,2655
19.39,2654
19.55,2653
19.58,2652
19.63,2651
19.70,2650
19.73,2649
19.92,2648
20.01,2647
20.04,2646
20.07,2645
20.18,2644
20.28,2643
20.33,2642
20.39,2641
20.42,2640
20.51,2639
20.64,2638
20.72,2637
20.81,2636
20.83,2635
20.88,2634
20.91,2633
20.95,2632
20.98,2631
21.04,2630
21.10,2629
21.13,2628
21.22,2627
21.24,2626
21.30,2625
21.33,2624
21.44,2623
21.57,2622
21.59,2621
21.64,2620
21.72,2619
21.89,2618
21.96,2617
22.17,2616
22.23,2615
22.25,2614
22.28,2613
22.34,2612
22.37,2611
22.44,2610
22.46,2609
22.48,2608
22.58,2607
22.62,2606
22.77,2605
22.79,2604
22.86,2603
22.95,2602
23.07,2601
23.09,2600
23.19,2599
23.23,2598
23.30,2597
23.44,2596
23.65,2595
23.72,2594
23.79,2593
23.86,2592
23.97,2591
24.04,2590
24.14,2589
24.20,2588
24.29,2587
24.35,2586
24.41,2585
24.49,2584
24.53,2583
24.80,2582
24.84,2581
24.91,2580
25.09,2579
25.16,2578
25.38,2577
25.56,2576
25.75,2575
25.88,2574
26.08,2573
26.15,2572
26.29,2571
26.39,2570
26.60,2569
26.74,2568
26.78,2567
26.83,2566
26.94,2565
26.98,2564
27.10,2563
27.16,2562
27.32,2561
27.41,2560
27.71,2559
27.74,2558
27.82,2557
27.98,2556
28.00,2555
28.09,2554
28.19,2553
28.28,2552
28.34,2551
28.43,2550
28.47,2549
28.49,2548
28.54,2547
28.60,2546
28.62,2545
28.77,2544
28.84,2543
29.05,2542
29.22,2541
29.33,2540
29.38,2539
29.43,2538
29.66,2537
29.83,2536
29.92,2535
29.97,2534
30.10,2533
30.20,2532
30.26,2531
30.37,2530
30.39,2529
30.41,2528
30.46,2527
30.61,2526
30.84,2525
30.87,2524
31.07,2523
31.30,2522
31.43,2521
31.46,2520
31.53,2519
31.71,2518
31.81,2517
32.01,2516
32.03,2515
32.08,2514
32.11,2513
32.15,2512
32.17,2511
32.32,2510
32.35,2509
32.46,2508
32.53,2507
32.60,2506
32.69,2505
32.94,2504
33.05,2503
33.08,2502
33.19,2501
33.28,2500
33.32,2499
33.35,2498
33.57,2497
33.66,2496
33.78,2495
33.84,2494
33.96,2493
34.13,2492
34.24,2491
34.31,2490
34.33,2489
34.40,2488
34.42,2487
34.48,2486
34.54,2485
34.60,2484
34.63,2483
34.65,2482
34.86,2481
35.20,2480
35.25,2479
35.38,2478
35.46,2477
35.53,2476
35.62,2475
35.66,2474
35.68,2473
35.73,2472
35.76,2471
35.79,2470
35.84,2469
35.89,2468
36.05,2467
36.08,2466
36.23,2465
36.27,2464
36.42,2463
36.63,2462
36.65,2461
36.81,2460
36.88,2459
36.93,2458
37.01,2457
37.11,2456
37.29,2455
37.37,2454
37.39,2453
37.44,2452
37.46,2451
37.49,2450
37.57,2449
37.63,2448
37.69,2447
37.83,2446
37.89,2445
37.96,2444
38.02,2443
38.16,2442
38.18,2441
38.45,2440
38.53,2439
38.64,2438
38.67,2437
38.77,2436
38.87,2435
39.19,2434
39.33,2433
39.35,2432
39.39,2431
39.43,2430
39.51,2429
39.76,2428
39.94,2427
40.00,2426
40.10,2425
40.17,2424
40.22,2423
40.27,2422
