0.00,2904
0.03,2903
0.07,2902
0.12,2901
0.15,2900
0.34,2899
0.37,2898
0.41,2897
0.54,2896
0.57,2895
0.60,2894
0.66,2893
0.80,2892
1.15,2891
1.18,2890
1.26,2889
1.33,2888
1.45,2887
1.48,2886
1.55,2885
1.59,2884
1.64,2883
1.66,2882
1.93,2881
2.13,2880
2.24,2879
2.32,2878
2.37,2877
2.43,2876
2.45,2875
2.48,2874
2.60,2873
2.64,2872
2.75,2871
2.79,2870
2.82,2869
2.91,2868
3.06,2867
3.10,2866
3.29,2865
3.31,2864
3.38,2863
3.53,2862
3.63,2861
3.67,2860
3.73,2859
3.95,2858
4.13,2857
4.21,2856
4.24,2855
4.28,2854
4.40,2853
4.51,2852
4.58,2851
4.63,2850
4.67,2849
4.72,2848
4.84,2847
4.86,2846
4.90,2845
5.00,2844
5.04,2843
5.07,2842
5.18,2841
5.24,2840
5.28,2839
5.33,2838
5.37,2837
5.55,2836
5.57,2835
5.67,2834
5.69,2833
5.78,2832
5.80,2831
5.90,2830
5.95,2829
5.97,2828
6.15,2827
6.19,2826
6.21,2825
6.26,2824
6.45,2823
6.54,2822
6.61,2821
6.64,2820
6.68,2819
6.72,2818
6.78,2817
6.82,2816
6.86,2815
6.91,2814
6.98,2813
7.21,2812
7.40,2811
7.45,2810
7.49,2809
7.53,2808
7.61,2807
7.63,2806
7.68,2805
7.74,2804
7.83,2803
8.07,2802
8.14,2801
8.18,2800
8.28,2799
8.39,2798
8.43,2797
8.51,2796
8.59,2795
8.66,2794
8.70,2793
8.91,2792
9.22,2791
9.24,2790
9.28,2789
9.42,2788
9.45,2787
9.51,2786
9.57,2785
9.65,2784
9.75,2783
9.82,2782
9.91,2781
9.93,2780
9.99,2779
10.04,2778
10.11,2777
10.28,2776
10.34,2775
10.39,2774
10.41,2773
10.53,2772
10.57,2771
10.69,2770
10.71,2769
10.80,2768
10.93,2767
10.95,2766
10.98,2765
11.01,2764
11.04,2763
11.15,2762
11.19,2761
11.21,2760
11.26,2759
11.42,2758
11.47,2757
11.49,2756
11.54,2755
11.61,2754
11.65,2753
11.70,2752
11.74,2751
11.91,2750
11.97,2749
12.05,2748
12.16,2747
12.21,2746
12.23,2745
12.33,2744
12.39,2743
12.41,2742
12.51,2741
12.55,2740
12.60,2739
12.62,2738
12.73,2737
12.86,2736
12.96,2735
13.05,2734
13.09,2733
13.11,2732
13.21,2731
13.39,2730
13.48,2729
13.55,2728
13.61,2727
13.81,2726
13.89,2725
13.98,2724
14.06,2723
14.08,2722
14.28,2721
14.37,2720
14.41,2719
14.78,2718
14.84,2717
14.90,2716
14.93,2715
15.03,2714
15.08,2713
15.10,2712
15.14,2711
15.36,2710
15.71,2709
15.77,2708
15.81,2707
15.87,2706
15.94,2705
16.13,2704
16.23,2703
16.29,2702
16.37,2701
16.39,2700
16.53,2699
16.60,2698
16.63,2697
16.83,2696
16.92,2695
17.01,2694
17.05,2693
17.57,2692
17.64,2691
17.88,2690
18.00,2689
18.11,2688
18.21,2687
18.24,2686
18.44,2685
18.57,2684
19.00,2683
19.08,2682
19.10,2681
19.27,2680
19.38,2679
19.41,2678
19.43,2677
19.47,2676
19.50,2675
19.54,2674
19.65,2673
19.67,2672
19.72,2671
19.84,2670
19.87,2669
19.92,2668
19.95,2667
19.97,2666
20.02,2665
20.07,2664
20.09,2663
20.21,2662
20.43,2661
20.47,2660
20.67,2659
20.76,2658
20.82,2657
20.89,2656
20.94,2655
20.97,2654
21.02,2653
21.09,2652
21.12,2651
21.16,2650
21.24,2649
21.36,2648
21.51,2647
21.56,2646
21.60,2645
21.73,2644
21.83,2643
21.97,2642
22.12,2641
22.31,2640
22.37,2639
22.45,2638
22.49,2637
22.51,2636
22.53,2635
22.60,2634
22.83,2633
23.34,2632
23.38,2631
23.41,2630
23.44,2629
23.60,2628
23.66,2627
23.70,2626
23.72,2625
23.79,2624
23.90,2623
23.98,2622
24.04,2621
24.13,2620
24.17,2619
24.22,2618
24.31,2617
24.34,2616
24.42,2615
24.47,2614
24.59,2613
24.62,2612
24.64,2611
24.67,2610
24.70,2609
24.87,2608
24.95,2607
25.06,2606
25.08,2605
25.19,2604
25.39,2603
25.60,2602
25.68,2601
25.72,2600
25.80,2599
25.86,2598
26.01,2597
26.03,2596
26.23,2595
26.30,2594
26.46,2593
26.80,2592
26.82,2591
26.85,2590
26.91,2589
27.02,2588
27.09,2587
27.14,2586
27.34,2585
27.42,2584
27.51,2583
27.60,2582
27.66,2581
27.79,2580
27.95,2579
27.97,2578
28.12,2577
28.25,2576
28.27,2575
28.30,2574
28.33,2573
28.36,2572
28.38,2571
28.44,2570
28.55,2569
28.60,2568
28.64,2567
28.68,2566
28.72,2565
28.74,2564
28.80,2563
28.93,2562
28.99,2561
29.04,2560
29.13,2559
29.17,2558
29.20,2557
29.23,2556
29.25,2555
29.29,2554
29.39,2553
29.54,2552
29.60,2551
29.63,2550
29.65,2549
29.82,2548
29.92,2547
30.07,2546
30.12,2545
30.15,2544
30.21,2543
30.31,2542
30.34,2541
30.55,2540
30.71,2539
30.82,2538
30.88,2537
31.02,2536
31.11,2535
31.15,2534
31.22,2533
31.26,2532
31.29,2531
31.34,2530
31.40,2529
31.45,2528
31.50,2527
31.53,2526
31.60,2525
31.70,2524
31.74,2523
31.89,2522
32.04,2521
32.12,2520
32.23,2519
32.31,2518
32.45,2517
32.64,2516
32.66,2515
32.74,2514
32.81,2513
33.02,2512
33.20,2511
33.24,2510
33.35,2509
33.49,2508
33.65,2507
33.70,2506
33.79,2505
33.81,2504
33.85,2503
33.90,2502
33.97,2501
33.99,2500
34.25,2499
34.32,2498
34.39,2497
34.54,2496
34.57,2495
34.59,2494
34.67,2493
34.71,2492
34.84,2491
34.89,2490
34.92,2489
34.96,2488
35.02,2487
35.05,2486
35.10,2485
35.16,2484
35.18,2483
35.23,2482
35.29,2481
35.31,2480
35.37,2479
35.42,2478
35.44,2477
35.51,2476
35.55,2475
35.61,2474
35.64,2473
35.82,2472
35.85,2471
35.88,2470
35.90,2469
36.13,2468
36.15,2467
36.35,2466
36.43,2465
36.48,2464
36.52,2463
36.63,2462
36.65,2461
36.70,2460
36.75,2459
36.97,2458
37.09,2457
37.11,2456
37.18,2455
37.27,2454
37.41,2453
37.45,2452
37.50,2451
37.59,2450
37.68,2449
37.78,2448
37.81,2447
37.85,2446
37.87,2445
37.96,2444
38.04,2443
38.08,2442
38.15,2441
38.17,2440
38.23,2439
38.29,2438
38.34,2437
38.36,2436
38.56,2435
38.74,2434
38.79,2433
38.85,2432
38.97,2431
39.03,2430
39.10,2429
39.13,2428
39.16,2427
39.25,2426
39.47,2425
