0.08,4940
0.08,4939
0.08,4938
0.08,4937
0.08,4936
0.08,4935
0.08,4934
0.08,4933
0.08,4932
0.08,4931
0.08,4930
0.08,4929
0.08,4928
0.08,4927
0.08,4926
0.08,4925
0.08,4924
0.08,4923
0.08,4922
0.08,4921
0.08,4920
0.08,4919
0.08,4918
0.08,4917
0.08,4916
0.08,4915
0.08,4914
0.08,4913
0.08,4912
0.08,4911
0.08,4910
0.08,4909
0.08,4908
0.08,4907
0.08,4906
0.08,4905
0.08,4904
0.08,4903
0.08,4902
0.08,4901
0.08,4900
0.08,4899
0.08,4898
0.09,4897
0.09,4896
0.09,4895
0.09,4894
0.09,4893
0.09,4892
0.09,4891
0.09,4890
0.09,4889
0.09,4888
0.09,4887
0.09,4886
0.09,4885
0.09,4884
0.09,4883
0.09,4882
0.09,4881
0.09,4880
0.09,4879
0.09,4878
0.09,4877
0.09,4876
0.09,4875
0.09,4874
0.09,4873
0.09,4872
0.09,4871
0.09,4870
0.09,4869
0.09,4868
0.09,4867
0.10,4866
0.10,4865
0.10,4864
0.10,4863
0.10,4862
0.10,4861
0.10,4860
0.10,4859
0.10,4858
0.10,4857
0.10,4856
0.10,4855
0.10,4854
0.10,4853
0.10,4852
0.10,4851
0.10,4850
0.10,4849
0.10,4848
0.10,4847
0.10,4846
0.10,4845
0.10,4844
0.10,4843
0.10,4842
0.10,4841
0.10,4840
0.10,4839
0.10,4838
0.10,4837
0.10,4836
0.10,4835
0.10,4834
0.10,4833
0.10,4832
0.10,4831
0.10,4830
0.10,4829
0.10,4828
0.10,4827
0.10,4826
0.10,4825
0.10,4824
0.10,4823
0.10,4822
0.10,4821
0.10,4820
0.10,4819
0.10,4818
0.10,4817
0.11,4816
0.11,4815
0.11,4814
0.11,4813
0.11,4812
0.11,4811
0.11,4810
0.11,4809
0.11,4808
0.11,4807
0.11,4806
0.11,4805
0.11,4804
0.11,4803
0.11,4802
0.11,4801
0.11,4800
0.11,4799
0.11,4798
0.11,4797
0.11,4796
0.11,4795
0.11,4794
0.11,4793
0.11,4792
0.11,4791
0.11,4790
0.11,4789
0.11,4788
0.11,4787
0.11,4786
0.11,4785
0.11,4784
0.11,4783
0.12,4782
0.12,4781
0.12,4780
0.12,4779
0.12,4778
0.12,4777
0.12,4776
0.12,4775
0.12,4774
0.12,4773
0.12,4772
0.12,4771
0.12,4770
0.12,4769
0.12,4768
0.12,4767
0.12,4766
0.12,4765
0.12,4764
0.12,4763
0.12,4762
0.12,4761
0.12,4760
0.12,4759
0.12,4758
0.12,4757
0.12,4756
0.12,4755
0.12,4754
0.12,4753
0.13,4752
0.13,4751
0.13,4750
0.13,4749
0.13,4748
0.13,4747
0.13,4746
0.13,4745
0.13,4744
0.13,4743
0.13,4742
0.13,4741
0.13,4740
0.13,4739
0.13,4738
0.13,4737
0.13,4736
0.13,4735
0.13,4734
0.13,4733
0.13,4732
0.13,4731
0.13,4730
0.13,4729
0.13,4728
0.13,4727
0.13,4726
0.13,4725
0.13,4724
0.13,4723
0.13,4722
0.13,4721
0.13,4720
0.13,4719
0.14,4718
0.14,4717
0.14,4716
0.14,4715
0.14,4714
0.14,4713
0.14,4712
0.14,4711
0.14,4710
0.14,4709
0.14,4708
0.14,4707
0.14,4706
0.14,4705
0.14,4704
0.14,4703
0.14,4702
0.14,4701
0.14,4700
0.14,4699
0.14,4698
0.14,4697
0.14,4696
0.14,4695
0.14,4694
0.14,4693
0.14,4692
0.14,4691
0.14,4690
0.14,4689
0.14,4688
0.15,4687
0.15,4686
0.15,4685
0.15,4684
0.15,4683
0.15,4682
0.15,4681
0.15,4680
0.15,4679
0.15,4678
0.15,4677
0.15,4676
0.15,4675
0.15,4674
0.15,4673
0.15,4672
0.15,4671
0.15,4670
0.15,4669
0.15,4668
0.15,4667
0.15,4666
0.15,4665
0.15,4664
0.15,4663
0.15,4662
0.16,4661
0.16,4660
0.16,4659
0.16,4658
0.16,4657
0.16,4656
0.16,4655
0.16,4654
0.16,4653
0.16,4652
0.16,4651
0.16,4650
0.16,4649
0.16,4648
0.16,4647
0.16,4646
0.16,4645
0.16,4644
0.16,4643
0.16,4642
0.16,4641
0.16,4640
0.16,4639
0.16,4638
0.16,4637
0.16,4636
0.16,4635
0.16,4634
0.16,4633
0.16,4632
0.16,4631
0.16,4630
0.16,4629
0.16,4628
0.16,4627
0.16,4626
0.16,4625
0.16,4624
0.16,4623
0.16,4622
0.16,4621
0.16,4620
0.16,4619
0.16,4618
0.17,4617
0.17,4616
0.17,4615
0.17,4614
0.17,4613
0.17,4612
0.17,4611
0.17,4610
0.17,4609
0.17,4608
0.17,4607
0.17,4606
0.17,4605
0.17,4604
0.17,4603
0.17,4602
0.17,4601
0.17,4600
0.17,4599
0.17,4598
0.18,4597
0.18,4596
0.18,4595
0.18,4594
0.18,4593
0.18,4592
0.18,4591
0.18,4590
0.18,4589
0.18,4588
0.18,4587
0.18,4586
0.18,4585
0.18,4584
0.18,4583
0.18,4582
0.18,4581
0.18,4580
0.18,4579
0.18,4578
0.18,4577
0.18,4576
0.18,4575
0.18,4574
0.18,4573
0.18,4572
0.18,4571
0.19,4570
0.19,4569
0.19,4568
0.19,4567
0.19,4566
0.19,4565
0.19,4564
0.19,4563
0.19,4562
0.19,4561
0.19,4560
0.19,4559
0.19,4558
0.19,4557
0.19,4556
0.19,4555
0.19,4554
0.19,4553
0.19,4552
0.19,4551
0.20,4550
0.20,4549
0.20,4548
0.20,4547
0.20,4546
0.20,4545
0.20,4544
0.20,4543
0.20,4542
0.20,4541
0.20,4540
0.20,4539
0.20,4538
0.20,4537
0.20,4536
0.20,4535
0.20,4534
0.20,4533
0.20,4532
0.20,4531
0.20,4530
0.20,4529
0.20,4528
0.20,4527
0.20,4526
0.20,4525
0.20,4524
0.20,4523
0.20,4522
0.20,4521
0.20,4520
0.21,4519
0.21,4518
0.21,4517
0.21,4516
0.21,4515
0.21,4514
0.21,4513
0.21,4512
0.21,4511
0.21,4510
0.21,4509
0.21,4508
0.21,4507
0.21,4506
0.21,4505
0.21,4504
0.21,4503
0.21,4502
0.21,4501
0.21,4500
0.21,4499
0.21,4498
0.21,4497
0.21,4496
0.21,4495
0.21,4494
0.21,4493
0.23,4492
0.23,4491
0.23,4490
0.23,4489
0.23,4488
0.23,4487
0.23,4486
0.23,4485
0.23,4484
0.23,4483
0.23,4482
0.23,4481
0.23,4480
0.23,4479
0.23,4478
0.23,4477
0.24,4476
0.24,4475
0.24,4474
0.24,4473
0.24,4472
0.24,4471
0.24,4470
0.24,4469
0.24,4468
0.24,4467
0.24,4466
0.24,4465
0.24,4464
0.24,4463
0.24,4462
0.24,4461
0.24,4460
0.24,4459
0.24,4458
0.24,4457
0.24,4456
0.24,4455
0.24,4454
0.24,4453
0.24,4452
0.24,4451
0.25,4450
0.25,4449
0.25,4448
0.25,4447
0.25,4446
0.25,4445
0.25,4444
0.25,4443
0.25,4442
0.25,4441
0.25,4440
0.25,4439
0.25,4438
0.26,4437
0.26,4436
0.26,4435
0.26,4434
0.26,4433
0.26,4432
0.26,4431
0.26,4430
0.26,4429
0.26,4428
0.26,4427
0.26,4426
0.26,4425
0.26,4424
0.26,4423
0.26,4422
0.26,4421
0.27,4420
0.27,4419
0.27,4418
0.27,4417
0.28,4416
0.28,4415
0.28,4414
0.28,4413
0.28,4412
0.28,4411
0.28,4410
0.28,4409
0.28,4408
0.28,4407
0.28,4406
0.28,4405
0.28,4404
0.28,4403
0.28,4402
0.28,4401
0.28,4400
0.28,4399
0.29,4398
0.30,4397
0.30,4396
0.30,4395
0.30,4394
0.30,4393
0.30,4392
0.30,4391
0.30,4390
0.30,4389
0.30,4388
0.30,4387
0.30,4386
0.31,4385
0.31,4384
0.31,4383
0.31,4382
0.31,4381
0.31,4380
0.31,4379
0.31,4378
0.31,4377
0.31,4376
0.31,4375
0.31,4374
0.31,4373
0.31,4372
0.31,4371
0.31,4370
0.31,4369
0.31,4368
0.31,4367
0.31,4366
0.31,4365
0.31,4364
0.31,4363
0.31,4362
0.32,4361
0.32,4360
0.32,4359
0.32,4358
0.32,4357
0.32,4356
0.32,4355
0.32,4354
0.32,4353
0.33,4352
0.33,4351
0.33,4350
0.33,4349
0.33,4348
0.33,4347
0.33,4346
0.33,4345
0.33,4344
0.33,4343
0.33,4342
0.33,4341
0.33,4340
0.33,4339
0.33,4338
0.33,4337
0.34,4336
0.34,4335
0.34,4334
0.34,4333
0.34,4332
0.34,4331
0.34,4330
0.34,4329
0.34,4328
0.34,4327
0.35,4326
0.35,4325
0.35,4324
0.35,4323
0.35,4322
0.35,4321
0.35,4320
0.35,4319
0.35,4318
0.35,4317
0.36,4316
0.36,4315
0.36,4314
0.36,4313
0.36,4312
0.36,4311
0.36,4310
0.36,4309
0.36,4308
0.36,4307
0.36,4306
0.36,4305
0.36,4304
0.36,4303
0.36,4302
0.36,4301
0.36,4300
0.36,4299
0.36,4298
0.36,4297
0.36,4296
0.36,4295
0.37,4294
0.37,4293
0.37,4292
0.37,4291
0.37,4290
0.38,4289
0.38,4288
0.38,4287
0.38,4286
0.38,4285
0.38,4284
0.38,4283
0.38,4282
0.38,4281
0.38,4280
0.38,4279
0.38,4278
0.38,4277
0.39,4276
0.39,4275
0.39,4274
0.39,4273
0.39,4272
0.39,4271
0.39,4270
0.39,4269
0.39,4268
0.39,4267
0.39,4266
0.39,4265
0.39,4264
0.39,4263
0.39,4262
0.40,4261
0.40,4260
0.40,4259
0.40,4258
0.40,4257
0.40,4256
0.40,4255
0.40,4254
0.40,4253
0.40,4252
0.40,4251
0.40,4250
0.40,4249
0.40,4248
0.40,4247
0.40,4246
0.40,4245
0.40,4244
0.40,4243
0.40,4242
0.40,4241
0.41,4240
0.41,4239
0.41,4238
0.41,4237
0.41,4236
0.41,4235
0.41,4234
0.41,4233
0.41,4232
0.41,4231
0.42,4230
0.42,4229
0.42,4228
0.42,4227
0.42,4226
0.42,4225
0.42,4224
0.43,4223
0.44,4222
0.44,4221
0.44,4220
0.44,4219
0.44,4218
0.44,4217
0.44,4216
0.44,4215
0.44,4214
0.44,4213
0.44,4212
0.44,4211
0.45,4210
0.45,4209
0.45,4208
0.45,4207
0.45,4206
0.45,4205
0.45,4204
0.45,4203
0.45,4202
0.46,4201
0.46,4200
0.46,4199
0.47,4198
0.47,4197
0.47,4196
0.47,4195
0.47,4194
0.47,4193
0.47,4192
0.47,4191
0.47,4190
0.47,4189
0.48,4188
0.48,4187
0.48,4186
0.48,4185
0.48,4184
0.48,4183
0.48,4182
0.48,4181
0.48,4180
0.48,4179
0.48,4178
0.48,4177
0.49,4176
0.49,4175
0.49,4174
0.49,4173
0.51,4172
0.52,4171
0.52,4170
0.52,4169
0.52,4168
0.52,4167
0.52,4166
0.52,4165
0.52,4164
0.52,4163
0.52,4162
0.52,4161
0.52,4160
0.52,4159
0.52,4158
0.52,4157
0.52,4156
0.52,4155
0.53,4154
0.53,4153
0.53,4152
0.53,4151
0.53,4150
0.53,4149
0.53,4148
0.54,4147
0.54,4146
0.54,4145
0.55,4144
0.55,4143
0.55,4142
0.55,4141
0.55,4140
0.56,4139
0.56,4138
0.56,4137
0.57,4136
0.57,4135
0.57,4134
0.57,4133
0.57,4132
0.57,4131
0.57,4130
0.57,4129
0.57,4128
0.57,4127
0.57,4126
0.57,4125
0.57,4124
0.57,4123
0.57,4122
0.57,4121
0.58,4120
0.58,4119
0.58,4118
0.58,4117
0.58,4116
0.58,4115
0.58,4114
0.58,4113
0.58,4112
0.59,4111
0.59,4110
0.59,4109
0.59,4108
0.59,4107
0.59,4106
0.59,4105
0.59,4104
0.60,4103
0.60,4102
0.60,4101
0.60,4100
0.60,4099
0.61,4098
0.61,4097
0.61,4096
0.61,4095
0.61,4094
0.61,4093
0.61,4092
0.61,4091
0.61,4090
0.61,4089
0.61,4088
0.61,4087
0.61,4086
0.61,4085
0.61,4084
0.61,4083
0.61,4082
0.61,4081
0.62,4080
0.62,4079
0.62,4078
0.62,4077
0.63,4076
0.63,4075
0.63,4074
0.63,4073
0.63,4072
0.63,4071
0.64,4070
0.64,4069
0.64,4068
0.64,4067
0.64,4066
0.65,4065
0.65,4064
0.65,4063
0.65,4062
0.66,4061
0.66,4060
0.66,4059
0.66,4058
0.66,4057
0.66,4056
0.66,4055
0.66,4054
0.66,4053
0.66,4052
0.66,4051
0.67,4050
0.67,4049
0.67,4048
0.67,4047
0.67,4046
0.67,4045
0.67,4044
0.67,4043
0.68,4042
0.68,4041
0.68,4040
0.68,4039
0.68,4038
0.68,4037
0.68,4036
0.68,4035
0.68,4034
0.68,4033
0.72,4032
0.74,4031
0.75,4030
0.75,4029
0.75,4028
0.76,4027
0.76,4026
0.77,4025
0.77,4024
0.77,4023
0.77,4022
0.79,4021
0.79,4020
0.79,4019
0.79,4018
0.79,4017
0.79,4016
0.80,4015
0.80,4014
0.80,4013
0.80,4012
0.81,4011
0.81,4010
0.81,4009
0.81,4008
0.81,4007
0.81,4006
0.82,4005
0.82,4004
0.82,4003
0.83,4002
0.83,4001
0.83,4000
0.83,3999
0.83,3998
0.84,3997
0.84,3996
0.84,3995
0.84,3994
0.87,3993
0.87,3992
0.87,3991
0.87,3990
0.87,3989
0.87,3988
0.88,3987
0.88,3986
0.88,3985
0.88,3984
0.89,3983
0.89,3982
0.89,3981
0.89,3980
0.89,3979
0.89,3978
0.89,3977
0.89,3976
0.89,3975
0.90,3974
0.90,3973
0.90,3972
0.91,3971
0.91,3970
0.92,3969
0.92,3968
0.92,3967
0.92,3966
0.92,3965
0.94,3964
0.94,3963
0.94,3962
0.94,3961
0.94,3960
0.94,3959
0.94,3958
0.94,3957
0.94,3956
0.94,3955
0.95,3954
0.95,3953
0.95,3952
0.95,3951
0.95,3950
0.95,3949
0.95,3948
0.95,3947
0.96,3946
0.96,3945
0.97,3944
0.97,3943
1.00,3942
1.00,3941
1.00,3940
1.00,3939
1.00,3938
1.01,3937
1.01,3936
1.01,3935
1.01,3934
1.02,3933
1.02,3932
1.02,3931
1.02,3930
1.02,3929
1.02,3928
1.02,3927
1.02,3926
1.02,3925
1.02,3924
1.02,3923
1.02,3922
1.02,3921
1.02,3920
1.02,3919
1.02,3918
1.02,3917
1.03,3916
1.03,3915
1.03,3914
1.03,3913
1.05,3912
1.05,3911
1.05,3910
1.05,3909
1.05,3908
1.05,3907
1.05,3906
1.06,3905
1.06,3904
1.06,3903
1.06,3902
1.07,3901
1.09,3900
1.09,3899
1.09,3898
1.09,3897
1.13,3896
1.13,3895
1.13,3894
1.13,3893
1.14,3892
1.14,3891
1.14,3890
1.14,3889
1.14,3888
1.16,3887
1.17,3886
1.17,3885
1.17,3884
1.17,3883
1.17,3882
1.17,3881
1.17,3880
1.17,3879
1.17,3878
1.17,3877
1.21,3876
1.21,3875
1.26,3874
1.26,3873
1.26,3872
1.27,3871
1.27,3870
1.28,3869
1.28,3868
1.28,3867
1.28,3866
1.28,3865
1.28,3864
1.30,3863
1.30,3862
1.30,3861
1.30,3860
1.30,3859
1.31,3858
1.31,3857
1.31,3856
1.31,3855
1.31,3854
1.31,3853
1.31,3852
1.33,3851
1.33,3850
1.33,3849
1.33,3848
1.33,3847
1.33,3846
1.34,3845
1.34,3844
1.34,3843
1.34,3842
1.34,3841
1.35,3840
1.35,3839
1.37,3838
1.37,3837
1.37,3836
1.37,3835
1.39,3834
1.40,3833
2.00,3832
2.14,3831
2.14,3830
2.28,3829
2.28,3828
2.28,3827
2.28,3826
2.29,3825
2.29,3824
2.29,3823
2.37,3822
2.37,3821
2.37,3820
2.37,3819
2.37,3818
2.37,3817
2.37,3816
2.38,3815
2.38,3814
2.38,3813
2.38,3812
2.38,3811
2.38,3810
2.39,3809
2.39,3808
2.39,3807
2.39,3806
2.39,3805
2.39,3804
2.39,3803
2.39,3802
2.39,3801
2.39,3800
2.39,3799
2.39,3798
2.40,3797
2.42,3796
2.42,3795
2.42,3794
2.42,3793
2.42,3792
2.43,3791
2.43,3790
2.43,3789
2.43,3788
2.43,3787
2.43,3786
2.44,3785
2.44,3784
2.44,3783
2.44,3782
2.44,3781
2.44,3780
2.45,3779
2.45,3778
2.45,3777
2.45,3776
2.45,3775
2.45,3774
2.46,3773
2.46,3772
2.46,3771
2.46,3770
2.46,3769
2.48,3768
2.48,3767
2.48,3766
2.48,3765
2.48,3764
2.48,3763
2.50,3762
2.50,3761
2.50,3760
2.52,3759
2.53,3758
2.53,3757
2.53,3756
2.53,3755
2.61,3754
2.61,3753
2.61,3752
2.61,3751
2.61,3750
2.61,3749
2.61,3748
2.61,3747
2.61,3746
2.61,3745
2.61,3744
2.61,3743
2.61,3742
2.65,3741
2.65,3740
2.66,3739
2.66,3738
2.66,3737
3.66,3736
3.66,3735
3.66,3734
3.66,3733
3.71,3732
3.71,3731
3.71,3730
3.78,3729
3.78,3728
3.78,3727
3.78,3726
3.78,3725
3.78,3724
3.78,3723
3.78,3722
3.78,3721
3.79,3720
3.79,3719
3.79,3718
3.82,3717
3.82,3716
3.82,3715
3.82,3714
3.82,3713
3.82,3712
3.82,3711
3.83,3710
3.87,3709
3.87,3708
3.87,3707
3.88,3706
3.88,3705
3.88,3704
3.88,3703
3.88,3702
3.88,3701
3.88,3700
3.89,3699
3.89,3698
3.89,3697
3.89,3696
3.89,3695
4.14,3694
4.14,3693
4.14,3692
4.15,3691
4.15,3690
4.51,3689
4.51,3688
4.51,3687
4.51,3686
4.51,3685
4.52,3684
4.52,3683
4.58,3682
4.58,3681
4.58,3680
4.59,3679
4.59,3678
4.59,3677
4.59,3676
4.59,3675
4.59,3674
4.59,3673
4.59,3672
4.62,3671
4.62,3670
4.62,3669
4.62,3668
4.62,3667
5.59,3666
5.59,3665
5.59,3664
5.59,3663
5.67,3662
5.67,3661
5.67,3660
5.71,3659
5.71,3658
5.82,3657
5.82,3656
5.82,3655
5.83,3654
5.83,3653
5.83,3652
5.83,3651
5.83,3650
5.83,3649
5.83,3648
5.83,3647
5.85,3646
5.95,3645
5.98,3644
5.98,3643
5.98,3642
5.98,3641
6.01,3640
9.04,3639
9.04,3638
9.04,3637
9.04,3636
9.04,3635
9.04,3634
9.19,3633
9.19,3632
9.19,3631
9.19,3630
10.03,3629
10.06,3628
10.06,3627
10.08,3626
10.08,3625
10.08,3624
10.10,3623
10.10,3622
10.11,3621
10.11,3620
10.11,3619
10.11,3618
10.12,3617
10.12,3616
10.12,3615
10.12,3614
10.12,3613
10.12,3612
10.12,3611
10.12,3610
10.12,3609
10.12,3608
10.13,3607
10.13,3606
10.14,3605
10.14,3604
10.14,3603
10.14,3602
10.15,3601
10.15,3600
10.16,3599
10.16,3598
10.16,3597
10.16,3596
10.16,3595
10.17,3594
10.17,3593
10.17,3592
10.17,3591
10.17,3590
10.17,3589
10.17,3588
10.17,3587
10.17,3586
10.17,3585
10.17,3584
10.18,3583
10.18,3582
10.18,3581
10.18,3580
10.18,3579
10.18,3578
10.18,3577
10.18,3576
10.18,3575
10.18,3574
10.18,3573
10.18,3572
10.18,3571
10.18,3570
10.25,3569
10.25,3568
10.25,3567
11.22,3566
11.22,3565
11.22,3564
11.22,3563
11.29,3562
11.30,3561
11.30,3560
11.30,3559
11.30,3558
11.30,3557
11.34,3556
11.34,3555
11.35,3554
11.35,3553
11.50,3552
11.50,3551
11.50,3550
11.50,3549
11.50,3548
11.52,3547
11.53,3546
11.53,3545
11.53,3544
11.53,3543
11.53,3542
11.63,3541
11.63,3540
11.63,3539
11.63,3538
11.63,3537
11.63,3536
11.63,3535
11.63,3534
11.63,3533
11.63,3532
11.63,3531
11.63,3530
11.63,3529
11.63,3528
11.63,3527
11.63,3526
11.64,3525
11.93,3524
11.94,3523
11.95,3522
11.95,3521
11.98,3520
11.98,3519
11.98,3518
11.98,3517
11.98,3516
11.99,3515
11.99,3514
11.99,3513
12.01,3512
12.02,3511
12.02,3510
12.02,3509
12.02,3508
12.02,3507
12.02,3506
12.02,3505
12.03,3504
12.03,3503
12.03,3502
12.03,3501
12.06,3500
12.06,3499
12.06,3498
12.06,3497
12.07,3496
12.07,3495
12.07,3494
12.07,3493
12.08,3492
12.08,3491
12.08,3490
12.08,3489
15.05,3488
15.05,3487
15.05,3486
15.05,3485
15.07,3484
15.07,3483
15.08,3482
15.09,3481
15.09,3480
15.09,3479
15.10,3478
15.10,3477
15.10,3476
15.14,3475
15.14,3474
15.14,3473
15.15,3472
15.15,3471
15.15,3470
15.15,3469
15.17,3468
15.17,3467
15.17,3466
15.17,3465
15.17,3464
15.17,3463
15.17,3462
15.17,3461
15.17,3460
15.17,3459
15.18,3458
16.10,3457
16.10,3456
16.10,3455
16.10,3454
16.12,3453
16.12,3452
16.13,3451
16.13,3450
16.13,3449
16.13,3448
16.14,3447
16.14,3446
16.14,3445
16.14,3444
16.16,3443
16.16,3442
16.16,3441
16.16,3440
16.18,3439
16.18,3438
16.18,3437
16.19,3436
16.19,3435
16.19,3434
16.19,3433
16.19,3432
16.19,3431
16.19,3430
16.19,3429
16.19,3428
16.20,3427
16.24,3426
16.31,3425
16.31,3424
16.31,3423
16.31,3422
16.31,3421
16.31,3420
16.31,3419
16.31,3418
16.32,3417
16.32,3416
16.36,3415
16.37,3414
16.37,3413
16.37,3412
16.38,3411
16.38,3410
16.40,3409
16.40,3408
16.40,3407
16.40,3406
16.40,3405
16.40,3404
16.41,3403
16.43,3402
16.43,3401
16.43,3400
16.43,3399
16.44,3398
16.44,3397
16.44,3396
16.46,3395
16.61,3394
16.61,3393
16.61,3392
16.62,3391
16.62,3390
16.67,3389
16.67,3388
16.68,3387
16.68,3386
16.69,3385
16.69,3384
16.69,3383
16.69,3382
16.69,3381
16.69,3380
16.69,3379
16.69,3378
16.69,3377
16.69,3376
16.70,3375
16.70,3374
16.70,3373
17.31,3372
17.31,3371
17.34,3370
17.35,3369
17.36,3368
17.36,3367
17.36,3366
17.37,3365
17.37,3364
17.37,3363
17.37,3362
17.38,3361
17.47,3360
17.47,3359
17.58,3358
17.60,3357
17.64,3356
17.64,3355
17.64,3354
17.64,3353
17.66,3352
17.66,3351
17.66,3350
17.66,3349
17.68,3348
17.69,3347
17.69,3346
17.69,3345
17.70,3344
17.70,3343
17.70,3342
17.70,3341
17.70,3340
17.71,3339
17.71,3338
17.71,3337
17.71,3336
17.71,3335
17.71,3334
17.71,3333
17.71,3332
17.71,3331
17.72,3330
17.72,3329
17.72,3328
17.72,3327
17.72,3326
17.73,3325
17.80,3324
17.80,3323
17.81,3322
18.65,3321
18.66,3320
18.66,3319
18.66,3318
18.66,3317
18.66,3316
18.67,3315
18.69,3314
18.69,3313
18.70,3312
18.70,3311
18.70,3310
18.70,3309
18.71,3308
18.71,3307
18.71,3306
18.72,3305
18.72,3304
18.72,3303
18.72,3302
18.72,3301
18.72,3300
18.73,3299
18.73,3298
18.80,3297
18.81,3296
18.81,3295
18.81,3294
18.81,3293
18.81,3292
18.87,3291
18.90,3290
18.90,3289
18.93,3288
18.93,3287
18.95,3286
18.95,3285
18.95,3284
18.96,3283
18.96,3282
18.96,3281
18.96,3280
18.96,3279
18.96,3278
19.05,3277
19.05,3276
19.05,3275
19.05,3274
19.07,3273
19.07,3272
19.07,3271
19.07,3270
19.07,3269
19.07,3268
19.07,3267
19.42,3266
19.43,3265
19.43,3264
19.56,3263
19.68,3262
19.69,3261
19.70,3260
19.70,3259
19.71,3258
19.71,3257
19.72,3256
19.72,3255
19.72,3254
19.72,3253
19.72,3252
19.72,3251
19.72,3250
19.72,3249
19.72,3248
19.72,3247
19.72,3246
19.73,3245
19.73,3244
19.73,3243
19.73,3242
19.79,3241
19.81,3240
19.82,3239
19.82,3238
19.82,3237
19.82,3236
19.82,3235
19.82,3234
19.82,3233
19.82,3232
19.82,3231
19.83,3230
19.83,3229
19.83,3228
19.83,3227
19.83,3226
19.83,3225
19.83,3224
19.90,3223
19.92,3222
19.92,3221
19.93,3220
19.93,3219
19.93,3218
19.93,3217
19.93,3216
19.93,3215
19.93,3214
19.93,3213
19.93,3212
19.93,3211
19.93,3210
19.98,3209
19.98,3208
19.98,3207
19.98,3206
19.99,3205
20.06,3204
20.11,3203
20.11,3202
20.13,3201
20.13,3200
20.13,3199
20.13,3198
20.13,3197
20.14,3196
20.14,3195
20.14,3194
20.14,3193
20.14,3192
20.14,3191
20.16,3190
20.16,3189
20.16,3188
20.16,3187
20.16,3186
20.17,3185
20.33,3184
20.33,3183
20.33,3182
20.46,3181
20.46,3180
20.46,3179
20.46,3178
20.46,3177
20.50,3176
20.50,3175
20.50,3174
20.50,3173
20.50,3172
20.50,3171
20.50,3170
20.50,3169
20.50,3168
20.51,3167
20.51,3166
20.51,3165
20.59,3164
20.59,3163
20.60,3162
20.60,3161
20.70,3160
20.70,3159
20.70,3158
20.70,3157
20.70,3156
20.70,3155
20.72,3154
20.72,3153
20.75,3152
20.75,3151
20.75,3150
20.75,3149
20.75,3148
20.75,3147
20.76,3146
20.76,3145
20.76,3144
20.76,3143
20.76,3142
20.76,3141
20.77,3140
20.77,3139
20.77,3138
20.95,3137
20.95,3136
20.95,3135
20.95,3134
20.98,3133
20.98,3132
20.98,3131
20.98,3130
20.98,3129
20.98,3128
20.98,3127
20.99,3126
20.99,3125
21.00,3124
21.03,3123
21.03,3122
21.03,3121
21.03,3120
21.06,3119
21.06,3118
21.06,3117
21.10,3116
21.10,3115
21.10,3114
21.10,3113
21.10,3112
21.11,3111
21.11,3110
21.11,3109
21.11,3108
21.11,3107
21.11,3106
21.26,3105
21.26,3104
21.26,3103
21.26,3102
21.26,3101
21.26,3100
21.27,3099
21.28,3098
21.28,3097
21.28,3096
21.28,3095
21.28,3094
21.29,3093
21.29,3092
21.30,3091
21.30,3090
21.30,3089
21.30,3088
21.31,3087
21.31,3086
21.31,3085
21.31,3084
21.31,3083
21.32,3082
21.32,3081
21.32,3080
21.32,3079
21.33,3078
21.33,3077
21.33,3076
21.33,3075
21.33,3074
21.33,3073
21.35,3072
21.36,3071
21.49,3070
21.49,3069
21.49,3068
21.49,3067
21.49,3066
21.49,3065
21.49,3064
21.51,3063
21.53,3062
21.53,3061
21.53,3060
21.53,3059
21.53,3058
21.53,3057
21.53,3056
21.54,3055
21.54,3054
21.56,3053
21.60,3052
21.61,3051
21.61,3050
21.62,3049
21.62,3048
21.62,3047
21.62,3046
21.62,3045
21.62,3044
21.65,3043
21.68,3042
21.68,3041
21.68,3040
21.68,3039
21.68,3038
21.69,3037
21.69,3036
21.69,3035
21.69,3034
21.72,3033
21.73,3032
21.73,3031
21.75,3030
21.75,3029
21.75,3028
21.78,3027
21.99,3026
21.99,3025
21.99,3024
21.99,3023
21.99,3022
21.99,3021
21.99,3020
21.99,3019
21.99,3018
21.99,3017
21.99,3016
22.01,3015
22.01,3014
22.01,3013
22.02,3012
22.02,3011
22.02,3010
22.02,3009
22.02,3008
22.02,3007
22.16,3006
22.16,3005
22.16,3004
22.18,3003
22.18,3002
22.18,3001
22.18,3000
22.18,2999
22.18,2998
22.18,2997
22.19,2996
22.19,2995
22.30,2994
22.31,2993
22.31,2992
22.31,2991
22.31,2990
22.31,2989
22.31,2988
22.31,2987
22.31,2986
22.31,2985
22.31,2984
22.32,2983
22.32,2982
22.32,2981
22.32,2980
22.32,2979
22.32,2978
22.32,2977
22.32,2976
22.33,2975
22.33,2974
22.33,2973
22.33,2972
22.33,2971
22.33,2970
22.33,2969
22.36,2968
22.37,2967
22.37,2966
22.37,2965
22.37,2964
22.37,2963
22.37,2962
22.38,2961
22.58,2960
22.58,2959
22.58,2958
22.59,2957
22.68,2956
22.68,2955
22.68,2954
22.68,2953
22.68,2952
22.69,2951
22.69,2950
22.69,2949
22.69,2948
22.69,2947
22.70,2946
22.70,2945
22.70,2944
22.70,2943
22.88,2942
22.88,2941
22.89,2940
22.89,2939
22.89,2938
22.89,2937
22.89,2936
22.91,2935
22.92,2934
22.94,2933
22.95,2932
22.98,2931
22.98,2930
22.98,2929
22.98,2928
22.99,2927
22.99,2926
22.99,2925
23.00,2924
23.00,2923
23.00,2922
23.12,2921
23.15,2920
23.15,2919
23.16,2918
23.27,2917
23.27,2916
23.30,2915
23.30,2914
23.30,2913
23.69,2912
23.81,2911
23.82,2910
23.82,2909
23.82,2908
23.82,2907
23.82,2906
23.83,2905
23.83,2904
23.83,2903
23.83,2902
23.83,2901
23.83,2900
23.83,2899
23.83,2898
23.83,2897
23.83,2896
23.85,2895
23.86,2894
23.86,2893
23.87,2892
23.87,2891
24.01,2890
24.01,2889
24.01,2888
24.01,2887
24.01,2886
24.01,2885
24.01,2884
24.02,2883
24.02,2882
24.03,2881
24.03,2880
24.04,2879
24.06,2878
24.06,2877
24.06,2876
24.08,2875
24.10,2874
24.10,2873
24.10,2872
24.10,2871
24.14,2870
24.14,2869
24.14,2868
24.15,2867
24.23,2866
24.23,2865
24.25,2864
24.25,2863
24.25,2862
24.25,2861
24.25,2860
24.25,2859
24.26,2858
24.26,2857
24.26,2856
24.27,2855
24.31,2854
24.31,2853
24.31,2852
24.31,2851
24.32,2850
24.32,2849
24.33,2848
24.33,2847
24.33,2846
24.33,2845
24.33,2844
24.37,2843
24.37,2842
24.37,2841
24.37,2840
24.37,2839
24.38,2838
24.38,2837
24.38,2836
24.38,2835
24.38,2834
24.38,2833
24.38,2832
24.38,2831
24.38,2830
24.38,2829
24.39,2828
24.39,2827
24.98,2826
25.10,2825
25.10,2824
25.10,2823
25.10,2822
25.10,2821
25.10,2820
25.10,2819
25.10,2818
25.12,2817
25.12,2816
25.13,2815
25.14,2814
25.14,2813
25.20,2812
25.21,2811
25.21,2810
25.21,2809
25.21,2808
25.25,2807
25.25,2806
25.25,2805
25.26,2804
25.26,2803
25.27,2802
25.28,2801
25.34,2800
25.34,2799
25.34,2798
25.36,2797
25.36,2796
25.36,2795
25.36,2794
25.36,2793
25.36,2792
25.36,2791
25.36,2790
25.36,2789
25.38,2788
25.38,2787
25.55,2786
25.55,2785
25.55,2784
25.55,2783
25.55,2782
25.56,2781
25.56,2780
25.56,2779
25.57,2778
25.57,2777
25.57,2776
25.57,2775
25.57,2774
25.57,2773
25.58,2772
25.58,2771
25.58,2770
25.58,2769
25.59,2768
25.59,2767
25.59,2766
25.79,2765
25.79,2764
25.79,2763
25.79,2762
25.80,2761
25.80,2760
25.88,2759
25.88,2758
25.88,2757
25.88,2756
25.88,2755
25.88,2754
25.88,2753
25.91,2752
25.92,2751
25.92,2750
25.92,2749
25.95,2748
25.95,2747
25.95,2746
25.96,2745
25.96,2744
25.96,2743
25.96,2742
25.97,2741
25.99,2740
26.00,2739
26.00,2738
26.00,2737
26.04,2736
26.04,2735
26.04,2734
26.04,2733
26.04,2732
26.05,2731
26.05,2730
26.05,2729
26.06,2728
26.06,2727
26.06,2726
26.06,2725
26.06,2724
26.06,2723
26.06,2722
26.07,2721
26.07,2720
26.12,2719
26.37,2718
26.37,2717
26.38,2716
26.38,2715
26.38,2714
26.38,2713
26.38,2712
26.39,2711
26.39,2710
26.39,2709
26.40,2708
26.41,2707
26.41,2706
26.42,2705
26.43,2704
26.47,2703
26.53,2702
26.54,2701
26.54,2700
26.56,2699
26.56,2698
26.56,2697
26.57,2696
26.57,2695
26.58,2694
26.58,2693
26.58,2692
26.58,2691
26.58,2690
26.58,2689
26.59,2688
26.59,2687
26.60,2686
26.60,2685
26.60,2684
26.67,2683
26.67,2682
26.67,2681
26.67,2680
26.68,2679
26.68,2678
26.68,2677
26.68,2676
26.68,2675
26.71,2674
26.73,2673
26.73,2672
26.73,2671
26.73,2670
26.73,2669
26.73,2668
26.73,2667
26.81,2666
26.81,2665
26.81,2664
26.82,2663
26.82,2662
26.82,2661
26.83,2660
26.83,2659
26.83,2658
26.84,2657
26.95,2656
26.95,2655
26.95,2654
26.95,2653
26.95,2652
26.95,2651
26.96,2650
26.96,2649
27.07,2648
27.07,2647
27.08,2646
27.08,2645
27.08,2644
27.09,2643
27.09,2642
27.09,2641
27.09,2640
27.09,2639
27.09,2638
27.09,2637
27.09,2636
27.09,2635
27.10,2634
27.10,2633
27.10,2632
27.10,2631
27.11,2630
27.11,2629
27.17,2628
27.53,2627
27.53,2626
27.60,2625
27.61,2624
27.61,2623
27.61,2622
27.61,2621
27.61,2620
27.63,2619
27.64,2618
27.68,2617
27.69,2616
27.69,2615
27.69,2614
27.69,2613
27.69,2612
27.73,2611
27.74,2610
27.74,2609
27.76,2608
27.76,2607
27.88,2606
27.89,2605
27.89,2604
27.89,2603
27.91,2602
27.91,2601
27.92,2600
27.92,2599
27.99,2598
28.10,2597
28.11,2596
28.12,2595
28.12,2594
28.12,2593
28.12,2592
28.13,2591
28.13,2590
28.15,2589
28.20,2588
28.21,2587
28.21,2586
28.21,2585
28.21,2584
28.22,2583
28.22,2582
28.22,2581
28.22,2580
28.22,2579
28.23,2578
28.49,2577
28.49,2576
28.50,2575
28.50,2574
28.84,2573
28.84,2572
28.84,2571
28.84,2570
29.18,2569
29.18,2568
29.18,2567
29.18,2566
29.18,2565
29.18,2564
29.21,2563
29.21,2562
29.21,2561
29.21,2560
29.21,2559
29.33,2558
29.47,2557
29.48,2556
29.48,2555
29.48,2554
29.48,2553
29.57,2552
30.35,2551
30.45,2550
30.46,2549
30.46,2548
30.46,2547
30.46,2546
30.47,2545
30.54,2544
30.54,2543
30.54,2542
30.55,2541
30.55,2540
30.55,2539
30.56,2538
30.57,2537
30.57,2536
30.59,2535
30.59,2534
30.59,2533
30.61,2532
30.61,2531
30.63,2530
30.63,2529
30.64,2528
30.64,2527
30.64,2526
30.67,2525
30.68,2524
30.68,2523
30.68,2522
30.68,2521
30.68,2520
30.70,2519
30.70,2518
30.70,2517
30.70,2516
30.70,2515
30.70,2514
30.71,2513
30.71,2512
30.71,2511
30.71,2510
30.72,2509
30.73,2508
30.74,2507
30.77,2506
30.77,2505
30.77,2504
30.77,2503
30.78,2502
30.99,2501
30.99,2500
31.09,2499
31.10,2498
31.11,2497
31.11,2496
31.11,2495
31.13,2494
31.14,2493
31.14,2492
31.14,2491
31.14,2490
31.15,2489
31.16,2488
31.17,2487
31.18,2486
31.18,2485
31.25,2484
31.27,2483
31.28,2482
31.30,2481
31.30,2480
31.30,2479
31.33,2478
31.34,2477
31.34,2476
31.49,2475
31.49,2474
31.49,2473
31.49,2472
31.50,2471
31.50,2470
31.50,2469
31.50,2468
31.50,2467
31.51,2466
31.52,2465
31.56,2464
31.69,2463
31.87,2462
31.95,2461
31.96,2460
31.97,2459
31.98,2458
32.16,2457
32.16,2456
32.16,2455
32.17,2454
32.17,2453
32.17,2452
32.21,2451
32.22,2450
32.22,2449
32.22,2448
32.22,2447
32.23,2446
32.23,2445
32.69,2444
32.70,2443
32.75,2442
32.75,2441
32.75,2440
32.76,2439
32.76,2438
32.77,2437
32.77,2436
32.77,2435
32.77,2434
32.79,2433
32.80,2432
32.80,2431
32.80,2430
32.80,2429
32.81,2428
32.81,2427
35.38,2426
35.45,2425
35.45,2424
35.45,2423
35.45,2422
35.46,2421
35.46,2420
35.48,2419
35.67,2418
35.67,2417
35.68,2416
35.69,2415
36.17,2414
36.17,2413
36.18,2412
36.20,2411
36.21,2410
36.24,2409
36.24,2408
36.64,2407
36.64,2406
36.65,2405
36.66,2404
36.66,2403
36.67,2402
36.67,2401
36.67,2400
36.67,2399
36.69,2398
36.69,2397
36.69,2396
36.80,2395
36.84,2394
36.84,2393
38.04,2392
38.06,2391
38.06,2390
38.08,2389
38.08,2388
38.12,2387
38.69,2386
38.69,2385
39.10,2384
39.18,2383
39.23,2382
39.23,2381
39.27,2380
39.27,2379
39.29,2378
39.93,2377
39.94,2376
40.04,2375
40.04,2374
40.04,2373
40.18,2372
40.20,2371
40.72,2370
40.72,2369
40.81,2368
40.82,2367
41.53,2366
41.54,2365
41.55,2364
41.55,2363
41.55,2362
41.55,2361
41.95,2360
41.95,2359
43.91,2358
43.91,2357
43.91,2356
44.48,2355
44.48,2354
44.48,2353
44.49,2352
44.51,2351
44.69,2350
44.69,2349
44.70,2348
44.74,2347
44.81,2346
46.77,2345
46.78,2344
46.81,2343
47.52,2342
47.86,2341
47.87,2340
48.10,2339
48.72,2338
48.73,2337
48.76,2336
50.16,2335
51.25,2334
51.25,2333
51.25,2332
51.46,2331
51.52,2330
51.52,2329
56.22,2328
56.23,2327
56.23,2326
56.24,2325
57.91,2324
58.02,2323
58.02,2322
58.05,2321
63.76,2320
64.40,2319
64.42,2318
64.43,2317
64.49,2316
64.52,2315
67.61,2314
67.65,2313
75.69,2312
75.70,2311
76.27,2310
77.18,2309
77.20,2308
77.25,2307
84.66,2306
84.84,2305
84.98,2304
90.45,2303
90.49,2302
94.86,2301
95.34,2300
96.46,2299
96.51,2298
96.56,2297
96.57,2296
97.94,2295
98.02,2294
104.08,2293
106.44,2292
109.41,2291
109.41,2290
123.39,2289
125.84,2288
127.41,2287
161.31,2286
178.71,2285
325.77,2284
342.66,2283
345.63,2282
468.83,2281
