0.08,4940
0.08,4939
0.08,4938
0.08,4937
0.08,4936
0.08,4935
0.08,4934
0.08,4933
0.08,4932
0.08,4931
0.08,4930
0.08,4929
0.08,4928
0.08,4927
0.08,4926
0.08,4925
0.08,4924
0.08,4923
0.08,4922
0.08,4921
0.08,4920
0.08,4919
0.08,4918
0.08,4917
0.08,4916
0.08,4915
0.08,4914
0.08,4913
0.08,4912
0.09,4911
0.09,4910
0.09,4909
0.09,4908
0.09,4907
0.09,4906
0.09,4905
0.09,4904
0.09,4903
0.09,4902
0.09,4901
0.09,4900
0.09,4899
0.09,4898
0.09,4897
0.09,4896
0.09,4895
0.09,4894
0.09,4893
0.09,4892
0.09,4891
0.09,4890
0.09,4889
0.09,4888
0.09,4887
0.09,4886
0.09,4885
0.09,4884
0.09,4883
0.09,4882
0.09,4881
0.09,4880
0.09,4879
0.09,4878
0.09,4877
0.09,4876
0.10,4875
0.10,4874
0.10,4873
0.10,4872
0.10,4871
0.10,4870
0.10,4869
0.10,4868
0.10,4867
0.10,4866
0.10,4865
0.10,4864
0.10,4863
0.10,4862
0.10,4861
0.10,4860
0.10,4859
0.10,4858
0.10,4857
0.10,4856
0.10,4855
0.10,4854
0.10,4853
0.10,4852
0.10,4851
0.10,4850
0.10,4849
0.10,4848
0.10,4847
0.10,4846
0.10,4845
0.10,4844
0.10,4843
0.10,4842
0.10,4841
0.10,4840
0.10,4839
0.10,4838
0.11,4837
0.11,4836
0.11,4835
0.11,4834
0.11,4833
0.11,4832
0.11,4831
0.11,4830
0.11,4829
0.11,4828
0.11,4827
0.11,4826
0.11,4825
0.11,4824
0.11,4823
0.11,4822
0.11,4821
0.11,4820
0.11,4819
0.11,4818
0.11,4817
0.11,4816
0.11,4815
0.11,4814
0.11,4813
0.11,4812
0.11,4811
0.11,4810
0.11,4809
0.11,4808
0.11,4807
0.11,4806
0.11,4805
0.11,4804
0.11,4803
0.12,4802
0.12,4801
0.12,4800
0.12,4799
0.12,4798
0.12,4797
0.12,4796
0.12,4795
0.12,4794
0.12,4793
0.12,4792
0.12,4791
0.12,4790
0.12,4789
0.12,4788
0.12,4787
0.12,4786
0.12,4785
0.12,4784
0.12,4783
0.12,4782
0.12,4781
0.12,4780
0.12,4779
0.12,4778
0.12,4777
0.12,4776
0.12,4775
0.12,4774
0.13,4773
0.13,4772
0.13,4771
0.13,4770
0.13,4769
0.13,4768
0.13,4767
0.13,4766
0.13,4765
0.13,4764
0.13,4763
0.13,4762
0.13,4761
0.13,4760
0.13,4759
0.13,4758
0.13,4757
0.13,4756
0.13,4755
0.13,4754
0.13,4753
0.13,4752
0.13,4751
0.14,4750
0.14,4749
0.14,4748
0.14,4747
0.14,4746
0.14,4745
0.14,4744
0.14,4743
0.14,4742
0.14,4741
0.14,4740
0.14,4739
0.14,4738
0.14,4737
0.14,4736
0.14,4735
0.14,4734
0.14,4733
0.14,4732
0.14,4731
0.14,4730
0.14,4729
0.14,4728
0.14,4727
0.14,4726
0.14,4725
0.14,4724
0.14,4723
0.14,4722
0.14,4721
0.14,4720
0.14,4719
0.14,4718
0.15,4717
0.15,4716
0.15,4715
0.15,4714
0.15,4713
0.15,4712
0.15,4711
0.15,4710
0.15,4709
0.15,4708
0.15,4707
0.16,4706
0.16,4705
0.16,4704
0.16,4703
0.16,4702
0.16,4701
0.16,4700
0.16,4699
0.16,4698
0.16,4697
0.16,4696
0.16,4695
0.16,4694
0.16,4693
0.16,4692
0.16,4691
0.17,4690
0.17,4689
0.17,4688
0.17,4687
0.17,4686
0.17,4685
0.17,4684
0.17,4683
0.17,4682
0.17,4681
0.17,4680
0.17,4679
0.17,4678
0.17,4677
0.17,4676
0.17,4675
0.17,4674
0.17,4673
0.17,4672
0.17,4671
0.17,4670
0.17,4669
0.17,4668
0.17,4667
0.17,4666
0.17,4665
0.17,4664
0.17,4663
0.17,4662
0.17,4661
0.17,4660
0.17,4659
0.17,4658
0.17,4657
0.17,4656
0.17,4655
0.17,4654
0.18,4653
0.18,4652
0.18,4651
0.18,4650
0.18,4649
0.18,4648
0.18,4647
0.18,4646
0.18,4645
0.18,4644
0.18,4643
0.18,4642
0.18,4641
0.18,4640
0.18,4639
0.18,4638
0.18,4637
0.18,4636
0.18,4635
0.18,4634
0.18,4633
0.18,4632
0.18,4631
0.18,4630
0.18,4629
0.18,4628
0.18,4627
0.18,4626
0.18,4625
0.19,4624
0.19,4623
0.19,4622
0.19,4621
0.19,4620
0.19,4619
0.19,4618
0.19,4617
0.19,4616
0.19,4615
0.19,4614
0.19,4613
0.19,4612
0.19,4611
0.19,4610
0.19,4609
0.19,4608
0.19,4607
0.19,4606
0.19,4605
0.19,4604
0.19,4603
0.19,4602
0.19,4601
0.20,4600
0.20,4599
0.20,4598
0.20,4597
0.20,4596
0.20,4595
0.20,4594
0.20,4593
0.20,4592
0.20,4591
0.20,4590
0.20,4589
0.20,4588
0.20,4587
0.20,4586
0.20,4585
0.20,4584
0.20,4583
0.20,4582
0.20,4581
0.20,4580
0.20,4579
0.20,4578
0.21,4577
0.21,4576
0.21,4575
0.21,4574
0.21,4573
0.21,4572
0.21,4571
0.21,4570
0.21,4569
0.21,4568
0.21,4567
0.21,4566
0.21,4565
0.22,4564
0.22,4563
0.22,4562
0.22,4561
0.22,4560
0.22,4559
0.22,4558
0.22,4557
0.22,4556
0.22,4555
0.22,4554
0.22,4553
0.22,4552
0.22,4551
0.22,4550
0.23,4549
0.23,4548
0.23,4547
0.23,4546
0.23,4545
0.23,4544
0.23,4543
0.23,4542
0.23,4541
0.23,4540
0.23,4539
0.23,4538
0.23,4537
0.23,4536
0.23,4535
0.23,4534
0.23,4533
0.24,4532
0.24,4531
0.24,4530
0.24,4529
0.24,4528
0.24,4527
0.24,4526
0.24,4525
0.24,4524
0.24,4523
0.24,4522
0.24,4521
0.24,4520
0.24,4519
0.24,4518
0.24,4517
0.24,4516
0.24,4515
0.24,4514
0.24,4513
0.24,4512
0.24,4511
0.24,4510
0.24,4509
0.24,4508
0.25,4507
0.25,4506
0.25,4505
0.25,4504
0.25,4503
0.25,4502
0.25,4501
0.25,4500
0.25,4499
0.25,4498
0.25,4497
0.25,4496
0.25,4495
0.25,4494
0.25,4493
0.26,4492
0.26,4491
0.26,4490
0.26,4489
0.26,4488
0.26,4487
0.26,4486
0.26,4485
0.26,4484
0.26,4483
0.27,4482
0.27,4481
0.27,4480
0.27,4479
0.27,4478
0.27,4477
0.27,4476
0.27,4475
0.27,4474
0.27,4473
0.27,4472
0.27,4471
0.27,4470
0.27,4469
0.27,4468
0.27,4467
0.27,4466
0.28,4465
0.28,4464
0.28,4463
0.28,4462
0.28,4461
0.28,4460
0.29,4459
0.29,4458
0.29,4457
0.29,4456
0.29,4455
0.29,4454
0.29,4453
0.29,4452
0.29,4451
0.29,4450
0.29,4449
0.29,4448
0.29,4447
0.29,4446
0.29,4445
0.29,4444
0.29,4443
0.29,4442
0.29,4441
0.29,4440
0.30,4439
0.30,4438
0.30,4437
0.30,4436
0.30,4435
0.30,4434
0.30,4433
0.31,4432
0.31,4431
0.31,4430
0.32,4429
0.32,4428
0.32,4427
0.32,4426
0.32,4425
0.32,4424
0.32,4423
0.32,4422
0.32,4421
0.32,4420
0.32,4419
0.33,4418
0.33,4417
0.33,4416
0.33,4415
0.33,4414
0.33,4413
0.33,4412
0.33,4411
0.33,4410
0.33,4409
0.33,4408
0.33,4407
0.33,4406
0.33,4405
0.33,4404
0.33,4403
0.33,4402
0.33,4401
0.33,4400
0.33,4399
0.33,4398
0.33,4397
0.33,4396
0.34,4395
0.34,4394
0.34,4393
0.34,4392
0.34,4391
0.34,4390
0.34,4389
0.34,4388
0.34,4387
0.34,4386
0.34,4385
0.34,4384
0.34,4383
0.34,4382
0.34,4381
0.34,4380
0.34,4379
0.34,4378
0.34,4377
0.34,4376
0.34,4375
0.34,4374
0.34,4373
0.35,4372
0.35,4371
0.35,4370
0.35,4369
0.35,4368
0.35,4367
0.35,4366
0.35,4365
0.35,4364
0.35,4363
0.35,4362
0.35,4361
0.35,4360
0.35,4359
0.35,4358
0.35,4357
0.35,4356
0.35,4355
0.35,4354
0.35,4353
0.35,4352
0.36,4351
0.36,4350
0.36,4349
0.36,4348
0.36,4347
0.36,4346
0.36,4345
0.36,4344
0.36,4343
0.36,4342
0.37,4341
0.37,4340
0.37,4339
0.37,4338
0.37,4337
0.37,4336
0.37,4335
0.37,4334
0.37,4333
0.37,4332
0.37,4331
0.37,4330
0.37,4329
0.38,4328
0.38,4327
0.38,4326
0.38,4325
0.38,4324
0.38,4323
0.38,4322
0.38,4321
0.39,4320
0.39,4319
0.39,4318
0.39,4317
0.39,4316
0.39,4315
0.39,4314
0.39,4313
0.39,4312
0.39,4311
0.39,4310
0.39,4309
0.39,4308
0.39,4307
0.39,4306
0.39,4305
0.39,4304
0.39,4303
0.39,4302
0.39,4301
0.39,4300
0.39,4299
0.39,4298
0.39,4297
0.40,4296
0.40,4295
0.40,4294
0.40,4293
0.40,4292
0.40,4291
0.40,4290
0.40,4289
0.40,4288
0.40,4287
0.40,4286
0.40,4285
0.40,4284
0.40,4283
0.40,4282
0.40,4281
0.40,4280
0.40,4279
0.40,4278
0.40,4277
0.40,4276
0.40,4275
0.40,4274
0.40,4273
0.40,4272
0.40,4271
0.40,4270
0.41,4269
0.41,4268
0.41,4267
0.41,4266
0.41,4265
0.41,4264
0.41,4263
0.41,4262
0.42,4261
0.42,4260
0.42,4259
0.42,4258
0.43,4257
0.43,4256
0.43,4255
0.43,4254
0.44,4253
0.44,4252
0.44,4251
0.44,4250
0.44,4249
0.44,4248
0.44,4247
0.44,4246
0.44,4245
0.44,4244
0.44,4243
0.44,4242
0.44,4241
0.45,4240
0.45,4239
0.45,4238
0.46,4237
0.46,4236
0.47,4235
0.47,4234
0.47,4233
0.47,4232
0.47,4231
0.47,4230
0.48,4229
0.48,4228
0.48,4227
0.48,4226
0.48,4225
0.48,4224
0.49,4223
0.49,4222
0.49,4221
0.49,4220
0.49,4219
0.49,4218
0.49,4217
0.49,4216
0.49,4215
0.49,4214
0.50,4213
0.50,4212
0.50,4211
0.50,4210
0.50,4209
0.50,4208
0.50,4207
0.50,4206
0.51,4205
0.51,4204
0.51,4203
0.51,4202
0.51,4201
0.52,4200
0.52,4199
0.52,4198
0.52,4197
0.52,4196
0.52,4195
0.53,4194
0.53,4193
0.53,4192
0.53,4191
0.53,4190
0.53,4189
0.53,4188
0.53,4187
0.53,4186
0.53,4185
0.53,4184
0.53,4183
0.53,4182
0.53,4181
0.53,4180
0.54,4179
0.54,4178
0.54,4177
0.54,4176
0.54,4175
0.54,4174
0.54,4173
0.54,4172
0.55,4171
0.55,4170
0.55,4169
0.55,4168
0.55,4167
0.55,4166
0.55,4165
0.56,4164
0.56,4163
0.56,4162
0.56,4161
0.56,4160
0.56,4159
0.57,4158
0.57,4157
0.57,4156
0.57,4155
0.58,4154
0.58,4153
0.58,4152
0.58,4151
0.58,4150
0.59,4149
0.59,4148
0.60,4147
0.60,4146
0.60,4145
0.60,4144
0.60,4143
0.62,4142
0.62,4141
0.62,4140
0.62,4139
0.62,4138
0.62,4137
0.62,4136
0.62,4135
0.62,4134
0.62,4133
0.63,4132
0.63,4131
0.63,4130
0.63,4129
0.63,4128
0.63,4127
0.63,4126
0.63,4125
0.63,4124
0.63,4123
0.64,4122
0.64,4121
0.64,4120
0.64,4119
0.64,4118
0.64,4117
0.64,4116
0.64,4115
0.64,4114
0.64,4113
0.64,4112
0.64,4111
0.64,4110
0.64,4109
0.64,4108
0.64,4107
0.65,4106
0.65,4105
0.65,4104
0.65,4103
0.65,4102
0.65,4101
0.66,4100
0.68,4099
0.68,4098
0.68,4097
0.68,4096
0.68,4095
0.68,4094
0.68,4093
0.69,4092
0.69,4091
0.69,4090
0.71,4089
0.71,4088
0.72,4087
0.73,4086
0.73,4085
0.73,4084
0.73,4083
0.73,4082
0.74,4081
0.74,4080
0.74,4079
0.74,4078
0.74,4077
0.74,4076
0.74,4075
0.74,4074
0.74,4073
0.74,4072
0.74,4071
0.74,4070
0.75,4069
0.75,4068
0.75,4067
0.75,4066
0.75,4065
0.75,4064
0.75,4063
0.75,4062
0.76,4061
0.76,4060
0.76,4059
0.76,4058
0.76,4057
0.76,4056
0.78,4055
0.78,4054
0.78,4053
0.78,4052
0.78,4051
0.78,4050
0.78,4049
0.78,4048
0.79,4047
0.79,4046
0.79,4045
0.79,4044
0.79,4043
0.79,4042
0.79,4041
0.79,4040
0.79,4039
0.79,4038
0.79,4037
0.79,4036
0.80,4035
0.80,4034
0.80,4033
0.80,4032
0.83,4031
0.83,4030
0.83,4029
0.84,4028
0.84,4027
0.84,4026
0.84,4025
0.84,4024
0.84,4023
0.84,4022
0.84,4021
0.84,4020
0.85,4019
0.86,4018
0.86,4017
0.86,4016
0.86,4015
0.86,4014
0.86,4013
0.86,4012
0.86,4011
0.86,4010
0.86,4009
0.86,4008
0.86,4007
0.86,4006
0.86,4005
0.86,4004
0.86,4003
0.87,4002
0.87,4001
0.87,4000
0.87,3999
0.87,3998
0.88,3997
0.88,3996
0.88,3995
0.88,3994
0.88,3993
0.88,3992
0.89,3991
0.89,3990
0.89,3989
0.89,3988
0.90,3987
0.90,3986
0.90,3985
0.91,3984
0.91,3983
0.91,3982
0.91,3981
0.91,3980
0.91,3979
0.91,3978
0.91,3977
0.92,3976
0.92,3975
0.92,3974
0.92,3973
0.94,3972
0.94,3971
0.94,3970
0.94,3969
1.02,3968
1.02,3967
1.02,3966
1.04,3965
1.05,3964
1.05,3963
1.07,3962
1.12,3961
1.12,3960
1.12,3959
1.12,3958
1.12,3957
1.12,3956
1.13,3955
1.13,3954
1.14,3953
1.14,3952
1.14,3951
1.14,3950
1.14,3949
1.14,3948
1.15,3947
1.15,3946
1.15,3945
1.15,3944
1.16,3943
1.16,3942
1.16,3941
1.17,3940
1.17,3939
1.17,3938
1.17,3937
1.17,3936
1.17,3935
1.17,3934
1.20,3933
1.20,3932
1.20,3931
1.20,3930
1.20,3929
1.20,3928
1.20,3927
1.20,3926
1.20,3925
1.20,3924
1.21,3923
1.21,3922
1.21,3921
1.21,3920
1.21,3919
1.21,3918
1.21,3917
1.21,3916
1.21,3915
1.22,3914
1.22,3913
1.22,3912
1.22,3911
1.22,3910
1.22,3909
1.22,3908
1.22,3907
1.22,3906
1.22,3905
1.22,3904
1.22,3903
1.22,3902
1.22,3901
1.22,3900
1.22,3899
1.22,3898
1.22,3897
1.22,3896
1.22,3895
1.23,3894
1.23,3893
1.23,3892
1.23,3891
1.23,3890
1.23,3889
1.23,3888
1.23,3887
1.23,3886
1.23,3885
1.23,3884
1.23,3883
1.23,3882
1.23,3881
1.23,3880
1.23,3879
1.23,3878
1.24,3877
1.24,3876
1.24,3875
1.24,3874
1.24,3873
1.24,3872
1.24,3871
1.24,3870
1.24,3869
1.25,3868
1.25,3867
1.25,3866
1.25,3865
1.25,3864
1.25,3863
1.27,3862
1.27,3861
1.27,3860
1.27,3859
1.27,3858
1.27,3857
1.27,3856
1.27,3855
1.27,3854
1.27,3853
1.27,3852
1.27,3851
1.27,3850
1.27,3849
1.27,3848
1.28,3847
1.28,3846
1.28,3845
1.28,3844
1.28,3843
1.28,3842
1.29,3841
1.29,3840
1.29,3839
1.29,3838
1.30,3837
1.30,3836
1.30,3835
1.30,3834
1.30,3833
1.30,3832
1.30,3831
1.31,3830
1.32,3829
1.32,3828
1.32,3827
1.32,3826
1.32,3825
1.32,3824
1.32,3823
1.32,3822
1.32,3821
1.38,3820
1.38,3819
1.58,3818
1.60,3817
1.60,3816
1.60,3815
1.60,3814
1.60,3813
1.61,3812
1.61,3811
1.61,3810
1.63,3809
1.63,3808
1.63,3807
1.63,3806
1.63,3805
1.63,3804
1.63,3803
1.63,3802
1.63,3801
1.63,3800
1.63,3799
1.63,3798
1.63,3797
1.67,3796
1.67,3795
1.67,3794
1.67,3793
1.67,3792
1.68,3791
1.68,3790
1.69,3789
1.69,3788
1.69,3787
1.69,3786
2.05,3785
2.05,3784
2.05,3783
2.74,3782
2.74,3781
2.74,3780
2.74,3779
2.74,3778
2.74,3777
2.74,3776
2.74,3775
2.74,3774
2.74,3773
2.74,3772
2.74,3771
2.76,3770
2.76,3769
2.76,3768
2.76,3767
2.76,3766
2.77,3765
2.77,3764
2.77,3763
3.23,3762
3.23,3761
3.23,3760
3.23,3759
3.23,3758
3.24,3757
3.24,3756
3.24,3755
3.27,3754
3.27,3753
3.27,3752
3.38,3751
3.38,3750
3.38,3749
3.38,3748
3.38,3747
3.43,3746
3.43,3745
3.43,3744
3.43,3743
3.43,3742
3.43,3741
3.43,3740
3.86,3739
3.86,3738
3.86,3737
3.92,3736
3.93,3735
3.93,3734
3.93,3733
3.94,3732
3.94,3731
3.94,3730
3.94,3729
3.95,3728
3.95,3727
3.97,3726
3.97,3725
3.97,3724
3.97,3723
3.97,3722
3.98,3721
3.98,3720
3.98,3719
3.98,3718
3.98,3717
3.98,3716
3.98,3715
3.98,3714
4.00,3713
4.00,3712
4.00,3711
4.00,3710
4.00,3709
4.00,3708
4.00,3707
4.00,3706
4.00,3705
4.00,3704
4.05,3703
4.06,3702
4.06,3701
4.06,3700
4.06,3699
4.28,3698
4.29,3697
4.29,3696
4.29,3695
4.30,3694
4.30,3693
4.30,3692
4.30,3691
4.30,3690
4.30,3689
4.30,3688
4.30,3687
4.30,3686
4.30,3685
4.31,3684
4.31,3683
4.31,3682
4.31,3681
4.31,3680
4.31,3679
4.31,3678
4.32,3677
4.32,3676
4.32,3675
5.94,3674
5.95,3673
5.96,3672
5.96,3671
5.96,3670
5.97,3669
5.97,3668
6.13,3667
6.13,3666
6.13,3665
6.13,3664
6.13,3663
6.13,3662
6.14,3661
6.17,3660
6.17,3659
6.17,3658
6.17,3657
6.17,3656
9.53,3655
9.54,3654
9.56,3653
9.57,3652
9.57,3651
9.58,3650
11.21,3649
11.21,3648
11.21,3647
11.21,3646
11.22,3645
11.72,3644
11.72,3643
11.72,3642
11.81,3641
11.81,3640
11.81,3639
11.81,3638
11.81,3637
11.81,3636
11.82,3635
11.84,3634
11.84,3633
11.85,3632
11.85,3631
11.85,3630
11.85,3629
11.86,3628
11.86,3627
11.86,3626
11.87,3625
11.87,3624
11.87,3623
11.87,3622
11.87,3621
11.88,3620
11.88,3619
11.92,3618
11.92,3617
11.92,3616
11.92,3615
11.95,3614
11.95,3613
11.95,3612
12.00,3611
12.00,3610
12.00,3609
12.00,3608
12.01,3607
12.01,3606
12.02,3605
12.02,3604
12.03,3603
12.21,3602
12.21,3601
12.21,3600
12.21,3599
12.22,3598
12.22,3597
12.22,3596
12.31,3595
12.33,3594
12.54,3593
12.54,3592
12.54,3591
12.60,3590
12.60,3589
12.60,3588
12.60,3587
12.61,3586
12.70,3585
12.71,3584
12.71,3583
12.71,3582
12.71,3581
12.83,3580
12.83,3579
12.83,3578
12.83,3577
12.83,3576
12.84,3575
12.84,3574
12.89,3573
12.89,3572
12.90,3571
12.90,3570
12.98,3569
13.01,3568
13.01,3567
13.05,3566
13.05,3565
13.79,3564
14.28,3563
14.55,3562
14.55,3561
14.55,3560
14.55,3559
14.56,3558
14.56,3557
14.57,3556
14.57,3555
14.57,3554
14.57,3553
14.57,3552
14.57,3551
14.57,3550
14.60,3549
14.60,3548
14.60,3547
14.86,3546
15.04,3545
15.04,3544
15.04,3543
15.04,3542
15.07,3541
15.08,3540
15.08,3539
15.08,3538
15.08,3537
15.09,3536
15.09,3535
15.09,3534
15.09,3533
15.09,3532
15.09,3531
15.09,3530
15.09,3529
15.09,3528
15.11,3527
15.11,3526
15.11,3525
15.11,3524
15.12,3523
15.12,3522
15.20,3521
15.20,3520
15.27,3519
15.27,3518
15.27,3517
15.27,3516
15.27,3515
15.27,3514
15.27,3513
15.27,3512
15.27,3511
15.27,3510
15.27,3509
15.27,3508
15.27,3507
15.27,3506
15.29,3505
15.29,3504
15.29,3503
15.29,3502
15.40,3501
15.41,3500
15.41,3499
15.41,3498
15.41,3497
15.41,3496
15.46,3495
15.46,3494
15.46,3493
15.57,3492
15.57,3491
15.57,3490
15.58,3489
15.58,3488
15.58,3487
15.58,3486
15.59,3485
15.59,3484
15.59,3483
15.59,3482
15.60,3481
15.60,3480
15.60,3479
15.60,3478
15.61,3477
15.61,3476
15.62,3475
15.62,3474
15.84,3473
15.84,3472
15.84,3471
15.84,3470
15.85,3469
15.85,3468
15.85,3467
15.85,3466
15.86,3465
15.86,3464
15.86,3463
15.87,3462
16.66,3461
16.66,3460
16.66,3459
16.67,3458
16.76,3457
16.78,3456
16.78,3455
16.78,3454
16.78,3453
16.78,3452
16.78,3451
16.78,3450
16.78,3449
16.78,3448
16.82,3447
16.90,3446
16.91,3445
16.95,3444
16.95,3443
16.96,3442
16.96,3441
17.29,3440
17.29,3439
17.43,3438
17.45,3437
17.45,3436
17.45,3435
17.45,3434
17.45,3433
17.45,3432
17.46,3431
17.46,3430
17.46,3429
17.46,3428
17.46,3427
17.46,3426
17.46,3425
17.46,3424
17.47,3423
17.47,3422
17.47,3421
17.47,3420
17.47,3419
17.48,3418
17.48,3417
17.48,3416
17.48,3415
17.48,3414
17.48,3413
17.48,3412
17.48,3411
17.52,3410
17.63,3409
17.63,3408
17.63,3407
17.63,3406
17.64,3405
17.64,3404
17.64,3403
17.64,3402
17.64,3401
17.65,3400
17.65,3399
17.73,3398
17.73,3397
17.73,3396
17.73,3395
17.73,3394
17.73,3393
17.73,3392
17.74,3391
17.74,3390
17.74,3389
17.74,3388
17.74,3387
17.74,3386
17.74,3385
17.75,3384
17.75,3383
17.76,3382
17.76,3381
17.77,3380
17.77,3379
17.79,3378
17.79,3377
17.85,3376
17.85,3375
17.85,3374
17.85,3373
17.85,3372
17.92,3371
17.92,3370
17.92,3369
17.93,3368
17.94,3367
17.95,3366
17.95,3365
17.95,3364
18.25,3363
18.25,3362
18.25,3361
18.25,3360
18.25,3359
18.25,3358
18.26,3357
18.26,3356
18.26,3355
18.26,3354
18.26,3353
18.26,3352
18.27,3351
18.27,3350
18.27,3349
18.27,3348
18.99,3347
18.99,3346
18.99,3345
18.99,3344
19.06,3343
19.06,3342
19.07,3341
19.07,3340
19.07,3339
19.08,3338
19.08,3337
19.08,3336
19.08,3335
19.08,3334
19.08,3333
19.10,3332
19.10,3331
19.11,3330
19.11,3329
19.11,3328
19.11,3327
19.11,3326
19.11,3325
19.11,3324
19.16,3323
19.22,3322
19.24,3321
19.24,3320
19.24,3319
19.24,3318
19.25,3317
19.25,3316
19.28,3315
19.29,3314
19.39,3313
19.39,3312
19.40,3311
19.40,3310
19.40,3309
19.40,3308
19.50,3307
19.50,3306
19.50,3305
19.51,3304
19.52,3303
19.56,3302
19.73,3301
19.73,3300
19.73,3299
19.73,3298
19.77,3297
19.77,3296
19.78,3295
19.78,3294
19.78,3293
19.78,3292
19.78,3291
19.79,3290
19.79,3289
19.79,3288
19.81,3287
19.81,3286
19.82,3285
19.82,3284
19.82,3283
19.82,3282
19.82,3281
19.82,3280
19.82,3279
19.82,3278
19.82,3277
19.82,3276
19.83,3275
19.88,3274
19.88,3273
19.88,3272
19.89,3271
19.89,3270
19.89,3269
19.90,3268
19.90,3267
19.91,3266
19.91,3265
19.91,3264
19.91,3263
19.92,3262
19.92,3261
19.92,3260
19.92,3259
19.92,3258
20.13,3257
20.13,3256
20.14,3255
20.14,3254
20.14,3253
20.14,3252
20.15,3251
20.16,3250
20.16,3249
20.17,3248
20.17,3247
20.20,3246
20.20,3245
20.20,3244
20.21,3243
20.22,3242
20.23,3241
20.23,3240
20.23,3239
20.25,3238
20.25,3237
20.25,3236
20.25,3235
20.25,3234
20.25,3233
20.25,3232
20.25,3231
20.25,3230
20.25,3229
20.31,3228
20.31,3227
20.31,3226
20.31,3225
20.31,3224
20.32,3223
20.32,3222
20.32,3221
20.32,3220
20.32,3219
20.32,3218
20.32,3217
20.32,3216
20.33,3215
20.33,3214
20.33,3213
20.33,3212
20.34,3211
20.34,3210
20.34,3209
20.34,3208
20.34,3207
20.34,3206
20.35,3205
20.55,3204
20.55,3203
20.55,3202
20.58,3201
20.58,3200
20.58,3199
20.58,3198
20.58,3197
20.59,3196
20.59,3195
20.59,3194
20.61,3193
20.61,3192
20.62,3191
20.64,3190
20.64,3189
20.68,3188
20.68,3187
20.68,3186
20.69,3185
20.69,3184
20.71,3183
20.88,3182
20.88,3181
20.89,3180
20.89,3179
20.89,3178
20.89,3177
20.91,3176
20.92,3175
20.92,3174
20.98,3173
20.98,3172
20.98,3171
20.99,3170
21.02,3169
21.02,3168
21.02,3167
21.02,3166
21.02,3165
21.02,3164
21.02,3163
21.02,3162
21.03,3161
21.03,3160
21.03,3159
21.05,3158
21.05,3157
21.31,3156
21.31,3155
21.37,3154
21.37,3153
21.37,3152
21.38,3151
21.38,3150
21.38,3149
21.38,3148
21.38,3147
21.38,3146
21.39,3145
21.39,3144
21.59,3143
21.59,3142
21.60,3141
21.60,3140
21.61,3139
21.62,3138
21.81,3137
21.81,3136
21.81,3135
21.81,3134
21.81,3133
21.82,3132
21.82,3131
21.82,3130
21.82,3129
21.82,3128
21.82,3127
21.82,3126
21.82,3125
21.82,3124
21.82,3123
21.84,3122
21.84,3121
21.85,3120
21.85,3119
21.86,3118
21.86,3117
21.86,3116
21.86,3115
21.86,3114
21.86,3113
21.86,3112
21.89,3111
21.94,3110
21.94,3109
21.94,3108
21.94,3107
21.94,3106
21.94,3105
21.95,3104
21.95,3103
21.95,3102
21.95,3101
21.95,3100
21.96,3099
21.96,3098
22.04,3097
22.05,3096
22.05,3095
22.05,3094
22.06,3093
22.06,3092
22.06,3091
22.06,3090
22.06,3089
22.12,3088
22.12,3087
22.12,3086
22.12,3085
22.13,3084
22.13,3083
22.13,3082
22.14,3081
22.14,3080
22.14,3079
22.17,3078
22.17,3077
22.17,3076
22.18,3075
22.18,3074
22.19,3073
22.19,3072
22.19,3071
22.20,3070
22.28,3069
22.28,3068
22.35,3067
22.41,3066
22.41,3065
22.42,3064
22.42,3063
22.42,3062
22.42,3061
22.42,3060
22.47,3059
22.47,3058
22.48,3057
22.48,3056
22.48,3055
22.57,3054
22.57,3053
22.57,3052
22.58,3051
22.59,3050
22.61,3049
22.61,3048
22.61,3047
22.61,3046
22.61,3045
22.61,3044
22.62,3043
22.63,3042
22.63,3041
22.63,3040
22.63,3039
22.63,3038
22.67,3037
22.67,3036
22.67,3035
22.67,3034
22.67,3033
22.70,3032
22.73,3031
22.74,3030
22.74,3029
22.74,3028
22.77,3027
22.79,3026
22.82,3025
22.82,3024
22.82,3023
22.82,3022
22.84,3021
22.84,3020
22.84,3019
22.88,3018
22.88,3017
22.88,3016
22.89,3015
22.89,3014
22.89,3013
22.89,3012
22.90,3011
22.90,3010
22.90,3009
22.93,3008
22.93,3007
22.93,3006
22.93,3005
22.93,3004
22.94,3003
22.96,3002
22.96,3001
22.96,3000
22.96,2999
22.96,2998
22.96,2997
22.96,2996
22.96,2995
22.97,2994
23.00,2993
23.00,2992
23.01,2991
23.27,2990
23.27,2989
23.27,2988
23.29,2987
23.29,2986
23.29,2985
23.29,2984
23.29,2983
23.29,2982
23.29,2981
23.30,2980
23.30,2979
23.30,2978
23.30,2977
23.30,2976
23.30,2975
23.59,2974
23.59,2973
23.59,2972
23.60,2971
23.60,2970
23.60,2969
23.60,2968
23.60,2967
23.64,2966
23.64,2965
23.64,2964
23.64,2963
23.71,2962
23.71,2961
23.71,2960
23.87,2959
23.87,2958
23.87,2957
23.87,2956
23.87,2955
23.87,2954
23.88,2953
23.88,2952
23.88,2951
24.08,2950
24.08,2949
24.08,2948
24.08,2947
24.09,2946
24.10,2945
24.10,2944
24.10,2943
24.10,2942
24.10,2941
24.10,2940
24.10,2939
24.23,2938
24.24,2937
24.33,2936
24.33,2935
24.33,2934
24.33,2933
24.34,2932
24.36,2931
24.36,2930
24.36,2929
24.36,2928
24.37,2927
24.37,2926
24.37,2925
24.40,2924
24.40,2923
24.40,2922
24.42,2921
24.42,2920
24.42,2919
24.43,2918
24.43,2917
24.43,2916
24.44,2915
24.44,2914
24.46,2913
24.46,2912
24.46,2911
24.46,2910
24.46,2909
24.46,2908
24.46,2907
24.50,2906
24.50,2905
24.51,2904
24.51,2903
24.52,2902
24.52,2901
24.52,2900
24.52,2899
24.52,2898
24.52,2897
24.54,2896
24.54,2895
24.54,2894
24.54,2893
24.54,2892
24.56,2891
24.56,2890
24.56,2889
24.56,2888
24.57,2887
24.57,2886
24.57,2885
24.57,2884
24.57,2883
24.57,2882
24.57,2881
24.58,2880
24.58,2879
24.58,2878
24.58,2877
24.58,2876
24.58,2875
24.58,2874
24.59,2873
24.62,2872
24.62,2871
24.63,2870
24.74,2869
24.74,2868
24.74,2867
24.74,2866
24.74,2865
24.74,2864
24.74,2863
24.76,2862
24.77,2861
24.77,2860
24.77,2859
24.77,2858
24.84,2857
24.84,2856
24.84,2855
24.84,2854
24.84,2853
24.84,2852
24.85,2851
24.85,2850
24.85,2849
24.85,2848
24.86,2847
24.86,2846
24.86,2845
24.89,2844
24.89,2843
24.90,2842
24.90,2841
24.91,2840
24.91,2839
24.92,2838
25.13,2837
25.13,2836
25.14,2835
25.16,2834
25.16,2833
25.16,2832
25.16,2831
25.16,2830
25.17,2829
25.18,2828
25.18,2827
25.18,2826
25.20,2825
25.37,2824
25.37,2823
25.40,2822
25.40,2821
25.40,2820
25.40,2819
25.40,2818
25.40,2817
25.40,2816
25.40,2815
25.40,2814
25.40,2813
25.40,2812
25.41,2811
25.46,2810
25.46,2809
25.46,2808
25.46,2807
25.46,2806
25.46,2805
25.46,2804
25.50,2803
25.50,2802
25.50,2801
25.50,2800
25.51,2799
25.52,2798
25.52,2797
25.53,2796
25.53,2795
25.53,2794
25.53,2793
25.53,2792
25.53,2791
25.55,2790
25.55,2789
25.55,2788
25.55,2787
25.55,2786
25.57,2785
25.85,2784
25.86,2783
25.86,2782
25.86,2781
25.87,2780
25.87,2779
25.87,2778
25.87,2777
25.87,2776
25.87,2775
25.87,2774
25.87,2773
25.91,2772
25.91,2771
25.91,2770
25.91,2769
25.92,2768
25.92,2767
25.92,2766
25.92,2765
25.92,2764
25.92,2763
25.98,2762
25.99,2761
26.08,2760
26.08,2759
26.08,2758
26.08,2757
26.08,2756
26.08,2755
26.09,2754
26.09,2753
26.09,2752
26.10,2751
26.12,2750
26.12,2749
26.12,2748
26.12,2747
26.12,2746
26.32,2745
26.32,2744
26.32,2743
26.33,2742
26.36,2741
26.36,2740
26.36,2739
26.36,2738
26.36,2737
26.37,2736
26.37,2735
26.37,2734
26.38,2733
26.38,2732
26.38,2731
26.38,2730
26.38,2729
26.39,2728
26.41,2727
26.41,2726
26.41,2725
26.44,2724
26.44,2723
26.44,2722
26.46,2721
26.46,2720
26.46,2719
26.46,2718
26.46,2717
26.46,2716
26.47,2715
26.47,2714
26.47,2713
26.47,2712
26.47,2711
26.51,2710
26.51,2709
26.53,2708
26.53,2707
26.53,2706
26.54,2705
26.54,2704
26.54,2703
26.54,2702
26.54,2701
26.54,2700
26.54,2699
26.55,2698
26.58,2697
26.63,2696
26.79,2695
26.86,2694
26.86,2693
26.86,2692
27.07,2691
27.08,2690
27.08,2689
27.08,2688
27.28,2687
27.38,2686
27.38,2685
27.38,2684
27.38,2683
27.44,2682
27.44,2681
27.44,2680
27.64,2679
27.64,2678
27.64,2677
27.66,2676
27.66,2675
27.67,2674
27.68,2673
27.68,2672
27.68,2671
28.02,2670
28.02,2669
28.04,2668
28.04,2667
28.09,2666
28.09,2665
28.09,2664
28.10,2663
28.10,2662
28.12,2661
28.12,2660
28.12,2659
28.16,2658
28.17,2657
28.19,2656
28.19,2655
28.19,2654
28.19,2653
28.25,2652
28.34,2651
28.34,2650
28.34,2649
28.35,2648
28.35,2647
28.35,2646
28.35,2645
28.35,2644
28.35,2643
28.35,2642
28.36,2641
28.36,2640
28.36,2639
28.36,2638
28.40,2637
28.41,2636
28.41,2635
28.41,2634
28.41,2633
28.45,2632
28.48,2631
28.48,2630
28.48,2629
28.48,2628
28.48,2627
28.67,2626
28.77,2625
28.78,2624
28.78,2623
28.78,2622
28.79,2621
28.80,2620
28.80,2619
28.82,2618
28.85,2617
28.85,2616
28.88,2615
28.88,2614
28.89,2613
28.89,2612
28.89,2611
29.07,2610
29.09,2609
29.11,2608
29.11,2607
29.46,2606
29.46,2605
29.46,2604
29.46,2603
29.46,2602
29.46,2601
29.47,2600
29.47,2599
29.47,2598
29.53,2597
29.54,2596
29.54,2595
29.54,2594
29.54,2593
29.54,2592
29.54,2591
29.54,2590
29.55,2589
29.56,2588
29.57,2587
29.57,2586
29.57,2585
29.57,2584
29.57,2583
29.61,2582
29.61,2581
29.61,2580
29.62,2579
29.62,2578
29.62,2577
29.62,2576
29.62,2575
29.62,2574
29.62,2573
29.62,2572
29.63,2571
29.63,2570
29.63,2569
30.01,2568
30.01,2567
30.01,2566
30.02,2565
30.02,2564
30.02,2563
30.03,2562
30.03,2561
30.04,2560
30.05,2559
30.07,2558
30.07,2557
30.08,2556
30.10,2555
30.10,2554
30.10,2553
30.24,2552
30.25,2551
30.25,2550
30.26,2549
30.27,2548
30.64,2547
30.64,2546
30.64,2545
30.70,2544
30.70,2543
30.73,2542
31.28,2541
31.28,2540
31.29,2539
31.29,2538
31.30,2537
31.37,2536
31.37,2535
31.37,2534
31.37,2533
31.38,2532
31.38,2531
31.38,2530
31.56,2529
31.56,2528
31.56,2527
31.92,2526
31.92,2525
31.92,2524
31.93,2523
31.93,2522
31.94,2521
31.95,2520
31.95,2519
31.95,2518
31.95,2517
31.95,2516
31.95,2515
31.95,2514
31.95,2513
31.96,2512
31.96,2511
31.96,2510
31.96,2509
32.02,2508
32.02,2507
32.02,2506
32.02,2505
32.03,2504
32.03,2503
32.97,2502
32.99,2501
32.99,2500
32.99,2499
32.99,2498
33.00,2497
33.00,2496
33.00,2495
33.01,2494
33.02,2493
33.02,2492
33.03,2491
33.03,2490
33.03,2489
33.81,2488
33.82,2487
33.84,2486
33.84,2485
33.94,2484
34.23,2483
34.24,2482
34.24,2481
34.24,2480
34.27,2479
34.27,2478
34.27,2477
34.29,2476
34.39,2475
34.42,2474
34.42,2473
34.42,2472
34.43,2471
34.43,2470
34.44,2469
34.44,2468
34.44,2467
34.45,2466
34.51,2465
34.52,2464
34.52,2463
34.53,2462
34.53,2461
34.94,2460
34.94,2459
34.96,2458
34.96,2457
34.96,2456
34.97,2455
34.99,2454
34.99,2453
36.28,2452
36.33,2451
36.33,2450
36.68,2449
36.68,2448
36.69,2447
36.69,2446
36.74,2445
37.12,2444
37.14,2443
37.33,2442
37.33,2441
37.33,2440
37.34,2439
37.55,2438
37.59,2437
37.62,2436
37.62,2435
37.64,2434
37.64,2433
37.67,2432
37.67,2431
37.74,2430
37.75,2429
37.75,2428
37.75,2427
37.77,2426
37.80,2425
37.81,2424
37.81,2423
37.82,2422
37.83,2421
37.83,2420
37.84,2419
37.86,2418
37.90,2417
38.02,2416
38.02,2415
38.04,2414
38.40,2413
38.67,2412
38.67,2411
38.67,2410
39.50,2409
39.53,2408
40.32,2407
40.45,2406
40.82,2405
40.82,2404
40.83,2403
40.83,2402
40.84,2401
40.87,2400
40.90,2399
40.91,2398
40.92,2397
40.92,2396
41.34,2395
41.34,2394
42.59,2393
44.25,2392
44.26,2391
44.29,2390
44.48,2389
44.48,2388
44.56,2387
44.56,2386
44.56,2385
44.58,2384
44.59,2383
44.59,2382
44.61,2381
44.62,2380
44.98,2379
45.25,2378
45.25,2377
45.25,2376
45.65,2375
45.67,2374
45.68,2373
45.69,2372
45.69,2371
45.73,2370
45.77,2369
45.77,2368
45.79,2367
48.31,2366
48.40,2365
48.44,2364
49.87,2363
49.89,2362
49.89,2361
50.31,2360
50.32,2359
50.32,2358
50.45,2357
50.47,2356
50.51,2355
50.51,2354
52.42,2353
53.31,2352
53.61,2351
53.62,2350
53.68,2349
53.68,2348
53.70,2347
53.79,2346
56.52,2345
56.57,2344
56.58,2343
56.60,2342
56.60,2341
57.18,2340
57.21,2339
57.21,2338
57.21,2337
57.61,2336
57.62,2335
57.63,2334
64.64,2333
64.64,2332
64.65,2331
64.72,2330
64.73,2329
64.74,2328
67.17,2327
67.60,2326
67.75,2325
69.29,2324
70.14,2323
70.20,2322
70.38,2321
70.39,2320
75.51,2319
75.54,2318
76.64,2317
77.04,2316
77.04,2315
77.11,2314
77.17,2313
77.76,2312
77.76,2311
81.60,2310
82.26,2309
82.86,2308
83.05,2307
83.94,2306
85.27,2305
92.31,2304
92.34,2303
92.34,2302
92.38,2301
94.29,2300
96.60,2299
96.77,2298
98.79,2297
106.30,2296
113.74,2295
126.92,2294
158.98,2293
161.13,2292
167.78,2291
178.50,2290
181.86,2289
182.56,2288
200.25,2287
218.99,2286
228.37,2285
235.53,2284
251.87,2283
253.09,2282
371.23,2281
372.41,2280
555.86,2279
