0.00,2935
0.05,2934
0.09,2933
0.13,2932
0.24,2931
0.28,2930
0.33,2929
0.36,2928
0.39,2927
0.43,2926
0.58,2925
0.67,2924
0.69,2923
0.73,2922
0.76,2921
0.83,2920
0.92,2919
0.98,2918
1.02,2917
1.29,2916
1.32,2915
1.36,2914
1.42,2913
1.44,2912
1.47,2911
1.57,2910
1.63,2909
1.65,2908
1.81,2907
1.96,2906
2.00,2905
2.10,2904
2.26,2903
2.33,2902
2.40,2901
2.47,2900
2.52,2899
2.56,2898
2.61,2897
2.68,2896
2.70,2895
2.72,2894
2.80,2893
2.84,2892
2.86,2891
2.89,2890
2.96,2889
3.01,2888
3.07,2887
3.12,2886
3.31,2885
3.52,2884
3.55,2883
3.62,2882
3.67,2881
3.79,2880
3.85,2879
3.90,2878
3.93,2877
3.99,2876
4.04,2875
4.18,2874
4.27,2873
4.36,2872
4.40,2871
4.52,2870
4.58,2869
4.60,2868
4.63,2867
4.66,2866
4.82,2865
4.91,2864
4.95,2863
5.02,2862
5.06,2861
5.08,2860
5.10,2859
5.13,2858
5.18,2857
5.22,2856
5.29,2855
5.37,2854
5.42,2853
5.44,2852
5.46,2851
5.53,2850
5.55,2849
5.61,2848
5.66,2847
5.68,2846
5.70,2845
5.73,2844
5.78,2843
5.81,2842
5.90,2841
5.94,2840
5.97,2839
5.99,2838
6.03,2837
6.05,2836
6.11,2835
6.13,2834
6.32,2833
6.35,2832
6.45,2831
6.50,2830
6.64,2829
6.69,2828
6.78,2827
6.80,2826
6.92,2825
7.04,2824
7.11,2823
7.15,2822
7.23,2821
7.29,2820
7.32,2819
7.39,2818
7.47,2817
7.51,2816
7.53,2815
7.61,2814
7.79,2813
7.86,2812
7.91,2811
7.95,2810
7.98,2809
8.01,2808
8.06,2807
8.36,2806
8.43,2805
8.54,2804
8.74,2803
8.77,2802
8.79,2801
8.85,2800
8.90,2799
8.95,2798
9.08,2797
9.13,2796
9.21,2795
9.31,2794
9.36,2793
9.57,2792
9.68,2791
9.72,2790
9.75,2789
9.95,2788
10.00,2787
10.02,2786
10.04,2785
10.06,2784
10.16,2783
10.20,2782
10.25,2781
10.37,2780
10.41,2779
10.56,2778
10.69,2777
10.76,2776
10.85,2775
11.02,2774
11.05,2773
11.14,2772
11.17,2771
11.21,2770
11.23,2769
11.30,2768
11.37,2767
11.39,2766
11.44,2765
11.59,2764
11.62,2763
11.66,2762
11.77,2761
11.83,2760
11.90,2759
12.01,2758
12.09,2757
12.11,2756
12.27,2755
12.40,2754
12.51,2753
12.55,2752
12.72,2751
12.79,2750
12.84,2749
12.96,2748
12.98,2747
13.02,2746
13.13,2745
13.18,2744
13.24,2743
13.36,2742
13.46,2741
13.49,2740
13.60,2739
13.63,2738
13.71,2737
13.80,2736
13.84,2735
13.96,2734
14.13,2733
14.22,2732
14.31,2731
14.40,2730
14.42,2729
14.53,2728
14.60,2727
14.67,2726
14.88,2725
14.94,2724
14.97,2723
14.99,2722
15.02,2721
15.32,2720
15.42,2719
15.72,2718
15.84,2717
16.02,2716
16.04,2715
16.07,2714
16.17,2713
16.27,2712
16.36,2711
16.45,2710
16.51,2709
16.55,2708
16.60,2707
16.78,2706
16.84,2705
16.97,2704
17.04,2703
17.09,2702
17.12,2701
17.38,2700
17.46,2699
17.56,2698
17.59,2697
17.79,2696
17.99,2695
18.10,2694
18.18,2693
18.24,2692
18.47,2691
18.57,2690
18.65,2689
18.75,2688
18.83,2687
18.86,2686
18.92,2685
19.00,2684
19.14,2683
19.18,2682
19.24,2681
19.27,2680
19.31,2679
19.54,2678
19.58,2677
19.60,2676
19.64,2675
19.66,2674
19.72,2673
19.82,2672
19.90,2671
20.20,2670
20.31,2669
20.37,2668
20.47,2667
20.59,2666
20.68,2665
20.74,2664
20.76,2663
20.93,2662
20.99,2661
21.02,2660
21.06,2659
21.10,2658
21.18,2657
21.28,2656
21.30,2655
21.34,2654
21.41,2653
21.47,2652
21.55,2651
21.64,2650
21.75,2649
21.79,2648
21.88,2647
21.95,2646
21.97,2645
22.00,2644
22.05,2643
22.11,2642
22.15,2641
22.21,2640
22.37,2639
22.40,2638
22.52,2637
22.54,2636
22.58,2635
22.72,2634
22.80,2633
22.89,2632
22.95,2631
22.99,2630
23.18,2629
23.22,2628
23.29,2627
23.48,2626
23.61,2625
23.71,2624
23.79,2623
23.84,2622
23.92,2621
24.07,2620
24.09,2619
24.12,2618
24.19,2617
24.28,2616
24.31,2615
24.50,2614
24.54,2613
24.67,2612
24.79,2611
24.89,2610
24.92,2609
25.03,2608
25.11,2607
25.39,2606
25.41,2605
25.54,2604
25.60,2603
25.67,2602
25.84,2601
26.11,2600
26.22,2599
26.34,2598
26.39,2597
26.43,2596
26.45,2595
26.76,2594
27.04,2593
27.20,2592
27.22,2591
27.28,2590
27.42,2589
27.47,2588
27.54,2587
27.61,2586
27.70,2585
27.72,2584
27.75,2583
27.84,2582
27.86,2581
27.89,2580
27.98,2579
28.04,2578
28.12,2577
28.14,2576
28.30,2575
28.33,2574
28.42,2573
28.50,2572
28.54,2571
28.64,2570
28.67,2569
28.70,2568
28.72,2567
28.79,2566
28.84,2565
28.95,2564
29.09,2563
29.13,2562
29.21,2561
29.24,2560
29.30,2559
29.32,2558
29.35,2557
29.55,2556
29.57,2555
29.60,2554
29.64,2553
29.70,2552
29.76,2551
29.87,2550
29.96,2549
30.05,2548
30.07,2547
30.16,2546
30.33,2545
30.44,2544
30.46,2543
30.49,2542
30.60,2541
30.75,2540
30.84,2539
30.89,2538
30.94,2537
30.98,2536
31.03,2535
31.09,2534
31.16,2533
31.19,2532
31.24,2531
31.28,2530
31.39,2529
31.43,2528
31.45,2527
31.49,2526
31.63,2525
31.66,2524
31.69,2523
31.80,2522
31.84,2521
31.88,2520
32.00,2519
32.06,2518
32.28,2517
32.34,2516
32.54,2515
32.60,2514
32.65,2513
32.68,2512
32.78,2511
32.85,2510
32.88,2509
33.10,2508
33.18,2507
33.24,2506
33.26,2505
33.33,2504
33.36,2503
33.52,2502
33.59,2501
33.66,2500
33.75,2499
33.81,2498
33.83,2497
33.85,2496
33.87,2495
33.91,2494
33.94,2493
34.13,2492
34.15,2491
34.19,2490
34.30,2489
34.32,2488
34.45,2487
34.51,2486
34.58,2485
34.73,2484
34.81,2483
34.86,2482
34.97,2481
35.04,2480
35.08,2479
35.12,2478
35.15,2477
35.22,2476
35.25,2475
35.32,2474
35.34,2473
35.36,2472
35.45,2471
35.47,2470
35.54,2469
35.58,2468
35.60,2467
35.69,2466
35.74,2465
35.77,2464
35.82,2463
35.89,2462
35.95,2461
35.99,2460
36.03,2459
36.08,2458
36.15,2457
36.36,2456
36.47,2455
36.61,2454
36.73,2453
36.81,2452
36.87,2451
36.97,2450
37.06,2449
37.14,2448
37.18,2447
37.27,2446
37.32,2445
37.37,2444
37.40,2443
37.46,2442
37.57,2441
37.62,2440
37.68,2439
37.71,2438
37.75,2437
37.89,2436
37.93,2435
37.96,2434
37.98,2433
38.04,2432
38.06,2431
38.36,2430
38.46,2429
38.60,2428
38.73,2427
38.93,2426
38.99,2425
39.40,2424
39.45,2423
39.51,2422
39.58,2421
39.64,2420
39.79,2419
39.88,2418
