0.08,4940
0.08,4939
0.08,4938
0.08,4937
0.08,4936
0.08,4935
0.08,4934
0.08,4933
0.08,4932
0.08,4931
0.08,4930
0.08,4929
0.08,4928
0.08,4927
0.08,4926
0.08,4925
0.08,4924
0.08,4923
0.08,4922
0.08,4921
0.08,4920
0.08,4919
0.08,4918
0.08,4917
0.08,4916
0.08,4915
0.08,4914
0.08,4913
0.08,4912
0.08,4911
0.08,4910
0.08,4909
0.08,4908
0.08,4907
0.08,4906
0.08,4905
0.09,4904
0.09,4903
0.09,4902
0.09,4901
0.09,4900
0.09,4899
0.09,4898
0.09,4897
0.09,4896
0.09,4895
0.09,4894
0.09,4893
0.09,4892
0.09,4891
0.09,4890
0.09,4889
0.09,4888
0.09,4887
0.09,4886
0.09,4885
0.09,4884
0.09,4883
0.09,4882
0.09,4881
0.09,4880
0.09,4879
0.09,4878
0.09,4877
0.09,4876
0.09,4875
0.09,4874
0.09,4873
0.09,4872
0.09,4871
0.09,4870
0.09,4869
0.09,4868
0.09,4867
0.09,4866
0.09,4865
0.09,4864
0.09,4863
0.10,4862
0.10,4861
0.10,4860
0.10,4859
0.10,4858
0.10,4857
0.10,4856
0.10,4855
0.10,4854
0.10,4853
0.10,4852
0.10,4851
0.10,4850
0.10,4849
0.10,4848
0.10,4847
0.10,4846
0.10,4845
0.10,4844
0.10,4843
0.10,4842
0.10,4841
0.10,4840
0.10,4839
0.10,4838
0.10,4837
0.10,4836
0.10,4835
0.10,4834
0.10,4833
0.10,4832
0.10,4831
0.11,4830
0.11,4829
0.11,4828
0.11,4827
0.11,4826
0.11,4825
0.11,4824
0.11,4823
0.11,4822
0.11,4821
0.11,4820
0.11,4819
0.11,4818
0.11,4817
0.11,4816
0.11,4815
0.11,4814
0.11,4813
0.11,4812
0.11,4811
0.11,4810
0.11,4809
0.11,4808
0.11,4807
0.11,4806
0.11,4805
0.11,4804
0.11,4803
0.11,4802
0.11,4801
0.11,4800
0.11,4799
0.11,4798
0.11,4797
0.11,4796
0.11,4795
0.11,4794
0.12,4793
0.12,4792
0.12,4791
0.12,4790
0.12,4789
0.12,4788
0.12,4787
0.12,4786
0.12,4785
0.12,4784
0.12,4783
0.12,4782
0.12,4781
0.12,4780
0.12,4779
0.12,4778
0.12,4777
0.12,4776
0.12,4775
0.12,4774
0.12,4773
0.12,4772
0.12,4771
0.12,4770
0.12,4769
0.12,4768
0.12,4767
0.12,4766
0.12,4765
0.12,4764
0.12,4763
0.13,4762
0.13,4761
0.13,4760
0.13,4759
0.13,4758
0.13,4757
0.13,4756
0.13,4755
0.13,4754
0.13,4753
0.13,4752
0.13,4751
0.13,4750
0.13,4749
0.13,4748
0.13,4747
0.13,4746
0.13,4745
0.13,4744
0.13,4743
0.13,4742
0.13,4741
0.13,4740
0.13,4739
0.13,4738
0.13,4737
0.13,4736
0.13,4735
0.13,4734
0.13,4733
0.13,4732
0.13,4731
0.13,4730
0.13,4729
0.13,4728
0.14,4727
0.14,4726
0.14,4725
0.14,4724
0.14,4723
0.14,4722
0.14,4721
0.14,4720
0.14,4719
0.14,4718
0.14,4717
0.14,4716
0.14,4715
0.14,4714
0.14,4713
0.14,4712
0.14,4711
0.14,4710
0.14,4709
0.14,4708
0.14,4707
0.14,4706
0.14,4705
0.14,4704
0.14,4703
0.14,4702
0.14,4701
0.14,4700
0.14,4699
0.14,4698
0.14,4697
0.14,4696
0.14,4695
0.14,4694
0.14,4693
0.14,4692
0.14,4691
0.14,4690
0.14,4689
0.14,4688
0.14,4687
0.14,4686
0.14,4685
0.14,4684
0.14,4683
0.14,4682
0.14,4681
0.14,4680
0.15,4679
0.15,4678
0.15,4677
0.15,4676
0.15,4675
0.15,4674
0.15,4673
0.15,4672
0.15,4671
0.15,4670
0.15,4669
0.15,4668
0.15,4667
0.15,4666
0.15,4665
0.15,4664
0.15,4663
0.15,4662
0.15,4661
0.15,4660
0.15,4659
0.15,4658
0.15,4657
0.15,4656
0.15,4655
0.15,4654
0.15,4653
0.15,4652
0.15,4651
0.16,4650
0.16,4649
0.16,4648
0.16,4647
0.16,4646
0.16,4645
0.16,4644
0.16,4643
0.16,4642
0.16,4641
0.16,4640
0.16,4639
0.16,4638
0.16,4637
0.16,4636
0.16,4635
0.16,4634
0.16,4633
0.16,4632
0.16,4631
0.16,4630
0.16,4629
0.16,4628
0.16,4627
0.16,4626
0.16,4625
0.16,4624
0.16,4623
0.17,4622
0.17,4621
0.17,4620
0.17,4619
0.17,4618
0.17,4617
0.17,4616
0.17,4615
0.17,4614
0.17,4613
0.17,4612
0.17,4611
0.17,4610
0.17,4609
0.17,4608
0.17,4607
0.17,4606
0.17,4605
0.17,4604
0.17,4603
0.17,4602
0.17,4601
0.17,4600
0.17,4599
0.18,4598
0.18,4597
0.18,4596
0.18,4595
0.18,4594
0.18,4593
0.18,4592
0.18,4591
0.18,4590
0.18,4589
0.18,4588
0.18,4587
0.18,4586
0.18,4585
0.18,4584
0.18,4583
0.18,4582
0.18,4581
0.18,4580
0.18,4579
0.18,4578
0.18,4577
0.18,4576
0.19,4575
0.19,4574
0.19,4573
0.19,4572
0.19,4571
0.19,4570
0.19,4569
0.19,4568
0.19,4567
0.19,4566
0.19,4565
0.19,4564
0.19,4563
0.19,4562
0.19,4561
0.19,4560
0.19,4559
0.19,4558
0.19,4557
0.19,4556
0.19,4555
0.19,4554
0.19,4553
0.19,4552
0.19,4551
0.19,4550
0.19,4549
0.20,4548
0.20,4547
0.20,4546
0.20,4545
0.20,4544
0.20,4543
0.20,4542
0.20,4541
0.20,4540
0.20,4539
0.20,4538
0.20,4537
0.20,4536
0.20,4535
0.20,4534
0.20,4533
0.20,4532
0.20,4531
0.20,4530
0.20,4529
0.20,4528
0.21,4527
0.21,4526
0.21,4525
0.21,4524
0.21,4523
0.21,4522
0.21,4521
0.21,4520
0.21,4519
0.21,4518
0.21,4517
0.21,4516
0.21,4515
0.21,4514
0.21,4513
0.21,4512
0.21,4511
0.21,4510
0.21,4509
0.21,4508
0.21,4507
0.21,4506
0.21,4505
0.21,4504
0.21,4503
0.21,4502
0.21,4501
0.22,4500
0.22,4499
0.22,4498
0.22,4497
0.22,4496
0.22,4495
0.22,4494
0.22,4493
0.22,4492
0.22,4491
0.22,4490
0.22,4489
0.22,4488
0.22,4487
0.22,4486
0.22,4485
0.22,4484
0.23,4483
0.23,4482
0.23,4481
0.23,4480
0.23,4479
0.23,4478
0.23,4477
0.23,4476
0.23,4475
0.23,4474
0.23,4473
0.23,4472
0.23,4471
0.23,4470
0.23,4469
0.23,4468
0.23,4467
0.23,4466
0.23,4465
0.24,4464
0.24,4463
0.24,4462
0.24,4461
0.24,4460
0.24,4459
0.24,4458
0.24,4457
0.24,4456
0.24,4455
0.24,4454
0.25,4453
0.25,4452
0.25,4451
0.25,4450
0.25,4449
0.25,4448
0.25,4447
0.25,4446
0.25,4445
0.25,4444
0.25,4443
0.25,4442
0.25,4441
0.25,4440
0.25,4439
0.25,4438
0.25,4437
0.25,4436
0.25,4435
0.25,4434
0.26,4433
0.26,4432
0.26,4431
0.26,4430
0.26,4429
0.26,4428
0.26,4427
0.26,4426
0.26,4425
0.26,4424
0.26,4423
0.26,4422
0.26,4421
0.26,4420
0.26,4419
0.27,4418
0.27,4417
0.27,4416
0.27,4415
0.27,4414
0.27,4413
0.27,4412
0.27,4411
0.27,4410
0.27,4409
0.27,4408
0.27,4407
0.27,4406
0.27,4405
0.27,4404
0.27,4403
0.27,4402
0.27,4401
0.27,4400
0.27,4399
0.27,4398
0.27,4397
0.27,4396
0.27,4395
0.27,4394
0.27,4393
0.27,4392
0.28,4391
0.28,4390
0.28,4389
0.28,4388
0.28,4387
0.28,4386
0.28,4385
0.28,4384
0.28,4383
0.28,4382
0.28,4381
0.28,4380
0.28,4379
0.28,4378
0.28,4377
0.28,4376
0.28,4375
0.28,4374
0.28,4373
0.28,4372
0.28,4371
0.28,4370
0.28,4369
0.28,4368
0.28,4367
0.28,4366
0.28,4365
0.28,4364
0.28,4363
0.29,4362
0.29,4361
0.29,4360
0.29,4359
0.29,4358
0.29,4357
0.29,4356
0.29,4355
0.29,4354
0.29,4353
0.29,4352
0.29,4351
0.29,4350
0.29,4349
0.29,4348
0.30,4347
0.30,4346
0.30,4345
0.30,4344
0.30,4343
0.30,4342
0.30,4341
0.30,4340
0.30,4339
0.30,4338
0.30,4337
0.30,4336
0.30,4335
0.30,4334
0.30,4333
0.30,4332
0.30,4331
0.30,4330
0.30,4329
0.30,4328
0.30,4327
0.30,4326
0.30,4325
0.30,4324
0.30,4323
0.31,4322
0.31,4321
0.31,4320
0.31,4319
0.31,4318
0.31,4317
0.31,4316
0.31,4315
0.31,4314
0.31,4313
0.32,4312
0.32,4311
0.32,4310
0.33,4309
0.33,4308
0.33,4307
0.33,4306
0.33,4305
0.33,4304
0.33,4303
0.33,4302
0.33,4301
0.33,4300
0.33,4299
0.33,4298
0.33,4297
0.33,4296
0.33,4295
0.33,4294
0.33,4293
0.33,4292
0.33,4291
0.33,4290
0.33,4289
0.33,4288
0.33,4287
0.33,4286
0.33,4285
0.33,4284
0.33,4283
0.33,4282
0.34,4281
0.34,4280
0.34,4279
0.34,4278
0.34,4277
0.34,4276
0.34,4275
0.34,4274
0.34,4273
0.34,4272
0.34,4271
0.34,4270
0.34,4269
0.35,4268
0.35,4267
0.35,4266
0.35,4265
0.35,4264
0.35,4263
0.35,4262
0.35,4261
0.35,4260
0.35,4259
0.35,4258
0.35,4257
0.35,4256
0.35,4255
0.35,4254
0.35,4253
0.35,4252
0.35,4251
0.35,4250
0.35,4249
0.35,4248
0.35,4247
0.35,4246
0.35,4245
0.35,4244
0.35,4243
0.36,4242
0.38,4241
0.39,4240
0.39,4239
0.39,4238
0.39,4237
0.39,4236
0.39,4235
0.39,4234
0.39,4233
0.40,4232
0.40,4231
0.40,4230
0.40,4229
0.40,4228
0.40,4227
0.40,4226
0.40,4225
0.40,4224
0.40,4223
0.40,4222
0.40,4221
0.40,4220
0.40,4219
0.40,4218
0.40,4217
0.41,4216
0.41,4215
0.41,4214
0.41,4213
0.41,4212
0.41,4211
0.41,4210
0.41,4209
0.42,4208
0.42,4207
0.42,4206
0.42,4205
0.43,4204
0.43,4203
0.43,4202
0.43,4201
0.43,4200
0.43,4199
0.43,4198
0.44,4197
0.44,4196
0.44,4195
0.44,4194
0.44,4193
0.44,4192
0.45,4191
0.45,4190
0.45,4189
0.45,4188
0.45,4187
0.45,4186
0.45,4185
0.45,4184
0.45,4183
0.45,4182
0.45,4181
0.45,4180
0.46,4179
0.46,4178
0.46,4177
0.46,4176
0.46,4175
0.47,4174
0.47,4173
0.47,4172
0.47,4171
0.47,4170
0.48,4169
0.48,4168
0.48,4167
0.48,4166
0.48,4165
0.48,4164
0.48,4163
0.48,4162
0.48,4161
0.48,4160
0.48,4159
0.48,4158
0.48,4157
0.48,4156
0.48,4155
0.48,4154
0.48,4153
0.48,4152
0.48,4151
0.48,4150
0.48,4149
0.49,4148
0.49,4147
0.49,4146
0.49,4145
0.49,4144
0.49,4143
0.49,4142
0.49,4141
0.49,4140
0.50,4139
0.50,4138
0.51,4137
0.51,4136
0.51,4135
0.51,4134
0.51,4133
0.51,4132
0.51,4131
0.51,4130
0.51,4129
0.51,4128
0.51,4127
0.52,4126
0.52,4125
0.52,4124
0.52,4123
0.52,4122
0.52,4121
0.52,4120
0.52,4119
0.52,4118
0.53,4117
0.53,4116
0.53,4115
0.53,4114
0.53,4113
0.53,4112
0.53,4111
0.53,4110
0.53,4109
0.53,4108
0.53,4107
0.53,4106
0.54,4105
0.54,4104
0.54,4103
0.54,4102
0.54,4101
0.55,4100
0.55,4099
0.55,4098
0.55,4097
0.55,4096
0.55,4095
0.55,4094
0.55,4093
0.55,4092
0.55,4091
0.58,4090
0.58,4089
0.58,4088
0.58,4087
0.58,4086
0.58,4085
0.58,4084
0.58,4083
0.58,4082
0.59,4081
0.59,4080
0.59,4079
0.59,4078
0.59,4077
0.59,4076
0.59,4075
0.59,4074
0.59,4073
0.60,4072
0.60,4071
0.60,4070
0.60,4069
0.60,4068
0.60,4067
0.60,4066
0.60,4065
0.60,4064
0.61,4063
0.61,4062
0.61,4061
0.61,4060
0.61,4059
0.61,4058
0.61,4057
0.63,4056
0.65,4055
0.65,4054
0.65,4053
0.65,4052
0.66,4051
0.66,4050
0.66,4049
0.66,4048
0.66,4047
0.66,4046
0.66,4045
0.66,4044
0.66,4043
0.66,4042
0.66,4041
0.66,4040
0.66,4039
0.66,4038
0.66,4037
0.66,4036
0.66,4035
0.67,4034
0.67,4033
0.67,4032
0.67,4031
0.67,4030
0.68,4029
0.68,4028
0.68,4027
0.68,4026
0.68,4025
0.69,4024
0.69,4023
0.69,4022
0.69,4021
0.69,4020
0.69,4019
0.69,4018
0.69,4017
0.69,4016
0.69,4015
0.69,4014
0.69,4013
0.69,4012
0.69,4011
0.70,4010
0.70,4009
0.70,4008
0.70,4007
0.70,4006
0.70,4005
0.71,4004
0.71,4003
0.71,4002
0.71,4001
0.71,4000
0.71,3999
0.71,3998
0.71,3997
0.71,3996
0.71,3995
0.71,3994
0.71,3993
0.72,3992
0.72,3991
0.72,3990
0.72,3989
0.72,3988
0.72,3987
0.72,3986
0.72,3985
0.72,3984
0.72,3983
0.72,3982
0.73,3981
0.73,3980
0.73,3979
0.73,3978
0.73,3977
0.73,3976
0.76,3975
0.76,3974
0.76,3973
0.76,3972
0.76,3971
0.76,3970
0.76,3969
0.78,3968
0.81,3967
0.81,3966
0.83,3965
0.83,3964
0.87,3963
0.87,3962
0.91,3961
0.91,3960
0.91,3959
0.92,3958
0.99,3957
0.99,3956
0.99,3955
0.99,3954
0.99,3953
0.99,3952
0.99,3951
1.00,3950
1.00,3949
1.00,3948
1.00,3947
1.00,3946
1.01,3945
1.01,3944
1.02,3943
1.02,3942
1.02,3941
1.04,3940
1.04,3939
1.05,3938
1.05,3937
1.05,3936
1.05,3935
1.05,3934
1.06,3933
1.06,3932
1.06,3931
1.06,3930
1.07,3929
1.09,3928
1.09,3927
1.09,3926
1.09,3925
1.09,3924
1.10,3923
1.10,3922
1.10,3921
1.10,3920
1.10,3919
1.10,3918
1.11,3917
1.11,3916
1.11,3915
1.11,3914
1.11,3913
1.11,3912
1.11,3911
1.12,3910
1.12,3909
1.12,3908
1.12,3907
1.12,3906
1.12,3905
1.12,3904
1.14,3903
1.14,3902
1.14,3901
1.14,3900
1.14,3899
1.14,3898
1.14,3897
1.14,3896
1.14,3895
1.14,3894
1.14,3893
1.14,3892
1.14,3891
1.14,3890
1.14,3889
1.17,3888
1.17,3887
1.17,3886
1.17,3885
1.17,3884
1.17,3883
1.17,3882
1.17,3881
1.17,3880
1.17,3879
1.17,3878
1.17,3877
1.18,3876
1.18,3875
1.18,3874
1.19,3873
1.19,3872
1.19,3871
1.19,3870
1.19,3869
1.19,3868
1.19,3867
1.19,3866
1.19,3865
1.20,3864
1.20,3863
1.22,3862
1.22,3861
1.22,3860
1.22,3859
1.22,3858
1.23,3857
1.23,3856
1.23,3855
1.23,3854
1.23,3853
1.23,3852
1.23,3851
1.23,3850
1.23,3849
1.23,3848
1.24,3847
1.24,3846
1.24,3845
1.24,3844
1.24,3843
1.24,3842
1.24,3841
1.25,3840
1.25,3839
1.25,3838
1.25,3837
1.26,3836
1.26,3835
1.26,3834
1.28,3833
1.28,3832
1.28,3831
1.28,3830
1.28,3829
1.28,3828
1.28,3827
1.29,3826
1.29,3825
1.29,3824
1.29,3823
1.29,3822
1.29,3821
1.30,3820
1.30,3819
1.30,3818
1.30,3817
1.30,3816
1.30,3815
1.30,3814
1.30,3813
1.31,3812
1.31,3811
1.34,3810
1.34,3809
1.35,3808
1.35,3807
1.35,3806
1.35,3805
1.35,3804
1.35,3803
1.35,3802
1.35,3801
1.36,3800
1.36,3799
1.36,3798
1.36,3797
1.36,3796
1.37,3795
1.38,3794
1.38,3793
1.38,3792
1.38,3791
1.38,3790
1.38,3789
1.38,3788
1.38,3787
1.38,3786
1.38,3785
1.38,3784
1.38,3783
1.38,3782
1.38,3781
1.38,3780
1.39,3779
1.39,3778
1.39,3777
1.39,3776
1.40,3775
1.41,3774
1.41,3773
1.41,3772
1.41,3771
1.41,3770
1.42,3769
1.42,3768
1.42,3767
1.43,3766
1.43,3765
1.43,3764
1.43,3763
1.43,3762
1.43,3761
1.43,3760
1.47,3759
1.47,3758
1.48,3757
1.48,3756
1.48,3755
1.60,3754
1.60,3753
1.61,3752
1.62,3751
1.62,3750
1.62,3749
1.62,3748
1.62,3747
1.62,3746
1.64,3745
1.65,3744
1.65,3743
1.65,3742
1.65,3741
1.66,3740
1.66,3739
1.66,3738
1.66,3737
1.67,3736
1.67,3735
1.67,3734
1.68,3733
1.68,3732
1.68,3731
1.68,3730
1.68,3729
1.69,3728
1.69,3727
1.69,3726
1.69,3725
1.69,3724
1.69,3723
1.70,3722
1.70,3721
1.70,3720
1.71,3719
1.71,3718
1.71,3717
1.71,3716
1.71,3715
1.71,3714
1.71,3713
1.71,3712
1.71,3711
1.71,3710
1.71,3709
1.71,3708
1.73,3707
1.73,3706
1.74,3705
1.74,3704
1.74,3703
1.74,3702
1.74,3701
1.80,3700
1.80,3699
3.00,3698
3.03,3697
3.03,3696
3.03,3695
3.03,3694
3.03,3693
3.03,3692
3.03,3691
3.16,3690
3.16,3689
3.16,3688
3.17,3687
3.17,3686
3.17,3685
3.17,3684
3.25,3683
3.25,3682
3.25,3681
3.26,3680
3.26,3679
3.26,3678
3.26,3677
3.32,3676
3.32,3675
3.33,3674
3.33,3673
3.33,3672
3.33,3671
3.33,3670
3.33,3669
3.33,3668
3.34,3667
3.34,3666
3.34,3665
3.34,3664
8.67,3663
8.67,3662
8.78,3661
8.78,3660
8.78,3659
8.78,3658
8.78,3657
8.78,3656
8.79,3655
8.79,3654
8.79,3653
8.79,3652
8.79,3651
8.79,3650
8.79,3649
8.79,3648
8.96,3647
8.96,3646
8.97,3645
8.97,3644
8.97,3643
8.97,3642
8.97,3641
8.97,3640
8.97,3639
8.97,3638
8.97,3637
8.98,3636
8.98,3635
8.98,3634
8.98,3633
8.98,3632
8.98,3631
9.00,3630
9.00,3629
9.00,3628
9.00,3627
9.00,3626
9.01,3625
9.01,3624
9.02,3623
9.02,3622
9.02,3621
9.02,3620
9.02,3619
9.02,3618
9.36,3617
9.36,3616
9.37,3615
9.37,3614
9.37,3613
9.37,3612
9.37,3611
9.37,3610
9.37,3609
9.56,3608
9.56,3607
9.58,3606
9.58,3605
9.59,3604
12.09,3603
12.09,3602
12.10,3601
12.10,3600
12.10,3599
12.10,3598
12.10,3597
12.10,3596
12.11,3595
12.11,3594
12.11,3593
12.13,3592
13.67,3591
13.68,3590
13.68,3589
13.68,3588
13.79,3587
13.91,3586
13.91,3585
13.95,3584
13.95,3583
13.95,3582
14.04,3581
14.04,3580
14.05,3579
14.05,3578
14.05,3577
14.05,3576
14.05,3575
14.05,3574
14.05,3573
14.05,3572
14.05,3571
14.06,3570
14.06,3569
14.06,3568
14.06,3567
14.06,3566
14.06,3565
14.27,3564
14.45,3563
14.46,3562
14.54,3561
14.56,3560
14.56,3559
14.56,3558
14.56,3557
14.63,3556
14.63,3555
14.65,3554
14.65,3553
14.65,3552
14.65,3551
14.65,3550
14.66,3549
14.66,3548
14.66,3547
14.66,3546
14.66,3545
14.66,3544
14.66,3543
14.70,3542
14.70,3541
14.70,3540
14.70,3539
14.70,3538
14.70,3537
14.71,3536
15.31,3535
15.32,3534
15.32,3533
15.32,3532
15.32,3531
15.33,3530
15.33,3529
15.33,3528
15.33,3527
15.36,3526
15.36,3525
15.36,3524
15.37,3523
15.37,3522
15.37,3521
15.37,3520
15.38,3519
15.38,3518
15.38,3517
15.38,3516
15.39,3515
15.39,3514
15.39,3513
15.41,3512
15.41,3511
15.41,3510
15.41,3509
15.41,3508
15.43,3507
15.51,3506
15.51,3505
15.51,3504
15.53,3503
15.54,3502
15.54,3501
15.54,3500
15.54,3499
15.54,3498
15.54,3497
15.54,3496
15.55,3495
15.55,3494
15.55,3493
15.55,3492
15.55,3491
15.57,3490
15.62,3489
15.62,3488
15.62,3487
15.63,3486
15.63,3485
15.63,3484
15.63,3483
15.63,3482
15.63,3481
16.97,3480
16.99,3479
16.99,3478
16.99,3477
17.01,3476
17.01,3475
17.01,3474
17.02,3473
17.02,3472
17.03,3471
17.03,3470
17.03,3469
17.05,3468
17.05,3467
17.05,3466
17.06,3465
17.06,3464
17.06,3463
17.06,3462
17.06,3461
17.06,3460
17.06,3459
17.07,3458
17.07,3457
17.11,3456
17.11,3455
17.14,3454
17.14,3453
17.14,3452
17.14,3451
17.15,3450
17.15,3449
17.15,3448
17.15,3447
17.16,3446
17.17,3445
17.17,3444
17.17,3443
17.17,3442
17.17,3441
17.18,3440
17.18,3439
17.18,3438
17.18,3437
17.18,3436
17.19,3435
17.19,3434
17.19,3433
17.19,3432
17.20,3431
17.20,3430
17.22,3429
17.22,3428
17.23,3427
17.29,3426
17.29,3425
17.29,3424
17.30,3423
17.30,3422
17.30,3421
17.30,3420
17.54,3419
17.54,3418
17.56,3417
17.59,3416
17.59,3415
17.60,3414
17.61,3413
17.61,3412
17.61,3411
17.61,3410
17.61,3409
17.61,3408
17.61,3407
17.61,3406
17.61,3405
17.61,3404
17.63,3403
17.63,3402
17.63,3401
17.63,3400
17.64,3399
17.64,3398
17.64,3397
17.68,3396
17.69,3395
17.69,3394
17.69,3393
17.69,3392
17.71,3391
17.71,3390
17.72,3389
17.72,3388
17.72,3387
17.72,3386
17.72,3385
17.72,3384
17.72,3383
17.72,3382
17.72,3381
17.96,3380
17.96,3379
17.96,3378
17.96,3377
17.96,3376
17.97,3375
17.97,3374
17.97,3373
17.97,3372
17.97,3371
17.98,3370
17.98,3369
17.98,3368
17.98,3367
17.98,3366
17.98,3365
17.98,3364
17.98,3363
17.98,3362
17.99,3361
17.99,3360
17.99,3359
18.01,3358
18.41,3357
18.41,3356
18.41,3355
18.41,3354
18.42,3353
18.48,3352
18.51,3351
18.52,3350
18.52,3349
18.52,3348
18.52,3347
18.52,3346
18.52,3345
18.53,3344
18.53,3343
18.53,3342
18.53,3341
18.53,3340
18.53,3339
18.58,3338
18.58,3337
18.58,3336
18.58,3335
18.58,3334
18.59,3333
18.59,3332
18.66,3331
18.66,3330
18.66,3329
18.66,3328
18.66,3327
18.66,3326
18.66,3325
18.66,3324
18.66,3323
18.66,3322
18.66,3321
18.66,3320
18.66,3319
18.67,3318
18.67,3317
18.67,3316
18.67,3315
18.68,3314
18.68,3313
18.68,3312
18.68,3311
18.68,3310
18.69,3309
18.69,3308
18.69,3307
18.72,3306
18.85,3305
18.85,3304
18.87,3303
18.87,3302
18.92,3301
18.92,3300
18.92,3299
18.92,3298
18.92,3297
18.92,3296
18.93,3295
18.93,3294
18.95,3293
18.95,3292
18.95,3291
18.95,3290
18.95,3289
18.95,3288
18.95,3287
19.03,3286
19.03,3285
19.03,3284
19.06,3283
19.06,3282
19.06,3281
19.06,3280
19.09,3279
19.09,3278
19.09,3277
19.09,3276
19.09,3275
19.09,3274
19.09,3273
19.09,3272
19.09,3271
19.10,3270
19.11,3269
19.19,3268
19.20,3267
19.20,3266
19.20,3265
19.20,3264
19.20,3263
19.20,3262
19.20,3261
19.20,3260
19.20,3259
19.20,3258
19.20,3257
19.20,3256
19.20,3255
19.20,3254
19.25,3253
19.25,3252
19.25,3251
19.25,3250
19.25,3249
19.26,3248
19.27,3247
19.27,3246
19.27,3245
19.27,3244
19.28,3243
19.28,3242
19.29,3241
19.31,3240
19.31,3239
19.31,3238
19.31,3237
19.31,3236
19.31,3235
19.33,3234
19.44,3233
19.44,3232
19.44,3231
19.44,3230
19.51,3229
19.51,3228
19.51,3227
19.78,3226
19.78,3225
19.79,3224
19.79,3223
19.79,3222
19.79,3221
19.79,3220
19.90,3219
19.90,3218
19.90,3217
19.90,3216
19.90,3215
19.90,3214
19.90,3213
19.90,3212
19.90,3211
19.91,3210
19.92,3209
19.92,3208
19.94,3207
19.94,3206
20.04,3205
20.08,3204
20.08,3203
20.08,3202
20.09,3201
20.09,3200
20.09,3199
20.09,3198
20.09,3197
20.10,3196
20.10,3195
20.10,3194
20.10,3193
20.10,3192
20.10,3191
20.10,3190
20.29,3189
20.30,3188
20.30,3187
20.30,3186
20.30,3185
20.30,3184
20.30,3183
20.30,3182
20.30,3181
20.30,3180
20.30,3179
20.31,3178
20.31,3177
20.31,3176
20.32,3175
20.54,3174
20.54,3173
20.54,3172
20.60,3171
20.60,3170
20.75,3169
20.75,3168
20.75,3167
20.75,3166
20.75,3165
20.75,3164
20.76,3163
20.77,3162
20.77,3161
20.86,3160
20.87,3159
20.87,3158
20.87,3157
20.87,3156
20.88,3155
20.88,3154
20.88,3153
20.88,3152
20.88,3151
20.88,3150
20.88,3149
20.88,3148
20.88,3147
20.88,3146
20.97,3145
20.97,3144
20.97,3143
20.98,3142
20.98,3141
20.98,3140
20.99,3139
20.99,3138
20.99,3137
20.99,3136
21.00,3135
21.00,3134
21.00,3133
21.05,3132
21.05,3131
21.06,3130
21.06,3129
21.06,3128
21.06,3127
21.06,3126
21.06,3125
21.06,3124
21.06,3123
21.06,3122
21.18,3121
21.19,3120
21.19,3119
21.19,3118
21.19,3117
21.19,3116
21.22,3115
21.22,3114
21.22,3113
21.22,3112
21.22,3111
21.22,3110
21.24,3109
21.25,3108
21.25,3107
21.25,3106
21.36,3105
21.36,3104
21.37,3103
21.42,3102
21.45,3101
21.45,3100
21.48,3099
21.48,3098
21.48,3097
21.48,3096
21.49,3095
21.49,3094
21.49,3093
21.49,3092
21.49,3091
21.49,3090
21.51,3089
21.51,3088
21.51,3087
21.54,3086
21.55,3085
21.55,3084
21.63,3083
21.63,3082
21.63,3081
21.63,3080
21.64,3079
21.64,3078
21.64,3077
21.64,3076
21.64,3075
21.66,3074
21.66,3073
21.66,3072
21.66,3071
21.66,3070
21.69,3069
21.69,3068
21.69,3067
21.69,3066
21.75,3065
21.75,3064
21.97,3063
21.98,3062
21.98,3061
21.98,3060
22.00,3059
22.00,3058
22.00,3057
22.00,3056
22.00,3055
22.00,3054
22.00,3053
22.05,3052
22.06,3051
22.06,3050
22.09,3049
22.09,3048
22.14,3047
22.15,3046
22.15,3045
22.16,3044
22.16,3043
22.16,3042
22.27,3041
22.27,3040
22.27,3039
22.27,3038
22.27,3037
22.27,3036
22.28,3035
22.28,3034
22.29,3033
22.30,3032
22.30,3031
22.30,3030
22.30,3029
22.30,3028
22.30,3027
22.30,3026
22.31,3025
22.32,3024
22.43,3023
22.43,3022
22.43,3021
22.43,3020
22.45,3019
22.46,3018
22.46,3017
22.46,3016
22.47,3015
22.47,3014
22.50,3013
22.50,3012
22.51,3011
22.51,3010
22.51,3009
22.66,3008
22.67,3007
22.67,3006
22.67,3005
22.67,3004
22.69,3003
22.70,3002
22.73,3001
22.75,3000
22.75,2999
22.75,2998
22.78,2997
22.78,2996
22.78,2995
22.79,2994
22.79,2993
22.80,2992
22.80,2991
22.80,2990
22.80,2989
22.80,2988
22.80,2987
22.80,2986
22.81,2985
22.81,2984
22.81,2983
22.82,2982
22.82,2981
22.82,2980
22.82,2979
22.82,2978
22.82,2977
22.82,2976
22.83,2975
22.83,2974
22.83,2973
22.83,2972
22.83,2971
22.83,2970
22.83,2969
22.83,2968
22.83,2967
22.83,2966
22.83,2965
22.83,2964
22.84,2963
22.85,2962
22.85,2961
22.86,2960
22.86,2959
22.86,2958
22.87,2957
22.87,2956
22.96,2955
22.96,2954
22.96,2953
22.96,2952
22.96,2951
22.96,2950
22.96,2949
22.96,2948
22.97,2947
22.97,2946
22.97,2945
22.97,2944
22.97,2943
23.07,2942
23.07,2941
23.08,2940
23.09,2939
23.09,2938
23.10,2937
23.10,2936
23.12,2935
23.15,2934
23.15,2933
23.15,2932
23.16,2931
23.16,2930
23.16,2929
23.16,2928
23.26,2927
23.26,2926
23.26,2925
23.26,2924
23.26,2923
23.26,2922
23.27,2921
23.27,2920
23.27,2919
23.27,2918
23.27,2917
23.37,2916
23.38,2915
23.38,2914
23.40,2913
23.41,2912
23.41,2911
23.42,2910
23.42,2909
23.42,2908
23.43,2907
24.15,2906
24.15,2905
24.15,2904
24.16,2903
24.25,2902
24.25,2901
24.25,2900
24.28,2899
24.28,2898
24.40,2897
24.40,2896
24.40,2895
24.41,2894
24.41,2893
24.41,2892
24.41,2891
24.42,2890
24.42,2889
24.42,2888
24.42,2887
24.43,2886
24.43,2885
24.43,2884
24.43,2883
24.43,2882
24.43,2881
24.43,2880
24.43,2879
24.43,2878
24.45,2877
24.46,2876
24.48,2875
24.48,2874
24.50,2873
24.51,2872
24.51,2871
24.51,2870
24.53,2869
24.53,2868
24.53,2867
24.53,2866
24.53,2865
24.53,2864
24.54,2863
24.54,2862
24.82,2861
24.82,2860
24.84,2859
24.84,2858
24.84,2857
24.84,2856
24.84,2855
24.89,2854
24.89,2853
24.90,2852
24.90,2851
24.93,2850
24.93,2849
24.94,2848
24.94,2847
24.94,2846
25.03,2845
25.03,2844
25.03,2843
25.03,2842
25.05,2841
25.06,2840
25.08,2839
25.08,2838
25.08,2837
25.08,2836
25.08,2835
25.13,2834
25.13,2833
25.13,2832
25.13,2831
25.13,2830
25.14,2829
25.15,2828
25.15,2827
25.22,2826
25.22,2825
25.22,2824
25.23,2823
25.23,2822
25.25,2821
25.25,2820
25.25,2819
25.26,2818
25.26,2817
25.27,2816
25.37,2815
25.38,2814
25.39,2813
25.40,2812
25.40,2811
25.41,2810
25.41,2809
25.41,2808
25.45,2807
25.45,2806
25.45,2805
25.45,2804
25.45,2803
25.45,2802
25.45,2801
25.45,2800
25.45,2799
25.47,2798
25.48,2797
25.48,2796
25.48,2795
25.48,2794
25.48,2793
25.48,2792
25.48,2791
25.48,2790
25.68,2789
25.72,2788
25.72,2787
25.72,2786
25.72,2785
25.72,2784
25.73,2783
25.73,2782
25.73,2781
25.73,2780
25.74,2779
25.74,2778
25.75,2777
25.75,2776
25.75,2775
25.75,2774
25.85,2773
25.86,2772
25.87,2771
25.87,2770
25.94,2769
25.94,2768
25.94,2767
25.96,2766
25.96,2765
25.96,2764
25.98,2763
25.98,2762
26.11,2761
26.11,2760
26.16,2759
26.16,2758
26.17,2757
26.17,2756
26.17,2755
26.18,2754
26.18,2753
26.18,2752
26.18,2751
26.20,2750
26.20,2749
26.20,2748
26.20,2747
26.21,2746
26.25,2745
26.25,2744
26.25,2743
26.26,2742
26.26,2741
26.27,2740
26.27,2739
26.27,2738
26.28,2737
26.31,2736
26.31,2735
26.31,2734
26.31,2733
26.31,2732
26.31,2731
26.31,2730
26.31,2729
26.36,2728
26.36,2727
26.37,2726
26.37,2725
26.40,2724
26.43,2723
26.43,2722
26.48,2721
26.48,2720
26.48,2719
26.48,2718
26.48,2717
26.49,2716
26.49,2715
26.49,2714
26.49,2713
26.49,2712
26.49,2711
26.49,2710
26.50,2709
26.51,2708
26.51,2707
26.53,2706
26.53,2705
26.53,2704
26.54,2703
26.56,2702
26.56,2701
26.56,2700
26.56,2699
26.56,2698
26.56,2697
26.56,2696
26.56,2695
26.56,2694
26.65,2693
26.65,2692
26.65,2691
26.66,2690
26.69,2689
26.69,2688
26.69,2687
26.73,2686
26.73,2685
26.76,2684
26.76,2683
26.76,2682
26.80,2681
26.80,2680
26.81,2679
26.81,2678
26.81,2677
26.81,2676
26.82,2675
26.82,2674
26.84,2673
26.84,2672
26.85,2671
26.85,2670
26.86,2669
26.87,2668
26.87,2667
26.88,2666
26.90,2665
26.90,2664
26.90,2663
26.91,2662
26.91,2661
26.92,2660
26.92,2659
26.94,2658
26.94,2657
26.94,2656
26.95,2655
26.96,2654
27.03,2653
27.03,2652
27.04,2651
27.04,2650
27.05,2649
27.06,2648
27.06,2647
27.58,2646
27.58,2645
27.58,2644
27.58,2643
27.58,2642
27.58,2641
27.59,2640
27.59,2639
27.59,2638
27.59,2637
27.60,2636
27.60,2635
27.60,2634
27.62,2633
27.63,2632
27.66,2631
27.66,2630
27.67,2629
27.68,2628
27.68,2627
27.71,2626
27.71,2625
27.71,2624
27.71,2623
27.72,2622
27.74,2621
27.74,2620
27.74,2619
27.76,2618
27.78,2617
27.78,2616
27.78,2615
27.79,2614
27.79,2613
27.79,2612
27.79,2611
27.79,2610
28.05,2609
28.05,2608
28.06,2607
28.09,2606
28.10,2605
28.14,2604
28.15,2603
28.15,2602
28.16,2601
28.16,2600
28.16,2599
28.16,2598
28.52,2597
28.53,2596
28.53,2595
28.67,2594
28.67,2593
28.67,2592
28.67,2591
28.67,2590
28.96,2589
28.97,2588
28.97,2587
28.97,2586
28.98,2585
28.98,2584
28.98,2583
29.02,2582
29.06,2581
29.06,2580
29.06,2579
29.06,2578
29.07,2577
29.08,2576
29.09,2575
29.09,2574
29.20,2573
29.20,2572
29.20,2571
29.20,2570
29.20,2569
29.21,2568
29.21,2567
29.22,2566
29.22,2565
29.22,2564
29.29,2563
29.29,2562
29.30,2561
29.30,2560
29.31,2559
29.32,2558
29.33,2557
29.34,2556
29.39,2555
29.40,2554
29.40,2553
29.40,2552
29.40,2551
29.41,2550
29.41,2549
29.42,2548
29.42,2547
29.42,2546
29.43,2545
29.43,2544
29.43,2543
29.43,2542
29.47,2541
29.48,2540
29.48,2539
29.49,2538
29.55,2537
29.63,2536
29.63,2535
29.63,2534
29.64,2533
29.64,2532
29.83,2531
29.83,2530
29.83,2529
29.83,2528
29.87,2527
29.87,2526
29.88,2525
29.88,2524
29.88,2523
29.88,2522
29.89,2521
29.89,2520
29.90,2519
29.94,2518
29.94,2517
30.00,2516
30.00,2515
30.01,2514
30.02,2513
30.02,2512
30.02,2511
30.69,2510
30.69,2509
30.78,2508
30.78,2507
30.78,2506
30.78,2505
30.79,2504
30.79,2503
30.84,2502
30.85,2501
30.85,2500
30.85,2499
31.27,2498
31.27,2497
31.28,2496
31.29,2495
31.32,2494
31.32,2493
31.33,2492
31.36,2491
31.36,2490
31.37,2489
31.37,2488
31.37,2487
31.37,2486
31.44,2485
31.47,2484
31.47,2483
31.47,2482
31.47,2481
31.48,2480
31.66,2479
31.66,2478
31.79,2477
31.80,2476
31.80,2475
31.80,2474
31.81,2473
31.81,2472
31.82,2471
31.82,2470
31.83,2469
31.83,2468
31.85,2467
31.86,2466
31.86,2465
31.86,2464
31.86,2463
31.87,2462
31.87,2461
32.12,2460
32.12,2459
32.12,2458
32.14,2457
32.14,2456
32.14,2455
32.14,2454
32.14,2453
32.15,2452
32.16,2451
32.21,2450
32.21,2449
32.22,2448
32.22,2447
32.36,2446
32.36,2445
32.53,2444
32.73,2443
32.73,2442
32.75,2441
32.77,2440
32.77,2439
33.02,2438
33.03,2437
33.59,2436
33.59,2435
33.60,2434
33.61,2433
33.75,2432
33.77,2431
33.78,2430
34.00,2429
34.10,2428
34.10,2427
34.10,2426
34.79,2425
34.80,2424
34.81,2423
34.81,2422
34.83,2421
34.83,2420
34.84,2419
34.87,2418
36.01,2417
36.01,2416
36.02,2415
36.26,2414
36.45,2413
36.46,2412
36.47,2411
36.48,2410
36.48,2409
36.48,2408
36.48,2407
37.01,2406
37.01,2405
37.03,2404
37.03,2403
37.03,2402
37.04,2401
37.05,2400
37.05,2399
37.07,2398
37.08,2397
37.10,2396
37.11,2395
37.11,2394
37.27,2393
37.28,2392
37.29,2391
37.29,2390
37.29,2389
37.29,2388
37.30,2387
37.40,2386
37.41,2385
37.50,2384
37.50,2383
37.59,2382
37.61,2381
37.71,2380
37.72,2379
37.75,2378
38.70,2377
38.70,2376
38.74,2375
38.74,2374
38.76,2373
38.76,2372
38.92,2371
38.92,2370
39.01,2369
39.09,2368
39.10,2367
39.10,2366
39.11,2365
39.16,2364
39.18,2363
39.81,2362
39.82,2361
39.83,2360
39.84,2359
39.85,2358
39.86,2357
39.86,2356
39.91,2355
39.92,2354
39.92,2353
40.13,2352
43.21,2351
43.52,2350
43.53,2349
43.54,2348
43.60,2347
43.65,2346
43.65,2345
43.91,2344
44.01,2343
44.40,2342
44.42,2341
44.57,2340
44.58,2339
45.41,2338
46.22,2337
46.23,2336
46.23,2335
46.25,2334
46.26,2333
48.43,2332
48.45,2331
48.45,2330
48.45,2329
48.45,2328
48.46,2327
50.57,2326
50.59,2325
50.70,2324
50.72,2323
50.74,2322
55.28,2321
59.27,2320
59.35,2319
59.36,2318
59.36,2317
59.43,2316
59.51,2315
59.52,2314
59.54,2313
59.54,2312
62.93,2311
70.41,2310
70.53,2309
70.56,2308
70.57,2307
70.57,2306
74.42,2305
75.39,2304
78.20,2303
80.12,2302
84.90,2301
87.49,2300
88.26,2299
92.53,2298
97.64,2297
98.98,2296
99.06,2295
102.32,2294
106.11,2293
107.30,2292
110.15,2291
128.44,2290
155.02,2289
157.67,2288
161.73,2287
161.90,2286
166.39,2285
166.48,2284
178.59,2283
196.22,2282
220.36,2281
221.03,2280
221.06,2279
264.97,2278
268.34,2277
301.98,2276
310.10,2275
504.08,2274
