0.08,4940
0.09,4939
0.09,4938
0.09,4937
0.09,4936
0.09,4935
0.09,4934
0.09,4933
0.09,4932
0.09,4931
0.09,4930
0.09,4929
0.09,4928
0.09,4927
0.09,4926
0.09,4925
0.09,4924
0.09,4923
0.09,4922
0.09,4921
0.09,4920
0.09,4919
0.09,4918
0.09,4917
0.09,4916
0.09,4915
0.09,4914
0.09,4913
0.09,4912
0.09,4911
0.09,4910
0.09,4909
0.09,4908
0.09,4907
0.09,4906
0.09,4905
0.09,4904
0.09,4903
0.09,4902
0.09,4901
0.09,4900
0.09,4899
0.09,4898
0.09,4897
0.09,4896
0.09,4895
0.10,4894
0.10,4893
0.10,4892
0.10,4891
0.10,4890
0.10,4889
0.10,4888
0.10,4887
0.10,4886
0.10,4885
0.10,4884
0.10,4883
0.10,4882
0.10,4881
0.10,4880
0.10,4879
0.10,4878
0.10,4877
0.10,4876
0.10,4875
0.10,4874
0.10,4873
0.10,4872
0.10,4871
0.10,4870
0.10,4869
0.10,4868
0.10,4867
0.10,4866
0.10,4865
0.10,4864
0.10,4863
0.11,4862
0.11,4861
0.11,4860
0.11,4859
0.11,4858
0.11,4857
0.11,4856
0.11,4855
0.11,4854
0.11,4853
0.11,4852
0.11,4851
0.11,4850
0.11,4849
0.11,4848
0.11,4847
0.11,4846
0.11,4845
0.11,4844
0.11,4843
0.11,4842
0.11,4841
0.11,4840
0.11,4839
0.11,4838
0.11,4837
0.11,4836
0.11,4835
0.11,4834
0.11,4833
0.11,4832
0.11,4831
0.12,4830
0.12,4829
0.12,4828
0.12,4827
0.12,4826
0.12,4825
0.12,4824
0.12,4823
0.12,4822
0.12,4821
0.12,4820
0.12,4819
0.12,4818
0.12,4817
0.12,4816
0.12,4815
0.12,4814
0.12,4813
0.12,4812
0.12,4811
0.12,4810
0.12,4809
0.12,4808
0.13,4807
0.13,4806
0.13,4805
0.13,4804
0.13,4803
0.13,4802
0.13,4801
0.13,4800
0.13,4799
0.13,4798
0.13,4797
0.13,4796
0.13,4795
0.13,4794
0.13,4793
0.13,4792
0.13,4791
0.14,4790
0.14,4789
0.14,4788
0.14,4787
0.14,4786
0.14,4785
0.14,4784
0.14,4783
0.14,4782
0.14,4781
0.14,4780
0.14,4779
0.14,4778
0.14,4777
0.14,4776
0.14,4775
0.14,4774
0.14,4773
0.14,4772
0.14,4771
0.14,4770
0.14,4769
0.14,4768
0.14,4767
0.14,4766
0.14,4765
0.14,4764
0.14,4763
0.14,4762
0.14,4761
0.15,4760
0.15,4759
0.15,4758
0.15,4757
0.15,4756
0.15,4755
0.15,4754
0.15,4753
0.15,4752
0.15,4751
0.15,4750
0.15,4749
0.15,4748
0.15,4747
0.15,4746
0.15,4745
0.15,4744
0.15,4743
0.15,4742
0.15,4741
0.15,4740
0.15,4739
0.15,4738
0.15,4737
0.15,4736
0.15,4735
0.15,4734
0.15,4733
0.15,4732
0.15,4731
0.16,4730
0.16,4729
0.16,4728
0.16,4727
0.16,4726
0.16,4725
0.16,4724
0.16,4723
0.16,4722
0.16,4721
0.16,4720
0.16,4719
0.16,4718
0.16,4717
0.16,4716
0.16,4715
0.16,4714
0.17,4713
0.17,4712
0.17,4711
0.17,4710
0.17,4709
0.17,4708
0.17,4707
0.17,4706
0.17,4705
0.17,4704
0.17,4703
0.17,4702
0.17,4701
0.17,4700
0.17,4699
0.18,4698
0.18,4697
0.18,4696
0.18,4695
0.18,4694
0.18,4693
0.18,4692
0.18,4691
0.18,4690
0.18,4689
0.18,4688
0.18,4687
0.18,4686
0.18,4685
0.18,4684
0.18,4683
0.18,4682
0.18,4681
0.18,4680
0.18,4679
0.18,4678
0.19,4677
0.19,4676
0.19,4675
0.19,4674
0.19,4673
0.19,4672
0.19,4671
0.19,4670
0.19,4669
0.19,4668
0.19,4667
0.19,4666
0.19,4665
0.19,4664
0.19,4663
0.19,4662
0.19,4661
0.19,4660
0.19,4659
0.19,4658
0.19,4657
0.19,4656
0.19,4655
0.19,4654
0.19,4653
0.19,4652
0.19,4651
0.19,4650
0.19,4649
0.19,4648
0.19,4647
0.19,4646
0.19,4645
0.19,4644
0.19,4643
0.19,4642
0.19,4641
0.19,4640
0.20,4639
0.20,4638
0.20,4637
0.20,4636
0.20,4635
0.20,4634
0.20,4633
0.20,4632
0.20,4631
0.20,4630
0.20,4629
0.20,4628
0.20,4627
0.20,4626
0.20,4625
0.20,4624
0.20,4623
0.20,4622
0.20,4621
0.20,4620
0.20,4619
0.20,4618
0.20,4617
0.20,4616
0.20,4615
0.20,4614
0.21,4613
0.21,4612
0.21,4611
0.21,4610
0.21,4609
0.21,4608
0.21,4607
0.21,4606
0.21,4605
0.21,4604
0.21,4603
0.21,4602
0.21,4601
0.21,4600
0.21,4599
0.22,4598
0.22,4597
0.22,4596
0.22,4595
0.22,4594
0.22,4593
0.22,4592
0.22,4591
0.22,4590
0.23,4589
0.23,4588
0.23,4587
0.23,4586
0.23,4585
0.23,4584
0.23,4583
0.23,4582
0.23,4581
0.23,4580
0.23,4579
0.23,4578
0.23,4577
0.23,4576
0.23,4575
0.23,4574
0.23,4573
0.23,4572
0.23,4571
0.23,4570
0.23,4569
0.23,4568
0.23,4567
0.23,4566
0.23,4565
0.23,4564
0.23,4563
0.24,4562
0.24,4561
0.24,4560
0.24,4559
0.24,4558
0.24,4557
0.24,4556
0.24,4555
0.24,4554
0.24,4553
0.24,4552
0.24,4551
0.24,4550
0.24,4549
0.24,4548
0.24,4547
0.24,4546
0.24,4545
0.24,4544
0.25,4543
0.25,4542
0.25,4541
0.25,4540
0.25,4539
0.25,4538
0.25,4537
0.25,4536
0.25,4535
0.25,4534
0.25,4533
0.25,4532
0.25,4531
0.25,4530
0.25,4529
0.25,4528
0.25,4527
0.25,4526
0.25,4525
0.25,4524
0.25,4523
0.25,4522
0.25,4521
0.25,4520
0.25,4519
0.25,4518
0.25,4517
0.25,4516
0.25,4515
0.25,4514
0.25,4513
0.25,4512
0.26,4511
0.26,4510
0.26,4509
0.26,4508
0.26,4507
0.26,4506
0.26,4505
0.26,4504
0.26,4503
0.26,4502
0.27,4501
0.27,4500
0.27,4499
0.27,4498
0.27,4497
0.27,4496
0.27,4495
0.27,4494
0.27,4493
0.27,4492
0.27,4491
0.27,4490
0.27,4489
0.27,4488
0.27,4487
0.27,4486
0.28,4485
0.28,4484
0.28,4483
0.28,4482
0.28,4481
0.28,4480
0.28,4479
0.28,4478
0.28,4477
0.29,4476
0.29,4475
0.29,4474
0.29,4473
0.29,4472
0.30,4471
0.30,4470
0.30,4469
0.30,4468
0.30,4467
0.30,4466
0.30,4465
0.30,4464
0.30,4463
0.30,4462
0.30,4461
0.31,4460
0.31,4459
0.31,4458
0.31,4457
0.31,4456
0.31,4455
0.31,4454
0.31,4453
0.31,4452
0.31,4451
0.31,4450
0.31,4449
0.31,4448
0.31,4447
0.31,4446
0.31,4445
0.31,4444
0.31,4443
0.31,4442
0.31,4441
0.31,4440
0.31,4439
0.31,4438
0.32,4437
0.32,4436
0.32,4435
0.32,4434
0.32,4433
0.32,4432
0.32,4431
0.32,4430
0.32,4429
0.32,4428
0.32,4427
0.32,4426
0.32,4425
0.32,4424
0.32,4423
0.32,4422
0.32,4421
0.33,4420
0.33,4419
0.33,4418
0.33,4417
0.33,4416
0.33,4415
0.33,4414
0.33,4413
0.33,4412
0.34,4411
0.34,4410
0.34,4409
0.34,4408
0.34,4407
0.34,4406
0.34,4405
0.34,4404
0.34,4403
0.34,4402
0.34,4401
0.34,4400
0.34,4399
0.34,4398
0.35,4397
0.35,4396
0.35,4395
0.35,4394
0.35,4393
0.35,4392
0.35,4391
0.35,4390
0.35,4389
0.35,4388
0.36,4387
0.36,4386
0.36,4385
0.36,4384
0.36,4383
0.36,4382
0.36,4381
0.36,4380
0.36,4379
0.36,4378
0.36,4377
0.36,4376
0.37,4375
0.37,4374
0.37,4373
0.37,4372
0.37,4371
0.37,4370
0.37,4369
0.37,4368
0.37,4367
0.37,4366
0.37,4365
0.37,4364
0.38,4363
0.38,4362
0.38,4361
0.38,4360
0.38,4359
0.38,4358
0.38,4357
0.38,4356
0.38,4355
0.38,4354
0.38,4353
0.38,4352
0.38,4351
0.38,4350
0.38,4349
0.38,4348
0.38,4347
0.38,4346
0.38,4345
0.38,4344
0.38,4343
0.38,4342
0.38,4341
0.39,4340
0.39,4339
0.39,4338
0.39,4337
0.39,4336
0.39,4335
0.39,4334
0.39,4333
0.39,4332
0.39,4331
0.39,4330
0.39,4329
0.39,4328
0.40,4327
0.40,4326
0.40,4325
0.40,4324
0.41,4323
0.41,4322
0.41,4321
0.41,4320
0.42,4319
0.43,4318
0.43,4317
0.43,4316
0.43,4315
0.43,4314
0.43,4313
0.43,4312
0.43,4311
0.43,4310
0.44,4309
0.44,4308
0.44,4307
0.44,4306
0.44,4305
0.44,4304
0.44,4303
0.44,4302
0.44,4301
0.44,4300
0.44,4299
0.44,4298
0.44,4297
0.44,4296
0.45,4295
0.45,4294
0.45,4293
0.45,4292
0.45,4291
0.45,4290
0.45,4289
0.45,4288
0.45,4287
0.45,4286
0.45,4285
0.46,4284
0.46,4283
0.46,4282
0.46,4281
0.46,4280
0.46,4279
0.46,4278
0.46,4277
0.46,4276
0.46,4275
0.46,4274
0.46,4273
0.46,4272
0.46,4271
0.46,4270
0.46,4269
0.47,4268
0.47,4267
0.47,4266
0.47,4265
0.47,4264
0.47,4263
0.47,4262
0.47,4261
0.47,4260
0.47,4259
0.47,4258
0.47,4257
0.47,4256
0.47,4255
0.47,4254
0.47,4253
0.47,4252
0.47,4251
0.47,4250
0.47,4249
0.48,4248
0.48,4247
0.48,4246
0.48,4245
0.48,4244
0.48,4243
0.48,4242
0.49,4241
0.49,4240
0.49,4239
0.49,4238
0.51,4237
0.52,4236
0.52,4235
0.52,4234
0.52,4233
0.52,4232
0.52,4231
0.52,4230
0.52,4229
0.52,4228
0.52,4227
0.52,4226
0.52,4225
0.52,4224
0.52,4223
0.52,4222
0.52,4221
0.52,4220
0.52,4219
0.52,4218
0.52,4217
0.53,4216
0.53,4215
0.53,4214
0.53,4213
0.53,4212
0.53,4211
0.53,4210
0.53,4209
0.53,4208
0.53,4207
0.54,4206
0.54,4205
0.54,4204
0.54,4203
0.54,4202
0.54,4201
0.54,4200
0.54,4199
0.54,4198
0.54,4197
0.54,4196
0.55,4195
0.55,4194
0.55,4193
0.55,4192
0.55,4191
0.56,4190
0.56,4189
0.56,4188
0.56,4187
0.56,4186
0.56,4185
0.56,4184
0.56,4183
0.56,4182
0.56,4181
0.56,4180
0.56,4179
0.56,4178
0.56,4177
0.56,4176
0.56,4175
0.56,4174
0.56,4173
0.56,4172
0.56,4171
0.56,4170
0.57,4169
0.57,4168
0.57,4167
0.57,4166
0.57,4165
0.57,4164
0.57,4163
0.57,4162
0.57,4161
0.57,4160
0.57,4159
0.58,4158
0.58,4157
0.58,4156
0.58,4155
0.58,4154
0.58,4153
0.58,4152
0.58,4151
0.58,4150
0.58,4149
0.58,4148
0.60,4147
0.60,4146
0.60,4145
0.60,4144
0.60,4143
0.60,4142
0.60,4141
0.60,4140
0.60,4139
0.60,4138
0.60,4137
0.60,4136
0.60,4135
0.60,4134
0.60,4133
0.60,4132
0.61,4131
0.61,4130
0.61,4129
0.62,4128
0.62,4127
0.62,4126
0.62,4125
0.62,4124
0.62,4123
0.62,4122
0.62,4121
0.62,4120
0.62,4119
0.62,4118
0.62,4117
0.62,4116
0.62,4115
0.62,4114
0.62,4113
0.62,4112
0.62,4111
0.62,4110
0.62,4109
0.62,4108
0.62,4107
0.63,4106
0.63,4105
0.63,4104
0.63,4103
0.63,4102
0.63,4101
0.63,4100
0.63,4099
0.66,4098
0.66,4097
0.66,4096
0.66,4095
0.66,4094
0.66,4093
0.67,4092
0.67,4091
0.67,4090
0.67,4089
0.67,4088
0.67,4087
0.67,4086
0.67,4085
0.67,4084
0.67,4083
0.68,4082
0.68,4081
0.68,4080
0.68,4079
0.68,4078
0.68,4077
0.68,4076
0.68,4075
0.68,4074
0.68,4073
0.68,4072
0.68,4071
0.68,4070
0.68,4069
0.69,4068
0.69,4067
0.69,4066
0.69,4065
0.70,4064
0.70,4063
0.70,4062
0.70,4061
0.70,4060
0.70,4059
0.70,4058
0.70,4057
0.71,4056
0.71,4055
0.71,4054
0.71,4053
0.71,4052
0.71,4051
0.71,4050
0.71,4049
0.72,4048
0.72,4047
0.72,4046
0.73,4045
0.73,4044
0.73,4043
0.73,4042
0.73,4041
0.74,4040
0.75,4039
0.75,4038
0.75,4037
0.75,4036
0.76,4035
0.76,4034
0.76,4033
0.76,4032
0.76,4031
0.76,4030
0.76,4029
0.76,4028
0.78,4027
0.78,4026
0.78,4025
0.78,4024
0.79,4023
0.79,4022
0.79,4021
0.79,4020
0.79,4019
0.79,4018
0.79,4017
0.79,4016
0.81,4015
0.81,4014
0.81,4013
0.81,4012
0.81,4011
0.81,4010
0.81,4009
0.81,4008
0.81,4007
0.81,4006
0.81,4005
0.81,4004
0.81,4003
0.81,4002
0.81,4001
0.81,4000
0.81,3999
0.82,3998
0.82,3997
0.82,3996
0.82,3995
0.82,3994
0.82,3993
0.82,3992
0.82,3991
0.82,3990
0.82,3989
0.83,3988
0.83,3987
0.83,3986
0.83,3985
0.83,3984
0.83,3983
0.83,3982
0.83,3981
0.83,3980
0.84,3979
0.84,3978
0.84,3977
0.84,3976
0.84,3975
0.84,3974
0.84,3973
0.84,3972
0.85,3971
0.85,3970
0.85,3969
0.85,3968
0.85,3967
0.85,3966
0.85,3965
0.85,3964
0.85,3963
0.85,3962
0.88,3961
0.88,3960
0.88,3959
0.88,3958
0.88,3957
0.88,3956
0.88,3955
0.88,3954
0.89,3953
0.89,3952
0.89,3951
0.93,3950
0.93,3949
0.93,3948
0.93,3947
0.93,3946
0.94,3945
0.94,3944
0.94,3943
0.94,3942
0.94,3941
0.94,3940
0.94,3939
0.94,3938
0.94,3937
0.94,3936
0.94,3935
0.95,3934
0.95,3933
0.96,3932
0.96,3931
1.01,3930
1.01,3929
1.04,3928
1.04,3927
1.04,3926
1.04,3925
1.04,3924
1.04,3923
1.04,3922
1.05,3921
1.05,3920
1.05,3919
1.05,3918
1.05,3917
1.05,3916
1.05,3915
1.05,3914
1.06,3913
1.06,3912
1.06,3911
1.06,3910
1.06,3909
1.06,3908
1.06,3907
1.06,3906
1.06,3905
1.06,3904
1.06,3903
1.10,3902
1.10,3901
1.10,3900
1.10,3899
1.10,3898
1.10,3897
1.10,3896
1.10,3895
1.11,3894
1.11,3893
1.11,3892
1.11,3891
1.11,3890
1.13,3889
1.14,3888
1.14,3887
1.16,3886
1.18,3885
1.18,3884
1.18,3883
1.18,3882
1.18,3881
1.18,3880
1.18,3879
1.18,3878
1.18,3877
1.18,3876
1.20,3875
1.20,3874
1.20,3873
1.20,3872
1.21,3871
1.21,3870
1.21,3869
1.21,3868
1.21,3867
1.21,3866
1.21,3865
1.21,3864
1.21,3863
1.21,3862
1.21,3861
1.21,3860
1.21,3859
1.26,3858
1.26,3857
1.26,3856
1.27,3855
1.27,3854
1.29,3853
1.29,3852
1.29,3851
1.30,3850
1.30,3849
1.30,3848
1.31,3847
1.31,3846
1.31,3845
1.31,3844
1.31,3843
1.31,3842
1.31,3841
1.32,3840
1.32,3839
1.32,3838
1.32,3837
1.33,3836
1.33,3835
1.33,3834
1.33,3833
1.33,3832
1.33,3831
1.33,3830
1.33,3829
1.33,3828
1.33,3827
1.33,3826
1.36,3825
1.39,3824
1.39,3823
1.39,3822
1.39,3821
1.39,3820
1.40,3819
1.40,3818
1.40,3817
1.40,3816
1.40,3815
1.40,3814
1.40,3813
1.40,3812
1.40,3811
1.40,3810
1.40,3809
1.40,3808
1.40,3807
1.40,3806
1.40,3805
1.40,3804
1.40,3803
1.43,3802
1.43,3801
1.43,3800
1.44,3799
1.46,3798
1.47,3797
1.47,3796
1.47,3795
1.49,3794
1.49,3793
1.49,3792
1.49,3791
1.49,3790
1.49,3789
1.49,3788
1.49,3787
1.49,3786
1.49,3785
1.49,3784
1.49,3783
1.49,3782
1.49,3781
1.50,3780
1.50,3779
1.50,3778
1.50,3777
1.50,3776
1.50,3775
1.50,3774
1.50,3773
1.50,3772
1.50,3771
1.61,3770
1.62,3769
1.66,3768
1.66,3767
1.67,3766
1.67,3765
1.67,3764
1.67,3763
1.67,3762
1.67,3761
1.67,3760
1.67,3759
1.67,3758
2.18,3757
2.19,3756
2.19,3755
2.19,3754
2.19,3753
2.19,3752
2.19,3751
2.19,3750
2.19,3749
2.19,3748
2.19,3747
2.19,3746
2.20,3745
2.20,3744
2.20,3743
2.20,3742
2.20,3741
2.20,3740
2.21,3739
2.21,3738
2.21,3737
2.21,3736
2.21,3735
2.21,3734
2.21,3733
2.21,3732
2.21,3731
2.22,3730
2.22,3729
2.23,3728
2.24,3727
2.24,3726
2.24,3725
2.24,3724
2.25,3723
2.25,3722
2.25,3721
2.25,3720
2.40,3719
2.40,3718
2.40,3717
2.40,3716
2.40,3715
2.40,3714
2.40,3713
2.46,3712
2.46,3711
2.46,3710
2.46,3709
2.47,3708
2.47,3707
2.47,3706
2.47,3705
2.54,3704
2.59,3703
2.60,3702
2.63,3701
2.64,3700
2.66,3699
2.66,3698
2.66,3697
2.73,3696
2.95,3695
2.97,3694
2.97,3693
2.97,3692
2.97,3691
3.00,3690
3.00,3689
4.63,3688
4.63,3687
4.65,3686
4.65,3685
4.66,3684
4.66,3683
4.67,3682
4.67,3681
4.67,3680
4.67,3679
4.68,3678
4.68,3677
4.96,3676
7.01,3675
7.03,3674
7.03,3673
7.03,3672
7.24,3671
7.24,3670
7.24,3669
7.24,3668
7.24,3667
7.24,3666
7.24,3665
7.24,3664
7.30,3663
8.35,3662
8.35,3661
8.36,3660
8.37,3659
8.43,3658
8.43,3657
8.43,3656
8.43,3655
8.43,3654
8.45,3653
8.45,3652
8.45,3651
8.45,3650
8.45,3649
8.45,3648
8.79,3647
9.37,3646
9.37,3645
9.37,3644
9.37,3643
9.37,3642
9.38,3641
9.39,3640
9.39,3639
11.06,3638
11.06,3637
11.19,3636
11.19,3635
11.30,3634
11.30,3633
11.37,3632
11.37,3631
11.37,3630
11.39,3629
11.39,3628
11.39,3627
11.39,3626
11.41,3625
11.41,3624
11.43,3623
11.43,3622
11.43,3621
11.43,3620
11.43,3619
11.43,3618
11.43,3617
11.43,3616
11.43,3615
11.43,3614
11.44,3613
11.44,3612
11.44,3611
11.44,3610
11.44,3609
11.44,3608
11.44,3607
11.73,3606
11.73,3605
11.73,3604
13.31,3603
13.31,3602
13.31,3601
13.31,3600
13.31,3599
13.31,3598
13.31,3597
13.31,3596
13.32,3595
13.85,3594
13.85,3593
13.85,3592
13.85,3591
13.85,3590
13.85,3589
13.85,3588
13.85,3587
13.89,3586
13.89,3585
13.89,3584
14.17,3583
14.17,3582
14.17,3581
14.72,3580
14.72,3579
14.72,3578
15.03,3577
15.03,3576
15.03,3575
15.03,3574
15.03,3573
15.03,3572
15.04,3571
15.04,3570
15.12,3569
15.15,3568
15.15,3567
15.17,3566
15.17,3565
15.17,3564
15.17,3563
15.19,3562
15.19,3561
15.20,3560
15.20,3559
15.20,3558
15.20,3557
15.20,3556
15.22,3555
15.22,3554
15.24,3553
15.24,3552
15.28,3551
15.29,3550
15.29,3549
15.29,3548
15.30,3547
15.52,3546
15.52,3545
15.53,3544
15.53,3543
15.67,3542
15.68,3541
15.68,3540
15.70,3539
15.70,3538
15.71,3537
15.71,3536
15.71,3535
15.76,3534
15.76,3533
15.76,3532
15.93,3531
15.93,3530
15.95,3529
15.95,3528
15.95,3527
15.96,3526
16.04,3525
16.04,3524
16.04,3523
16.07,3522
16.07,3521
16.07,3520
16.07,3519
16.07,3518
16.07,3517
16.07,3516
16.07,3515
16.10,3514
16.10,3513
16.10,3512
16.10,3511
16.11,3510
16.11,3509
16.11,3508
16.15,3507
16.16,3506
16.17,3505
16.17,3504
16.17,3503
16.17,3502
16.17,3501
16.18,3500
16.18,3499
16.18,3498
16.18,3497
16.23,3496
16.23,3495
16.23,3494
16.24,3493
16.25,3492
16.26,3491
16.26,3490
16.26,3489
16.26,3488
16.26,3487
16.26,3486
16.26,3485
16.27,3484
16.29,3483
16.29,3482
16.29,3481
16.29,3480
16.29,3479
16.34,3478
16.34,3477
16.35,3476
16.35,3475
16.35,3474
16.35,3473
16.35,3472
16.35,3471
16.37,3470
16.38,3469
16.38,3468
16.47,3467
16.66,3466
16.66,3465
16.66,3464
16.71,3463
16.71,3462
16.71,3461
16.71,3460
16.73,3459
16.96,3458
16.96,3457
16.96,3456
16.96,3455
16.96,3454
16.97,3453
16.97,3452
16.98,3451
16.98,3450
16.98,3449
17.02,3448
17.02,3447
17.02,3446
17.02,3445
17.03,3444
17.03,3443
17.03,3442
17.03,3441
17.03,3440
17.06,3439
17.08,3438
17.08,3437
17.08,3436
17.24,3435
17.24,3434
17.25,3433
17.25,3432
17.25,3431
17.27,3430
17.27,3429
17.27,3428
17.27,3427
17.27,3426
17.27,3425
17.27,3424
17.27,3423
17.65,3422
17.65,3421
17.66,3420
17.66,3419
17.66,3418
17.66,3417
17.67,3416
17.67,3415
17.67,3414
17.67,3413
17.67,3412
17.67,3411
17.68,3410
17.70,3409
17.70,3408
17.70,3407
17.71,3406
17.74,3405
17.74,3404
17.74,3403
17.74,3402
17.74,3401
17.74,3400
17.76,3399
17.76,3398
17.76,3397
17.76,3396
17.77,3395
17.77,3394
17.77,3393
17.77,3392
17.77,3391
17.77,3390
17.77,3389
17.77,3388
17.82,3387
17.83,3386
18.04,3385
18.18,3384
18.18,3383
18.18,3382
18.19,3381
18.20,3380
18.20,3379
18.22,3378
18.22,3377
18.22,3376
18.22,3375
18.22,3374
18.25,3373
18.26,3372
18.26,3371
18.26,3370
18.26,3369
18.26,3368
18.26,3367
18.26,3366
18.26,3365
18.27,3364
18.27,3363
18.27,3362
18.27,3361
18.27,3360
18.27,3359
18.28,3358
18.28,3357
18.28,3356
18.28,3355
18.29,3354
18.29,3353
18.29,3352
18.29,3351
18.30,3350
18.30,3349
18.30,3348
18.30,3347
18.31,3346
18.31,3345
18.31,3344
18.31,3343
18.31,3342
18.31,3341
18.31,3340
18.31,3339
18.31,3338
18.33,3337
18.36,3336
18.36,3335
18.36,3334
18.36,3333
18.36,3332
18.36,3331
18.36,3330
18.37,3329
18.37,3328
18.37,3327
18.54,3326
18.55,3325
18.85,3324
18.85,3323
18.85,3322
18.86,3321
18.86,3320
18.86,3319
18.87,3318
18.87,3317
18.87,3316
18.87,3315
18.87,3314
18.87,3313
18.87,3312
18.89,3311
19.11,3310
19.11,3309
19.11,3308
19.11,3307
19.12,3306
19.12,3305
19.13,3304
19.13,3303
19.13,3302
19.14,3301
19.14,3300
19.14,3299
19.15,3298
19.16,3297
19.16,3296
19.16,3295
19.16,3294
19.17,3293
19.17,3292
19.17,3291
19.17,3290
19.17,3289
19.17,3288
19.17,3287
19.17,3286
19.17,3285
19.18,3284
19.18,3283
19.18,3282
19.19,3281
19.20,3280
19.20,3279
19.20,3278
19.20,3277
19.20,3276
19.37,3275
19.59,3274
19.70,3273
19.70,3272
19.71,3271
19.71,3270
19.71,3269
19.72,3268
19.85,3267
19.85,3266
19.86,3265
19.88,3264
19.88,3263
19.89,3262
19.89,3261
19.89,3260
19.89,3259
19.89,3258
19.89,3257
19.90,3256
19.91,3255
19.91,3254
19.92,3253
20.34,3252
20.35,3251
20.35,3250
20.35,3249
20.36,3248
20.51,3247
20.51,3246
20.51,3245
20.51,3244
20.52,3243
20.52,3242
20.52,3241
20.52,3240
20.52,3239
20.53,3238
20.53,3237
20.53,3236
20.53,3235
20.57,3234
20.66,3233
20.66,3232
20.67,3231
20.67,3230
20.67,3229
20.67,3228
20.67,3227
20.67,3226
20.70,3225
20.70,3224
20.75,3223
20.76,3222
20.76,3221
20.76,3220
20.76,3219
20.76,3218
20.76,3217
20.76,3216
20.77,3215
20.77,3214
20.77,3213
20.77,3212
20.79,3211
20.79,3210
20.79,3209
20.80,3208
20.80,3207
20.80,3206
20.81,3205
20.81,3204
20.81,3203
20.81,3202
20.83,3201
20.84,3200
20.84,3199
20.84,3198
20.84,3197
20.86,3196
20.86,3195
20.86,3194
20.93,3193
20.93,3192
20.94,3191
20.95,3190
20.95,3189
20.95,3188
20.95,3187
20.95,3186
20.95,3185
20.97,3184
20.98,3183
20.98,3182
20.99,3181
21.00,3180
21.00,3179
21.12,3178
21.12,3177
21.12,3176
21.12,3175
21.12,3174
21.12,3173
21.12,3172
21.13,3171
21.15,3170
21.15,3169
21.16,3168
21.16,3167
21.17,3166
21.18,3165
21.18,3164
21.18,3163
21.18,3162
21.18,3161
21.19,3160
21.19,3159
21.23,3158
21.23,3157
21.23,3156
21.23,3155
21.25,3154
21.25,3153
21.25,3152
21.26,3151
21.26,3150
21.26,3149
21.26,3148
21.26,3147
21.27,3146
21.27,3145
21.28,3144
21.29,3143
21.34,3142
21.34,3141
21.34,3140
21.34,3139
21.34,3138
21.34,3137
21.34,3136
21.45,3135
21.45,3134
21.45,3133
21.47,3132
21.47,3131
21.48,3130
21.48,3129
21.55,3128
21.55,3127
21.56,3126
21.56,3125
21.56,3124
21.56,3123
21.56,3122
21.56,3121
21.57,3120
21.57,3119
21.62,3118
21.63,3117
21.63,3116
21.63,3115
21.63,3114
21.63,3113
21.63,3112
21.63,3111
21.65,3110
21.65,3109
21.65,3108
21.65,3107
21.71,3106
21.80,3105
21.82,3104
21.82,3103
21.82,3102
21.83,3101
21.83,3100
21.87,3099
21.91,3098
21.91,3097
21.91,3096
21.93,3095
21.94,3094
21.94,3093
21.95,3092
21.95,3091
21.95,3090
21.95,3089
22.06,3088
22.06,3087
22.06,3086
22.06,3085
22.08,3084
22.08,3083
22.08,3082
22.08,3081
22.08,3080
22.08,3079
22.09,3078
22.09,3077
22.09,3076
22.09,3075
22.09,3074
22.09,3073
22.11,3072
22.11,3071
22.11,3070
22.11,3069
22.16,3068
22.16,3067
22.22,3066
22.22,3065
22.23,3064
22.23,3063
22.24,3062
22.24,3061
22.24,3060
22.24,3059
22.24,3058
22.25,3057
22.25,3056
22.25,3055
22.25,3054
22.25,3053
22.25,3052
22.25,3051
22.25,3050
22.25,3049
22.25,3048
22.25,3047
22.25,3046
22.26,3045
22.26,3044
22.26,3043
22.26,3042
22.28,3041
22.67,3040
22.67,3039
22.67,3038
22.68,3037
22.68,3036
22.69,3035
22.70,3034
22.70,3033
22.70,3032
22.70,3031
22.70,3030
22.70,3029
22.70,3028
22.70,3027
22.93,3026
22.93,3025
22.93,3024
22.93,3023
22.93,3022
22.93,3021
22.94,3020
22.95,3019
22.95,3018
22.95,3017
22.95,3016
22.97,3015
22.98,3014
22.98,3013
22.98,3012
22.98,3011
22.99,3010
23.22,3009
23.22,3008
23.22,3007
23.22,3006
23.22,3005
23.22,3004
23.22,3003
23.22,3002
23.23,3001
23.23,3000
23.23,2999
23.23,2998
23.23,2997
23.23,2996
23.24,2995
23.26,2994
23.26,2993
23.27,2992
23.27,2991
23.32,2990
23.34,2989
23.39,2988
23.39,2987
23.41,2986
23.41,2985
23.43,2984
23.43,2983
23.43,2982
23.44,2981
23.44,2980
23.44,2979
23.44,2978
23.44,2977
23.44,2976
23.44,2975
23.45,2974
23.45,2973
23.46,2972
23.46,2971
23.46,2970
23.52,2969
23.52,2968
23.53,2967
23.53,2966
23.53,2965
23.54,2964
23.54,2963
23.55,2962
23.56,2961
23.56,2960
23.56,2959
23.57,2958
23.57,2957
23.60,2956
23.60,2955
23.60,2954
23.60,2953
23.60,2952
23.60,2951
23.60,2950
23.60,2949
23.60,2948
23.60,2947
23.62,2946
23.62,2945
23.74,2944
23.74,2943
23.74,2942
23.74,2941
23.75,2940
23.75,2939
23.75,2938
23.75,2937
23.75,2936
23.75,2935
23.75,2934
23.75,2933
23.80,2932
23.80,2931
23.80,2930
23.81,2929
23.84,2928
23.84,2927
23.84,2926
23.84,2925
23.99,2924
23.99,2923
23.99,2922
23.99,2921
24.06,2920
24.07,2919
24.09,2918
24.09,2917
24.11,2916
24.13,2915
24.33,2914
24.33,2913
24.33,2912
24.33,2911
24.46,2910
24.46,2909
24.46,2908
24.47,2907
24.49,2906
24.49,2905
24.50,2904
24.52,2903
24.55,2902
24.55,2901
24.56,2900
24.56,2899
24.56,2898
24.56,2897
24.57,2896
24.58,2895
24.58,2894
24.58,2893
24.58,2892
24.62,2891
24.62,2890
24.64,2889
24.64,2888
24.64,2887
24.65,2886
24.65,2885
24.65,2884
24.66,2883
24.67,2882
24.67,2881
24.69,2880
24.83,2879
24.83,2878
24.83,2877
24.83,2876
24.83,2875
24.84,2874
25.15,2873
25.15,2872
25.15,2871
25.15,2870
25.15,2869
25.15,2868
25.15,2867
25.17,2866
25.17,2865
25.17,2864
25.17,2863
25.17,2862
25.17,2861
25.18,2860
25.18,2859
25.18,2858
25.18,2857
25.18,2856
25.18,2855
25.18,2854
25.18,2853
25.18,2852
25.18,2851
25.19,2850
25.19,2849
25.21,2848
25.21,2847
25.21,2846
25.22,2845
25.22,2844
25.23,2843
25.24,2842
25.24,2841
25.24,2840
25.25,2839
25.25,2838
25.26,2837
25.26,2836
25.39,2835
25.40,2834
25.40,2833
25.40,2832
25.41,2831
25.41,2830
25.42,2829
25.42,2828
25.42,2827
25.42,2826
25.43,2825
25.43,2824
25.43,2823
25.43,2822
25.43,2821
25.43,2820
25.43,2819
25.44,2818
25.47,2817
25.48,2816
25.48,2815
25.49,2814
25.49,2813
25.51,2812
25.51,2811
25.51,2810
25.51,2809
25.51,2808
25.52,2807
25.52,2806
25.52,2805
25.52,2804
25.67,2803
25.68,2802
25.68,2801
25.69,2800
25.69,2799
25.70,2798
25.70,2797
25.70,2796
25.71,2795
25.71,2794
25.71,2793
25.71,2792
25.71,2791
25.71,2790
25.72,2789
25.72,2788
25.90,2787
25.90,2786
25.91,2785
25.93,2784
25.93,2783
25.93,2782
25.94,2781
25.94,2780
25.94,2779
25.94,2778
25.94,2777
25.94,2776
25.95,2775
25.95,2774
25.95,2773
25.95,2772
25.96,2771
25.97,2770
25.97,2769
26.03,2768
26.04,2767
26.04,2766
26.04,2765
26.04,2764
26.06,2763
26.06,2762
26.06,2761
26.09,2760
26.09,2759
26.09,2758
26.09,2757
26.10,2756
26.10,2755
26.10,2754
26.14,2753
26.26,2752
26.27,2751
26.27,2750
26.27,2749
26.28,2748
26.35,2747
26.35,2746
26.35,2745
26.42,2744
26.62,2743
26.62,2742
26.62,2741
26.63,2740
26.64,2739
26.64,2738
26.64,2737
26.64,2736
26.64,2735
26.64,2734
26.65,2733
26.66,2732
26.66,2731
26.67,2730
26.67,2729
26.67,2728
26.69,2727
26.69,2726
26.69,2725
26.72,2724
26.72,2723
26.72,2722
26.73,2721
26.73,2720
26.75,2719
26.75,2718
26.75,2717
26.76,2716
26.76,2715
26.76,2714
26.76,2713
26.76,2712
26.92,2711
26.92,2710
27.05,2709
27.05,2708
27.06,2707
27.06,2706
27.07,2705
27.07,2704
27.07,2703
27.07,2702
27.08,2701
27.08,2700
27.08,2699
27.09,2698
27.09,2697
27.09,2696
27.09,2695
27.13,2694
27.13,2693
27.46,2692
27.50,2691
27.50,2690
27.53,2689
27.56,2688
27.56,2687
27.56,2686
27.57,2685
27.57,2684
27.59,2683
27.60,2682
27.70,2681
27.73,2680
27.87,2679
27.87,2678
27.88,2677
27.90,2676
27.93,2675
27.94,2674
27.94,2673
27.94,2672
27.94,2671
27.94,2670
27.94,2669
27.94,2668
27.95,2667
27.95,2666
27.95,2665
28.22,2664
28.22,2663
28.22,2662
28.22,2661
28.24,2660
28.25,2659
28.25,2658
28.25,2657
28.26,2656
28.26,2655
28.26,2654
28.30,2653
28.30,2652
28.30,2651
28.30,2650
28.31,2649
28.31,2648
28.32,2647
28.32,2646
28.33,2645
28.33,2644
28.33,2643
28.33,2642
28.33,2641
28.34,2640
28.35,2639
28.36,2638
28.36,2637
28.36,2636
28.36,2635
28.43,2634
28.53,2633
28.53,2632
28.53,2631
28.54,2630
28.54,2629
28.54,2628
28.62,2627
28.63,2626
28.63,2625
28.63,2624
28.64,2623
28.64,2622
28.64,2621
28.65,2620
28.65,2619
28.66,2618
28.66,2617
28.66,2616
28.67,2615
28.67,2614
28.77,2613
28.77,2612
28.81,2611
28.81,2610
28.82,2609
28.82,2608
28.82,2607
28.82,2606
28.86,2605
28.86,2604
28.87,2603
28.88,2602
28.88,2601
28.88,2600
28.88,2599
28.88,2598
28.97,2597
29.01,2596
29.01,2595
29.02,2594
29.02,2593
29.02,2592
29.02,2591
29.07,2590
29.07,2589
29.07,2588
29.07,2587
29.13,2586
29.15,2585
29.15,2584
29.16,2583
29.16,2582
29.17,2581
29.17,2580
29.20,2579
29.20,2578
29.21,2577
29.22,2576
29.24,2575
29.24,2574
29.25,2573
29.25,2572
29.26,2571
29.28,2570
29.30,2569
29.30,2568
29.30,2567
29.72,2566
29.72,2565
29.73,2564
29.73,2563
29.73,2562
29.73,2561
29.73,2560
29.73,2559
29.74,2558
30.15,2557
30.16,2556
30.17,2555
30.19,2554
30.19,2553
30.19,2552
30.20,2551
30.20,2550
30.20,2549
30.21,2548
30.21,2547
30.21,2546
30.21,2545
30.21,2544
30.22,2543
30.26,2542
30.30,2541
30.42,2540
30.42,2539
30.43,2538
30.43,2537
30.44,2536
30.44,2535
30.44,2534
30.89,2533
30.90,2532
30.90,2531
30.90,2530
30.90,2529
30.91,2528
30.91,2527
31.11,2526
31.11,2525
31.11,2524
31.11,2523
31.12,2522
31.13,2521
31.13,2520
31.51,2519
31.54,2518
31.54,2517
31.55,2516
31.55,2515
31.55,2514
31.58,2513
31.58,2512
31.59,2511
31.65,2510
31.67,2509
31.68,2508
31.72,2507
31.72,2506
31.74,2505
31.74,2504
31.75,2503
31.75,2502
31.75,2501
31.75,2500
31.76,2499
31.76,2498
31.77,2497
32.04,2496
32.04,2495
32.05,2494
32.05,2493
32.05,2492
32.05,2491
32.06,2490
32.07,2489
32.07,2488
32.47,2487
32.49,2486
32.49,2485
32.52,2484
32.52,2483
32.57,2482
32.57,2481
32.58,2480
32.58,2479
32.58,2478
32.58,2477
32.59,2476
32.59,2475
32.59,2474
32.59,2473
32.60,2472
32.60,2471
32.81,2470
32.81,2469
32.81,2468
33.19,2467
33.19,2466
33.20,2465
33.21,2464
33.21,2463
33.21,2462
33.25,2461
33.25,2460
33.25,2459
33.25,2458
33.26,2457
33.26,2456
33.27,2455
33.27,2454
33.28,2453
33.28,2452
33.29,2451
33.29,2450
34.25,2449
34.25,2448
34.56,2447
34.56,2446
34.56,2445
34.57,2444
34.57,2443
34.73,2442
34.73,2441
34.76,2440
34.76,2439
34.81,2438
34.83,2437
34.84,2436
34.84,2435
34.84,2434
34.85,2433
34.87,2432
34.88,2431
34.88,2430
35.08,2429
35.09,2428
35.09,2427
35.09,2426
35.23,2425
35.29,2424
35.43,2423
36.08,2422
36.08,2421
36.09,2420
36.09,2419
36.20,2418
36.23,2417
36.23,2416
36.32,2415
36.33,2414
36.33,2413
36.34,2412
36.34,2411
36.34,2410
37.31,2409
37.31,2408
37.57,2407
37.57,2406
37.58,2405
37.58,2404
37.60,2403
37.61,2402
37.61,2401
37.63,2400
37.69,2399
37.69,2398
37.69,2397
37.69,2396
38.62,2395
38.63,2394
38.65,2393
38.65,2392
38.66,2391
38.67,2390
38.67,2389
38.70,2388
38.71,2387
39.02,2386
39.03,2385
39.04,2384
39.04,2383
39.99,2382
39.99,2381
40.02,2380
40.02,2379
40.08,2378
40.13,2377
40.43,2376
40.98,2375
40.99,2374
41.23,2373
41.29,2372
41.29,2371
41.33,2370
41.34,2369
41.34,2368
41.36,2367
41.37,2366
41.37,2365
41.38,2364
41.48,2363
41.48,2362
41.50,2361
41.61,2360
41.64,2359
41.64,2358
46.36,2357
46.36,2356
46.36,2355
46.39,2354
46.40,2353
46.41,2352
46.41,2351
46.41,2350
46.77,2349
46.80,2348
46.81,2347
46.81,2346
46.82,2345
46.84,2344
47.50,2343
48.46,2342
48.96,2341
48.98,2340
48.99,2339
48.99,2338
51.07,2337
51.10,2336
51.19,2335
51.22,2334
51.49,2333
51.51,2332
51.53,2331
51.53,2330
51.55,2329
51.55,2328
51.56,2327
56.84,2326
56.86,2325
57.25,2324
57.27,2323
57.28,2322
57.28,2321
57.29,2320
60.92,2319
65.06,2318
65.21,2317
65.23,2316
65.29,2315
65.37,2314
65.37,2313
68.76,2312
68.76,2311
68.77,2310
71.75,2309
73.92,2308
73.96,2307
74.16,2306
74.45,2305
74.92,2304
74.96,2303
75.04,2302
75.09,2301
87.44,2300
88.21,2299
89.09,2298
89.14,2297
97.95,2296
102.81,2295
110.26,2294
116.28,2293
123.01,2292
130.35,2291
140.54,2290
147.70,2289
153.37,2288
165.97,2287
165.98,2286
173.36,2285
173.47,2284
180.78,2283
192.57,2282
216.24,2281
323.48,2280
363.45,2279
396.32,2278
417.60,2277
439.39,2276
464.54,2275
