0.00,2875
0.10,2874
0.18,2873
0.24,2872
0.43,2871
0.47,2870
0.53,2869
0.55,2868
0.61,2867
0.66,2866
0.79,2865
0.92,2864
0.95,2863
1.00,2862
1.06,2861
1.12,2860
1.30,2859
1.37,2858
1.51,2857
1.66,2856
1.74,2855
1.90,2854
1.94,2853
1.99,2852
2.16,2851
2.20,2850
2.27,2849
2.39,2848
2.51,2847
2.54,2846
2.60,2845
2.64,2844
2.67,2843
2.80,2842
2.84,2841
2.90,2840
3.24,2839
3.27,2838
3.40,2837
3.44,2836
3.50,2835
3.58,2834
3.65,2833
3.78,2832
3.82,2831
3.85,2830
3.89,2829
3.93,2828
4.03,2827
4.29,2826
4.32,2825
4.35,2824
4.42,2823
4.51,2822
4.61,2821
4.65,2820
4.68,2819
4.75,2818
4.84,2817
4.88,2816
4.92,2815
4.97,2814
5.02,2813
5.12,2812
5.14,2811
5.18,2810
5.24,2809
5.27,2808
5.43,2807
5.46,2806
5.49,2805
5.53,2804
5.58,2803
5.64,2802
5.66,2801
5.69,2800
5.80,2799
5.91,2798
5.95,2797
6.03,2796
6.09,2795
6.11,2794
6.15,2793
6.19,2792
6.26,2791
6.28,2790
6.43,2789
6.50,2788
6.62,2787
6.69,2786
6.76,2785
6.85,2784
6.97,2783
7.00,2782
7.22,2781
7.32,2780
7.36,2779
7.41,2778
7.45,2777
7.53,2776
7.56,2775
7.64,2774
7.70,2773
7.87,2772
8.04,2771
8.16,2770
8.21,2769
8.30,2768
8.35,2767
8.45,2766
8.47,2765
8.55,2764
8.64,2763
8.69,2762
8.74,2761
8.91,2760
9.07,2759
9.25,2758
9.37,2757
9.48,2756
9.50,2755
9.76,2754
9.95,2753
10.05,2752
10.07,2751
10.18,2750
10.26,2749
10.34,2748
10.36,2747
10.43,2746
10.54,2745
10.59,2744
10.66,2743
10.70,2742
10.74,2741
10.80,2740
11.00,2739
11.09,2738
11.14,2737
11.24,2736
11.30,2735
11.35,2734
11.37,2733
11.50,2732
11.58,2731
11.68,2730
11.70,2729
11.77,2728
12.00,2727
12.23,2726
12.26,2725
12.41,2724
12.43,2723
12.48,2722
12.51,2721
12.64,2720
12.68,2719
12.74,2718
13.01,2717
13.21,2716
13.30,2715
13.47,2714
13.60,2713
13.69,2712
13.80,2711
13.92,2710
13.97,2709
14.11,2708
14.17,2707
14.26,2706
14.30,2705
14.33,2704
14.43,2703
14.56,2702
14.63,2701
14.66,2700
14.81,2699
14.91,2698
15.10,2697
15.35,2696
15.49,2695
16.02,2694
16.08,2693
16.28,2692
16.40,2691
16.53,2690
16.64,2689
16.96,2688
17.08,2687
17.39,2686
17.42,2685
17.57,2684
17.86,2683
17.92,2682
17.94,2681
17.97,2680
18.21,2679
18.42,2678
18.44,2677
18.60,2676
18.78,2675
19.17,2674
19.28,2673
19.37,2672
19.72,2671
19.86,2670
20.09,2669
20.24,2668
20.27,2667
20.32,2666
20.44,2665
20.49,2664
20.51,2663
20.57,2662
20.60,2661
20.62,2660
20.71,2659
20.82,2658
20.89,2657
21.06,2656
21.12,2655
21.19,2654
21.23,2653
21.54,2652
21.72,2651
21.82,2650
21.89,2649
21.94,2648
22.02,2647
22.04,2646
22.09,2645
22.12,2644
22.19,2643
22.25,2642
22.34,2641
22.42,2640
22.48,2639
22.59,2638
22.74,2637
22.77,2636
22.79,2635
22.88,2634
22.98,2633
23.00,2632
23.03,2631
23.08,2630
23.19,2629
23.35,2628
23.47,2627
23.59,2626
23.62,2625
23.73,2624
23.78,2623
23.87,2622
24.18,2621
24.24,2620
24.39,2619
24.49,2618
24.66,2617
24.69,2616
24.91,2615
25.06,2614
25.09,2613
25.24,2612
25.33,2611
25.49,2610
25.59,2609
25.79,2608
25.82,2607
25.84,2606
25.88,2605
26.16,2604
26.25,2603
26.31,2602
26.39,2601
26.67,2600
26.70,2599
26.77,2598
26.88,2597
26.96,2596
27.02,2595
27.20,2594
27.26,2593
27.33,2592
27.49,2591
27.66,2590
27.79,2589
27.92,2588
28.03,2587
28.29,2586
28.46,2585
28.50,2584
28.56,2583
28.64,2582
28.71,2581
28.76,2580
28.89,2579
28.96,2578
29.03,2577
29.09,2576
29.17,2575
29.22,2574
29.41,2573
29.61,2572
29.70,2571
29.79,2570
29.94,2569
30.04,2568
30.08,2567
30.20,2566
30.24,2565
30.29,2564
30.33,2563
30.42,2562
30.46,2561
30.51,2560
30.54,2559
30.58,2558
30.62,2557
30.69,2556
30.73,2555
30.80,2554
30.82,2553
30.85,2552
30.92,2551
30.98,2550
31.17,2549
31.21,2548
31.42,2547
31.45,2546
31.57,2545
31.61,2544
31.67,2543
31.80,2542
31.84,2541
32.03,2540
32.07,2539
32.28,2538
32.35,2537
32.39,2536
32.44,2535
32.50,2534
32.54,2533
32.56,2532
32.60,2531
32.67,2530
32.72,2529
32.82,2528
32.85,2527
33.05,2526
33.07,2525
33.11,2524
33.16,2523
33.23,2522
33.29,2521
33.36,2520
33.40,2519
33.45,2518
33.52,2517
33.54,2516
33.64,2515
33.74,2514
33.89,2513
34.02,2512
34.09,2511
34.14,2510
34.19,2509
34.21,2508
34.26,2507
34.32,2506
34.37,2505
34.50,2504
34.55,2503
34.57,2502
34.72,2501
34.78,2500
34.81,2499
34.89,2498
35.02,2497
35.10,2496
35.14,2495
35.18,2494
35.27,2493
35.35,2492
35.39,2491
35.43,2490
35.46,2489
35.50,2488
35.53,2487
35.60,2486
35.63,2485
35.66,2484
35.75,2483
35.82,2482
35.91,2481
35.93,2480
35.95,2479
36.07,2478
36.24,2477
36.26,2476
36.43,2475
36.56,2474
36.63,2473
36.72,2472
36.74,2471
36.79,2470
36.83,2469
36.90,2468
36.93,2467
36.95,2466
37.08,2465
37.15,2464
37.19,2463
37.29,2462
37.33,2461
37.41,2460
37.48,2459
37.55,2458
37.65,2457
37.76,2456
37.92,2455
37.96,2454
38.00,2453
38.10,2452
38.29,2451
38.31,2450
38.35,2449
38.40,2448
38.43,2447
38.49,2446
38.62,2445
38.64,2444
38.75,2443
39.04,2442
39.07,2441
39.11,2440
39.20,2439
39.43,2438
39.52,2437
39.60,2436
39.99,2435
40.14,2434
40.17,2433
40.26,2432
40.28,2431
40.36,2430
40.46,2429
40.65,2428
40.89,2427
41.02,2426
41.04,2425
41.11,2424
41.16,2423
