0.08,4940
0.08,4939
0.08,4938
0.08,4937
0.08,4936
0.08,4935
0.08,4934
0.08,4933
0.08,4932
0.08,4931
0.08,4930
0.08,4929
0.08,4928
0.08,4927
0.08,4926
0.08,4925
0.08,4924
0.08,4923
0.08,4922
0.08,4921
0.08,4920
0.08,4919
0.08,4918
0.08,4917
0.08,4916
0.08,4915
0.08,4914
0.08,4913
0.08,4912
0.09,4911
0.09,4910
0.09,4909
0.09,4908
0.09,4907
0.09,4906
0.09,4905
0.09,4904
0.09,4903
0.09,4902
0.09,4901
0.09,4900
0.09,4899
0.09,4898
0.09,4897
0.09,4896
0.09,4895
0.09,4894
0.09,4893
0.09,4892
0.09,4891
0.09,4890
0.09,4889
0.09,4888
0.09,4887
0.09,4886
0.09,4885
0.09,4884
0.09,4883
0.09,4882
0.09,4881
0.09,4880
0.09,4879
0.09,4878
0.09,4877
0.09,4876
0.09,4875
0.09,4874
0.09,4873
0.09,4872
0.09,4871
0.10,4870
0.10,4869
0.10,4868
0.10,4867
0.10,4866
0.10,4865
0.10,4864
0.10,4863
0.10,4862
0.10,4861
0.10,4860
0.10,4859
0.10,4858
0.10,4857
0.10,4856
0.10,4855
0.10,4854
0.10,4853
0.10,4852
0.10,4851
0.10,4850
0.10,4849
0.10,4848
0.10,4847
0.10,4846
0.10,4845
0.10,4844
0.10,4843
0.10,4842
0.10,4841
0.10,4840
0.10,4839
0.10,4838
0.10,4837
0.10,4836
0.10,4835
0.11,4834
0.11,4833
0.11,4832
0.11,4831
0.11,4830
0.11,4829
0.11,4828
0.11,4827
0.11,4826
0.11,4825
0.11,4824
0.11,4823
0.11,4822
0.11,4821
0.11,4820
0.11,4819
0.11,4818
0.11,4817
0.11,4816
0.11,4815
0.11,4814
0.11,4813
0.11,4812
0.11,4811
0.12,4810
0.12,4809
0.12,4808
0.12,4807
0.12,4806
0.12,4805
0.12,4804
0.12,4803
0.12,4802
0.12,4801
0.12,4800
0.12,4799
0.12,4798
0.12,4797
0.12,4796
0.12,4795
0.12,4794
0.12,4793
0.12,4792
0.12,4791
0.12,4790
0.12,4789
0.12,4788
0.12,4787
0.12,4786
0.12,4785
0.12,4784
0.12,4783
0.12,4782
0.12,4781
0.12,4780
0.12,4779
0.12,4778
0.12,4777
0.12,4776
0.12,4775
0.12,4774
0.12,4773
0.12,4772
0.12,4771
0.12,4770
0.12,4769
0.12,4768
0.13,4767
0.13,4766
0.13,4765
0.13,4764
0.13,4763
0.13,4762
0.13,4761
0.13,4760
0.13,4759
0.13,4758
0.13,4757
0.13,4756
0.13,4755
0.13,4754
0.13,4753
0.13,4752
0.13,4751
0.13,4750
0.13,4749
0.13,4748
0.13,4747
0.13,4746
0.13,4745
0.13,4744
0.13,4743
0.13,4742
0.13,4741
0.13,4740
0.14,4739
0.14,4738
0.14,4737
0.14,4736
0.14,4735
0.14,4734
0.14,4733
0.14,4732
0.14,4731
0.14,4730
0.14,4729
0.14,4728
0.14,4727
0.14,4726
0.14,4725
0.14,4724
0.14,4723
0.14,4722
0.14,4721
0.14,4720
0.14,4719
0.14,4718
0.14,4717
0.14,4716
0.14,4715
0.14,4714
0.14,4713
0.14,4712
0.14,4711
0.14,4710
0.14,4709
0.14,4708
0.15,4707
0.15,4706
0.15,4705
0.15,4704
0.15,4703
0.15,4702
0.15,4701
0.15,4700
0.15,4699
0.15,4698
0.15,4697
0.15,4696
0.15,4695
0.15,4694
0.15,4693
0.15,4692
0.15,4691
0.15,4690
0.16,4689
0.16,4688
0.16,4687
0.16,4686
0.16,4685
0.16,4684
0.16,4683
0.16,4682
0.16,4681
0.16,4680
0.16,4679
0.16,4678
0.16,4677
0.16,4676
0.16,4675
0.16,4674
0.16,4673
0.16,4672
0.16,4671
0.16,4670
0.16,4669
0.16,4668
0.16,4667
0.16,4666
0.16,4665
0.16,4664
0.16,4663
0.16,4662
0.16,4661
0.17,4660
0.17,4659
0.17,4658
0.17,4657
0.17,4656
0.17,4655
0.17,4654
0.17,4653
0.17,4652
0.17,4651
0.17,4650
0.17,4649
0.17,4648
0.17,4647
0.17,4646
0.17,4645
0.17,4644
0.17,4643
0.17,4642
0.17,4641
0.17,4640
0.17,4639
0.17,4638
0.17,4637
0.17,4636
0.17,4635
0.17,4634
0.17,4633
0.17,4632
0.17,4631
0.18,4630
0.18,4629
0.18,4628
0.18,4627
0.18,4626
0.18,4625
0.18,4624
0.18,4623
0.18,4622
0.18,4621
0.18,4620
0.18,4619
0.18,4618
0.18,4617
0.18,4616
0.18,4615
0.18,4614
0.18,4613
0.18,4612
0.18,4611
0.18,4610
0.18,4609
0.18,4608
0.18,4607
0.18,4606
0.18,4605
0.18,4604
0.18,4603
0.18,4602
0.18,4601
0.18,4600
0.18,4599
0.18,4598
0.18,4597
0.18,4596
0.19,4595
0.19,4594
0.19,4593
0.19,4592
0.19,4591
0.19,4590
0.19,4589
0.19,4588
0.19,4587
0.19,4586
0.19,4585
0.19,4584
0.19,4583
0.19,4582
0.19,4581
0.19,4580
0.19,4579
0.19,4578
0.19,4577
0.19,4576
0.19,4575
0.19,4574
0.19,4573
0.19,4572
0.19,4571
0.19,4570
0.19,4569
0.19,4568
0.19,4567
0.20,4566
0.20,4565
0.20,4564
0.20,4563
0.20,4562
0.20,4561
0.20,4560
0.20,4559
0.20,4558
0.20,4557
0.20,4556
0.20,4555
0.20,4554
0.20,4553
0.20,4552
0.20,4551
0.20,4550
0.20,4549
0.20,4548
0.20,4547
0.20,4546
0.20,4545
0.20,4544
0.20,4543
0.21,4542
0.21,4541
0.21,4540
0.21,4539
0.21,4538
0.21,4537
0.21,4536
0.21,4535
0.21,4534
0.21,4533
0.21,4532
0.21,4531
0.21,4530
0.21,4529
0.21,4528
0.21,4527
0.21,4526
0.21,4525
0.21,4524
0.21,4523
0.21,4522
0.21,4521
0.22,4520
0.22,4519
0.22,4518
0.22,4517
0.22,4516
0.22,4515
0.22,4514
0.22,4513
0.22,4512
0.22,4511
0.22,4510
0.22,4509
0.22,4508
0.23,4507
0.23,4506
0.23,4505
0.23,4504
0.23,4503
0.23,4502
0.23,4501
0.23,4500
0.23,4499
0.23,4498
0.23,4497
0.23,4496
0.23,4495
0.23,4494
0.23,4493
0.23,4492
0.23,4491
0.23,4490
0.23,4489
0.23,4488
0.23,4487
0.23,4486
0.23,4485
0.23,4484
0.24,4483
0.24,4482
0.24,4481
0.24,4480
0.24,4479
0.24,4478
0.24,4477
0.24,4476
0.24,4475
0.24,4474
0.24,4473
0.24,4472
0.24,4471
0.24,4470
0.24,4469
0.24,4468
0.24,4467
0.24,4466
0.24,4465
0.24,4464
0.24,4463
0.24,4462
0.24,4461
0.24,4460
0.24,4459
0.25,4458
0.25,4457
0.25,4456
0.25,4455
0.25,4454
0.25,4453
0.25,4452
0.25,4451
0.25,4450
0.25,4449
0.25,4448
0.25,4447
0.25,4446
0.25,4445
0.25,4444
0.25,4443
0.25,4442
0.26,4441
0.26,4440
0.26,4439
0.26,4438
0.26,4437
0.26,4436
0.26,4435
0.26,4434
0.26,4433
0.26,4432
0.26,4431
0.27,4430
0.27,4429
0.27,4428
0.27,4427
0.27,4426
0.27,4425
0.27,4424
0.27,4423
0.27,4422
0.27,4421
0.27,4420
0.27,4419
0.27,4418
0.27,4417
0.27,4416
0.27,4415
0.27,4414
0.27,4413
0.27,4412
0.28,4411
0.28,4410
0.28,4409
0.28,4408
0.28,4407
0.28,4406
0.28,4405
0.28,4404
0.28,4403
0.28,4402
0.28,4401
0.28,4400
0.28,4399
0.28,4398
0.28,4397
0.28,4396
0.28,4395
0.28,4394
0.28,4393
0.28,4392
0.29,4391
0.29,4390
0.29,4389
0.29,4388
0.29,4387
0.29,4386
0.29,4385
0.29,4384
0.29,4383
0.29,4382
0.29,4381
0.29,4380
0.29,4379
0.29,4378
0.29,4377
0.29,4376
0.29,4375
0.30,4374
0.30,4373
0.30,4372
0.30,4371
0.30,4370
0.30,4369
0.30,4368
0.30,4367
0.30,4366
0.30,4365
0.30,4364
0.30,4363
0.30,4362
0.30,4361
0.30,4360
0.30,4359
0.30,4358
0.30,4357
0.30,4356
0.30,4355
0.30,4354
0.30,4353
0.32,4352
0.32,4351
0.32,4350
0.33,4349
0.33,4348
0.33,4347
0.33,4346
0.33,4345
0.33,4344
0.33,4343
0.33,4342
0.33,4341
0.33,4340
0.33,4339
0.33,4338
0.34,4337
0.34,4336
0.34,4335
0.34,4334
0.34,4333
0.34,4332
0.34,4331
0.34,4330
0.34,4329
0.35,4328
0.35,4327
0.35,4326
0.35,4325
0.35,4324
0.35,4323
0.35,4322
0.35,4321
0.35,4320
0.35,4319
0.35,4318
0.36,4317
0.36,4316
0.36,4315
0.36,4314
0.36,4313
0.36,4312
0.36,4311
0.37,4310
0.37,4309
0.37,4308
0.37,4307
0.37,4306
0.37,4305
0.37,4304
0.37,4303
0.37,4302
0.37,4301
0.37,4300
0.37,4299
0.37,4298
0.37,4297
0.37,4296
0.37,4295
0.38,4294
0.38,4293
0.38,4292
0.38,4291
0.38,4290
0.38,4289
0.38,4288
0.38,4287
0.38,4286
0.38,4285
0.38,4284
0.39,4283
0.39,4282
0.39,4281
0.39,4280
0.39,4279
0.40,4278
0.40,4277
0.40,4276
0.41,4275
0.41,4274
0.41,4273
0.41,4272
0.41,4271
0.41,4270
0.41,4269
0.41,4268
0.41,4267
0.41,4266
0.41,4265
0.41,4264
0.41,4263
0.42,4262
0.42,4261
0.42,4260
0.42,4259
0.42,4258
0.42,4257
0.42,4256
0.42,4255
0.42,4254
0.42,4253
0.42,4252
0.42,4251
0.42,4250
0.42,4249
0.42,4248
0.42,4247
0.42,4246
0.42,4245
0.43,4244
0.43,4243
0.43,4242
0.43,4241
0.43,4240
0.43,4239
0.43,4238
0.43,4237
0.43,4236
0.43,4235
0.43,4234
0.44,4233
0.44,4232
0.44,4231
0.44,4230
0.44,4229
0.44,4228
0.44,4227
0.44,4226
0.44,4225
0.44,4224
0.44,4223
0.44,4222
0.44,4221
0.44,4220
0.44,4219
0.44,4218
0.44,4217
0.44,4216
0.44,4215
0.44,4214
0.44,4213
0.45,4212
0.45,4211
0.45,4210
0.45,4209
0.46,4208
0.46,4207
0.46,4206
0.46,4205
0.46,4204
0.46,4203
0.46,4202
0.46,4201
0.46,4200
0.46,4199
0.47,4198
0.47,4197
0.47,4196
0.47,4195
0.47,4194
0.47,4193
0.47,4192
0.47,4191
0.47,4190
0.47,4189
0.47,4188
0.47,4187
0.48,4186
0.48,4185
0.48,4184
0.48,4183
0.48,4182
0.49,4181
0.49,4180
0.49,4179
0.49,4178
0.49,4177
0.49,4176
0.50,4175
0.51,4174
0.51,4173
0.52,4172
0.52,4171
0.52,4170
0.52,4169
0.52,4168
0.52,4167
0.52,4166
0.52,4165
0.52,4164
0.52,4163
0.53,4162
0.53,4161
0.53,4160
0.53,4159
0.53,4158
0.53,4157
0.53,4156
0.54,4155
0.54,4154
0.54,4153
0.54,4152
0.54,4151
0.54,4150
0.54,4149
0.54,4148
0.54,4147
0.54,4146
0.54,4145
0.54,4144
0.54,4143
0.54,4142
0.54,4141
0.54,4140
0.55,4139
0.55,4138
0.55,4137
0.55,4136
0.55,4135
0.55,4134
0.56,4133
0.56,4132
0.56,4131
0.56,4130
0.56,4129
0.56,4128
0.56,4127
0.56,4126
0.56,4125
0.56,4124
0.56,4123
0.56,4122
0.56,4121
0.57,4120
0.57,4119
0.57,4118
0.57,4117
0.57,4116
0.57,4115
0.57,4114
0.57,4113
0.57,4112
0.57,4111
0.58,4110
0.58,4109
0.58,4108
0.58,4107
0.58,4106
0.58,4105
0.59,4104
0.59,4103
0.59,4102
0.59,4101
0.59,4100
0.59,4099
0.60,4098
0.60,4097
0.60,4096
0.60,4095
0.60,4094
0.60,4093
0.60,4092
0.60,4091
0.60,4090
0.60,4089
0.60,4088
0.61,4087
0.61,4086
0.61,4085
0.61,4084
0.61,4083
0.61,4082
0.61,4081
0.61,4080
0.61,4079
0.61,4078
0.61,4077
0.61,4076
0.63,4075
0.63,4074
0.64,4073
0.64,4072
0.64,4071
0.64,4070
0.64,4069
0.64,4068
0.64,4067
0.64,4066
0.64,4065
0.64,4064
0.64,4063
0.64,4062
0.64,4061
0.64,4060
0.64,4059
0.64,4058
0.64,4057
0.65,4056
0.65,4055
0.65,4054
0.66,4053
0.66,4052
0.66,4051
0.67,4050
0.67,4049
0.68,4048
0.68,4047
0.68,4046
0.68,4045
0.68,4044
0.68,4043
0.68,4042
0.69,4041
0.70,4040
0.70,4039
0.70,4038
0.70,4037
0.70,4036
0.70,4035
0.70,4034
0.70,4033
0.70,4032
0.71,4031
0.72,4030
0.72,4029
0.72,4028
0.72,4027
0.72,4026
0.72,4025
0.72,4024
0.73,4023
0.73,4022
0.74,4021
0.74,4020
0.74,4019
0.81,4018
0.81,4017
0.81,4016
0.81,4015
0.81,4014
0.81,4013
0.81,4012
0.81,4011
0.82,4010
0.82,4009
0.82,4008
0.82,4007
0.82,4006
0.82,4005
0.82,4004
0.83,4003
0.83,4002
0.83,4001
0.83,4000
0.83,3999
0.83,3998
0.83,3997
0.83,3996
0.83,3995
0.83,3994
0.83,3993
0.85,3992
0.85,3991
0.85,3990
0.85,3989
0.85,3988
0.85,3987
0.85,3986
0.85,3985
0.86,3984
0.86,3983
0.86,3982
0.86,3981
0.87,3980
0.87,3979
0.87,3978
0.87,3977
0.87,3976
0.87,3975
0.87,3974
0.87,3973
0.87,3972
0.88,3971
0.88,3970
0.88,3969
0.88,3968
0.89,3967
0.89,3966
0.89,3965
0.89,3964
0.89,3963
0.89,3962
0.89,3961
0.89,3960
0.93,3959
0.93,3958
0.95,3957
0.95,3956
0.96,3955
0.96,3954
0.96,3953
0.96,3952
0.96,3951
0.96,3950
0.96,3949
0.96,3948
0.96,3947
0.97,3946
0.97,3945
0.97,3944
0.97,3943
0.97,3942
0.98,3941
0.98,3940
0.99,3939
0.99,3938
0.99,3937
0.99,3936
0.99,3935
0.99,3934
0.99,3933
0.99,3932
0.99,3931
0.99,3930
0.99,3929
1.01,3928
1.01,3927
1.01,3926
1.01,3925
1.01,3924
1.01,3923
1.02,3922
1.02,3921
1.02,3920
1.02,3919
1.02,3918
1.02,3917
1.03,3916
1.03,3915
1.03,3914
1.03,3913
1.03,3912
1.04,3911
1.04,3910
1.04,3909
1.04,3908
1.05,3907
1.05,3906
1.05,3905
1.07,3904
1.07,3903
1.07,3902
1.07,3901
1.07,3900
1.07,3899
1.15,3898
1.15,3897
1.15,3896
1.16,3895
1.17,3894
1.18,3893
1.18,3892
1.18,3891
1.18,3890
1.18,3889
1.18,3888
1.18,3887
1.18,3886
1.18,3885
1.18,3884
1.18,3883
1.18,3882
1.19,3881
1.19,3880
1.19,3879
1.19,3878
1.19,3877
1.20,3876
1.20,3875
1.20,3874
1.20,3873
1.22,3872
1.22,3871
1.22,3870
1.22,3869
1.23,3868
1.23,3867
1.23,3866
1.23,3865
1.24,3864
1.24,3863
1.24,3862
1.24,3861
1.24,3860
1.24,3859
1.32,3858
1.32,3857
1.32,3856
1.33,3855
1.33,3854
1.33,3853
1.33,3852
1.34,3851
1.34,3850
1.35,3849
1.35,3848
1.35,3847
1.36,3846
1.47,3845
1.50,3844
1.50,3843
1.50,3842
1.51,3841
1.51,3840
1.51,3839
1.51,3838
1.51,3837
1.52,3836
1.55,3835
1.55,3834
1.55,3833
1.56,3832
1.56,3831
1.56,3830
1.56,3829
1.56,3828
1.56,3827
1.56,3826
1.56,3825
1.56,3824
1.56,3823
1.56,3822
1.57,3821
1.57,3820
1.57,3819
1.57,3818
1.57,3817
1.57,3816
1.59,3815
1.59,3814
1.59,3813
1.59,3812
1.59,3811
1.59,3810
1.59,3809
1.61,3808
1.61,3807
1.61,3806
1.61,3805
1.61,3804
1.61,3803
1.62,3802
1.79,3801
1.79,3800
1.80,3799
1.80,3798
1.80,3797
1.80,3796
1.80,3795
1.80,3794
1.80,3793
1.80,3792
1.80,3791
1.84,3790
1.85,3789
1.87,3788
1.87,3787
1.87,3786
1.87,3785
1.87,3784
1.87,3783
1.87,3782
1.87,3781
1.95,3780
1.95,3779
1.95,3778
2.05,3777
2.05,3776
2.08,3775
2.08,3774
2.08,3773
2.08,3772
2.09,3771
2.09,3770
2.09,3769
2.09,3768
2.09,3767
2.09,3766
2.09,3765
2.09,3764
2.09,3763
2.10,3762
2.10,3761
2.10,3760
2.10,3759
2.12,3758
2.12,3757
2.12,3756
2.12,3755
2.13,3754
2.13,3753
2.13,3752
2.13,3751
2.13,3750
2.13,3749
2.13,3748
2.13,3747
2.13,3746
2.13,3745
2.13,3744
2.13,3743
2.13,3742
2.14,3741
2.14,3740
2.14,3739
2.14,3738
2.14,3737
2.14,3736
2.58,3735
2.60,3734
2.60,3733
2.60,3732
2.61,3731
2.61,3730
2.61,3729
2.61,3728
2.61,3727
2.61,3726
2.62,3725
2.62,3724
2.67,3723
2.67,3722
2.67,3721
2.68,3720
2.77,3719
2.77,3718
2.78,3717
2.78,3716
2.78,3715
2.78,3714
2.78,3713
2.88,3712
2.88,3711
2.88,3710
2.88,3709
2.88,3708
2.88,3707
2.88,3706
2.88,3705
2.88,3704
2.88,3703
2.88,3702
2.89,3701
3.07,3700
3.07,3699
3.07,3698
3.07,3697
3.08,3696
3.09,3695
3.09,3694
3.09,3693
3.09,3692
3.09,3691
3.09,3690
3.10,3689
3.10,3688
3.11,3687
3.11,3686
3.11,3685
3.11,3684
3.12,3683
3.12,3682
3.12,3681
6.99,3680
7.05,3679
7.05,3678
7.05,3677
7.05,3676
7.05,3675
7.05,3674
7.71,3673
7.71,3672
7.94,3671
7.94,3670
7.96,3669
7.97,3668
7.97,3667
7.97,3666
7.98,3665
7.98,3664
7.98,3663
7.98,3662
7.98,3661
7.98,3660
8.00,3659
8.00,3658
8.00,3657
8.00,3656
8.00,3655
8.00,3654
8.01,3653
8.01,3652
8.01,3651
8.03,3650
8.03,3649
8.03,3648
8.10,3647
8.11,3646
8.11,3645
8.11,3644
8.11,3643
8.11,3642
8.12,3641
8.12,3640
8.12,3639
8.12,3638
8.24,3637
8.24,3636
8.24,3635
8.29,3634
8.29,3633
8.29,3632
8.29,3631
8.29,3630
8.29,3629
8.29,3628
8.29,3627
8.30,3626
8.30,3625
8.30,3624
8.41,3623
8.41,3622
8.41,3621
8.41,3620
8.41,3619
8.41,3618
8.41,3617
8.43,3616
8.43,3615
8.44,3614
8.44,3613
8.44,3612
8.51,3611
8.51,3610
8.52,3609
8.52,3608
8.52,3607
8.52,3606
8.52,3605
8.52,3604
8.53,3603
8.53,3602
8.53,3601
8.53,3600
10.17,3599
10.17,3598
10.18,3597
10.18,3596
10.18,3595
10.27,3594
10.27,3593
10.27,3592
10.27,3591
10.27,3590
12.70,3589
12.70,3588
12.70,3587
12.70,3586
12.71,3585
12.71,3584
12.71,3583
12.71,3582
12.71,3581
12.74,3580
12.74,3579
12.74,3578
12.77,3577
12.77,3576
12.77,3575
12.77,3574
13.14,3573
13.15,3572
13.15,3571
13.15,3570
13.15,3569
13.16,3568
13.33,3567
13.33,3566
13.33,3565
13.33,3564
13.34,3563
13.34,3562
13.34,3561
13.34,3560
13.62,3559
13.62,3558
13.62,3557
13.62,3556
13.62,3555
13.63,3554
13.63,3553
13.63,3552
13.63,3551
13.63,3550
13.63,3549
13.63,3548
13.63,3547
13.83,3546
13.83,3545
13.83,3544
13.83,3543
13.83,3542
13.83,3541
13.83,3540
13.83,3539
13.84,3538
13.85,3537
13.86,3536
13.87,3535
13.87,3534
13.87,3533
13.88,3532
13.90,3531
13.90,3530
13.90,3529
13.90,3528
13.94,3527
13.98,3526
13.99,3525
13.99,3524
13.99,3523
13.99,3522
13.99,3521
13.99,3520
14.00,3519
14.00,3518
14.00,3517
14.00,3516
14.00,3515
14.00,3514
14.33,3513
14.33,3512
14.33,3511
14.33,3510
14.33,3509
14.33,3508
14.34,3507
14.34,3506
14.34,3505
14.34,3504
14.34,3503
14.34,3502
14.37,3501
14.37,3500
14.37,3499
14.37,3498
14.37,3497
14.38,3496
14.38,3495
14.38,3494
14.38,3493
14.38,3492
14.38,3491
14.38,3490
14.39,3489
14.40,3488
14.41,3487
14.54,3486
14.54,3485
14.55,3484
14.55,3483
14.55,3482
14.58,3481
14.58,3480
14.58,3479
14.58,3478
14.58,3477
14.58,3476
14.58,3475
14.59,3474
14.60,3473
14.61,3472
14.61,3471
14.62,3470
14.62,3469
14.62,3468
14.62,3467
14.62,3466
14.62,3465
14.63,3464
14.63,3463
14.63,3462
14.64,3461
14.65,3460
14.65,3459
14.65,3458
14.65,3457
14.65,3456
14.65,3455
14.68,3454
14.68,3453
14.68,3452
14.78,3451
14.79,3450
14.79,3449
14.79,3448
14.79,3447
14.79,3446
14.98,3445
14.99,3444
15.69,3443
15.70,3442
15.70,3441
15.70,3440
15.70,3439
15.72,3438
15.72,3437
15.72,3436
15.72,3435
15.73,3434
15.74,3433
15.75,3432
15.75,3431
15.75,3430
15.75,3429
15.75,3428
15.75,3427
15.81,3426
15.81,3425
15.81,3424
15.81,3423
15.81,3422
15.81,3421
15.81,3420
15.82,3419
15.83,3418
15.83,3417
15.83,3416
15.83,3415
15.83,3414
15.83,3413
15.83,3412
15.83,3411
15.84,3410
15.92,3409
15.93,3408
15.93,3407
15.94,3406
15.95,3405
15.95,3404
15.95,3403
15.95,3402
15.95,3401
15.95,3400
15.97,3399
15.97,3398
15.97,3397
15.97,3396
15.97,3395
16.00,3394
16.00,3393
16.00,3392
16.00,3391
16.00,3390
16.00,3389
16.00,3388
16.00,3387
16.00,3386
16.01,3385
16.01,3384
16.01,3383
16.02,3382
16.02,3381
16.02,3380
16.03,3379
16.03,3378
16.03,3377
16.04,3376
16.04,3375
16.15,3374
16.21,3373
16.21,3372
16.21,3371
16.21,3370
16.21,3369
16.21,3368
16.64,3367
16.64,3366
16.74,3365
16.74,3364
16.74,3363
16.77,3362
16.77,3361
16.77,3360
16.77,3359
16.77,3358
16.77,3357
16.78,3356
16.78,3355
16.86,3354
16.87,3353
16.87,3352
16.88,3351
16.88,3350
16.88,3349
16.90,3348
16.90,3347
16.97,3346
16.97,3345
16.97,3344
17.05,3343
17.10,3342
17.10,3341
17.10,3340
17.10,3339
17.10,3338
17.10,3337
17.10,3336
17.11,3335
17.11,3334
17.11,3333
17.11,3332
17.11,3331
17.11,3330
17.11,3329
17.11,3328
17.11,3327
17.11,3326
17.11,3325
17.17,3324
17.17,3323
17.17,3322
17.18,3321
17.18,3320
17.18,3319
17.20,3318
17.20,3317
17.20,3316
17.21,3315
17.22,3314
17.22,3313
17.22,3312
17.22,3311
17.22,3310
17.22,3309
17.22,3308
17.22,3307
17.23,3306
17.23,3305
17.23,3304
17.23,3303
17.23,3302
17.23,3301
17.26,3300
17.26,3299
17.26,3298
17.68,3297
17.68,3296
17.68,3295
17.68,3294
17.68,3293
17.69,3292
17.69,3291
17.69,3290
17.69,3289
17.70,3288
17.70,3287
17.70,3286
17.70,3285
17.70,3284
18.58,3283
18.58,3282
18.58,3281
18.58,3280
18.58,3279
18.58,3278
18.58,3277
18.59,3276
18.60,3275
18.60,3274
18.60,3273
18.60,3272
18.60,3271
18.61,3270
18.61,3269
18.68,3268
18.68,3267
18.68,3266
18.68,3265
18.70,3264
18.74,3263
18.74,3262
18.74,3261
18.74,3260
18.74,3259
18.75,3258
18.75,3257
18.75,3256
18.75,3255
18.75,3254
18.75,3253
18.75,3252
18.76,3251
18.82,3250
18.83,3249
18.83,3248
18.83,3247
19.10,3246
19.10,3245
19.10,3244
19.10,3243
19.10,3242
19.10,3241
19.10,3240
19.14,3239
19.14,3238
19.14,3237
19.14,3236
19.15,3235
19.15,3234
19.16,3233
19.19,3232
19.20,3231
19.20,3230
19.20,3229
19.20,3228
19.20,3227
19.20,3226
19.20,3225
19.20,3224
19.20,3223
19.21,3222
19.21,3221
19.21,3220
19.21,3219
19.21,3218
19.27,3217
19.28,3216
19.29,3215
19.58,3214
19.59,3213
19.59,3212
19.59,3211
19.59,3210
19.60,3209
19.60,3208
19.61,3207
19.61,3206
19.62,3205
19.62,3204
19.62,3203
19.62,3202
19.62,3201
19.68,3200
19.68,3199
19.68,3198
19.68,3197
19.68,3196
19.68,3195
19.68,3194
19.82,3193
19.82,3192
19.82,3191
19.82,3190
19.82,3189
19.82,3188
19.82,3187
19.82,3186
19.83,3185
19.83,3184
19.83,3183
19.83,3182
19.83,3181
19.84,3180
19.87,3179
19.87,3178
19.87,3177
19.87,3176
19.87,3175
19.87,3174
19.87,3173
19.89,3172
19.90,3171
19.90,3170
19.90,3169
19.90,3168
19.90,3167
19.90,3166
19.91,3165
19.91,3164
19.94,3163
19.94,3162
19.94,3161
19.94,3160
19.94,3159
19.94,3158
19.94,3157
19.95,3156
19.95,3155
20.05,3154
20.05,3153
20.06,3152
20.07,3151
20.07,3150
20.07,3149
20.07,3148
20.07,3147
20.07,3146
20.08,3145
20.09,3144
20.09,3143
20.13,3142
20.18,3141
20.33,3140
20.33,3139
20.33,3138
20.33,3137
20.33,3136
20.34,3135
20.34,3134
20.34,3133
20.35,3132
20.35,3131
20.36,3130
20.36,3129
20.36,3128
20.36,3127
20.36,3126
20.36,3125
20.37,3124
20.37,3123
20.37,3122
20.37,3121
20.37,3120
20.37,3119
20.37,3118
20.37,3117
20.38,3116
20.38,3115
20.38,3114
20.38,3113
20.39,3112
20.39,3111
20.39,3110
20.39,3109
20.39,3108
20.39,3107
20.39,3106
20.39,3105
20.39,3104
20.39,3103
20.43,3102
20.43,3101
20.44,3100
20.47,3099
20.47,3098
20.47,3097
20.47,3096
20.47,3095
20.47,3094
20.49,3093
20.49,3092
20.49,3091
20.49,3090
20.49,3089
20.49,3088
20.49,3087
20.50,3086
20.50,3085
20.50,3084
20.50,3083
20.51,3082
20.52,3081
20.52,3080
20.52,3079
20.52,3078
20.53,3077
20.53,3076
20.53,3075
20.53,3074
20.53,3073
20.53,3072
20.53,3071
20.53,3070
20.53,3069
20.54,3068
20.54,3067
20.54,3066
20.54,3065
20.55,3064
20.55,3063
20.55,3062
20.55,3061
20.56,3060
20.56,3059
20.56,3058
20.56,3057
20.58,3056
20.58,3055
20.58,3054
20.58,3053
20.58,3052
20.58,3051
20.58,3050
20.58,3049
20.82,3048
20.83,3047
20.84,3046
20.85,3045
20.85,3044
20.86,3043
20.86,3042
20.86,3041
20.87,3040
20.95,3039
20.95,3038
20.95,3037
20.96,3036
20.96,3035
20.96,3034
20.96,3033
20.96,3032
20.96,3031
20.97,3030
20.97,3029
20.97,3028
20.98,3027
20.98,3026
21.00,3025
21.00,3024
21.01,3023
21.02,3022
21.02,3021
21.08,3020
21.08,3019
21.08,3018
21.08,3017
21.08,3016
21.09,3015
21.09,3014
21.09,3013
21.09,3012
21.09,3011
21.09,3010
21.09,3009
21.09,3008
21.09,3007
21.10,3006
21.11,3005
21.11,3004
21.11,3003
21.11,3002
21.11,3001
21.30,3000
21.30,2999
21.30,2998
21.30,2997
21.31,2996
21.37,2995
21.39,2994
21.40,2993
21.40,2992
21.40,2991
21.40,2990
21.40,2989
21.40,2988
21.40,2987
21.40,2986
21.42,2985
21.46,2984
21.47,2983
21.48,2982
21.48,2981
21.48,2980
21.49,2979
21.50,2978
21.61,2977
21.61,2976
21.71,2975
21.71,2974
21.71,2973
21.71,2972
21.76,2971
21.76,2970
21.77,2969
21.78,2968
21.78,2967
21.79,2966
21.79,2965
21.79,2964
21.79,2963
21.79,2962
21.88,2961
21.91,2960
21.91,2959
21.92,2958
21.92,2957
21.92,2956
21.92,2955
21.92,2954
21.92,2953
21.93,2952
21.93,2951
21.93,2950
21.93,2949
21.93,2948
21.94,2947
21.94,2946
21.94,2945
21.94,2944
21.94,2943
21.95,2942
21.95,2941
22.08,2940
22.08,2939
22.17,2938
22.17,2937
22.22,2936
22.26,2935
22.26,2934
22.26,2933
22.26,2932
22.26,2931
22.29,2930
22.30,2929
22.44,2928
22.45,2927
22.49,2926
22.49,2925
22.49,2924
22.49,2923
22.49,2922
22.49,2921
22.50,2920
22.51,2919
22.51,2918
22.51,2917
22.55,2916
22.55,2915
22.55,2914
22.55,2913
22.55,2912
22.55,2911
22.68,2910
22.68,2909
22.68,2908
22.68,2907
22.68,2906
22.68,2905
22.68,2904
22.68,2903
22.68,2902
22.69,2901
22.69,2900
22.69,2899
22.69,2898
22.69,2897
22.69,2896
22.69,2895
22.72,2894
22.72,2893
22.72,2892
22.72,2891
22.72,2890
22.72,2889
22.72,2888
22.73,2887
22.85,2886
22.88,2885
22.88,2884
22.88,2883
22.88,2882
22.89,2881
22.90,2880
22.92,2879
22.93,2878
22.93,2877
22.93,2876
22.93,2875
22.93,2874
22.93,2873
22.94,2872
23.20,2871
23.20,2870
23.21,2869
23.21,2868
23.22,2867
23.23,2866
23.23,2865
23.24,2864
23.24,2863
23.24,2862
23.24,2861
23.24,2860
23.33,2859
23.40,2858
23.40,2857
23.40,2856
23.41,2855
23.41,2854
23.41,2853
23.41,2852
23.41,2851
23.42,2850
23.42,2849
23.45,2848
23.45,2847
23.45,2846
23.46,2845
23.47,2844
23.47,2843
23.47,2842
23.47,2841
23.47,2840
23.47,2839
23.47,2838
23.48,2837
23.48,2836
23.48,2835
23.48,2834
23.48,2833
23.48,2832
23.48,2831
23.48,2830
23.48,2829
23.49,2828
23.49,2827
23.49,2826
23.51,2825
23.53,2824
23.54,2823
23.54,2822
23.54,2821
23.54,2820
23.55,2819
23.55,2818
23.56,2817
23.56,2816
23.56,2815
23.56,2814
23.56,2813
23.57,2812
23.57,2811
23.70,2810
23.71,2809
23.71,2808
23.72,2807
23.73,2806
23.73,2805
23.73,2804
23.73,2803
23.73,2802
23.73,2801
23.74,2800
23.74,2799
23.74,2798
23.74,2797
23.74,2796
23.74,2795
23.74,2794
23.75,2793
23.76,2792
23.76,2791
23.76,2790
23.76,2789
23.82,2788
23.95,2787
23.95,2786
23.96,2785
23.96,2784
24.09,2783
24.09,2782
24.09,2781
24.13,2780
24.13,2779
24.33,2778
24.40,2777
24.42,2776
24.42,2775
24.43,2774
24.43,2773
24.43,2772
24.43,2771
24.44,2770
24.44,2769
24.44,2768
24.44,2767
24.45,2766
24.51,2765
24.51,2764
24.51,2763
24.51,2762
24.51,2761
24.51,2760
24.51,2759
24.51,2758
24.51,2757
24.92,2756
24.92,2755
24.92,2754
25.16,2753
25.16,2752
25.17,2751
25.17,2750
25.17,2749
25.18,2748
25.18,2747
25.18,2746
25.18,2745
25.19,2744
25.19,2743
25.19,2742
25.32,2741
25.33,2740
25.34,2739
25.34,2738
25.34,2737
25.35,2736
25.35,2735
25.35,2734
25.36,2733
25.36,2732
25.36,2731
25.37,2730
25.39,2729
25.39,2728
25.39,2727
25.39,2726
25.40,2725
25.40,2724
25.43,2723
25.43,2722
25.43,2721
25.43,2720
25.58,2719
25.58,2718
25.59,2717
25.59,2716
25.59,2715
25.59,2714
25.60,2713
25.60,2712
25.61,2711
25.61,2710
25.61,2709
25.61,2708
25.62,2707
25.63,2706
25.65,2705
25.65,2704
25.66,2703
25.67,2702
25.67,2701
25.67,2700
25.67,2699
25.67,2698
25.69,2697
25.70,2696
25.70,2695
25.70,2694
25.71,2693
25.71,2692
25.72,2691
25.72,2690
25.72,2689
25.72,2688
25.73,2687
25.73,2686
25.84,2685
25.84,2684
25.84,2683
25.84,2682
25.85,2681
25.88,2680
25.90,2679
25.90,2678
25.90,2677
25.91,2676
25.93,2675
25.93,2674
25.93,2673
25.99,2672
25.99,2671
25.99,2670
25.99,2669
26.02,2668
26.06,2667
26.15,2666
26.16,2665
26.16,2664
26.16,2663
26.17,2662
26.17,2661
26.17,2660
26.17,2659
26.18,2658
26.18,2657
26.19,2656
26.21,2655
26.22,2654
26.22,2653
26.23,2652
26.23,2651
26.23,2650
26.23,2649
26.23,2648
26.23,2647
26.24,2646
26.24,2645
26.24,2644
26.24,2643
26.24,2642
26.24,2641
26.25,2640
26.25,2639
26.25,2638
26.25,2637
26.26,2636
26.26,2635
26.26,2634
26.38,2633
26.38,2632
26.38,2631
26.38,2630
26.41,2629
26.42,2628
27.09,2627
27.09,2626
27.10,2625
27.18,2624
27.18,2623
27.19,2622
27.19,2621
27.19,2620
27.20,2619
27.22,2618
27.22,2617
27.22,2616
27.23,2615
27.26,2614
27.26,2613
27.26,2612
27.26,2611
27.26,2610
27.26,2609
27.26,2608
27.26,2607
27.30,2606
27.43,2605
27.43,2604
27.43,2603
27.43,2602
27.44,2601
27.49,2600
27.53,2599
27.55,2598
27.55,2597
27.55,2596
27.56,2595
27.67,2594
27.71,2593
27.71,2592
27.71,2591
27.72,2590
27.72,2589
27.72,2588
27.73,2587
27.75,2586
27.75,2585
27.75,2584
27.76,2583
27.77,2582
27.78,2581
27.82,2580
27.82,2579
27.82,2578
27.82,2577
27.82,2576
27.95,2575
27.97,2574
27.97,2573
28.18,2572
28.19,2571
28.20,2570
28.29,2569
28.29,2568
28.29,2567
28.31,2566
28.31,2565
28.32,2564
28.32,2563
28.33,2562
28.34,2561
28.34,2560
28.35,2559
28.72,2558
28.72,2557
28.72,2556
28.73,2555
28.73,2554
28.73,2553
28.74,2552
28.74,2551
28.74,2550
28.75,2549
28.75,2548
28.75,2547
28.75,2546
28.75,2545
28.75,2544
28.76,2543
28.76,2542
28.76,2541
28.76,2540
28.78,2539
28.78,2538
29.02,2537
29.03,2536
29.03,2535
29.03,2534
29.03,2533
29.03,2532
29.04,2531
29.04,2530
29.04,2529
29.04,2528
29.04,2527
29.05,2526
29.08,2525
29.17,2524
29.33,2523
29.33,2522
29.33,2521
29.33,2520
29.33,2519
29.33,2518
29.35,2517
29.41,2516
29.41,2515
29.42,2514
29.48,2513
29.70,2512
29.70,2511
29.71,2510
29.71,2509
29.71,2508
29.71,2507
29.71,2506
29.74,2505
29.74,2504
29.74,2503
29.74,2502
29.75,2501
29.75,2500
29.75,2499
29.75,2498
29.75,2497
29.75,2496
29.76,2495
29.76,2494
29.76,2493
29.77,2492
29.92,2491
29.92,2490
29.93,2489
29.95,2488
30.03,2487
30.04,2486
30.09,2485
30.11,2484
30.11,2483
30.12,2482
30.12,2481
30.13,2480
30.13,2479
30.14,2478
30.14,2477
30.14,2476
30.14,2475
30.15,2474
30.16,2473
30.17,2472
30.17,2471
30.18,2470
30.68,2469
30.69,2468
30.69,2467
30.73,2466
30.87,2465
30.88,2464
30.88,2463
30.88,2462
30.89,2461
30.89,2460
30.93,2459
30.93,2458
31.01,2457
31.01,2456
31.01,2455
31.02,2454
31.04,2453
31.06,2452
31.07,2451
31.16,2450
31.45,2449
31.76,2448
31.87,2447
31.87,2446
32.06,2445
32.07,2444
32.09,2443
32.09,2442
32.56,2441
32.56,2440
32.57,2439
32.58,2438
32.59,2437
32.59,2436
33.18,2435
33.19,2434
33.65,2433
33.66,2432
33.66,2431
33.66,2430
33.66,2429
33.67,2428
33.78,2427
34.24,2426
34.28,2425
34.30,2424
34.30,2423
34.32,2422
34.32,2421
34.33,2420
34.33,2419
34.33,2418
34.38,2417
34.47,2416
34.47,2415
34.47,2414
34.49,2413
34.50,2412
34.51,2411
34.52,2410
34.52,2409
34.65,2408
34.65,2407
34.66,2406
34.66,2405
34.66,2404
34.66,2403
34.67,2402
34.67,2401
34.68,2400
34.68,2399
35.24,2398
35.27,2397
35.27,2396
35.28,2395
35.29,2394
37.08,2393
37.52,2392
37.53,2391
37.53,2390
37.54,2389
37.89,2388
37.89,2387
37.90,2386
37.91,2385
37.91,2384
38.13,2383
38.44,2382
38.50,2381
38.50,2380
38.50,2379
38.63,2378
38.63,2377
38.64,2376
38.64,2375
38.64,2374
38.93,2373
38.93,2372
39.33,2371
39.34,2370
39.34,2369
39.76,2368
39.79,2367
39.79,2366
39.79,2365
39.79,2364
39.79,2363
39.91,2362
39.92,2361
39.96,2360
39.96,2359
40.02,2358
40.02,2357
40.02,2356
42.17,2355
42.25,2354
42.69,2353
42.80,2352
44.50,2351
44.57,2350
44.57,2349
44.61,2348
44.69,2347
44.70,2346
44.70,2345
45.09,2344
45.09,2343
45.10,2342
45.10,2341
45.11,2340
47.14,2339
47.25,2338
47.26,2337
47.26,2336
47.26,2335
47.26,2334
47.56,2333
47.57,2332
47.73,2331
48.17,2330
48.17,2329
48.17,2328
50.10,2327
50.12,2326
50.12,2325
50.14,2324
51.12,2323
51.13,2322
52.73,2321
54.57,2320
54.58,2319
54.64,2318
54.66,2317
54.76,2316
57.08,2315
57.12,2314
60.68,2313
61.72,2312
61.74,2311
61.74,2310
61.83,2309
61.87,2308
62.12,2307
62.18,2306
69.87,2305
70.12,2304
70.41,2303
70.43,2302
70.48,2301
70.49,2300
74.32,2299
79.08,2298
79.32,2297
79.42,2296
81.04,2295
85.73,2294
91.95,2293
92.10,2292
99.88,2291
100.04,2290
105.75,2289
116.20,2288
117.73,2287
126.16,2286
128.33,2285
137.11,2284
167.71,2283
178.46,2282
178.75,2281
182.75,2280
190.62,2279
200.98,2278
221.57,2277
283.47,2276
328.76,2275
339.63,2274
343.85,2273
359.87,2272
406.34,2271
416.19,2270
508.42,2269
573.41,2268
575.04,2267
597.48,2266
