0.00,2881
0.03,2880
0.09,2879
0.13,2878
0.16,2877
0.24,2876
0.28,2875
0.39,2874
0.42,2873
0.55,2872
0.66,2871
0.82,2870
0.88,2869
0.95,2868
1.03,2867
1.49,2866
1.51,2865
1.55,2864
1.64,2863
1.91,2862
2.06,2861
2.36,2860
2.58,2859
2.73,2858
2.78,2857
2.87,2856
2.92,2855
3.16,2854
3.21,2853
3.25,2852
3.34,2851
3.41,2850
3.45,2849
3.58,2848
3.70,2847
3.80,2846
3.87,2845
3.89,2844
3.94,2843
3.99,2842
4.24,2841
4.39,2840
4.47,2839
4.50,2838
4.53,2837
4.59,2836
4.64,2835
4.77,2834
4.86,2833
4.99,2832
5.07,2831
5.11,2830
5.18,2829
5.24,2828
5.33,2827
5.42,2826
5.45,2825
5.51,2824
5.62,2823
5.66,2822
5.78,2821
5.99,2820
6.01,2819
6.04,2818
6.21,2817
6.36,2816
6.47,2815
6.55,2814
6.66,2813
6.69,2812
6.74,2811
6.82,2810
7.02,2809
7.09,2808
7.32,2807
7.42,2806
7.50,2805
7.53,2804
7.65,2803
7.69,2802
7.75,2801
7.85,2800
7.94,2799
7.98,2798
8.05,2797
8.15,2796
8.21,2795
8.41,2794
8.45,2793
8.57,2792
8.67,2791
8.75,2790
8.95,2789
9.02,2788
9.09,2787
9.11,2786
9.19,2785
9.28,2784
9.38,2783
9.47,2782
9.56,2781
9.65,2780
9.76,2779
9.81,2778
9.89,2777
10.13,2776
10.18,2775
10.24,2774
10.34,2773
10.46,2772
10.58,2771
10.64,2770
10.75,2769
10.96,2768
11.00,2767
11.25,2766
11.29,2765
11.46,2764
11.52,2763
11.60,2762
11.72,2761
11.75,2760
11.79,2759
11.88,2758
12.00,2757
12.08,2756
12.24,2755
12.43,2754
12.48,2753
12.63,2752
12.72,2751
12.84,2750
13.05,2749
13.39,2748
13.53,2747
13.73,2746
13.84,2745
13.89,2744
14.13,2743
14.38,2742
14.43,2741
14.54,2740
14.62,2739
14.72,2738
14.77,2737
14.88,2736
15.18,2735
15.21,2734
15.27,2733
15.72,2732
16.04,2731
16.11,2730
16.38,2729
16.42,2728
16.53,2727
16.58,2726
16.80,2725
16.91,2724
17.26,2723
17.36,2722
17.43,2721
17.48,2720
17.54,2719
17.64,2718
17.67,2717
18.19,2716
18.26,2715
18.51,2714
18.64,2713
18.82,2712
19.32,2711
19.42,2710
19.47,2709
19.63,2708
19.83,2707
20.23,2706
20.57,2705
20.86,2704
20.98,2703
21.02,2702
21.15,2701
21.27,2700
21.40,2699
21.47,2698
21.62,2697
22.06,2696
22.18,2695
22.25,2694
22.36,2693
22.54,2692
22.68,2691
22.94,2690
23.15,2689
23.32,2688
23.44,2687
24.13,2686
24.87,2685
25.14,2684
25.61,2683
25.90,2682
26.26,2681
26.66,2680
26.93,2679
27.11,2678
27.24,2677
27.48,2676
27.76,2675
27.89,2674
28.10,2673
28.32,2672
28.42,2671
28.50,2670
28.67,2669
28.80,2668
28.87,2667
29.01,2666
29.09,2665
29.39,2664
29.50,2663
29.59,2662
29.75,2661
30.12,2660
30.40,2659
30.48,2658
30.54,2657
30.64,2656
31.01,2655
31.32,2654
31.45,2653
31.56,2652
31.62,2651
31.66,2650
31.72,2649
32.07,2648
32.30,2647
32.35,2646
32.40,2645
32.50,2644
32.59,2643
32.68,2642
32.82,2641
32.88,2640
32.96,2639
33.25,2638
33.77,2637
33.88,2636
34.02,2635
34.45,2634
34.70,2633
34.81,2632
34.94,2631
35.02,2630
35.11,2629
35.27,2628
35.42,2627
35.59,2626
35.71,2625
35.92,2624
36.00,2623
36.09,2622
36.49,2621
36.65,2620
36.88,2619
36.96,2618
37.25,2617
37.43,2616
38.06,2615
38.95,2614
39.03,2613
39.20,2612
39.27,2611
39.32,2610
39.44,2609
39.60,2608
39.88,2607
40.16,2606
40.27,2605
40.41,2604
41.01,2603
41.12,2602
41.36,2601
41.81,2600
41.88,2599
42.04,2598
42.31,2597
42.39,2596
42.65,2595
42.86,2594
43.05,2593
43.16,2592
43.82,2591
44.55,2590
45.16,2589
45.26,2588
45.33,2587
45.65,2586
45.79,2585
45.88,2584
45.98,2583
46.36,2582
46.50,2581
46.55,2580
46.68,2579
47.03,2578
47.18,2577
47.30,2576
47.51,2575
47.61,2574
47.68,2573
47.79,2572
47.86,2571
47.96,2570
48.18,2569
48.29,2568
48.34,2567
48.43,2566
48.47,2565
48.52,2564
48.60,2563
48.65,2562
48.73,2561
48.98,2560
49.08,2559
49.28,2558
49.44,2557
49.65,2556
49.71,2555
49.78,2554
50.25,2553
50.44,2552
50.60,2551
50.74,2550
50.79,2549
50.87,2548
51.03,2547
51.56,2546
51.67,2545
51.75,2544
51.90,2543
52.15,2542
52.30,2541
52.39,2540
52.54,2539
52.68,2538
52.74,2537
52.86,2536
53.32,2535
53.49,2534
53.69,2533
53.79,2532
53.90,2531
53.94,2530
54.05,2529
54.09,2528
54.17,2527
54.44,2526
54.57,2525
54.76,2524
54.94,2523
55.24,2522
55.37,2521
55.42,2520
55.47,2519
55.82,2518
55.89,2517
55.96,2516
56.09,2515
56.19,2514
56.36,2513
56.79,2512
56.84,2511
57.10,2510
57.18,2509
57.31,2508
57.46,2507
57.62,2506
57.73,2505
57.78,2504
57.89,2503
58.22,2502
58.51,2501
58.65,2500
58.81,2499
58.87,2498
59.19,2497
59.35,2496
59.48,2495
59.79,2494
60.06,2493
60.16,2492
60.21,2491
60.44,2490
61.13,2489
61.33,2488
61.41,2487
61.47,2486
61.57,2485
61.70,2484
61.99,2483
62.15,2482
62.25,2481
62.32,2480
62.39,2479
62.45,2478
62.58,2477
62.68,2476
62.75,2475
63.03,2474
63.26,2473
63.34,2472
63.48,2471
63.56,2470
63.92,2469
64.62,2468
64.67,2467
65.05,2466
65.34,2465
65.61,2464
65.81,2463
66.20,2462
66.26,2461
66.34,2460
66.48,2459
66.79,2458
66.87,2457
66.98,2456
67.03,2455
67.19,2454
67.41,2453
67.48,2452
67.63,2451
67.85,2450
67.91,2449
68.12,2448
68.23,2447
68.39,2446
68.45,2445
68.55,2444
68.60,2443
68.73,2442
68.80,2441
68.92,2440
69.14,2439
69.27,2438
69.40,2437
69.83,2436
70.14,2435
70.30,2434
70.76,2433
70.81,2432
71.28,2431
71.70,2430
72.03,2429
72.21,2428
