0.00,8520
2.83,8519
5.81,8518
12.62,8517
16.41,8516
18.98,8515
23.06,8514
25.03,8513
35.81,8512
37.14,8511
40.29,8510
41.36,8509
45.35,8508
47.54,8507
49.59,8506
53.11,8505
53.83,8504
61.80,8503
71.83,8502
82.98,8501
86.55,8500
88.05,8499
90.87,8498
94.70,8497
96.55,8496
97.53,8495
99.04,8494
100.13,8493
103.96,8492
107.78,8491
113.84,8490
116.93,8489
118.17,8488
122.51,8487
123.38,8486
124.36,8485
128.94,8484
130.30,8483
130.80,8482
132.03,8481
132.77,8480
136.60,8479
139.18,8478
144.25,8477
145.36,8476
150.43,8475
152.17,8474
162.16,8473
163.15,8472
169.33,8471
174.15,8470
174.91,8469
179.58,8468
181.31,8467
181.81,8466
183.66,8465
187.27,8464
188.74,8463
191.84,8462
192.58,8461
196.41,8460
199.26,8459
203.09,8458
203.58,8457
204.81,8456
206.92,8455
208.92,8454
211.50,8453
215.08,8452
219.87,8451
222.19,8450
222.92,8449
223.65,8448
225.97,8447
237.89,8446
239.11,8445
244.25,8444
246.68,8443
247.32,8442
254.69,8441
255.42,8440
256.63,8439
257.36,8438
260.42,8437
261.64,8436
262.24,8435
264.92,8434
268.46,8433
272.25,8432
273.60,8431
276.78,8430
279.34,8429
281.67,8428
282.15,8427
283.62,8426
286.20,8425
287.91,8424
295.03,8423
299.07,8422
301.89,8421
307.29,8420
308.52,8419
312.30,8418
315.85,8417
318.91,8416
320.87,8415
322.70,8414
324.17,8413
326.00,8412
328.44,8411
329.80,8410
331.02,8409
334.32,8408
339.84,8407
344.78,8406
347.01,8405
351.35,8404
359.03,8403
365.19,8402
368.25,8401
370.20,8400
371.55,8399
373.01,8398
375.59,8397
377.55,8396
380.08,8395
380.83,8394
383.88,8393
385.34,8392
389.46,8391
391.40,8390
397.03,8389
398.72,8388
399.47,8387
402.27,8386
404.00,8385
409.07,8384
410.30,8383
413.58,8382
414.57,8381
416.39,8380
417.13,8379
417.87,8378
419.96,8377
421.66,8376
422.63,8375
424.95,8374
432.49,8373
433.46,8372
436.02,8371
440.98,8370
443.29,8369
444.98,8368
446.80,8367
448.96,8366
452.45,8365
458.69,8364
459.17,8363
463.11,8362
463.59,8361
466.08,8360
468.32,8359
469.75,8358
471.40,8357
472.24,8356
474.61,8355
478.05,8354
480.09,8353
481.51,8352
485.48,8351
488.95,8350
491.22,8349
494.44,8348
497.42,8347
499.81,8346
502.57,8345
505.55,8344
506.97,8343
510.19,8342
510.66,8341
515.30,8340
516.12,8339
516.84,8338
518.04,8337
525.66,8336
528.40,8335
532.34,8334
533.29,8333
535.30,8332
538.04,8331
539.22,8330
541.72,8329
542.20,8328
542.91,8327
548.59,8326
550.02,8325
552.76,8324
556.22,8323
559.10,8322
560.90,8321
562.91,8320
565.31,8319
566.26,8318
566.85,8317
572.55,8316
577.34,8315
578.95,8314
583.64,8313
584.66,8312
585.60,8311
588.25,8310
589.84,8309
590.50,8308
592.34,8307
593.41,8306
595.66,8305
598.17,8304
