0.00,8465
3.04,8464
4.90,8463
6.83,8462
8.69,8461
11.70,8460
13.48,8459
16.05,8458
19.03,8457
23.95,8456
29.09,8455
31.45,8454
37.50,8453
41.54,8452
41.97,8451
43.91,8450
48.86,8449
54.00,8448
54.83,8447
64.90,8446
65.76,8445
68.40,8444
68.81,8443
72.49,8442
78.71,8441
84.21,8440
85.11,8439
87.20,8438
88.04,8437
95.99,8436
102.02,8435
104.82,8434
105.86,8433
116.54,8432
121.05,8431
121.94,8430
128.33,8429
128.75,8428
137.56,8427
141.60,8426
143.59,8425
144.43,8424
147.84,8423
149.58,8422
150.83,8421
152.56,8420
154.05,8419
155.38,8418
158.79,8417
160.68,8416
162.41,8415
167.85,8414
169.94,8413
171.47,8412
175.75,8411
177.09,8410
179.39,8409
183.68,8408
188.38,8407
191.36,8406
192.88,8405
196.30,8404
198.29,8403
199.80,8402
200.42,8401
202.50,8400
205.68,8399
208.47,8398
209.81,8397
211.25,8396
213.58,8395
215.92,8394
220.35,8393
223.09,8392
227.07,8391
231.14,8390
239.08,8389
244.37,8388
250.67,8387
257.26,8386
258.70,8385
260.40,8384
261.02,8383
262.75,8382
263.59,8381
264.83,8380
265.50,8379
266.74,8378
267.76,8377
270.09,8376
272.00,8375
272.41,8374
274.10,8373
275.20,8372
277.73,8371
280.41,8370
283.14,8369
287.08,8368
287.70,8367
289.55,8366
290.43,8365
293.99,8364
295.02,8363
295.64,8362
297.19,8361
298.84,8360
300.34,8359
301.78,8358
303.07,8357
304.10,8356
304.51,8355
306.63,8354
307.07,8353
313.63,8352
317.81,8351
321.27,8350
321.88,8349
323.74,8348
324.15,8347
326.47,8346
327.97,8345
329.23,8344
331.39,8343
334.94,8342
337.26,8341
338.71,8340
339.73,8339
341.50,8338
343.82,8337
345.06,8336
352.92,8335
353.33,8334
356.89,8333
361.07,8332
366.20,8331
367.64,8330
369.35,8329
374.45,8328
375.53,8327
376.56,8326
380.77,8325
381.39,8324
385.15,8323
386.23,8322
388.13,8321
392.49,8320
393.58,8319
394.81,8318
397.18,8317
401.16,8316
401.77,8315
408.62,8314
410.06,8313
410.88,8312
413.19,8311
415.30,8310
417.14,8309
418.86,8308
423.26,8307
426.80,8306
428.91,8305
432.73,8304
433.14,8303
436.95,8302
439.00,8301
440.09,8300
440.91,8299
441.78,8298
442.62,8297
444.11,8296
447.25,8295
450.58,8294
451.20,8293
454.81,8292
455.89,8291
458.61,8290
460.26,8289
461.08,8288
463.19,8287
464.90,8286
468.24,8285
472.25,8284
475.16,8283
477.72,8282
478.34,8281
479.84,8280
482.51,8279
485.23,8278
490.73,8277
491.99,8276
496.63,8275
497.27,8274
501.67,8273
502.49,8272
502.90,8271
507.31,8270
512.57,8269
514.67,8268
517.33,8267
518.00,8266
518.41,8265
521.19,8264
521.60,8263
522.83,8262
525.13,8261
529.29,8260
530.53,8259
532.06,8258
541.82,8257
544.38,8256
547.51,8255
551.26,8254
559.74,8253
564.35,8252
565.84,8251
567.13,8250
568.76,8249
572.08,8248
573.36,8247
577.15,8246
578.78,8245
582.10,8244
585.21,8243
588.57,8242
592.10,8241
594.20,8240
594.82,8239
596.81,8238
599.03,8237
