0.48,11022
0.48,11021
0.48,11020
0.49,11019
0.49,11018
0.49,11017
0.49,11016
0.49,11015
0.74,11014
0.74,11013
0.75,11012
0.75,11011
0.75,11010
0.75,11009
0.75,11008
0.75,11007
0.75,11006
0.75,11005
0.75,11004
0.76,11003
0.76,11002
0.76,11001
0.76,11000
0.76,10999
0.76,10998
0.76,10997
0.76,10996
0.76,10995
0.77,10994
0.77,10993
0.78,10992
0.78,10991
0.78,10990
0.78,10989
0.78,10988
0.79,10987
0.79,10986
0.79,10985
0.80,10984
0.80,10983
0.80,10982
0.80,10981
0.80,10980
0.80,10979
0.81,10978
0.81,10977
0.81,10976
0.82,10975
0.82,10974
0.82,10973
0.83,10972
0.83,10971
0.83,10970
0.83,10969
0.83,10968
0.83,10967
0.83,10966
0.83,10965
0.83,10964
0.83,10963
0.84,10962
0.84,10961
0.84,10960
0.85,10959
0.85,10958
0.86,10957
0.86,10956
0.86,10955
0.86,10954
0.86,10953
0.86,10952
0.86,10951
0.87,10950
0.87,10949
0.87,10948
0.87,10947
0.88,10946
0.88,10945
0.88,10944
0.89,10943
0.89,10942
0.89,10941
0.90,10940
0.90,10939
0.90,10938
0.90,10937
0.90,10936
0.90,10935
0.90,10934
0.91,10933
0.91,10932
0.92,10931
0.92,10930
0.92,10929
0.93,10928
0.94,10927
0.94,10926
0.94,10925
0.94,10924
0.95,10923
0.95,10922
0.95,10921
0.95,10920
0.95,10919
0.95,10918
0.95,10917
0.96,10916
0.96,10915
0.96,10914
0.97,10913
0.97,10912
0.98,10911
0.98,10910
0.98,10909
0.98,10908
0.99,10907
0.99,10906
0.99,10905
0.99,10904
1.00,10903
1.00,10902
1.00,10901
1.00,10900
1.00,10899
1.00,10898
1.00,10897
1.01,10896
1.02,10895
1.02,10894
1.03,10893
1.03,10892
1.03,10891
1.04,10890
1.04,10889
1.04,10888
1.04,10887
1.05,10886
1.05,10885
1.05,10884
1.05,10883
1.05,10882
1.06,10881
1.06,10880
1.06,10879
1.06,10878
1.07,10877
1.07,10876
1.07,10875
1.07,10874
1.07,10873
1.07,10872
1.08,10871
1.08,10870
1.08,10869
1.08,10868
1.08,10867
1.08,10866
1.09,10865
1.09,10864
1.09,10863
1.09,10862
1.09,10861
1.09,10860
1.10,10859
1.10,10858
1.11,10857
1.11,10856
1.12,10855
1.12,10854
1.12,10853
1.13,10852
1.14,10851
1.15,10850
1.16,10849
1.16,10848
1.16,10847
1.16,10846
1.16,10845
1.16,10844
1.17,10843
1.17,10842
1.17,10841
1.18,10840
1.18,10839
1.19,10838
1.19,10837
1.19,10836
1.20,10835
1.20,10834
1.20,10833
1.21,10832
1.21,10831
1.21,10830
1.21,10829
1.21,10828
1.23,10827
1.23,10826
1.23,10825
1.23,10824
1.23,10823
1.23,10822
1.23,10821
1.24,10820
1.25,10819
1.25,10818
1.26,10817
1.26,10816
1.26,10815
1.26,10814
1.27,10813
1.27,10812
1.27,10811
1.27,10810
1.28,10809
1.29,10808
1.29,10807
1.30,10806
1.30,10805
1.31,10804
1.31,10803
1.31,10802
1.32,10801
1.32,10800
1.32,10799
1.32,10798
1.33,10797
1.33,10796
1.33,10795
1.34,10794
1.34,10793
1.34,10792
1.34,10791
1.34,10790
1.36,10789
1.36,10788
1.36,10787
1.37,10786
1.37,10785
1.37,10784
1.37,10783
1.37,10782
1.39,10781
1.40,10780
1.40,10779
1.40,10778
1.41,10777
1.41,10776
1.41,10775
1.42,10774
1.42,10773
1.43,10772
1.44,10771
1.45,10770
1.45,10769
1.45,10768
1.45,10767
1.46,10766
1.46,10765
1.46,10764
1.47,10763
1.47,10762
1.47,10761
1.47,10760
1.48,10759
1.48,10758
1.48,10757
1.49,10756
1.49,10755
1.49,10754
1.49,10753
1.50,10752
1.50,10751
1.50,10750
1.51,10749
1.52,10748
1.52,10747
1.52,10746
1.52,10745
1.52,10744
1.53,10743
1.53,10742
1.53,10741
1.53,10740
1.53,10739
1.54,10738
1.54,10737
1.55,10736
1.55,10735
1.55,10734
1.56,10733
1.56,10732
1.57,10731
1.57,10730
1.57,10729
1.58,10728
1.59,10727
1.60,10726
1.60,10725
1.60,10724
1.60,10723
1.61,10722
1.62,10721
1.62,10720
1.64,10719
1.64,10718
1.64,10717
1.64,10716
1.65,10715
1.65,10714
1.66,10713
1.66,10712
1.66,10711
1.66,10710
1.66,10709
1.66,10708
1.68,10707
1.68,10706
1.68,10705
1.68,10704
1.68,10703
1.68,10702
1.68,10701
1.68,10700
1.68,10699
1.69,10698
1.69,10697
1.69,10696
1.70,10695
1.71,10694
1.71,10693
1.73,10692
1.73,10691
1.73,10690
1.73,10689
1.73,10688
1.73,10687
1.75,10686
1.75,10685
1.79,10684
1.79,10683
1.79,10682
1.80,10681
1.80,10680
1.80,10679
1.81,10678
1.81,10677
1.81,10676
1.82,10675
1.84,10674
1.84,10673
1.84,10672
1.87,10671
1.87,10670
1.88,10669
1.88,10668
1.88,10667
1.88,10666
1.88,10665
1.88,10664
1.91,10663
1.91,10662
1.91,10661
1.91,10660
1.92,10659
1.92,10658
1.94,10657
1.95,10656
1.96,10655
1.96,10654
1.96,10653
1.96,10652
1.97,10651
1.97,10650
1.97,10649
1.98,10648
1.98,10647
1.98,10646
1.99,10645
1.99,10644
1.99,10643
2.00,10642
2.04,10641
2.04,10640
2.05,10639
2.05,10638
2.05,10637
2.05,10636
2.05,10635
2.06,10634
2.07,10633
2.07,10632
2.07,10631
2.07,10630
2.07,10629
2.09,10628
2.09,10627
2.09,10626
2.09,10625
2.11,10624
2.11,10623
2.12,10622
2.12,10621
2.14,10620
2.14,10619
2.14,10618
2.14,10617
2.14,10616
2.14,10615
2.14,10614
2.15,10613
2.18,10612
2.18,10611
2.18,10610
2.18,10609
2.19,10608
2.20,10607
2.20,10606
2.20,10605
2.21,10604
2.21,10603
2.22,10602
2.22,10601
2.22,10600
2.23,10599
2.23,10598
2.23,10597
2.24,10596
2.25,10595
2.26,10594
2.26,10593
2.26,10592
2.27,10591
2.28,10590
2.28,10589
2.29,10588
2.30,10587
2.30,10586
2.30,10585
2.31,10584
2.31,10583
2.31,10582
2.33,10581
2.33,10580
2.34,10579
2.34,10578
2.34,10577
2.34,10576
2.35,10575
2.35,10574
2.35,10573
2.35,10572
2.35,10571
2.36,10570
2.36,10569
2.36,10568
2.37,10567
2.37,10566
2.38,10565
2.38,10564
2.38,10563
2.38,10562
2.38,10561
2.38,10560
2.39,10559
2.39,10558
2.39,10557
2.39,10556
2.39,10555
2.39,10554
2.42,10553
2.42,10552
2.43,10551
2.43,10550
2.44,10549
2.44,10548
2.44,10547
2.44,10546
2.45,10545
2.45,10544
2.45,10543
2.46,10542
2.46,10541
2.46,10540
2.46,10539
2.46,10538
2.53,10537
2.54,10536
2.54,10535
2.54,10534
2.54,10533
2.55,10532
2.56,10531
2.56,10530
2.56,10529
2.57,10528
2.57,10527
2.58,10526
2.58,10525
2.58,10524
2.59,10523
2.59,10522
2.59,10521
2.60,10520
2.60,10519
2.60,10518
2.60,10517
2.61,10516
2.61,10515
2.61,10514
2.61,10513
2.91,10512
2.91,10511
2.91,10510
2.91,10509
2.92,10508
2.92,10507
2.93,10506
2.94,10505
2.94,10504
2.96,10503
2.96,10502
2.96,10501
2.97,10500
2.97,10499
2.97,10498
2.98,10497
3.01,10496
3.01,10495
3.02,10494
3.02,10493
3.02,10492
3.02,10491
3.02,10490
3.04,10489
3.05,10488
3.06,10487
3.06,10486
3.09,10485
3.10,10484
3.10,10483
3.11,10482
3.15,10481
3.15,10480
3.15,10479
3.15,10478
3.16,10477
3.16,10476
3.16,10475
3.19,10474
3.20,10473
3.20,10472
3.20,10471
3.20,10470
3.21,10469
3.21,10468
3.21,10467
3.21,10466
3.21,10465
3.22,10464
3.22,10463
3.22,10462
3.24,10461
3.24,10460
3.25,10459
3.25,10458
3.25,10457
3.26,10456
3.26,10455
3.27,10454
3.28,10453
3.28,10452
3.30,10451
3.34,10450
3.37,10449
3.39,10448
3.39,10447
3.46,10446
3.46,10445
3.48,10444
3.48,10443
3.49,10442
3.49,10441
3.51,10440
3.51,10439
3.51,10438
3.51,10437
3.51,10436
3.52,10435
3.52,10434
3.52,10433
3.52,10432
3.53,10431
3.53,10430
3.54,10429
3.54,10428
3.54,10427
3.54,10426
3.54,10425
3.55,10424
3.56,10423
3.56,10422
3.56,10421
3.56,10420
3.57,10419
3.58,10418
3.58,10417
3.59,10416
3.59,10415
3.59,10414
3.64,10413
3.64,10412
3.65,10411
3.65,10410
3.65,10409
3.65,10408
3.65,10407
3.66,10406
3.66,10405
3.66,10404
3.67,10403
3.67,10402
3.67,10401
3.68,10400
3.68,10399
3.69,10398
3.69,10397
3.70,10396
3.74,10395
3.75,10394
3.75,10393
3.76,10392
3.83,10391
3.84,10390
3.84,10389
3.84,10388
3.84,10387
3.84,10386
3.84,10385
3.85,10384
3.85,10383
3.85,10382
3.86,10381
3.86,10380
3.88,10379
3.88,10378
3.89,10377
3.90,10376
3.91,10375
4.01,10374
4.01,10373
4.01,10372
4.02,10371
4.02,10370
4.06,10369
4.08,10368
4.09,10367
4.14,10366
4.17,10365
4.17,10364
4.17,10363
4.17,10362
4.17,10361
4.17,10360
4.17,10359
4.19,10358
4.20,10357
4.20,10356
4.20,10355
4.20,10354
4.21,10353
4.21,10352
4.21,10351
4.23,10350
4.23,10349
4.32,10348
4.33,10347
4.34,10346
4.35,10345
4.35,10344
4.36,10343
4.40,10342
4.42,10341
4.42,10340
4.42,10339
4.42,10338
4.43,10337
4.43,10336
4.48,10335
4.49,10334
4.49,10333
4.49,10332
4.49,10331
4.53,10330
4.53,10329
4.53,10328
4.54,10327
4.55,10326
4.55,10325
4.56,10324
4.60,10323
4.60,10322
4.60,10321
4.61,10320
4.62,10319
4.62,10318
4.62,10317
4.62,10316
4.62,10315
4.66,10314
4.66,10313
4.68,10312
4.69,10311
4.69,10310
4.69,10309
4.72,10308
4.73,10307
4.73,10306
4.74,10305
4.76,10304
4.76,10303
4.76,10302
4.77,10301
4.79,10300
4.82,10299
4.82,10298
4.85,10297
4.85,10296
4.85,10295
4.86,10294
4.86,10293
4.86,10292
4.88,10291
4.89,10290
4.89,10289
4.90,10288
4.94,10287
4.94,10286
4.94,10285
4.94,10284
5.00,10283
5.06,10282
5.06,10281
5.06,10280
5.06,10279
5.49,10278
5.49,10277
5.51,10276
5.62,10275
5.62,10274
5.63,10273
5.63,10272
5.68,10271
5.68,10270
5.72,10269
5.97,10268
5.97,10267
5.97,10266
5.97,10265
5.98,10264
6.00,10263
6.00,10262
6.00,10261
6.00,10260
6.01,10259
6.01,10258
6.02,10257
6.02,10256
6.02,10255
6.04,10254
6.04,10253
6.04,10252
6.04,10251
6.04,10250
6.04,10249
6.05,10248
6.06,10247
6.07,10246
6.07,10245
6.08,10244
6.10,10243
6.14,10242
6.14,10241
6.15,10240
6.15,10239
6.15,10238
6.15,10237
6.15,10236
6.15,10235
6.15,10234
6.16,10233
6.21,10232
6.22,10231
6.23,10230
6.23,10229
6.26,10228
6.28,10227
6.30,10226
6.36,10225
6.36,10224
6.37,10223
6.37,10222
6.37,10221
6.37,10220
6.37,10219
6.37,10218
6.39,10217
6.39,10216
6.39,10215
6.39,10214
6.39,10213
6.39,10212
6.41,10211
6.44,10210
6.45,10209
6.46,10208
6.49,10207
6.49,10206
6.50,10205
6.50,10204
6.50,10203
6.51,10202
6.81,10201
6.85,10200
6.87,10199
6.87,10198
6.87,10197
6.87,10196
6.89,10195
6.91,10194
6.91,10193
6.93,10192
6.95,10191
6.96,10190
6.99,10189
7.02,10188
7.03,10187
7.03,10186
7.04,10185
7.05,10184
7.05,10183
7.05,10182
7.06,10181
7.06,10180
7.06,10179
7.06,10178
7.07,10177
7.07,10176
7.07,10175
7.07,10174
7.08,10173
7.10,10172
7.10,10171
7.45,10170
7.47,10169
7.47,10168
7.48,10167
7.48,10166
7.48,10165
7.48,10164
7.48,10163
7.48,10162
7.50,10161
7.50,10160
7.50,10159
7.51,10158
7.51,10157
7.53,10156
7.53,10155
7.54,10154
7.54,10153
7.55,10152
7.57,10151
7.57,10150
7.57,10149
7.63,10148
7.63,10147
7.82,10146
7.82,10145
7.83,10144
7.83,10143
7.84,10142
7.84,10141
7.84,10140
7.87,10139
7.87,10138
7.88,10137
7.90,10136
7.90,10135
7.97,10134
7.98,10133
7.99,10132
7.99,10131
7.99,10130
7.99,10129
8.07,10128
8.09,10127
8.09,10126
8.09,10125
8.09,10124
8.11,10123
8.11,10122
8.11,10121
8.12,10120
8.14,10119
8.15,10118
8.16,10117
8.18,10116
8.20,10115
8.20,10114
8.21,10113
8.21,10112
8.21,10111
8.22,10110
8.24,10109
8.24,10108
8.30,10107
8.31,10106
8.32,10105
8.33,10104
8.33,10103
8.34,10102
8.34,10101
8.34,10100
8.34,10099
8.35,10098
8.35,10097
8.36,10096
8.38,10095
8.38,10094
8.38,10093
8.39,10092
8.39,10091
8.40,10090
8.40,10089
8.40,10088
8.53,10087
8.53,10086
8.53,10085
8.53,10084
8.56,10083
8.56,10082
8.57,10081
8.60,10080
8.61,10079
8.63,10078
8.63,10077
8.73,10076
8.73,10075
8.73,10074
8.73,10073
8.75,10072
8.93,10071
8.95,10070
8.95,10069
8.95,10068
8.95,10067
8.96,10066
8.96,10065
8.97,10064
8.97,10063
9.02,10062
9.02,10061
9.02,10060
9.03,10059
9.04,10058
9.05,10057
9.06,10056
9.06,10055
9.06,10054
9.07,10053
9.08,10052
9.10,10051
9.11,10050
9.11,10049
9.11,10048
9.12,10047
9.12,10046
9.13,10045
9.13,10044
9.14,10043
9.18,10042
9.18,10041
9.19,10040
9.19,10039
9.19,10038
9.21,10037
9.21,10036
9.27,10035
9.27,10034
9.27,10033
9.27,10032
9.48,10031
9.48,10030
9.53,10029
9.53,10028
9.54,10027
9.54,10026
9.54,10025
9.57,10024
9.57,10023
9.57,10022
9.58,10021
9.58,10020
9.66,10019
9.79,10018
9.79,10017
9.87,10016
9.88,10015
9.96,10014
9.96,10013
9.96,10012
9.99,10011
10.00,10010
10.01,10009
10.05,10008
10.05,10007
10.06,10006
10.07,10005
10.07,10004
10.07,10003
10.07,10002
10.07,10001
10.08,10000
10.08,9999
10.08,9998
10.11,9997
10.11,9996
10.14,9995
10.14,9994
10.14,9993
10.16,9992
10.31,9991
10.32,9990
10.32,9989
10.33,9988
10.34,9987
10.34,9986
10.36,9985
10.38,9984
10.48,9983
10.49,9982
10.51,9981
10.51,9980
10.51,9979
10.52,9978
10.52,9977
10.53,9976
10.54,9975
10.61,9974
10.63,9973
10.63,9972
10.63,9971
10.67,9970
10.68,9969
10.70,9968
10.71,9967
10.71,9966
10.71,9965
10.71,9964
10.71,9963
10.71,9962
10.72,9961
10.74,9960
10.74,9959
10.75,9958
10.76,9957
10.76,9956
10.76,9955
10.90,9954
10.90,9953
10.93,9952
10.93,9951
10.98,9950
10.99,9949
10.99,9948
10.99,9947
10.99,9946
11.00,9945
11.00,9944
11.04,9943
11.04,9942
11.04,9941
11.05,9940
11.05,9939
11.05,9938
11.09,9937
11.09,9936
11.14,9935
11.15,9934
11.15,9933
11.15,9932
11.15,9931
11.15,9930
11.19,9929
11.19,9928
11.24,9927
11.43,9926
11.43,9925
11.43,9924
11.43,9923
11.50,9922
11.51,9921
11.51,9920
11.54,9919
11.54,9918
11.55,9917
11.56,9916
11.56,9915
11.57,9914
11.58,9913
11.58,9912
11.59,9911
11.59,9910
11.60,9909
11.60,9908
11.60,9907
11.60,9906
11.60,9905
11.62,9904
11.62,9903
11.62,9902
11.62,9901
11.62,9900
11.63,9899
11.64,9898
11.64,9897
11.65,9896
11.65,9895
11.65,9894
11.65,9893
11.75,9892
11.75,9891
11.75,9890
11.76,9889
11.77,9888
11.77,9887
11.77,9886
12.93,9885
12.95,9884
12.95,9883
12.96,9882
13.02,9881
13.02,9880
16.95,9879
16.98,9878
16.98,9877
16.98,9876
16.99,9875
16.99,9874
17.04,9873
17.04,9872
17.04,9871
17.05,9870
17.05,9869
17.05,9868
17.06,9867
17.15,9866
17.15,9865
17.16,9864
17.16,9863
17.25,9862
19.78,9861
19.78,9860
19.78,9859
19.79,9858
19.80,9857
19.80,9856
19.80,9855
19.80,9854
19.80,9853
19.80,9852
19.83,9851
19.86,9850
19.87,9849
19.88,9848
19.88,9847
19.92,9846
19.92,9845
19.93,9844
20.79,9843
20.79,9842
20.79,9841
20.79,9840
20.79,9839
21.34,9838
21.34,9837
21.34,9836
21.36,9835
21.36,9834
21.36,9833
21.38,9832
21.38,9831
21.38,9830
21.40,9829
21.40,9828
21.40,9827
21.40,9826
21.40,9825
21.57,9824
21.59,9823
21.59,9822
21.60,9821
21.60,9820
21.60,9819
21.61,9818
22.29,9817
22.32,9816
22.41,9815
22.42,9814
22.42,9813
22.43,9812
22.44,9811
22.44,9810
22.45,9809
22.48,9808
22.51,9807
22.51,9806
22.88,9805
22.88,9804
22.88,9803
22.89,9802
23.46,9801
23.48,9800
23.49,9799
23.65,9798
23.65,9797
23.69,9796
24.74,9795
24.74,9794
24.76,9793
24.76,9792
24.76,9791
24.79,9790
24.79,9789
24.79,9788
24.79,9787
24.80,9786
24.81,9785
24.83,9784
24.84,9783
24.84,9782
24.87,9781
24.88,9780
24.91,9779
24.92,9778
24.94,9777
24.94,9776
24.94,9775
24.94,9774
25.13,9773
25.16,9772
26.23,9771
26.23,9770
26.29,9769
26.30,9768
40.35,9767
40.36,9766
40.38,9765
40.38,9764
40.78,9763
40.78,9762
40.79,9761
40.79,9760
40.79,9759
40.79,9758
40.80,9757
40.80,9756
40.80,9755
40.81,9754
40.82,9753
40.83,9752
40.84,9751
40.84,9750
40.90,9749
40.93,9748
40.93,9747
40.97,9746
40.98,9745
40.98,9744
41.01,9743
41.33,9742
41.40,9741
41.43,9740
41.45,9739
43.99,9738
43.99,9737
43.99,9736
44.00,9735
44.01,9734
44.40,9733
44.46,9732
44.47,9731
44.47,9730
44.47,9729
44.66,9728
44.67,9727
44.73,9726
44.77,9725
45.00,9724
45.00,9723
45.00,9722
46.43,9721
47.29,9720
47.29,9719
47.91,9718
47.92,9717
47.92,9716
47.93,9715
47.94,9714
47.94,9713
47.94,9712
47.94,9711
47.94,9710
47.94,9709
47.94,9708
47.94,9707
47.95,9706
47.95,9705
47.97,9704
47.97,9703
47.97,9702
47.98,9701
47.98,9700
48.00,9699
48.00,9698
48.00,9697
48.00,9696
48.00,9695
48.01,9694
48.02,9693
53.03,9692
53.03,9691
53.04,9690
53.04,9689
53.04,9688
53.04,9687
53.06,9686
63.28,9685
63.28,9684
63.28,9683
63.28,9682
63.30,9681
63.31,9680
64.80,9679
64.80,9678
64.87,9677
64.87,9676
64.88,9675
64.88,9674
64.89,9673
64.89,9672
64.89,9671
64.91,9670
64.91,9669
64.91,9668
64.93,9667
66.41,9666
66.42,9665
66.62,9664
68.16,9663
68.17,9662
68.17,9661
68.82,9660
70.31,9659
70.31,9658
70.31,9657
70.39,9656
70.40,9655
70.52,9654
70.52,9653
70.54,9652
70.54,9651
70.57,9650
70.58,9649
70.59,9648
70.59,9647
70.59,9646
70.60,9645
70.60,9644
70.61,9643
70.63,9642
70.63,9641
70.64,9640
70.64,9639
70.64,9638
70.65,9637
70.66,9636
73.09,9635
80.59,9634
80.85,9633
80.86,9632
80.86,9631
80.86,9630
80.86,9629
81.46,9628
81.47,9627
81.53,9626
81.54,9625
81.59,9624
81.59,9623
82.77,9622
82.77,9621
82.77,9620
82.77,9619
82.77,9618
82.77,9617
82.78,9616
82.78,9615
82.79,9614
82.80,9613
82.80,9612
82.83,9611
82.83,9610
82.85,9609
82.89,9608
82.97,9607
82.97,9606
82.98,9605
82.98,9604
82.98,9603
82.99,9602
82.99,9601
82.99,9600
83.01,9599
83.01,9598
83.01,9597
83.03,9596
88.29,9595
88.29,9594
88.29,9593
88.35,9592
88.38,9591
88.38,9590
89.13,9589
89.13,9588
89.20,9587
89.23,9586
89.23,9585
89.23,9584
89.27,9583
89.27,9582
89.29,9581
89.32,9580
89.32,9579
90.36,9578
90.37,9577
90.43,9576
90.45,9575
90.45,9574
90.45,9573
90.45,9572
90.45,9571
90.46,9570
90.46,9569
90.46,9568
90.46,9567
90.46,9566
90.49,9565
90.49,9564
90.49,9563
90.50,9562
90.50,9561
90.50,9560
90.51,9559
90.51,9558
90.55,9557
90.55,9556
90.57,9555
90.62,9554
108.25,9553
108.25,9552
108.25,9551
108.27,9550
108.28,9549
108.28,9548
108.28,9547
108.29,9546
109.23,9545
109.23,9544
109.26,9543
109.26,9542
109.28,9541
109.28,9540
109.28,9539
109.59,9538
109.59,9537
109.88,9536
109.90,9535
109.91,9534
109.92,9533
110.03,9532
110.03,9531
110.05,9530
110.06,9529
110.06,9528
111.26,9527
111.27,9526
111.27,9525
111.31,9524
111.32,9523
111.45,9522
111.45,9521
111.98,9520
112.00,9519
112.00,9518
112.02,9517
112.02,9516
112.03,9515
122.27,9514
122.28,9513
122.28,9512
124.66,9511
124.66,9510
124.83,9509
124.83,9508
124.83,9507
124.86,9506
124.87,9505
124.88,9504
124.88,9503
124.97,9502
124.97,9501
125.00,9500
134.62,9499
134.62,9498
134.69,9497
134.72,9496
134.72,9495
134.73,9494
134.74,9493
134.75,9492
134.75,9491
134.76,9490
134.82,9489
134.82,9488
134.83,9487
134.83,9486
134.83,9485
134.84,9484
134.85,9483
134.85,9482
134.85,9481
134.86,9480
135.07,9479
135.08,9478
135.10,9477
135.11,9476
135.11,9475
135.38,9474
135.38,9473
135.43,9472
135.43,9471
135.44,9470
135.53,9469
135.54,9468
135.54,9467
135.54,9466
135.54,9465
136.50,9464
136.54,9463
136.55,9462
136.55,9461
136.57,9460
136.57,9459
136.57,9458
137.11,9457
137.11,9456
137.11,9455
137.12,9454
137.17,9453
137.19,9452
137.32,9451
137.33,9450
137.33,9449
137.33,9448
137.33,9447
137.33,9446
137.59,9445
137.61,9444
137.61,9443
137.63,9442
137.63,9441
137.64,9440
137.64,9439
137.67,9438
137.87,9437
137.89,9436
137.89,9435
137.90,9434
137.92,9433
137.92,9432
137.92,9431
137.92,9430
137.93,9429
137.93,9428
137.93,9427
137.93,9426
137.93,9425
137.93,9424
137.94,9423
137.94,9422
137.94,9421
138.02,9420
138.02,9419
138.03,9418
138.04,9417
138.04,9416
138.04,9415
138.04,9414
138.05,9413
138.08,9412
138.08,9411
138.09,9410
138.11,9409
138.11,9408
138.45,9407
138.54,9406
138.54,9405
138.55,9404
138.73,9403
138.73,9402
138.73,9401
138.73,9400
138.73,9399
138.73,9398
138.74,9397
138.74,9396
138.74,9395
138.76,9394
138.90,9393
138.90,9392
138.94,9391
138.94,9390
138.96,9389
139.13,9388
139.13,9387
139.14,9386
139.16,9385
139.23,9384
152.35,9383
152.36,9382
153.10,9381
153.10,9380
153.23,9379
153.27,9378
154.02,9377
154.27,9376
154.28,9375
154.29,9374
154.29,9373
154.29,9372
154.30,9371
154.30,9370
154.33,9369
154.33,9368
154.33,9367
154.33,9366
154.34,9365
154.37,9364
155.16,9363
155.16,9362
155.19,9361
155.19,9360
155.19,9359
155.20,9358
155.27,9357
155.27,9356
155.29,9355
155.29,9354
155.29,9353
155.29,9352
155.32,9351
155.32,9350
155.33,9349
155.35,9348
155.41,9347
155.41,9346
155.56,9345
155.56,9344
155.57,9343
155.57,9342
157.23,9341
157.31,9340
157.31,9339
157.31,9338
157.32,9337
157.32,9336
157.33,9335
158.46,9334
158.47,9333
159.27,9332
159.27,9331
159.27,9330
159.27,9329
159.27,9328
159.27,9327
159.45,9326
159.75,9325
159.76,9324
159.76,9323
160.25,9322
160.26,9321
160.26,9320
160.35,9319
160.95,9318
160.96,9317
160.97,9316
161.02,9315
161.02,9314
161.03,9313
161.04,9312
161.04,9311
161.05,9310
161.05,9309
161.05,9308
161.05,9307
161.06,9306
161.06,9305
161.65,9304
161.72,9303
161.72,9302
161.72,9301
161.73,9300
161.74,9299
161.77,9298
162.32,9297
162.37,9296
162.37,9295
162.41,9294
162.41,9293
162.42,9292
162.42,9291
162.42,9290
162.43,9289
162.43,9288
162.78,9287
162.78,9286
164.21,9285
164.22,9284
164.23,9283
164.57,9282
164.59,9281
164.60,9280
164.61,9279
164.67,9278
164.68,9277
164.68,9276
164.73,9275
164.73,9274
164.74,9273
164.78,9272
165.36,9271
165.36,9270
165.39,9269
165.40,9268
165.40,9267
165.40,9266
165.40,9265
165.40,9264
165.41,9263
165.41,9262
165.41,9261
165.41,9260
165.42,9259
165.46,9258
165.56,9257
165.57,9256
165.58,9255
165.58,9254
165.59,9253
166.23,9252
168.17,9251
168.17,9250
168.37,9249
168.39,9248
168.42,9247
168.42,9246
168.43,9245
168.43,9244
168.49,9243
168.50,9242
168.50,9241
168.51,9240
168.52,9239
168.52,9238
168.63,9237
168.63,9236
168.63,9235
171.37,9234
171.40,9233
171.41,9232
171.41,9231
171.42,9230
171.44,9229
171.44,9228
171.51,9227
171.51,9226
171.53,9225
171.58,9224
171.58,9223
171.59,9222
171.60,9221
171.60,9220
171.60,9219
171.64,9218
172.12,9217
172.20,9216
172.20,9215
172.20,9214
172.21,9213
172.21,9212
172.22,9211
172.22,9210
172.22,9209
172.22,9208
172.23,9207
172.32,9206
172.38,9205
172.41,9204
172.41,9203
172.57,9202
172.57,9201
172.57,9200
172.58,9199
172.58,9198
172.58,9197
172.60,9196
172.61,9195
172.61,9194
176.65,9193
176.71,9192
176.73,9191
177.16,9190
177.16,9189
177.21,9188
177.22,9187
177.22,9186
177.41,9185
177.42,9184
178.09,9183
178.15,9182
178.21,9181
178.22,9180
178.22,9179
178.25,9178
178.26,9177
178.27,9176
178.27,9175
178.27,9174
178.30,9173
178.30,9172
178.31,9171
178.31,9170
178.31,9169
178.31,9168
178.32,9167
178.32,9166
178.32,9165
178.33,9164
178.34,9163
178.35,9162
178.38,9161
178.38,9160
178.38,9159
178.42,9158
178.44,9157
178.44,9156
180.10,9155
180.18,9154
180.18,9153
180.18,9152
180.19,9151
180.20,9150
180.56,9149
180.62,9148
180.62,9147
180.63,9146
180.89,9145
180.90,9144
180.91,9143
180.91,9142
180.92,9141
180.93,9140
180.93,9139
180.93,9138
180.94,9137
180.99,9136
181.00,9135
181.00,9134
181.01,9133
181.01,9132
181.01,9131
182.48,9130
182.48,9129
182.49,9128
182.52,9127
182.55,9126
182.58,9125
182.64,9124
183.11,9123
183.13,9122
183.73,9121
183.73,9120
186.11,9119
186.11,9118
186.12,9117
186.12,9116
186.12,9115
186.23,9114
186.24,9113
186.25,9112
186.25,9111
186.25,9110
186.28,9109
186.28,9108
186.28,9107
186.36,9106
186.36,9105
186.36,9104
186.38,9103
186.38,9102
186.38,9101
186.39,9100
186.39,9099
186.39,9098
186.55,9097
186.62,9096
186.79,9095
186.79,9094
186.86,9093
186.89,9092
186.94,9091
187.00,9090
187.01,9089
187.10,9088
187.10,9087
187.12,9086
187.12,9085
187.17,9084
187.17,9083
187.18,9082
187.20,9081
187.22,9080
187.23,9079
187.24,9078
187.24,9077
187.25,9076
187.25,9075
187.43,9074
187.43,9073
187.44,9072
187.44,9071
187.44,9070
187.69,9069
188.80,9068
188.82,9067
188.90,9066
188.99,9065
189.00,9064
189.13,9063
189.13,9062
189.14,9061
189.14,9060
189.17,9059
190.07,9058
190.12,9057
190.18,9056
190.18,9055
190.39,9054
190.40,9053
190.40,9052
190.66,9051
190.71,9050
190.71,9049
190.71,9048
190.72,9047
190.73,9046
190.73,9045
190.73,9044
190.74,9043
190.75,9042
190.75,9041
190.76,9040
190.82,9039
191.63,9038
191.63,9037
191.64,9036
191.64,9035
191.65,9034
191.66,9033
191.66,9032
191.69,9031
191.70,9030
191.70,9029
191.71,9028
191.71,9027
191.71,9026
191.72,9025
191.72,9024
191.72,9023
191.72,9022
191.93,9021
191.96,9020
191.96,9019
192.68,9018
192.71,9017
192.74,9016
192.74,9015
192.75,9014
192.78,9013
192.79,9012
192.80,9011
192.80,9010
193.04,9009
193.06,9008
193.06,9007
193.08,9006
193.08,9005
193.12,9004
193.20,9003
193.21,9002
193.42,9001
193.42,9000
193.44,8999
193.44,8998
193.44,8997
193.58,8996
194.08,8995
194.18,8994
194.18,8993
194.18,8992
194.19,8991
194.19,8990
194.19,8989
194.19,8988
194.19,8987
194.19,8986
194.20,8985
194.20,8984
194.21,8983
194.22,8982
194.23,8981
194.26,8980
194.26,8979
194.26,8978
194.28,8977
194.28,8976
194.53,8975
194.53,8974
194.53,8973
194.53,8972
194.57,8971
194.58,8970
194.61,8969
194.62,8968
194.62,8967
194.78,8966
194.78,8965
194.86,8964
194.90,8963
194.90,8962
194.91,8961
194.91,8960
194.92,8959
194.95,8958
194.96,8957
194.96,8956
194.97,8955
194.98,8954
194.98,8953
194.99,8952
194.99,8951
195.03,8950
195.49,8949
195.57,8948
195.58,8947
195.58,8946
195.58,8945
195.60,8944
195.85,8943
195.85,8942
196.76,8941
196.79,8940
196.80,8939
197.22,8938
197.23,8937
197.23,8936
197.24,8935
197.25,8934
198.17,8933
198.29,8932
198.29,8931
198.32,8930
198.32,8929
198.32,8928
198.32,8927
198.33,8926
198.33,8925
198.34,8924
198.34,8923
198.36,8922
198.37,8921
198.37,8920
198.38,8919
198.39,8918
198.40,8917
198.40,8916
198.40,8915
198.42,8914
198.43,8913
198.43,8912
198.43,8911
198.44,8910
198.53,8909
198.53,8908
198.53,8907
198.76,8906
198.79,8905
198.81,8904
198.81,8903
198.92,8902
198.92,8901
198.97,8900
198.97,8899
199.73,8898
199.79,8897
199.87,8896
199.88,8895
199.89,8894
199.89,8893
200.20,8892
200.21,8891
200.25,8890
200.25,8889
200.25,8888
200.25,8887
200.81,8886
200.82,8885
200.87,8884
200.87,8883
200.91,8882
200.91,8881
201.04,8880
201.06,8879
201.06,8878
201.06,8877
201.06,8876
201.07,8875
201.07,8874
201.08,8873
201.08,8872
201.08,8871
201.09,8870
201.12,8869
201.13,8868
201.14,8867
201.20,8866
201.20,8865
201.20,8864
201.21,8863
201.22,8862
201.26,8861
201.44,8860
201.46,8859
201.46,8858
201.99,8857
202.03,8856
202.05,8855
202.05,8854
202.07,8853
202.07,8852
202.07,8851
202.07,8850
202.15,8849
202.15,8848
202.16,8847
202.16,8846
202.17,8845
202.24,8844
202.24,8843
202.24,8842
202.24,8841
202.24,8840
202.25,8839
202.25,8838
202.51,8837
202.51,8836
202.51,8835
202.55,8834
202.55,8833
202.56,8832
202.56,8831
202.56,8830
202.56,8829
202.67,8828
202.68,8827
209.62,8826
209.63,8825
209.64,8824
209.87,8823
209.88,8822
209.88,8821
209.90,8820
209.92,8819
209.92,8818
209.92,8817
209.97,8816
209.97,8815
209.97,8814
209.97,8813
210.03,8812
210.04,8811
210.05,8810
210.14,8809
210.14,8808
210.14,8807
210.15,8806
210.15,8805
210.16,8804
210.16,8803
210.31,8802
210.34,8801
210.34,8800
210.55,8799
210.56,8798
210.57,8797
210.58,8796
210.83,8795
210.84,8794
210.84,8793
210.84,8792
210.91,8791
210.91,8790
210.92,8789
210.97,8788
211.03,8787
211.03,8786
211.04,8785
211.06,8784
211.07,8783
211.07,8782
211.12,8781
211.14,8780
211.14,8779
211.14,8778
211.17,8777
211.21,8776
211.22,8775
211.22,8774
211.39,8773
211.40,8772
211.49,8771
211.52,8770
211.53,8769
211.53,8768
211.53,8767
211.57,8766
211.58,8765
211.63,8764
211.64,8763
211.66,8762
211.66,8761
211.66,8760
211.67,8759
211.69,8758
211.70,8757
211.70,8756
211.74,8755
211.75,8754
211.75,8753
213.87,8752
213.87,8751
213.88,8750
213.88,8749
213.88,8748
213.88,8747
213.90,8746
213.91,8745
213.91,8744
213.92,8743
214.04,8742
214.10,8741
214.13,8740
214.21,8739
214.23,8738
214.23,8737
214.23,8736
214.23,8735
214.24,8734
214.24,8733
214.25,8732
214.25,8731
214.30,8730
214.31,8729
214.32,8728
214.32,8727
214.32,8726
217.02,8725
217.06,8724
217.07,8723
217.07,8722
217.09,8721
217.09,8720
217.16,8719
217.16,8718
217.19,8717
217.47,8716
217.49,8715
217.52,8714
217.52,8713
217.54,8712
217.55,8711
217.56,8710
217.62,8709
217.62,8708
217.63,8707
218.17,8706
218.21,8705
218.21,8704
218.22,8703
218.30,8702
218.30,8701
218.31,8700
218.31,8699
218.32,8698
218.40,8697
218.41,8696
219.07,8695
219.08,8694
219.08,8693
219.13,8692
219.15,8691
219.18,8690
219.18,8689
219.19,8688
219.19,8687
219.20,8686
219.20,8685
219.22,8684
219.25,8683
219.25,8682
219.31,8681
219.32,8680
219.32,8679
219.34,8678
219.34,8677
219.36,8676
219.47,8675
219.48,8674
219.49,8673
219.67,8672
219.71,8671
219.73,8670
219.74,8669
219.74,8668
219.77,8667
219.77,8666
219.77,8665
221.19,8664
221.19,8663
221.21,8662
221.22,8661
221.27,8660
221.38,8659
221.38,8658
221.38,8657
221.41,8656
221.44,8655
221.50,8654
221.51,8653
221.82,8652
221.82,8651
221.83,8650
221.83,8649
221.84,8648
221.86,8647
221.88,8646
221.91,8645
221.92,8644
221.95,8643
222.12,8642
222.14,8641
222.17,8640
222.17,8639
222.18,8638
222.18,8637
222.21,8636
222.21,8635
222.30,8634
222.31,8633
222.32,8632
222.33,8631
222.43,8630
222.45,8629
222.46,8628
222.67,8627
222.77,8626
222.79,8625
222.81,8624
222.83,8623
222.96,8622
223.70,8621
226.17,8620
226.17,8619
226.22,8618
227.75,8617
227.77,8616
227.78,8615
227.79,8614
227.79,8613
227.92,8612
227.92,8611
227.92,8610
227.93,8609
227.94,8608
227.94,8607
227.95,8606
228.07,8605
228.08,8604
228.09,8603
228.11,8602
228.28,8601
228.28,8600
228.28,8599
228.30,8598
228.30,8597
228.31,8596
228.61,8595
228.72,8594
228.73,8593
228.73,8592
228.78,8591
228.78,8590
228.79,8589
228.79,8588
228.80,8587
228.80,8586
228.81,8585
228.81,8584
228.84,8583
228.84,8582
228.95,8581
228.97,8580
228.98,8579
228.98,8578
228.99,8577
228.99,8576
228.99,8575
229.01,8574
229.48,8573
229.50,8572
229.51,8571
229.54,8570
229.55,8569
229.60,8568
229.66,8567
229.68,8566
229.70,8565
229.71,8564
229.83,8563
229.94,8562
230.00,8561
230.02,8560
230.02,8559
230.02,8558
232.17,8557
232.20,8556
232.20,8555
232.21,8554
232.24,8553
232.52,8552
232.53,8551
232.56,8550
232.58,8549
232.64,8548
232.99,8547
232.99,8546
233.00,8545
233.01,8544
233.01,8543
233.05,8542
233.06,8541
233.09,8540
233.13,8539
233.14,8538
233.14,8537
233.14,8536
233.15,8535
233.16,8534
233.16,8533
233.16,8532
233.21,8531
233.22,8530
233.24,8529
233.27,8528
233.27,8527
233.29,8526
233.39,8525
233.41,8524
233.42,8523
233.43,8522
233.45,8521
233.51,8520
233.52,8519
233.53,8518
233.53,8517
233.56,8516
233.59,8515
233.69,8514
234.17,8513
235.14,8512
235.16,8511
235.16,8510
235.17,8509
235.29,8508
235.30,8507
235.42,8506
235.42,8505
235.53,8504
235.54,8503
235.58,8502
235.58,8501
235.64,8500
235.75,8499
235.96,8498
235.96,8497
235.97,8496
236.23,8495
236.23,8494
236.24,8493
236.26,8492
236.26,8491
236.28,8490
236.33,8489
236.39,8488
236.40,8487
236.40,8486
236.40,8485
236.40,8484
236.41,8483
236.42,8482
236.43,8481
236.52,8480
236.52,8479
236.52,8478
236.52,8477
236.53,8476
236.55,8475
236.62,8474
236.74,8473
236.78,8472
236.79,8471
236.85,8470
236.86,8469
236.86,8468
236.86,8467
236.88,8466
236.97,8465
237.02,8464
237.02,8463
237.10,8462
237.27,8461
237.37,8460
237.37,8459
237.37,8458
237.40,8457
237.42,8456
237.51,8455
237.58,8454
237.62,8453
237.62,8452
237.62,8451
240.10,8450
240.10,8449
240.11,8448
240.12,8447
240.15,8446
240.15,8445
240.30,8444
240.31,8443
240.32,8442
240.37,8441
240.38,8440
240.44,8439
240.45,8438
240.45,8437
240.45,8436
241.32,8435
241.33,8434
241.36,8433
241.36,8432
241.36,8431
241.36,8430
241.40,8429
241.40,8428
241.41,8427
241.41,8426
241.41,8425
241.41,8424
241.41,8423
241.46,8422
241.46,8421
241.57,8420
242.04,8419
243.85,8418
243.89,8417
243.92,8416
244.37,8415
244.39,8414
244.40,8413
244.70,8412
245.18,8411
245.19,8410
245.20,8409
245.21,8408
246.18,8407
246.18,8406
246.18,8405
246.32,8404
246.32,8403
247.15,8402
247.16,8401
247.17,8400
247.19,8399
247.20,8398
247.23,8397
247.24,8396
247.24,8395
247.26,8394
247.27,8393
247.30,8392
247.30,8391
247.32,8390
247.32,8389
247.37,8388
247.38,8387
247.48,8386
247.48,8385
247.49,8384
247.50,8383
247.51,8382
247.59,8381
247.73,8380
247.85,8379
247.92,8378
247.92,8377
248.01,8376
248.40,8375
248.41,8374
248.41,8373
248.42,8372
248.43,8371
248.45,8370
248.45,8369
248.45,8368
248.46,8367
248.46,8366
248.47,8365
248.47,8364
248.47,8363
248.47,8362
248.49,8361
248.49,8360
248.52,8359
248.52,8358
248.54,8357
248.55,8356
248.56,8355
248.59,8354
248.60,8353
249.34,8352
249.35,8351
249.37,8350
249.37,8349
249.41,8348
249.42,8347
249.42,8346
249.42,8345
249.43,8344
249.43,8343
249.44,8342
249.45,8341
249.47,8340
249.48,8339
249.48,8338
249.62,8337
249.66,8336
249.73,8335
249.73,8334
249.73,8333
249.75,8332
249.75,8331
250.23,8330
250.24,8329
250.27,8328
250.28,8327
250.29,8326
250.34,8325
250.34,8324
250.43,8323
250.43,8322
250.44,8321
250.45,8320
250.45,8319
250.45,8318
250.46,8317
250.47,8316
250.48,8315
252.51,8314
252.54,8313
252.55,8312
252.56,8311
252.57,8310
252.60,8309
252.62,8308
252.62,8307
252.62,8306
252.65,8305
252.66,8304
252.75,8303
252.77,8302
255.92,8301
255.93,8300
255.93,8299
255.95,8298
255.97,8297
255.98,8296
255.99,8295
256.01,8294
256.03,8293
256.07,8292
256.08,8291
256.08,8290
256.09,8289
256.12,8288
256.14,8287
256.15,8286
256.15,8285
256.15,8284
256.69,8283
258.71,8282
258.74,8281
258.75,8280
258.79,8279
258.81,8278
259.49,8277
259.50,8276
259.50,8275
259.83,8274
260.44,8273
260.50,8272
260.50,8271
260.53,8270
260.54,8269
260.70,8268
260.72,8267
260.74,8266
260.92,8265
260.92,8264
260.92,8263
262.31,8262
262.31,8261
262.31,8260
262.32,8259
262.39,8258
262.46,8257
262.61,8256
262.61,8255
262.62,8254
262.63,8253
262.64,8252
262.68,8251
262.69,8250
262.70,8249
262.70,8248
262.71,8247
262.77,8246
262.92,8245
262.93,8244
262.93,8243
263.09,8242
263.12,8241
264.36,8240
264.36,8239
264.38,8238
264.42,8237
264.51,8236
265.32,8235
265.32,8234
265.32,8233
265.58,8232
265.61,8231
269.63,8230
269.63,8229
269.69,8228
269.70,8227
271.25,8226
271.33,8225
271.34,8224
271.35,8223
272.13,8222
272.17,8221
272.51,8220
272.51,8219
272.53,8218
272.53,8217
272.53,8216
272.56,8215
272.56,8214
272.56,8213
272.62,8212
272.62,8211
272.63,8210
272.67,8209
272.67,8208
272.80,8207
272.82,8206
272.82,8205
273.35,8204
273.35,8203
273.36,8202
273.37,8201
273.39,8200
273.39,8199
273.39,8198
273.39,8197
273.41,8196
273.41,8195
273.44,8194
273.44,8193
273.49,8192
273.49,8191
273.50,8190
273.51,8189
273.52,8188
273.63,8187
273.66,8186
273.72,8185
273.72,8184
273.73,8183
273.75,8182
273.78,8181
273.87,8180
273.87,8179
273.89,8178
273.94,8177
273.95,8176
274.02,8175
274.02,8174
274.04,8173
274.06,8172
274.13,8171
274.14,8170
274.16,8169
274.18,8168
274.18,8167
274.19,8166
274.26,8165
274.27,8164
274.51,8163
274.52,8162
274.63,8161
274.64,8160
274.65,8159
274.66,8158
274.66,8157
274.66,8156
274.69,8155
274.70,8154
274.71,8153
274.71,8152
274.79,8151
274.79,8150
274.80,8149
274.82,8148
274.84,8147
274.84,8146
274.85,8145
274.86,8144
275.13,8143
275.24,8142
275.28,8141
275.28,8140
275.32,8139
275.38,8138
275.39,8137
275.39,8136
275.39,8135
275.39,8134
276.32,8133
276.35,8132
276.65,8131
276.66,8130
276.68,8129
276.73,8128
278.14,8127
278.14,8126
278.20,8125
278.21,8124
278.22,8123
278.79,8122
278.79,8121
278.85,8120
278.91,8119
278.91,8118
279.00,8117
280.06,8116
280.07,8115
280.41,8114
280.49,8113
280.59,8112
280.60,8111
280.67,8110
280.67,8109
280.71,8108
280.72,8107
280.73,8106
280.73,8105
280.73,8104
280.80,8103
280.89,8102
280.96,8101
280.97,8100
280.99,8099
281.04,8098
281.04,8097
281.05,8096
281.05,8095
281.08,8094
281.08,8093
281.13,8092
281.14,8091
281.25,8090
281.27,8089
281.31,8088
281.31,8087
281.54,8086
281.55,8085
281.56,8084
281.71,8083
281.72,8082
281.72,8081
281.72,8080
281.73,8079
281.73,8078
282.85,8077
282.88,8076
283.25,8075
283.37,8074
283.37,8073
284.03,8072
284.05,8071
284.09,8070
287.56,8069
287.56,8068
287.57,8067
287.57,8066
287.57,8065
287.59,8064
287.62,8063
287.88,8062
287.89,8061
287.92,8060
288.06,8059
288.07,8058
288.18,8057
288.21,8056
288.23,8055
288.27,8054
288.27,8053
288.27,8052
288.29,8051
288.29,8050
288.29,8049
288.32,8048
288.89,8047
288.96,8046
289.07,8045
289.29,8044
289.32,8043
289.34,8042
289.36,8041
289.37,8040
289.58,8039
289.59,8038
289.59,8037
289.69,8036
289.69,8035
289.70,8034
289.71,8033
289.75,8032
289.76,8031
289.76,8030
289.77,8029
289.94,8028
291.04,8027
291.13,8026
291.14,8025
291.17,8024
291.75,8023
291.77,8022
291.77,8021
292.58,8020
292.68,8019
292.68,8018
292.76,8017
292.77,8016
292.81,8015
292.85,8014
292.85,8013
292.85,8012
292.86,8011
294.88,8010
294.88,8009
295.09,8008
295.11,8007
295.11,8006
295.43,8005
295.61,8004
295.63,8003
295.65,8002
295.69,8001
295.69,8000
295.84,7999
295.96,7998
296.05,7997
296.20,7996
296.21,7995
296.22,7994
297.06,7993
297.31,7992
297.31,7991
297.33,7990
297.34,7989
297.34,7988
297.35,7987
297.38,7986
297.40,7985
297.97,7984
297.97,7983
297.98,7982
298.01,7981
298.02,7980
298.03,7979
299.42,7978
300.98,7977
300.99,7976
301.04,7975
301.05,7974
301.06,7973
301.08,7972
301.14,7971
301.27,7970
301.27,7969
301.36,7968
301.40,7967
301.42,7966
301.98,7965
302.02,7964
302.03,7963
302.06,7962
302.06,7961
302.07,7960
302.07,7959
302.09,7958
302.10,7957
302.10,7956
303.12,7955
303.58,7954
303.60,7953
303.65,7952
303.67,7951
303.77,7950
303.93,7949
303.93,7948
303.95,7947
303.98,7946
304.06,7945
304.07,7944
304.12,7943
304.25,7942
304.25,7941
304.28,7940
304.32,7939
304.32,7938
304.36,7937
304.37,7936
304.41,7935
304.43,7934
304.45,7933
304.48,7932
304.49,7931
304.58,7930
305.55,7929
305.56,7928
305.57,7927
306.39,7926
306.45,7925
306.53,7924
306.56,7923
306.65,7922
306.65,7921
306.66,7920
306.74,7919
306.76,7918
306.83,7917
306.83,7916
306.84,7915
307.35,7914
307.36,7913
307.37,7912
307.39,7911
307.56,7910
307.58,7909
307.58,7908
307.67,7907
308.17,7906
308.22,7905
308.23,7904
308.31,7903
308.32,7902
308.38,7901
308.39,7900
308.44,7899
308.51,7898
309.40,7897
309.42,7896
310.04,7895
310.06,7894
310.06,7893
310.08,7892
310.15,7891
310.15,7890
310.16,7889
310.33,7888
310.34,7887
313.94,7886
313.98,7885
313.98,7884
313.98,7883
314.26,7882
314.37,7881
314.38,7880
314.40,7879
314.79,7878
314.80,7877
314.81,7876
316.12,7875
316.47,7874
316.48,7873
316.52,7872
316.61,7871
316.61,7870
316.63,7869
316.65,7868
316.66,7867
316.68,7866
316.94,7865
317.00,7864
317.27,7863
317.31,7862
317.36,7861
317.39,7860
317.44,7859
317.45,7858
317.46,7857
317.48,7856
317.52,7855
318.00,7854
318.17,7853
318.19,7852
318.45,7851
318.89,7850
318.91,7849
318.98,7848
319.00,7847
319.00,7846
319.12,7845
319.16,7844
319.19,7843
319.20,7842
319.28,7841
319.54,7840
319.54,7839
320.70,7838
320.70,7837
320.70,7836
320.70,7835
320.94,7834
320.94,7833
321.05,7832
321.08,7831
323.62,7830
323.68,7829
323.77,7828
323.78,7827
325.31,7826
325.32,7825
325.34,7824
325.61,7823
325.71,7822
325.90,7821
326.02,7820
326.16,7819
326.22,7818
326.26,7817
326.82,7816
327.98,7815
329.57,7814
329.74,7813
329.75,7812
337.86,7811
337.95,7810
337.98,7809
337.99,7808
338.06,7807
338.08,7806
338.58,7805
338.79,7804
338.79,7803
338.80,7802
338.90,7801
338.91,7800
338.91,7799
338.93,7798
338.98,7797
339.03,7796
339.13,7795
339.15,7794
339.22,7793
339.23,7792
339.24,7791
339.28,7790
339.31,7789
339.32,7788
339.33,7787
339.34,7786
339.37,7785
339.41,7784
339.53,7783
339.92,7782
339.98,7781
340.81,7780
340.81,7779
342.39,7778
342.82,7777
342.92,7776
342.96,7775
343.20,7774
343.46,7773
343.54,7772
343.59,7771
359.72,7770
359.73,7769
359.76,7768
359.78,7767
360.12,7766
360.15,7765
360.18,7764
360.30,7763
360.47,7762
361.04,7761
362.18,7760
362.68,7759
362.70,7758
362.70,7757
362.71,7756
363.11,7755
363.14,7754
367.19,7753
367.19,7752
367.22,7751
367.23,7750
367.38,7749
367.38,7748
368.38,7747
370.67,7746
370.75,7745
370.81,7744
371.17,7743
371.95,7742
372.03,7741
372.29,7740
374.78,7739
374.80,7738
375.40,7737
375.59,7736
376.32,7735
376.32,7734
376.34,7733
376.46,7732
376.47,7731
376.48,7730
376.50,7729
376.50,7728
377.41,7727
377.52,7726
377.58,7725
377.59,7724
377.60,7723
379.40,7722
379.51,7721
379.56,7720
379.59,7719
380.49,7718
381.56,7717
381.56,7716
381.71,7715
382.59,7714
382.74,7713
382.81,7712
382.84,7711
382.90,7710
383.00,7709
383.33,7708
383.63,7707
383.68,7706
383.69,7705
383.72,7704
383.84,7703
383.85,7702
383.86,7701
383.86,7700
383.93,7699
383.94,7698
384.03,7697
384.04,7696
384.04,7695
384.31,7694
384.43,7693
384.52,7692
384.52,7691
395.23,7690
395.25,7689
395.30,7688
395.32,7687
395.33,7686
395.37,7685
395.39,7684
396.01,7683
396.03,7682
396.45,7681
396.57,7680
396.58,7679
396.88,7678
396.91,7677
397.00,7676
397.05,7675
398.38,7674
398.48,7673
399.18,7672
399.21,7671
399.23,7670
399.35,7669
424.52,7668
424.89,7667
424.91,7666
424.92,7665
426.46,7664
426.52,7663
428.82,7662
428.84,7661
428.85,7660
428.86,7659
428.91,7658
428.95,7657
429.18,7656
429.19,7655
429.61,7654
429.74,7653
429.75,7652
447.83,7651
447.90,7650
448.41,7649
448.43,7648
448.48,7647
448.82,7646
450.09,7645
450.49,7644
450.50,7643
450.55,7642
450.57,7641
450.57,7640
451.14,7639
452.34,7638
452.36,7637
452.84,7636
453.17,7635
453.18,7634
453.24,7633
453.24,7632
453.30,7631
453.43,7630
453.61,7629
453.67,7628
453.70,7627
453.73,7626
453.86,7625
453.87,7624
453.89,7623
453.91,7622
453.94,7621
455.62,7620
455.71,7619
455.73,7618
455.91,7617
456.62,7616
456.62,7615
456.63,7614
456.63,7613
456.74,7612
456.75,7611
459.86,7610
464.78,7609
465.42,7608
471.66,7607
472.05,7606
472.05,7605
472.09,7604
472.14,7603
473.86,7602
473.87,7601
473.90,7600
473.94,7599
473.96,7598
474.17,7597
474.19,7596
474.20,7595
474.35,7594
474.43,7593
475.01,7592
475.02,7591
475.11,7590
475.30,7589
475.38,7588
475.38,7587
477.04,7586
493.28,7585
493.70,7584
496.10,7583
496.18,7582
498.32,7581
499.79,7580
499.80,7579
499.81,7578
516.12,7577
516.58,7576
516.65,7575
518.13,7574
518.50,7573
518.53,7572
520.55,7571
520.66,7570
526.77,7569
526.83,7568
529.39,7567
529.51,7566
529.60,7565
529.64,7564
529.64,7563
529.71,7562
530.25,7561
534.48,7560
534.72,7559
534.93,7558
535.65,7557
536.40,7556
536.61,7555
538.45,7554
546.92,7553
546.94,7552
558.44,7551
558.46,7550
568.82,7549
568.85,7548
568.87,7547
568.89,7546
576.19,7545
576.34,7544
