0.00,5965
0.77,5964
2.14,5963
3.84,5962
4.42,5961
6.15,5960
6.53,5959
7.69,5958
8.47,5957
9.04,5956
9.42,5955
12.00,5954
12.58,5953
13.63,5952
16.75,5951
17.70,5950
18.46,5949
19.60,5948
20.75,5947
21.32,5946
22.67,5945
23.41,5944
25.40,5943
26.49,5942
27.54,5941
29.33,5940
30.50,5939
32.80,5938
35.89,5937
37.05,5936
38.41,5935
39.77,5934
40.91,5933
41.89,5932
43.25,5931
45.22,5930
47.15,5929
48.30,5928
48.70,5927
50.62,5926
51.39,5925
52.34,5924
53.10,5923
54.44,5922
54.82,5921
55.39,5920
56.35,5919
57.11,5918
58.25,5917
59.20,5916
60.17,5915
61.13,5914
61.52,5913
63.26,5912
63.83,5911
64.79,5910
65.37,5909
65.74,5908
66.32,5907
67.08,5906
68.70,5905
71.29,5904
71.87,5903
74.67,5902
75.27,5901
76.45,5900
78.42,5899
78.80,5898
79.39,5897
81.92,5896
83.26,5895
83.84,5894
85.18,5893
86.32,5892
86.72,5891
87.68,5890
88.45,5889
88.83,5888
89.98,5887
90.37,5886
91.17,5885
92.90,5884
96.23,5883
96.64,5882
97.03,5881
97.41,5880
98.17,5879
99.51,5878
101.06,5877
102.99,5876
103.93,5875
106.71,5874
108.74,5873
109.83,5872
111.49,5871
112.97,5870
116.16,5869
116.71,5868
117.08,5867
118.38,5866
120.85,5865
121.34,5864
122.28,5863
122.91,5862
123.67,5861
124.92,5860
127.13,5859
128.05,5858
129.55,5857
129.91,5856
130.29,5855
130.84,5854
131.94,5853
133.24,5852
133.62,5851
133.99,5850
135.12,5849
135.50,5848
135.88,5847
136.44,5846
136.80,5845
140.98,5844
141.52,5843
142.25,5842
144.30,5841
145.03,5840
146.49,5839
147.59,5838
148.69,5837
151.09,5836
151.84,5835
153.03,5834
154.71,5833
156.02,5832
156.75,5831
157.66,5830
158.02,5829
158.76,5828
159.13,5827
159.85,5826
160.22,5825
161.33,5824
162.79,5823
163.53,5822
163.91,5821
165.61,5820
166.26,5819
166.63,5818
167.18,5817
167.54,5816
168.65,5815
169.02,5814
169.38,5813
170.66,5812
171.20,5811
173.21,5810
174.12,5809
175.78,5808
176.58,5807
177.49,5806
177.85,5805
178.22,5804
179.31,5803
179.67,5802
180.39,5801
181.29,5800
181.65,5799
183.30,5798
184.56,5797
185.12,5796
185.87,5795
186.65,5794
187.59,5793
191.31,5792
192.40,5791
194.26,5790
195.02,5789
196.51,5788
197.47,5787
198.79,5786
199.16,5785
199.52,5784
200.26,5783
202.13,5782
204.95,5781
206.06,5780
207.17,5779
207.55,5778
208.10,5777
209.77,5776
210.31,5775
211.04,5774
211.39,5773
212.34,5772
213.81,5771
214.71,5770
215.83,5769
216.73,5768
218.55,5767
219.47,5766
220.39,5765
223.47,5764
225.29,5763
225.84,5762
226.59,5761
228.22,5760
229.03,5759
229.95,5758
231.41,5757
233.61,5756
234.16,5755
235.43,5754
236.16,5753
236.90,5752
237.63,5751
238.93,5750
241.30,5749
243.85,5748
245.13,5747
245.86,5746
248.43,5745
248.80,5744
249.37,5743
250.10,5742
250.65,5741
251.92,5740
253.20,5739
254.31,5738
254.67,5737
256.69,5736
257.96,5735
259.40,5734
260.49,5733
261.03,5732
261.94,5731
262.30,5730
263.21,5729
264.69,5728
267.04,5727
268.69,5726
269.24,5725
269.61,5724
270.19,5723
270.92,5722
271.46,5721
272.19,5720
272.73,5719
273.28,5718
274.18,5717
275.67,5716
276.40,5715
277.66,5714
279.11,5713
280.38,5712
280.92,5711
282.10,5710
284.47,5709
285.59,5708
286.51,5707
286.88,5706
287.45,5705
287.81,5704
288.18,5703
288.54,5702
288.90,5701
292.01,5700
293.28,5699
293.83,5698
295.66,5697
296.94,5696
297.66,5695
298.38,5694
300.57,5693
301.49,5692
301.85,5691
302.23,5690
304.40,5689
304.77,5688
305.68,5687
306.03,5686
306.57,5685
307.82,5684
308.37,5683
310.19,5682
311.11,5681
312.74,5680
313.10,5679
313.46,5678
314.00,5677
314.36,5676
314.90,5675
315.61,5674
316.38,5673
317.14,5672
318.06,5671
318.97,5670
320.23,5669
320.95,5668
322.60,5667
322.95,5666
323.32,5665
324.24,5664
324.96,5663
325.86,5662
326.41,5661
327.15,5660
328.05,5659
328.41,5658
329.88,5657
330.61,5656
330.99,5655
331.52,5654
333.00,5653
333.78,5652
335.46,5651
336.39,5650
336.93,5649
337.66,5648
340.03,5647
341.29,5646
342.55,5645
342.92,5644
343.28,5643
344.18,5642
345.27,5641
345.62,5640
346.53,5639
347.44,5638
348.16,5637
348.52,5636
350.88,5635
353.04,5634
353.40,5633
355.43,5632
357.41,5631
358.49,5630
358.86,5629
359.76,5628
360.66,5627
362.51,5626
363.05,5625
363.60,5624
364.13,5623
365.58,5622
366.11,5621
366.65,5620
368.65,5619
370.30,5618
371.19,5617
373.21,5616
373.76,5615
375.04,5614
375.94,5613
377.54,5612
377.89,5611
378.97,5610
379.33,5609
380.05,5608
381.33,5607
383.29,5606
383.65,5605
384.38,5604
385.72,5603
387.01,5602
389.54,5601
392.24,5600
394.97,5599
395.88,5598
396.79,5597
397.68,5596
398.04,5595
398.41,5594
400.36,5593
400.73,5592
402.18,5591
402.90,5590
404.35,5589
405.07,5588
408.82,5587
409.91,5586
411.20,5585
412.29,5584
413.09,5583
413.98,5582
416.54,5581
418.89,5580
419.62,5579
419.98,5578
422.53,5577
424.88,5576
425.98,5575
426.52,5574
431.39,5573
434.10,5572
434.46,5571
435.71,5570
436.07,5569
437.56,5568
439.58,5567
440.14,5566
440.69,5565
444.32,5564
444.69,5563
446.35,5562
447.82,5561
448.37,5560
449.65,5559
450.40,5558
451.50,5557
454.59,5556
454.94,5555
458.03,5554
459.12,5553
459.47,5552
460.01,5551
460.40,5550
461.15,5549
462.78,5548
463.32,5547
465.67,5546
467.31,5545
468.03,5544
469.67,5543
470.21,5542
470.75,5541
471.83,5540
472.19,5539
473.49,5538
474.40,5537
476.03,5536
476.58,5535
478.40,5534
480.38,5533
482.97,5532
484.22,5531
487.65,5530
488.01,5529
489.10,5528
490.63,5527
491.56,5526
492.66,5525
494.46,5524
494.83,5523
495.38,5522
496.65,5521
497.01,5520
499.05,5519
500.33,5518
501.82,5517
503.44,5516
505.09,5515
509.11,5514
510.57,5513
512.22,5512
512.59,5511
513.13,5510
513.49,5509
514.59,5508
515.31,5507
516.42,5506
517.50,5505
517.86,5504
518.58,5503
519.12,5502
521.28,5501
522.19,5500
522.92,5499
523.29,5498
523.65,5497
524.74,5496
527.64,5495
528.19,5494
529.09,5493
529.81,5492
530.36,5491
531.08,5490
531.98,5489
533.78,5488
535.63,5487
537.07,5486
539.09,5485
540.74,5484
541.46,5483
544.44,5482
545.70,5481
546.60,5480
547.70,5479
549.13,5478
549.67,5477
554.11,5476
556.09,5475
557.71,5474
558.26,5473
561.72,5472
562.26,5471
563.34,5470
565.16,5469
565.70,5468
566.42,5467
566.78,5466
567.88,5465
570.06,5464
570.96,5463
571.32,5462
573.51,5461
573.87,5460
575.68,5459
576.06,5458
577.14,5457
577.50,5456
578.40,5455
579.83,5454
580.93,5453
581.29,5452
582.20,5451
582.56,5450
583.64,5449
584.20,5448
584.76,5447
585.32,5446
585.90,5445
586.82,5444
589.04,5443
589.59,5442
591.12,5441
592.62,5440
593.37,5439
594.12,5438
595.18,5437
595.59,5436
596.95,5435
597.33,5434
598.81,5433
