0.00,8447
6.51,8446
8.95,8445
11.28,8444
12.12,8443
14.90,8442
29.21,8441
30.52,8440
33.32,8439
35.70,8438
37.87,8437
39.13,8436
42.87,8435
43.93,8434
45.04,8433
47.15,8432
52.41,8431
59.76,8430
62.34,8429
66.93,8428
74.92,8427
79.45,8426
82.86,8425
84.33,8424
85.91,8423
88.62,8422
90.34,8421
91.60,8420
96.70,8419
98.37,8418
99.47,8417
104.12,8416
108.24,8415
109.93,8414
120.13,8413
124.62,8412
127.81,8411
131.23,8410
135.87,8409
138.01,8408
143.19,8407
144.44,8406
148.04,8405
150.22,8404
153.40,8403
153.82,8402
157.00,8401
158.93,8400
161.05,8399
162.98,8398
168.10,8397
168.72,8396
169.99,8395
171.78,8394
172.83,8393
173.67,8392
174.77,8391
176.85,8390
177.27,8389
180.24,8388
181.55,8387
181.96,8386
186.03,8385
190.52,8384
191.98,8383
196.93,8382
199.70,8381
200.13,8380
202.43,8379
204.20,8378
205.24,8377
207.18,8376
210.98,8375
211.81,8374
218.72,8373
219.14,8372
222.53,8371
225.30,8370
225.73,8369
227.01,8368
228.94,8367
229.36,8366
232.55,8365
233.59,8364
234.48,8363
242.14,8362
245.11,8361
249.84,8360
256.20,8359
260.10,8358
260.73,8357
261.16,8356
261.58,8355
269.48,8354
270.34,8353
276.08,8352
276.91,8351
277.95,8350
279.47,8349
279.89,8348
281.67,8347
282.92,8346
288.04,8345
290.33,8344
291.47,8343
292.35,8342
293.18,8341
296.36,8340
300.17,8339
304.51,8338
306.39,8337
307.07,8336
308.53,8335
313.45,8334
315.41,8333
315.83,8332
317.97,8331
319.70,8330
320.94,8329
321.78,8328
322.67,8327
325.44,8326
328.21,8325
330.35,8324
331.81,8323
333.74,8322
334.36,8321
335.91,8320
337.00,8319
337.83,8318
338.51,8317
339.55,8316
341.22,8315
343.36,8314
344.88,8313
348.34,8312
350.42,8311
354.08,8310
357.00,8309
357.90,8308
359.62,8307
360.51,8306
362.39,8305
366.88,8304
370.35,8303
372.22,8302
375.62,8301
378.79,8300
380.98,8299
383.60,8298
384.01,8297
386.57,8296
386.99,8295
387.82,8294
388.24,8293
389.97,8292
391.22,8291
392.79,8290
396.18,8289
398.05,8288
401.03,8287
402.28,8286
406.85,8285
407.27,8284
410.24,8283
415.42,8282
418.19,8281
420.74,8280
430.29,8279
437.15,8278
439.52,8277
440.97,8276
444.58,8275
449.57,8274
452.96,8273
453.99,8272
460.85,8271
466.58,8270
467.22,8269
470.43,8268
479.96,8267
480.85,8266
481.95,8265
486.84,8264
488.77,8263
496.22,8262
496.63,8261
498.61,8260
503.04,8259
506.51,8258
509.48,8257
512.66,8256
514.12,8255
516.13,8254
518.21,8253
519.25,8252
521.81,8251
525.61,8250
528.02,8249
529.68,8248
530.16,8247
532.86,8246
539.27,8245
541.61,8244
542.44,8243
545.83,8242
552.69,8241
557.33,8240
557.75,8239
560.40,8238
561.87,8237
570.20,8236
571.72,8235
574.92,8234
578.70,8233
581.25,8232
584.08,8231
584.49,8230
594.21,8229
596.08,8228
599.26,8227
