0.00,5988
1.80,5987
3.19,5986
3.82,5985
4.25,5984
6.23,5983
6.61,5982
7.19,5981
8.22,5980
10.21,5979
11.41,5978
13.47,5977
15.28,5976
17.66,5975
18.05,5974
18.44,5973
19.46,5972
20.10,5971
20.50,5970
20.89,5969
21.51,5968
22.09,5967
23.78,5966
25.55,5965
27.73,5964
28.72,5963
30.37,5962
32.36,5961
33.62,5960
35.01,5959
35.66,5958
38.02,5957
39.76,5956
41.49,5955
42.31,5954
43.67,5953
44.24,5952
44.82,5951
45.62,5950
46.20,5949
47.00,5948
48.05,5947
50.17,5946
50.62,5945
51.24,5944
52.22,5943
53.39,5942
54.35,5941
55.70,5940
56.68,5939
57.84,5938
58.22,5937
59.38,5936
60.57,5935
62.89,5934
63.85,5933
65.06,5932
65.45,5931
65.84,5930
67.64,5929
69.07,5928
69.72,5927
70.33,5926
71.60,5925
72.18,5924
72.56,5923
72.94,5922
73.71,5921
74.27,5920
74.87,5919
75.46,5918
78.61,5917
81.34,5916
83.48,5915
84.07,5914
85.79,5913
87.51,5912
89.05,5911
90.20,5910
90.97,5909
91.36,5908
92.15,5907
92.73,5906
95.43,5905
96.39,5904
97.73,5903
98.29,5902
99.81,5901
100.98,5900
102.33,5899
103.69,5898
104.08,5897
105.63,5896
106.01,5895
107.25,5894
108.40,5893
111.28,5892
112.25,5891
114.22,5890
115.53,5889
116.84,5888
118.25,5887
120.00,5886
121.41,5885
122.63,5884
123.01,5883
124.21,5882
125.04,5881
125.42,5880
125.85,5879
127.05,5878
128.17,5877
128.74,5876
129.49,5875
129.87,5874
132.52,5873
133.07,5872
133.44,5871
133.85,5870
134.78,5869
135.72,5868
137.03,5867
139.09,5866
139.64,5865
140.75,5864
141.82,5863
142.20,5862
142.96,5861
145.40,5860
146.33,5859
148.23,5858
148.99,5857
149.36,5856
149.93,5855
150.32,5854
152.05,5853
152.42,5852
153.56,5851
154.73,5850
155.11,5849
156.09,5848
156.70,5847
157.67,5846
158.92,5845
159.74,5844
161.34,5843
161.72,5842
162.28,5841
163.46,5840
164.05,5839
164.46,5838
166.61,5837
167.00,5836
167.77,5835
168.38,5834
169.42,5833
170.72,5832
171.34,5831
171.89,5830
173.02,5829
173.94,5828
175.31,5827
175.87,5826
176.24,5825
176.97,5824
178.07,5823
178.98,5822
180.52,5821
181.62,5820
183.80,5819
184.54,5818
185.64,5817
188.75,5816
189.84,5815
190.39,5814
190.75,5813
192.39,5812
193.13,5811
195.33,5810
195.71,5809
197.74,5808
198.70,5807
200.55,5806
201.48,5805
202.59,5804
203.14,5803
203.68,5802
204.43,5801
205.20,5800
207.21,5799
209.07,5798
210.91,5797
211.82,5796
212.72,5795
213.46,5794
214.08,5793
215.57,5792
216.33,5791
216.91,5790
217.29,5789
218.83,5788
219.45,5787
222.59,5786
226.73,5785
227.34,5784
228.10,5783
229.55,5782
230.78,5781
231.34,5780
233.24,5779
234.56,5778
235.65,5777
236.35,5776
236.75,5775
237.17,5774
238.32,5773
240.36,5772
241.66,5771
243.28,5770
243.84,5769
244.76,5768
245.31,5767
247.56,5766
249.81,5765
250.88,5764
251.33,5763
253.08,5762
254.75,5761
256.20,5760
256.58,5759
258.47,5758
259.41,5757
259.98,5756
260.72,5755
261.14,5754
263.15,5753
264.71,5752
265.95,5751
267.14,5750
268.13,5749
268.91,5748
269.88,5747
272.27,5746
272.67,5745
273.26,5744
274.24,5743
274.63,5742
275.24,5741
275.63,5740
277.17,5739
277.76,5738
278.38,5737
278.96,5736
280.12,5735
281.48,5734
281.86,5733
283.01,5732
283.57,5731
284.33,5730
284.74,5729
285.15,5728
287.50,5727
287.89,5726
288.89,5725
289.45,5724
291.13,5723
294.23,5722
295.79,5721
296.76,5720
297.34,5719
298.75,5718
301.08,5717
301.68,5716
302.08,5715
302.48,5714
305.88,5713
308.24,5712
308.63,5711
309.02,5710
309.41,5709
310.00,5708
311.74,5707
313.09,5706
313.85,5705
314.42,5704
316.77,5703
317.75,5702
318.33,5701
320.12,5700
322.66,5699
324.17,5698
324.91,5697
325.29,5696
327.60,5695
328.18,5694
328.57,5693
329.82,5692
331.62,5691
333.19,5690
333.57,5689
335.31,5688
335.71,5687
338.23,5686
338.60,5685
339.37,5684
340.35,5683
340.77,5682
341.40,5681
341.99,5680
342.91,5679
344.20,5678
344.96,5677
346.83,5676
347.39,5675
348.60,5674
348.97,5673
349.36,5672
349.93,5671
351.25,5670
351.62,5669
353.42,5668
354.91,5667
355.29,5666
357.89,5665
360.89,5664
362.51,5663
362.92,5662
363.99,5661
365.50,5660
366.08,5659
367.11,5658
367.48,5657
369.00,5656
370.29,5655
371.21,5654
372.50,5653
373.93,5652
376.35,5651
378.03,5650
381.69,5649
382.90,5648
383.51,5647
385.31,5646
385.72,5645
387.23,5644
387.65,5643
388.25,5642
390.03,5641
391.13,5640
391.79,5639
395.34,5638
397.55,5637
398.30,5636
400.38,5635
401.33,5634
402.28,5633
402.64,5632
403.23,5631
406.18,5630
406.56,5629
408.87,5628
410.98,5627
411.79,5626
412.16,5625
414.21,5624
415.26,5623
415.67,5622
416.66,5621
418.10,5620
419.58,5619
421.86,5618
424.43,5617
424.80,5616
425.89,5615
427.04,5614
427.88,5613
430.68,5612
431.04,5611
432.14,5610
434.38,5609
437.99,5608
440.61,5607
444.42,5606
445.55,5605
447.26,5604
447.84,5603
448.46,5602
449.96,5601
450.73,5600
453.11,5599
454.39,5598
456.58,5597
457.50,5596
460.34,5595
461.14,5594
463.07,5593
464.61,5592
464.98,5591
465.34,5590
466.19,5589
466.75,5588
467.72,5587
470.16,5586
471.58,5585
472.22,5584
474.56,5583
477.74,5582
480.84,5581
481.62,5580
483.51,5579
486.18,5578
487.32,5577
488.27,5576
489.23,5575
490.21,5574
491.59,5573
494.03,5572
494.84,5571
495.91,5570
497.89,5569
498.65,5568
499.60,5567
500.74,5566
501.16,5565
501.73,5564
502.49,5563
505.54,5562
505.93,5561
507.08,5560
507.84,5559
509.38,5558
510.72,5557
512.84,5556
513.22,5555
514.74,5554
515.89,5553
516.66,5552
517.23,5551
517.89,5550
520.58,5549
523.40,5548
523.79,5547
525.26,5546
526.74,5545
529.13,5544
529.83,5543
530.53,5542
531.81,5541
534.31,5540
536.80,5539
537.85,5538
538.31,5537
539.41,5536
540.39,5535
542.64,5534
543.02,5533
545.56,5532
546.69,5531
547.70,5530
548.50,5529
551.47,5528
552.26,5527
552.64,5526
553.64,5525
554.42,5524
555.51,5523
556.50,5522
557.15,5521
558.71,5520
560.03,5519
560.74,5518
563.05,5517
563.81,5516
565.08,5515
565.65,5514
567.14,5513
567.51,5512
568.79,5511
569.70,5510
570.65,5509
571.95,5508
573.03,5507
573.93,5506
574.73,5505
576.58,5504
577.52,5503
583.63,5502
584.56,5501
585.50,5500
586.25,5499
587.59,5498
589.87,5497
591.10,5496
593.17,5495
595.25,5494
595.79,5493
596.36,5492
598.96,5491
599.77,5490
