0.00,5915
0.41,5914
1.23,5913
3.00,5912
5.59,5911
7.59,5910
7.98,5909
9.98,5908
13.48,5907
13.90,5906
14.88,5905
16.16,5904
16.78,5903
17.74,5902
18.12,5901
18.88,5900
19.64,5899
20.67,5898
21.64,5897
24.05,5896
24.50,5895
24.88,5894
25.73,5893
26.12,5892
26.51,5891
28.36,5890
29.38,5889
30.16,5888
30.54,5887
31.12,5886
31.70,5885
32.86,5884
33.63,5883
34.19,5882
35.59,5881
36.56,5880
37.73,5879
38.13,5878
39.70,5877
42.04,5876
43.12,5875
43.53,5874
44.31,5873
45.09,5872
45.86,5871
48.16,5870
48.93,5869
49.53,5868
49.92,5867
50.87,5866
53.23,5865
54.20,5864
54.97,5863
55.35,5862
55.93,5861
57.72,5860
58.50,5859
59.53,5858
60.89,5857
61.67,5856
62.93,5855
64.00,5854
65.92,5853
66.49,5852
67.66,5851
68.26,5850
69.52,5849
71.10,5848
71.67,5847
73.02,5846
73.41,5845
74.00,5844
74.78,5843
75.55,5842
76.14,5841
78.44,5840
80.38,5839
81.52,5838
82.09,5837
83.23,5836
84.19,5835
85.94,5834
86.32,5833
87.08,5832
89.38,5831
90.13,5830
91.47,5829
92.24,5828
92.82,5827
94.57,5826
95.35,5825
95.74,5824
96.71,5823
97.48,5822
97.87,5821
98.26,5820
100.85,5819
101.41,5818
102.74,5817
103.93,5816
104.53,5815
105.48,5814
106.68,5813
107.62,5812
109.31,5811
109.68,5810
111.17,5809
113.51,5808
113.91,5807
115.92,5806
116.69,5805
117.64,5804
119.07,5803
119.63,5802
120.37,5801
120.75,5800
122.25,5799
123.08,5798
123.63,5797
124.37,5796
124.79,5795
125.71,5794
126.07,5793
128.52,5792
129.63,5791
131.48,5790
132.40,5789
133.32,5788
134.19,5787
135.33,5786
137.78,5785
138.33,5784
139.43,5783
141.13,5782
141.69,5781
142.24,5780
143.00,5779
144.15,5778
144.53,5777
145.64,5776
146.98,5775
149.12,5774
151.10,5773
151.54,5772
151.97,5771
152.75,5770
154.13,5769
155.06,5768
156.81,5767
157.20,5766
159.15,5765
160.29,5764
160.89,5763
161.94,5762
163.24,5761
164.78,5760
165.15,5759
165.71,5758
166.63,5757
167.06,5756
168.54,5755
169.83,5754
170.20,5753
170.75,5752
171.47,5751
172.20,5750
172.94,5749
173.30,5748
173.85,5747
174.94,5746
175.30,5745
176.03,5744
176.77,5743
178.79,5742
180.52,5741
180.89,5740
181.26,5739
182.36,5738
185.10,5737
185.84,5736
187.13,5735
188.42,5734
189.34,5733
190.45,5732
192.87,5731
193.61,5730
193.99,5729
194.73,5728
195.45,5727
196.54,5726
198.60,5725
199.15,5724
201.92,5723
203.75,5722
204.30,5721
205.94,5720
206.74,5719
207.84,5718
208.23,5717
208.61,5716
209.57,5715
211.10,5714
212.10,5713
213.26,5712
214.25,5711
214.84,5710
216.49,5709
217.23,5708
218.94,5707
220.35,5706
220.72,5705
221.11,5704
222.37,5703
223.40,5702
224.46,5701
226.05,5700
227.56,5699
229.69,5698
230.48,5697
231.63,5696
232.73,5695
235.16,5694
236.67,5693
237.04,5692
240.21,5691
240.65,5690
241.19,5689
242.05,5688
243.73,5687
247.59,5686
248.61,5685
249.18,5684
250.32,5683
250.87,5682
252.94,5681
255.37,5680
255.92,5679
256.29,5678
258.10,5677
260.51,5676
261.29,5675
261.86,5674
263.03,5673
265.42,5672
266.99,5671
267.98,5670
268.36,5669
269.13,5668
270.28,5667
272.05,5666
273.79,5665
274.35,5664
274.74,5663
275.31,5662
277.44,5661
278.04,5660
278.43,5659
279.03,5658
279.40,5657
280.80,5656
281.94,5655
283.38,5654
284.17,5653
286.01,5652
287.77,5651
289.32,5650
290.09,5649
290.51,5648
292.56,5647
293.13,5646
293.51,5645
293.91,5644
294.70,5643
295.10,5642
295.86,5641
296.23,5640
300.45,5639
301.03,5638
302.59,5637
303.55,5636
303.93,5635
304.31,5634
305.47,5633
306.80,5632
308.16,5631
309.14,5630
309.53,5629
311.10,5628
312.09,5627
314.06,5626
315.03,5625
316.36,5624
317.47,5623
320.34,5622
321.12,5621
323.34,5620
325.15,5619
325.52,5618
326.46,5617
327.25,5616
328.81,5615
330.20,5614
331.50,5613
332.46,5612
332.86,5611
333.49,5610
334.68,5609
335.60,5608
336.33,5607
338.75,5606
339.32,5605
339.69,5604
340.46,5603
341.20,5602
342.55,5601
343.86,5600
345.23,5599
346.31,5598
347.43,5597
348.52,5596
349.46,5595
350.94,5594
352.62,5593
354.17,5592
355.21,5591
355.86,5590
356.67,5589
358.38,5588
358.77,5587
359.98,5586
360.93,5585
361.70,5584
363.17,5583
364.46,5582
365.00,5581
366.11,5580
366.86,5579
369.24,5578
370.18,5577
370.77,5576
371.19,5575
373.38,5574
374.21,5573
374.62,5572
376.03,5571
377.03,5570
378.45,5569
380.19,5568
380.98,5567
382.37,5566
383.42,5565
384.28,5564
385.08,5563
385.85,5562
386.23,5561
386.95,5560
387.31,5559
387.68,5558
389.67,5557
391.01,5556
393.84,5555
394.60,5554
395.57,5553
397.17,5552
397.98,5551
398.40,5550
398.81,5549
399.80,5548
400.74,5547
402.03,5546
403.98,5545
404.63,5544
405.01,5543
407.05,5542
407.92,5541
408.73,5540
409.90,5539
411.97,5538
413.91,5537
415.01,5536
419.08,5535
419.45,5534
420.12,5533
423.10,5532
423.65,5531
424.93,5530
425.47,5529
426.38,5528
428.83,5527
429.21,5526
429.98,5525
430.90,5524
431.85,5523
433.13,5522
433.86,5521
434.59,5520
436.34,5519
438.40,5518
440.90,5517
444.29,5516
444.66,5515
445.75,5514
447.19,5513
447.55,5512
448.27,5511
449.36,5510
454.17,5509
456.71,5508
458.44,5507
460.47,5506
461.09,5505
462.94,5504
463.51,5503
466.47,5502
468.79,5501
470.65,5500
471.25,5499
473.47,5498
473.84,5497
477.08,5496
477.64,5495
478.40,5494
480.48,5493
482.41,5492
482.79,5491
483.38,5490
484.19,5489
485.62,5488
486.02,5487
488.06,5486
488.90,5485
492.92,5484
496.35,5483
497.30,5482
498.25,5481
499.01,5480
499.76,5479
500.52,5478
503.35,5477
504.68,5476
505.06,5475
505.65,5474
507.18,5473
507.57,5472
510.44,5471
512.57,5470
513.54,5469
516.65,5468
518.11,5467
520.88,5466
521.57,5465
523.36,5464
525.60,5463
526.18,5462
528.58,5461
528.99,5460
529.42,5459
531.21,5458
531.61,5457
532.76,5456
535.02,5455
535.58,5454
538.15,5453
538.72,5452
539.29,5451
540.88,5450
543.28,5449
545.20,5448
545.80,5447
548.42,5446
550.46,5445
551.03,5444
553.64,5443
554.59,5442
555.55,5441
557.59,5440
558.16,5439
560.75,5438
561.83,5437
562.20,5436
565.52,5435
566.99,5434
567.90,5433
568.45,5432
569.19,5431
570.88,5430
571.45,5429
573.04,5428
574.35,5427
574.72,5426
577.41,5425
577.78,5424
578.89,5423
579.30,5422
583.47,5421
583.85,5420
584.79,5419
586.77,5418
587.23,5417
591.10,5416
591.47,5415
591.86,5414
592.28,5413
594.03,5412
596.69,5411
597.61,5410
598.15,5409
599.16,5408
