0.47,11022
0.47,11021
0.47,11020
0.47,11019
0.47,11018
0.48,11017
0.48,11016
0.48,11015
0.49,11014
0.49,11013
0.50,11012
0.50,11011
0.51,11010
0.51,11009
0.52,11008
0.52,11007
0.53,11006
0.53,11005
0.53,11004
0.53,11003
0.53,11002
0.53,11001
0.53,11000
0.54,10999
0.54,10998
0.55,10997
0.55,10996
0.56,10995
0.56,10994
0.56,10993
0.56,10992
0.56,10991
0.56,10990
0.56,10989
0.56,10988
0.56,10987
0.57,10986
0.59,10985
0.60,10984
0.60,10983
0.61,10982
0.62,10981
0.62,10980
0.63,10979
0.63,10978
0.63,10977
0.63,10976
0.63,10975
0.64,10974
0.64,10973
0.65,10972
0.65,10971
0.66,10970
0.66,10969
0.66,10968
0.67,10967
0.67,10966
0.68,10965
0.68,10964
0.68,10963
0.68,10962
0.69,10961
0.69,10960
0.70,10959
0.70,10958
0.71,10957
0.71,10956
0.72,10955
0.72,10954
0.73,10953
0.73,10952
0.73,10951
0.74,10950
0.74,10949
0.74,10948
0.75,10947
0.75,10946
0.75,10945
0.75,10944
0.75,10943
0.76,10942
0.76,10941
0.76,10940
0.76,10939
0.76,10938
0.76,10937
0.76,10936
0.77,10935
0.77,10934
0.77,10933
0.77,10932
0.78,10931
0.78,10930
0.78,10929
0.78,10928
0.78,10927
0.78,10926
0.78,10925
0.78,10924
0.78,10923
0.78,10922
0.78,10921
0.79,10920
0.80,10919
0.80,10918
0.81,10917
0.81,10916
0.81,10915
0.82,10914
0.82,10913
0.82,10912
0.82,10911
0.83,10910
0.83,10909
0.83,10908
0.83,10907
0.84,10906
0.84,10905
0.84,10904
0.84,10903
0.85,10902
0.85,10901
0.85,10900
0.85,10899
0.85,10898
0.85,10897
0.86,10896
0.86,10895
0.86,10894
0.86,10893
0.86,10892
0.86,10891
0.87,10890
0.87,10889
0.88,10888
0.88,10887
0.89,10886
0.89,10885
0.89,10884
0.89,10883
0.89,10882
0.89,10881
0.90,10880
0.91,10879
0.91,10878
0.91,10877
0.91,10876
0.91,10875
0.91,10874
0.91,10873
0.91,10872
0.92,10871
0.92,10870
0.92,10869
0.92,10868
0.92,10867
0.92,10866
0.93,10865
0.93,10864
0.93,10863
0.93,10862
0.93,10861
0.93,10860
0.94,10859
0.94,10858
0.95,10857
0.95,10856
0.95,10855
0.95,10854
0.96,10853
0.96,10852
0.96,10851
0.96,10850
0.96,10849
0.97,10848
0.97,10847
0.97,10846
0.97,10845
0.97,10844
0.97,10843
0.97,10842
0.97,10841
0.97,10840
0.98,10839
0.99,10838
0.99,10837
0.99,10836
1.00,10835
1.00,10834
1.01,10833
1.01,10832
1.01,10831
1.02,10830
1.02,10829
1.02,10828
1.03,10827
1.03,10826
1.03,10825
1.04,10824
1.04,10823
1.05,10822
1.05,10821
1.05,10820
1.06,10819
1.06,10818
1.06,10817
1.06,10816
1.07,10815
1.07,10814
1.07,10813
1.07,10812
1.08,10811
1.08,10810
1.08,10809
1.10,10808
1.11,10807
1.11,10806
1.11,10805
1.12,10804
1.12,10803
1.12,10802
1.12,10801
1.12,10800
1.13,10799
1.13,10798
1.14,10797
1.14,10796
1.14,10795
1.15,10794
1.15,10793
1.16,10792
1.16,10791
1.16,10790
1.17,10789
1.18,10788
1.18,10787
1.18,10786
1.19,10785
1.19,10784
1.19,10783
1.20,10782
1.20,10781
1.21,10780
1.21,10779
1.22,10778
1.22,10777
1.22,10776
1.22,10775
1.22,10774
1.22,10773
1.23,10772
1.23,10771
1.24,10770
1.24,10769
1.24,10768
1.24,10767
1.25,10766
1.25,10765
1.25,10764
1.26,10763
1.26,10762
1.26,10761
1.26,10760
1.27,10759
1.28,10758
1.28,10757
1.28,10756
1.28,10755
1.28,10754
1.30,10753
1.30,10752
1.30,10751
1.31,10750
1.31,10749
1.32,10748
1.32,10747
1.34,10746
1.34,10745
1.34,10744
1.34,10743
1.35,10742
1.35,10741
1.36,10740
1.36,10739
1.36,10738
1.36,10737
1.37,10736
1.37,10735
1.38,10734
1.38,10733
1.38,10732
1.39,10731
1.39,10730
1.40,10729
1.40,10728
1.40,10727
1.40,10726
1.40,10725
1.40,10724
1.43,10723
1.43,10722
1.44,10721
1.44,10720
1.44,10719
1.44,10718
1.44,10717
1.44,10716
1.44,10715
1.44,10714
1.46,10713
1.47,10712
1.47,10711
1.48,10710
1.49,10709
1.49,10708
1.49,10707
1.53,10706
1.53,10705
1.53,10704
1.53,10703
1.53,10702
1.53,10701
1.54,10700
1.54,10699
1.54,10698
1.54,10697
1.55,10696
1.56,10695
1.56,10694
1.56,10693
1.56,10692
1.56,10691
1.57,10690
1.57,10689
1.57,10688
1.57,10687
1.57,10686
1.57,10685
1.57,10684
1.57,10683
1.58,10682
1.58,10681
1.59,10680
1.62,10679
1.62,10678
1.63,10677
1.63,10676
1.63,10675
1.63,10674
1.63,10673
1.64,10672
1.64,10671
1.64,10670
1.64,10669
1.64,10668
1.65,10667
1.65,10666
1.66,10665
1.66,10664
1.67,10663
1.67,10662
1.67,10661
1.68,10660
1.68,10659
1.68,10658
1.68,10657
1.69,10656
1.69,10655
1.69,10654
1.69,10653
1.70,10652
1.70,10651
1.71,10650
1.71,10649
1.71,10648
1.71,10647
1.72,10646
1.72,10645
1.72,10644
1.72,10643
1.72,10642
1.72,10641
1.73,10640
1.74,10639
1.74,10638
1.74,10637
1.75,10636
1.75,10635
1.76,10634
1.76,10633
1.76,10632
1.76,10631
1.76,10630
1.77,10629
1.78,10628
1.78,10627
1.78,10626
1.79,10625
1.80,10624
1.80,10623
1.81,10622
1.81,10621
1.82,10620
1.82,10619
1.82,10618
1.82,10617
1.82,10616
1.83,10615
1.83,10614
1.84,10613
1.86,10612
1.86,10611
1.86,10610
1.86,10609
1.87,10608
1.87,10607
1.87,10606
1.87,10605
1.87,10604
1.91,10603
1.91,10602
1.91,10601
1.92,10600
1.92,10599
1.93,10598
1.93,10597
1.93,10596
1.93,10595
1.94,10594
1.94,10593
1.95,10592
1.97,10591
1.97,10590
1.97,10589
1.97,10588
1.97,10587
1.97,10586
1.98,10585
1.98,10584
1.98,10583
1.98,10582
1.99,10581
1.99,10580
2.00,10579
2.00,10578
2.02,10577
2.02,10576
2.02,10575
2.02,10574
2.03,10573
2.03,10572
2.03,10571
2.03,10570
2.05,10569
2.05,10568
2.05,10567
2.05,10566
2.05,10565
2.05,10564
2.06,10563
2.06,10562
2.06,10561
2.06,10560
2.07,10559
2.07,10558
2.08,10557
2.09,10556
2.09,10555
2.09,10554
2.09,10553
2.09,10552
2.09,10551
2.09,10550
2.11,10549
2.12,10548
2.12,10547
2.13,10546
2.13,10545
2.14,10544
2.14,10543
2.15,10542
2.15,10541
2.15,10540
2.15,10539
2.17,10538
2.18,10537
2.18,10536
2.18,10535
2.18,10534
2.18,10533
2.18,10532
2.19,10531
2.19,10530
2.21,10529
2.22,10528
2.23,10527
2.23,10526
2.24,10525
2.24,10524
2.28,10523
2.28,10522
2.28,10521
2.29,10520
2.29,10519
2.30,10518
2.30,10517
2.34,10516
2.34,10515
2.34,10514
2.35,10513
2.35,10512
2.35,10511
2.35,10510
2.36,10509
2.36,10508
2.36,10507
2.36,10506
2.37,10505
2.37,10504
2.37,10503
2.42,10502
2.42,10501
2.42,10500
2.43,10499
2.43,10498
2.43,10497
2.43,10496
2.44,10495
2.44,10494
2.44,10493
2.49,10492
2.49,10491
2.49,10490
2.51,10489
2.51,10488
2.51,10487
2.51,10486
2.52,10485
2.52,10484
2.53,10483
2.54,10482
2.54,10481
2.56,10480
2.56,10479
2.58,10478
2.59,10477
2.59,10476
2.59,10475
2.59,10474
2.60,10473
2.61,10472
2.61,10471
2.61,10470
2.62,10469
2.62,10468
2.62,10467
2.62,10466
2.62,10465
2.63,10464
2.63,10463
2.63,10462
2.73,10461
2.73,10460
2.73,10459
2.73,10458
2.73,10457
2.76,10456
2.76,10455
2.76,10454
2.77,10453
2.77,10452
2.77,10451
2.79,10450
2.80,10449
2.80,10448
2.80,10447
2.80,10446
2.80,10445
2.80,10444
2.80,10443
2.83,10442
2.83,10441
2.84,10440
2.84,10439
2.84,10438
2.85,10437
2.85,10436
2.85,10435
2.85,10434
2.85,10433
2.85,10432
2.85,10431
2.86,10430
2.86,10429
2.86,10428
2.86,10427
2.87,10426
2.87,10425
2.87,10424
2.87,10423
2.87,10422
2.89,10421
2.89,10420
2.93,10419
2.93,10418
2.93,10417
2.93,10416
2.94,10415
2.94,10414
2.94,10413
2.96,10412
2.96,10411
2.96,10410
2.97,10409
2.97,10408
2.97,10407
2.97,10406
2.98,10405
2.99,10404
3.08,10403
3.08,10402
3.09,10401
3.10,10400
3.10,10399
3.10,10398
3.11,10397
3.14,10396
3.14,10395
3.15,10394
3.16,10393
3.16,10392
3.16,10391
3.16,10390
3.16,10389
3.17,10388
3.18,10387
3.18,10386
3.18,10385
3.19,10384
3.19,10383
3.19,10382
3.20,10381
3.20,10380
3.20,10379
3.22,10378
3.22,10377
3.23,10376
3.23,10375
3.23,10374
3.24,10373
3.25,10372
3.25,10371
3.25,10370
3.25,10369
3.26,10368
3.30,10367
3.31,10366
3.31,10365
3.31,10364
3.31,10363
3.31,10362
3.31,10361
3.32,10360
3.32,10359
3.33,10358
3.59,10357
3.60,10356
3.60,10355
3.62,10354
3.64,10353
3.65,10352
3.65,10351
3.66,10350
3.66,10349
3.66,10348
3.66,10347
3.67,10346
3.68,10345
3.68,10344
3.68,10343
3.69,10342
3.69,10341
3.69,10340
3.69,10339
3.69,10338
3.69,10337
3.70,10336
3.70,10335
3.70,10334
3.70,10333
3.71,10332
3.71,10331
3.71,10330
3.72,10329
3.72,10328
3.72,10327
3.72,10326
3.72,10325
3.72,10324
3.73,10323
3.73,10322
3.73,10321
3.75,10320
3.78,10319
3.78,10318
3.78,10317
3.78,10316
3.78,10315
3.82,10314
3.83,10313
3.83,10312
3.83,10311
3.83,10310
3.83,10309
3.83,10308
3.84,10307
3.84,10306
3.84,10305
3.84,10304
3.85,10303
3.86,10302
3.86,10301
3.86,10300
3.88,10299
3.89,10298
3.89,10297
3.90,10296
3.90,10295
3.91,10294
3.91,10293
3.91,10292
3.93,10291
3.94,10290
3.96,10289
3.98,10288
3.98,10287
4.01,10286
4.05,10285
4.07,10284
4.07,10283
4.07,10282
4.09,10281
4.09,10280
4.10,10279
4.17,10278
4.43,10277
4.44,10276
4.44,10275
4.46,10274
4.46,10273
4.47,10272
4.47,10271
4.48,10270
4.48,10269
4.49,10268
4.49,10267
4.49,10266
4.50,10265
4.50,10264
4.50,10263
4.51,10262
4.51,10261
4.51,10260
4.51,10259
4.51,10258
4.56,10257
4.56,10256
4.58,10255
4.62,10254
4.64,10253
4.65,10252
4.68,10251
4.68,10250
4.69,10249
4.69,10248
4.69,10247
4.70,10246
4.70,10245
4.71,10244
4.73,10243
4.73,10242
4.73,10241
4.73,10240
4.73,10239
4.78,10238
4.78,10237
4.81,10236
4.81,10235
4.83,10234
4.83,10233
4.85,10232
4.85,10231
4.85,10230
4.85,10229
4.86,10228
4.86,10227
4.87,10226
4.87,10225
4.89,10224
4.89,10223
4.93,10222
4.93,10221
4.93,10220
4.93,10219
4.94,10218
4.94,10217
4.95,10216
4.95,10215
4.95,10214
4.95,10213
4.96,10212
5.00,10211
5.00,10210
5.00,10209
5.00,10208
5.00,10207
5.00,10206
5.01,10205
5.01,10204
5.02,10203
5.02,10202
5.03,10201
5.04,10200
5.05,10199
5.12,10198
5.13,10197
5.13,10196
5.13,10195
5.15,10194
5.15,10193
5.15,10192
5.15,10191
5.19,10190
5.19,10189
5.22,10188
5.22,10187
5.22,10186
5.25,10185
5.26,10184
5.26,10183
5.26,10182
5.30,10181
5.31,10180
5.31,10179
5.33,10178
5.34,10177
5.35,10176
5.37,10175
5.37,10174
5.38,10173
5.38,10172
5.39,10171
5.40,10170
5.40,10169
5.43,10168
5.44,10167
5.50,10166
5.50,10165
5.52,10164
5.52,10163
5.53,10162
5.53,10161
5.53,10160
5.54,10159
5.54,10158
5.54,10157
5.54,10156
5.59,10155
5.59,10154
5.61,10153
5.61,10152
5.61,10151
5.61,10150
5.61,10149
5.62,10148
5.62,10147
5.63,10146
5.63,10145
5.64,10144
5.64,10143
5.64,10142
5.64,10141
5.68,10140
5.68,10139
5.70,10138
5.70,10137
5.71,10136
5.72,10135
5.72,10134
5.73,10133
5.74,10132
5.75,10131
5.76,10130
5.76,10129
5.76,10128
5.76,10127
5.77,10126
5.78,10125
5.78,10124
5.78,10123
5.78,10122
5.84,10121
5.86,10120
5.87,10119
5.91,10118
5.91,10117
5.91,10116
5.91,10115
5.93,10114
5.93,10113
5.93,10112
5.99,10111
6.00,10110
6.00,10109
6.01,10108
6.01,10107
6.01,10106
6.01,10105
6.02,10104
6.02,10103
6.03,10102
6.10,10101
6.11,10100
6.12,10099
6.12,10098
6.15,10097
6.16,10096
6.16,10095
6.16,10094
6.23,10093
6.23,10092
6.23,10091
6.23,10090
6.23,10089
6.24,10088
6.25,10087
6.25,10086
6.26,10085
6.26,10084
6.26,10083
6.27,10082
7.13,10081
7.13,10080
7.13,10079
7.13,10078
7.13,10077
7.13,10076
7.14,10075
7.14,10074
7.14,10073
7.40,10072
7.40,10071
7.40,10070
7.44,10069
7.44,10068
7.44,10067
7.44,10066
7.47,10065
7.48,10064
7.76,10063
7.77,10062
7.78,10061
7.85,10060
7.85,10059
7.85,10058
7.86,10057
7.91,10056
7.91,10055
7.96,10054
7.99,10053
8.06,10052
8.07,10051
8.07,10050
8.34,10049
8.34,10048
8.45,10047
8.45,10046
8.50,10045
8.57,10044
8.57,10043
8.60,10042
8.60,10041
8.61,10040
8.61,10039
8.61,10038
8.63,10037
8.67,10036
8.67,10035
9.01,10034
9.26,10033
9.26,10032
9.27,10031
9.27,10030
9.27,10029
9.27,10028
9.27,10027
9.27,10026
9.28,10025
9.28,10024
9.29,10023
9.29,10022
9.29,10021
9.29,10020
9.31,10019
9.31,10018
9.32,10017
9.32,10016
9.32,10015
9.32,10014
9.32,10013
9.33,10012
9.33,10011
9.34,10010
9.43,10009
9.44,10008
9.76,10007
9.76,10006
9.77,10005
10.09,10004
10.09,10003
10.09,10002
10.09,10001
10.10,10000
10.11,9999
10.12,9998
10.15,9997
10.15,9996
10.16,9995
10.16,9994
10.17,9993
10.17,9992
10.17,9991
10.17,9990
10.20,9989
10.21,9988
10.21,9987
10.25,9986
10.25,9985
10.25,9984
10.26,9983
10.26,9982
10.29,9981
10.29,9980
10.30,9979
10.31,9978
10.31,9977
10.31,9976
10.32,9975
10.32,9974
10.42,9973
10.44,9972
10.44,9971
10.45,9970
10.45,9969
10.45,9968
10.45,9967
10.46,9966
10.47,9965
10.52,9964
10.66,9963
10.67,9962
10.67,9961
10.74,9960
10.74,9959
10.74,9958
10.74,9957
10.74,9956
10.82,9955
10.83,9954
10.83,9953
10.84,9952
10.96,9951
10.96,9950
10.96,9949
10.96,9948
10.97,9947
10.97,9946
10.97,9945
10.99,9944
11.11,9943
11.12,9942
11.66,9941
11.67,9940
11.67,9939
11.67,9938
11.71,9937
11.76,9936
11.76,9935
11.76,9934
11.76,9933
11.76,9932
11.76,9931
11.76,9930
11.77,9929
11.79,9928
11.79,9927
11.80,9926
11.80,9925
11.82,9924
11.82,9923
11.83,9922
11.84,9921
11.84,9920
11.89,9919
11.89,9918
11.90,9917
13.95,9916
13.96,9915
13.96,9914
13.96,9913
13.96,9912
13.96,9911
13.96,9910
13.97,9909
13.99,9908
14.00,9907
14.01,9906
14.01,9905
14.03,9904
14.03,9903
14.03,9902
14.16,9901
14.17,9900
14.17,9899
14.36,9898
14.38,9897
14.38,9896
15.21,9895
15.21,9894
15.28,9893
15.28,9892
15.28,9891
15.28,9890
15.29,9889
15.29,9888
15.30,9887
15.30,9886
15.30,9885
15.30,9884
15.31,9883
15.31,9882
15.31,9881
15.32,9880
15.33,9879
15.33,9878
15.33,9877
15.33,9876
15.34,9875
15.34,9874
15.34,9873
15.34,9872
15.35,9871
15.35,9870
15.35,9869
15.35,9868
15.41,9867
15.41,9866
15.41,9865
15.42,9864
15.64,9863
15.65,9862
15.66,9861
15.66,9860
15.68,9859
15.78,9858
15.93,9857
15.93,9856
15.99,9855
15.99,9854
15.99,9853
15.99,9852
15.99,9851
16.00,9850
16.00,9849
16.12,9848
16.14,9847
16.14,9846
16.14,9845
16.14,9844
16.14,9843
16.16,9842
16.16,9841
16.17,9840
16.17,9839
16.17,9838
16.18,9837
16.45,9836
16.56,9835
16.56,9834
16.56,9833
16.56,9832
16.57,9831
16.57,9830
16.57,9829
16.58,9828
16.59,9827
16.59,9826
16.59,9825
16.60,9824
17.02,9823
17.04,9822
17.04,9821
17.10,9820
17.11,9819
17.11,9818
17.21,9817
17.22,9816
17.22,9815
17.23,9814
17.24,9813
18.18,9812
18.22,9811
18.22,9810
18.22,9809
18.22,9808
18.22,9807
18.23,9806
18.23,9805
18.25,9804
18.25,9803
18.25,9802
18.30,9801
18.37,9800
18.51,9799
18.57,9798
18.72,9797
18.73,9796
18.74,9795
18.74,9794
18.79,9793
18.80,9792
19.01,9791
19.01,9790
19.08,9789
19.08,9788
19.08,9787
19.09,9786
19.09,9785
19.09,9784
19.10,9783
19.10,9782
19.10,9781
19.10,9780
19.10,9779
19.45,9778
19.46,9777
19.49,9776
19.49,9775
23.29,9774
23.30,9773
23.38,9772
23.40,9771
23.43,9770
23.45,9769
23.45,9768
23.46,9767
23.46,9766
23.47,9765
23.47,9764
23.48,9763
23.48,9762
23.56,9761
23.62,9760
23.62,9759
23.63,9758
23.65,9757
23.66,9756
24.14,9755
24.14,9754
24.69,9753
24.76,9752
24.77,9751
24.77,9750
24.77,9749
24.79,9748
24.79,9747
24.83,9746
24.83,9745
24.83,9744
24.84,9743
24.84,9742
24.85,9741
24.91,9740
24.94,9739
24.95,9738
24.95,9737
25.05,9736
25.05,9735
25.11,9734
25.12,9733
25.12,9732
25.12,9731
25.12,9730
25.12,9729
25.13,9728
25.13,9727
25.13,9726
25.14,9725
25.16,9724
25.16,9723
25.17,9722
25.19,9721
25.20,9720
25.20,9719
25.20,9718
25.22,9717
25.23,9716
25.78,9715
26.07,9714
26.07,9713
26.08,9712
26.08,9711
26.08,9710
26.08,9709
26.08,9708
26.08,9707
26.10,9706
26.12,9705
26.12,9704
26.54,9703
26.54,9702
26.79,9701
26.79,9700
26.80,9699
26.80,9698
26.80,9697
26.81,9696
26.87,9695
26.87,9694
26.87,9693
26.93,9692
26.93,9691
26.93,9690
26.93,9689
26.95,9688
26.95,9687
26.95,9686
26.95,9685
26.96,9684
26.96,9683
27.62,9682
27.93,9681
27.93,9680
27.93,9679
27.93,9678
27.94,9677
30.02,9676
30.18,9675
30.18,9674
30.18,9673
30.23,9672
30.23,9671
30.24,9670
30.25,9669
30.36,9668
30.36,9667
30.36,9666
30.38,9665
30.38,9664
30.40,9663
30.40,9662
30.41,9661
30.42,9660
30.42,9659
30.43,9658
30.43,9657
30.44,9656
30.44,9655
30.50,9654
30.51,9653
30.51,9652
30.55,9651
30.55,9650
30.55,9649
30.56,9648
30.57,9647
30.60,9646
30.62,9645
30.62,9644
30.62,9643
30.74,9642
30.81,9641
30.82,9640
30.82,9639
30.82,9638
30.83,9637
30.84,9636
30.89,9635
30.89,9634
30.95,9633
31.04,9632
31.06,9631
31.45,9630
31.46,9629
31.46,9628
31.54,9627
31.69,9626
31.70,9625
31.71,9624
33.02,9623
33.04,9622
33.06,9621
33.06,9620
33.06,9619
33.06,9618
33.06,9617
33.06,9616
33.07,9615
33.10,9614
33.10,9613
33.11,9612
33.11,9611
33.11,9610
33.11,9609
33.11,9608
33.11,9607
91.85,9606
91.85,9605
91.88,9604
91.92,9603
92.04,9602
92.04,9601
92.04,9600
92.07,9599
92.07,9598
92.07,9597
92.08,9596
92.08,9595
92.10,9594
92.12,9593
92.13,9592
92.13,9591
92.18,9590
92.18,9589
92.18,9588
100.34,9587
100.34,9586
100.34,9585
100.35,9584
100.35,9583
101.07,9582
101.08,9581
101.08,9580
101.80,9579
101.81,9578
101.81,9577
101.81,9576
101.82,9575
101.91,9574
102.37,9573
102.37,9572
102.37,9571
102.38,9570
102.38,9569
104.03,9568
104.03,9567
104.03,9566
104.20,9565
104.20,9564
104.20,9563
104.20,9562
111.49,9561
111.49,9560
111.49,9559
111.49,9558
111.49,9557
111.50,9556
112.42,9555
112.43,9554
112.43,9553
112.45,9552
112.46,9551
112.52,9550
112.52,9549
112.54,9548
112.54,9547
112.54,9546
112.55,9545
112.55,9544
112.55,9543
112.55,9542
112.88,9541
112.89,9540
112.89,9539
112.89,9538
112.89,9537
112.89,9536
112.96,9535
113.01,9534
113.17,9533
113.17,9532
113.17,9531
113.17,9530
113.17,9529
113.20,9528
113.38,9527
113.38,9526
113.39,9525
113.39,9524
115.88,9523
115.89,9522
115.89,9521
115.92,9520
115.93,9519
116.03,9518
116.03,9517
116.04,9516
116.04,9515
116.05,9514
116.05,9513
116.05,9512
116.05,9511
116.05,9510
116.07,9509
116.08,9508
116.08,9507
116.22,9506
116.22,9505
116.23,9504
116.23,9503
116.51,9502
116.51,9501
116.52,9500
116.52,9499
116.52,9498
116.78,9497
116.79,9496
116.79,9495
118.62,9494
119.08,9493
119.09,9492
119.10,9491
119.11,9490
119.12,9489
119.12,9488
119.12,9487
119.12,9486
119.12,9485
119.12,9484
119.13,9483
119.13,9482
119.15,9481
119.17,9480
119.17,9479
119.19,9478
119.23,9477
119.23,9476
119.23,9475
119.23,9474
119.26,9473
119.27,9472
119.27,9471
119.28,9470
119.30,9469
119.30,9468
135.35,9467
135.36,9466
135.37,9465
135.37,9464
135.37,9463
135.38,9462
135.39,9461
135.48,9460
135.48,9459
135.49,9458
135.61,9457
135.63,9456
135.69,9455
135.71,9454
135.71,9453
135.96,9452
135.99,9451
135.99,9450
136.00,9449
136.02,9448
136.05,9447
136.05,9446
136.19,9445
136.19,9444
136.26,9443
136.33,9442
136.34,9441
136.34,9440
136.35,9439
136.36,9438
136.36,9437
139.15,9436
139.17,9435
142.06,9434
142.07,9433
142.07,9432
142.07,9431
142.07,9430
142.08,9429
142.13,9428
142.14,9427
142.14,9426
142.15,9425
142.16,9424
142.26,9423
142.27,9422
142.27,9421
142.28,9420
142.31,9419
142.33,9418
142.36,9417
142.36,9416
142.36,9415
142.36,9414
144.92,9413
144.93,9412
144.94,9411
144.94,9410
144.96,9409
144.97,9408
145.31,9407
148.15,9406
148.15,9405
148.16,9404
148.16,9403
148.18,9402
148.18,9401
148.18,9400
148.18,9399
148.19,9398
148.22,9397
148.22,9396
148.28,9395
148.31,9394
148.34,9393
148.36,9392
148.42,9391
148.43,9390
148.72,9389
148.73,9388
148.75,9387
148.78,9386
148.78,9385
148.80,9384
148.80,9383
149.11,9382
149.15,9381
149.23,9380
149.23,9379
149.25,9378
149.26,9377
149.26,9376
149.26,9375
149.42,9374
149.42,9373
149.47,9372
149.47,9371
149.48,9370
149.48,9369
149.50,9368
149.50,9367
149.51,9366
149.51,9365
149.52,9364
149.52,9363
149.53,9362
149.55,9361
149.57,9360
149.58,9359
154.39,9358
154.41,9357
154.43,9356
154.59,9355
154.61,9354
155.83,9353
155.84,9352
155.89,9351
156.90,9350
156.90,9349
156.92,9348
156.94,9347
156.94,9346
156.95,9345
157.15,9344
158.75,9343
158.76,9342
158.79,9341
158.79,9340
158.86,9339
158.98,9338
158.98,9337
159.03,9336
159.05,9335
161.23,9334
161.34,9333
161.35,9332
161.35,9331
161.35,9330
161.35,9329
161.36,9328
161.37,9327
161.37,9326
161.38,9325
161.59,9324
161.62,9323
161.62,9322
161.64,9321
161.76,9320
161.76,9319
161.76,9318
161.78,9317
164.56,9316
164.56,9315
164.72,9314
164.72,9313
164.79,9312
164.80,9311
164.80,9310
164.81,9309
164.83,9308
165.81,9307
165.82,9306
165.82,9305
165.83,9304
165.87,9303
165.87,9302
165.87,9301
165.87,9300
165.87,9299
165.98,9298
165.98,9297
165.98,9296
165.99,9295
165.99,9294
165.99,9293
166.00,9292
166.00,9291
166.00,9290
166.00,9289
166.02,9288
166.02,9287
166.05,9286
166.05,9285
166.06,9284
167.32,9283
167.32,9282
167.32,9281
167.33,9280
167.33,9279
167.33,9278
167.37,9277
167.68,9276
168.67,9275
168.68,9274
168.68,9273
168.68,9272
168.71,9271
168.73,9270
168.73,9269
168.73,9268
168.79,9267
168.79,9266
168.79,9265
168.79,9264
168.87,9263
168.88,9262
168.90,9261
168.90,9260
168.90,9259
168.90,9258
168.91,9257
172.08,9256
172.08,9255
172.08,9254
172.08,9253
173.06,9252
173.06,9251
173.07,9250
173.13,9249
173.14,9248
173.14,9247
173.21,9246
173.21,9245
173.27,9244
173.30,9243
173.30,9242
173.30,9241
173.30,9240
173.31,9239
173.35,9238
173.37,9237
173.37,9236
173.73,9235
173.77,9234
173.77,9233
173.77,9232
173.77,9231
173.93,9230
173.94,9229
173.94,9228
173.97,9227
174.06,9226
174.07,9225
174.08,9224
174.08,9223
174.09,9222
174.10,9221
174.10,9220
174.10,9219
174.39,9218
174.43,9217
174.45,9216
174.51,9215
174.52,9214
174.52,9213
174.76,9212
174.77,9211
174.77,9210
174.77,9209
174.77,9208
174.93,9207
174.94,9206
174.94,9205
175.04,9204
175.04,9203
175.06,9202
175.06,9201
175.07,9200
175.26,9199
175.38,9198
175.51,9197
175.53,9196
175.55,9195
175.55,9194
175.56,9193
175.56,9192
175.56,9191
175.57,9190
175.61,9189
175.61,9188
175.61,9187
175.64,9186
175.71,9185
175.75,9184
175.75,9183
175.80,9182
175.82,9181
175.82,9180
175.85,9179
175.85,9178
175.86,9177
175.86,9176
175.86,9175
175.88,9174
175.90,9173
175.93,9172
175.94,9171
175.94,9170
175.95,9169
176.43,9168
176.43,9167
176.43,9166
176.43,9165
176.43,9164
176.44,9163
176.45,9162
176.53,9161
176.53,9160
176.53,9159
176.55,9158
176.64,9157
176.64,9156
176.64,9155
176.64,9154
176.64,9153
176.75,9152
176.75,9151
176.75,9150
176.76,9149
176.78,9148
176.79,9147
176.79,9146
176.79,9145
176.82,9144
176.84,9143
176.87,9142
176.87,9141
176.87,9140
176.88,9139
176.88,9138
176.89,9137
176.89,9136
176.90,9135
177.18,9134
177.18,9133
177.18,9132
177.18,9131
177.27,9130
177.28,9129
177.28,9128
177.28,9127
177.45,9126
177.47,9125
180.00,9124
180.04,9123
180.05,9122
180.05,9121
180.09,9120
180.09,9119
180.10,9118
180.10,9117
180.11,9116
180.12,9115
180.12,9114
180.84,9113
180.84,9112
180.93,9111
180.94,9110
180.94,9109
181.04,9108
181.04,9107
181.05,9106
181.05,9105
181.07,9104
181.07,9103
181.08,9102
181.08,9101
181.09,9100
181.09,9099
181.13,9098
181.13,9097
181.13,9096
181.16,9095
181.16,9094
181.16,9093
181.16,9092
181.16,9091
181.17,9090
181.17,9089
181.23,9088
181.25,9087
181.26,9086
181.28,9085
181.29,9084
181.30,9083
181.42,9082
181.43,9081
181.44,9080
181.44,9079
181.45,9078
183.46,9077
183.46,9076
183.47,9075
183.48,9074
183.52,9073
183.57,9072
183.59,9071
183.62,9070
183.69,9069
183.69,9068
183.77,9067
183.78,9066
183.82,9065
183.82,9064
183.82,9063
183.83,9062
183.83,9061
183.83,9060
183.83,9059
184.01,9058
185.47,9057
185.48,9056
185.48,9055
185.51,9054
185.51,9053
185.52,9052
185.54,9051
185.54,9050
185.54,9049
185.54,9048
185.54,9047
185.55,9046
186.01,9045
186.02,9044
186.02,9043
186.32,9042
186.38,9041
186.39,9040
186.39,9039
186.43,9038
186.44,9037
186.46,9036
186.46,9035
186.46,9034
186.46,9033
186.47,9032
186.47,9031
186.48,9030
186.48,9029
186.49,9028
186.52,9027
186.52,9026
186.55,9025
186.57,9024
186.57,9023
186.57,9022
186.58,9021
186.58,9020
186.58,9019
186.59,9018
186.61,9017
186.61,9016
186.61,9015
186.61,9014
188.43,9013
188.55,9012
188.55,9011
188.55,9010
188.60,9009
188.60,9008
188.90,9007
188.90,9006
188.90,9005
188.90,9004
188.90,9003
188.90,9002
188.93,9001
188.97,9000
188.97,8999
188.98,8998
188.98,8997
188.99,8996
188.99,8995
188.99,8994
190.85,8993
190.85,8992
190.85,8991
190.88,8990
190.90,8989
190.94,8988
190.94,8987
191.08,8986
191.10,8985
191.10,8984
191.10,8983
191.10,8982
191.29,8981
191.29,8980
191.30,8979
191.30,8978
191.30,8977
191.69,8976
191.70,8975
191.72,8974
191.79,8973
191.79,8972
191.79,8971
191.80,8970
191.80,8969
191.81,8968
191.84,8967
191.85,8966
191.85,8965
191.85,8964
191.95,8963
191.95,8962
192.02,8961
192.08,8960
192.09,8959
192.09,8958
192.09,8957
192.09,8956
192.10,8955
192.10,8954
192.12,8953
192.12,8952
192.12,8951
192.13,8950
192.14,8949
192.14,8948
192.15,8947
192.17,8946
192.17,8945
192.18,8944
192.21,8943
192.24,8942
192.24,8941
192.26,8940
192.27,8939
192.28,8938
192.29,8937
192.30,8936
192.37,8935
193.15,8934
193.15,8933
193.16,8932
193.16,8931
193.16,8930
193.18,8929
193.18,8928
193.18,8927
193.18,8926
193.18,8925
193.19,8924
193.19,8923
193.20,8922
193.22,8921
193.26,8920
193.27,8919
193.37,8918
194.32,8917
194.33,8916
194.33,8915
195.69,8914
195.69,8913
195.70,8912
195.70,8911
195.81,8910
195.81,8909
195.82,8908
195.82,8907
195.83,8906
195.84,8905
195.84,8904
195.85,8903
195.85,8902
195.85,8901
195.86,8900
195.87,8899
195.90,8898
195.91,8897
195.91,8896
195.92,8895
195.92,8894
195.92,8893
195.93,8892
195.93,8891
195.93,8890
195.93,8889
195.93,8888
197.04,8887
197.05,8886
197.05,8885
197.05,8884
197.05,8883
197.17,8882
197.18,8881
197.18,8880
197.18,8879
197.24,8878
197.32,8877
197.38,8876
197.39,8875
197.39,8874
197.40,8873
197.41,8872
197.57,8871
197.57,8870
202.03,8869
202.03,8868
202.13,8867
202.13,8866
202.15,8865
202.16,8864
202.16,8863
202.55,8862
203.04,8861
203.30,8860
203.39,8859
203.39,8858
204.60,8857
204.61,8856
204.74,8855
204.74,8854
204.76,8853
204.77,8852
204.77,8851
204.77,8850
204.78,8849
204.78,8848
204.79,8847
204.81,8846
204.81,8845
205.43,8844
205.44,8843
205.44,8842
205.45,8841
205.45,8840
205.58,8839
207.37,8838
207.37,8837
207.39,8836
207.41,8835
207.45,8834
207.52,8833
207.52,8832
207.69,8831
207.69,8830
207.74,8829
207.79,8828
207.80,8827
207.82,8826
207.82,8825
207.82,8824
207.83,8823
207.84,8822
207.87,8821
208.50,8820
208.53,8819
208.53,8818
208.56,8817
208.56,8816
208.56,8815
208.71,8814
209.56,8813
210.96,8812
210.96,8811
210.97,8810
210.98,8809
210.99,8808
211.01,8807
211.05,8806
211.05,8805
211.11,8804
211.11,8803
212.23,8802
212.26,8801
212.31,8800
212.31,8799
212.31,8798
212.33,8797
212.35,8796
212.39,8795
212.40,8794
212.40,8793
212.40,8792
212.40,8791
213.37,8790
213.37,8789
213.38,8788
213.39,8787
213.39,8786
213.40,8785
213.42,8784
213.43,8783
213.68,8782
213.68,8781
213.70,8780
213.70,8779
213.70,8778
213.70,8777
213.70,8776
213.71,8775
213.72,8774
213.73,8773
213.73,8772
213.78,8771
213.79,8770
213.79,8769
213.98,8768
213.99,8767
214.08,8766
214.11,8765
214.14,8764
214.21,8763
214.22,8762
214.36,8761
214.62,8760
214.62,8759
214.62,8758
215.41,8757
215.41,8756
215.41,8755
215.45,8754
215.45,8753
215.46,8752
215.46,8751
215.47,8750
215.48,8749
215.49,8748
215.49,8747
215.49,8746
215.50,8745
215.50,8744
215.50,8743
215.51,8742
216.90,8741
216.91,8740
216.95,8739
216.98,8738
217.00,8737
217.00,8736
217.00,8735
217.00,8734
217.01,8733
217.01,8732
218.00,8731
218.17,8730
218.19,8729
218.21,8728
218.21,8727
218.22,8726
218.22,8725
218.22,8724
218.22,8723
218.23,8722
218.24,8721
218.24,8720
218.26,8719
218.27,8718
218.27,8717
218.27,8716
218.27,8715
218.27,8714
218.27,8713
218.40,8712
218.50,8711
218.51,8710
218.51,8709
218.51,8708
218.51,8707
218.52,8706
218.53,8705
218.53,8704
218.53,8703
218.58,8702
218.59,8701
218.59,8700
218.59,8699
218.66,8698
218.66,8697
218.66,8696
218.67,8695
218.68,8694
218.68,8693
218.70,8692
219.32,8691
219.33,8690
219.33,8689
219.34,8688
219.36,8687
219.36,8686
219.36,8685
219.49,8684
219.52,8683
219.52,8682
219.52,8681
219.60,8680
219.60,8679
219.60,8678
219.61,8677
219.61,8676
219.66,8675
219.71,8674
219.71,8673
219.71,8672
220.07,8671
220.07,8670
220.08,8669
220.08,8668
220.13,8667
220.20,8666
220.20,8665
220.20,8664
220.20,8663
220.23,8662
220.23,8661
220.24,8660
220.24,8659
220.26,8658
223.22,8657
223.23,8656
223.23,8655
223.23,8654
223.29,8653
223.54,8652
223.55,8651
223.56,8650
223.66,8649
224.79,8648
224.79,8647
224.80,8646
224.80,8645
224.80,8644
224.81,8643
224.95,8642
224.95,8641
224.96,8640
225.02,8639
225.33,8638
225.38,8637
225.39,8636
225.40,8635
225.44,8634
226.04,8633
226.04,8632
226.04,8631
226.04,8630
226.18,8629
226.18,8628
226.20,8627
226.20,8626
226.20,8625
226.21,8624
226.32,8623
226.42,8622
226.51,8621
226.51,8620
226.51,8619
226.51,8618
226.52,8617
226.53,8616
226.54,8615
226.56,8614
226.56,8613
226.57,8612
226.57,8611
226.58,8610
226.58,8609
226.59,8608
226.63,8607
226.67,8606
226.67,8605
226.67,8604
226.67,8603
226.68,8602
226.68,8601
226.70,8600
226.75,8599
226.88,8598
226.94,8597
226.94,8596
226.97,8595
227.02,8594
227.02,8593
227.02,8592
227.03,8591
227.04,8590
227.04,8589
227.04,8588
227.05,8587
227.07,8586
227.86,8585
227.86,8584
227.88,8583
227.88,8582
227.88,8581
227.89,8580
227.89,8579
228.18,8578
228.19,8577
228.22,8576
228.23,8575
228.26,8574
228.29,8573
228.52,8572
228.53,8571
228.55,8570
228.60,8569
228.60,8568
228.61,8567
228.62,8566
228.63,8565
229.12,8564
229.12,8563
229.13,8562
229.13,8561
229.13,8560
229.17,8559
229.17,8558
229.17,8557
229.17,8556
229.17,8555
229.20,8554
229.21,8553
229.22,8552
229.24,8551
229.31,8550
229.32,8549
229.33,8548
229.35,8547
229.36,8546
229.36,8545
229.36,8544
229.37,8543
229.37,8542
229.84,8541
229.84,8540
229.85,8539
229.89,8538
229.90,8537
229.90,8536
229.90,8535
229.91,8534
229.91,8533
229.92,8532
229.92,8531
229.93,8530
229.97,8529
230.05,8528
230.05,8527
230.08,8526
230.11,8525
231.57,8524
231.57,8523
231.59,8522
231.60,8521
231.60,8520
231.60,8519
231.61,8518
231.61,8517
231.63,8516
231.64,8515
231.65,8514
231.65,8513
231.66,8512
231.66,8511
231.66,8510
231.66,8509
231.69,8508
231.72,8507
231.72,8506
231.75,8505
231.75,8504
231.75,8503
232.12,8502
232.13,8501
232.14,8500
232.17,8499
232.18,8498
232.19,8497
232.20,8496
232.36,8495
232.38,8494
232.39,8493
232.39,8492
232.39,8491
232.43,8490
232.44,8489
232.44,8488
232.44,8487
233.29,8486
233.37,8485
233.48,8484
233.49,8483
233.50,8482
233.56,8481
233.67,8480
233.67,8479
233.71,8478
233.73,8477
233.73,8476
233.75,8475
233.78,8474
233.88,8473
234.00,8472
234.00,8471
234.01,8470
234.01,8469
234.02,8468
234.02,8467
234.03,8466
234.04,8465
234.13,8464
234.13,8463
234.25,8462
234.26,8461
234.30,8460
234.30,8459
234.30,8458
234.31,8457
234.35,8456
234.35,8455
234.37,8454
234.37,8453
234.40,8452
234.47,8451
235.12,8450
235.13,8449
235.14,8448
235.16,8447
235.16,8446
235.49,8445
235.50,8444
235.51,8443
235.54,8442
235.57,8441
235.59,8440
235.63,8439
235.65,8438
235.67,8437
235.67,8436
235.67,8435
235.67,8434
236.49,8433
236.50,8432
236.50,8431
236.51,8430
236.53,8429
236.53,8428
236.54,8427
236.54,8426
236.54,8425
236.55,8424
236.58,8423
236.61,8422
236.63,8421
236.63,8420
236.67,8419
236.71,8418
236.87,8417
236.90,8416
236.90,8415
237.08,8414
237.08,8413
237.09,8412
237.09,8411
237.11,8410
237.12,8409
237.12,8408
237.13,8407
237.13,8406
237.13,8405
237.14,8404
237.14,8403
237.15,8402
237.17,8401
237.18,8400
237.19,8399
237.31,8398
237.77,8397
237.78,8396
237.82,8395
237.84,8394
237.90,8393
237.90,8392
237.90,8391
237.97,8390
239.15,8389
239.15,8388
239.15,8387
239.21,8386
239.23,8385
239.26,8384
239.26,8383
239.31,8382
239.33,8381
239.37,8380
239.38,8379
239.38,8378
239.40,8377
239.44,8376
239.45,8375
239.46,8374
239.48,8373
239.48,8372
239.69,8371
240.08,8370
240.08,8369
240.11,8368
240.11,8367
240.11,8366
240.11,8365
240.11,8364
240.12,8363
240.15,8362
240.18,8361
241.16,8360
241.16,8359
241.17,8358
242.71,8357
242.71,8356
242.71,8355
242.72,8354
242.72,8353
242.72,8352
242.73,8351
242.73,8350
242.78,8349
242.79,8348
242.79,8347
242.80,8346
243.28,8345
243.29,8344
243.35,8343
243.35,8342
243.89,8341
243.98,8340
243.98,8339
243.99,8338
243.99,8337
244.06,8336
244.08,8335
244.08,8334
244.09,8333
244.09,8332
244.09,8331
244.09,8330
244.19,8329
244.20,8328
244.39,8327
244.40,8326
244.87,8325
244.87,8324
244.87,8323
244.87,8322
244.87,8321
245.06,8320
245.10,8319
245.13,8318
245.15,8317
245.15,8316
245.16,8315
245.16,8314
245.27,8313
245.27,8312
245.32,8311
245.35,8310
245.36,8309
245.36,8308
245.37,8307
245.39,8306
245.65,8305
245.68,8304
245.69,8303
245.71,8302
245.71,8301
245.72,8300
245.72,8299
245.74,8298
245.75,8297
245.78,8296
246.64,8295
246.65,8294
246.65,8293
247.18,8292
247.19,8291
247.19,8290
247.19,8289
247.19,8288
247.20,8287
247.34,8286
247.34,8285
247.38,8284
247.76,8283
247.88,8282
247.94,8281
247.94,8280
248.04,8279
248.04,8278
248.11,8277
248.11,8276
249.15,8275
249.15,8274
249.15,8273
249.18,8272
249.19,8271
249.20,8270
249.21,8269
249.21,8268
249.31,8267
249.55,8266
250.27,8265
250.38,8264
250.39,8263
250.40,8262
250.42,8261
250.43,8260
251.28,8259
251.38,8258
251.43,8257
251.48,8256
251.49,8255
251.49,8254
251.51,8253
254.25,8252
254.31,8251
254.95,8250
254.96,8249
254.96,8248
254.98,8247
254.98,8246
255.10,8245
255.14,8244
255.14,8243
255.14,8242
255.16,8241
255.19,8240
255.21,8239
255.21,8238
255.23,8237
255.24,8236
255.33,8235
255.35,8234
255.39,8233
255.40,8232
255.58,8231
256.14,8230
256.21,8229
256.22,8228
256.78,8227
256.80,8226
256.80,8225
256.89,8224
256.96,8223
257.68,8222
257.73,8221
257.76,8220
258.84,8219
258.92,8218
259.62,8217
259.88,8216
259.91,8215
259.93,8214
259.95,8213
260.02,8212
260.04,8211
260.05,8210
260.13,8209
260.14,8208
260.18,8207
261.58,8206
261.65,8205
261.66,8204
261.67,8203
261.68,8202
261.71,8201
261.94,8200
261.94,8199
262.02,8198
262.04,8197
262.04,8196
262.06,8195
262.06,8194
262.06,8193
262.09,8192
262.16,8191
262.17,8190
262.17,8189
262.22,8188
262.40,8187
262.55,8186
262.56,8185
262.59,8184
262.69,8183
262.69,8182
262.69,8181
263.14,8180
263.27,8179
263.62,8178
263.65,8177
263.65,8176
263.76,8175
263.76,8174
263.77,8173
263.77,8172
263.78,8171
263.81,8170
263.81,8169
263.82,8168
263.83,8167
263.83,8166
263.99,8165
264.02,8164
264.02,8163
264.07,8162
264.07,8161
264.60,8160
264.62,8159
264.64,8158
264.73,8157
264.75,8156
265.24,8155
265.30,8154
265.39,8153
265.42,8152
265.42,8151
265.43,8150
266.20,8149
266.20,8148
266.21,8147
266.47,8146
266.51,8145
266.51,8144
266.51,8143
266.52,8142
267.40,8141
267.77,8140
267.80,8139
269.76,8138
272.46,8137
272.46,8136
272.47,8135
272.47,8134
272.51,8133
272.65,8132
272.65,8131
272.68,8130
272.70,8129
274.71,8128
274.71,8127
274.88,8126
274.90,8125
274.90,8124
274.96,8123
274.96,8122
275.14,8121
275.69,8120
275.82,8119
275.88,8118
275.88,8117
275.89,8116
275.90,8115
275.91,8114
275.91,8113
275.97,8112
275.97,8111
275.97,8110
276.00,8109
276.04,8108
276.05,8107
276.05,8106
276.19,8105
280.19,8104
280.62,8103
280.64,8102
280.65,8101
280.67,8100
280.80,8099
280.81,8098
282.27,8097
282.27,8096
282.35,8095
282.39,8094
282.49,8093
282.78,8092
282.81,8091
282.91,8090
282.92,8089
282.93,8088
283.16,8087
283.21,8086
283.23,8085
283.84,8084
283.87,8083
283.88,8082
283.94,8081
284.65,8080
284.67,8079
284.67,8078
284.92,8077
286.24,8076
286.41,8075
286.41,8074
286.42,8073
286.42,8072
286.60,8071
286.61,8070
286.61,8069
286.62,8068
286.64,8067
287.19,8066
287.28,8065
287.28,8064
287.28,8063
287.31,8062
287.39,8061
287.39,8060
287.40,8059
287.40,8058
287.51,8057
287.52,8056
287.99,8055
288.02,8054
288.04,8053
288.10,8052
292.63,8051
293.73,8050
295.03,8049
295.04,8048
295.05,8047
295.14,8046
295.14,8045
295.16,8044
295.16,8043
296.25,8042
296.27,8041
296.27,8040
296.40,8039
296.40,8038
296.44,8037
296.45,8036
296.45,8035
296.46,8034
296.46,8033
296.46,8032
296.52,8031
296.56,8030
296.62,8029
296.81,8028
296.82,8027
296.82,8026
296.83,8025
296.85,8024
296.99,8023
296.99,8022
297.00,8021
297.01,8020
297.01,8019
297.18,8018
297.19,8017
297.19,8016
297.77,8015
297.83,8014
297.86,8013
298.11,8012
298.37,8011
298.37,8010
298.40,8009
298.41,8008
298.42,8007
298.65,8006
298.69,8005
298.70,8004
299.63,8003
299.66,8002
299.66,8001
299.66,8000
299.66,7999
299.68,7998
299.68,7997
299.73,7996
300.30,7995
300.37,7994
300.59,7993
302.78,7992
302.78,7991
302.79,7990
307.43,7989
307.43,7988
307.52,7987
307.54,7986
307.57,7985
307.57,7984
308.52,7983
308.68,7982
308.68,7981
308.73,7980
308.73,7979
308.76,7978
308.76,7977
308.91,7976
308.92,7975
308.94,7974
309.34,7973
309.34,7972
309.34,7971
309.37,7970
309.37,7969
316.13,7968
316.14,7967
316.24,7966
316.24,7965
316.26,7964
316.29,7963
316.36,7962
316.39,7961
316.40,7960
316.42,7959
316.45,7958
316.47,7957
316.49,7956
316.49,7955
316.50,7954
316.53,7953
316.54,7952
316.54,7951
316.63,7950
316.63,7949
317.46,7948
319.54,7947
319.55,7946
319.64,7945
319.64,7944
319.64,7943
319.78,7942
319.80,7941
319.99,7940
321.30,7939
321.33,7938
321.36,7937
321.59,7936
321.62,7935
321.64,7934
321.67,7933
321.68,7932
321.68,7931
321.69,7930
324.43,7929
324.44,7928
324.44,7927
324.46,7926
324.46,7925
324.47,7924
324.47,7923
324.48,7922
324.51,7921
325.15,7920
325.30,7919
325.32,7918
325.32,7917
325.41,7916
325.42,7915
325.52,7914
326.01,7913
326.06,7912
326.07,7911
326.09,7910
326.16,7909
326.20,7908
326.21,7907
326.28,7906
326.28,7905
326.30,7904
326.30,7903
326.30,7902
326.42,7901
326.50,7900
326.50,7899
326.50,7898
326.53,7897
326.53,7896
330.65,7895
330.67,7894
330.67,7893
330.68,7892
330.69,7891
330.74,7890
331.01,7889
331.87,7888
332.42,7887
332.42,7886
332.49,7885
332.50,7884
332.51,7883
332.52,7882
332.54,7881
333.19,7880
333.21,7879
334.32,7878
334.53,7877
334.54,7876
334.54,7875
334.60,7874
334.60,7873
334.60,7872
334.63,7871
335.03,7870
335.14,7869
335.38,7868
335.45,7867
335.51,7866
335.62,7865
335.76,7864
335.77,7863
335.77,7862
336.45,7861
336.49,7860
336.51,7859
336.62,7858
336.62,7857
336.68,7856
336.77,7855
336.85,7854
336.88,7853
336.93,7852
337.07,7851
337.09,7850
337.09,7849
337.10,7848
337.11,7847
337.12,7846
337.12,7845
337.13,7844
344.03,7843
344.07,7842
344.10,7841
344.12,7840
344.25,7839
344.88,7838
350.26,7837
350.29,7836
350.31,7835
350.34,7834
350.34,7833
350.93,7832
350.93,7831
350.93,7830
350.94,7829
351.02,7828
351.03,7827
351.82,7826
351.82,7825
351.89,7824
353.03,7823
353.06,7822
353.06,7821
353.11,7820
353.71,7819
353.73,7818
353.75,7817
354.04,7816
354.05,7815
354.06,7814
354.07,7813
354.10,7812
354.10,7811
354.87,7810
354.99,7809
355.01,7808
358.35,7807
358.36,7806
358.42,7805
359.87,7804
359.88,7803
359.88,7802
359.88,7801
359.90,7800
359.96,7799
360.81,7798
360.83,7797
360.83,7796
360.93,7795
360.97,7794
360.98,7793
361.14,7792
361.18,7791
361.53,7790
361.54,7789
361.54,7788
361.62,7787
361.62,7786
361.62,7785
361.69,7784
362.06,7783
362.57,7782
362.58,7781
362.60,7780
362.62,7779
362.73,7778
362.73,7777
362.73,7776
362.74,7775
362.75,7774
362.76,7773
362.78,7772
362.80,7771
362.83,7770
363.07,7769
366.25,7768
366.49,7767
369.69,7766
369.88,7765
369.90,7764
369.91,7763
370.00,7762
370.01,7761
370.01,7760
370.03,7759
370.20,7758
370.24,7757
370.24,7756
370.25,7755
370.27,7754
370.29,7753
370.38,7752
370.41,7751
370.44,7750
370.45,7749
370.50,7748
370.52,7747
370.58,7746
370.81,7745
370.82,7744
370.83,7743
371.80,7742
374.32,7741
374.32,7740
374.92,7739
374.97,7738
374.99,7737
380.33,7736
380.39,7735
381.52,7734
381.53,7733
381.59,7732
381.60,7731
382.65,7730
382.73,7729
382.82,7728
384.05,7727
384.19,7726
384.29,7725
384.29,7724
384.88,7723
385.49,7722
385.51,7721
385.86,7720
387.07,7719
387.15,7718
387.15,7717
387.19,7716
387.19,7715
387.47,7714
387.84,7713
387.97,7712
387.99,7711
388.05,7710
388.28,7709
388.33,7708
388.33,7707
388.75,7706
388.79,7705
388.83,7704
388.86,7703
394.49,7702
394.51,7701
394.59,7700
394.61,7699
394.64,7698
395.25,7697
395.26,7696
395.27,7695
395.41,7694
395.55,7693
395.60,7692
395.77,7691
395.77,7690
395.78,7689
395.78,7688
395.78,7687
398.94,7686
398.94,7685
399.07,7684
399.44,7683
402.16,7682
402.22,7681
402.38,7680
402.42,7679
402.45,7678
402.90,7677
409.23,7676
410.90,7675
410.90,7674
411.49,7673
411.53,7672
411.55,7671
411.55,7670
411.59,7669
412.70,7668
412.76,7667
412.95,7666
412.97,7665
412.99,7664
413.02,7663
413.03,7662
413.03,7661
414.08,7660
414.18,7659
414.19,7658
415.52,7657
415.58,7656
415.59,7655
416.53,7654
416.55,7653
416.60,7652
417.18,7651
417.28,7650
417.89,7649
417.90,7648
417.99,7647
418.03,7646
425.73,7645
425.81,7644
425.97,7643
426.19,7642
433.07,7641
433.08,7640
434.66,7639
434.68,7638
434.68,7637
447.21,7636
447.23,7635
447.25,7634
447.26,7633
447.30,7632
447.36,7631
447.40,7630
447.52,7629
449.05,7628
449.08,7627
449.28,7626
449.48,7625
449.52,7624
451.84,7623
451.86,7622
451.96,7621
452.01,7620
452.10,7619
452.83,7618
462.85,7617
462.90,7616
462.91,7615
468.75,7614
479.59,7613
479.60,7612
479.62,7611
479.64,7610
480.99,7609
481.77,7608
482.08,7607
482.12,7606
482.13,7605
482.25,7604
483.21,7603
483.21,7602
483.24,7601
489.89,7600
489.91,7599
490.18,7598
490.22,7597
490.22,7596
504.30,7595
504.42,7594
504.43,7593
504.82,7592
505.49,7591
509.53,7590
511.19,7589
511.33,7588
511.38,7587
517.19,7586
517.79,7585
518.34,7584
518.63,7583
518.64,7582
521.44,7581
521.45,7580
521.47,7579
521.60,7578
522.47,7577
522.48,7576
530.04,7575
530.12,7574
530.17,7573
530.25,7572
530.42,7571
530.55,7570
531.22,7569
531.33,7568
531.34,7567
531.54,7566
531.64,7565
533.16,7564
535.33,7563
535.82,7562
536.15,7561
540.27,7560
540.41,7559
540.49,7558
544.49,7557
558.18,7556
558.85,7555
558.97,7554
563.87,7553
564.43,7552
564.84,7551
573.92,7550
574.49,7549
574.57,7548
576.08,7547
576.15,7546
576.94,7545
576.94,7544
577.05,7543
577.96,7542
578.13,7541
587.05,7540
587.17,7539
592.18,7538
592.43,7537
