0.47,11022
0.47,11021
0.48,11020
0.48,11019
0.48,11018
0.49,11017
0.49,11016
0.50,11015
0.50,11014
0.50,11013
0.51,11012
0.51,11011
0.51,11010
0.51,11009
0.52,11008
0.52,11007
0.52,11006
0.52,11005
0.53,11004
0.53,11003
0.54,11002
0.54,11001
0.54,11000
0.55,10999
0.55,10998
0.55,10997
0.55,10996
0.56,10995
0.56,10994
0.56,10993
0.57,10992
0.57,10991
0.58,10990
0.58,10989
0.59,10988
0.59,10987
0.60,10986
0.60,10985
0.60,10984
0.61,10983
0.61,10982
0.61,10981
0.61,10980
0.61,10979
0.61,10978
0.61,10977
0.61,10976
0.62,10975
0.62,10974
0.62,10973
0.63,10972
0.63,10971
0.64,10970
0.65,10969
0.65,10968
0.65,10967
0.65,10966
0.65,10965
0.66,10964
0.66,10963
0.66,10962
0.67,10961
0.67,10960
0.68,10959
0.68,10958
0.68,10957
0.68,10956
0.69,10955
0.69,10954
0.69,10953
0.69,10952
0.70,10951
0.70,10950
0.70,10949
0.70,10948
0.71,10947
0.71,10946
0.71,10945
0.71,10944
0.71,10943
0.72,10942
0.72,10941
0.72,10940
0.72,10939
0.73,10938
0.73,10937
0.73,10936
0.74,10935
0.74,10934
0.75,10933
0.75,10932
0.75,10931
0.76,10930
0.76,10929
0.77,10928
0.77,10927
0.77,10926
0.77,10925
0.77,10924
0.78,10923
0.78,10922
0.78,10921
0.78,10920
0.79,10919
0.80,10918
0.80,10917
0.81,10916
0.81,10915
0.82,10914
0.82,10913
0.82,10912
0.83,10911
0.83,10910
0.83,10909
0.83,10908
0.84,10907
0.84,10906
0.85,10905
0.85,10904
0.86,10903
0.86,10902
0.86,10901
0.86,10900
0.87,10899
0.87,10898
0.88,10897
0.88,10896
0.88,10895
0.88,10894
0.88,10893
0.89,10892
0.89,10891
0.90,10890
0.90,10889
0.90,10888
0.90,10887
0.91,10886
0.91,10885
0.91,10884
0.92,10883
0.92,10882
0.93,10881
0.93,10880
0.93,10879
0.94,10878
0.94,10877
0.94,10876
0.95,10875
0.95,10874
0.96,10873
0.96,10872
0.96,10871
0.96,10870
0.96,10869
0.96,10868
0.97,10867
0.97,10866
0.97,10865
0.97,10864
0.97,10863
0.98,10862
0.98,10861
0.98,10860
0.98,10859
0.98,10858
0.98,10857
0.99,10856
0.99,10855
0.99,10854
1.01,10853
1.01,10852
1.01,10851
1.02,10850
1.02,10849
1.02,10848
1.02,10847
1.02,10846
1.03,10845
1.03,10844
1.03,10843
1.04,10842
1.04,10841
1.04,10840
1.04,10839
1.05,10838
1.06,10837
1.09,10836
1.09,10835
1.10,10834
1.10,10833
1.10,10832
1.10,10831
1.11,10830
1.11,10829
1.11,10828
1.11,10827
1.12,10826
1.13,10825
1.14,10824
1.15,10823
1.15,10822
1.15,10821
1.15,10820
1.15,10819
1.16,10818
1.16,10817
1.16,10816
1.16,10815
1.16,10814
1.16,10813
1.16,10812
1.17,10811
1.17,10810
1.18,10809
1.18,10808
1.19,10807
1.19,10806
1.20,10805
1.20,10804
1.20,10803
1.20,10802
1.21,10801
1.21,10800
1.21,10799
1.21,10798
1.21,10797
1.21,10796
1.21,10795
1.21,10794
1.21,10793
1.21,10792
1.22,10791
1.22,10790
1.22,10789
1.23,10788
1.23,10787
1.23,10786
1.25,10785
1.25,10784
1.25,10783
1.27,10782
1.27,10781
1.30,10780
1.30,10779
1.31,10778
1.31,10777
1.32,10776
1.32,10775
1.34,10774
1.34,10773
1.35,10772
1.35,10771
1.35,10770
1.35,10769
1.36,10768
1.36,10767
1.36,10766
1.36,10765
1.37,10764
1.37,10763
1.37,10762
1.37,10761
1.37,10760
1.38,10759
1.38,10758
1.38,10757
1.40,10756
1.41,10755
1.42,10754
1.42,10753
1.42,10752
1.42,10751
1.43,10750
1.43,10749
1.43,10748
1.44,10747
1.44,10746
1.46,10745
1.46,10744
1.46,10743
1.46,10742
1.47,10741
1.47,10740
1.48,10739
1.48,10738
1.49,10737
1.49,10736
1.49,10735
1.54,10734
1.54,10733
1.54,10732
1.55,10731
1.55,10730
1.56,10729
1.56,10728
1.56,10727
1.56,10726
1.57,10725
1.57,10724
1.58,10723
1.58,10722
1.58,10721
1.58,10720
1.58,10719
1.58,10718
1.58,10717
1.58,10716
1.58,10715
1.58,10714
1.58,10713
1.59,10712
1.59,10711
1.59,10710
1.59,10709
1.59,10708
1.59,10707
1.61,10706
1.61,10705
1.61,10704
1.62,10703
1.63,10702
1.63,10701
1.64,10700
1.64,10699
1.64,10698
1.64,10697
1.64,10696
1.64,10695
1.64,10694
1.65,10693
1.65,10692
1.65,10691
1.67,10690
1.69,10689
1.69,10688
1.70,10687
1.70,10686
1.70,10685
1.73,10684
1.74,10683
1.75,10682
1.75,10681
1.77,10680
1.79,10679
1.79,10678
1.79,10677
1.79,10676
1.79,10675
1.79,10674
1.80,10673
1.80,10672
1.81,10671
1.81,10670
1.81,10669
1.81,10668
1.82,10667
1.82,10666
1.82,10665
1.82,10664
1.83,10663
1.84,10662
1.87,10661
1.88,10660
1.88,10659
1.88,10658
1.88,10657
1.89,10656
1.89,10655
1.91,10654
1.91,10653
1.91,10652
1.92,10651
1.92,10650
1.92,10649
1.93,10648
1.93,10647
1.93,10646
1.93,10645
1.93,10644
1.94,10643
1.96,10642
1.97,10641
1.97,10640
1.97,10639
1.97,10638
1.98,10637
1.98,10636
2.00,10635
2.02,10634
2.02,10633
2.02,10632
2.03,10631
2.03,10630
2.03,10629
2.03,10628
2.04,10627
2.04,10626
2.04,10625
2.05,10624
2.06,10623
2.06,10622
2.06,10621
2.06,10620
2.06,10619
2.06,10618
2.07,10617
2.07,10616
2.07,10615
2.07,10614
2.07,10613
2.07,10612
2.08,10611
2.08,10610
2.09,10609
2.09,10608
2.09,10607
2.09,10606
2.09,10605
2.10,10604
2.11,10603
2.11,10602
2.11,10601
2.11,10600
2.12,10599
2.20,10598
2.21,10597
2.21,10596
2.21,10595
2.21,10594
2.22,10593
2.23,10592
2.23,10591
2.23,10590
2.23,10589
2.24,10588
2.24,10587
2.25,10586
2.25,10585
2.26,10584
2.26,10583
2.28,10582
2.28,10581
2.30,10580
2.30,10579
2.30,10578
2.30,10577
2.30,10576
2.30,10575
2.31,10574
2.31,10573
2.31,10572
2.32,10571
2.32,10570
2.33,10569
2.34,10568
2.34,10567
2.34,10566
2.34,10565
2.35,10564
2.35,10563
2.35,10562
2.35,10561
2.35,10560
2.36,10559
2.36,10558
2.39,10557
2.39,10556
2.39,10555
2.39,10554
2.39,10553
2.39,10552
2.47,10551
2.48,10550
2.48,10549
2.50,10548
2.50,10547
2.50,10546
2.50,10545
2.51,10544
2.51,10543
2.51,10542
2.52,10541
2.52,10540
2.52,10539
2.53,10538
2.53,10537
2.53,10536
2.54,10535
2.54,10534
2.54,10533
2.54,10532
2.54,10531
2.56,10530
2.56,10529
2.56,10528
2.57,10527
2.58,10526
2.58,10525
2.58,10524
2.59,10523
2.63,10522
2.63,10521
2.63,10520
2.63,10519
2.63,10518
2.64,10517
2.64,10516
2.69,10515
2.71,10514
2.72,10513
2.72,10512
2.73,10511
2.73,10510
2.74,10509
2.74,10508
2.74,10507
2.78,10506
2.78,10505
2.82,10504
2.84,10503
2.84,10502
2.84,10501
2.84,10500
2.84,10499
2.88,10498
2.91,10497
2.91,10496
2.91,10495
2.91,10494
2.92,10493
2.92,10492
2.92,10491
2.92,10490
2.92,10489
2.92,10488
2.92,10487
2.93,10486
2.93,10485
2.94,10484
2.94,10483
2.94,10482
2.94,10481
2.94,10480
2.94,10479
2.95,10478
2.96,10477
2.97,10476
2.97,10475
3.01,10474
3.01,10473
3.02,10472
3.02,10471
3.09,10470
3.09,10469
3.11,10468
3.12,10467
3.12,10466
3.13,10465
3.15,10464
3.15,10463
3.16,10462
3.43,10461
3.43,10460
3.43,10459
3.43,10458
3.47,10457
3.47,10456
3.48,10455
3.48,10454
3.49,10453
3.49,10452
3.50,10451
3.50,10450
3.51,10449
3.51,10448
3.51,10447
3.51,10446
3.51,10445
3.51,10444
3.51,10443
3.55,10442
3.55,10441
3.56,10440
3.57,10439
3.61,10438
3.61,10437
3.62,10436
3.62,10435
3.63,10434
3.64,10433
3.64,10432
3.66,10431
3.66,10430
3.67,10429
3.70,10428
3.71,10427
3.71,10426
3.71,10425
3.76,10424
3.77,10423
3.78,10422
3.79,10421
3.79,10420
3.81,10419
3.82,10418
3.82,10417
3.82,10416
3.84,10415
3.87,10414
3.87,10413
3.87,10412
3.88,10411
3.88,10410
3.89,10409
3.89,10408
3.89,10407
3.93,10406
3.93,10405
3.93,10404
3.93,10403
3.93,10402
3.93,10401
3.94,10400
3.95,10399
3.95,10398
3.95,10397
3.95,10396
3.95,10395
3.96,10394
3.96,10393
3.97,10392
3.97,10391
3.98,10390
3.98,10389
3.98,10388
3.99,10387
3.99,10386
4.03,10385
4.03,10384
4.03,10383
4.03,10382
4.03,10381
4.04,10380
4.05,10379
4.05,10378
4.05,10377
4.06,10376
4.06,10375
4.06,10374
4.06,10373
4.07,10372
4.07,10371
4.08,10370
4.10,10369
4.10,10368
4.11,10367
4.11,10366
4.11,10365
4.12,10364
4.12,10363
4.12,10362
4.13,10361
4.15,10360
4.16,10359
4.16,10358
4.16,10357
4.18,10356
4.18,10355
4.18,10354
4.18,10353
4.26,10352
4.31,10351
4.34,10350
4.34,10349
4.34,10348
4.34,10347
4.34,10346
4.36,10345
4.36,10344
4.36,10343
4.36,10342
4.36,10341
4.36,10340
4.37,10339
4.43,10338
4.43,10337
4.44,10336
4.45,10335
4.45,10334
4.46,10333
4.46,10332
4.46,10331
4.47,10330
4.48,10329
4.48,10328
4.49,10327
4.50,10326
4.50,10325
4.51,10324
4.54,10323
4.54,10322
4.59,10321
4.59,10320
4.59,10319
4.60,10318
4.60,10317
4.60,10316
4.61,10315
4.62,10314
4.62,10313
4.63,10312
4.63,10311
4.63,10310
4.63,10309
4.63,10308
4.64,10307
4.68,10306
4.68,10305
4.68,10304
4.69,10303
4.74,10302
4.76,10301
4.77,10300
4.77,10299
4.77,10298
4.77,10297
4.77,10296
5.03,10295
5.03,10294
5.04,10293
5.17,10292
5.17,10291
5.17,10290
5.17,10289
5.18,10288
5.18,10287
5.19,10286
5.20,10285
5.20,10284
5.21,10283
5.63,10282
5.67,10281
5.67,10280
5.67,10279
5.68,10278
5.69,10277
5.69,10276
5.69,10275
5.69,10274
5.70,10273
5.71,10272
5.71,10271
5.72,10270
5.72,10269
5.72,10268
5.72,10267
5.74,10266
5.75,10265
5.75,10264
5.75,10263
5.79,10262
5.79,10261
5.81,10260
5.82,10259
5.83,10258
5.83,10257
5.83,10256
5.83,10255
5.83,10254
5.84,10253
5.84,10252
5.84,10251
5.84,10250
5.85,10249
5.85,10248
5.85,10247
5.85,10246
5.85,10245
5.85,10244
5.87,10243
5.89,10242
5.91,10241
5.91,10240
5.92,10239
5.92,10238
5.92,10237
5.92,10236
5.92,10235
5.93,10234
5.93,10233
5.94,10232
5.94,10231
5.95,10230
5.95,10229
5.95,10228
5.95,10227
5.95,10226
5.95,10225
5.95,10224
5.95,10223
5.95,10222
5.95,10221
5.97,10220
5.97,10219
5.97,10218
5.99,10217
5.99,10216
6.06,10215
6.06,10214
6.06,10213
6.08,10212
6.09,10211
6.14,10210
6.14,10209
6.16,10208
6.27,10207
6.27,10206
6.28,10205
6.28,10204
6.28,10203
6.28,10202
6.30,10201
6.30,10200
6.30,10199
6.30,10198
6.30,10197
6.30,10196
6.30,10195
6.35,10194
6.36,10193
6.36,10192
6.37,10191
6.37,10190
6.40,10189
6.43,10188
6.43,10187
6.43,10186
6.44,10185
6.45,10184
6.45,10183
6.45,10182
6.45,10181
6.47,10180
6.54,10179
6.56,10178
6.57,10177
6.62,10176
6.62,10175
6.62,10174
6.63,10173
6.64,10172
6.67,10171
6.71,10170
6.71,10169
6.72,10168
6.72,10167
6.72,10166
6.73,10165
6.73,10164
6.73,10163
6.73,10162
6.73,10161
6.74,10160
6.74,10159
6.74,10158
6.74,10157
6.75,10156
6.75,10155
6.82,10154
6.82,10153
7.19,10152
7.19,10151
7.22,10150
7.30,10149
7.30,10148
7.31,10147
7.32,10146
7.32,10145
7.32,10144
7.35,10143
7.35,10142
7.36,10141
7.40,10140
7.41,10139
7.41,10138
7.42,10137
7.44,10136
7.45,10135
7.79,10134
7.79,10133
7.79,10132
7.79,10131
7.80,10130
7.80,10129
7.81,10128
7.82,10127
7.82,10126
7.87,10125
7.87,10124
7.88,10123
7.88,10122
7.88,10121
7.88,10120
7.88,10119
7.89,10118
7.89,10117
7.89,10116
7.90,10115
7.91,10114
7.93,10113
7.93,10112
7.97,10111
7.97,10110
7.97,10109
7.97,10108
7.98,10107
7.98,10106
8.03,10105
8.03,10104
8.03,10103
8.03,10102
8.03,10101
8.03,10100
8.03,10099
8.03,10098
8.04,10097
8.05,10096
8.05,10095
8.05,10094
8.05,10093
8.12,10092
8.13,10091
8.16,10090
8.16,10089
8.16,10088
8.16,10087
8.16,10086
8.17,10085
8.17,10084
8.17,10083
8.17,10082
8.18,10081
8.18,10080
8.35,10079
8.35,10078
8.35,10077
8.36,10076
8.39,10075
8.39,10074
8.40,10073
8.42,10072
8.42,10071
8.42,10070
8.42,10069
8.44,10068
8.44,10067
8.48,10066
8.55,10065
8.56,10064
8.56,10063
8.61,10062
8.64,10061
8.64,10060
8.64,10059
8.65,10058
8.66,10057
8.67,10056
8.67,10055
8.70,10054
8.70,10053
8.70,10052
8.70,10051
8.71,10050
8.71,10049
8.71,10048
8.92,10047
8.92,10046
9.17,10045
9.17,10044
9.74,10043
9.74,10042
9.76,10041
9.76,10040
9.76,10039
9.76,10038
9.77,10037
9.77,10036
9.77,10035
9.78,10034
9.79,10033
9.79,10032
9.80,10031
9.80,10030
9.80,10029
9.80,10028
9.80,10027
9.80,10026
9.80,10025
9.80,10024
9.86,10023
9.88,10022
9.88,10021
9.88,10020
9.89,10019
10.31,10018
10.59,10017
10.60,10016
10.60,10015
10.60,10014
10.61,10013
10.61,10012
10.63,10011
10.63,10010
11.27,10009
11.33,10008
11.39,10007
11.41,10006
11.41,10005
11.42,10004
11.43,10003
11.43,10002
11.43,10001
11.43,10000
11.46,9999
11.46,9998
11.50,9997
11.50,9996
11.63,9995
11.63,9994
11.64,9993
11.65,9992
11.65,9991
11.66,9990
11.70,9989
11.72,9988
11.72,9987
11.72,9986
11.76,9985
11.76,9984
11.76,9983
11.78,9982
11.79,9981
11.79,9980
11.79,9979
11.79,9978
11.80,9977
11.80,9976
11.80,9975
11.81,9974
11.81,9973
11.81,9972
11.82,9971
11.82,9970
11.83,9969
11.84,9968
11.87,9967
11.92,9966
11.94,9965
11.94,9964
11.95,9963
11.95,9962
11.96,9961
11.96,9960
11.98,9959
11.99,9958
12.03,9957
12.03,9956
12.05,9955
12.05,9954
12.10,9953
12.23,9952
12.30,9951
12.32,9950
12.32,9949
12.32,9948
12.32,9947
12.38,9946
12.43,9945
12.43,9944
12.43,9943
12.43,9942
12.43,9941
12.43,9940
12.43,9939
12.44,9938
12.65,9937
12.93,9936
12.93,9935
12.93,9934
13.29,9933
13.29,9932
13.29,9931
13.30,9930
13.30,9929
13.33,9928
13.33,9927
13.33,9926
13.34,9925
13.34,9924
13.34,9923
13.38,9922
13.39,9921
13.40,9920
13.40,9919
13.47,9918
13.73,9917
13.74,9916
13.74,9915
13.82,9914
13.82,9913
13.83,9912
13.85,9911
13.85,9910
13.85,9909
13.94,9908
13.94,9907
13.96,9906
13.96,9905
13.98,9904
13.98,9903
14.04,9902
14.29,9901
14.29,9900
14.29,9899
14.51,9898
14.51,9897
14.62,9896
14.63,9895
14.63,9894
15.45,9893
15.45,9892
15.46,9891
15.48,9890
15.51,9889
15.51,9888
15.51,9887
15.51,9886
15.51,9885
15.55,9884
15.55,9883
15.55,9882
15.55,9881
15.57,9880
15.60,9879
15.60,9878
15.60,9877
15.60,9876
15.64,9875
15.64,9874
15.64,9873
15.64,9872
15.64,9871
15.65,9870
15.65,9869
15.66,9868
16.25,9867
16.25,9866
16.25,9865
16.25,9864
16.26,9863
16.26,9862
16.27,9861
16.27,9860
16.28,9859
16.32,9858
16.32,9857
16.32,9856
16.44,9855
16.52,9854
16.54,9853
16.68,9852
16.68,9851
16.68,9850
16.68,9849
16.70,9848
16.70,9847
16.78,9846
16.78,9845
16.80,9844
16.82,9843
16.83,9842
16.85,9841
16.88,9840
16.88,9839
16.90,9838
16.91,9837
16.94,9836
16.97,9835
16.97,9834
16.98,9833
16.98,9832
16.98,9831
16.98,9830
16.98,9829
16.99,9828
16.99,9827
16.99,9826
17.00,9825
17.01,9824
17.15,9823
17.18,9822
17.20,9821
17.20,9820
17.20,9819
17.23,9818
17.23,9817
17.24,9816
17.24,9815
17.25,9814
17.26,9813
17.27,9812
17.28,9811
17.28,9810
17.28,9809
17.29,9808
17.30,9807
17.30,9806
17.31,9805
17.31,9804
17.31,9803
17.32,9802
17.32,9801
17.32,9800
17.44,9799
17.55,9798
17.56,9797
17.57,9796
21.42,9795
21.43,9794
21.45,9793
21.45,9792
21.45,9791
21.45,9790
21.47,9789
21.48,9788
21.51,9787
21.52,9786
21.52,9785
21.52,9784
21.52,9783
21.53,9782
21.53,9781
21.54,9780
21.97,9779
22.02,9778
22.02,9777
22.03,9776
22.04,9775
22.04,9774
22.05,9773
22.08,9772
22.09,9771
24.20,9770
24.30,9769
24.31,9768
24.31,9767
24.32,9766
24.40,9765
24.41,9764
24.41,9763
24.57,9762
24.62,9761
24.62,9760
24.63,9759
24.63,9758
24.63,9757
24.63,9756
24.65,9755
24.65,9754
24.65,9753
24.65,9752
24.66,9751
24.66,9750
24.69,9749
25.14,9748
25.14,9747
25.15,9746
25.15,9745
25.16,9744
25.22,9743
25.25,9742
26.30,9741
26.30,9740
26.30,9739
26.31,9738
26.38,9737
26.38,9736
26.38,9735
26.38,9734
26.39,9733
26.49,9732
26.49,9731
26.56,9730
28.46,9729
28.48,9728
28.48,9727
28.48,9726
29.34,9725
30.28,9724
30.28,9723
30.28,9722
30.28,9721
30.29,9720
30.29,9719
30.31,9718
30.41,9717
30.41,9716
30.41,9715
30.79,9714
30.79,9713
30.82,9712
30.82,9711
30.83,9710
30.84,9709
30.84,9708
30.96,9707
30.96,9706
30.96,9705
30.97,9704
30.97,9703
30.98,9702
30.99,9701
30.99,9700
31.00,9699
31.00,9698
31.00,9697
31.00,9696
31.02,9695
31.46,9694
31.48,9693
31.48,9692
31.50,9691
31.57,9690
31.60,9689
31.60,9688
31.61,9687
31.62,9686
31.62,9685
31.67,9684
31.67,9683
35.08,9682
35.08,9681
35.08,9680
35.08,9679
35.09,9678
35.09,9677
35.09,9676
41.26,9675
41.27,9674
41.27,9673
41.27,9672
45.42,9671
45.42,9670
45.42,9669
45.43,9668
45.43,9667
45.43,9666
45.44,9665
45.44,9664
45.44,9663
45.49,9662
45.49,9661
45.49,9660
45.56,9659
45.56,9658
45.56,9657
45.56,9656
45.57,9655
63.99,9654
64.00,9653
64.01,9652
64.01,9651
64.01,9650
64.06,9649
64.08,9648
64.75,9647
64.76,9646
64.76,9645
64.78,9644
64.78,9643
64.79,9642
64.79,9641
64.79,9640
64.80,9639
64.81,9638
64.82,9637
64.85,9636
64.94,9635
64.95,9634
64.95,9633
64.96,9632
65.03,9631
65.03,9630
65.13,9629
65.13,9628
65.13,9627
65.13,9626
65.14,9625
65.14,9624
65.15,9623
65.29,9622
65.29,9621
65.36,9620
65.41,9619
65.42,9618
65.43,9617
65.43,9616
65.43,9615
65.43,9614
65.44,9613
66.20,9612
66.20,9611
66.21,9610
66.21,9609
66.23,9608
66.25,9607
66.26,9606
66.92,9605
66.92,9604
67.03,9603
67.04,9602
78.39,9601
78.39,9600
78.44,9599
78.44,9598
78.55,9597
78.55,9596
78.61,9595
78.61,9594
78.61,9593
78.63,9592
96.16,9591
96.83,9590
96.83,9589
96.83,9588
96.83,9587
96.83,9586
96.84,9585
96.88,9584
96.97,9583
96.97,9582
96.98,9581
96.98,9580
96.98,9579
96.99,9578
96.99,9577
96.99,9576
97.14,9575
97.15,9574
97.15,9573
97.15,9572
97.15,9571
97.16,9570
97.16,9569
97.17,9568
97.18,9567
97.50,9566
97.50,9565
97.50,9564
97.61,9563
97.79,9562
97.81,9561
97.81,9560
97.81,9559
97.82,9558
97.84,9557
97.85,9556
97.86,9555
97.86,9554
97.88,9553
101.72,9552
101.78,9551
101.79,9550
101.79,9549
101.79,9548
101.82,9547
101.82,9546
101.82,9545
101.83,9544
101.83,9543
101.83,9542
101.84,9541
101.84,9540
101.86,9539
101.87,9538
101.87,9537
101.88,9536
101.88,9535
101.88,9534
101.88,9533
101.97,9532
101.97,9531
102.02,9530
102.02,9529
102.03,9528
102.11,9527
102.12,9526
102.17,9525
102.29,9524
102.29,9523
102.33,9522
102.35,9521
102.49,9520
102.52,9519
102.67,9518
102.69,9517
102.70,9516
102.70,9515
102.71,9514
102.73,9513
114.14,9512
114.34,9511
114.37,9510
114.37,9509
114.37,9508
114.37,9507
114.55,9506
114.56,9505
116.21,9504
116.22,9503
116.22,9502
116.22,9501
116.62,9500
116.62,9499
116.63,9498
116.63,9497
116.64,9496
116.64,9495
116.78,9494
117.85,9493
117.85,9492
117.85,9491
117.86,9490
117.86,9489
117.87,9488
117.87,9487
117.88,9486
117.89,9485
117.97,9484
117.98,9483
117.99,9482
117.99,9481
118.44,9480
118.67,9479
118.68,9478
118.68,9477
118.98,9476
119.20,9475
119.21,9474
119.22,9473
119.22,9472
119.23,9471
119.23,9470
119.24,9469
119.24,9468
119.24,9467
119.24,9466
119.24,9465
119.25,9464
119.25,9463
119.25,9462
119.27,9461
119.27,9460
119.30,9459
119.30,9458
119.32,9457
119.33,9456
119.33,9455
119.33,9454
119.60,9453
119.60,9452
119.60,9451
119.60,9450
119.60,9449
119.65,9448
119.65,9447
119.65,9446
119.66,9445
119.67,9444
119.68,9443
119.68,9442
119.72,9441
119.73,9440
119.74,9439
119.75,9438
119.77,9437
119.77,9436
119.77,9435
119.79,9434
119.79,9433
119.79,9432
119.80,9431
119.80,9430
119.80,9429
119.80,9428
119.80,9427
119.85,9426
119.87,9425
119.88,9424
120.01,9423
120.07,9422
120.08,9421
120.08,9420
120.19,9419
120.19,9418
120.24,9417
131.93,9416
131.95,9415
131.95,9414
131.95,9413
131.96,9412
132.13,9411
132.14,9410
132.19,9409
132.19,9408
132.22,9407
132.22,9406
132.22,9405
132.98,9404
132.98,9403
132.99,9402
132.99,9401
132.99,9400
133.00,9399
133.01,9398
133.01,9397
133.26,9396
133.26,9395
133.27,9394
133.28,9393
133.28,9392
138.03,9391
138.05,9390
138.05,9389
138.09,9388
138.09,9387
138.90,9386
138.90,9385
138.90,9384
138.90,9383
138.90,9382
139.07,9381
139.08,9380
139.12,9379
139.12,9378
139.16,9377
139.16,9376
139.16,9375
139.17,9374
140.03,9373
140.06,9372
140.06,9371
143.89,9370
143.90,9369
143.90,9368
144.01,9367
144.01,9366
144.01,9365
144.02,9364
144.02,9363
144.02,9362
144.02,9361
144.03,9360
144.03,9359
144.03,9358
144.04,9357
144.07,9356
144.08,9355
144.08,9354
144.08,9353
144.08,9352
144.08,9351
144.90,9350
144.92,9349
144.93,9348
144.93,9347
144.93,9346
144.93,9345
144.98,9344
145.57,9343
145.58,9342
145.58,9341
145.58,9340
145.74,9339
145.74,9338
145.74,9337
145.78,9336
145.79,9335
145.81,9334
145.82,9333
147.64,9332
147.65,9331
147.65,9330
147.65,9329
147.68,9328
147.87,9327
147.87,9326
147.87,9325
147.88,9324
147.88,9323
147.94,9322
148.00,9321
149.81,9320
149.81,9319
149.81,9318
150.51,9317
150.58,9316
150.58,9315
150.58,9314
150.77,9313
150.89,9312
150.89,9311
150.89,9310
150.89,9309
153.08,9308
153.08,9307
153.08,9306
153.22,9305
153.23,9304
153.24,9303
153.24,9302
153.24,9301
153.24,9300
153.24,9299
153.28,9298
153.28,9297
153.32,9296
153.99,9295
154.02,9294
154.33,9293
154.34,9292
154.34,9291
154.35,9290
154.36,9289
154.36,9288
154.36,9287
154.54,9286
154.54,9285
154.56,9284
154.78,9283
154.78,9282
154.79,9281
154.79,9280
154.79,9279
154.90,9278
154.90,9277
155.02,9276
155.03,9275
155.04,9274
155.04,9273
155.04,9272
155.04,9271
155.05,9270
155.05,9269
155.05,9268
155.06,9267
155.06,9266
155.06,9265
155.20,9264
155.20,9263
155.20,9262
155.20,9261
155.21,9260
155.23,9259
155.23,9258
155.23,9257
155.36,9256
155.43,9255
155.85,9254
155.86,9253
155.90,9252
155.90,9251
155.90,9250
155.90,9249
155.90,9248
156.04,9247
156.36,9246
156.36,9245
156.36,9244
156.43,9243
156.44,9242
156.47,9241
156.52,9240
156.58,9239
156.61,9238
156.62,9237
156.69,9236
156.70,9235
156.98,9234
157.18,9233
157.38,9232
157.39,9231
157.39,9230
157.40,9229
157.40,9228
157.41,9227
157.42,9226
157.42,9225
157.42,9224
157.42,9223
157.43,9222
157.43,9221
157.44,9220
157.45,9219
157.45,9218
157.46,9217
157.46,9216
157.46,9215
157.47,9214
157.95,9213
157.95,9212
157.98,9211
157.99,9210
158.21,9209
158.21,9208
158.28,9207
158.28,9206
158.32,9205
158.32,9204
158.32,9203
158.32,9202
158.32,9201
158.60,9200
158.60,9199
158.60,9198
158.64,9197
158.69,9196
158.71,9195
158.85,9194
158.85,9193
158.85,9192
158.90,9191
159.55,9190
159.73,9189
159.76,9188
160.75,9187
161.75,9186
161.76,9185
161.78,9184
161.80,9183
161.81,9182
161.81,9181
161.81,9180
161.84,9179
161.84,9178
161.85,9177
161.89,9176
161.89,9175
161.90,9174
161.90,9173
161.90,9172
161.91,9171
161.92,9170
161.92,9169
161.93,9168
161.93,9167
162.03,9166
162.61,9165
162.62,9164
162.66,9163
162.66,9162
162.67,9161
163.49,9160
163.70,9159
163.71,9158
163.83,9157
163.84,9156
164.49,9155
164.49,9154
164.50,9153
164.50,9152
164.53,9151
164.56,9150
164.57,9149
164.57,9148
164.57,9147
164.58,9146
164.58,9145
164.58,9144
164.58,9143
164.59,9142
164.60,9141
164.60,9140
164.60,9139
164.63,9138
164.63,9137
164.64,9136
164.64,9135
164.64,9134
164.65,9133
165.05,9132
165.05,9131
165.12,9130
168.43,9129
168.43,9128
168.43,9127
168.44,9126
168.44,9125
168.45,9124
168.47,9123
168.47,9122
168.47,9121
168.51,9120
168.51,9119
168.52,9118
168.53,9117
168.53,9116
168.54,9115
168.54,9114
168.54,9113
168.58,9112
168.67,9111
168.67,9110
169.37,9109
170.61,9108
170.67,9107
170.70,9106
170.71,9105
170.74,9104
170.76,9103
170.76,9102
170.76,9101
170.76,9100
171.85,9099
171.86,9098
171.86,9097
171.86,9096
171.87,9095
172.05,9094
173.69,9093
173.69,9092
173.99,9091
173.99,9090
173.99,9089
174.01,9088
174.13,9087
174.15,9086
174.15,9085
174.16,9084
174.17,9083
174.17,9082
174.17,9081
174.49,9080
174.49,9079
174.53,9078
179.26,9077
179.26,9076
179.26,9075
179.26,9074
179.27,9073
179.27,9072
179.32,9071
179.32,9070
179.32,9069
179.34,9068
179.35,9067
179.40,9066
180.44,9065
180.46,9064
182.49,9063
182.53,9062
182.53,9061
182.59,9060
182.59,9059
182.59,9058
182.60,9057
182.60,9056
182.60,9055
182.67,9054
182.67,9053
182.68,9052
182.69,9051
182.69,9050
182.74,9049
182.74,9048
182.75,9047
182.76,9046
182.76,9045
182.80,9044
182.80,9043
182.80,9042
182.82,9041
182.83,9040
182.83,9039
182.84,9038
182.85,9037
183.31,9036
183.31,9035
183.32,9034
183.32,9033
183.32,9032
183.41,9031
184.00,9030
184.03,9029
184.03,9028
184.03,9027
184.04,9026
184.04,9025
184.10,9024
185.18,9023
185.21,9022
186.25,9021
186.26,9020
186.61,9019
186.69,9018
186.82,9017
186.83,9016
186.84,9015
186.96,9014
186.97,9013
186.97,9012
186.98,9011
187.01,9010
187.02,9009
187.03,9008
187.05,9007
187.05,9006
187.09,9005
187.09,9004
187.21,9003
187.29,9002
187.29,9001
187.30,9000
187.40,8999
187.65,8998
187.65,8997
187.72,8996
187.72,8995
187.88,8994
187.90,8993
187.91,8992
187.92,8991
187.93,8990
187.98,8989
187.98,8988
187.99,8987
188.03,8986
188.92,8985
189.22,8984
189.22,8983
189.48,8982
189.57,8981
189.57,8980
189.58,8979
189.58,8978
189.59,8977
189.59,8976
189.59,8975
189.59,8974
189.61,8973
189.61,8972
189.63,8971
189.73,8970
189.85,8969
189.85,8968
189.85,8967
189.85,8966
189.94,8965
189.95,8964
189.95,8963
189.95,8962
190.19,8961
190.19,8960
190.19,8959
190.21,8958
190.35,8957
190.53,8956
190.53,8955
190.53,8954
191.65,8953
191.66,8952
191.66,8951
191.66,8950
191.67,8949
191.67,8948
191.68,8947
191.68,8946
191.69,8945
191.80,8944
191.81,8943
191.81,8942
191.82,8941
192.50,8940
192.52,8939
192.57,8938
194.47,8937
194.47,8936
194.47,8935
194.58,8934
194.60,8933
194.61,8932
194.63,8931
194.74,8930
194.75,8929
194.94,8928
194.95,8927
194.96,8926
194.96,8925
194.96,8924
195.00,8923
195.01,8922
195.01,8921
195.12,8920
195.20,8919
195.20,8918
195.22,8917
195.24,8916
195.25,8915
195.25,8914
195.25,8913
195.30,8912
195.30,8911
195.31,8910
195.35,8909
195.35,8908
195.38,8907
195.38,8906
195.41,8905
195.67,8904
195.70,8903
195.72,8902
195.72,8901
195.75,8900
195.75,8899
195.76,8898
195.82,8897
195.86,8896
195.87,8895
195.94,8894
196.18,8893
196.19,8892
196.23,8891
196.83,8890
196.83,8889
197.36,8888
197.39,8887
197.39,8886
197.40,8885
197.43,8884
197.43,8883
197.44,8882
197.45,8881
197.45,8880
197.45,8879
197.48,8878
197.53,8877
197.53,8876
197.53,8875
197.53,8874
197.53,8873
197.53,8872
197.56,8871
197.57,8870
197.58,8869
197.58,8868
197.58,8867
197.59,8866
197.68,8865
197.72,8864
197.72,8863
197.72,8862
197.72,8861
197.74,8860
197.77,8859
197.82,8858
197.84,8857
197.84,8856
197.87,8855
197.88,8854
197.88,8853
197.88,8852
198.02,8851
198.03,8850
198.06,8849
198.15,8848
198.41,8847
198.41,8846
198.41,8845
198.59,8844
198.59,8843
198.61,8842
198.64,8841
198.64,8840
198.64,8839
198.64,8838
198.80,8837
198.90,8836
199.02,8835
199.03,8834
199.04,8833
199.04,8832
199.10,8831
199.36,8830
199.36,8829
199.37,8828
199.48,8827
199.49,8826
199.49,8825
199.50,8824
199.50,8823
199.87,8822
199.89,8821
199.89,8820
199.90,8819
199.90,8818
199.94,8817
199.95,8816
199.96,8815
199.96,8814
199.96,8813
199.96,8812
199.97,8811
199.97,8810
199.98,8809
199.98,8808
200.01,8807
200.02,8806
200.02,8805
200.03,8804
200.06,8803
200.06,8802
200.07,8801
200.09,8800
200.12,8799
200.24,8798
200.26,8797
200.26,8796
200.26,8795
200.26,8794
200.26,8793
200.31,8792
200.32,8791
200.47,8790
200.47,8789
200.48,8788
200.49,8787
200.50,8786
200.50,8785
200.51,8784
200.52,8783
200.52,8782
200.55,8781
200.61,8780
200.61,8779
200.92,8778
202.77,8777
202.78,8776
202.78,8775
202.78,8774
202.78,8773
202.81,8772
202.84,8771
202.87,8770
202.87,8769
202.87,8768
202.87,8767
202.89,8766
203.47,8765
203.47,8764
203.51,8763
203.55,8762
203.59,8761
203.59,8760
203.60,8759
203.60,8758
204.19,8757
204.22,8756
204.22,8755
204.22,8754
204.22,8753
204.22,8752
204.22,8751
204.33,8750
204.34,8749
204.34,8748
204.35,8747
204.35,8746
204.42,8745
204.42,8744
204.54,8743
204.54,8742
204.56,8741
204.56,8740
204.56,8739
204.67,8738
204.81,8737
204.82,8736
204.83,8735
204.83,8734
204.84,8733
205.46,8732
205.46,8731
205.47,8730
205.57,8729
206.06,8728
206.08,8727
206.08,8726
206.08,8725
206.09,8724
206.10,8723
206.12,8722
206.12,8721
206.13,8720
206.14,8719
206.15,8718
206.16,8717
206.68,8716
206.95,8715
206.96,8714
206.98,8713
207.00,8712
207.00,8711
207.01,8710
207.04,8709
207.08,8708
207.08,8707
207.08,8706
207.08,8705
207.11,8704
207.18,8703
207.18,8702
207.18,8701
207.19,8700
207.26,8699
207.29,8698
207.29,8697
207.30,8696
207.31,8695
207.31,8694
207.56,8693
207.57,8692
207.58,8691
207.58,8690
207.66,8689
207.68,8688
207.70,8687
207.79,8686
207.80,8685
207.80,8684
207.81,8683
207.81,8682
207.81,8681
207.81,8680
207.83,8679
207.83,8678
207.83,8677
207.90,8676
208.01,8675
208.02,8674
208.12,8673
208.12,8672
208.14,8671
208.14,8670
208.16,8669
208.16,8668
208.19,8667
208.22,8666
208.39,8665
208.41,8664
208.42,8663
208.43,8662
208.44,8661
208.54,8660
209.06,8659
209.08,8658
209.39,8657
209.41,8656
209.41,8655
209.43,8654
209.43,8653
209.45,8652
209.49,8651
209.52,8650
209.87,8649
210.46,8648
210.46,8647
210.53,8646
210.55,8645
210.55,8644
210.63,8643
210.64,8642
210.68,8641
210.82,8640
210.82,8639
210.83,8638
210.83,8637
210.83,8636
210.84,8635
210.85,8634
211.34,8633
211.34,8632
211.45,8631
211.45,8630
211.92,8629
211.92,8628
212.06,8627
212.07,8626
212.19,8625
213.38,8624
213.41,8623
213.42,8622
213.42,8621
213.43,8620
213.43,8619
213.43,8618
213.48,8617
213.48,8616
213.48,8615
213.55,8614
213.55,8613
213.98,8612
214.05,8611
214.05,8610
214.06,8609
214.47,8608
214.47,8607
214.48,8606
214.49,8605
214.50,8604
214.51,8603
214.52,8602
214.52,8601
214.53,8600
214.64,8599
214.65,8598
214.72,8597
214.74,8596
214.75,8595
214.98,8594
215.50,8593
215.52,8592
215.53,8591
215.53,8590
215.66,8589
215.66,8588
215.70,8587
215.70,8586
215.74,8585
215.74,8584
215.79,8583
215.82,8582
215.89,8581
215.90,8580
215.90,8579
216.01,8578
216.02,8577
216.03,8576
216.03,8575
216.08,8574
216.08,8573
216.08,8572
216.10,8571
216.21,8570
216.25,8569
216.25,8568
216.26,8567
216.30,8566
216.30,8565
216.30,8564
216.33,8563
216.45,8562
216.48,8561
216.48,8560
216.49,8559
216.50,8558
216.51,8557
216.70,8556
216.70,8555
216.72,8554
216.74,8553
216.80,8552
216.81,8551
216.81,8550
216.81,8549
216.92,8548
216.93,8547
216.93,8546
216.93,8545
216.95,8544
216.97,8543
216.97,8542
217.01,8541
217.02,8540
217.06,8539
217.15,8538
217.16,8537
217.18,8536
217.19,8535
217.19,8534
217.20,8533
217.20,8532
217.20,8531
217.23,8530
217.25,8529
217.25,8528
217.25,8527
217.25,8526
217.29,8525
217.29,8524
217.32,8523
217.48,8522
218.10,8521
218.10,8520
218.28,8519
218.28,8518
218.28,8517
218.28,8516
218.30,8515
218.31,8514
222.01,8513
222.02,8512
222.02,8511
222.22,8510
222.22,8509
222.22,8508
222.23,8507
222.24,8506
222.26,8505
222.50,8504
222.53,8503
222.55,8502
222.56,8501
222.57,8500
222.82,8499
222.86,8498
222.87,8497
222.87,8496
222.95,8495
222.95,8494
222.96,8493
223.05,8492
223.05,8491
224.76,8490
224.77,8489
224.77,8488
224.77,8487
225.39,8486
225.39,8485
225.42,8484
225.45,8483
225.46,8482
225.52,8481
225.53,8480
225.54,8479
225.56,8478
225.56,8477
225.56,8476
225.57,8475
225.65,8474
225.68,8473
225.68,8472
225.78,8471
225.78,8470
225.80,8469
225.81,8468
225.83,8467
225.86,8466
225.86,8465
226.47,8464
226.51,8463
226.54,8462
226.57,8461
226.58,8460
226.67,8459
226.80,8458
226.81,8457
226.81,8456
226.97,8455
226.98,8454
226.98,8453
226.99,8452
227.00,8451
227.00,8450
227.00,8449
227.11,8448
227.16,8447
228.00,8446
228.01,8445
228.01,8444
228.01,8443
228.01,8442
228.03,8441
228.05,8440
228.08,8439
228.08,8438
228.09,8437
228.11,8436
228.11,8435
228.12,8434
228.16,8433
230.74,8432
230.74,8431
230.79,8430
231.37,8429
231.41,8428
231.41,8427
231.43,8426
231.44,8425
231.44,8424
231.48,8423
232.04,8422
232.04,8421
232.05,8420
232.87,8419
232.87,8418
232.88,8417
233.48,8416
234.30,8415
234.30,8414
234.31,8413
234.35,8412
234.36,8411
234.36,8410
234.36,8409
234.37,8408
234.42,8407
234.42,8406
234.47,8405
234.47,8404
234.47,8403
235.72,8402
235.73,8401
236.00,8400
236.01,8399
236.02,8398
236.03,8397
236.04,8396
236.05,8395
236.05,8394
236.08,8393
236.18,8392
236.19,8391
236.19,8390
236.20,8389
236.20,8388
236.21,8387
236.22,8386
236.23,8385
236.23,8384
237.31,8383
237.73,8382
238.32,8381
239.25,8380
239.25,8379
239.25,8378
239.43,8377
239.43,8376
239.44,8375
239.45,8374
239.82,8373
239.84,8372
239.85,8371
239.87,8370
239.87,8369
239.87,8368
239.92,8367
239.92,8366
239.92,8365
239.92,8364
239.94,8363
240.08,8362
240.09,8361
240.10,8360
240.10,8359
240.10,8358
240.11,8357
240.12,8356
240.30,8355
240.30,8354
240.32,8353
240.33,8352
240.36,8351
240.36,8350
240.37,8349
240.45,8348
240.46,8347
240.55,8346
240.56,8345
240.56,8344
240.57,8343
240.57,8342
240.63,8341
240.63,8340
240.63,8339
240.66,8338
240.70,8337
240.70,8336
240.72,8335
240.72,8334
240.73,8333
242.00,8332
242.01,8331
243.05,8330
243.23,8329
243.26,8328
243.71,8327
243.72,8326
243.73,8325
243.74,8324
243.74,8323
243.82,8322
243.90,8321
243.90,8320
244.18,8319
244.19,8318
245.62,8317
245.63,8316
245.69,8315
245.70,8314
245.70,8313
245.71,8312
245.72,8311
245.76,8310
245.84,8309
245.84,8308
245.87,8307
245.91,8306
246.05,8305
246.09,8304
246.18,8303
246.19,8302
246.21,8301
247.19,8300
247.20,8299
247.20,8298
247.35,8297
247.37,8296
247.37,8295
247.42,8294
247.42,8293
247.43,8292
247.43,8291
247.45,8290
247.45,8289
247.45,8288
247.46,8287
247.46,8286
247.48,8285
247.49,8284
247.51,8283
247.51,8282
247.51,8281
247.52,8280
247.52,8279
247.54,8278
247.55,8277
247.55,8276
247.55,8275
247.55,8274
247.58,8273
247.73,8272
247.73,8271
248.92,8270
248.93,8269
249.53,8268
249.53,8267
249.54,8266
249.79,8265
249.79,8264
249.81,8263
249.82,8262
249.83,8261
249.93,8260
250.08,8259
250.18,8258
250.18,8257
250.22,8256
250.43,8255
250.44,8254
250.57,8253
250.58,8252
250.58,8251
250.60,8250
250.62,8249
250.63,8248
250.63,8247
250.64,8246
250.65,8245
250.66,8244
250.68,8243
250.68,8242
250.83,8241
250.84,8240
250.85,8239
250.99,8238
251.02,8237
251.02,8236
251.02,8235
251.14,8234
251.38,8233
251.41,8232
251.45,8231
251.65,8230
251.67,8229
251.69,8228
251.69,8227
251.72,8226
251.72,8225
251.74,8224
251.74,8223
251.77,8222
251.77,8221
251.81,8220
251.81,8219
251.82,8218
251.85,8217
251.86,8216
251.95,8215
251.95,8214
251.96,8213
251.97,8212
251.98,8211
252.00,8210
252.00,8209
252.04,8208
253.00,8207
253.01,8206
253.04,8205
253.11,8204
253.27,8203
253.28,8202
253.28,8201
253.28,8200
253.29,8199
253.32,8198
253.34,8197
253.35,8196
253.40,8195
253.44,8194
253.49,8193
253.51,8192
253.51,8191
253.70,8190
253.70,8189
253.71,8188
253.71,8187
253.73,8186
254.30,8185
254.35,8184
254.37,8183
254.37,8182
254.42,8181
260.33,8180
260.35,8179
260.39,8178
260.41,8177
260.42,8176
260.46,8175
260.50,8174
260.56,8173
260.60,8172
260.75,8171
260.77,8170
261.91,8169
261.96,8168
261.97,8167
261.97,8166
261.97,8165
261.98,8164
263.37,8163
263.38,8162
263.38,8161
263.47,8160
263.47,8159
263.47,8158
263.54,8157
263.69,8156
263.71,8155
263.72,8154
263.80,8153
263.84,8152
263.88,8151
263.90,8150
263.90,8149
263.93,8148
263.97,8147
264.07,8146
264.85,8145
264.86,8144
264.91,8143
264.92,8142
264.92,8141
264.92,8140
265.00,8139
265.18,8138
265.18,8137
265.21,8136
265.24,8135
265.24,8134
265.25,8133
265.25,8132
265.25,8131
265.29,8130
265.29,8129
265.29,8128
265.58,8127
265.75,8126
265.81,8125
265.97,8124
266.41,8123
266.43,8122
266.51,8121
266.51,8120
266.52,8119
266.56,8118
266.57,8117
266.59,8116
266.59,8115
266.64,8114
267.27,8113
267.30,8112
267.30,8111
267.31,8110
267.33,8109
267.37,8108
267.38,8107
267.38,8106
267.38,8105
267.39,8104
267.49,8103
268.01,8102
268.01,8101
268.04,8100
268.05,8099
268.06,8098
268.07,8097
268.08,8096
268.09,8095
268.31,8094
268.32,8093
268.33,8092
268.47,8091
268.48,8090
268.48,8089
268.50,8088
268.68,8087
268.72,8086
268.72,8085
268.94,8084
268.95,8083
268.96,8082
268.97,8081
269.35,8080
269.36,8079
269.42,8078
269.43,8077
269.45,8076
269.46,8075
269.47,8074
269.47,8073
269.48,8072
269.48,8071
269.49,8070
269.51,8069
269.61,8068
269.62,8067
270.83,8066
270.84,8065
270.86,8064
270.92,8063
270.92,8062
270.93,8061
271.10,8060
271.12,8059
271.13,8058
273.42,8057
273.42,8056
273.43,8055
273.44,8054
273.45,8053
273.45,8052
273.45,8051
273.79,8050
273.86,8049
273.86,8048
273.90,8047
273.93,8046
275.33,8045
275.40,8044
275.44,8043
275.45,8042
275.49,8041
275.49,8040
277.14,8039
277.15,8038
279.65,8037
279.67,8036
279.67,8035
279.69,8034
279.78,8033
279.83,8032
281.46,8031
281.52,8030
282.50,8029
282.52,8028
282.80,8027
283.05,8026
283.07,8025
283.13,8024
283.14,8023
283.15,8022
283.40,8021
283.48,8020
283.48,8019
283.54,8018
283.56,8017
283.61,8016
283.68,8015
283.87,8014
283.93,8013
283.93,8012
283.94,8011
284.67,8010
284.73,8009
284.78,8008
285.71,8007
287.04,8006
287.07,8005
287.09,8004
287.09,8003
287.09,8002
287.09,8001
287.10,8000
287.14,7999
287.19,7998
287.25,7997
287.26,7996
287.26,7995
287.27,7994
287.28,7993
287.28,7992
287.36,7991
287.36,7990
287.37,7989
287.38,7988
287.40,7987
287.43,7986
287.43,7985
287.45,7984
287.45,7983
287.46,7982
287.50,7981
287.55,7980
287.58,7979
293.96,7978
293.96,7977
294.42,7976
294.50,7975
294.52,7974
294.58,7973
295.14,7972
295.15,7971
295.19,7970
295.20,7969
296.18,7968
296.40,7967
296.43,7966
296.44,7965
296.46,7964
296.47,7963
296.48,7962
296.54,7961
296.55,7960
298.65,7959
298.74,7958
298.78,7957
298.88,7956
300.05,7955
300.10,7954
300.13,7953
300.17,7952
300.18,7951
300.20,7950
300.21,7949
300.32,7948
300.33,7947
300.45,7946
300.46,7945
300.50,7944
300.51,7943
300.52,7942
300.52,7941
300.53,7940
301.33,7939
301.34,7938
301.34,7937
301.37,7936
302.14,7935
302.18,7934
302.73,7933
302.86,7932
302.89,7931
302.90,7930
303.49,7929
303.49,7928
303.51,7927
303.55,7926
303.56,7925
303.65,7924
303.66,7923
303.80,7922
303.84,7921
303.84,7920
303.99,7919
304.51,7918
305.57,7917
305.95,7916
306.47,7915
306.56,7914
306.60,7913
306.91,7912
306.94,7911
306.96,7910
307.63,7909
307.68,7908
307.69,7907
307.70,7906
309.14,7905
309.14,7904
309.18,7903
309.20,7902
309.21,7901
309.23,7900
309.37,7899
309.40,7898
309.58,7897
309.58,7896
309.68,7895
309.79,7894
309.79,7893
309.88,7892
309.88,7891
313.02,7890
313.03,7889
313.05,7888
313.05,7887
313.08,7886
313.10,7885
313.18,7884
313.18,7883
313.65,7882
313.66,7881
313.67,7880
313.69,7879
313.69,7878
313.88,7877
313.97,7876
313.97,7875
314.01,7874
314.01,7873
314.02,7872
314.04,7871
314.11,7870
314.43,7869
314.47,7868
314.48,7867
314.50,7866
314.52,7865
314.52,7864
314.63,7863
314.64,7862
314.65,7861
315.31,7860
315.40,7859
315.40,7858
316.05,7857
316.07,7856
316.08,7855
316.08,7854
316.10,7853
316.10,7852
316.11,7851
316.19,7850
316.20,7849
316.57,7848
316.65,7847
317.21,7846
317.24,7845
317.27,7844
317.29,7843
317.55,7842
317.60,7841
317.61,7840
317.66,7839
318.17,7838
318.22,7837
318.22,7836
318.22,7835
318.26,7834
318.70,7833
318.71,7832
318.74,7831
318.77,7830
319.20,7829
319.21,7828
319.28,7827
319.31,7826
319.33,7825
319.35,7824
319.35,7823
319.47,7822
319.49,7821
319.49,7820
319.51,7819
319.55,7818
319.55,7817
319.87,7816
319.91,7815
319.94,7814
320.29,7813
320.29,7812
320.33,7811
320.34,7810
320.34,7809
320.34,7808
320.35,7807
320.39,7806
320.41,7805
320.43,7804
320.44,7803
320.45,7802
320.45,7801
320.46,7800
320.52,7799
321.40,7798
321.43,7797
321.43,7796
321.49,7795
321.51,7794
321.52,7793
321.56,7792
321.82,7791
321.89,7790
326.98,7789
326.98,7788
327.00,7787
327.04,7786
327.07,7785
327.08,7784
328.13,7783
328.16,7782
328.21,7781
329.22,7780
329.26,7779
329.27,7778
329.28,7777
329.35,7776
329.36,7775
329.47,7774
329.70,7773
330.34,7772
330.35,7771
330.36,7770
330.41,7769
330.56,7768
330.58,7767
330.69,7766
330.74,7765
330.75,7764
330.78,7763
331.18,7762
331.77,7761
331.77,7760
331.86,7759
331.91,7758
331.97,7757
331.99,7756
332.04,7755
332.27,7754
333.48,7753
333.64,7752
338.32,7751
338.33,7750
338.47,7749
338.53,7748
340.07,7747
340.55,7746
340.56,7745
340.56,7744
341.82,7743
341.86,7742
341.87,7741
343.13,7740
343.46,7739
343.48,7738
343.52,7737
343.54,7736
344.84,7735
344.92,7734
345.21,7733
345.22,7732
345.25,7731
345.37,7730
345.39,7729
345.78,7728
345.84,7727
345.87,7726
345.91,7725
347.16,7724
347.18,7723
347.39,7722
353.37,7721
353.39,7720
353.47,7719
360.32,7718
360.37,7717
360.37,7716
360.52,7715
360.52,7714
360.58,7713
360.60,7712
360.62,7711
360.63,7710
360.73,7709
360.84,7708
360.86,7707
365.83,7706
365.85,7705
365.88,7704
376.18,7703
376.22,7702
376.28,7701
377.82,7700
377.86,7699
377.88,7698
377.97,7697
378.01,7696
378.01,7695
378.03,7694
378.14,7693
378.18,7692
378.21,7691
378.29,7690
378.30,7689
378.30,7688
378.31,7687
379.04,7686
380.12,7685
380.13,7684
380.16,7683
380.39,7682
380.40,7681
386.85,7680
386.92,7679
386.98,7678
387.03,7677
387.26,7676
387.26,7675
387.95,7674
389.11,7673
390.86,7672
415.54,7671
415.57,7670
416.17,7669
416.40,7668
416.42,7667
416.47,7666
417.64,7665
420.23,7664
422.67,7663
422.73,7662
423.90,7661
424.25,7660
424.25,7659
424.25,7658
425.98,7657
426.08,7656
426.08,7655
426.15,7654
428.84,7653
428.85,7652
428.88,7651
429.82,7650
430.62,7649
431.83,7648
440.16,7647
440.17,7646
441.27,7645
441.33,7644
441.36,7643
441.39,7642
442.14,7641
442.42,7640
442.42,7639
442.43,7638
442.47,7637
443.65,7636
443.67,7635
450.27,7634
450.36,7633
450.37,7632
451.87,7631
455.41,7630
455.52,7629
455.88,7628
455.91,7627
456.21,7626
456.23,7625
456.75,7624
456.82,7623
456.89,7622
457.39,7621
457.40,7620
457.63,7619
457.85,7618
459.06,7617
477.24,7616
477.34,7615
477.50,7614
477.69,7613
478.17,7612
478.27,7611
478.31,7610
478.44,7609
479.24,7608
479.74,7607
479.75,7606
493.70,7605
493.75,7604
493.81,7603
493.87,7602
494.70,7601
494.79,7600
495.37,7599
495.65,7598
536.55,7597
536.58,7596
538.01,7595
538.05,7594
538.07,7593
539.12,7592
539.14,7591
539.19,7590
540.23,7589
540.29,7588
540.50,7587
540.55,7586
540.63,7585
540.80,7584
542.94,7583
542.97,7582
555.68,7581
572.43,7580
573.17,7579
573.21,7578
573.31,7577
576.00,7576
576.08,7575
576.17,7574
576.20,7573
576.20,7572
576.29,7571
