0.66,11022
0.66,11021
0.67,11020
0.67,11019
0.67,11018
0.67,11017
0.67,11016
0.68,11015
0.68,11014
0.68,11013
0.69,11012
0.69,11011
0.69,11010
0.70,11009
0.71,11008
0.71,11007
0.71,11006
0.71,11005
0.72,11004
0.72,11003
0.72,11002
0.72,11001
0.72,11000
0.72,10999
0.72,10998
0.72,10997
0.73,10996
0.74,10995
0.74,10994
0.74,10993
0.74,10992
0.74,10991
0.74,10990
0.74,10989
0.76,10988
0.76,10987
0.76,10986
0.76,10985
0.76,10984
0.77,10983
0.78,10982
0.78,10981
0.78,10980
0.78,10979
0.79,10978
0.79,10977
0.79,10976
0.79,10975
0.79,10974
0.80,10973
0.80,10972
0.80,10971
0.81,10970
0.81,10969
0.81,10968
0.82,10967
0.82,10966
0.82,10965
0.82,10964
0.83,10963
0.83,10962
0.85,10961
0.85,10960
0.85,10959
0.86,10958
0.86,10957
0.86,10956
0.86,10955
0.86,10954
0.86,10953
0.86,10952
0.87,10951
0.88,10950
0.88,10949
0.88,10948
0.89,10947
0.89,10946
0.89,10945
0.89,10944
0.89,10943
0.89,10942
0.90,10941
0.90,10940
0.90,10939
0.91,10938
0.91,10937
0.92,10936
0.93,10935
0.93,10934
0.93,10933
0.93,10932
0.94,10931
0.96,10930
0.97,10929
0.97,10928
0.97,10927
0.97,10926
0.97,10925
0.98,10924
0.98,10923
0.98,10922
0.98,10921
0.99,10920
0.99,10919
0.99,10918
1.00,10917
1.00,10916
1.01,10915
1.01,10914
1.01,10913
1.02,10912
1.02,10911
1.03,10910
1.03,10909
1.03,10908
1.03,10907
1.05,10906
1.05,10905
1.05,10904
1.05,10903
1.05,10902
1.05,10901
1.05,10900
1.05,10899
1.05,10898
1.06,10897
1.06,10896
1.06,10895
1.06,10894
1.06,10893
1.06,10892
1.07,10891
1.07,10890
1.07,10889
1.07,10888
1.07,10887
1.08,10886
1.08,10885
1.08,10884
1.08,10883
1.08,10882
1.09,10881
1.09,10880
1.09,10879
1.09,10878
1.10,10877
1.10,10876
1.10,10875
1.11,10874
1.12,10873
1.12,10872
1.12,10871
1.13,10870
1.13,10869
1.13,10868
1.13,10867
1.14,10866
1.14,10865
1.14,10864
1.14,10863
1.14,10862
1.16,10861
1.16,10860
1.17,10859
1.17,10858
1.17,10857
1.18,10856
1.19,10855
1.19,10854
1.19,10853
1.21,10852
1.21,10851
1.23,10850
1.24,10849
1.24,10848
1.24,10847
1.24,10846
1.24,10845
1.24,10844
1.24,10843
1.25,10842
1.26,10841
1.27,10840
1.28,10839
1.29,10838
1.30,10837
1.30,10836
1.30,10835
1.30,10834
1.30,10833
1.30,10832
1.30,10831
1.30,10830
1.30,10829
1.31,10828
1.31,10827
1.31,10826
1.31,10825
1.32,10824
1.33,10823
1.33,10822
1.35,10821
1.35,10820
1.36,10819
1.36,10818
1.36,10817
1.36,10816
1.36,10815
1.36,10814
1.36,10813
1.37,10812
1.37,10811
1.37,10810
1.37,10809
1.37,10808
1.38,10807
1.38,10806
1.38,10805
1.43,10804
1.44,10803
1.46,10802
1.46,10801
1.46,10800
1.46,10799
1.46,10798
1.46,10797
1.46,10796
1.47,10795
1.47,10794
1.48,10793
1.48,10792
1.48,10791
1.48,10790
1.50,10789
1.50,10788
1.51,10787
1.52,10786
1.54,10785
1.55,10784
1.55,10783
1.55,10782
1.55,10781
1.56,10780
1.56,10779
1.57,10778
1.64,10777
1.65,10776
1.66,10775
1.66,10774
1.66,10773
1.66,10772
1.67,10771
1.67,10770
1.67,10769
1.67,10768
1.67,10767
1.68,10766
1.68,10765
1.68,10764
1.68,10763
1.68,10762
1.68,10761
1.70,10760
1.70,10759
1.70,10758
1.71,10757
1.74,10756
1.74,10755
1.74,10754
1.75,10753
1.76,10752
1.77,10751
1.77,10750
1.77,10749
1.77,10748
1.79,10747
1.79,10746
1.79,10745
1.80,10744
1.80,10743
1.80,10742
1.80,10741
1.81,10740
1.81,10739
1.82,10738
1.82,10737
1.91,10736
1.92,10735
1.92,10734
1.92,10733
1.93,10732
1.93,10731
1.94,10730
1.94,10729
1.94,10728
1.94,10727
1.95,10726
1.95,10725
1.95,10724
1.95,10723
1.99,10722
2.00,10721
2.00,10720
2.00,10719
2.00,10718
2.00,10717
2.01,10716
2.01,10715
2.01,10714
2.02,10713
2.02,10712
2.02,10711
2.02,10710
2.02,10709
2.03,10708
2.03,10707
2.03,10706
2.04,10705
2.05,10704
2.05,10703
2.06,10702
2.06,10701
2.06,10700
2.06,10699
2.07,10698
2.10,10697
2.11,10696
2.12,10695
2.12,10694
2.13,10693
2.13,10692
2.13,10691
2.13,10690
2.13,10689
2.14,10688
2.17,10687
2.17,10686
2.17,10685
2.17,10684
2.17,10683
2.18,10682
2.19,10681
2.19,10680
2.19,10679
2.19,10678
2.20,10677
2.20,10676
2.21,10675
2.24,10674
2.24,10673
2.24,10672
2.24,10671
2.24,10670
2.25,10669
2.25,10668
2.27,10667
2.27,10666
2.27,10665
2.28,10664
2.28,10663
2.28,10662
2.29,10661
2.31,10660
2.31,10659
2.31,10658
2.31,10657
2.31,10656
2.31,10655
2.31,10654
2.34,10653
2.35,10652
2.35,10651
2.37,10650
2.37,10649
2.38,10648
2.39,10647
2.39,10646
2.40,10645
2.41,10644
2.42,10643
2.42,10642
2.42,10641
2.43,10640
2.46,10639
2.46,10638
2.48,10637
2.49,10636
2.49,10635
2.50,10634
2.51,10633
2.51,10632
2.51,10631
2.51,10630
2.55,10629
2.55,10628
2.55,10627
2.55,10626
2.55,10625
2.55,10624
2.55,10623
2.55,10622
2.55,10621
2.56,10620
2.57,10619
2.57,10618
2.57,10617
2.57,10616
2.57,10615
2.58,10614
2.58,10613
2.59,10612
2.59,10611
2.59,10610
2.60,10609
2.60,10608
2.61,10607
2.62,10606
2.63,10605
2.92,10604
2.92,10603
2.92,10602
2.93,10601
2.93,10600
2.94,10599
2.94,10598
2.94,10597
2.95,10596
2.95,10595
2.95,10594
2.96,10593
2.96,10592
2.96,10591
2.96,10590
2.96,10589
2.96,10588
2.96,10587
2.97,10586
2.97,10585
2.97,10584
2.97,10583
2.98,10582
2.98,10581
2.98,10580
2.99,10579
2.99,10578
2.99,10577
2.99,10576
3.01,10575
3.02,10574
3.02,10573
3.02,10572
3.03,10571
3.05,10570
3.05,10569
3.08,10568
3.08,10567
3.08,10566
3.08,10565
3.08,10564
3.09,10563
3.09,10562
3.10,10561
3.11,10560
3.11,10559
3.11,10558
3.11,10557
3.14,10556
3.14,10555
3.15,10554
3.16,10553
3.16,10552
3.17,10551
3.17,10550
3.17,10549
3.18,10548
3.18,10547
3.18,10546
3.19,10545
3.19,10544
3.19,10543
3.19,10542
3.21,10541
3.21,10540
3.21,10539
3.21,10538
3.21,10537
3.21,10536
3.21,10535
3.23,10534
3.24,10533
3.24,10532
3.24,10531
3.25,10530
3.25,10529
3.35,10528
3.35,10527
3.35,10526
3.36,10525
3.36,10524
3.36,10523
3.36,10522
3.36,10521
3.36,10520
3.36,10519
3.37,10518
3.37,10517
3.37,10516
3.37,10515
3.38,10514
3.38,10513
3.38,10512
3.40,10511
3.40,10510
3.40,10509
3.43,10508
3.43,10507
3.47,10506
3.47,10505
3.47,10504
3.49,10503
3.54,10502
3.54,10501
3.54,10500
3.54,10499
3.54,10498
3.55,10497
3.55,10496
3.55,10495
3.56,10494
3.56,10493
3.56,10492
3.56,10491
3.58,10490
3.58,10489
3.58,10488
3.59,10487
3.59,10486
3.65,10485
3.67,10484
3.68,10483
3.68,10482
3.68,10481
3.68,10480
3.68,10479
3.69,10478
3.69,10477
3.69,10476
3.70,10475
3.71,10474
3.71,10473
3.72,10472
3.72,10471
3.72,10470
3.73,10469
3.73,10468
3.73,10467
3.75,10466
3.75,10465
3.77,10464
3.77,10463
3.77,10462
3.79,10461
3.79,10460
3.81,10459
3.82,10458
3.83,10457
3.83,10456
3.83,10455
3.84,10454
3.84,10453
3.84,10452
3.84,10451
3.84,10450
3.85,10449
3.85,10448
3.85,10447
3.85,10446
3.85,10445
3.86,10444
3.86,10443
3.87,10442
3.88,10441
3.91,10440
3.92,10439
3.92,10438
3.93,10437
3.93,10436
3.93,10435
3.93,10434
3.93,10433
3.94,10432
3.94,10431
3.94,10430
3.94,10429
3.94,10428
3.94,10427
3.94,10426
3.94,10425
3.94,10424
3.95,10423
3.95,10422
3.96,10421
3.97,10420
3.97,10419
3.97,10418
3.98,10417
3.98,10416
3.99,10415
3.99,10414
4.02,10413
4.02,10412
4.06,10411
4.06,10410
4.06,10409
4.06,10408
4.07,10407
4.12,10406
4.22,10405
4.23,10404
4.23,10403
4.23,10402
4.27,10401
4.27,10400
4.28,10399
4.28,10398
4.28,10397
4.30,10396
4.30,10395
4.30,10394
4.30,10393
4.31,10392
4.31,10391
4.31,10390
4.31,10389
4.31,10388
4.34,10387
4.35,10386
4.36,10385
4.37,10384
4.37,10383
4.37,10382
4.38,10381
4.39,10380
4.39,10379
4.39,10378
4.42,10377
4.42,10376
4.43,10375
4.43,10374
4.43,10373
4.43,10372
4.43,10371
4.44,10370
4.44,10369
4.44,10368
4.45,10367
4.45,10366
4.45,10365
4.45,10364
4.45,10363
4.49,10362
4.49,10361
4.49,10360
4.49,10359
4.49,10358
4.52,10357
4.52,10356
4.55,10355
4.55,10354
4.56,10353
4.57,10352
4.57,10351
4.59,10350
4.60,10349
4.65,10348
4.65,10347
4.67,10346
4.68,10345
4.74,10344
4.74,10343
4.74,10342
4.74,10341
4.75,10340
4.76,10339
4.79,10338
4.79,10337
4.79,10336
4.79,10335
4.95,10334
4.95,10333
4.95,10332
4.95,10331
4.95,10330
4.95,10329
4.96,10328
4.97,10327
4.97,10326
4.98,10325
5.00,10324
5.00,10323
5.12,10322
5.15,10321
5.16,10320
5.17,10319
5.17,10318
5.17,10317
5.17,10316
5.17,10315
5.17,10314
5.18,10313
5.18,10312
5.18,10311
5.19,10310
5.20,10309
5.20,10308
5.21,10307
5.21,10306
5.21,10305
5.21,10304
5.22,10303
5.22,10302
5.22,10301
5.24,10300
5.24,10299
5.24,10298
5.25,10297
5.25,10296
5.25,10295
5.26,10294
5.27,10293
5.27,10292
5.27,10291
5.28,10290
5.31,10289
5.34,10288
5.35,10287
5.38,10286
5.38,10285
5.38,10284
5.39,10283
5.39,10282
5.40,10281
5.42,10280
5.43,10279
5.44,10278
5.44,10277
5.44,10276
5.46,10275
5.51,10274
5.51,10273
5.53,10272
5.53,10271
5.53,10270
5.53,10269
5.58,10268
5.62,10267
5.62,10266
5.69,10265
5.69,10264
5.69,10263
5.70,10262
5.70,10261
5.74,10260
5.76,10259
5.76,10258
5.77,10257
5.77,10256
5.77,10255
5.78,10254
5.78,10253
5.82,10252
5.82,10251
5.82,10250
5.82,10249
5.83,10248
5.83,10247
5.84,10246
5.84,10245
5.86,10244
5.87,10243
5.87,10242
5.89,10241
5.89,10240
5.90,10239
5.91,10238
5.91,10237
5.93,10236
5.93,10235
6.06,10234
6.06,10233
6.06,10232
6.06,10231
6.06,10230
6.06,10229
6.07,10228
6.10,10227
6.11,10226
6.11,10225
6.11,10224
6.11,10223
6.13,10222
6.13,10221
6.14,10220
6.14,10219
6.24,10218
6.26,10217
6.26,10216
6.47,10215
6.47,10214
6.48,10213
6.49,10212
6.49,10211
6.49,10210
6.69,10209
6.70,10208
6.72,10207
6.74,10206
6.74,10205
6.74,10204
6.74,10203
6.74,10202
6.74,10201
6.74,10200
6.89,10199
6.89,10198
6.90,10197
6.91,10196
6.91,10195
6.92,10194
6.93,10193
6.94,10192
6.94,10191
6.95,10190
6.95,10189
7.15,10188
7.53,10187
7.53,10186
7.53,10185
7.54,10184
7.62,10183
7.64,10182
7.64,10181
7.66,10180
7.70,10179
7.70,10178
7.70,10177
7.70,10176
7.73,10175
7.74,10174
7.74,10173
7.74,10172
7.78,10171
7.79,10170
7.83,10169
7.84,10168
7.84,10167
7.85,10166
7.85,10165
7.87,10164
7.88,10163
7.89,10162
8.05,10161
8.05,10160
8.05,10159
8.06,10158
8.06,10157
8.06,10156
8.06,10155
8.06,10154
8.06,10153
8.07,10152
8.07,10151
8.08,10150
8.08,10149
8.08,10148
8.08,10147
8.09,10146
8.09,10145
8.09,10144
8.11,10143
8.12,10142
8.12,10141
8.19,10140
8.19,10139
8.20,10138
8.20,10137
8.21,10136
8.21,10135
8.22,10134
8.22,10133
8.22,10132
8.22,10131
8.22,10130
8.24,10129
8.24,10128
8.25,10127
8.26,10126
8.26,10125
8.26,10124
8.26,10123
8.28,10122
8.35,10121
8.35,10120
8.37,10119
8.38,10118
8.39,10117
8.42,10116
8.42,10115
8.42,10114
8.43,10113
8.43,10112
8.51,10111
8.51,10110
8.51,10109
8.52,10108
8.53,10107
8.53,10106
8.53,10105
8.53,10104
8.53,10103
8.57,10102
8.57,10101
8.58,10100
8.67,10099
8.68,10098
8.94,10097
8.96,10096
8.96,10095
8.96,10094
8.98,10093
8.98,10092
8.98,10091
8.98,10090
9.08,10089
9.09,10088
9.09,10087
9.10,10086
9.10,10085
9.10,10084
9.11,10083
9.11,10082
9.11,10081
9.11,10080
9.11,10079
9.12,10078
9.16,10077
9.19,10076
9.19,10075
9.21,10074
9.27,10073
9.27,10072
9.28,10071
9.33,10070
9.33,10069
9.33,10068
9.44,10067
9.44,10066
9.44,10065
9.49,10064
9.50,10063
9.63,10062
9.63,10061
9.63,10060
9.68,10059
9.69,10058
9.69,10057
9.69,10056
9.69,10055
9.70,10054
9.70,10053
9.71,10052
9.71,10051
9.71,10050
9.71,10049
9.86,10048
9.86,10047
9.89,10046
9.89,10045
9.92,10044
9.92,10043
9.94,10042
9.97,10041
9.99,10040
10.01,10039
10.01,10038
10.01,10037
10.01,10036
10.08,10035
10.08,10034
10.21,10033
10.21,10032
10.22,10031
10.22,10030
10.22,10029
10.22,10028
10.22,10027
10.23,10026
10.24,10025
10.24,10024
10.84,10023
10.84,10022
10.84,10021
10.85,10020
10.85,10019
10.85,10018
10.86,10017
10.86,10016
10.89,10015
10.89,10014
10.89,10013
10.89,10012
10.89,10011
10.89,10010
10.94,10009
10.99,10008
10.99,10007
10.99,10006
11.17,10005
11.19,10004
11.19,10003
11.20,10002
11.23,10001
11.27,10000
11.27,9999
11.27,9998
11.27,9997
11.28,9996
11.28,9995
11.28,9994
11.28,9993
11.28,9992
11.28,9991
11.28,9990
11.28,9989
11.28,9988
11.28,9987
11.36,9986
11.37,9985
11.37,9984
11.37,9983
11.40,9982
11.40,9981
11.40,9980
11.42,9979
11.42,9978
11.42,9977
11.42,9976
11.42,9975
11.42,9974
11.43,9973
11.50,9972
11.50,9971
11.51,9970
12.06,9969
12.07,9968
12.07,9967
12.07,9966
12.11,9965
12.11,9964
12.15,9963
12.21,9962
12.21,9961
12.21,9960
12.22,9959
12.22,9958
12.25,9957
12.25,9956
12.27,9955
12.27,9954
12.32,9953
12.32,9952
12.32,9951
12.43,9950
12.43,9949
12.51,9948
12.51,9947
12.52,9946
12.53,9945
12.55,9944
12.67,9943
12.68,9942
12.68,9941
12.69,9940
12.73,9939
12.74,9938
12.74,9937
12.74,9936
12.86,9935
12.86,9934
12.88,9933
12.88,9932
12.88,9931
12.89,9930
12.89,9929
12.89,9928
12.89,9927
12.90,9926
12.93,9925
13.06,9924
13.06,9923
13.11,9922
13.12,9921
13.32,9920
13.32,9919
13.34,9918
13.37,9917
13.37,9916
13.39,9915
13.40,9914
13.63,9913
13.63,9912
13.64,9911
13.66,9910
13.70,9909
13.70,9908
13.70,9907
13.81,9906
13.90,9905
13.90,9904
13.94,9903
14.30,9902
14.30,9901
14.30,9900
14.30,9899
14.30,9898
14.31,9897
14.36,9896
14.36,9895
14.44,9894
14.44,9893
14.46,9892
14.46,9891
14.50,9890
14.50,9889
14.51,9888
14.52,9887
14.52,9886
14.53,9885
14.53,9884
14.53,9883
14.54,9882
14.58,9881
14.59,9880
14.63,9879
14.63,9878
14.64,9877
14.65,9876
14.65,9875
14.66,9874
14.66,9873
14.67,9872
14.68,9871
14.68,9870
14.68,9869
14.72,9868
14.72,9867
14.72,9866
14.72,9865
14.72,9864
14.72,9863
14.73,9862
14.75,9861
14.75,9860
14.75,9859
14.77,9858
14.78,9857
14.78,9856
14.79,9855
14.79,9854
14.79,9853
14.83,9852
14.83,9851
14.84,9850
14.84,9849
14.84,9848
14.85,9847
14.85,9846
14.85,9845
14.87,9844
14.87,9843
14.87,9842
14.89,9841
15.00,9840
15.00,9839
15.00,9838
15.10,9837
15.12,9836
15.18,9835
15.18,9834
15.18,9833
15.19,9832
15.19,9831
15.19,9830
15.68,9829
15.70,9828
15.71,9827
15.71,9826
15.74,9825
15.78,9824
15.78,9823
16.06,9822
16.06,9821
16.06,9820
16.07,9819
16.08,9818
16.09,9817
16.09,9816
16.12,9815
16.12,9814
16.12,9813
16.12,9812
16.48,9811
16.48,9810
16.48,9809
16.48,9808
16.51,9807
16.52,9806
16.52,9805
16.53,9804
16.58,9803
16.59,9802
16.59,9801
16.60,9800
16.99,9799
17.00,9798
17.00,9797
17.04,9796
17.05,9795
17.05,9794
17.06,9793
17.09,9792
17.09,9791
17.09,9790
17.27,9789
17.27,9788
17.29,9787
17.29,9786
17.30,9785
17.33,9784
17.33,9783
17.33,9782
17.33,9781
17.51,9780
17.69,9779
19.94,9778
20.31,9777
20.31,9776
20.31,9775
20.31,9774
20.31,9773
20.31,9772
20.32,9771
21.14,9770
21.14,9769
21.14,9768
21.14,9767
21.15,9766
21.16,9765
21.17,9764
21.89,9763
21.89,9762
21.89,9761
21.89,9760
21.90,9759
23.00,9758
23.00,9757
23.00,9756
23.00,9755
23.02,9754
23.02,9753
23.02,9752
23.42,9751
23.42,9750
23.42,9749
23.58,9748
23.90,9747
23.90,9746
24.15,9745
24.15,9744
24.16,9743
24.16,9742
24.16,9741
24.17,9740
24.22,9739
24.39,9738
24.40,9737
24.40,9736
24.43,9735
24.44,9734
24.45,9733
24.46,9732
24.47,9731
24.52,9730
24.52,9729
24.54,9728
24.59,9727
24.59,9726
24.59,9725
25.28,9724
25.31,9723
25.32,9722
25.37,9721
25.37,9720
25.38,9719
25.50,9718
25.91,9717
25.91,9716
25.94,9715
26.54,9714
26.63,9713
26.63,9712
26.63,9711
26.64,9710
26.64,9709
26.64,9708
26.64,9707
26.65,9706
26.65,9705
26.65,9704
26.70,9703
27.37,9702
27.38,9701
27.38,9700
27.38,9699
27.41,9698
27.73,9697
27.80,9696
27.80,9695
27.84,9694
27.92,9693
30.00,9692
30.01,9691
30.01,9690
30.01,9689
32.15,9688
32.16,9687
32.18,9686
32.18,9685
33.78,9684
33.78,9683
33.80,9682
33.80,9681
33.80,9680
33.80,9679
33.80,9678
33.83,9677
33.83,9676
33.83,9675
33.86,9674
33.86,9673
33.88,9672
33.89,9671
33.89,9670
33.92,9669
33.93,9668
33.93,9667
33.93,9666
33.93,9665
34.19,9664
34.20,9663
34.21,9662
34.21,9661
34.21,9660
34.21,9659
34.22,9658
34.24,9657
34.36,9656
44.96,9655
48.19,9654
48.20,9653
48.21,9652
48.21,9651
48.22,9650
48.27,9649
48.28,9648
48.28,9647
48.28,9646
48.29,9645
48.30,9644
48.30,9643
48.30,9642
48.32,9641
48.32,9640
48.32,9639
48.32,9638
48.55,9637
48.62,9636
48.63,9635
48.63,9634
48.67,9633
48.71,9632
48.71,9631
48.71,9630
48.74,9629
48.75,9628
48.76,9627
48.78,9626
50.59,9625
50.59,9624
51.41,9623
51.46,9622
51.46,9621
51.47,9620
51.50,9619
51.56,9618
51.56,9617
51.61,9616
51.63,9615
52.61,9614
52.65,9613
52.66,9612
52.71,9611
63.92,9610
63.93,9609
63.94,9608
63.95,9607
63.95,9606
63.95,9605
63.95,9604
63.95,9603
63.96,9602
77.80,9601
77.81,9600
77.82,9599
77.88,9598
77.94,9597
78.07,9596
78.09,9595
78.09,9594
78.11,9593
78.11,9592
105.06,9591
105.06,9590
105.08,9589
105.08,9588
105.08,9587
105.08,9586
105.09,9585
105.10,9584
105.10,9583
105.10,9582
105.10,9581
105.10,9580
105.10,9579
105.10,9578
105.10,9577
106.16,9576
106.16,9575
106.16,9574
106.16,9573
106.24,9572
106.24,9571
106.31,9570
106.31,9569
106.32,9568
106.36,9567
106.36,9566
106.37,9565
106.37,9564
106.37,9563
106.37,9562
106.37,9561
106.38,9560
106.41,9559
106.67,9558
109.40,9557
109.40,9556
109.40,9555
109.42,9554
109.42,9553
109.43,9552
109.58,9551
109.58,9550
109.92,9549
110.14,9548
111.46,9547
111.48,9546
114.97,9545
114.99,9544
114.99,9543
115.04,9542
115.04,9541
115.05,9540
115.05,9539
115.06,9538
115.09,9537
115.09,9536
115.10,9535
115.19,9534
115.22,9533
115.22,9532
115.23,9531
115.23,9530
115.23,9529
115.27,9528
115.28,9527
115.29,9526
115.35,9525
115.35,9524
115.35,9523
116.50,9522
116.70,9521
116.70,9520
116.71,9519
116.77,9518
116.82,9517
116.82,9516
116.82,9515
116.84,9514
116.87,9513
116.89,9512
117.15,9511
117.16,9510
117.16,9509
117.16,9508
117.16,9507
117.17,9506
117.21,9505
117.22,9504
117.35,9503
118.35,9502
118.36,9501
118.40,9500
119.04,9499
120.17,9498
120.17,9497
120.17,9496
120.17,9495
120.17,9494
120.36,9493
120.36,9492
120.41,9491
120.41,9490
120.42,9489
120.43,9488
121.21,9487
121.21,9486
121.77,9485
121.78,9484
121.81,9483
121.82,9482
121.82,9481
121.83,9480
122.13,9479
122.13,9478
122.14,9477
122.14,9476
122.14,9475
122.15,9474
122.16,9473
122.16,9472
122.17,9471
122.17,9470
122.17,9469
122.19,9468
122.19,9467
122.20,9466
122.39,9465
122.48,9464
122.48,9463
122.49,9462
122.70,9461
122.78,9460
122.78,9459
122.78,9458
122.79,9457
122.83,9456
122.83,9455
122.84,9454
122.84,9453
122.86,9452
122.86,9451
122.95,9450
122.98,9449
122.98,9448
123.00,9447
123.00,9446
123.00,9445
123.00,9444
123.06,9443
123.07,9442
123.08,9441
123.09,9440
123.09,9439
123.09,9438
123.11,9437
123.14,9436
123.14,9435
123.18,9434
123.18,9433
123.18,9432
134.05,9431
134.13,9430
134.15,9429
134.15,9428
134.16,9427
136.93,9426
136.93,9425
137.06,9424
137.06,9423
137.12,9422
137.12,9421
137.18,9420
137.21,9419
137.21,9418
137.22,9417
137.22,9416
137.22,9415
137.22,9414
137.23,9413
137.26,9412
137.28,9411
137.28,9410
137.29,9409
137.30,9408
137.32,9407
137.32,9406
137.33,9405
137.91,9404
137.92,9403
137.92,9402
138.11,9401
138.11,9400
138.16,9399
138.30,9398
138.37,9397
138.37,9396
138.37,9395
138.40,9394
138.42,9393
138.43,9392
138.45,9391
138.45,9390
138.45,9389
138.45,9388
138.47,9387
138.64,9386
138.72,9385
138.72,9384
138.74,9383
138.74,9382
138.75,9381
138.76,9380
139.33,9379
139.45,9378
139.48,9377
139.48,9376
139.52,9375
139.57,9374
139.57,9373
139.57,9372
143.41,9371
144.78,9370
144.79,9369
144.79,9368
144.79,9367
144.79,9366
144.79,9365
145.36,9364
145.72,9363
145.73,9362
145.73,9361
145.74,9360
145.75,9359
145.76,9358
145.76,9357
145.97,9356
146.13,9355
146.14,9354
146.15,9353
146.17,9352
146.17,9351
146.19,9350
146.19,9349
146.20,9348
146.20,9347
146.20,9346
146.20,9345
146.21,9344
146.21,9343
146.45,9342
146.45,9341
153.43,9340
153.45,9339
153.46,9338
153.47,9337
153.57,9336
153.57,9335
153.76,9334
153.76,9333
153.77,9332
153.77,9331
153.77,9330
153.78,9329
153.79,9328
153.79,9327
153.80,9326
153.80,9325
153.80,9324
153.82,9323
153.82,9322
153.83,9321
153.83,9320
153.86,9319
153.86,9318
153.86,9317
153.89,9316
153.89,9315
153.90,9314
153.90,9313
153.91,9312
153.91,9311
153.93,9310
153.93,9309
153.93,9308
154.44,9307
154.45,9306
154.53,9305
154.53,9304
154.63,9303
154.63,9302
155.60,9301
155.61,9300
155.61,9299
155.61,9298
155.63,9297
155.64,9296
155.69,9295
155.70,9294
155.70,9293
155.72,9292
155.72,9291
155.73,9290
155.73,9289
155.73,9288
155.81,9287
156.42,9286
156.42,9285
157.25,9284
157.25,9283
157.26,9282
157.27,9281
157.28,9280
157.28,9279
157.28,9278
157.28,9277
157.40,9276
157.42,9275
157.42,9274
157.42,9273
157.42,9272
157.42,9271
157.43,9270
157.43,9269
157.43,9268
157.44,9267
157.44,9266
157.45,9265
157.46,9264
157.46,9263
157.46,9262
157.54,9261
157.55,9260
157.55,9259
157.55,9258
157.55,9257
157.63,9256
157.63,9255
157.63,9254
157.63,9253
157.64,9252
157.96,9251
159.16,9250
159.40,9249
159.40,9248
159.40,9247
159.41,9246
159.41,9245
159.41,9244
159.88,9243
159.88,9242
159.88,9241
159.88,9240
159.88,9239
159.90,9238
159.91,9237
159.92,9236
159.92,9235
159.95,9234
159.98,9233
160.00,9232
160.04,9231
162.50,9230
162.50,9229
162.50,9228
162.51,9227
162.51,9226
162.54,9225
162.54,9224
162.54,9223
162.54,9222
162.55,9221
162.55,9220
162.55,9219
162.61,9218
162.61,9217
162.72,9216
162.74,9215
162.86,9214
162.87,9213
162.92,9212
162.93,9211
162.93,9210
163.51,9209
163.51,9208
163.51,9207
163.52,9206
163.52,9205
163.54,9204
163.55,9203
164.29,9202
164.29,9201
164.29,9200
164.53,9199
164.53,9198
164.54,9197
164.93,9196
166.40,9195
166.40,9194
166.40,9193
166.40,9192
167.22,9191
167.23,9190
167.46,9189
167.54,9188
167.55,9187
167.56,9186
167.56,9185
167.57,9184
167.58,9183
167.60,9182
169.44,9181
169.44,9180
169.45,9179
171.27,9178
171.28,9177
171.29,9176
171.29,9175
171.30,9174
171.30,9173
171.50,9172
171.51,9171
171.52,9170
171.52,9169
171.54,9168
171.54,9167
172.17,9166
172.18,9165
172.18,9164
172.18,9163
172.18,9162
172.19,9161
172.19,9160
172.21,9159
172.23,9158
172.23,9157
172.23,9156
172.32,9155
172.33,9154
172.34,9153
172.34,9152
172.34,9151
172.34,9150
172.35,9149
172.36,9148
172.36,9147
172.60,9146
172.60,9145
172.60,9144
172.61,9143
172.61,9142
172.62,9141
172.62,9140
172.62,9139
173.62,9138
173.66,9137
173.67,9136
173.68,9135
173.69,9134
173.72,9133
173.73,9132
174.76,9131
174.84,9130
174.84,9129
174.84,9128
174.87,9127
174.98,9126
174.99,9125
175.08,9124
175.08,9123
175.08,9122
175.08,9121
175.09,9120
175.09,9119
175.09,9118
175.14,9117
175.16,9116
175.16,9115
175.17,9114
175.22,9113
175.25,9112
175.25,9111
175.25,9110
175.28,9109
175.29,9108
175.35,9107
175.41,9106
175.41,9105
175.43,9104
175.45,9103
175.47,9102
175.50,9101
175.50,9100
175.50,9099
175.58,9098
176.41,9097
176.41,9096
176.42,9095
176.47,9094
176.47,9093
176.52,9092
176.52,9091
176.53,9090
176.53,9089
177.02,9088
177.05,9087
177.06,9086
177.07,9085
177.07,9084
177.07,9083
177.73,9082
177.73,9081
177.74,9080
177.74,9079
177.94,9078
177.97,9077
177.98,9076
177.99,9075
178.00,9074
178.03,9073
178.04,9072
178.04,9071
178.07,9070
178.07,9069
178.08,9068
178.09,9067
178.09,9066
178.10,9065
178.12,9064
178.13,9063
178.13,9062
178.13,9061
178.14,9060
178.14,9059
178.15,9058
178.15,9057
178.15,9056
178.17,9055
178.18,9054
178.63,9053
178.65,9052
179.39,9051
179.39,9050
179.40,9049
179.42,9048
179.43,9047
179.45,9046
179.45,9045
179.46,9044
179.47,9043
179.49,9042
179.51,9041
179.53,9040
179.54,9039
179.79,9038
179.79,9037
179.81,9036
179.81,9035
180.49,9034
180.69,9033
180.73,9032
180.82,9031
181.73,9030
183.79,9029
183.83,9028
183.85,9027
183.85,9026
183.85,9025
183.85,9024
183.87,9023
183.89,9022
183.92,9021
183.95,9020
184.95,9019
184.95,9018
184.98,9017
185.27,9016
185.28,9015
185.29,9014
185.29,9013
185.30,9012
185.30,9011
185.30,9010
185.31,9009
185.32,9008
185.34,9007
185.34,9006
185.35,9005
185.35,9004
185.36,9003
185.44,9002
185.44,9001
185.45,9000
185.60,8999
185.63,8998
185.66,8997
185.66,8996
185.74,8995
185.76,8994
185.76,8993
185.78,8992
185.78,8991
185.78,8990
185.78,8989
185.78,8988
185.79,8987
185.79,8986
185.80,8985
185.87,8984
185.87,8983
186.39,8982
186.41,8981
186.45,8980
186.46,8979
186.49,8978
186.49,8977
186.51,8976
186.53,8975
186.54,8974
186.60,8973
186.61,8972
186.63,8971
186.65,8970
186.66,8969
186.67,8968
186.77,8967
186.79,8966
186.79,8965
186.79,8964
186.93,8963
188.07,8962
188.37,8961
188.37,8960
188.47,8959
188.47,8958
188.48,8957
188.48,8956
188.50,8955
188.50,8954
188.68,8953
188.68,8952
188.68,8951
188.73,8950
188.73,8949
188.76,8948
189.28,8947
189.29,8946
189.29,8945
189.31,8944
190.79,8943
190.81,8942
190.87,8941
190.88,8940
190.90,8939
190.97,8938
190.97,8937
190.97,8936
190.97,8935
190.98,8934
190.99,8933
191.05,8932
191.12,8931
191.32,8930
191.37,8929
191.38,8928
191.38,8927
191.40,8926
191.91,8925
191.91,8924
191.99,8923
192.04,8922
192.04,8921
192.04,8920
192.04,8919
192.05,8918
192.15,8917
192.16,8916
192.17,8915
192.17,8914
192.19,8913
192.20,8912
192.25,8911
192.25,8910
192.26,8909
192.26,8908
192.31,8907
192.43,8906
192.43,8905
192.43,8904
192.43,8903
192.44,8902
192.44,8901
192.45,8900
192.46,8899
192.46,8898
192.46,8897
192.90,8896
192.90,8895
192.92,8894
193.44,8893
193.48,8892
193.48,8891
193.53,8890
193.54,8889
193.56,8888
193.59,8887
193.72,8886
193.73,8885
193.74,8884
193.74,8883
193.74,8882
193.75,8881
193.79,8880
193.82,8879
193.84,8878
193.85,8877
193.85,8876
193.86,8875
193.86,8874
193.93,8873
193.97,8872
194.02,8871
195.21,8870
195.22,8869
195.23,8868
195.25,8867
195.25,8866
195.40,8865
195.61,8864
195.62,8863
195.64,8862
195.64,8861
195.64,8860
195.65,8859
195.65,8858
195.72,8857
195.73,8856
195.74,8855
195.77,8854
195.77,8853
195.77,8852
195.77,8851
195.77,8850
195.77,8849
195.77,8848
195.83,8847
195.84,8846
195.85,8845
195.85,8844
195.86,8843
195.87,8842
195.87,8841
195.88,8840
195.89,8839
195.95,8838
195.95,8837
195.95,8836
196.03,8835
196.04,8834
196.15,8833
196.26,8832
196.33,8831
196.33,8830
196.34,8829
196.59,8828
196.63,8827
196.70,8826
196.71,8825
196.78,8824
196.78,8823
198.67,8822
198.68,8821
198.69,8820
198.70,8819
198.71,8818
198.72,8817
198.72,8816
198.73,8815
199.00,8814
199.18,8813
199.21,8812
199.22,8811
199.22,8810
199.26,8809
201.22,8808
201.22,8807
201.22,8806
201.23,8805
201.27,8804
201.28,8803
201.28,8802
202.07,8801
202.09,8800
202.09,8799
202.10,8798
202.12,8797
202.13,8796
202.13,8795
202.14,8794
202.14,8793
202.14,8792
202.16,8791
202.16,8790
202.20,8789
202.23,8788
202.23,8787
202.23,8786
202.62,8785
202.63,8784
202.71,8783
202.71,8782
202.72,8781
202.74,8780
202.74,8779
202.76,8778
202.80,8777
202.93,8776
202.93,8775
202.95,8774
202.99,8773
203.94,8772
203.96,8771
203.96,8770
204.11,8769
204.12,8768
204.90,8767
204.91,8766
205.00,8765
205.00,8764
205.01,8763
205.05,8762
205.05,8761
205.05,8760
205.06,8759
205.12,8758
205.15,8757
205.17,8756
205.18,8755
205.19,8754
205.30,8753
205.44,8752
205.45,8751
205.45,8750
205.45,8749
205.53,8748
205.56,8747
205.56,8746
205.68,8745
205.71,8744
205.73,8743
205.73,8742
205.80,8741
205.94,8740
205.95,8739
205.97,8738
205.98,8737
206.09,8736
206.10,8735
206.10,8734
206.10,8733
206.10,8732
206.10,8731
206.17,8730
206.18,8729
206.28,8728
206.29,8727
206.44,8726
206.44,8725
206.44,8724
206.44,8723
206.55,8722
206.83,8721
209.92,8720
209.92,8719
209.93,8718
209.95,8717
209.95,8716
209.95,8715
209.95,8714
210.08,8713
210.13,8712
210.13,8711
210.14,8710
210.14,8709
210.14,8708
210.17,8707
210.22,8706
210.30,8705
210.31,8704
210.32,8703
210.32,8702
210.33,8701
210.34,8700
210.34,8699
210.35,8698
210.36,8697
210.37,8696
210.38,8695
210.39,8694
210.39,8693
210.40,8692
210.41,8691
211.11,8690
211.11,8689
211.13,8688
211.18,8687
211.18,8686
211.19,8685
211.63,8684
212.26,8683
212.28,8682
212.28,8681
212.32,8680
212.32,8679
212.48,8678
212.48,8677
212.58,8676
212.59,8675
212.60,8674
212.65,8673
212.65,8672
212.66,8671
212.73,8670
212.76,8669
212.77,8668
212.94,8667
212.98,8666
212.99,8665
213.00,8664
213.09,8663
213.10,8662
213.10,8661
213.11,8660
213.24,8659
213.24,8658
213.67,8657
213.68,8656
213.69,8655
213.69,8654
213.75,8653
213.75,8652
213.75,8651
213.80,8650
213.81,8649
213.81,8648
213.82,8647
213.82,8646
213.85,8645
213.87,8644
214.01,8643
214.02,8642
214.07,8641
214.15,8640
214.16,8639
214.16,8638
214.16,8637
214.20,8636
214.21,8635
214.22,8634
214.89,8633
214.91,8632
214.94,8631
214.94,8630
214.95,8629
214.95,8628
214.96,8627
214.96,8626
215.02,8625
215.04,8624
215.04,8623
215.06,8622
215.07,8621
215.34,8620
215.34,8619
215.34,8618
215.62,8617
215.62,8616
215.63,8615
215.63,8614
215.67,8613
215.68,8612
215.70,8611
215.84,8610
215.84,8609
215.84,8608
215.85,8607
215.92,8606
216.66,8605
216.66,8604
216.67,8603
216.68,8602
216.68,8601
216.68,8600
216.70,8599
216.70,8598
216.74,8597
216.74,8596
216.75,8595
216.75,8594
216.76,8593
216.85,8592
216.86,8591
216.86,8590
216.86,8589
216.94,8588
217.00,8587
217.00,8586
217.36,8585
217.50,8584
217.57,8583
217.57,8582
217.57,8581
217.57,8580
217.61,8579
217.61,8578
217.62,8577
217.62,8576
217.63,8575
217.67,8574
217.70,8573
217.70,8572
217.77,8571
217.83,8570
217.83,8569
217.83,8568
217.83,8567
218.12,8566
218.13,8565
218.32,8564
218.34,8563
218.45,8562
218.46,8561
218.46,8560
218.46,8559
218.47,8558
218.47,8557
219.12,8556
219.15,8555
219.15,8554
219.32,8553
219.32,8552
219.33,8551
219.33,8550
219.35,8549
219.36,8548
219.36,8547
219.37,8546
219.37,8545
219.38,8544
219.38,8543
219.39,8542
219.39,8541
219.40,8540
219.44,8539
219.65,8538
219.69,8537
219.82,8536
219.84,8535
219.84,8534
219.85,8533
219.86,8532
219.88,8531
219.89,8530
219.89,8529
219.90,8528
219.93,8527
219.93,8526
219.94,8525
219.95,8524
219.96,8523
219.97,8522
219.97,8521
220.50,8520
220.50,8519
220.66,8518
220.66,8517
220.66,8516
220.67,8515
220.67,8514
220.68,8513
220.69,8512
220.71,8511
220.71,8510
220.77,8509
220.83,8508
220.85,8507
221.50,8506
221.55,8505
221.57,8504
221.62,8503
221.87,8502
221.88,8501
221.89,8500
221.90,8499
221.90,8498
221.90,8497
221.90,8496
222.20,8495
222.21,8494
222.22,8493
222.23,8492
222.24,8491
222.24,8490
222.25,8489
222.29,8488
222.30,8487
222.32,8486
222.97,8485
222.98,8484
223.00,8483
223.01,8482
223.01,8481
225.50,8480
225.51,8479
225.51,8478
225.77,8477
225.77,8476
225.78,8475
225.78,8474
225.79,8473
225.90,8472
225.91,8471
225.94,8470
225.95,8469
226.19,8468
226.38,8467
226.39,8466
226.39,8465
226.40,8464
226.41,8463
226.42,8462
226.44,8461
226.44,8460
226.58,8459
226.58,8458
226.65,8457
226.66,8456
226.70,8455
226.72,8454
226.83,8453
226.84,8452
226.85,8451
226.99,8450
226.99,8449
228.54,8448
228.55,8447
228.56,8446
228.59,8445
228.62,8444
228.80,8443
228.87,8442
228.87,8441
228.87,8440
228.87,8439
228.88,8438
228.89,8437
228.89,8436
228.90,8435
228.92,8434
228.92,8433
229.70,8432
229.71,8431
229.84,8430
229.87,8429
232.31,8428
232.32,8427
232.32,8426
232.33,8425
232.33,8424
232.33,8423
232.42,8422
232.42,8421
232.43,8420
232.43,8419
232.43,8418
232.44,8417
232.45,8416
232.46,8415
232.46,8414
232.46,8413
232.47,8412
232.47,8411
232.47,8410
232.47,8409
232.48,8408
232.49,8407
232.59,8406
232.69,8405
232.71,8404
232.72,8403
232.72,8402
232.73,8401
232.74,8400
232.76,8399
232.78,8398
232.78,8397
232.78,8396
232.79,8395
232.80,8394
232.83,8393
233.40,8392
233.41,8391
233.43,8390
233.50,8389
233.50,8388
233.59,8387
233.61,8386
233.61,8385
233.67,8384
233.74,8383
233.79,8382
233.80,8381
233.82,8380
233.84,8379
233.86,8378
233.87,8377
233.88,8376
233.90,8375
233.90,8374
233.92,8373
233.93,8372
233.94,8371
233.94,8370
233.94,8369
234.09,8368
234.18,8367
234.52,8366
235.71,8365
235.75,8364
235.75,8363
238.01,8362
238.02,8361
238.03,8360
238.04,8359
238.04,8358
238.05,8357
238.07,8356
238.07,8355
238.09,8354
238.17,8353
238.17,8352
238.27,8351
238.28,8350
238.29,8349
238.34,8348
238.34,8347
238.38,8346
238.44,8345
238.45,8344
238.45,8343
238.45,8342
238.52,8341
238.52,8340
238.60,8339
238.62,8338
238.66,8337
242.54,8336
242.74,8335
242.76,8334
242.86,8333
242.88,8332
242.88,8331
242.88,8330
242.89,8329
243.04,8328
243.17,8327
243.18,8326
243.36,8325
243.38,8324
243.38,8323
243.39,8322
244.17,8321
244.17,8320
244.28,8319
245.35,8318
245.37,8317
245.47,8316
245.48,8315
245.49,8314
245.49,8313
245.50,8312
245.51,8311
245.52,8310
245.54,8309
245.56,8308
245.57,8307
245.65,8306
245.68,8305
248.15,8304
248.18,8303
248.18,8302
248.21,8301
248.21,8300
248.22,8299
248.23,8298
248.25,8297
248.25,8296
248.26,8295
248.26,8294
248.27,8293
248.28,8292
248.29,8291
248.30,8290
248.30,8289
248.30,8288
248.31,8287
248.31,8286
248.57,8285
248.59,8284
248.59,8283
248.63,8282
248.63,8281
248.71,8280
248.73,8279
248.76,8278
248.79,8277
248.88,8276
248.89,8275
248.89,8274
248.90,8273
249.70,8272
249.70,8271
249.70,8270
249.72,8269
249.77,8268
249.77,8267
249.83,8266
249.86,8265
249.86,8264
249.89,8263
249.90,8262
249.90,8261
249.90,8260
249.91,8259
250.10,8258
250.10,8257
250.13,8256
250.13,8255
250.18,8254
250.24,8253
250.26,8252
250.26,8251
250.26,8250
250.27,8249
250.28,8248
250.30,8247
250.31,8246
250.33,8245
250.34,8244
250.55,8243
250.58,8242
250.60,8241
250.88,8240
250.91,8239
250.92,8238
250.92,8237
251.25,8236
251.26,8235
251.33,8234
251.34,8233
251.37,8232
251.37,8231
251.38,8230
251.42,8229
251.42,8228
251.42,8227
251.43,8226
251.43,8225
251.62,8224
251.72,8223
251.72,8222
251.73,8221
251.75,8220
251.75,8219
251.76,8218
251.77,8217
251.77,8216
251.78,8215
251.81,8214
251.82,8213
251.84,8212
251.86,8211
251.86,8210
251.89,8209
251.91,8208
251.91,8207
252.55,8206
252.58,8205
252.59,8204
252.71,8203
252.84,8202
252.84,8201
253.22,8200
253.23,8199
253.24,8198
253.26,8197
253.28,8196
253.30,8195
253.59,8194
253.60,8193
253.60,8192
254.54,8191
254.55,8190
254.56,8189
254.57,8188
254.58,8187
254.59,8186
254.59,8185
254.60,8184
254.72,8183
254.86,8182
254.86,8181
254.86,8180
254.89,8179
254.92,8178
254.93,8177
254.93,8176
254.94,8175
254.94,8174
255.23,8173
255.26,8172
255.27,8171
255.67,8170
255.86,8169
255.94,8168
255.99,8167
255.99,8166
256.17,8165
256.17,8164
256.61,8163
256.62,8162
256.62,8161
256.62,8160
256.63,8159
256.63,8158
256.73,8157
256.73,8156
256.74,8155
256.74,8154
256.85,8153
256.88,8152
256.93,8151
256.94,8150
256.95,8149
257.09,8148
257.14,8147
257.22,8146
257.24,8145
257.26,8144
257.28,8143
257.52,8142
257.53,8141
257.57,8140
257.59,8139
257.59,8138
257.65,8137
257.75,8136
257.75,8135
257.78,8134
257.85,8133
257.91,8132
257.99,8131
257.99,8130
258.61,8129
258.68,8128
258.68,8127
258.72,8126
258.73,8125
258.74,8124
258.78,8123
258.79,8122
258.79,8121
260.18,8120
261.57,8119
261.57,8118
261.58,8117
261.58,8116
261.59,8115
261.72,8114
261.72,8113
261.73,8112
261.73,8111
262.08,8110
262.14,8109
262.18,8108
262.22,8107
262.23,8106
262.23,8105
262.30,8104
262.42,8103
262.44,8102
262.50,8101
264.01,8100
264.01,8099
264.05,8098
264.06,8097
264.07,8096
264.87,8095
264.88,8094
264.90,8093
264.92,8092
264.94,8091
265.64,8090
265.65,8089
265.97,8088
266.07,8087
266.09,8086
266.11,8085
266.63,8084
267.06,8083
267.35,8082
267.37,8081
267.45,8080
267.53,8079
267.54,8078
267.58,8077
268.18,8076
268.30,8075
268.31,8074
268.34,8073
268.34,8072
268.59,8071
271.42,8070
271.43,8069
271.45,8068
271.47,8067
271.47,8066
271.56,8065
271.77,8064
271.82,8063
271.85,8062
271.88,8061
272.81,8060
272.81,8059
272.83,8058
272.83,8057
272.89,8056
272.90,8055
273.25,8054
273.25,8053
273.26,8052
273.27,8051
273.35,8050
273.35,8049
273.39,8048
273.44,8047
273.49,8046
273.72,8045
273.74,8044
273.75,8043
275.58,8042
275.60,8041
275.65,8040
275.74,8039
275.81,8038
276.95,8037
276.95,8036
277.20,8035
278.23,8034
278.44,8033
278.45,8032
278.47,8031
278.51,8030
278.60,8029
278.62,8028
278.66,8027
278.71,8026
278.75,8025
278.75,8024
278.75,8023
278.79,8022
278.85,8021
278.86,8020
278.96,8019
278.98,8018
279.11,8017
280.18,8016
280.31,8015
280.36,8014
280.38,8013
280.38,8012
280.91,8011
280.91,8010
280.91,8009
280.91,8008
280.97,8007
282.05,8006
282.07,8005
282.09,8004
282.16,8003
282.18,8002
282.18,8001
282.24,8000
282.31,7999
282.36,7998
282.37,7997
282.38,7996
282.39,7995
282.39,7994
286.38,7993
286.38,7992
286.38,7991
286.40,7990
286.45,7989
286.46,7988
286.46,7987
286.52,7986
286.53,7985
286.55,7984
286.80,7983
287.10,7982
287.14,7981
288.24,7980
288.43,7979
288.51,7978
288.56,7977
288.57,7976
289.35,7975
289.35,7974
289.37,7973
289.69,7972
289.72,7971
289.75,7970
289.75,7969
289.75,7968
290.87,7967
290.94,7966
292.07,7965
292.08,7964
292.09,7963
292.61,7962
293.00,7961
293.31,7960
293.31,7959
293.37,7958
295.26,7957
295.28,7956
295.29,7955
295.29,7954
296.23,7953
296.27,7952
296.33,7951
296.34,7950
296.68,7949
296.68,7948
297.35,7947
297.41,7946
297.49,7945
297.52,7944
297.52,7943
297.53,7942
297.60,7941
298.23,7940
298.23,7939
298.25,7938
298.25,7937
298.26,7936
298.83,7935
298.83,7934
298.85,7933
299.46,7932
300.28,7931
300.56,7930
300.57,7929
300.59,7928
300.63,7927
301.26,7926
301.31,7925
302.20,7924
302.24,7923
302.24,7922
302.24,7921
302.29,7920
302.31,7919
302.33,7918
302.40,7917
302.44,7916
302.44,7915
302.44,7914
302.45,7913
302.48,7912
302.56,7911
302.56,7910
302.62,7909
302.71,7908
302.76,7907
302.77,7906
302.97,7905
303.01,7904
303.32,7903
303.42,7902
303.42,7901
303.43,7900
303.65,7899
303.68,7898
303.68,7897
305.38,7896
306.26,7895
306.26,7894
306.47,7893
306.61,7892
306.73,7891
306.85,7890
306.87,7889
306.94,7888
307.59,7887
307.87,7886
307.89,7885
308.24,7884
308.63,7883
308.65,7882
308.66,7881
308.67,7880
308.70,7879
308.70,7878
308.71,7877
308.72,7876
308.81,7875
309.07,7874
309.13,7873
310.25,7872
310.25,7871
310.25,7870
310.30,7869
310.48,7868
310.49,7867
310.54,7866
310.81,7865
310.81,7864
311.80,7863
311.81,7862
311.97,7861
312.03,7860
312.05,7859
312.38,7858
312.40,7857
312.42,7856
312.43,7855
312.43,7854
312.55,7853
313.58,7852
313.58,7851
314.86,7850
314.91,7849
314.96,7848
314.97,7847
314.98,7846
314.99,7845
315.00,7844
316.01,7843
316.10,7842
316.10,7841
316.10,7840
316.21,7839
316.21,7838
316.25,7837
316.27,7836
316.28,7835
316.49,7834
316.49,7833
316.61,7832
316.77,7831
316.78,7830
316.78,7829
316.87,7828
317.63,7827
317.72,7826
317.72,7825
317.73,7824
317.74,7823
317.77,7822
317.81,7821
317.98,7820
318.20,7819
318.40,7818
318.44,7817
318.45,7816
318.48,7815
318.48,7814
318.54,7813
318.73,7812
318.74,7811
318.75,7810
318.76,7809
318.89,7808
318.91,7807
318.91,7806
318.92,7805
318.95,7804
318.96,7803
319.09,7802
319.10,7801
319.18,7800
319.25,7799
319.25,7798
319.32,7797
319.33,7796
321.67,7795
321.70,7794
321.70,7793
322.38,7792
322.53,7791
322.55,7790
322.56,7789
324.08,7788
324.10,7787
324.55,7786
324.67,7785
324.91,7784
325.00,7783
325.04,7782
325.06,7781
325.12,7780
325.23,7779
325.31,7778
325.93,7777
325.94,7776
325.98,7775
326.02,7774
326.02,7773
326.26,7772
326.44,7771
347.02,7770
347.07,7769
354.25,7768
354.26,7767
354.30,7766
354.67,7765
354.68,7764
354.99,7763
358.15,7762
358.16,7761
358.17,7760
358.17,7759
358.22,7758
358.23,7757
359.46,7756
359.47,7755
359.49,7754
359.55,7753
359.57,7752
359.63,7751
359.66,7750
360.17,7749
360.65,7748
360.96,7747
360.97,7746
361.05,7745
361.06,7744
361.17,7743
361.18,7742
361.22,7741
361.22,7740
361.49,7739
361.54,7738
361.63,7737
361.65,7736
362.36,7735
362.36,7734
362.42,7733
362.48,7732
368.13,7731
368.15,7730
368.39,7729
369.02,7728
369.32,7727
370.29,7726
370.30,7725
370.98,7724
370.98,7723
372.28,7722
374.17,7721
374.21,7720
375.00,7719
375.27,7718
379.20,7717
379.85,7716
381.99,7715
381.99,7714
382.08,7713
382.11,7712
382.14,7711
382.15,7710
382.65,7709
382.66,7708
382.73,7707
382.81,7706
382.83,7705
382.85,7704
383.42,7703
384.70,7702
386.23,7701
386.27,7700
386.28,7699
386.42,7698
386.44,7697
386.46,7696
386.49,7695
389.25,7694
389.28,7693
389.31,7692
389.50,7691
389.52,7690
389.56,7689
389.76,7688
389.76,7687
389.78,7686
389.81,7685
389.82,7684
389.83,7683
389.88,7682
390.80,7681
394.11,7680
394.13,7679
394.14,7678
394.23,7677
394.37,7676
394.38,7675
394.39,7674
394.61,7673
395.06,7672
395.16,7671
395.31,7670
397.54,7669
397.55,7668
397.81,7667
397.84,7666
397.87,7665
397.87,7664
401.82,7663
401.84,7662
401.94,7661
415.92,7660
415.93,7659
415.93,7658
415.94,7657
415.94,7656
415.95,7655
416.00,7654
416.56,7653
416.63,7652
416.63,7651
419.82,7650
419.85,7649
419.89,7648
420.31,7647
420.34,7646
420.39,7645
425.34,7644
425.38,7643
436.83,7642
438.16,7641
438.35,7640
438.35,7639
439.02,7638
442.04,7637
444.70,7636
445.98,7635
446.14,7634
446.17,7633
446.24,7632
446.45,7631
446.66,7630
446.75,7629
448.54,7628
448.54,7627
448.54,7626
449.11,7625
449.12,7624
450.43,7623
450.47,7622
450.48,7621
450.60,7620
450.69,7619
450.92,7618
450.93,7617
451.20,7616
451.23,7615
451.36,7614
451.42,7613
451.56,7612
451.56,7611
452.04,7610
452.05,7609
453.93,7608
461.25,7607
461.36,7606
461.39,7605
461.39,7604
461.56,7603
462.12,7602
462.14,7601
462.15,7600
462.21,7599
462.21,7598
462.29,7597
463.68,7596
463.84,7595
463.90,7594
463.97,7593
463.97,7592
464.06,7591
464.10,7590
464.13,7589
477.55,7588
477.66,7587
479.67,7586
479.85,7585
479.86,7584
479.99,7583
480.23,7582
480.30,7581
480.35,7580
480.41,7579
484.12,7578
510.20,7577
512.10,7576
512.13,7575
513.02,7574
513.18,7573
513.27,7572
513.30,7571
513.30,7570
513.34,7569
513.36,7568
527.41,7567
527.43,7566
530.18,7565
530.24,7564
530.58,7563
530.61,7562
531.42,7561
531.48,7560
531.63,7559
531.80,7558
531.82,7557
531.96,7556
532.14,7555
532.17,7554
532.28,7553
532.31,7552
581.67,7551
582.61,7550
583.17,7549
595.42,7548
596.30,7547
597.63,7546
598.39,7545
598.54,7544
599.01,7543
599.48,7542
599.49,7541
599.57,7540
599.60,7539
600.52,7538
600.60,7537
