0.00,5938
0.39,5937
4.99,5936
5.57,5935
6.52,5934
6.91,5933
7.48,5932
9.02,5931
9.60,5930
10.37,5929
11.98,5928
12.36,5927
13.70,5926
14.29,5925
15.52,5924
16.89,5923
17.28,5922
18.23,5921
19.76,5920
20.71,5919
21.10,5918
21.48,5917
23.00,5916
24.35,5915
25.68,5914
27.93,5913
29.01,5912
30.20,5911
31.38,5910
32.17,5909
33.15,5908
34.92,5907
36.20,5906
36.99,5905
37.76,5904
40.48,5903
41.26,5902
45.54,5901
46.52,5900
47.50,5899
48.28,5898
50.02,5897
51.18,5896
51.76,5895
53.09,5894
53.67,5893
54.44,5892
55.59,5891
56.75,5890
58.26,5889
58.65,5888
61.54,5887
61.93,5886
62.50,5885
63.07,5884
63.64,5883
64.99,5882
65.37,5881
66.14,5880
68.30,5879
68.68,5878
69.07,5877
69.64,5876
70.80,5875
71.85,5874
72.44,5873
72.83,5872
73.42,5871
74.61,5870
75.83,5869
76.22,5868
77.03,5867
78.63,5866
80.18,5865
80.97,5864
81.75,5863
83.50,5862
85.99,5861
89.65,5860
91.38,5859
92.98,5858
93.94,5857
94.52,5856
95.30,5855
95.89,5854
96.66,5853
97.63,5852
99.05,5851
100.38,5850
100.96,5849
101.56,5848
102.34,5847
103.11,5846
104.08,5845
105.05,5844
105.99,5843
107.65,5842
108.95,5841
109.70,5840
110.66,5839
111.39,5838
111.75,5837
112.65,5836
113.40,5835
115.07,5834
116.77,5833
117.32,5832
119.15,5831
120.49,5830
121.43,5829
124.07,5828
124.82,5827
125.20,5826
125.87,5825
126.26,5824
127.74,5823
129.96,5822
130.90,5821
131.27,5820
131.64,5819
132.56,5818
133.68,5817
134.05,5816
138.52,5815
138.89,5814
140.38,5813
140.92,5812
141.29,5811
141.84,5810
142.39,5809
142.76,5808
143.69,5807
144.05,5806
145.15,5805
146.48,5804
146.85,5803
148.13,5802
149.05,5801
150.51,5800
151.27,5799
152.18,5798
152.54,5797
153.28,5796
155.23,5795
157.99,5794
159.84,5793
160.20,5792
160.57,5791
161.30,5790
162.39,5789
163.86,5788
164.22,5787
165.91,5786
167.90,5785
168.46,5784
169.19,5783
170.11,5782
171.58,5781
172.68,5780
173.23,5779
175.05,5778
175.77,5777
176.58,5776
176.94,5775
177.66,5774
178.92,5773
180.02,5772
181.47,5771
183.11,5770
183.47,5769
184.23,5768
184.77,5767
186.07,5766
187.17,5765
188.51,5764
189.09,5763
190.42,5762
191.37,5761
192.47,5760
193.94,5759
196.18,5758
199.96,5757
202.18,5756
202.76,5755
205.41,5754
205.78,5753
206.70,5752
208.38,5751
208.75,5750
209.67,5749
210.24,5748
211.50,5747
212.78,5746
213.52,5745
214.66,5744
215.78,5743
218.52,5742
219.60,5741
221.07,5740
222.87,5739
223.23,5738
224.00,5737
225.27,5736
226.19,5735
229.14,5734
230.85,5733
231.39,5732
231.95,5731
233.39,5730
234.11,5729
235.58,5728
235.95,5727
236.50,5726
238.32,5725
238.88,5724
239.62,5723
240.55,5722
241.10,5721
241.64,5720
243.63,5719
244.38,5718
245.10,5717
245.83,5716
246.75,5715
247.48,5714
248.39,5713
249.65,5712
250.01,5711
251.65,5710
252.20,5709
253.29,5708
254.02,5707
256.08,5706
256.45,5705
256.81,5704
258.11,5703
259.18,5702
259.54,5701
259.90,5700
260.62,5699
261.34,5698
262.06,5697
262.43,5696
263.50,5695
264.59,5694
266.22,5693
266.95,5692
267.50,5691
269.13,5690
270.39,5689
270.95,5688
271.31,5687
272.77,5686
273.32,5685
274.44,5684
274.80,5683
275.35,5682
276.09,5681
276.84,5680
277.38,5679
277.74,5678
278.83,5677
279.74,5676
280.10,5675
280.81,5674
282.35,5673
282.71,5672
284.57,5671
285.30,5670
286.21,5669
286.75,5668
287.68,5667
288.78,5666
290.06,5665
290.61,5664
291.35,5663
291.92,5662
293.38,5661
295.02,5660
298.13,5659
299.38,5658
300.29,5657
302.30,5656
302.83,5655
304.13,5654
305.04,5653
305.77,5652
306.50,5651
306.86,5650
308.13,5649
308.86,5648
309.78,5647
310.33,5646
310.69,5645
312.89,5644
313.62,5643
314.89,5642
315.80,5641
316.34,5640
317.59,5639
320.56,5638
321.11,5637
321.67,5636
322.21,5635
322.57,5634
325.11,5633
325.46,5632
326.56,5631
328.94,5630
330.02,5629
330.57,5628
332.04,5627
333.50,5626
334.83,5625
335.56,5624
337.01,5623
337.36,5622
338.99,5621
341.04,5620
341.94,5619
342.67,5618
343.38,5617
344.11,5616
345.03,5615
346.45,5614
348.46,5613
349.74,5612
350.10,5611
350.45,5610
351.55,5609
354.78,5608
355.70,5607
356.44,5606
356.80,5605
357.16,5604
357.52,5603
359.36,5602
360.10,5601
363.33,5600
364.42,5599
364.77,5598
366.58,5597
367.87,5596
368.94,5595
369.30,5594
370.19,5593
370.74,5592
371.29,5591
373.48,5590
374.74,5589
375.83,5588
377.63,5587
378.90,5586
379.45,5585
380.36,5584
381.99,5583
382.55,5582
383.48,5581
384.20,5580
384.56,5579
385.47,5578
388.08,5577
389.35,5576
391.52,5575
394.28,5574
396.27,5573
396.83,5572
399.53,5571
400.43,5570
401.35,5569
401.73,5568
405.39,5567
405.94,5566
406.67,5565
407.04,5564
407.60,5563
409.41,5562
411.42,5561
412.87,5560
413.42,5559
413.96,5558
416.05,5557
417.14,5556
420.74,5555
424.22,5554
425.49,5553
426.02,5552
426.75,5551
427.65,5550
428.55,5549
431.09,5548
431.64,5547
432.18,5546
432.90,5545
433.62,5544
437.23,5543
437.61,5542
437.98,5541
438.78,5540
440.61,5539
443.33,5538
444.22,5537
445.29,5536
446.19,5535
446.72,5534
447.10,5533
448.58,5532
449.86,5531
450.22,5530
450.58,5529
451.31,5528
452.98,5527
457.37,5526
459.34,5525
461.89,5524
463.16,5523
464.24,5522
464.96,5521
467.70,5520
468.41,5519
468.78,5518
470.25,5517
471.51,5516
475.68,5515
476.61,5514
478.41,5513
479.69,5512
481.52,5511
481.88,5510
482.42,5509
484.08,5508
484.46,5507
486.09,5506
487.35,5505
491.08,5504
491.79,5503
493.43,5502
494.18,5501
494.53,5500
495.45,5499
496.02,5498
496.58,5497
497.32,5496
498.42,5495
500.80,5494
501.35,5493
502.79,5492
504.40,5491
508.42,5490
509.33,5489
513.52,5488
514.26,5487
515.17,5486
515.52,5485
516.06,5484
517.71,5483
518.26,5482
518.80,5481
519.52,5480
520.60,5479
521.69,5478
522.05,5477
522.60,5476
523.32,5475
523.87,5474
524.77,5473
525.88,5472
526.78,5471
527.34,5470
527.88,5469
529.33,5468
532.05,5467
532.96,5466
533.33,5465
533.69,5464
534.60,5463
535.68,5462
536.22,5461
536.93,5460
537.67,5459
538.20,5458
539.65,5457
540.73,5456
542.82,5455
543.38,5454
543.95,5453
545.95,5452
546.66,5451
550.63,5450
551.53,5449
551.89,5448
552.28,5447
553.81,5446
554.53,5445
555.42,5444
555.98,5443
556.88,5442
557.61,5441
557.96,5440
560.81,5439
561.16,5438
561.51,5437
563.67,5436
564.57,5435
565.64,5434
566.90,5433
568.53,5432
570.48,5431
571.40,5430
572.29,5429
573.02,5428
573.93,5427
575.20,5426
577.34,5425
578.23,5424
578.77,5423
579.12,5422
580.00,5421
581.09,5420
581.63,5419
582.69,5418
583.23,5417
584.13,5416
585.56,5415
586.12,5414
586.68,5413
588.38,5412
590.21,5411
595.88,5410
596.88,5409
597.89,5408
599.01,5407
599.92,5406
