0.00,5939
1.01,5938
2.38,5937
3.53,5936
3.92,5935
4.71,5934
5.10,5933
5.88,5932
6.26,5931
9.24,5930
10.57,5929
11.73,5928
12.22,5927
13.15,5926
14.13,5925
15.13,5924
16.52,5923
17.53,5922
18.13,5921
18.53,5920
18.94,5919
21.37,5918
22.18,5917
22.96,5916
23.37,5915
24.78,5914
25.18,5913
26.56,5912
27.15,5911
27.55,5910
28.92,5909
29.52,5908
29.93,5907
31.33,5906
33.04,5905
34.44,5904
35.07,5903
35.87,5902
36.45,5901
37.45,5900
38.83,5899
40.41,5898
41.79,5897
42.78,5896
43.38,5895
43.77,5894
44.55,5893
45.74,5892
47.97,5891
48.37,5890
49.50,5889
50.11,5888
51.13,5887
51.73,5886
52.55,5885
53.56,5884
53.96,5883
55.18,5882
56.77,5881
57.37,5880
57.94,5879
58.34,5878
59.12,5877
60.49,5876
61.28,5875
62.46,5874
63.66,5873
65.79,5872
66.57,5871
68.69,5870
69.13,5869
71.34,5868
73.00,5867
73.58,5866
75.37,5865
75.97,5864
76.56,5863
79.02,5862
79.41,5861
81.01,5860
81.44,5859
81.84,5858
83.03,5857
84.01,5856
86.02,5855
86.61,5854
87.78,5853
89.58,5852
90.37,5851
92.28,5850
92.68,5849
94.98,5848
96.15,5847
96.54,5846
96.94,5845
98.53,5844
101.17,5843
101.77,5842
102.56,5841
103.75,5840
105.13,5839
106.76,5838
107.15,5837
107.55,5836
109.35,5835
110.18,5834
111.79,5833
112.72,5832
114.22,5831
118.30,5830
119.10,5829
119.51,5828
121.13,5827
124.36,5826
124.76,5825
126.78,5824
128.88,5823
131.51,5822
132.72,5821
134.10,5820
134.87,5819
135.85,5818
136.63,5817
137.99,5816
139.40,5815
139.80,5814
140.97,5813
141.92,5812
143.07,5811
144.61,5810
144.99,5809
146.52,5808
147.10,5807
148.05,5806
148.81,5805
149.37,5804
150.12,5803
152.61,5802
153.75,5801
154.14,5800
154.52,5799
155.88,5798
158.41,5797
159.93,5796
160.49,5795
161.82,5794
162.57,5793
163.32,5792
163.70,5791
164.26,5790
165.40,5789
166.73,5788
167.72,5787
168.67,5786
169.05,5785
169.42,5784
170.01,5783
170.39,5782
170.77,5781
171.16,5780
172.47,5779
172.84,5778
173.20,5777
173.76,5776
174.32,5775
175.06,5774
175.80,5773
177.47,5772
178.24,5771
179.42,5770
180.01,5769
181.79,5768
182.63,5767
185.00,5766
186.16,5765
186.89,5764
188.22,5763
189.19,5762
189.98,5761
190.40,5760
190.79,5759
192.13,5758
193.10,5757
196.53,5756
197.11,5755
197.48,5754
198.40,5753
198.77,5752
199.52,5751
202.66,5750
203.74,5749
205.39,5748
206.12,5747
207.75,5746
210.64,5745
211.80,5744
213.93,5743
215.46,5742
218.30,5741
219.13,5740
219.70,5739
220.45,5738
221.57,5737
222.35,5736
223.12,5735
224.66,5734
225.23,5733
225.61,5732
226.41,5731
227.37,5730
227.95,5729
228.90,5728
229.45,5727
230.01,5726
231.11,5725
232.03,5724
232.41,5723
233.75,5722
234.13,5721
234.51,5720
234.89,5719
235.29,5718
236.27,5717
238.47,5716
238.85,5715
239.61,5714
239.98,5713
242.22,5712
243.12,5711
243.94,5710
244.32,5709
245.51,5708
247.20,5707
249.77,5706
250.34,5705
253.00,5704
253.99,5703
254.37,5702
255.42,5701
257.11,5700
258.42,5699
258.80,5698
259.75,5697
260.32,5696
261.25,5695
263.49,5694
264.60,5693
264.98,5692
265.74,5691
266.12,5690
267.80,5689
268.76,5688
269.33,5687
269.91,5686
270.66,5685
273.13,5684
273.70,5683
275.07,5682
276.40,5681
277.38,5680
278.17,5679
278.56,5678
279.13,5677
279.71,5676
280.28,5675
281.40,5674
282.38,5673
283.33,5672
284.09,5671
284.47,5670
286.01,5669
287.34,5668
287.74,5667
288.51,5666
289.65,5665
290.23,5664
291.57,5663
292.57,5662
293.15,5661
293.54,5660
294.48,5659
296.14,5658
296.52,5657
297.67,5656
299.15,5655
299.92,5654
300.90,5653
302.23,5652
303.35,5651
304.07,5650
304.99,5649
306.63,5648
307.40,5647
308.13,5646
308.51,5645
309.26,5644
310.55,5643
312.04,5642
313.16,5641
313.92,5640
314.67,5639
316.79,5638
317.64,5637
318.80,5636
319.21,5635
319.61,5634
320.23,5633
321.59,5632
323.12,5631
323.69,5630
324.65,5629
325.02,5628
325.41,5627
326.59,5626
327.35,5625
328.31,5624
329.06,5623
330.48,5622
332.45,5621
333.83,5620
334.41,5619
335.55,5618
335.98,5617
336.97,5616
338.31,5615
338.68,5614
339.26,5613
339.83,5612
342.45,5611
342.82,5610
344.14,5609
345.08,5608
346.39,5607
346.76,5606
347.39,5605
347.77,5604
348.33,5603
349.07,5602
349.99,5601
350.92,5600
351.48,5599
352.22,5598
352.59,5597
353.15,5596
354.26,5595
354.82,5594
355.98,5593
357.69,5592
358.25,5591
358.63,5590
360.57,5589
362.13,5588
362.52,5587
363.85,5586
365.02,5585
367.78,5584
369.13,5583
369.90,5582
371.02,5581
371.40,5580
373.65,5579
374.01,5578
374.74,5577
375.12,5576
375.66,5575
377.13,5574
380.98,5573
382.26,5572
384.89,5571
385.67,5570
386.05,5569
387.59,5568
388.16,5567
389.53,5566
390.94,5565
394.18,5564
394.77,5563
396.86,5562
400.05,5561
400.80,5560
402.06,5559
403.25,5558
403.63,5557
404.81,5556
405.19,5555
405.56,5554
406.34,5553
407.49,5552
408.29,5551
410.62,5550
411.63,5549
415.78,5548
416.95,5547
417.52,5546
418.10,5545
418.85,5544
419.24,5543
419.64,5542
422.08,5541
422.45,5540
426.17,5539
426.77,5538
427.97,5537
428.93,5536
431.65,5535
432.06,5534
432.66,5533
434.49,5532
437.47,5531
437.86,5530
438.25,5529
440.84,5528
441.81,5527
442.21,5526
443.76,5525
444.33,5524
444.90,5523
445.46,5522
446.62,5521
447.78,5520
449.53,5519
450.70,5518
451.85,5517
454.20,5516
455.52,5515
457.87,5514
459.58,5513
462.01,5512
462.37,5511
463.30,5510
464.62,5509
467.62,5508
468.38,5507
469.70,5506
472.35,5505
474.58,5504
474.95,5503
475.89,5502
477.02,5501
477.60,5500
478.53,5499
479.85,5498
481.17,5497
481.72,5496
482.29,5495
482.67,5494
483.04,5493
484.72,5492
485.64,5491
486.20,5490
486.56,5489
487.32,5488
491.62,5487
492.02,5486
492.60,5485
493.15,5484
493.71,5483
496.15,5482
496.52,5481
498.80,5480
499.17,5479
499.93,5478
501.41,5477
502.89,5476
504.06,5475
506.92,5474
507.32,5473
508.28,5472
508.85,5471
511.74,5470
516.70,5469
518.58,5468
518.95,5467
520.84,5466
521.65,5465
523.23,5464
523.78,5463
524.35,5462
524.91,5461
526.03,5460
526.41,5459
526.81,5458
527.57,5457
528.11,5456
528.67,5455
529.40,5454
532.24,5453
534.10,5452
534.69,5451
535.25,5450
537.44,5449
540.60,5448
542.26,5447
544.69,5446
546.72,5445
547.27,5444
548.57,5443
550.70,5442
551.26,5441
552.18,5440
552.92,5439
554.58,5438
556.47,5437
557.43,5436
558.20,5435
559.33,5434
560.30,5433
561.43,5432
562.38,5431
564.30,5430
564.86,5429
566.45,5428
567.95,5427
569.09,5426
569.47,5425
571.22,5424
571.79,5423
572.97,5422
574.31,5421
574.69,5420
578.30,5419
580.21,5418
581.60,5417
582.95,5416
583.33,5415
584.26,5414
590.32,5413
591.28,5412
591.86,5411
594.32,5410
596.04,5409
596.80,5408
597.79,5407
599.19,5406
