0.00,5967
0.71,5966
1.24,5965
1.94,5964
2.66,5963
3.18,5962
3.89,5961
4.27,5960
5.33,5959
5.86,5958
6.39,5957
8.69,5956
9.40,5955
9.75,5954
10.72,5953
11.43,5952
11.98,5951
12.51,5950
13.04,5949
13.75,5948
14.11,5947
14.64,5946
15.89,5945
17.14,5944
17.67,5943
18.38,5942
19.25,5941
19.95,5940
21.20,5939
21.91,5938
22.26,5937
23.30,5936
24.51,5935
25.39,5934
25.75,5933
26.64,5932
28.79,5931
29.31,5930
30.37,5929
31.07,5928
31.95,5927
32.82,5926
33.69,5925
34.03,5924
34.92,5923
35.27,5922
36.32,5921
37.54,5920
38.24,5919
41.59,5918
42.12,5917
42.66,5916
44.93,5915
47.40,5914
48.09,5913
48.96,5912
49.84,5911
50.90,5910
52.12,5909
53.02,5908
55.13,5907
55.67,5906
56.20,5905
57.99,5904
58.70,5903
59.06,5902
59.76,5901
61.01,5900
62.13,5899
62.83,5898
63.18,5897
64.23,5896
65.32,5895
65.86,5894
66.59,5893
66.94,5892
67.98,5891
68.85,5890
70.26,5889
71.49,5888
72.53,5887
72.88,5886
73.58,5885
77.56,5884
78.11,5883
78.63,5882
80.94,5881
81.67,5880
82.20,5879
83.08,5878
83.97,5877
84.87,5876
85.40,5875
85.93,5874
86.29,5873
87.00,5872
87.34,5871
88.55,5870
89.09,5869
91.03,5868
91.55,5867
91.90,5866
92.98,5865
94.61,5864
95.32,5863
96.02,5862
96.37,5861
96.89,5860
97.63,5859
98.34,5858
99.94,5857
100.30,5856
100.66,5855
102.25,5854
102.97,5853
104.57,5852
105.26,5851
105.77,5850
106.28,5849
107.29,5848
108.47,5847
108.98,5846
110.00,5845
111.37,5844
111.71,5843
112.97,5842
113.65,5841
114.33,5840
115.19,5839
116.21,5838
118.30,5837
119.49,5836
120.69,5835
121.20,5834
121.72,5833
125.98,5832
126.84,5831
127.52,5830
128.20,5829
129.39,5828
129.73,5827
130.41,5826
130.76,5825
131.45,5824
132.32,5823
133.01,5822
134.08,5821
134.58,5820
136.46,5819
136.97,5818
137.85,5817
138.87,5816
139.72,5815
140.06,5814
141.10,5813
141.97,5812
143.18,5811
144.36,5810
145.54,5809
146.73,5808
147.59,5807
148.80,5806
149.48,5805
150.16,5804
151.18,5803
152.03,5802
153.22,5801
154.07,5800
154.75,5799
155.25,5798
156.11,5797
156.99,5796
158.85,5795
159.86,5794
160.20,5793
160.72,5792
161.45,5791
163.18,5790
164.76,5789
165.62,5788
166.47,5787
168.37,5786
169.59,5785
170.46,5784
171.35,5783
171.71,5782
172.58,5781
172.93,5780
173.77,5779
174.97,5778
175.31,5777
177.20,5776
177.73,5775
178.42,5774
178.94,5773
179.81,5772
181.01,5771
181.35,5770
182.75,5769
183.62,5768
184.32,5767
185.36,5766
185.87,5765
186.89,5764
187.23,5763
187.73,5762
189.60,5761
190.96,5760
192.66,5759
194.05,5758
196.11,5757
197.99,5756
198.33,5755
198.67,5754
200.42,5753
200.76,5752
202.29,5751
202.80,5750
203.99,5749
204.33,5748
204.83,5747
206.03,5746
206.54,5745
207.58,5744
208.78,5743
209.29,5742
211.07,5741
212.61,5740
213.96,5739
215.50,5738
216.01,5737
217.03,5736
217.36,5735
217.70,5734
218.38,5733
218.72,5732
219.05,5731
219.75,5730
220.42,5729
223.50,5728
224.86,5727
225.88,5726
226.56,5725
228.44,5724
228.77,5723
229.79,5722
230.47,5721
230.81,5720
231.15,5719
232.00,5718
232.34,5717
233.18,5716
233.52,5715
234.61,5714
234.96,5713
235.81,5712
236.15,5711
237.00,5710
237.67,5709
238.18,5708
239.02,5707
239.71,5706
240.57,5705
242.11,5704
242.47,5703
242.81,5702
243.65,5701
245.18,5700
245.86,5699
246.20,5698
247.04,5697
248.23,5696
249.07,5695
250.42,5694
251.11,5693
253.53,5692
254.22,5691
255.43,5690
256.32,5689
256.84,5688
257.53,5687
257.88,5686
259.51,5685
260.20,5684
260.57,5683
261.25,5682
262.79,5681
263.14,5680
264.16,5679
266.38,5678
266.72,5677
268.08,5676
268.42,5675
269.10,5674
270.29,5673
270.64,5672
271.14,5671
271.99,5670
272.52,5669
273.73,5668
274.77,5667
275.29,5666
276.33,5665
277.89,5664
279.44,5663
280.47,5662
281.33,5661
281.85,5660
282.20,5659
283.41,5658
283.95,5657
287.02,5656
288.56,5655
289.75,5654
290.59,5653
293.84,5652
294.85,5651
295.86,5650
297.91,5649
298.25,5648
299.95,5647
301.15,5646
302.00,5645
302.35,5644
303.02,5643
303.87,5642
304.54,5641
305.90,5640
307.09,5639
307.78,5638
309.43,5637
311.64,5636
311.99,5635
313.00,5634
313.35,5633
313.86,5632
314.70,5631
315.38,5630
315.90,5629
316.59,5628
317.10,5627
317.77,5626
318.61,5625
319.30,5624
320.34,5623
321.53,5622
322.21,5621
323.06,5620
323.58,5619
323.92,5618
324.79,5617
325.31,5616
326.00,5615
326.85,5614
327.71,5613
328.23,5612
328.57,5611
329.09,5610
329.78,5609
330.97,5608
332.15,5607
332.99,5606
336.73,5605
337.92,5604
338.94,5603
340.11,5602
340.63,5601
342.36,5600
343.56,5599
344.77,5598
345.98,5597
347.01,5596
347.69,5595
348.03,5594
349.39,5593
350.07,5592
351.46,5591
353.17,5590
355.55,5589
357.99,5588
358.36,5587
359.39,5586
360.24,5585
360.75,5584
361.09,5583
362.29,5582
364.15,5581
364.82,5580
365.16,5579
365.50,5578
366.34,5577
367.71,5576
369.41,5575
369.75,5574
374.34,5573
376.38,5572
378.08,5571
379.09,5570
380.11,5569
380.79,5568
381.81,5567
384.21,5566
385.06,5565
386.61,5564
387.82,5563
389.03,5562
389.37,5561
390.23,5560
391.09,5559
391.77,5558
392.45,5557
393.47,5556
394.14,5555
394.48,5554
395.00,5553
395.85,5552
397.04,5551
398.06,5550
398.40,5549
398.91,5548
399.93,5547
400.27,5546
400.95,5545
401.46,5544
401.97,5543
403.50,5542
404.01,5541
405.21,5540
405.55,5539
405.89,5538
407.66,5537
409.34,5536
410.01,5535
410.36,5534
411.04,5533
411.73,5532
412.42,5531
414.34,5530
415.53,5529
416.20,5528
419.11,5527
423.74,5526
424.42,5525
424.93,5524
428.51,5523
429.01,5522
430.89,5521
431.23,5520
432.58,5519
433.25,5518
435.17,5517
436.35,5516
436.69,5515
437.89,5514
438.41,5513
439.25,5512
440.27,5511
441.46,5510
443.21,5509
445.07,5508
447.62,5507
448.80,5506
449.13,5505
449.97,5504
450.31,5503
451.49,5502
453.69,5501
454.36,5500
455.04,5499
456.47,5498
456.99,5497
458.20,5496
459.06,5495
459.75,5494
461.48,5493
462.15,5492
462.82,5491
464.67,5490
465.01,5489
466.52,5488
466.86,5487
468.24,5486
473.30,5485
474.17,5484
474.52,5483
474.87,5482
475.59,5481
476.29,5480
476.81,5479
478.17,5478
479.19,5477
480.71,5476
481.39,5475
483.08,5474
485.31,5473
487.68,5472
489.88,5471
490.40,5470
490.91,5469
491.76,5468
492.62,5467
493.66,5466
495.90,5465
496.59,5464
497.28,5463
498.46,5462
498.79,5461
501.99,5460
502.33,5459
503.69,5458
504.27,5457
506.29,5456
508.83,5455
510.35,5454
510.85,5453
511.69,5452
512.72,5451
514.26,5450
514.95,5449
515.80,5448
517.03,5447
518.37,5446
520.08,5445
520.76,5444
521.60,5443
522.61,5442
523.11,5441
524.29,5440
525.46,5439
525.80,5438
526.30,5437
526.80,5436
528.66,5435
529.84,5434
530.34,5433
531.88,5432
532.55,5431
533.58,5430
535.29,5429
538.34,5428
539.04,5427
540.57,5426
542.95,5425
544.65,5424
545.66,5423
547.70,5422
548.90,5421
549.76,5420
551.44,5419
554.58,5418
555.09,5417
555.43,5416
555.94,5415
556.78,5414
557.99,5413
559.21,5412
562.45,5411
563.29,5410
563.80,5409
564.82,5408
565.16,5407
566.67,5406
568.04,5405
568.57,5404
569.91,5403
570.41,5402
571.75,5401
572.61,5400
573.12,5399
573.64,5398
574.49,5397
575.35,5396
575.69,5395
576.87,5394
577.91,5393
578.77,5392
579.78,5391
580.45,5390
580.79,5389
581.46,5388
581.97,5387
582.30,5386
583.14,5385
585.32,5384
585.66,5383
586.66,5382
587.17,5381
589.72,5380
590.06,5379
592.44,5378
593.46,5377
594.98,5376
595.49,5375
596.50,5374
597.00,5373
597.91,5372
