0.00,5922
0.81,5921
1.59,5920
3.10,5919
3.88,5918
4.87,5917
5.39,5916
5.79,5915
8.54,5914
9.53,5913
10.15,5912
11.15,5911
12.25,5910
14.04,5909
14.85,5908
15.43,5907
16.04,5906
17.43,5905
18.03,5904
18.62,5903
20.00,5902
21.17,5901
21.58,5900
22.57,5899
22.97,5898
23.57,5897
24.46,5896
25.06,5895
26.27,5894
26.66,5893
28.28,5892
28.86,5891
31.26,5890
31.85,5889
32.63,5888
33.42,5887
33.80,5886
34.79,5885
36.36,5884
36.75,5883
38.32,5882
38.72,5881
39.53,5880
40.54,5879
40.94,5878
43.89,5877
45.32,5876
46.11,5875
46.91,5874
47.93,5873
48.52,5872
49.50,5871
50.47,5870
50.86,5869
51.25,5868
51.83,5867
54.18,5866
54.56,5865
55.37,5864
55.77,5863
56.54,5862
58.85,5861
59.69,5860
60.59,5859
61.45,5858
61.87,5857
63.54,5856
65.03,5855
66.20,5854
66.60,5853
68.20,5852
70.21,5851
71.69,5850
72.28,5849
73.07,5848
74.09,5847
75.26,5846
75.68,5845
76.89,5844
78.27,5843
78.85,5842
79.24,5841
81.80,5840
82.97,5839
84.49,5838
85.71,5837
86.96,5836
87.57,5835
87.95,5834
90.11,5833
92.54,5832
93.54,5831
95.14,5830
95.93,5829
97.30,5828
98.12,5827
98.51,5826
99.11,5825
101.29,5824
101.88,5823
102.50,5822
104.28,5821
106.34,5820
108.57,5819
110.58,5818
112.60,5817
113.40,5816
113.80,5815
114.59,5814
115.21,5813
116.23,5812
118.22,5811
119.03,5810
119.64,5809
120.07,5808
122.47,5807
124.48,5806
124.89,5805
125.69,5804
128.09,5803
129.27,5802
130.63,5801
132.61,5800
133.20,5799
134.13,5798
134.88,5797
136.44,5796
137.76,5795
138.14,5794
138.52,5793
139.65,5792
141.54,5791
141.91,5790
142.66,5789
143.25,5788
144.40,5787
146.29,5786
148.01,5785
148.39,5784
148.80,5783
149.59,5782
150.38,5781
151.15,5780
151.70,5779
152.84,5778
153.97,5777
154.91,5776
155.86,5775
157.56,5774
159.08,5773
160.06,5772
161.95,5771
162.54,5770
163.10,5769
164.23,5768
165.17,5767
166.65,5766
167.95,5765
169.06,5764
170.19,5763
171.15,5762
171.73,5761
172.50,5760
173.29,5759
173.88,5758
175.08,5757
175.86,5756
176.29,5755
176.68,5754
177.44,5753
177.81,5752
178.39,5751
178.95,5750
180.25,5749
180.99,5748
181.37,5747
182.09,5746
182.47,5745
183.09,5744
183.84,5743
184.98,5742
186.33,5741
186.88,5740
187.65,5739
188.25,5738
189.37,5737
192.18,5736
193.11,5735
195.87,5734
196.60,5733
197.31,5732
198.59,5731
202.07,5730
202.86,5729
205.12,5728
207.63,5727
210.07,5726
210.45,5725
211.05,5724
213.51,5723
214.08,5722
215.03,5721
216.77,5720
217.91,5719
218.31,5718
220.03,5717
220.60,5716
221.17,5715
222.45,5714
224.10,5713
226.74,5712
228.11,5711
229.29,5710
231.56,5709
232.11,5708
233.24,5707
236.16,5706
237.15,5705
237.93,5704
245.11,5703
245.48,5702
246.69,5701
249.08,5700
249.64,5699
252.09,5698
253.05,5697
255.30,5696
255.68,5695
256.99,5694
257.55,5693
258.32,5692
259.26,5691
260.41,5690
261.91,5689
262.29,5688
263.43,5687
263.80,5686
264.18,5685
264.56,5684
265.13,5683
265.91,5682
266.71,5681
267.09,5680
269.02,5679
269.39,5678
269.80,5677
270.78,5676
271.37,5675
272.13,5674
272.53,5673
273.84,5672
275.19,5671
275.76,5670
276.52,5669
278.03,5668
279.36,5667
280.16,5666
280.54,5665
281.32,5664
282.07,5663
283.01,5662
283.56,5661
283.95,5660
284.69,5659
285.63,5658
286.77,5657
289.76,5656
290.14,5655
291.16,5654
291.53,5653
292.09,5652
292.69,5651
295.32,5650
296.61,5649
297.33,5648
297.88,5647
298.80,5646
300.15,5645
301.61,5644
303.66,5643
304.41,5642
304.97,5641
305.35,5640
306.29,5639
306.85,5638
307.61,5637
308.75,5636
310.04,5635
310.42,5634
312.18,5633
312.81,5632
313.40,5631
313.78,5630
315.11,5629
316.61,5628
317.37,5627
318.14,5626
320.29,5625
321.82,5624
323.24,5623
324.42,5622
325.98,5621
327.69,5620
328.33,5619
329.91,5618
330.88,5617
332.58,5616
333.33,5615
334.27,5614
335.39,5613
336.15,5612
336.53,5611
337.08,5610
337.83,5609
339.32,5608
340.44,5607
341.56,5606
342.49,5605
343.23,5604
343.97,5603
344.72,5602
345.46,5601
347.43,5600
347.82,5599
350.28,5598
351.81,5597
354.72,5596
357.61,5595
358.57,5594
359.55,5593
364.51,5592
365.06,5591
365.43,5590
365.98,5589
366.72,5588
367.28,5587
368.19,5586
368.56,5585
370.39,5584
371.48,5583
372.04,5582
373.89,5581
374.80,5580
375.35,5579
376.26,5578
377.03,5577
377.61,5576
378.78,5575
379.73,5574
380.48,5573
380.87,5572
381.65,5571
382.25,5570
383.44,5569
384.03,5568
385.18,5567
386.12,5566
388.99,5565
389.56,5564
393.63,5563
396.37,5562
397.71,5561
399.05,5560
399.44,5559
401.10,5558
402.44,5557
402.84,5556
405.45,5555
406.20,5554
407.17,5553
408.17,5552
409.33,5551
409.90,5550
410.30,5549
412.74,5548
413.13,5547
414.46,5546
416.76,5545
418.34,5544
422.66,5543
424.38,5542
425.00,5541
427.23,5540
428.04,5539
429.01,5538
429.41,5537
430.41,5536
431.78,5535
433.38,5534
434.56,5533
435.14,5532
435.89,5531
438.17,5530
438.75,5529
439.33,5528
440.90,5527
441.86,5526
442.46,5525
444.54,5524
444.93,5523
446.11,5522
447.07,5521
449.51,5520
450.28,5519
452.57,5518
453.34,5517
454.44,5516
454.81,5515
455.54,5514
456.54,5513
456.92,5512
457.30,5511
459.73,5510
460.46,5509
464.97,5508
465.34,5507
466.27,5506
467.41,5505
471.52,5504
476.77,5503
478.81,5502
479.76,5501
482.18,5500
483.36,5499
485.07,5498
485.46,5497
487.32,5496
487.71,5495
488.63,5494
490.34,5493
492.38,5492
493.50,5491
497.45,5490
497.82,5489
498.57,5488
499.97,5487
502.62,5486
503.53,5485
504.29,5484
505.26,5483
509.25,5482
510.02,5481
510.47,5480
511.01,5479
511.95,5478
514.28,5477
515.66,5476
516.40,5475
517.15,5474
518.27,5473
519.62,5472
524.31,5471
525.24,5470
526.35,5469
528.04,5468
528.59,5467
528.95,5466
530.98,5465
531.36,5464
532.11,5463
533.20,5462
534.48,5461
536.35,5460
537.83,5459
540.05,5458
540.98,5457
541.39,5456
542.73,5455
544.41,5454
545.50,5453
546.05,5452
547.52,5451
549.22,5450
551.12,5449
551.88,5448
552.45,5447
553.20,5446
556.27,5445
557.56,5444
557.93,5443
560.97,5442
561.91,5441
562.67,5440
566.43,5439
567.00,5438
567.75,5437
568.12,5436
569.82,5435
570.75,5434
572.27,5433
574.43,5432
576.69,5431
577.47,5430
578.58,5429
579.69,5428
580.82,5427
583.71,5426
585.84,5425
586.59,5424
589.04,5423
589.99,5422
591.62,5421
592.38,5420
593.30,5419
594.42,5418
595.55,5417
596.54,5416
597.84,5415
598.40,5414
598.97,5413
599.57,5412
