0.62,11022
0.62,11021
0.62,11020
0.63,11019
0.63,11018
0.63,11017
0.63,11016
0.64,11015
0.64,11014
0.64,11013
0.64,11012
0.65,11011
0.65,11010
0.65,11009
0.65,11008
0.66,11007
0.66,11006
0.66,11005
0.66,11004
0.66,11003
0.67,11002
0.67,11001
0.68,11000
0.68,10999
0.68,10998
0.68,10997
0.69,10996
0.69,10995
0.69,10994
0.70,10993
0.70,10992
0.71,10991
0.71,10990
0.71,10989
0.71,10988
0.71,10987
0.72,10986
0.72,10985
0.72,10984
0.73,10983
0.73,10982
0.73,10981
0.73,10980
0.74,10979
0.74,10978
0.75,10977
0.75,10976
0.75,10975
0.75,10974
0.76,10973
0.77,10972
0.77,10971
0.77,10970
0.77,10969
0.78,10968
0.78,10967
0.79,10966
0.79,10965
0.79,10964
0.79,10963
0.79,10962
0.80,10961
0.81,10960
0.81,10959
0.81,10958
0.82,10957
0.82,10956
0.82,10955
0.83,10954
0.83,10953
0.84,10952
0.84,10951
0.85,10950
0.85,10949
0.85,10948
0.86,10947
0.86,10946
0.86,10945
0.86,10944
0.87,10943
0.89,10942
0.89,10941
0.90,10940
0.90,10939
0.91,10938
0.91,10937
0.92,10936
0.92,10935
0.93,10934
0.93,10933
0.93,10932
0.93,10931
0.93,10930
0.94,10929
0.94,10928
0.94,10927
0.95,10926
0.95,10925
0.95,10924
0.96,10923
0.96,10922
0.96,10921
0.96,10920
0.97,10919
0.97,10918
0.97,10917
0.97,10916
0.97,10915
0.97,10914
0.97,10913
0.97,10912
0.98,10911
0.98,10910
0.98,10909
0.99,10908
0.99,10907
0.99,10906
1.00,10905
1.00,10904
1.00,10903
1.00,10902
1.01,10901
1.01,10900
1.02,10899
1.02,10898
1.02,10897
1.02,10896
1.02,10895
1.02,10894
1.03,10893
1.03,10892
1.03,10891
1.04,10890
1.04,10889
1.04,10888
1.04,10887
1.04,10886
1.05,10885
1.05,10884
1.05,10883
1.06,10882
1.07,10881
1.08,10880
1.08,10879
1.08,10878
1.09,10877
1.09,10876
1.10,10875
1.10,10874
1.10,10873
1.11,10872
1.11,10871
1.11,10870
1.12,10869
1.43,10868
1.43,10867
1.44,10866
1.44,10865
1.44,10864
1.45,10863
1.45,10862
1.45,10861
1.45,10860
1.46,10859
1.46,10858
1.46,10857
1.46,10856
1.46,10855
1.47,10854
1.47,10853
1.47,10852
1.47,10851
1.47,10850
1.47,10849
1.48,10848
1.48,10847
1.48,10846
1.49,10845
1.49,10844
1.49,10843
1.50,10842
1.50,10841
1.51,10840
1.51,10839
1.53,10838
1.53,10837
1.54,10836
1.54,10835
1.55,10834
1.55,10833
1.55,10832
1.55,10831
1.55,10830
1.56,10829
1.56,10828
1.56,10827
1.57,10826
1.57,10825
1.57,10824
1.57,10823
1.57,10822
1.58,10821
1.59,10820
1.59,10819
1.60,10818
1.60,10817
1.60,10816
1.60,10815
1.62,10814
1.62,10813
1.63,10812
1.63,10811
1.63,10810
1.64,10809
1.65,10808
1.65,10807
1.65,10806
1.65,10805
1.65,10804
1.65,10803
1.65,10802
1.66,10801
1.66,10800
1.66,10799
1.67,10798
1.67,10797
1.68,10796
1.68,10795
1.68,10794
1.69,10793
1.69,10792
1.71,10791
1.71,10790
1.71,10789
1.71,10788
1.71,10787
1.71,10786
1.71,10785
1.71,10784
1.71,10783
1.72,10782
1.72,10781
1.72,10780
1.74,10779
1.74,10778
1.76,10777
1.76,10776
1.76,10775
1.76,10774
1.77,10773
1.78,10772
1.78,10771
1.78,10770
1.78,10769
1.79,10768
1.79,10767
1.79,10766
1.79,10765
1.79,10764
1.80,10763
1.82,10762
1.82,10761
1.82,10760
1.82,10759
1.82,10758
1.82,10757
1.82,10756
1.82,10755
1.83,10754
1.85,10753
1.85,10752
1.85,10751
1.86,10750
1.87,10749
1.88,10748
1.88,10747
1.89,10746
1.89,10745
1.89,10744
1.90,10743
1.90,10742
1.90,10741
1.90,10740
1.90,10739
1.91,10738
1.91,10737
1.91,10736
1.91,10735
1.92,10734
1.92,10733
1.93,10732
1.93,10731
1.93,10730
1.93,10729
1.93,10728
1.94,10727
1.94,10726
1.95,10725
1.95,10724
2.24,10723
2.25,10722
2.25,10721
2.25,10720
2.25,10719
2.25,10718
2.25,10717
2.25,10716
2.25,10715
2.25,10714
2.25,10713
2.26,10712
2.26,10711
2.27,10710
2.27,10709
2.27,10708
2.27,10707
2.28,10706
2.28,10705
2.28,10704
2.28,10703
2.28,10702
2.28,10701
2.30,10700
2.30,10699
2.30,10698
2.30,10697
2.30,10696
2.30,10695
2.30,10694
2.30,10693
2.31,10692
2.31,10691
2.31,10690
2.32,10689
2.32,10688
2.32,10687
2.32,10686
2.33,10685
2.33,10684
2.37,10683
2.37,10682
2.38,10681
2.38,10680
2.40,10679
2.40,10678
2.41,10677
2.42,10676
2.42,10675
2.42,10674
2.42,10673
2.43,10672
2.43,10671
2.43,10670
2.43,10669
2.45,10668
2.45,10667
2.46,10666
2.46,10665
2.46,10664
2.48,10663
2.48,10662
2.48,10661
2.48,10660
2.48,10659
2.48,10658
2.49,10657
2.50,10656
2.50,10655
2.50,10654
2.52,10653
2.52,10652
2.52,10651
2.53,10650
2.53,10649
2.53,10648
2.54,10647
2.54,10646
2.55,10645
2.56,10644
2.56,10643
2.57,10642
2.59,10641
2.59,10640
2.59,10639
2.60,10638
2.60,10637
2.61,10636
2.61,10635
2.61,10634
2.64,10633
2.64,10632
2.66,10631
2.66,10630
2.66,10629
2.66,10628
2.66,10627
2.66,10626
2.66,10625
2.66,10624
2.67,10623
2.67,10622
2.67,10621
2.69,10620
2.69,10619
2.70,10618
2.70,10617
2.70,10616
2.70,10615
2.71,10614
2.71,10613
2.73,10612
2.73,10611
2.74,10610
2.75,10609
2.75,10608
2.76,10607
2.76,10606
2.76,10605
2.76,10604
2.77,10603
2.79,10602
2.81,10601
2.81,10600
2.81,10599
2.82,10598
2.82,10597
2.83,10596
2.83,10595
2.83,10594
2.83,10593
2.84,10592
2.86,10591
2.86,10590
2.87,10589
2.87,10588
2.88,10587
2.88,10586
2.88,10585
2.88,10584
2.88,10583
2.88,10582
2.88,10581
2.88,10580
2.89,10579
2.89,10578
2.90,10577
2.90,10576
2.92,10575
2.92,10574
2.93,10573
2.94,10572
2.94,10571
2.95,10570
2.95,10569
2.95,10568
2.95,10567
2.96,10566
2.98,10565
2.98,10564
2.98,10563
2.99,10562
2.99,10561
3.00,10560
3.00,10559
3.00,10558
3.01,10557
3.01,10556
3.02,10555
3.02,10554
3.02,10553
3.03,10552
3.05,10551
3.05,10550
3.05,10549
3.05,10548
3.06,10547
3.06,10546
3.06,10545
3.07,10544
3.37,10543
3.37,10542
3.37,10541
3.37,10540
3.37,10539
3.37,10538
3.38,10537
3.39,10536
3.40,10535
3.40,10534
3.40,10533
3.40,10532
3.41,10531
3.41,10530
3.41,10529
3.41,10528
3.41,10527
3.42,10526
3.42,10525
3.42,10524
3.42,10523
3.42,10522
3.43,10521
3.45,10520
3.45,10519
3.46,10518
3.46,10517
3.46,10516
3.49,10515
3.49,10514
3.49,10513
3.50,10512
3.50,10511
3.51,10510
3.51,10509
3.52,10508
3.52,10507
3.52,10506
3.53,10505
3.54,10504
3.54,10503
3.54,10502
3.54,10501
3.54,10500
3.55,10499
3.55,10498
3.56,10497
3.58,10496
3.58,10495
3.58,10494
3.59,10493
3.59,10492
3.60,10491
3.60,10490
3.60,10489
3.61,10488
3.61,10487
3.61,10486
3.62,10485
3.62,10484
3.62,10483
3.63,10482
3.63,10481
3.63,10480
3.63,10479
3.63,10478
3.64,10477
3.64,10476
3.64,10475
3.65,10474
3.65,10473
3.65,10472
3.66,10471
3.66,10470
3.66,10469
3.67,10468
3.67,10467
3.72,10466
3.72,10465
3.74,10464
3.74,10463
3.77,10462
3.77,10461
3.77,10460
3.77,10459
3.78,10458
3.80,10457
3.80,10456
3.81,10455
3.81,10454
3.84,10453
3.84,10452
3.84,10451
3.85,10450
3.86,10449
3.86,10448
3.88,10447
3.89,10446
3.89,10445
3.89,10444
3.90,10443
3.92,10442
3.92,10441
3.94,10440
3.94,10439
3.94,10438
3.94,10437
3.96,10436
3.96,10435
3.96,10434
3.98,10433
3.98,10432
3.99,10431
3.99,10430
3.99,10429
3.99,10428
4.00,10427
4.00,10426
4.03,10425
4.03,10424
4.09,10423
4.10,10422
4.10,10421
4.11,10420
4.11,10419
4.11,10418
4.11,10417
4.11,10416
4.12,10415
4.16,10414
4.16,10413
4.17,10412
4.17,10411
4.18,10410
4.19,10409
4.20,10408
4.20,10407
4.20,10406
4.21,10405
4.22,10404
4.23,10403
4.23,10402
4.23,10401
4.24,10400
4.24,10399
4.24,10398
4.27,10397
4.28,10396
4.30,10395
4.31,10394
4.31,10393
4.31,10392
4.33,10391
4.33,10390
4.33,10389
4.33,10388
4.33,10387
4.35,10386
4.36,10385
4.36,10384
4.67,10383
4.67,10382
4.67,10381
4.68,10380
4.68,10379
4.68,10378
4.71,10377
4.72,10376
4.72,10375
4.74,10374
4.75,10373
4.75,10372
4.75,10371
4.75,10370
4.75,10369
4.75,10368
4.75,10367
4.75,10366
4.76,10365
4.81,10364
4.81,10363
4.81,10362
4.81,10361
4.81,10360
4.81,10359
4.81,10358
4.81,10357
4.81,10356
4.81,10355
4.81,10354
4.81,10353
4.81,10352
4.81,10351
4.82,10350
4.83,10349
4.83,10348
4.83,10347
4.84,10346
4.84,10345
4.84,10344
4.87,10343
4.88,10342
4.88,10341
4.88,10340
4.90,10339
4.90,10338
4.90,10337
4.91,10336
4.92,10335
4.92,10334
4.92,10333
4.93,10332
4.93,10331
4.93,10330
4.94,10329
4.95,10328
4.95,10327
4.95,10326
4.95,10325
4.96,10324
4.96,10323
4.96,10322
4.97,10321
4.98,10320
4.98,10319
5.01,10318
5.01,10317
5.01,10316
5.04,10315
5.08,10314
5.08,10313
5.09,10312
5.09,10311
5.13,10310
5.13,10309
5.13,10308
5.13,10307
5.14,10306
5.14,10305
5.14,10304
5.16,10303
5.16,10302
5.17,10301
5.18,10300
5.18,10299
5.23,10298
5.23,10297
5.23,10296
5.25,10295
5.25,10294
5.26,10293
5.26,10292
5.26,10291
5.26,10290
5.27,10289
5.27,10288
5.28,10287
5.30,10286
5.31,10285
5.32,10284
5.35,10283
5.36,10282
5.36,10281
5.40,10280
5.41,10279
5.42,10278
5.44,10277
5.44,10276
5.44,10275
5.65,10274
5.65,10273
5.65,10272
5.65,10271
5.65,10270
5.66,10269
5.66,10268
5.74,10267
5.74,10266
5.75,10265
5.75,10264
5.75,10263
5.75,10262
5.75,10261
5.78,10260
5.79,10259
5.79,10258
5.80,10257
5.81,10256
5.83,10255
5.85,10254
5.86,10253
5.87,10252
5.87,10251
5.87,10250
5.88,10249
5.88,10248
5.88,10247
5.89,10246
5.89,10245
5.89,10244
5.90,10243
5.90,10242
5.93,10241
5.93,10240
5.93,10239
5.94,10238
5.94,10237
5.94,10236
5.94,10235
6.03,10234
6.03,10233
6.03,10232
6.08,10231
6.08,10230
6.08,10229
6.08,10228
6.09,10227
6.10,10226
6.11,10225
6.11,10224
6.13,10223
6.13,10222
6.13,10221
6.13,10220
6.16,10219
6.16,10218
6.16,10217
6.16,10216
6.16,10215
6.17,10214
6.17,10213
6.22,10212
6.22,10211
6.23,10210
6.26,10209
6.26,10208
6.26,10207
6.26,10206
6.27,10205
6.27,10204
6.33,10203
6.33,10202
6.33,10201
6.33,10200
6.33,10199
6.37,10198
6.39,10197
6.39,10196
6.39,10195
6.39,10194
6.39,10193
6.39,10192
6.64,10191
6.64,10190
6.69,10189
6.69,10188
6.69,10187
6.70,10186
6.70,10185
6.70,10184
6.70,10183
6.71,10182
6.71,10181
6.71,10180
6.72,10179
6.72,10178
6.72,10177
6.73,10176
6.73,10175
6.73,10174
6.74,10173
6.74,10172
6.74,10171
6.74,10170
6.80,10169
6.80,10168
6.80,10167
6.83,10166
6.83,10165
6.83,10164
6.85,10163
6.85,10162
6.86,10161
6.86,10160
6.87,10159
6.87,10158
6.88,10157
6.88,10156
6.90,10155
6.91,10154
6.97,10153
7.01,10152
7.01,10151
7.01,10150
7.04,10149
7.04,10148
7.09,10147
7.09,10146
7.09,10145
7.10,10144
7.13,10143
7.14,10142
7.14,10141
7.14,10140
7.14,10139
7.14,10138
7.17,10137
7.17,10136
7.17,10135
7.18,10134
7.18,10133
7.18,10132
7.18,10131
7.19,10130
7.19,10129
7.19,10128
7.19,10127
7.20,10126
7.20,10125
7.20,10124
7.20,10123
7.20,10122
7.20,10121
7.20,10120
7.21,10119
7.22,10118
7.22,10117
7.24,10116
7.24,10115
7.24,10114
7.24,10113
7.24,10112
7.24,10111
7.30,10110
7.31,10109
7.34,10108
7.34,10107
7.35,10106
7.35,10105
7.35,10104
7.35,10103
7.36,10102
7.37,10101
7.37,10100
7.38,10099
7.49,10098
7.49,10097
7.51,10096
7.51,10095
7.52,10094
7.53,10093
7.54,10092
7.54,10091
7.54,10090
7.54,10089
7.55,10088
7.55,10087
7.55,10086
7.55,10085
7.55,10084
7.56,10083
7.56,10082
7.57,10081
7.58,10080
7.60,10079
7.60,10078
7.61,10077
7.61,10076
7.61,10075
7.61,10074
7.62,10073
7.62,10072
7.66,10071
7.66,10070
7.66,10069
7.67,10068
7.69,10067
7.71,10066
7.71,10065
7.72,10064
7.72,10063
7.75,10062
7.75,10061
7.77,10060
7.89,10059
7.90,10058
7.90,10057
7.91,10056
7.91,10055
7.92,10054
7.92,10053
7.95,10052
7.96,10051
7.96,10050
7.98,10049
7.98,10048
7.99,10047
7.99,10046
7.99,10045
7.99,10044
7.99,10043
8.00,10042
8.00,10041
8.01,10040
8.01,10039
8.01,10038
8.02,10037
8.02,10036
8.03,10035
8.03,10034
8.03,10033
8.04,10032
8.05,10031
8.05,10030
8.05,10029
8.07,10028
8.07,10027
8.09,10026
8.09,10025
8.10,10024
8.10,10023
8.10,10022
8.11,10021
8.12,10020
8.12,10019
8.13,10018
8.13,10017
8.13,10016
8.13,10015
8.13,10014
8.14,10013
8.15,10012
8.15,10011
8.15,10010
8.16,10009
8.16,10008
8.16,10007
8.16,10006
8.17,10005
8.17,10004
8.18,10003
8.21,10002
8.22,10001
8.22,10000
8.22,9999
8.24,9998
8.35,9997
8.35,9996
8.36,9995
8.36,9994
8.36,9993
8.39,9992
8.41,9991
8.41,9990
8.41,9989
8.51,9988
8.58,9987
8.58,9986
8.58,9985
8.59,9984
8.59,9983
8.67,9982
8.68,9981
8.68,9980
8.69,9979
8.69,9978
8.70,9977
8.77,9976
8.84,9975
8.84,9974
8.84,9973
8.86,9972
8.86,9971
8.94,9970
8.94,9969
9.27,9968
9.28,9967
9.34,9966
9.35,9965
9.35,9964
9.36,9963
9.36,9962
9.37,9961
9.41,9960
9.41,9959
9.52,9958
9.52,9957
9.52,9956
9.52,9955
9.53,9954
9.53,9953
9.53,9952
9.53,9951
9.53,9950
9.54,9949
9.55,9948
9.58,9947
9.64,9946
9.68,9945
9.69,9944
9.69,9943
9.69,9942
9.69,9941
9.72,9940
9.72,9939
9.74,9938
9.84,9937
9.90,9936
9.96,9935
9.97,9934
9.97,9933
10.03,9932
10.04,9931
10.04,9930
10.04,9929
10.34,9928
10.34,9927
10.34,9926
10.46,9925
10.47,9924
10.58,9923
10.58,9922
10.74,9921
10.74,9920
10.75,9919
10.75,9918
10.75,9917
10.77,9916
10.77,9915
10.77,9914
10.78,9913
10.78,9912
10.81,9911
10.81,9910
10.82,9909
10.82,9908
10.82,9907
10.87,9906
10.88,9905
10.88,9904
11.29,9903
11.34,9902
11.40,9901
11.40,9900
11.40,9899
11.42,9898
11.43,9897
11.44,9896
11.44,9895
11.46,9894
11.47,9893
11.47,9892
11.47,9891
11.57,9890
11.63,9889
11.63,9888
11.63,9887
11.96,9886
11.96,9885
11.97,9884
11.99,9883
12.01,9882
12.04,9881
12.36,9880
12.36,9879
12.36,9878
12.36,9877
12.36,9876
12.49,9875
12.49,9874
12.54,9873
12.54,9872
12.56,9871
12.56,9870
12.56,9869
12.60,9868
12.60,9867
12.60,9866
12.61,9865
12.62,9864
12.62,9863
12.62,9862
12.62,9861
12.77,9860
12.77,9859
12.83,9858
12.84,9857
12.84,9856
12.85,9855
12.85,9854
12.85,9853
12.85,9852
12.99,9851
12.99,9850
12.99,9849
12.99,9848
13.16,9847
13.19,9846
13.23,9845
13.23,9844
13.24,9843
13.24,9842
13.25,9841
13.27,9840
13.27,9839
13.57,9838
13.57,9837
13.57,9836
13.58,9835
13.58,9834
13.58,9833
13.61,9832
13.61,9831
13.61,9830
13.63,9829
13.64,9828
13.65,9827
13.65,9826
13.65,9825
13.65,9824
13.65,9823
14.84,9822
14.87,9821
14.87,9820
15.81,9819
15.86,9818
16.45,9817
16.46,9816
16.47,9815
16.50,9814
16.53,9813
16.53,9812
16.57,9811
16.58,9810
16.66,9809
16.81,9808
16.84,9807
16.85,9806
16.85,9805
16.86,9804
16.86,9803
17.06,9802
17.06,9801
17.06,9800
17.06,9799
17.08,9798
17.35,9797
17.35,9796
17.36,9795
17.36,9794
17.37,9793
17.37,9792
17.41,9791
17.41,9790
17.41,9789
17.41,9788
17.41,9787
17.41,9786
17.42,9785
17.43,9784
17.43,9783
17.44,9782
17.44,9781
17.44,9780
17.45,9779
17.54,9778
17.54,9777
17.54,9776
17.55,9775
17.55,9774
17.56,9773
17.66,9772
17.67,9771
17.68,9770
17.68,9769
17.68,9768
17.69,9767
17.69,9766
17.69,9765
17.70,9764
17.70,9763
17.70,9762
17.71,9761
17.74,9760
17.74,9759
17.74,9758
17.74,9757
17.75,9756
17.75,9755
17.77,9754
18.05,9753
18.05,9752
18.05,9751
18.27,9750
18.27,9749
18.34,9748
18.35,9747
18.36,9746
18.37,9745
18.40,9744
18.40,9743
18.43,9742
18.47,9741
18.50,9740
18.50,9739
18.50,9738
18.54,9737
18.54,9736
18.54,9735
18.54,9734
18.61,9733
18.73,9732
18.73,9731
18.74,9730
18.80,9729
18.83,9728
18.83,9727
18.84,9726
19.01,9725
19.01,9724
20.02,9723
20.05,9722
21.16,9721
21.18,9720
21.18,9719
21.19,9718
21.20,9717
21.20,9716
21.21,9715
21.21,9714
21.21,9713
21.21,9712
21.22,9711
21.23,9710
21.23,9709
21.24,9708
21.24,9707
21.24,9706
21.25,9705
21.25,9704
22.19,9703
22.20,9702
22.21,9701
22.21,9700
22.22,9699
33.04,9698
33.04,9697
33.05,9696
33.06,9695
33.06,9694
33.07,9693
33.07,9692
33.07,9691
35.16,9690
35.16,9689
35.17,9688
35.18,9687
35.19,9686
35.20,9685
35.20,9684
35.20,9683
35.20,9682
35.20,9681
35.20,9680
35.21,9679
35.22,9678
35.24,9677
35.25,9676
35.25,9675
35.25,9674
35.25,9673
35.29,9672
35.63,9671
35.63,9670
36.41,9669
37.35,9668
37.35,9667
37.35,9666
37.43,9665
37.44,9664
37.46,9663
37.47,9662
37.47,9661
38.12,9660
38.17,9659
38.17,9658
38.19,9657
38.20,9656
38.22,9655
38.25,9654
38.25,9653
38.26,9652
38.27,9651
38.28,9650
38.28,9649
38.31,9648
38.33,9647
38.33,9646
38.33,9645
38.33,9644
38.33,9643
66.84,9642
66.85,9641
66.86,9640
66.97,9639
66.98,9638
67.05,9637
67.05,9636
67.05,9635
67.07,9634
67.31,9633
67.32,9632
67.33,9631
67.33,9630
67.34,9629
67.34,9628
67.34,9627
69.01,9626
84.06,9625
84.11,9624
84.11,9623
84.12,9622
84.12,9621
84.12,9620
84.13,9619
84.16,9618
84.16,9617
84.16,9616
84.17,9615
85.04,9614
85.05,9613
88.06,9612
88.34,9611
88.34,9610
88.34,9609
88.35,9608
88.35,9607
88.35,9606
88.46,9605
88.46,9604
88.63,9603
89.27,9602
89.28,9601
89.28,9600
89.29,9599
89.29,9598
90.39,9597
90.43,9596
90.43,9595
97.53,9594
97.61,9593
97.63,9592
97.63,9591
97.63,9590
97.68,9589
97.68,9588
97.68,9587
98.20,9586
98.20,9585
116.35,9584
116.38,9583
116.39,9582
116.40,9581
116.40,9580
116.41,9579
116.41,9578
116.56,9577
116.56,9576
116.57,9575
116.58,9574
116.60,9573
116.63,9572
116.63,9571
116.64,9570
116.66,9569
116.66,9568
116.66,9567
116.71,9566
116.71,9565
116.71,9564
116.73,9563
116.74,9562
116.74,9561
116.76,9560
116.76,9559
116.78,9558
116.78,9557
116.82,9556
116.83,9555
116.83,9554
116.84,9553
116.84,9552
116.84,9551
117.43,9550
117.43,9549
117.44,9548
117.44,9547
117.45,9546
117.45,9545
117.51,9544
117.51,9543
117.51,9542
117.51,9541
117.52,9540
117.52,9539
117.61,9538
117.62,9537
117.62,9536
117.62,9535
117.62,9534
121.32,9533
121.32,9532
121.34,9531
121.34,9530
121.36,9529
121.37,9528
121.51,9527
121.51,9526
121.54,9525
121.54,9524
121.56,9523
121.56,9522
121.76,9521
122.65,9520
122.66,9519
122.66,9518
122.67,9517
123.62,9516
123.69,9515
123.69,9514
124.06,9513
124.27,9512
124.27,9511
124.29,9510
124.55,9509
124.58,9508
124.58,9507
124.58,9506
124.59,9505
124.69,9504
124.69,9503
124.71,9502
124.72,9501
124.72,9500
124.72,9499
124.74,9498
124.74,9497
124.74,9496
124.75,9495
124.75,9494
124.75,9493
124.75,9492
129.36,9491
129.37,9490
129.37,9489
129.38,9488
129.48,9487
129.49,9486
129.49,9485
129.49,9484
129.50,9483
135.75,9482
135.75,9481
135.75,9480
135.75,9479
135.79,9478
135.81,9477
136.31,9476
136.31,9475
136.32,9474
136.32,9473
136.32,9472
136.32,9471
136.33,9470
136.33,9469
136.33,9468
136.34,9467
136.34,9466
136.35,9465
136.35,9464
136.35,9463
136.35,9462
136.35,9461
139.05,9460
139.06,9459
139.06,9458
140.29,9457
140.29,9456
140.39,9455
140.42,9454
140.67,9453
140.81,9452
141.00,9451
141.04,9450
141.05,9449
141.06,9448
141.06,9447
141.06,9446
141.15,9445
141.16,9444
141.16,9443
141.17,9442
141.17,9441
141.17,9440
141.24,9439
141.55,9438
141.70,9437
141.72,9436
142.43,9435
142.49,9434
142.49,9433
142.49,9432
142.50,9431
142.50,9430
142.50,9429
142.50,9428
142.51,9427
142.52,9426
142.52,9425
142.52,9424
142.54,9423
142.58,9422
142.60,9421
142.60,9420
142.60,9419
142.60,9418
142.60,9417
142.61,9416
142.61,9415
142.61,9414
142.61,9413
142.61,9412
142.63,9411
142.63,9410
142.65,9409
142.65,9408
142.65,9407
142.65,9406
142.65,9405
142.66,9404
142.66,9403
142.67,9402
142.68,9401
142.68,9400
142.68,9399
142.69,9398
142.69,9397
142.72,9396
142.72,9395
142.72,9394
142.73,9393
142.77,9392
142.77,9391
142.77,9390
142.78,9389
142.79,9388
142.93,9387
142.93,9386
142.93,9385
142.94,9384
142.94,9383
142.97,9382
142.98,9381
142.98,9380
143.05,9379
143.05,9378
143.07,9377
143.07,9376
143.14,9375
143.16,9374
143.18,9373
143.19,9372
143.20,9371
143.23,9370
143.25,9369
143.25,9368
143.27,9367
143.28,9366
143.28,9365
143.28,9364
143.32,9363
143.33,9362
143.33,9361
143.35,9360
143.36,9359
143.37,9358
143.37,9357
144.01,9356
144.01,9355
144.02,9354
144.02,9353
144.05,9352
144.38,9351
144.38,9350
144.38,9349
144.38,9348
144.39,9347
144.43,9346
144.43,9345
144.43,9344
144.44,9343
144.63,9342
144.66,9341
144.66,9340
144.67,9339
144.67,9338
144.68,9337
144.68,9336
144.68,9335
144.72,9334
144.72,9333
144.73,9332
144.73,9331
144.74,9330
144.76,9329
145.83,9328
145.86,9327
145.86,9326
145.93,9325
146.14,9324
146.15,9323
146.17,9322
146.23,9321
146.23,9320
148.75,9319
148.85,9318
148.93,9317
148.93,9316
148.94,9315
149.10,9314
149.10,9313
149.10,9312
149.23,9311
149.23,9310
149.23,9309
149.26,9308
149.26,9307
149.27,9306
149.27,9305
149.28,9304
149.29,9303
149.29,9302
149.29,9301
149.30,9300
149.30,9299
149.30,9298
149.30,9297
149.32,9296
149.33,9295
150.52,9294
150.52,9293
150.54,9292
150.54,9291
150.55,9290
150.56,9289
150.61,9288
150.61,9287
150.61,9286
150.62,9285
150.64,9284
150.64,9283
150.64,9282
150.67,9281
150.67,9280
150.68,9279
150.68,9278
151.38,9277
151.38,9276
151.38,9275
151.38,9274
151.39,9273
151.45,9272
151.47,9271
151.48,9270
151.48,9269
151.48,9268
151.48,9267
151.48,9266
151.51,9265
151.51,9264
151.52,9263
151.52,9262
151.72,9261
151.72,9260
151.72,9259
151.73,9258
151.74,9257
151.74,9256
151.75,9255
151.75,9254
153.23,9253
153.23,9252
153.27,9251
153.27,9250
153.28,9249
153.28,9248
153.46,9247
153.47,9246
153.47,9245
153.47,9244
153.51,9243
153.59,9242
154.26,9241
154.26,9240
154.26,9239
154.26,9238
154.36,9237
154.36,9236
154.42,9235
154.43,9234
154.67,9233
154.68,9232
154.68,9231
154.68,9230
154.68,9229
154.69,9228
154.69,9227
154.73,9226
154.73,9225
154.78,9224
154.78,9223
154.91,9222
154.91,9221
154.92,9220
154.93,9219
154.94,9218
154.94,9217
154.94,9216
155.23,9215
155.23,9214
155.23,9213
155.24,9212
155.25,9211
155.60,9210
155.66,9209
155.86,9208
155.86,9207
155.92,9206
156.07,9205
156.09,9204
156.10,9203
156.12,9202
156.12,9201
156.12,9200
156.13,9199
156.13,9198
156.13,9197
156.16,9196
156.23,9195
156.23,9194
156.23,9193
161.05,9192
161.32,9191
161.35,9190
161.35,9189
161.35,9188
164.76,9187
164.76,9186
164.77,9185
164.77,9184
164.77,9183
164.79,9182
164.80,9181
164.87,9180
164.89,9179
164.89,9178
164.89,9177
165.01,9176
165.01,9175
165.02,9174
165.03,9173
165.03,9172
165.27,9171
165.27,9170
165.27,9169
165.27,9168
165.28,9167
165.28,9166
165.28,9165
165.52,9164
165.54,9163
165.54,9162
165.54,9161
165.55,9160
165.57,9159
165.57,9158
165.57,9157
165.57,9156
165.58,9155
166.07,9154
166.07,9153
166.09,9152
166.10,9151
166.13,9150
166.13,9149
166.14,9148
166.28,9147
166.37,9146
166.58,9145
166.59,9144
166.59,9143
166.61,9142
166.61,9141
166.61,9140
166.62,9139
166.62,9138
166.63,9137
166.65,9136
166.74,9135
166.79,9134
166.81,9133
166.86,9132
166.86,9131
166.86,9130
168.20,9129
168.22,9128
168.24,9127
168.35,9126
168.68,9125
168.68,9124
168.77,9123
168.77,9122
168.78,9121
168.78,9120
168.79,9119
168.79,9118
168.94,9117
168.96,9116
168.96,9115
168.97,9114
169.06,9113
169.06,9112
169.09,9111
169.11,9110
169.17,9109
169.17,9108
169.34,9107
169.48,9106
169.53,9105
169.53,9104
169.54,9103
169.54,9102
169.54,9101
169.54,9100
169.54,9099
169.55,9098
169.56,9097
169.56,9096
169.56,9095
169.56,9094
169.56,9093
169.57,9092
169.62,9091
169.62,9090
169.62,9089
169.69,9088
169.69,9087
169.69,9086
169.78,9085
169.78,9084
169.79,9083
169.79,9082
169.79,9081
169.80,9080
169.80,9079
169.80,9078
169.80,9077
169.80,9076
169.81,9075
169.81,9074
169.82,9073
169.83,9072
169.83,9071
169.86,9070
169.87,9069
169.87,9068
169.89,9067
170.22,9066
170.22,9065
170.32,9064
170.34,9063
170.37,9062
170.39,9061
170.39,9060
170.39,9059
170.47,9058
170.47,9057
170.48,9056
170.53,9055
170.55,9054
170.56,9053
170.56,9052
170.56,9051
170.56,9050
170.57,9049
170.59,9048
170.60,9047
170.60,9046
170.61,9045
170.71,9044
170.77,9043
170.77,9042
170.81,9041
170.82,9040
170.95,9039
171.01,9038
171.04,9037
171.05,9036
171.05,9035
173.15,9034
173.16,9033
173.16,9032
173.17,9031
173.17,9030
173.17,9029
174.75,9028
174.85,9027
174.87,9026
175.33,9025
176.15,9024
177.54,9023
177.55,9022
177.70,9021
178.05,9020
178.05,9019
178.13,9018
178.13,9017
178.13,9016
178.14,9015
178.14,9014
178.36,9013
178.36,9012
178.36,9011
178.37,9010
178.38,9009
178.43,9008
178.43,9007
178.43,9006
178.45,9005
178.45,9004
178.46,9003
178.47,9002
178.47,9001
178.51,9000
178.54,8999
178.55,8998
178.65,8997
178.67,8996
178.67,8995
178.67,8994
178.68,8993
178.68,8992
178.69,8991
178.69,8990
178.70,8989
179.74,8988
179.76,8987
179.78,8986
179.78,8985
180.87,8984
180.87,8983
181.09,8982
181.09,8981
181.10,8980
181.10,8979
181.15,8978
181.16,8977
181.17,8976
181.17,8975
181.17,8974
181.17,8973
181.19,8972
181.25,8971
181.26,8970
181.27,8969
181.27,8968
181.40,8967
181.41,8966
181.61,8965
181.61,8964
181.62,8963
181.62,8962
181.78,8961
181.78,8960
181.90,8959
181.91,8958
181.91,8957
181.93,8956
181.93,8955
181.93,8954
181.94,8953
181.94,8952
181.95,8951
182.04,8950
182.70,8949
182.70,8948
182.71,8947
182.71,8946
182.71,8945
182.71,8944
182.71,8943
182.84,8942
182.85,8941
182.85,8940
182.89,8939
182.89,8938
182.89,8937
182.89,8936
182.96,8935
182.96,8934
182.96,8933
182.97,8932
182.98,8931
182.98,8930
183.04,8929
183.07,8928
183.08,8927
184.13,8926
185.27,8925
185.28,8924
185.28,8923
185.51,8922
185.52,8921
185.53,8920
185.55,8919
185.55,8918
185.55,8917
185.64,8916
185.66,8915
185.67,8914
185.68,8913
185.68,8912
185.70,8911
185.79,8910
186.63,8909
186.63,8908
186.77,8907
186.78,8906
186.79,8905
186.79,8904
186.79,8903
186.79,8902
187.03,8901
187.03,8900
187.03,8899
187.04,8898
187.05,8897
187.15,8896
187.23,8895
187.25,8894
187.28,8893
187.29,8892
187.29,8891
187.31,8890
187.31,8889
187.32,8888
187.32,8887
187.35,8886
187.40,8885
187.40,8884
187.40,8883
187.40,8882
187.40,8881
187.41,8880
187.42,8879
187.42,8878
187.58,8877
187.62,8876
187.71,8875
187.71,8874
187.80,8873
187.80,8872
187.81,8871
187.81,8870
187.82,8869
187.82,8868
187.82,8867
187.83,8866
187.84,8865
187.91,8864
188.58,8863
188.58,8862
188.59,8861
188.66,8860
188.66,8859
188.70,8858
190.20,8857
191.56,8856
191.56,8855
191.65,8854
191.65,8853
191.65,8852
191.65,8851
191.66,8850
191.66,8849
191.68,8848
191.68,8847
191.68,8846
191.73,8845
191.73,8844
191.74,8843
191.74,8842
191.75,8841
192.40,8840
192.46,8839
192.49,8838
192.59,8837
192.60,8836
192.60,8835
192.60,8834
192.61,8833
192.62,8832
192.62,8831
192.63,8830
192.75,8829
192.80,8828
192.85,8827
194.17,8826
194.23,8825
194.25,8824
194.26,8823
194.31,8822
194.32,8821
194.35,8820
194.35,8819
194.36,8818
194.37,8817
194.55,8816
194.55,8815
194.55,8814
195.13,8813
195.13,8812
195.17,8811
195.17,8810
195.20,8809
195.20,8808
195.21,8807
195.21,8806
195.21,8805
195.23,8804
195.24,8803
195.24,8802
195.24,8801
195.34,8800
195.37,8799
195.37,8798
195.41,8797
195.46,8796
195.47,8795
195.48,8794
195.50,8793
195.51,8792
196.16,8791
196.19,8790
196.21,8789
196.21,8788
196.77,8787
196.78,8786
196.78,8785
196.78,8784
196.78,8783
196.78,8782
196.90,8781
196.90,8780
196.92,8779
197.21,8778
197.21,8777
197.22,8776
197.23,8775
197.23,8774
197.23,8773
197.24,8772
197.31,8771
197.32,8770
197.40,8769
197.41,8768
197.47,8767
197.54,8766
197.54,8765
197.54,8764
199.80,8763
200.18,8762
200.18,8761
200.20,8760
200.22,8759
200.22,8758
200.22,8757
200.25,8756
200.25,8755
200.25,8754
200.26,8753
200.26,8752
200.27,8751
200.27,8750
200.28,8749
200.29,8748
200.29,8747
200.33,8746
200.42,8745
200.42,8744
202.26,8743
202.27,8742
202.28,8741
202.49,8740
202.50,8739
202.50,8738
202.51,8737
202.62,8736
202.62,8735
202.87,8734
203.59,8733
203.59,8732
203.59,8731
203.60,8730
203.62,8729
204.32,8728
204.32,8727
204.35,8726
204.35,8725
204.35,8724
204.36,8723
204.38,8722
204.55,8721
204.60,8720
204.62,8719
204.63,8718
204.64,8717
204.66,8716
204.67,8715
204.67,8714
204.67,8713
204.68,8712
204.76,8711
204.77,8710
204.79,8709
204.79,8708
204.79,8707
204.80,8706
204.80,8705
204.82,8704
204.83,8703
204.83,8702
204.83,8701
204.83,8700
204.83,8699
204.84,8698
204.85,8697
204.85,8696
205.24,8695
205.28,8694
205.31,8693
205.31,8692
205.34,8691
205.35,8690
205.36,8689
205.39,8688
205.40,8687
205.41,8686
205.41,8685
205.42,8684
205.44,8683
205.44,8682
205.45,8681
205.53,8680
205.54,8679
205.65,8678
205.65,8677
205.65,8676
205.66,8675
205.69,8674
205.71,8673
205.85,8672
205.86,8671
206.69,8670
206.73,8669
206.73,8668
206.73,8667
206.73,8666
206.74,8665
206.74,8664
206.80,8663
206.80,8662
206.80,8661
206.81,8660
206.82,8659
206.83,8658
206.83,8657
206.83,8656
206.86,8655
206.87,8654
206.91,8653
206.92,8652
207.32,8651
207.32,8650
207.33,8649
207.36,8648
207.40,8647
209.93,8646
209.97,8645
209.97,8644
209.97,8643
209.99,8642
210.09,8641
210.11,8640
210.13,8639
210.14,8638
210.16,8637
210.16,8636
210.17,8635
210.17,8634
210.17,8633
210.19,8632
210.19,8631
210.19,8630
210.20,8629
210.75,8628
210.77,8627
210.83,8626
210.83,8625
210.94,8624
211.03,8623
211.07,8622
211.07,8621
211.07,8620
211.08,8619
211.20,8618
211.21,8617
211.22,8616
213.03,8615
213.03,8614
213.03,8613
214.46,8612
214.47,8611
214.47,8610
214.48,8609
214.48,8608
214.49,8607
214.56,8606
214.59,8605
214.59,8604
215.54,8603
215.54,8602
215.58,8601
215.61,8600
215.62,8599
215.62,8598
215.63,8597
215.68,8596
215.68,8595
215.68,8594
215.71,8593
215.72,8592
215.72,8591
215.72,8590
215.75,8589
215.75,8588
215.96,8587
215.97,8586
215.99,8585
215.99,8584
216.01,8583
216.21,8582
216.23,8581
216.24,8580
217.49,8579
217.57,8578
217.76,8577
217.77,8576
217.78,8575
217.96,8574
217.96,8573
218.50,8572
218.50,8571
218.61,8570
218.64,8569
218.68,8568
218.71,8567
218.74,8566
218.82,8565
218.83,8564
218.83,8563
218.84,8562
218.84,8561
218.87,8560
218.87,8559
218.87,8558
218.88,8557
218.88,8556
218.89,8555
218.90,8554
218.93,8553
218.93,8552
219.01,8551
219.03,8550
219.07,8549
219.07,8548
219.07,8547
219.13,8546
219.13,8545
219.13,8544
219.14,8543
219.22,8542
219.35,8541
219.40,8540
219.40,8539
219.42,8538
219.43,8537
219.43,8536
219.45,8535
219.45,8534
219.45,8533
219.46,8532
219.49,8531
219.49,8530
220.11,8529
220.11,8528
220.12,8527
220.12,8526
220.16,8525
220.17,8524
220.18,8523
220.18,8522
220.25,8521
220.25,8520
220.25,8519
220.55,8518
220.56,8517
220.57,8516
220.58,8515
220.58,8514
220.64,8513
220.65,8512
220.65,8511
220.68,8510
220.70,8509
221.89,8508
221.90,8507
221.90,8506
221.91,8505
222.16,8504
222.28,8503
223.12,8502
223.14,8501
223.14,8500
223.15,8499
223.16,8498
223.18,8497
223.19,8496
223.19,8495
223.21,8494
223.21,8493
223.21,8492
223.21,8491
223.23,8490
223.24,8489
223.25,8488
223.38,8487
223.50,8486
223.70,8485
223.70,8484
223.75,8483
223.75,8482
223.75,8481
223.91,8480
223.94,8479
223.94,8478
223.94,8477
223.96,8476
223.96,8475
223.96,8474
225.02,8473
225.02,8472
225.02,8471
225.03,8470
225.05,8469
225.10,8468
225.10,8467
225.14,8466
225.14,8465
225.15,8464
225.15,8463
225.16,8462
225.17,8461
225.17,8460
225.22,8459
225.27,8458
225.28,8457
225.31,8456
225.32,8455
225.32,8454
225.32,8453
225.33,8452
225.33,8451
225.33,8450
225.34,8449
225.34,8448
225.84,8447
226.06,8446
226.06,8445
226.07,8444
226.08,8443
226.08,8442
226.13,8441
226.14,8440
226.16,8439
226.19,8438
226.24,8437
226.49,8436
226.50,8435
226.52,8434
226.52,8433
226.53,8432
226.53,8431
226.53,8430
226.61,8429
226.61,8428
226.62,8427
226.62,8426
226.64,8425
226.64,8424
226.64,8423
226.66,8422
226.67,8421
226.86,8420
226.88,8419
226.95,8418
227.31,8417
227.32,8416
227.43,8415
227.44,8414
227.44,8413
227.45,8412
227.45,8411
227.45,8410
227.46,8409
227.47,8408
227.49,8407
227.50,8406
227.50,8405
227.52,8404
227.56,8403
227.57,8402
227.57,8401
227.59,8400
227.60,8399
227.73,8398
227.74,8397
227.83,8396
227.84,8395
227.86,8394
227.94,8393
228.04,8392
228.07,8391
228.09,8390
228.09,8389
228.10,8388
228.11,8387
228.70,8386
228.71,8385
228.71,8384
228.82,8383
228.82,8382
228.82,8381
228.82,8380
228.83,8379
228.90,8378
229.03,8377
229.04,8376
229.11,8375
229.12,8374
229.14,8373
229.15,8372
229.16,8371
229.19,8370
229.19,8369
230.90,8368
230.93,8367
230.93,8366
230.94,8365
230.94,8364
230.97,8363
230.97,8362
230.98,8361
230.98,8360
231.01,8359
231.02,8358
231.03,8357
231.06,8356
233.13,8355
233.14,8354
233.29,8353
233.29,8352
233.30,8351
233.40,8350
233.51,8349
233.52,8348
233.52,8347
233.53,8346
233.55,8345
233.56,8344
233.57,8343
233.57,8342
233.58,8341
233.58,8340
233.62,8339
233.62,8338
233.62,8337
233.68,8336
233.68,8335
233.72,8334
234.74,8333
234.75,8332
234.76,8331
234.76,8330
234.76,8329
234.76,8328
234.83,8327
234.88,8326
234.89,8325
234.89,8324
234.92,8323
235.10,8322
235.11,8321
235.95,8320
235.95,8319
237.59,8318
237.59,8317
237.60,8316
237.60,8315
237.64,8314
237.65,8313
237.65,8312
238.02,8311
238.04,8310
238.36,8309
238.37,8308
238.38,8307
238.38,8306
238.42,8305
238.43,8304
238.44,8303
238.44,8302
238.48,8301
238.48,8300
238.62,8299
238.63,8298
238.72,8297
238.73,8296
239.32,8295
239.32,8294
239.32,8293
239.32,8292
239.32,8291
239.32,8290
239.35,8289
239.36,8288
239.36,8287
239.39,8286
239.40,8285
239.42,8284
239.42,8283
239.50,8282
239.52,8281
239.56,8280
239.56,8279
239.57,8278
239.57,8277
239.59,8276
239.59,8275
239.59,8274
239.60,8273
239.62,8272
242.33,8271
242.34,8270
242.36,8269
242.37,8268
243.27,8267
243.27,8266
243.32,8265
244.01,8264
245.31,8263
245.34,8262
245.36,8261
245.37,8260
245.37,8259
245.57,8258
245.58,8257
245.60,8256
245.60,8255
245.61,8254
245.64,8253
245.64,8252
245.64,8251
245.64,8250
245.65,8249
245.66,8248
245.66,8247
245.67,8246
245.73,8245
245.74,8244
245.76,8243
245.77,8242
245.77,8241
245.77,8240
245.77,8239
245.78,8238
245.84,8237
245.85,8236
246.03,8235
246.04,8234
246.13,8233
247.50,8232
247.51,8231
247.53,8230
247.54,8229
247.55,8228
247.55,8227
247.55,8226
247.56,8225
247.62,8224
247.66,8223
247.67,8222
247.67,8221
247.68,8220
247.71,8219
247.72,8218
247.76,8217
247.81,8216
247.84,8215
247.87,8214
247.88,8213
247.92,8212
247.93,8211
247.95,8210
247.97,8209
247.98,8208
247.98,8207
248.01,8206
248.01,8205
248.01,8204
248.03,8203
248.07,8202
248.08,8201
248.09,8200
248.10,8199
248.11,8198
248.12,8197
248.13,8196
248.13,8195
248.15,8194
248.24,8193
248.25,8192
248.27,8191
248.27,8190
248.39,8189
248.40,8188
248.43,8187
248.44,8186
248.49,8185
252.92,8184
252.92,8183
252.92,8182
252.97,8181
252.98,8180
253.05,8179
253.05,8178
253.29,8177
253.30,8176
253.31,8175
253.31,8174
253.31,8173
253.31,8172
253.33,8171
253.42,8170
253.43,8169
253.47,8168
253.47,8167
253.52,8166
253.54,8165
253.54,8164
253.57,8163
253.65,8162
253.66,8161
253.68,8160
253.73,8159
253.91,8158
253.93,8157
253.93,8156
254.02,8155
254.08,8154
254.10,8153
254.18,8152
254.18,8151
254.62,8150
254.70,8149
254.85,8148
254.86,8147
254.87,8146
256.92,8145
256.99,8144
257.02,8143
257.10,8142
257.10,8141
257.10,8140
257.12,8139
257.58,8138
257.58,8137
257.59,8136
257.69,8135
257.69,8134
257.69,8133
257.69,8132
257.70,8131
257.83,8130
257.84,8129
257.89,8128
259.46,8127
259.47,8126
259.60,8125
259.64,8124
259.73,8123
259.74,8122
259.75,8121
260.96,8120
260.98,8119
261.00,8118
261.07,8117
261.11,8116
261.11,8115
261.12,8114
261.14,8113
261.20,8112
261.29,8111
261.29,8110
261.36,8109
261.37,8108
261.38,8107
261.39,8106
261.39,8105
261.43,8104
261.46,8103
261.46,8102
261.46,8101
261.46,8100
261.47,8099
261.47,8098
261.49,8097
261.49,8096
261.64,8095
261.64,8094
261.69,8093
263.15,8092
267.72,8091
267.78,8090
267.79,8089
267.80,8088
267.81,8087
267.81,8086
269.04,8085
269.06,8084
269.08,8083
269.09,8082
269.10,8081
269.20,8080
269.21,8079
269.21,8078
269.27,8077
269.28,8076
269.30,8075
269.31,8074
269.31,8073
269.31,8072
269.32,8071
269.32,8070
269.34,8069
269.41,8068
269.60,8067
269.60,8066
270.39,8065
270.40,8064
270.43,8063
270.47,8062
271.98,8061
272.03,8060
272.06,8059
272.09,8058
272.14,8057
272.84,8056
273.12,8055
273.32,8054
273.33,8053
273.34,8052
273.46,8051
273.46,8050
273.48,8049
273.48,8048
273.48,8047
273.51,8046
273.59,8045
273.63,8044
273.63,8043
273.68,8042
273.69,8041
273.70,8040
273.77,8039
273.79,8038
273.79,8037
273.81,8036
273.83,8035
273.89,8034
273.90,8033
273.90,8032
274.53,8031
275.67,8030
275.85,8029
276.63,8028
276.63,8027
277.72,8026
277.72,8025
277.73,8024
277.73,8023
277.74,8022
277.75,8021
277.91,8020
277.92,8019
277.92,8018
278.01,8017
278.68,8016
278.74,8015
278.75,8014
278.78,8013
278.79,8012
278.79,8011
278.82,8010
278.84,8009
278.85,8008
278.86,8007
278.87,8006
278.88,8005
278.89,8004
278.91,8003
280.61,8002
280.62,8001
280.62,8000
280.62,7999
280.66,7998
280.75,7997
280.75,7996
280.77,7995
280.81,7994
280.82,7993
280.84,7992
281.54,7991
281.54,7990
281.55,7989
281.58,7988
281.62,7987
281.63,7986
281.71,7985
281.71,7984
281.76,7983
281.80,7982
281.84,7981
283.27,7980
283.27,7979
283.32,7978
283.44,7977
283.45,7976
283.48,7975
283.49,7974
283.49,7973
283.54,7972
283.65,7971
283.65,7970
283.65,7969
284.24,7968
284.24,7967
284.28,7966
284.29,7965
284.31,7964
284.33,7963
284.34,7962
284.38,7961
284.42,7960
284.42,7959
284.43,7958
284.43,7957
284.44,7956
284.52,7955
284.60,7954
284.61,7953
285.72,7952
285.79,7951
285.79,7950
285.92,7949
285.93,7948
285.94,7947
285.96,7946
286.03,7945
286.05,7944
286.59,7943
286.64,7942
286.64,7941
286.66,7940
286.74,7939
286.78,7938
286.78,7937
286.84,7936
286.86,7935
286.86,7934
287.94,7933
287.94,7932
287.94,7931
288.05,7930
288.64,7929
288.67,7928
288.83,7927
289.71,7926
289.73,7925
289.73,7924
289.82,7923
289.82,7922
289.92,7921
291.80,7920
295.65,7919
295.66,7918
295.80,7917
295.81,7916
295.97,7915
295.99,7914
296.09,7913
296.13,7912
296.13,7911
296.18,7910
296.18,7909
296.20,7908
296.20,7907
296.36,7906
296.41,7905
296.48,7904
296.48,7903
296.48,7902
296.53,7901
296.62,7900
296.74,7899
297.19,7898
297.24,7897
297.31,7896
298.12,7895
299.53,7894
299.61,7893
299.62,7892
299.78,7891
299.79,7890
301.50,7889
301.89,7888
301.90,7887
302.46,7886
302.48,7885
302.49,7884
302.49,7883
303.55,7882
304.19,7881
304.19,7880
304.28,7879
304.42,7878
304.43,7877
304.48,7876
304.48,7875
305.16,7874
305.17,7873
305.17,7872
305.18,7871
305.99,7870
306.03,7869
306.07,7868
306.08,7867
306.09,7866
306.14,7865
307.90,7864
307.90,7863
308.05,7862
308.05,7861
308.06,7860
308.10,7859
308.32,7858
308.34,7857
308.35,7856
308.35,7855
308.47,7854
308.48,7853
309.28,7852
309.35,7851
309.36,7850
309.36,7849
309.37,7848
309.46,7847
309.46,7846
309.61,7845
309.78,7844
309.89,7843
309.90,7842
309.93,7841
309.97,7840
310.11,7839
310.12,7838
310.13,7837
310.14,7836
310.14,7835
310.34,7834
310.36,7833
312.38,7832
312.40,7831
312.46,7830
312.50,7829
312.51,7828
312.53,7827
312.53,7826
312.55,7825
312.57,7824
312.61,7823
312.61,7822
312.71,7821
317.25,7820
317.30,7819
318.96,7818
319.20,7817
319.46,7816
319.52,7815
319.58,7814
320.95,7813
321.04,7812
321.06,7811
322.03,7810
322.09,7809
323.65,7808
323.84,7807
323.85,7806
324.74,7805
324.75,7804
325.53,7803
325.54,7802
325.54,7801
326.61,7800
327.39,7799
327.85,7798
327.86,7797
327.87,7796
328.01,7795
328.38,7794
328.41,7793
329.13,7792
329.13,7791
329.13,7790
329.35,7789
329.45,7788
329.97,7787
330.09,7786
330.11,7785
333.43,7784
333.43,7783
333.44,7782
333.47,7781
333.47,7780
334.04,7779
334.12,7778
334.32,7777
334.34,7776
334.44,7775
334.59,7774
334.60,7773
334.61,7772
339.78,7771
339.78,7770
340.52,7769
340.95,7768
341.07,7767
341.48,7766
341.54,7765
341.54,7764
341.63,7763
341.64,7762
341.65,7761
341.68,7760
341.68,7759
341.69,7758
341.70,7757
341.70,7756
341.80,7755
341.92,7754
342.00,7753
342.66,7752
342.75,7751
342.76,7750
342.79,7749
343.28,7748
344.12,7747
344.13,7746
344.29,7745
344.29,7744
345.01,7743
345.06,7742
345.69,7741
345.71,7740
347.30,7739
347.30,7738
347.31,7737
347.31,7736
348.04,7735
348.08,7734
348.11,7733
348.13,7732
348.14,7731
348.20,7730
354.46,7729
354.51,7728
354.55,7727
354.58,7726
354.64,7725
354.65,7724
354.65,7723
354.66,7722
354.69,7721
354.73,7720
354.89,7719
355.39,7718
355.45,7717
355.46,7716
356.97,7715
356.98,7714
357.00,7713
357.13,7712
357.70,7711
363.47,7710
363.77,7709
363.85,7708
364.27,7707
364.29,7706
364.35,7705
364.37,7704
364.42,7703
364.66,7702
364.81,7701
364.85,7700
364.85,7699
366.98,7698
367.02,7697
367.84,7696
367.85,7695
367.85,7694
375.11,7693
376.15,7692
376.17,7691
376.58,7690
378.17,7689
378.28,7688
379.17,7687
379.31,7686
379.32,7685
379.84,7684
379.86,7683
379.93,7682
380.06,7681
380.10,7680
380.11,7679
380.28,7678
380.29,7677
380.29,7676
380.31,7675
380.39,7674
380.54,7673
381.92,7672
381.93,7671
382.60,7670
382.72,7669
382.74,7668
382.79,7667
383.01,7666
389.56,7665
389.63,7664
389.68,7663
389.70,7662
389.72,7661
389.73,7660
389.74,7659
389.86,7658
389.99,7657
390.02,7656
390.03,7655
390.07,7654
390.17,7653
390.22,7652
390.29,7651
390.39,7650
390.48,7649
391.01,7648
391.02,7647
397.27,7646
397.32,7645
397.32,7644
397.86,7643
398.00,7642
402.35,7641
402.53,7640
402.53,7639
403.01,7638
403.02,7637
403.03,7636
403.19,7635
427.84,7634
428.70,7633
428.72,7632
429.89,7631
430.58,7630
430.93,7629
431.10,7628
431.47,7627
431.60,7626
431.61,7625
431.83,7624
431.85,7623
432.21,7622
432.26,7621
432.28,7620
445.04,7619
445.11,7618
445.45,7617
445.72,7616
445.89,7615
446.19,7614
465.23,7613
465.31,7612
465.39,7611
467.69,7610
467.80,7609
468.39,7608
468.73,7607
472.03,7606
472.51,7605
472.52,7604
472.67,7603
472.69,7602
472.72,7601
474.07,7600
474.07,7599
474.14,7598
476.84,7597
477.80,7596
478.01,7595
478.21,7594
478.23,7593
478.33,7592
478.43,7591
479.00,7590
479.59,7589
493.27,7588
493.58,7587
496.06,7586
497.76,7585
497.91,7584
512.36,7583
514.30,7582
515.22,7581
515.26,7580
515.26,7579
515.27,7578
515.41,7577
515.42,7576
515.43,7575
515.44,7574
528.61,7573
528.77,7572
528.77,7571
528.83,7570
528.96,7569
529.04,7568
529.06,7567
530.79,7566
534.55,7565
559.77,7564
559.83,7563
559.83,7562
559.89,7561
559.95,7560
559.98,7559
561.17,7558
562.07,7557
563.25,7556
563.99,7555
564.67,7554
565.36,7553
589.06,7552
589.13,7551
589.17,7550
590.25,7549
590.53,7548
590.62,7547
590.63,7546
590.81,7545
590.93,7544
592.37,7543
594.40,7542
