0.00,8521
3.53,8520
5.17,8519
9.51,8518
13.42,8517
16.37,8516
16.85,8515
17.64,8514
21.55,8513
22.74,8512
25.73,8511
29.88,8510
43.63,8509
49.61,8508
54.00,8507
55.89,8506
72.08,8505
72.80,8504
73.26,8503
80.32,8502
81.27,8501
83.28,8500
86.50,8499
88.44,8498
89.96,8497
91.42,8496
95.37,8495
97.62,8494
103.51,8493
107.54,8492
114.16,8491
114.96,8490
115.68,8489
116.65,8488
126.11,8487
127.32,8486
128.29,8485
133.78,8484
136.69,8483
139.90,8482
141.19,8481
149.33,8480
151.02,8479
156.04,8478
158.77,8477
160.22,8476
163.93,8475
166.20,8474
172.57,8473
173.05,8472
175.08,8471
180.01,8470
182.74,8469
188.72,8468
189.20,8467
190.42,8466
192.43,8465
195.65,8464
198.80,8463
201.07,8462
205.26,8461
206.79,8460
207.51,8459
210.74,8458
213.41,8457
215.42,8456
220.35,8455
227.19,8454
227.67,8453
230.13,8452
231.90,8451
235.02,8450
237.24,8449
237.96,8448
241.62,8447
242.11,8446
245.78,8445
249.69,8444
251.20,8443
254.40,8442
256.78,8441
260.78,8440
261.75,8439
265.17,8438
275.21,8437
276.18,8436
276.90,8435
277.86,8434
280.09,8433
280.56,8432
281.75,8431
283.27,8430
286.46,8429
287.19,8428
288.86,8427
292.77,8426
295.73,8425
298.93,8424
302.36,8423
304.35,8422
306.04,8421
306.51,8420
307.00,8419
311.70,8418
317.77,8417
322.49,8416
327.84,8415
335.41,8414
336.37,8413
337.88,8412
344.06,8411
348.01,8410
348.49,8409
353.67,8408
356.43,8407
361.37,8406
361.85,8405
365.11,8404
368.30,8403
371.25,8402
372.92,8401
373.48,8400
374.91,8399
376.12,8398
378.84,8397
382.02,8396
383.21,8395
384.50,8394
386.16,8393
389.76,8392
391.18,8391
397.51,8390
398.48,8389
400.69,8388
401.63,8387
404.55,8386
407.72,8385
413.32,8384
416.97,8383
417.45,8382
421.57,8381
425.69,8380
428.85,8379
430.28,8378
432.48,8377
435.89,8376
439.06,8375
440.72,8374
442.00,8373
444.12,8372
450.46,8371
456.53,8370
458.65,8369
459.12,8368
463.75,8367
465.64,8366
466.58,8365
469.49,8364
471.70,8363
474.84,8362
476.96,8361
477.74,8360
480.11,8359
480.58,8358
483.29,8357
487.66,8356
492.11,8355
492.82,8354
495.20,8353
497.41,8352
501.76,8351
503.75,8350
506.68,8349
509.76,8348
511.99,8347
512.69,8346
513.71,8345
514.42,8344
518.05,8343
525.11,8342
525.82,8341
530.41,8340
531.12,8339
532.15,8338
532.86,8337
535.78,8336
536.25,8335
539.41,8334
540.59,8333
545.16,8332
547.84,8331
548.78,8330
549.33,8329
552.17,8328
555.08,8327
559.68,8326
561.67,8325
562.62,8324
565.07,8323
567.55,8322
571.89,8321
572.80,8320
576.74,8319
584.71,8318
587.20,8317
588.67,8316
590.51,8315
591.44,8314
592.40,8313
593.72,8312
595.32,8311
596.00,8310
596.88,8309
