0.00,8455
2.66,8454
5.86,8453
8.25,8452
10.80,8451
15.05,8450
18.28,8449
22.37,8448
25.57,8447
28.18,8446
31.40,8445
33.92,8444
34.34,8443
37.13,8442
38.45,8441
39.99,8440
41.09,8439
46.58,8438
57.54,8437
57.95,8436
61.21,8435
64.45,8434
65.08,8433
66.61,8432
67.65,8431
78.52,8430
81.72,8429
86.46,8428
87.29,8427
88.81,8426
91.14,8425
93.29,8424
94.19,8423
95.51,8422
99.15,8421
108.35,8420
121.39,8419
122.85,8418
125.85,8417
128.08,8416
129.82,8415
131.90,8414
136.84,8413
139.65,8412
141.33,8411
147.51,8410
148.37,8409
148.85,8408
150.94,8407
152.05,8406
152.68,8405
153.52,8404
154.57,8403
157.15,8402
160.84,8401
161.53,8400
162.78,8399
165.14,8398
166.60,8397
169.17,8396
170.47,8395
171.99,8394
174.15,8393
175.40,8392
184.19,8391
185.44,8390
186.07,8389
187.18,8388
189.50,8387
191.26,8386
195.95,8385
200.04,8384
202.87,8383
204.33,8382
206.90,8381
210.72,8380
215.69,8379
216.32,8378
218.69,8377
222.93,8376
227.21,8375
228.94,8374
229.57,8373
235.37,8372
237.30,8371
237.72,8370
238.97,8369
243.42,8368
244.11,8367
244.74,8366
251.44,8365
254.42,8364
256.59,8363
258.92,8362
260.44,8361
260.86,8360
264.26,8359
265.51,8358
267.70,8357
269.87,8356
270.49,8355
271.75,8354
272.65,8353
273.07,8352
273.69,8351
276.46,8350
278.14,8349
280.79,8348
282.52,8347
282.94,8346
285.09,8345
289.34,8344
291.55,8343
292.59,8342
295.99,8341
299.60,8340
305.04,8339
309.69,8338
314.46,8337
316.34,8336
317.86,8335
319.79,8334
325.11,8333
328.08,8332
328.49,8331
330.83,8330
333.81,8329
336.26,8328
339.21,8327
341.07,8326
341.49,8325
344.91,8324
351.48,8323
353.95,8322
358.86,8321
361.58,8320
364.53,8319
364.95,8318
367.98,8317
370.78,8316
374.34,8315
376.46,8314
380.70,8313
383.84,8312
385.28,8311
387.60,8310
389.51,8309
390.78,8308
392.10,8307
393.14,8306
394.58,8305
395.25,8304
397.10,8303
397.51,8302
404.38,8301
411.49,8300
415.11,8299
415.72,8298
424.60,8297
425.22,8296
429.87,8295
430.29,8294
433.43,8293
436.24,8292
439.38,8291
442.52,8290
445.88,8289
450.31,8288
450.93,8287
453.24,8286
454.70,8285
456.20,8284
458.31,8283
459.81,8282
461.46,8281
463.58,8280
470.55,8279
474.95,8278
475.97,8277
481.27,8276
484.42,8275
485.48,8274
487.19,8273
490.06,8272
492.87,8271
493.28,8270
496.41,8269
498.93,8268
501.25,8267
503.37,8266
504.87,8265
506.10,8264
507.75,8263
510.27,8262
512.79,8261
516.19,8260
517.21,8259
523.92,8258
526.69,8257
530.24,8256
533.37,8255
535.45,8254
535.88,8253
538.23,8252
542.59,8251
547.31,8250
550.27,8249
551.72,8248
553.16,8247
556.33,8246
559.33,8245
561.85,8244
563.69,8243
564.77,8242
565.79,8241
566.61,8240
567.89,8239
569.32,8238
573.94,8237
577.27,8236
581.23,8235
585.87,8234
587.10,8233
593.61,8232
596.55,8231
596.93,8230
599.59,8229
