0.55,11022
0.55,11021
0.56,11020
0.56,11019
0.57,11018
0.57,11017
0.57,11016
0.57,11015
0.58,11014
0.58,11013
0.58,11012
0.58,11011
0.58,11010
0.59,11009
0.59,11008
0.60,11007
0.60,11006
0.60,11005
0.60,11004
0.60,11003
0.61,11002
0.61,11001
0.61,11000
0.62,10999
0.62,10998
0.63,10997
0.63,10996
0.63,10995
0.63,10994
0.63,10993
0.64,10992
0.64,10991
0.65,10990
0.65,10989
0.65,10988
0.65,10987
0.66,10986
0.66,10985
0.67,10984
0.67,10983
0.67,10982
0.68,10981
0.68,10980
0.68,10979
0.68,10978
0.68,10977
0.69,10976
0.69,10975
0.69,10974
0.69,10973
0.70,10972
0.70,10971
0.71,10970
0.71,10969
0.71,10968
0.72,10967
0.72,10966
0.73,10965
0.73,10964
0.73,10963
0.74,10962
0.74,10961
0.74,10960
0.74,10959
0.74,10958
0.74,10957
0.75,10956
0.75,10955
0.76,10954
0.76,10953
0.76,10952
0.77,10951
0.77,10950
0.77,10949
0.78,10948
0.78,10947
0.79,10946
0.79,10945
0.79,10944
0.79,10943
0.79,10942
0.80,10941
0.80,10940
0.80,10939
0.80,10938
0.81,10937
0.81,10936
0.82,10935
0.82,10934
0.82,10933
0.82,10932
0.82,10931
0.83,10930
0.83,10929
0.83,10928
0.83,10927
0.83,10926
0.84,10925
0.84,10924
0.84,10923
0.85,10922
0.85,10921
0.85,10920
0.85,10919
0.85,10918
0.86,10917
0.86,10916
0.86,10915
0.87,10914
0.87,10913
0.87,10912
0.88,10911
0.88,10910
0.88,10909
0.88,10908
0.88,10907
0.88,10906
0.89,10905
0.89,10904
0.89,10903
0.90,10902
0.90,10901
0.90,10900
0.91,10899
0.91,10898
0.92,10897
0.92,10896
0.93,10895
0.93,10894
0.93,10893
0.94,10892
0.94,10891
0.95,10890
0.95,10889
0.96,10888
0.97,10887
0.97,10886
0.97,10885
0.98,10884
0.98,10883
0.98,10882
0.99,10881
0.99,10880
0.99,10879
0.99,10878
1.00,10877
1.00,10876
1.00,10875
1.02,10874
1.02,10873
1.03,10872
1.03,10871
1.04,10870
1.04,10869
1.04,10868
1.05,10867
1.05,10866
1.06,10865
1.06,10864
1.08,10863
1.08,10862
1.08,10861
1.08,10860
1.09,10859
1.10,10858
1.10,10857
1.10,10856
1.11,10855
1.11,10854
1.11,10853
1.11,10852
1.11,10851
1.11,10850
1.11,10849
1.11,10848
1.12,10847
1.13,10846
1.13,10845
1.13,10844
1.13,10843
1.14,10842
1.15,10841
1.15,10840
1.15,10839
1.15,10838
1.15,10837
1.16,10836
1.16,10835
1.17,10834
1.17,10833
1.18,10832
1.18,10831
1.18,10830
1.19,10829
1.19,10828
1.19,10827
1.20,10826
1.21,10825
1.22,10824
1.22,10823
1.22,10822
1.22,10821
1.23,10820
1.23,10819
1.23,10818
1.24,10817
1.24,10816
1.24,10815
1.25,10814
1.25,10813
1.26,10812
1.26,10811
1.27,10810
1.27,10809
1.27,10808
1.28,10807
1.28,10806
1.29,10805
1.31,10804
1.32,10803
1.32,10802
1.33,10801
1.33,10800
1.34,10799
1.35,10798
1.35,10797
1.36,10796
1.37,10795
1.37,10794
1.37,10793
1.37,10792
1.37,10791
1.37,10790
1.37,10789
1.37,10788
1.38,10787
1.38,10786
1.38,10785
1.38,10784
1.38,10783
1.39,10782
1.39,10781
1.40,10780
1.40,10779
1.41,10778
1.42,10777
1.42,10776
1.43,10775
1.44,10774
1.44,10773
1.44,10772
1.47,10771
1.48,10770
1.49,10769
1.49,10768
1.51,10767
1.51,10766
1.51,10765
1.52,10764
1.54,10763
1.54,10762
1.54,10761
1.55,10760
1.55,10759
1.55,10758
1.55,10757
1.55,10756
1.56,10755
1.56,10754
1.56,10753
1.57,10752
1.57,10751
1.59,10750
1.59,10749
1.59,10748
1.60,10747
1.61,10746
1.61,10745
1.61,10744
1.61,10743
1.62,10742
1.62,10741
1.63,10740
1.63,10739
1.63,10738
1.63,10737
1.64,10736
1.64,10735
1.64,10734
1.64,10733
1.66,10732
1.68,10731
1.68,10730
1.69,10729
1.69,10728
1.73,10727
1.73,10726
1.73,10725
1.73,10724
1.73,10723
1.73,10722
1.74,10721
1.76,10720
1.77,10719
1.77,10718
1.79,10717
1.80,10716
1.80,10715
1.81,10714
1.81,10713
1.81,10712
1.81,10711
1.81,10710
1.81,10709
1.81,10708
1.81,10707
1.81,10706
1.82,10705
1.82,10704
1.83,10703
1.83,10702
1.85,10701
1.86,10700
1.87,10699
1.87,10698
1.87,10697
1.88,10696
1.88,10695
1.88,10694
1.88,10693
1.88,10692
1.89,10691
1.89,10690
1.90,10689
1.90,10688
1.90,10687
1.94,10686
1.94,10685
1.94,10684
1.94,10683
1.94,10682
1.96,10681
1.96,10680
1.98,10679
1.98,10678
1.98,10677
1.98,10676
1.98,10675
2.00,10674
2.00,10673
2.00,10672
2.01,10671
2.05,10670
2.05,10669
2.06,10668
2.07,10667
2.07,10666
2.08,10665
2.08,10664
2.08,10663
2.08,10662
2.08,10661
2.08,10660
2.09,10659
2.09,10658
2.10,10657
2.10,10656
2.11,10655
2.11,10654
2.16,10653
2.16,10652
2.16,10651
2.16,10650
2.17,10649
2.17,10648
2.18,10647
2.19,10646
2.19,10645
2.19,10644
2.20,10643
2.20,10642
2.20,10641
2.21,10640
2.22,10639
2.22,10638
2.23,10637
2.24,10636
2.24,10635
2.24,10634
2.26,10633
2.26,10632
2.27,10631
2.27,10630
2.27,10629
2.28,10628
2.28,10627
2.30,10626
2.30,10625
2.31,10624
2.32,10623
2.32,10622
2.34,10621
2.34,10620
2.35,10619
2.35,10618
2.36,10617
2.36,10616
2.36,10615
2.36,10614
2.36,10613
2.36,10612
2.37,10611
2.37,10610
2.37,10609
2.38,10608
2.39,10607
2.39,10606
2.39,10605
2.42,10604
2.45,10603
2.45,10602
2.45,10601
2.46,10600
2.46,10599
2.47,10598
2.48,10597
2.48,10596
2.49,10595
2.49,10594
2.52,10593
2.52,10592
2.52,10591
2.52,10590
2.54,10589
2.54,10588
2.54,10587
2.56,10586
2.63,10585
2.64,10584
2.67,10583
2.68,10582
2.68,10581
2.68,10580
2.68,10579
2.70,10578
2.70,10577
2.70,10576
2.70,10575
2.70,10574
2.70,10573
2.71,10572
2.71,10571
2.71,10570
2.72,10569
2.72,10568
2.72,10567
2.72,10566
2.73,10565
2.74,10564
2.76,10563
2.78,10562
2.78,10561
2.79,10560
2.79,10559
2.83,10558
2.83,10557
2.83,10556
2.84,10555
2.85,10554
2.85,10553
2.85,10552
2.86,10551
2.88,10550
2.89,10549
2.89,10548
2.89,10547
2.91,10546
2.91,10545
2.93,10544
2.95,10543
2.95,10542
3.01,10541
3.01,10540
3.03,10539
3.04,10538
3.04,10537
3.05,10536
3.06,10535
3.06,10534
3.11,10533
3.12,10532
3.12,10531
3.14,10530
3.14,10529
3.17,10528
3.17,10527
3.17,10526
3.18,10525
3.19,10524
3.19,10523
3.19,10522
3.19,10521
3.21,10520
3.21,10519
3.21,10518
3.21,10517
3.24,10516
3.24,10515
3.24,10514
3.24,10513
3.25,10512
3.26,10511
3.26,10510
3.26,10509
3.26,10508
3.26,10507
3.26,10506
3.26,10505
3.27,10504
3.27,10503
3.27,10502
3.31,10501
3.33,10500
3.34,10499
3.34,10498
3.35,10497
3.35,10496
3.40,10495
3.40,10494
3.40,10493
3.40,10492
3.41,10491
3.41,10490
3.42,10489
3.42,10488
3.42,10487
3.42,10486
3.42,10485
3.42,10484
3.42,10483
3.42,10482
3.45,10481
3.47,10480
3.47,10479
3.47,10478
3.48,10477
3.48,10476
3.48,10475
3.48,10474
3.49,10473
3.49,10472
3.49,10471
3.49,10470
3.56,10469
3.56,10468
3.56,10467
3.56,10466
3.56,10465
3.56,10464
3.56,10463
3.59,10462
3.59,10461
3.61,10460
3.69,10459
3.70,10458
3.70,10457
3.70,10456
3.71,10455
3.71,10454
3.71,10453
3.72,10452
3.72,10451
3.72,10450
3.72,10449
3.72,10448
3.72,10447
3.73,10446
3.73,10445
3.73,10444
3.73,10443
3.73,10442
3.73,10441
3.74,10440
3.74,10439
3.74,10438
3.75,10437
3.75,10436
3.76,10435
3.76,10434
3.78,10433
3.82,10432
3.82,10431
3.83,10430
3.83,10429
3.84,10428
3.86,10427
3.86,10426
3.86,10425
3.89,10424
3.96,10423
3.96,10422
3.99,10421
3.99,10420
3.99,10419
4.01,10418
4.01,10417
4.01,10416
4.01,10415
4.02,10414
4.02,10413
4.02,10412
4.02,10411
4.05,10410
4.06,10409
4.06,10408
4.11,10407
4.11,10406
4.12,10405
4.13,10404
4.13,10403
4.14,10402
4.14,10401
4.14,10400
4.15,10399
4.50,10398
4.51,10397
4.51,10396
4.51,10395
4.54,10394
4.54,10393
4.54,10392
4.54,10391
4.54,10390
4.55,10389
4.56,10388
4.56,10387
4.57,10386
4.58,10385
4.58,10384
4.61,10383
4.62,10382
4.63,10381
4.63,10380
4.65,10379
4.65,10378
4.65,10377
4.65,10376
4.65,10375
4.66,10374
4.67,10373
4.68,10372
4.68,10371
4.68,10370
4.68,10369
4.68,10368
4.68,10367
4.68,10366
4.69,10365
4.69,10364
4.70,10363
4.70,10362
4.71,10361
4.71,10360
4.72,10359
4.78,10358
4.79,10357
4.79,10356
4.80,10355
4.80,10354
4.80,10353
4.81,10352
4.85,10351
4.87,10350
4.87,10349
4.87,10348
4.89,10347
4.90,10346
4.90,10345
4.90,10344
4.90,10343
4.92,10342
4.94,10341
4.94,10340
4.94,10339
4.94,10338
4.95,10337
4.95,10336
4.95,10335
4.96,10334
4.96,10333
4.97,10332
4.97,10331
4.97,10330
4.98,10329
4.99,10328
4.99,10327
5.00,10326
5.02,10325
5.03,10324
5.08,10323
5.09,10322
5.09,10321
5.11,10320
5.11,10319
5.12,10318
5.12,10317
5.12,10316
5.12,10315
5.22,10314
5.22,10313
5.23,10312
5.23,10311
5.24,10310
5.24,10309
5.24,10308
5.24,10307
5.25,10306
5.26,10305
5.27,10304
5.28,10303
5.28,10302
5.35,10301
5.35,10300
5.35,10299
5.37,10298
5.40,10297
5.46,10296
5.46,10295
5.46,10294
5.51,10293
5.51,10292
5.53,10291
5.55,10290
5.57,10289
5.57,10288
5.57,10287
5.58,10286
5.58,10285
5.59,10284
5.59,10283
5.59,10282
5.59,10281
5.65,10280
5.66,10279
5.66,10278
5.68,10277
5.68,10276
5.69,10275
5.70,10274
5.70,10273
5.71,10272
5.71,10271
5.71,10270
5.73,10269
6.54,10268
6.54,10267
6.54,10266
6.54,10265
6.55,10264
6.56,10263
6.62,10262
6.68,10261
6.68,10260
6.69,10259
6.69,10258
6.69,10257
6.70,10256
6.70,10255
6.75,10254
6.75,10253
6.75,10252
6.75,10251
6.75,10250
6.81,10249
6.85,10248
6.85,10247
6.85,10246
6.86,10245
6.86,10244
6.86,10243
6.86,10242
6.86,10241
6.87,10240
6.87,10239
6.88,10238
6.88,10237
6.88,10236
6.89,10235
6.89,10234
6.92,10233
6.92,10232
6.93,10231
6.93,10230
6.93,10229
6.94,10228
6.96,10227
6.97,10226
6.97,10225
6.99,10224
6.99,10223
6.99,10222
6.99,10221
7.00,10220
7.00,10219
7.00,10218
7.00,10217
7.00,10216
7.01,10215
7.01,10214
7.01,10213
7.03,10212
7.03,10211
7.03,10210
7.04,10209
7.04,10208
7.04,10207
7.04,10206
7.04,10205
7.07,10204
7.07,10203
7.08,10202
7.08,10201
7.08,10200
7.09,10199
7.10,10198
7.10,10197
7.11,10196
7.11,10195
7.11,10194
7.11,10193
7.11,10192
7.19,10191
7.19,10190
7.19,10189
7.19,10188
7.24,10187
7.24,10186
7.25,10185
7.25,10184
7.25,10183
7.25,10182
7.26,10181
7.26,10180
7.26,10179
7.27,10178
7.29,10177
7.30,10176
7.35,10175
7.38,10174
7.38,10173
7.51,10172
7.52,10171
7.57,10170
7.59,10169
7.59,10168
7.63,10167
7.64,10166
7.64,10165
7.65,10164
7.65,10163
7.65,10162
7.68,10161
7.68,10160
7.69,10159
7.89,10158
7.89,10157
7.89,10156
8.08,10155
8.08,10154
8.08,10153
8.20,10152
8.23,10151
8.24,10150
8.25,10149
8.38,10148
8.52,10147
8.53,10146
8.53,10145
8.58,10144
8.59,10143
8.59,10142
8.60,10141
8.63,10140
8.63,10139
8.63,10138
8.65,10137
8.65,10136
8.65,10135
8.69,10134
8.73,10133
8.81,10132
8.81,10131
8.81,10130
8.81,10129
9.67,10128
9.68,10127
9.68,10126
9.76,10125
9.76,10124
9.76,10123
9.76,10122
9.76,10121
9.84,10120
9.90,10119
9.90,10118
9.91,10117
9.91,10116
9.93,10115
9.93,10114
9.93,10113
9.93,10112
9.95,10111
9.96,10110
9.96,10109
10.00,10108
10.00,10107
10.00,10106
10.36,10105
10.36,10104
10.36,10103
10.36,10102
10.37,10101
10.38,10100
10.40,10099
10.40,10098
10.40,10097
10.40,10096
10.58,10095
10.58,10094
10.61,10093
10.63,10092
10.66,10091
10.66,10090
10.68,10089
10.81,10088
10.82,10087
10.83,10086
10.83,10085
10.83,10084
10.83,10083
10.83,10082
10.86,10081
10.87,10080
10.87,10079
10.88,10078
10.88,10077
10.88,10076
10.97,10075
10.97,10074
10.97,10073
10.97,10072
10.98,10071
10.98,10070
10.98,10069
10.99,10068
10.99,10067
11.04,10066
11.04,10065
11.04,10064
11.04,10063
11.05,10062
11.05,10061
11.06,10060
11.06,10059
11.06,10058
11.07,10057
11.08,10056
11.08,10055
11.14,10054
11.14,10053
11.14,10052
11.14,10051
11.14,10050
11.14,10049
11.14,10048
11.14,10047
11.15,10046
11.15,10045
11.16,10044
11.17,10043
11.17,10042
11.30,10041
11.30,10040
11.31,10039
11.67,10038
11.68,10037
11.68,10036
11.69,10035
11.74,10034
11.75,10033
11.75,10032
11.95,10031
11.95,10030
11.95,10029
12.00,10028
12.00,10027
12.00,10026
12.12,10025
12.12,10024
12.13,10023
12.13,10022
12.26,10021
12.26,10020
12.26,10019
12.38,10018
12.38,10017
12.38,10016
12.45,10015
12.46,10014
12.46,10013
12.46,10012
12.49,10011
12.49,10010
12.49,10009
12.50,10008
12.50,10007
12.50,10006
12.50,10005
12.53,10004
12.56,10003
12.61,10002
12.62,10001
12.65,10000
12.66,9999
12.66,9998
12.66,9997
12.66,9996
12.67,9995
12.67,9994
12.67,9993
12.69,9992
12.69,9991
12.69,9990
12.73,9989
12.73,9988
12.73,9987
12.74,9986
12.75,9985
12.76,9984
12.76,9983
12.77,9982
12.77,9981
12.77,9980
12.78,9979
12.78,9978
12.81,9977
12.85,9976
13.00,9975
13.00,9974
13.04,9973
13.04,9972
13.05,9971
13.05,9970
13.05,9969
13.05,9968
13.06,9967
13.06,9966
13.07,9965
13.07,9964
13.07,9963
13.07,9962
13.07,9961
13.11,9960
13.11,9959
13.22,9958
13.23,9957
13.23,9956
13.23,9955
13.24,9954
13.25,9953
13.25,9952
13.25,9951
13.25,9950
13.25,9949
13.25,9948
13.50,9947
13.50,9946
13.50,9945
13.50,9944
13.52,9943
13.52,9942
13.52,9941
13.53,9940
13.55,9939
13.71,9938
13.72,9937
13.73,9936
13.73,9935
13.76,9934
13.76,9933
14.10,9932
14.10,9931
14.10,9930
14.10,9929
14.17,9928
14.21,9927
14.21,9926
14.21,9925
14.22,9924
14.22,9923
14.22,9922
14.40,9921
14.40,9920
14.50,9919
14.50,9918
14.53,9917
14.53,9916
14.53,9915
14.57,9914
14.59,9913
14.60,9912
14.60,9911
14.61,9910
14.61,9909
14.62,9908
14.62,9907
14.92,9906
14.96,9905
14.96,9904
14.96,9903
14.96,9902
14.97,9901
15.01,9900
16.96,9899
16.96,9898
17.08,9897
17.09,9896
17.09,9895
17.10,9894
17.11,9893
17.11,9892
17.11,9891
17.18,9890
17.18,9889
17.18,9888
17.21,9887
17.22,9886
17.48,9885
17.49,9884
17.50,9883
17.50,9882
17.51,9881
17.53,9880
17.53,9879
17.54,9878
17.54,9877
17.55,9876
17.66,9875
17.66,9874
17.67,9873
17.68,9872
17.70,9871
18.04,9870
18.05,9869
18.06,9868
18.67,9867
18.80,9866
18.80,9865
18.80,9864
18.80,9863
18.80,9862
18.81,9861
18.81,9860
18.81,9859
18.82,9858
18.89,9857
18.90,9856
18.90,9855
18.95,9854
18.95,9853
18.95,9852
18.95,9851
18.96,9850
18.96,9849
18.96,9848
18.96,9847
18.96,9846
18.97,9845
18.97,9844
18.97,9843
19.00,9842
19.00,9841
19.02,9840
19.16,9839
19.16,9838
19.16,9837
19.17,9836
19.17,9835
19.19,9834
19.19,9833
19.21,9832
19.38,9831
19.39,9830
19.39,9829
19.39,9828
19.41,9827
19.41,9826
19.54,9825
20.16,9824
20.16,9823
20.16,9822
20.27,9821
20.27,9820
20.27,9819
20.28,9818
21.69,9817
21.69,9816
21.73,9815
21.73,9814
21.73,9813
21.73,9812
21.73,9811
21.74,9810
21.74,9809
21.74,9808
21.74,9807
21.75,9806
21.76,9805
21.77,9804
21.79,9803
21.87,9802
26.53,9801
26.54,9800
26.65,9799
26.65,9798
26.70,9797
26.84,9796
27.17,9795
27.18,9794
27.19,9793
27.20,9792
27.21,9791
27.27,9790
27.27,9789
27.30,9788
27.30,9787
27.31,9786
27.32,9785
27.33,9784
27.59,9783
27.59,9782
27.59,9781
27.60,9780
27.63,9779
27.63,9778
27.79,9777
27.79,9776
27.79,9775
27.79,9774
27.81,9773
27.82,9772
27.82,9771
27.82,9770
27.84,9769
27.90,9768
27.90,9767
27.91,9766
28.08,9765
28.38,9764
28.38,9763
28.39,9762
28.58,9761
28.59,9760
28.60,9759
28.60,9758
28.62,9757
28.75,9756
28.76,9755
28.77,9754
28.77,9753
28.77,9752
28.79,9751
28.79,9750
28.79,9749
28.79,9748
28.79,9747
28.79,9746
28.79,9745
28.81,9744
28.81,9743
28.81,9742
28.88,9741
28.91,9740
28.92,9739
28.93,9738
28.93,9737
28.93,9736
28.94,9735
28.94,9734
28.94,9733
28.94,9732
28.95,9731
28.96,9730
28.96,9729
28.96,9728
29.22,9727
29.30,9726
29.43,9725
29.73,9724
29.73,9723
29.80,9722
29.81,9721
29.82,9720
29.82,9719
29.82,9718
29.82,9717
29.83,9716
29.87,9715
29.88,9714
29.92,9713
29.95,9712
29.96,9711
29.97,9710
35.13,9709
35.15,9708
35.18,9707
35.21,9706
35.24,9705
35.26,9704
35.26,9703
35.27,9702
35.27,9701
35.28,9700
35.31,9699
35.32,9698
35.35,9697
35.35,9696
35.36,9695
35.36,9694
35.36,9693
42.69,9692
42.73,9691
42.73,9690
44.62,9689
44.62,9688
44.70,9687
44.84,9686
44.84,9685
44.87,9684
44.89,9683
44.89,9682
44.93,9681
44.97,9680
44.97,9679
44.97,9678
44.97,9677
45.12,9676
45.14,9675
45.14,9674
45.14,9673
45.14,9672
59.39,9671
59.39,9670
59.40,9669
59.40,9668
59.46,9667
59.46,9666
59.46,9665
59.46,9664
60.09,9663
60.09,9662
60.10,9661
60.10,9660
60.10,9659
60.10,9658
73.53,9657
73.54,9656
78.21,9655
78.21,9654
78.21,9653
78.21,9652
78.21,9651
78.22,9650
78.22,9649
78.22,9648
78.27,9647
78.27,9646
78.27,9645
78.27,9644
78.27,9643
78.28,9642
78.28,9641
78.66,9640
79.97,9639
79.97,9638
82.33,9637
82.38,9636
82.49,9635
82.49,9634
82.50,9633
82.53,9632
82.53,9631
87.21,9630
87.24,9629
87.25,9628
87.26,9627
87.27,9626
87.27,9625
87.27,9624
87.28,9623
87.28,9622
87.28,9621
87.29,9620
87.29,9619
87.31,9618
87.32,9617
87.32,9616
87.32,9615
87.33,9614
87.33,9613
87.33,9612
87.33,9611
87.33,9610
87.33,9609
87.33,9608
87.34,9607
87.34,9606
87.35,9605
87.40,9604
87.41,9603
87.52,9602
87.52,9601
88.52,9600
88.54,9599
88.55,9598
88.56,9597
88.66,9596
88.67,9595
88.89,9594
88.91,9593
88.92,9592
88.95,9591
89.14,9590
89.14,9589
97.96,9588
97.96,9587
97.97,9586
97.98,9585
98.20,9584
98.20,9583
98.20,9582
98.20,9581
98.20,9580
98.21,9579
98.22,9578
98.22,9577
98.23,9576
98.23,9575
98.23,9574
104.84,9573
104.85,9572
104.87,9571
105.07,9570
105.12,9569
105.13,9568
105.13,9567
105.14,9566
105.20,9565
105.22,9564
105.22,9563
105.38,9562
105.42,9561
121.36,9560
121.40,9559
121.54,9558
121.71,9557
121.72,9556
121.72,9555
121.72,9554
121.72,9553
121.74,9552
121.74,9551
121.74,9550
121.74,9549
121.74,9548
121.75,9547
122.60,9546
122.62,9545
122.62,9544
125.21,9543
125.30,9542
125.30,9541
125.31,9540
125.31,9539
125.34,9538
126.15,9537
126.15,9536
126.15,9535
126.15,9534
126.15,9533
126.15,9532
126.22,9531
126.34,9530
126.34,9529
126.37,9528
126.51,9527
126.66,9526
126.78,9525
126.78,9524
127.16,9523
127.16,9522
127.29,9521
127.29,9520
127.29,9519
127.29,9518
128.36,9517
128.36,9516
128.36,9515
128.39,9514
128.40,9513
128.44,9512
128.45,9511
128.45,9510
131.26,9509
131.35,9508
131.39,9507
131.45,9506
131.45,9505
131.46,9504
131.46,9503
131.46,9502
131.47,9501
131.48,9500
131.49,9499
132.09,9498
132.22,9497
132.23,9496
132.23,9495
132.23,9494
132.23,9493
132.23,9492
132.23,9491
132.23,9490
132.29,9489
132.29,9488
132.30,9487
132.30,9486
132.33,9485
132.38,9484
132.45,9483
132.48,9482
132.48,9481
132.48,9480
132.49,9479
133.64,9478
133.69,9477
133.99,9476
133.99,9475
134.00,9474
134.02,9473
134.04,9472
134.06,9471
134.06,9470
134.06,9469
134.31,9468
134.31,9467
134.31,9466
134.31,9465
134.32,9464
134.32,9463
138.71,9462
138.75,9461
138.76,9460
138.76,9459
138.76,9458
138.76,9457
138.78,9456
138.79,9455
138.79,9454
138.89,9453
138.91,9452
138.92,9451
138.92,9450
138.95,9449
138.95,9448
139.29,9447
139.37,9446
139.37,9445
139.38,9444
139.39,9443
139.42,9442
139.54,9441
139.61,9440
139.70,9439
139.70,9438
139.70,9437
139.81,9436
139.81,9435
139.84,9434
139.85,9433
139.85,9432
139.86,9431
139.86,9430
139.90,9429
140.35,9428
140.37,9427
140.37,9426
140.38,9425
140.38,9424
140.38,9423
140.39,9422
140.40,9421
140.40,9420
140.41,9419
140.42,9418
140.42,9417
142.13,9416
142.14,9415
143.37,9414
143.37,9413
143.58,9412
143.58,9411
143.68,9410
143.68,9409
143.68,9408
143.68,9407
143.68,9406
143.68,9405
143.69,9404
143.69,9403
143.69,9402
143.69,9401
143.73,9400
143.75,9399
143.75,9398
143.76,9397
143.76,9396
143.76,9395
143.76,9394
143.76,9393
143.76,9392
143.77,9391
143.80,9390
143.80,9389
143.81,9388
143.81,9387
143.83,9386
143.83,9385
143.83,9384
143.84,9383
143.92,9382
143.93,9381
143.93,9380
143.96,9379
143.97,9378
143.97,9377
144.00,9376
144.00,9375
144.01,9374
144.24,9373
144.24,9372
144.24,9371
144.24,9370
144.24,9369
157.33,9368
157.34,9367
157.34,9366
157.41,9365
157.42,9364
157.43,9363
157.94,9362
157.94,9361
157.94,9360
157.95,9359
157.95,9358
157.97,9357
158.01,9356
158.01,9355
158.02,9354
158.02,9353
158.03,9352
158.03,9351
158.03,9350
158.04,9349
158.06,9348
158.25,9347
158.25,9346
158.25,9345
158.26,9344
158.26,9343
158.29,9342
158.30,9341
158.33,9340
158.35,9339
158.35,9338
158.35,9337
158.35,9336
158.40,9335
158.43,9334
159.25,9333
159.26,9332
159.26,9331
159.85,9330
159.85,9329
159.85,9328
159.85,9327
159.85,9326
159.86,9325
161.01,9324
161.03,9323
161.03,9322
161.04,9321
161.04,9320
161.04,9319
161.17,9318
161.18,9317
161.19,9316
161.20,9315
161.50,9314
162.29,9313
162.32,9312
162.45,9311
162.45,9310
162.50,9309
162.50,9308
162.51,9307
162.51,9306
162.74,9305
162.74,9304
162.74,9303
162.75,9302
162.79,9301
162.84,9300
162.92,9299
162.94,9298
162.94,9297
162.97,9296
163.13,9295
163.13,9294
163.14,9293
163.14,9292
163.40,9291
163.99,9290
164.00,9289
164.00,9288
164.00,9287
164.01,9286
164.01,9285
164.26,9284
164.27,9283
164.27,9282
164.30,9281
164.51,9280
164.53,9279
164.53,9278
164.53,9277
164.53,9276
164.53,9275
165.18,9274
165.18,9273
165.18,9272
165.18,9271
165.20,9270
165.22,9269
165.22,9268
165.23,9267
165.23,9266
165.25,9265
165.82,9264
165.83,9263
165.83,9262
165.83,9261
165.85,9260
165.85,9259
165.85,9258
166.65,9257
166.65,9256
166.65,9255
166.66,9254
166.66,9253
166.70,9252
166.77,9251
166.77,9250
166.78,9249
166.78,9248
166.79,9247
166.79,9246
166.79,9245
167.26,9244
167.26,9243
167.27,9242
167.27,9241
167.29,9240
167.29,9239
167.38,9238
167.38,9237
167.38,9236
167.40,9235
167.45,9234
167.48,9233
167.51,9232
167.54,9231
167.62,9230
167.67,9229
167.67,9228
168.05,9227
168.05,9226
168.05,9225
168.06,9224
168.06,9223
170.31,9222
170.32,9221
170.32,9220
170.32,9219
170.33,9218
170.35,9217
170.36,9216
170.36,9215
170.37,9214
170.37,9213
170.37,9212
170.42,9211
173.15,9210
173.15,9209
173.20,9208
173.33,9207
173.80,9206
173.81,9205
173.96,9204
173.97,9203
174.01,9202
174.02,9201
174.04,9200
174.09,9199
174.10,9198
174.10,9197
174.45,9196
174.58,9195
174.65,9194
174.66,9193
174.66,9192
174.72,9191
174.73,9190
174.73,9189
174.88,9188
174.93,9187
174.93,9186
175.06,9185
175.08,9184
175.10,9183
175.17,9182
175.17,9181
175.18,9180
175.18,9179
175.18,9178
175.19,9177
176.35,9176
177.49,9175
177.51,9174
177.51,9173
177.51,9172
177.51,9171
177.52,9170
177.52,9169
177.56,9168
177.57,9167
177.57,9166
177.58,9165
177.58,9164
177.66,9163
177.77,9162
177.78,9161
177.84,9160
177.84,9159
177.84,9158
177.84,9157
178.04,9156
178.04,9155
178.05,9154
178.05,9153
178.16,9152
178.16,9151
178.16,9150
178.16,9149
178.16,9148
178.26,9147
178.26,9146
178.26,9145
178.27,9144
178.28,9143
178.34,9142
178.52,9141
178.52,9140
178.52,9139
178.53,9138
178.65,9137
178.87,9136
178.87,9135
178.91,9134
178.92,9133
178.92,9132
178.92,9131
178.93,9130
178.94,9129
178.96,9128
178.97,9127
178.97,9126
178.98,9125
179.10,9124
179.11,9123
179.23,9122
179.24,9121
179.24,9120
179.34,9119
179.34,9118
179.34,9117
179.34,9116
179.34,9115
179.35,9114
179.51,9113
179.51,9112
179.52,9111
179.53,9110
179.53,9109
179.54,9108
179.54,9107
179.55,9106
180.02,9105
180.03,9104
180.03,9103
180.05,9102
180.05,9101
180.06,9100
180.08,9099
180.08,9098
180.08,9097
180.08,9096
180.09,9095
180.09,9094
180.11,9093
180.15,9092
180.16,9091
180.17,9090
180.17,9089
180.23,9088
180.24,9087
180.25,9086
180.25,9085
180.25,9084
180.26,9083
180.32,9082
180.33,9081
180.33,9080
180.33,9079
180.37,9078
180.37,9077
180.39,9076
180.44,9075
181.05,9074
181.05,9073
181.06,9072
181.21,9071
181.23,9070
181.24,9069
181.24,9068
181.24,9067
181.37,9066
181.38,9065
181.38,9064
181.39,9063
181.95,9062
181.95,9061
181.95,9060
181.95,9059
181.96,9058
182.22,9057
182.22,9056
182.22,9055
182.23,9054
182.70,9053
182.71,9052
182.71,9051
182.71,9050
182.86,9049
182.86,9048
182.88,9047
182.99,9046
182.99,9045
183.02,9044
183.02,9043
183.02,9042
183.03,9041
183.03,9040
183.05,9039
183.10,9038
183.10,9037
183.19,9036
183.19,9035
183.19,9034
183.19,9033
183.19,9032
183.19,9031
183.23,9030
183.23,9029
183.23,9028
183.23,9027
183.33,9026
183.33,9025
183.34,9024
183.34,9023
183.34,9022
183.34,9021
183.34,9020
183.37,9019
183.37,9018
184.85,9017
185.10,9016
185.12,9015
185.13,9014
185.14,9013
185.65,9012
185.65,9011
185.65,9010
185.67,9009
185.67,9008
185.68,9007
185.68,9006
185.69,9005
185.70,9004
185.97,9003
185.97,9002
185.97,9001
185.99,9000
185.99,8999
185.99,8998
185.99,8997
185.99,8996
185.99,8995
185.99,8994
185.99,8993
186.00,8992
186.00,8991
186.00,8990
186.00,8989
186.01,8988
186.02,8987
186.02,8986
186.53,8985
186.54,8984
186.63,8983
186.64,8982
187.18,8981
187.19,8980
187.20,8979
187.21,8978
187.21,8977
187.21,8976
187.71,8975
187.71,8974
189.61,8973
189.64,8972
189.85,8971
189.85,8970
190.09,8969
190.62,8968
190.66,8967
190.69,8966
190.69,8965
190.69,8964
190.69,8963
190.69,8962
190.71,8961
190.71,8960
190.72,8959
190.72,8958
190.73,8957
190.77,8956
190.96,8955
190.97,8954
191.14,8953
191.14,8952
191.15,8951
191.16,8950
191.17,8949
191.19,8948
191.22,8947
191.29,8946
191.41,8945
191.41,8944
191.43,8943
191.46,8942
191.51,8941
191.51,8940
191.71,8939
191.72,8938
191.73,8937
191.73,8936
191.74,8935
191.77,8934
192.27,8933
192.28,8932
193.17,8931
193.17,8930
193.17,8929
193.24,8928
193.39,8927
193.40,8926
193.40,8925
195.10,8924
196.02,8923
196.03,8922
196.03,8921
196.27,8920
196.27,8919
196.30,8918
196.30,8917
196.31,8916
196.33,8915
196.34,8914
196.34,8913
196.40,8912
196.41,8911
196.41,8910
196.42,8909
196.42,8908
196.43,8907
196.48,8906
196.49,8905
196.53,8904
196.54,8903
196.54,8902
196.55,8901
196.56,8900
196.56,8899
196.57,8898
196.64,8897
196.64,8896
196.65,8895
196.65,8894
196.65,8893
196.65,8892
196.65,8891
196.65,8890
196.66,8889
196.67,8888
196.69,8887
196.70,8886
196.70,8885
197.82,8884
197.84,8883
197.84,8882
197.84,8881
197.85,8880
197.87,8879
197.95,8878
197.96,8877
197.96,8876
197.96,8875
197.96,8874
197.97,8873
198.00,8872
198.00,8871
198.01,8870
198.01,8869
198.08,8868
198.20,8867
198.23,8866
198.28,8865
198.28,8864
198.29,8863
198.29,8862
198.34,8861
198.37,8860
198.37,8859
198.37,8858
198.37,8857
198.39,8856
198.39,8855
198.40,8854
198.40,8853
198.40,8852
198.43,8851
198.43,8850
198.44,8849
198.45,8848
198.45,8847
198.46,8846
198.47,8845
198.87,8844
198.87,8843
198.87,8842
198.90,8841
198.91,8840
198.93,8839
198.95,8838
198.98,8837
198.98,8836
198.99,8835
198.99,8834
199.01,8833
199.01,8832
199.05,8831
199.07,8830
199.07,8829
199.90,8828
199.96,8827
200.04,8826
200.05,8825
200.07,8824
200.07,8823
200.07,8822
200.07,8821
200.08,8820
200.08,8819
200.09,8818
200.09,8817
200.12,8816
200.13,8815
200.14,8814
200.14,8813
200.16,8812
200.18,8811
200.20,8810
200.21,8809
202.19,8808
202.20,8807
202.21,8806
202.21,8805
202.22,8804
202.25,8803
202.25,8802
202.41,8801
202.41,8800
202.42,8799
202.42,8798
202.43,8797
202.44,8796
202.45,8795
202.46,8794
202.46,8793
202.47,8792
202.48,8791
202.48,8790
202.52,8789
202.52,8788
202.53,8787
203.05,8786
203.07,8785
203.10,8784
203.10,8783
203.10,8782
203.11,8781
203.11,8780
203.11,8779
203.40,8778
204.52,8777
205.02,8776
205.02,8775
205.03,8774
205.08,8773
205.08,8772
205.14,8771
205.14,8770
205.14,8769
205.17,8768
205.18,8767
205.42,8766
205.42,8765
205.51,8764
206.00,8763
206.00,8762
206.00,8761
206.02,8760
206.07,8759
206.07,8758
206.08,8757
206.09,8756
206.09,8755
206.09,8754
206.10,8753
206.10,8752
206.22,8751
206.22,8750
206.23,8749
206.23,8748
206.25,8747
206.26,8746
206.37,8745
206.37,8744
206.40,8743
206.45,8742
206.45,8741
206.46,8740
206.46,8739
206.47,8738
206.47,8737
208.21,8736
208.22,8735
208.22,8734
208.28,8733
208.28,8732
208.28,8731
208.42,8730
208.43,8729
208.43,8728
208.44,8727
208.44,8726
208.45,8725
208.45,8724
208.51,8723
208.52,8722
209.49,8721
209.54,8720
209.58,8719
209.58,8718
209.59,8717
209.59,8716
209.60,8715
209.63,8714
209.64,8713
209.64,8712
209.65,8711
209.65,8710
209.65,8709
209.66,8708
209.66,8707
209.68,8706
209.68,8705
209.74,8704
209.74,8703
209.74,8702
209.76,8701
209.78,8700
209.80,8699
209.80,8698
209.80,8697
209.83,8696
209.83,8695
209.84,8694
209.85,8693
209.92,8692
209.93,8691
210.20,8690
210.20,8689
210.20,8688
210.22,8687
210.24,8686
210.25,8685
213.57,8684
213.57,8683
213.60,8682
213.62,8681
213.64,8680
213.64,8679
213.65,8678
213.69,8677
213.69,8676
213.69,8675
213.70,8674
214.33,8673
214.34,8672
214.34,8671
214.35,8670
214.59,8669
214.61,8668
214.61,8667
214.61,8666
214.64,8665
214.66,8664
214.66,8663
214.66,8662
214.73,8661
214.73,8660
214.73,8659
214.86,8658
214.87,8657
214.97,8656
214.97,8655
214.98,8654
214.98,8653
215.04,8652
215.09,8651
215.09,8650
215.14,8649
215.19,8648
215.19,8647
215.21,8646
215.21,8645
215.21,8644
215.22,8643
215.35,8642
215.46,8641
215.72,8640
215.74,8639
215.80,8638
215.80,8637
215.84,8636
215.84,8635
215.88,8634
215.88,8633
215.88,8632
216.12,8631
216.12,8630
216.12,8629
216.12,8628
216.14,8627
216.15,8626
216.15,8625
216.25,8624
216.25,8623
216.30,8622
216.64,8621
216.65,8620
216.66,8619
217.22,8618
217.22,8617
217.38,8616
217.38,8615
217.39,8614
217.52,8613
217.53,8612
217.53,8611
217.54,8610
217.56,8609
217.61,8608
218.25,8607
218.25,8606
218.26,8605
218.26,8604
218.27,8603
218.27,8602
218.28,8601
218.29,8600
218.31,8599
218.32,8598
218.33,8597
218.36,8596
218.36,8595
218.39,8594
218.41,8593
218.42,8592
219.35,8591
219.35,8590
219.35,8589
219.37,8588
219.37,8587
219.38,8586
219.38,8585
219.39,8584
219.42,8583
219.57,8582
219.60,8581
219.60,8580
220.09,8579
220.10,8578
220.10,8577
220.10,8576
221.62,8575
221.65,8574
221.65,8573
222.23,8572
224.51,8571
224.56,8570
224.56,8569
224.57,8568
224.58,8567
225.11,8566
225.12,8565
225.13,8564
225.67,8563
225.70,8562
225.70,8561
225.71,8560
225.71,8559
225.73,8558
225.78,8557
225.98,8556
226.00,8555
226.05,8554
226.08,8553
226.08,8552
226.10,8551
226.10,8550
226.11,8549
226.11,8548
226.16,8547
226.16,8546
226.23,8545
226.23,8544
226.24,8543
226.24,8542
226.24,8541
226.24,8540
226.24,8539
227.46,8538
227.57,8537
227.57,8536
227.58,8535
227.58,8534
227.62,8533
227.64,8532
227.72,8531
227.73,8530
227.76,8529
227.77,8528
227.80,8527
227.95,8526
228.00,8525
228.04,8524
228.05,8523
228.06,8522
228.06,8521
228.07,8520
228.08,8519
228.09,8518
228.09,8517
228.33,8516
228.39,8515
228.39,8514
228.39,8513
228.49,8512
228.50,8511
228.50,8510
228.78,8509
228.78,8508
228.79,8507
228.85,8506
228.85,8505
228.91,8504
230.41,8503
232.36,8502
232.36,8501
232.92,8500
233.04,8499
233.04,8498
233.12,8497
233.13,8496
233.14,8495
233.14,8494
233.43,8493
233.49,8492
233.49,8491
233.49,8490
233.59,8489
233.59,8488
233.61,8487
233.61,8486
233.62,8485
233.63,8484
233.63,8483
233.63,8482
235.32,8481
235.35,8480
235.35,8479
235.39,8478
235.45,8477
235.45,8476
235.45,8475
235.48,8474
236.07,8473
236.11,8472
236.11,8471
236.11,8470
236.11,8469
236.12,8468
236.16,8467
236.16,8466
236.19,8465
236.20,8464
236.33,8463
236.33,8462
236.35,8461
236.36,8460
236.37,8459
236.65,8458
236.65,8457
236.66,8456
236.79,8455
236.80,8454
236.80,8453
236.81,8452
237.08,8451
237.09,8450
237.09,8449
237.11,8448
237.11,8447
237.16,8446
237.19,8445
237.19,8444
237.22,8443
237.22,8442
237.28,8441
237.31,8440
237.31,8439
237.33,8438
238.09,8437
238.15,8436
238.16,8435
238.16,8434
238.92,8433
238.92,8432
239.16,8431
239.16,8430
239.18,8429
239.18,8428
239.19,8427
239.19,8426
239.20,8425
239.22,8424
239.25,8423
239.26,8422
239.26,8421
239.27,8420
239.29,8419
239.30,8418
239.31,8417
239.31,8416
239.32,8415
239.89,8414
239.89,8413
239.91,8412
239.91,8411
240.52,8410
240.53,8409
240.54,8408
240.57,8407
240.98,8406
240.99,8405
241.00,8404
241.02,8403
241.03,8402
241.03,8401
241.05,8400
241.06,8399
241.10,8398
241.11,8397
241.11,8396
241.13,8395
241.15,8394
241.16,8393
241.19,8392
241.20,8391
241.38,8390
241.39,8389
241.41,8388
241.77,8387
241.78,8386
241.79,8385
241.88,8384
241.89,8383
242.78,8382
242.79,8381
242.79,8380
243.70,8379
243.70,8378
243.71,8377
243.71,8376
243.82,8375
243.83,8374
243.84,8373
243.84,8372
243.88,8371
243.88,8370
244.09,8369
244.10,8368
244.10,8367
244.13,8366
244.16,8365
244.17,8364
244.18,8363
244.18,8362
245.15,8361
245.15,8360
245.17,8359
245.17,8358
245.18,8357
245.18,8356
245.22,8355
245.30,8354
245.37,8353
245.75,8352
247.02,8351
247.02,8350
247.03,8349
247.04,8348
247.04,8347
247.08,8346
247.09,8345
247.11,8344
247.20,8343
247.20,8342
247.23,8341
247.25,8340
247.29,8339
247.29,8338
247.29,8337
247.30,8336
247.32,8335
247.52,8334
247.52,8333
247.53,8332
247.54,8331
247.55,8330
247.56,8329
247.57,8328
248.43,8327
248.46,8326
249.09,8325
249.10,8324
249.11,8323
249.22,8322
249.22,8321
249.24,8320
249.25,8319
249.26,8318
249.29,8317
249.33,8316
249.34,8315
250.24,8314
250.25,8313
250.29,8312
250.30,8311
250.31,8310
250.33,8309
250.42,8308
250.51,8307
250.52,8306
250.53,8305
250.55,8304
250.60,8303
250.60,8302
250.60,8301
250.60,8300
250.64,8299
250.66,8298
250.67,8297
250.67,8296
250.68,8295
250.68,8294
250.68,8293
250.68,8292
250.71,8291
250.71,8290
250.80,8289
250.84,8288
250.87,8287
251.34,8286
251.34,8285
251.35,8284
251.35,8283
251.36,8282
251.90,8281
251.94,8280
251.94,8279
252.16,8278
252.17,8277
252.42,8276
252.60,8275
252.68,8274
252.68,8273
252.70,8272
252.75,8271
252.75,8270
252.76,8269
252.76,8268
253.13,8267
253.14,8266
253.14,8265
253.31,8264
253.31,8263
253.36,8262
253.54,8261
253.54,8260
253.65,8259
253.66,8258
253.67,8257
253.70,8256
253.99,8255
254.88,8254
254.88,8253
254.92,8252
254.96,8251
256.52,8250
256.57,8249
256.57,8248
256.59,8247
256.59,8246
256.59,8245
256.60,8244
257.34,8243
258.37,8242
258.37,8241
258.42,8240
258.42,8239
258.45,8238
258.45,8237
258.53,8236
258.56,8235
258.59,8234
258.59,8233
258.62,8232
258.62,8231
258.62,8230
259.84,8229
259.85,8228
259.92,8227
259.96,8226
260.05,8225
260.21,8224
260.33,8223
260.42,8222
260.44,8221
260.45,8220
260.45,8219
260.45,8218
260.77,8217
261.78,8216
261.81,8215
261.83,8214
261.83,8213
261.86,8212
261.87,8211
262.05,8210
262.06,8209
262.07,8208
262.08,8207
262.09,8206
262.12,8205
262.21,8204
262.22,8203
262.23,8202
262.24,8201
262.24,8200
262.26,8199
262.26,8198
262.27,8197
262.79,8196
263.06,8195
263.10,8194
265.14,8193
265.88,8192
265.89,8191
265.89,8190
265.89,8189
265.89,8188
266.21,8187
266.22,8186
266.23,8185
266.24,8184
266.24,8183
266.24,8182
266.25,8181
266.29,8180
266.35,8179
266.35,8178
266.38,8177
266.42,8176
266.44,8175
268.50,8174
268.52,8173
268.52,8172
268.57,8171
269.20,8170
269.21,8169
269.30,8168
269.31,8167
269.31,8166
269.34,8165
269.35,8164
269.36,8163
269.46,8162
269.51,8161
269.58,8160
269.61,8159
269.61,8158
269.61,8157
269.64,8156
269.65,8155
269.65,8154
269.65,8153
269.66,8152
269.69,8151
269.71,8150
269.76,8149
269.77,8148
269.77,8147
269.78,8146
269.92,8145
269.94,8144
269.95,8143
270.04,8142
270.04,8141
270.05,8140
270.10,8139
270.60,8138
270.61,8137
270.63,8136
270.63,8135
270.64,8134
270.66,8133
270.73,8132
270.74,8131
270.90,8130
270.92,8129
270.99,8128
271.31,8127
271.31,8126
271.32,8125
271.32,8124
271.46,8123
271.47,8122
271.47,8121
271.50,8120
271.52,8119
271.54,8118
271.56,8117
271.62,8116
271.73,8115
272.43,8114
272.47,8113
272.52,8112
272.53,8111
272.53,8110
272.56,8109
272.56,8108
272.69,8107
272.69,8106
272.76,8105
273.20,8104
273.20,8103
273.21,8102
273.27,8101
273.28,8100
273.28,8099
273.29,8098
273.31,8097
273.33,8096
273.34,8095
273.34,8094
273.53,8093
273.56,8092
273.58,8091
273.58,8090
273.58,8089
273.72,8088
273.76,8087
273.77,8086
274.49,8085
274.49,8084
274.50,8083
274.51,8082
275.89,8081
275.95,8080
275.96,8079
275.97,8078
276.05,8077
276.05,8076
276.11,8075
276.88,8074
276.93,8073
276.94,8072
277.52,8071
277.53,8070
277.54,8069
277.54,8068
277.55,8067
277.66,8066
278.00,8065
278.00,8064
278.00,8063
278.03,8062
278.03,8061
278.06,8060
278.06,8059
278.07,8058
278.12,8057
278.13,8056
278.19,8055
278.22,8054
278.72,8053
278.72,8052
278.73,8051
278.75,8050
278.78,8049
278.79,8048
278.83,8047
278.85,8046
278.85,8045
278.88,8044
278.88,8043
278.90,8042
279.07,8041
279.10,8040
279.11,8039
279.12,8038
279.19,8037
279.23,8036
279.38,8035
279.40,8034
279.40,8033
279.40,8032
279.40,8031
280.27,8030
280.29,8029
282.09,8028
282.09,8027
282.10,8026
282.10,8025
282.10,8024
282.11,8023
282.12,8022
282.16,8021
282.18,8020
282.20,8019
282.24,8018
282.25,8017
282.25,8016
282.27,8015
282.28,8014
282.28,8013
282.28,8012
282.33,8011
282.95,8010
282.96,8009
282.98,8008
282.98,8007
283.00,8006
283.49,8005
283.52,8004
283.54,8003
283.55,8002
289.33,8001
289.44,8000
289.61,7999
289.64,7998
289.71,7997
289.72,7996
293.24,7995
293.25,7994
293.30,7993
293.31,7992
293.31,7991
293.31,7990
294.00,7989
294.02,7988
294.03,7987
294.04,7986
295.05,7985
295.06,7984
295.07,7983
295.18,7982
295.24,7981
295.26,7980
295.29,7979
295.48,7978
295.62,7977
295.65,7976
295.70,7975
295.70,7974
295.92,7973
295.92,7972
295.93,7971
295.99,7970
296.01,7969
296.02,7968
296.02,7967
296.08,7966
296.09,7965
296.17,7964
296.30,7963
296.30,7962
296.33,7961
296.33,7960
297.01,7959
297.02,7958
297.13,7957
297.13,7956
297.18,7955
297.20,7954
297.20,7953
297.23,7952
297.53,7951
297.53,7950
297.53,7949
297.56,7948
297.60,7947
297.70,7946
298.27,7945
298.32,7944
298.43,7943
298.44,7942
298.45,7941
298.78,7940
298.80,7939
298.81,7938
298.81,7937
298.85,7936
298.91,7935
298.97,7934
299.16,7933
299.18,7932
299.22,7931
299.25,7930
299.26,7929
299.30,7928
299.30,7927
299.31,7926
299.33,7925
299.55,7924
299.55,7923
299.56,7922
299.56,7921
299.67,7920
299.69,7919
299.78,7918
299.93,7917
300.41,7916
300.42,7915
300.48,7914
301.01,7913
301.01,7912
302.70,7911
302.78,7910
304.53,7909
304.56,7908
304.61,7907
304.76,7906
304.94,7905
304.94,7904
306.65,7903
306.72,7902
307.13,7901
307.14,7900
307.15,7899
307.17,7898
307.22,7897
307.33,7896
307.39,7895
307.39,7894
307.41,7893
307.50,7892
307.58,7891
307.59,7890
307.60,7889
307.69,7888
308.08,7887
308.09,7886
308.15,7885
308.20,7884
308.26,7883
308.33,7882
308.34,7881
308.48,7880
308.81,7879
308.81,7878
308.93,7877
309.04,7876
309.05,7875
309.05,7874
309.05,7873
309.06,7872
309.06,7871
309.08,7870
309.09,7869
309.09,7868
310.09,7867
310.12,7866
310.18,7865
310.18,7864
310.26,7863
310.30,7862
310.31,7861
310.37,7860
310.39,7859
310.83,7858
311.22,7857
311.26,7856
311.30,7855
311.31,7854
311.33,7853
311.39,7852
317.20,7851
317.21,7850
317.21,7849
317.67,7848
317.67,7847
317.75,7846
317.97,7845
317.99,7844
318.02,7843
318.59,7842
318.62,7841
318.74,7840
318.75,7839
319.04,7838
321.35,7837
321.37,7836
321.37,7835
322.16,7834
322.33,7833
322.34,7832
322.56,7831
322.67,7830
322.69,7829
322.70,7828
322.76,7827
322.91,7826
322.92,7825
322.92,7824
322.97,7823
323.43,7822
325.34,7821
325.35,7820
325.36,7819
325.39,7818
325.40,7817
325.42,7816
325.42,7815
326.19,7814
327.30,7813
327.32,7812
327.43,7811
327.49,7810
327.50,7809
327.51,7808
327.52,7807
327.53,7806
327.53,7805
327.61,7804
327.68,7803
327.73,7802
327.87,7801
327.97,7800
328.02,7799
328.05,7798
328.95,7797
328.98,7796
329.32,7795
329.36,7794
329.44,7793
329.49,7792
329.65,7791
331.22,7790
331.23,7789
335.47,7788
335.60,7787
335.62,7786
336.71,7785
336.73,7784
336.74,7783
336.81,7782
336.87,7781
336.88,7780
337.11,7779
337.29,7778
337.29,7777
337.30,7776
337.85,7775
337.86,7774
337.87,7773
337.96,7772
339.10,7771
339.32,7770
339.33,7769
339.85,7768
352.21,7767
352.24,7766
352.28,7765
352.39,7764
352.41,7763
352.58,7762
352.60,7761
352.60,7760
352.60,7759
352.61,7758
353.62,7757
353.65,7756
353.65,7755
353.80,7754
356.01,7753
356.64,7752
356.66,7751
356.68,7750
356.70,7749
356.86,7748
356.88,7747
357.39,7746
357.86,7745
359.52,7744
359.73,7743
361.12,7742
361.12,7741
364.91,7740
365.26,7739
365.85,7738
365.90,7737
365.94,7736
365.95,7735
365.95,7734
365.97,7733
366.08,7732
366.31,7731
366.33,7730
366.45,7729
366.79,7728
367.21,7727
367.21,7726
367.25,7725
368.86,7724
368.86,7723
368.89,7722
369.00,7721
369.12,7720
369.12,7719
369.14,7718
370.21,7717
371.24,7716
371.29,7715
371.36,7714
371.36,7713
371.82,7712
371.92,7711
371.94,7710
372.25,7709
372.25,7708
372.40,7707
372.40,7706
372.87,7705
372.88,7704
372.92,7703
372.95,7702
373.13,7701
373.14,7700
373.16,7699
373.17,7698
373.21,7697
373.21,7696
373.29,7695
373.33,7694
373.50,7693
375.94,7692
384.83,7691
384.93,7690
384.97,7689
385.35,7688
385.37,7687
387.68,7686
391.55,7685
392.06,7684
392.09,7683
392.10,7682
392.10,7681
392.12,7680
392.22,7679
392.30,7678
392.31,7677
392.54,7676
413.01,7675
413.14,7674
413.16,7673
415.55,7672
419.18,7671
419.19,7670
419.63,7669
419.67,7668
419.72,7667
421.97,7666
424.02,7665
424.13,7664
424.88,7663
424.95,7662
427.45,7661
427.58,7660
427.68,7659
427.72,7658
427.79,7657
428.11,7656
428.16,7655
428.26,7654
428.30,7653
428.81,7652
428.83,7651
428.89,7650
429.12,7649
429.14,7648
429.26,7647
429.38,7646
429.43,7645
429.82,7644
431.58,7643
431.78,7642
431.80,7641
432.20,7640
432.22,7639
434.37,7638
435.10,7637
435.12,7636
438.95,7635
438.97,7634
439.00,7633
439.03,7632
440.01,7631
440.08,7630
441.62,7629
444.38,7628
444.38,7627
444.40,7626
445.02,7625
445.10,7624
445.10,7623
445.15,7622
460.34,7621
466.25,7620
466.26,7619
466.34,7618
466.38,7617
466.63,7616
466.71,7615
467.22,7614
467.24,7613
467.31,7612
469.98,7611
469.99,7610
470.21,7609
470.27,7608
470.29,7607
470.46,7606
470.57,7605
489.44,7604
489.47,7603
489.66,7602
489.71,7601
501.84,7600
501.97,7599
501.99,7598
502.12,7597
502.13,7596
502.15,7595
502.25,7594
504.23,7593
504.35,7592
506.51,7591
506.53,7590
506.56,7589
506.63,7588
507.39,7587
508.59,7586
508.63,7585
508.66,7584
515.46,7583
516.56,7582
516.56,7581
516.58,7580
517.26,7579
522.01,7578
523.68,7577
524.45,7576
524.58,7575
524.68,7574
524.90,7573
525.29,7572
525.30,7571
525.33,7570
525.59,7569
539.15,7568
539.40,7567
539.43,7566
539.58,7565
539.67,7564
539.77,7563
540.02,7562
540.07,7561
540.52,7560
540.65,7559
541.67,7558
542.49,7557
542.57,7556
543.21,7555
577.53,7554
577.57,7553
577.70,7552
578.46,7551
579.19,7550
582.09,7549
582.22,7548
583.60,7547
583.96,7546
586.59,7545
586.79,7544
586.85,7543
587.06,7542
588.66,7541
591.54,7540
591.54,7539
591.55,7538
593.10,7537
597.62,7536
