0.53,11022
0.53,11021
0.54,11020
0.54,11019
0.54,11018
0.54,11017
0.54,11016
0.54,11015
0.54,11014
0.54,11013
0.54,11012
0.55,11011
0.55,11010
0.55,11009
0.56,11008
0.56,11007
0.56,11006
0.57,11005
0.57,11004
0.58,11003
0.58,11002
0.58,11001
0.59,11000
0.59,10999
0.59,10998
0.59,10997
0.59,10996
0.60,10995
0.60,10994
0.60,10993
0.61,10992
0.61,10991
0.61,10990
0.61,10989
0.61,10988
0.61,10987
0.62,10986
0.62,10985
0.63,10984
0.63,10983
0.64,10982
0.64,10981
0.65,10980
0.65,10979
0.65,10978
0.65,10977
0.66,10976
0.66,10975
0.67,10974
0.67,10973
0.67,10972
0.67,10971
0.67,10970
0.68,10969
0.68,10968
0.69,10967
0.69,10966
0.69,10965
0.70,10964
0.70,10963
0.71,10962
0.71,10961
0.71,10960
0.71,10959
0.72,10958
0.72,10957
0.72,10956
0.73,10955
0.73,10954
0.73,10953
0.75,10952
0.75,10951
0.75,10950
0.76,10949
0.76,10948
0.76,10947
0.77,10946
0.77,10945
0.77,10944
0.78,10943
0.78,10942
0.78,10941
0.78,10940
0.79,10939
0.80,10938
0.80,10937
0.81,10936
0.81,10935
0.81,10934
0.82,10933
0.82,10932
0.82,10931
0.82,10930
0.82,10929
0.82,10928
0.82,10927
0.82,10926
0.82,10925
0.83,10924
0.83,10923
0.84,10922
0.84,10921
0.84,10920
0.84,10919
0.84,10918
0.85,10917
0.85,10916
0.86,10915
0.86,10914
0.86,10913
0.87,10912
0.87,10911
0.87,10910
0.87,10909
0.87,10908
0.87,10907
0.87,10906
0.87,10905
0.88,10904
0.88,10903
0.89,10902
0.89,10901
0.90,10900
0.90,10899
0.90,10898
0.91,10897
0.91,10896
0.91,10895
0.91,10894
0.91,10893
0.95,10892
0.95,10891
0.96,10890
0.96,10889
0.96,10888
0.96,10887
0.96,10886
0.97,10885
0.97,10884
0.97,10883
0.97,10882
0.97,10881
0.97,10880
0.98,10879
0.98,10878
0.99,10877
0.99,10876
0.99,10875
1.00,10874
1.01,10873
1.01,10872
1.01,10871
1.02,10870
1.03,10869
1.03,10868
1.03,10867
1.03,10866
1.05,10865
1.05,10864
1.05,10863
1.06,10862
1.06,10861
1.06,10860
1.07,10859
1.07,10858
1.08,10857
1.08,10856
1.10,10855
1.10,10854
1.11,10853
1.11,10852
1.11,10851
1.11,10850
1.11,10849
1.12,10848
1.14,10847
1.14,10846
1.14,10845
1.14,10844
1.15,10843
1.16,10842
1.16,10841
1.16,10840
1.17,10839
1.19,10838
1.20,10837
1.20,10836
1.21,10835
1.22,10834
1.22,10833
1.22,10832
1.22,10831
1.22,10830
1.22,10829
1.23,10828
1.23,10827
1.24,10826
1.24,10825
1.24,10824
1.25,10823
1.26,10822
1.28,10821
1.28,10820
1.28,10819
1.28,10818
1.29,10817
1.29,10816
1.29,10815
1.29,10814
1.30,10813
1.30,10812
1.31,10811
1.32,10810
1.32,10809
1.32,10808
1.32,10807
1.32,10806
1.33,10805
1.33,10804
1.33,10803
1.33,10802
1.34,10801
1.34,10800
1.35,10799
1.36,10798
1.36,10797
1.36,10796
1.36,10795
1.36,10794
1.36,10793
1.37,10792
1.37,10791
1.37,10790
1.37,10789
1.37,10788
1.37,10787
1.37,10786
1.37,10785
1.39,10784
1.39,10783
1.41,10782
1.41,10781
1.41,10780
1.41,10779
1.42,10778
1.42,10777
1.43,10776
1.43,10775
1.44,10774
1.44,10773
1.44,10772
1.45,10771
1.45,10770
1.47,10769
1.47,10768
1.48,10767
1.48,10766
1.48,10765
1.49,10764
1.50,10763
1.50,10762
1.50,10761
1.51,10760
1.52,10759
1.52,10758
1.53,10757
1.53,10756
1.54,10755
1.54,10754
1.58,10753
1.58,10752
1.58,10751
1.59,10750
1.60,10749
1.60,10748
1.61,10747
1.62,10746
1.62,10745
1.62,10744
1.64,10743
1.64,10742
1.64,10741
1.64,10740
1.65,10739
1.65,10738
1.66,10737
1.67,10736
1.67,10735
1.67,10734
1.67,10733
1.67,10732
1.68,10731
1.68,10730
1.70,10729
1.70,10728
1.72,10727
1.72,10726
1.73,10725
1.74,10724
1.74,10723
1.74,10722
1.74,10721
1.75,10720
1.75,10719
1.75,10718
1.76,10717
1.76,10716
1.76,10715
1.76,10714
1.78,10713
1.78,10712
1.82,10711
1.82,10710
1.82,10709
1.83,10708
1.83,10707
1.83,10706
1.84,10705
2.15,10704
2.15,10703
2.15,10702
2.16,10701
2.16,10700
2.16,10699
2.17,10698
2.17,10697
2.17,10696
2.18,10695
2.18,10694
2.18,10693
2.18,10692
2.18,10691
2.18,10690
2.18,10689
2.19,10688
2.20,10687
2.20,10686
2.20,10685
2.20,10684
2.21,10683
2.21,10682
2.21,10681
2.21,10680
2.22,10679
2.22,10678
2.24,10677
2.24,10676
2.25,10675
2.25,10674
2.25,10673
2.26,10672
2.26,10671
2.26,10670
2.26,10669
2.26,10668
2.27,10667
2.27,10666
2.28,10665
2.28,10664
2.28,10663
2.28,10662
2.30,10661
2.30,10660
2.30,10659
2.31,10658
2.31,10657
2.31,10656
2.32,10655
2.37,10654
2.37,10653
2.37,10652
2.37,10651
2.38,10650
2.38,10649
2.39,10648
2.40,10647
2.40,10646
2.40,10645
2.41,10644
2.41,10643
2.41,10642
2.42,10641
2.43,10640
2.44,10639
2.45,10638
2.45,10637
2.45,10636
2.45,10635
2.46,10634
2.47,10633
2.47,10632
2.47,10631
2.48,10630
2.50,10629
2.50,10628
2.51,10627
2.51,10626
2.51,10625
2.51,10624
2.52,10623
2.52,10622
2.52,10621
2.53,10620
2.54,10619
2.54,10618
2.54,10617
2.54,10616
2.55,10615
2.55,10614
2.55,10613
2.55,10612
2.56,10611
2.57,10610
2.58,10609
2.58,10608
2.58,10607
2.59,10606
2.59,10605
2.61,10604
2.61,10603
2.63,10602
2.63,10601
2.63,10600
2.63,10599
2.64,10598
2.65,10597
2.65,10596
2.66,10595
2.66,10594
2.67,10593
2.67,10592
2.67,10591
2.68,10590
2.68,10589
2.68,10588
2.68,10587
2.68,10586
2.68,10585
2.68,10584
2.69,10583
2.69,10582
2.70,10581
2.70,10580
2.71,10579
2.73,10578
2.73,10577
2.73,10576
2.74,10575
2.74,10574
2.74,10573
2.77,10572
2.77,10571
2.77,10570
2.78,10569
2.78,10568
2.83,10567
2.83,10566
2.86,10565
2.87,10564
2.87,10563
2.87,10562
2.87,10561
2.88,10560
2.88,10559
2.89,10558
2.89,10557
2.89,10556
2.89,10555
2.89,10554
2.90,10553
2.90,10552
2.92,10551
2.92,10550
2.92,10549
2.92,10548
2.93,10547
2.94,10546
2.94,10545
3.26,10544
3.27,10543
3.29,10542
3.29,10541
3.29,10540
3.30,10539
3.30,10538
3.30,10537
3.31,10536
3.31,10535
3.31,10534
3.34,10533
3.36,10532
3.36,10531
3.36,10530
3.39,10529
3.41,10528
3.41,10527
3.41,10526
3.41,10525
3.41,10524
3.42,10523
3.43,10522
3.43,10521
3.43,10520
3.44,10519
3.44,10518
3.44,10517
3.44,10516
3.45,10515
3.45,10514
3.45,10513
3.46,10512
3.47,10511
3.47,10510
3.47,10509
3.47,10508
3.47,10507
3.47,10506
3.47,10505
3.47,10504
3.48,10503
3.48,10502
3.48,10501
3.48,10500
3.48,10499
3.49,10498
3.49,10497
3.53,10496
3.53,10495
3.54,10494
3.54,10493
3.54,10492
3.54,10491
3.54,10490
3.55,10489
3.55,10488
3.57,10487
3.57,10486
3.61,10485
3.62,10484
3.62,10483
3.62,10482
3.63,10481
3.64,10480
3.64,10479
3.66,10478
3.68,10477
3.69,10476
3.69,10475
3.69,10474
3.70,10473
3.73,10472
3.73,10471
3.74,10470
3.74,10469
3.74,10468
3.74,10467
3.78,10466
3.78,10465
3.79,10464
3.79,10463
3.79,10462
3.80,10461
3.80,10460
3.80,10459
3.81,10458
3.81,10457
3.81,10456
3.82,10455
3.82,10454
3.82,10453
3.82,10452
3.82,10451
3.82,10450
3.82,10449
3.82,10448
3.83,10447
3.83,10446
3.83,10445
3.84,10444
3.84,10443
3.84,10442
3.85,10441
3.86,10440
3.86,10439
3.86,10438
3.86,10437
3.87,10436
3.89,10435
3.89,10434
3.89,10433
3.89,10432
3.90,10431
3.90,10430
3.92,10429
3.92,10428
3.94,10427
3.94,10426
3.95,10425
3.95,10424
3.95,10423
3.95,10422
3.95,10421
3.95,10420
3.96,10419
3.96,10418
4.01,10417
4.03,10416
4.03,10415
4.04,10414
4.04,10413
4.04,10412
4.04,10411
4.16,10410
4.18,10409
4.18,10408
4.18,10407
4.19,10406
4.20,10405
4.20,10404
4.20,10403
4.20,10402
4.20,10401
4.21,10400
4.21,10399
4.21,10398
4.21,10397
4.22,10396
4.22,10395
4.22,10394
4.23,10393
4.23,10392
4.23,10391
4.23,10390
4.24,10389
4.24,10388
4.27,10387
4.27,10386
4.29,10385
4.29,10384
4.29,10383
4.29,10382
4.29,10381
4.30,10380
4.30,10379
4.30,10378
4.31,10377
4.32,10376
4.33,10375
4.35,10374
4.35,10373
4.36,10372
4.37,10371
4.38,10370
4.38,10369
4.39,10368
4.41,10367
4.41,10366
4.43,10365
4.45,10364
4.46,10363
4.46,10362
4.47,10361
4.47,10360
4.47,10359
4.51,10358
4.51,10357
4.51,10356
4.52,10355
4.57,10354
4.57,10353
4.58,10352
4.60,10351
4.60,10350
4.61,10349
4.63,10348
4.63,10347
4.63,10346
4.63,10345
4.63,10344
4.63,10343
4.63,10342
4.63,10341
4.64,10340
4.65,10339
4.65,10338
4.66,10337
4.74,10336
4.74,10335
4.75,10334
4.75,10333
4.75,10332
4.75,10331
4.75,10330
4.76,10329
4.76,10328
4.76,10327
4.77,10326
4.77,10325
4.77,10324
4.78,10323
4.78,10322
4.81,10321
4.81,10320
4.81,10319
4.81,10318
4.82,10317
4.82,10316
4.82,10315
4.82,10314
4.83,10313
4.83,10312
4.84,10311
4.84,10310
5.19,10309
5.21,10308
5.25,10307
5.26,10306
5.27,10305
5.28,10304
5.36,10303
5.37,10302
5.45,10301
5.45,10300
5.45,10299
5.51,10298
5.52,10297
5.52,10296
5.53,10295
5.79,10294
5.79,10293
5.80,10292
5.81,10291
5.82,10290
5.83,10289
5.83,10288
5.84,10287
5.84,10286
5.84,10285
5.84,10284
5.86,10283
5.86,10282
5.89,10281
5.90,10280
5.90,10279
5.90,10278
5.92,10277
5.93,10276
5.93,10275
5.94,10274
5.96,10273
5.99,10272
5.99,10271
6.00,10270
6.00,10269
6.00,10268
6.01,10267
6.01,10266
6.01,10265
6.02,10264
6.02,10263
6.02,10262
6.02,10261
6.02,10260
6.03,10259
6.03,10258
6.10,10257
6.10,10256
6.16,10255
6.17,10254
6.17,10253
6.17,10252
6.18,10251
6.19,10250
6.20,10249
6.20,10248
6.20,10247
6.22,10246
6.22,10245
6.23,10244
6.23,10243
6.24,10242
6.25,10241
6.26,10240
6.26,10239
6.34,10238
6.34,10237
6.35,10236
6.35,10235
6.42,10234
6.42,10233
6.42,10232
6.43,10231
6.43,10230
6.44,10229
6.44,10228
6.44,10227
6.44,10226
6.44,10225
6.44,10224
6.45,10223
6.45,10222
6.45,10221
6.46,10220
6.46,10219
6.48,10218
6.49,10217
6.52,10216
6.57,10215
6.57,10214
6.57,10213
6.58,10212
6.59,10211
6.60,10210
6.61,10209
6.62,10208
6.62,10207
6.62,10206
6.68,10205
6.69,10204
6.70,10203
6.70,10202
6.70,10201
6.70,10200
6.71,10199
6.71,10198
6.75,10197
6.75,10196
6.75,10195
6.75,10194
6.75,10193
6.76,10192
6.76,10191
6.76,10190
6.76,10189
7.01,10188
7.01,10187
7.09,10186
7.09,10185
7.10,10184
7.16,10183
7.16,10182
7.17,10181
7.18,10180
7.18,10179
7.18,10178
7.18,10177
7.18,10176
7.22,10175
7.23,10174
7.23,10173
7.25,10172
7.25,10171
7.25,10170
7.25,10169
7.25,10168
7.25,10167
7.25,10166
7.25,10165
7.25,10164
7.28,10163
7.29,10162
7.29,10161
7.29,10160
7.30,10159
7.30,10158
7.31,10157
7.31,10156
7.32,10155
7.32,10154
7.32,10153
7.34,10152
7.34,10151
7.34,10150
7.34,10149
7.42,10148
7.42,10147
7.47,10146
7.48,10145
7.49,10144
7.49,10143
7.49,10142
7.50,10141
7.50,10140
7.51,10139
7.65,10138
7.65,10137
7.65,10136
7.67,10135
7.67,10134
7.67,10133
7.68,10132
7.68,10131
7.69,10130
7.73,10129
7.73,10128
7.74,10127
7.74,10126
8.03,10125
8.04,10124
8.04,10123
8.09,10122
8.09,10121
8.09,10120
8.16,10119
8.19,10118
8.19,10117
8.19,10116
8.26,10115
8.26,10114
8.26,10113
8.26,10112
8.26,10111
8.26,10110
8.26,10109
8.28,10108
8.32,10107
8.32,10106
8.33,10105
8.40,10104
8.40,10103
8.40,10102
8.40,10101
8.41,10100
8.41,10099
8.41,10098
8.41,10097
8.41,10096
8.42,10095
8.46,10094
8.46,10093
8.47,10092
8.50,10091
8.51,10090
8.51,10089
8.51,10088
8.67,10087
8.67,10086
8.68,10085
8.68,10084
8.68,10083
8.68,10082
8.68,10081
8.69,10080
8.99,10079
8.99,10078
8.99,10077
8.99,10076
8.99,10075
8.99,10074
9.02,10073
9.07,10072
9.07,10071
9.07,10070
9.08,10069
9.08,10068
9.08,10067
9.10,10066
9.10,10065
9.11,10064
9.12,10063
9.15,10062
9.16,10061
9.17,10060
9.17,10059
9.17,10058
9.17,10057
9.17,10056
9.17,10055
9.70,10054
9.70,10053
9.70,10052
9.70,10051
9.71,10050
9.72,10049
9.73,10048
9.73,10047
9.73,10046
9.74,10045
9.80,10044
9.80,10043
9.80,10042
9.82,10041
9.82,10040
9.83,10039
9.84,10038
9.84,10037
9.84,10036
9.84,10035
9.86,10034
9.86,10033
9.87,10032
9.92,10031
9.95,10030
9.95,10029
9.95,10028
9.96,10027
9.96,10026
9.96,10025
10.04,10024
10.04,10023
10.04,10022
10.04,10021
10.06,10020
10.06,10019
10.09,10018
10.09,10017
10.10,10016
10.10,10015
10.11,10014
10.11,10013
10.11,10012
10.11,10011
10.13,10010
10.14,10009
10.14,10008
10.14,10007
10.15,10006
10.16,10005
10.16,10004
10.17,10003
10.80,10002
10.81,10001
10.81,10000
10.82,9999
10.82,9998
10.83,9997
10.83,9996
10.83,9995
10.83,9994
10.88,9993
10.88,9992
10.88,9991
10.88,9990
10.88,9989
10.89,9988
10.91,9987
10.91,9986
10.92,9985
10.92,9984
10.93,9983
11.02,9982
11.02,9981
11.10,9980
11.10,9979
11.46,9978
11.46,9977
11.46,9976
11.46,9975
11.51,9974
11.51,9973
11.51,9972
11.52,9971
11.53,9970
11.53,9969
11.54,9968
11.55,9967
11.55,9966
11.55,9965
11.55,9964
11.56,9963
11.58,9962
11.65,9961
11.65,9960
11.66,9959
11.66,9958
11.66,9957
11.68,9956
11.68,9955
11.68,9954
11.68,9953
11.69,9952
11.69,9951
11.69,9950
11.76,9949
11.78,9948
11.82,9947
11.83,9946
11.96,9945
11.96,9944
11.96,9943
12.11,9942
12.11,9941
12.12,9940
12.12,9939
12.12,9938
12.13,9937
12.13,9936
12.29,9935
12.29,9934
12.29,9933
12.32,9932
12.34,9931
12.84,9930
13.20,9929
13.20,9928
13.20,9927
13.20,9926
13.21,9925
13.24,9924
13.24,9923
13.24,9922
13.27,9921
13.29,9920
13.29,9919
13.48,9918
13.48,9917
13.48,9916
13.49,9915
14.01,9914
14.01,9913
14.01,9912
14.01,9911
14.02,9910
14.02,9909
14.02,9908
14.08,9907
14.09,9906
14.11,9905
14.20,9904
14.21,9903
14.21,9902
14.21,9901
14.21,9900
14.21,9899
14.21,9898
14.21,9897
14.22,9896
14.23,9895
14.23,9894
14.23,9893
14.23,9892
14.23,9891
14.38,9890
14.40,9889
14.40,9888
14.40,9887
14.41,9886
14.44,9885
14.45,9884
14.47,9883
14.47,9882
14.47,9881
14.48,9880
14.50,9879
14.62,9878
14.63,9877
14.65,9876
14.66,9875
14.67,9874
14.68,9873
14.71,9872
14.76,9871
14.76,9870
14.83,9869
14.90,9868
14.91,9867
14.91,9866
14.92,9865
14.93,9864
14.93,9863
14.93,9862
14.94,9861
14.94,9860
14.96,9859
14.96,9858
15.10,9857
15.11,9856
15.12,9855
15.35,9854
15.35,9853
15.35,9852
15.35,9851
15.35,9850
15.35,9849
15.40,9848
15.40,9847
15.40,9846
15.40,9845
15.41,9844
15.42,9843
15.42,9842
15.47,9841
15.48,9840
15.50,9839
15.50,9838
15.50,9837
15.57,9836
15.57,9835
15.58,9834
15.60,9833
15.60,9832
15.61,9831
15.64,9830
15.66,9829
15.68,9828
15.73,9827
19.48,9826
19.55,9825
19.63,9824
19.66,9823
19.67,9822
19.67,9821
19.68,9820
19.72,9819
19.72,9818
19.99,9817
20.00,9816
20.00,9815
20.00,9814
20.00,9813
20.07,9812
20.32,9811
20.32,9810
20.32,9809
20.33,9808
20.36,9807
20.75,9806
20.76,9805
20.76,9804
20.76,9803
20.76,9802
20.77,9801
20.77,9800
20.79,9799
20.79,9798
20.81,9797
20.81,9796
20.82,9795
22.81,9794
22.81,9793
22.81,9792
22.81,9791
23.01,9790
23.04,9789
23.04,9788
23.04,9787
23.05,9786
23.05,9785
23.05,9784
23.06,9783
23.06,9782
23.07,9781
23.07,9780
23.07,9779
23.07,9778
23.08,9777
23.09,9776
23.09,9775
23.10,9774
23.10,9773
23.10,9772
23.10,9771
23.36,9770
23.46,9769
23.46,9768
23.46,9767
23.46,9766
23.47,9765
23.48,9764
23.48,9763
23.49,9762
23.51,9761
23.51,9760
23.58,9759
23.60,9758
23.65,9757
23.65,9756
23.65,9755
23.66,9754
23.66,9753
23.98,9752
24.06,9751
24.07,9750
24.08,9749
24.12,9748
24.12,9747
24.12,9746
24.26,9745
24.26,9744
24.26,9743
27.38,9742
27.39,9741
27.39,9740
27.40,9739
27.41,9738
27.52,9737
27.52,9736
27.52,9735
27.54,9734
27.55,9733
27.56,9732
27.57,9731
27.57,9730
27.58,9729
27.58,9728
27.66,9727
27.66,9726
27.66,9725
27.67,9724
27.70,9723
27.78,9722
28.04,9721
28.04,9720
28.04,9719
28.35,9718
28.35,9717
28.47,9716
28.47,9715
30.92,9714
31.36,9713
31.36,9712
31.40,9711
31.40,9710
31.42,9709
31.42,9708
31.44,9707
31.46,9706
31.48,9705
31.57,9704
31.60,9703
31.68,9702
32.63,9701
32.73,9700
32.73,9699
32.73,9698
32.76,9697
32.76,9696
37.41,9695
37.41,9694
37.42,9693
37.42,9692
37.47,9691
37.77,9690
37.78,9689
37.78,9688
38.29,9687
38.33,9686
38.33,9685
38.33,9684
38.33,9683
38.39,9682
38.39,9681
38.40,9680
38.40,9679
38.40,9678
38.40,9677
38.40,9676
38.41,9675
38.42,9674
38.54,9673
38.59,9672
38.59,9671
38.64,9670
38.64,9669
38.68,9668
38.68,9667
38.69,9666
38.69,9665
38.70,9664
38.71,9663
38.85,9662
60.01,9661
60.01,9660
60.01,9659
60.02,9658
60.02,9657
60.02,9656
60.02,9655
60.02,9654
60.02,9653
60.03,9652
60.04,9651
61.47,9650
61.50,9649
73.15,9648
73.16,9647
73.16,9646
73.17,9645
73.19,9644
73.22,9643
73.29,9642
73.29,9641
73.30,9640
73.30,9639
73.30,9638
73.44,9637
73.44,9636
78.29,9635
78.30,9634
78.77,9633
78.79,9632
78.79,9631
84.22,9630
84.23,9629
84.23,9628
84.23,9627
86.92,9626
86.92,9625
86.92,9624
86.93,9623
86.93,9622
86.93,9621
87.65,9620
87.65,9619
87.65,9618
87.65,9617
87.65,9616
87.65,9615
87.66,9614
87.66,9613
87.66,9612
87.66,9611
87.66,9610
87.67,9609
87.68,9608
87.80,9607
87.80,9606
87.80,9605
88.26,9604
88.27,9603
88.27,9602
88.27,9601
88.27,9600
88.27,9599
88.28,9598
88.28,9597
88.34,9596
88.35,9595
88.37,9594
89.02,9593
89.02,9592
89.03,9591
89.03,9590
89.05,9589
89.06,9588
89.06,9587
89.06,9586
89.07,9585
89.07,9584
89.07,9583
89.07,9582
89.08,9581
89.08,9580
89.08,9579
89.08,9578
89.08,9577
89.09,9576
89.10,9575
89.10,9574
89.16,9573
89.29,9572
89.36,9571
89.40,9570
90.11,9569
90.50,9568
90.51,9567
90.52,9566
90.52,9565
90.52,9564
90.57,9563
90.58,9562
90.58,9561
90.58,9560
90.59,9559
90.59,9558
90.59,9557
90.89,9556
90.91,9555
90.91,9554
124.06,9553
124.06,9552
125.79,9551
125.79,9550
125.79,9549
125.94,9548
125.94,9547
125.95,9546
126.63,9545
126.63,9544
126.70,9543
126.71,9542
126.73,9541
126.75,9540
126.95,9539
126.95,9538
126.99,9537
127.02,9536
127.04,9535
127.04,9534
127.04,9533
127.04,9532
127.04,9531
127.06,9530
127.06,9529
127.06,9528
127.06,9527
127.06,9526
127.07,9525
127.08,9524
127.13,9523
127.13,9522
127.76,9521
127.76,9520
127.76,9519
127.78,9518
127.78,9517
127.78,9516
128.29,9515
128.29,9514
128.37,9513
128.37,9512
130.17,9511
130.20,9510
130.26,9509
130.29,9508
130.29,9507
130.29,9506
130.30,9505
130.31,9504
130.32,9503
130.50,9502
130.51,9501
130.51,9500
130.52,9499
130.52,9498
130.53,9497
130.53,9496
130.53,9495
130.53,9494
130.75,9493
131.73,9492
132.01,9491
132.05,9490
132.05,9489
132.05,9488
132.07,9487
132.07,9486
132.11,9485
132.11,9484
132.13,9483
132.13,9482
132.51,9481
132.51,9480
132.51,9479
132.52,9478
133.31,9477
133.32,9476
133.32,9475
133.47,9474
134.00,9473
134.00,9472
134.00,9471
134.02,9470
134.03,9469
134.03,9468
134.16,9467
134.16,9466
134.20,9465
134.21,9464
134.21,9463
134.27,9462
134.38,9461
134.38,9460
134.39,9459
134.41,9458
134.41,9457
134.42,9456
134.42,9455
134.42,9454
134.42,9453
134.43,9452
134.44,9451
134.47,9450
136.42,9449
136.42,9448
136.55,9447
136.58,9446
136.68,9445
136.70,9444
136.70,9443
136.70,9442
136.70,9441
137.05,9440
137.05,9439
137.06,9438
137.18,9437
137.26,9436
137.26,9435
137.28,9434
137.28,9433
137.29,9432
137.29,9431
137.34,9430
137.35,9429
137.36,9428
137.37,9427
137.37,9426
137.38,9425
137.38,9424
137.38,9423
138.15,9422
138.16,9421
138.16,9420
138.17,9419
138.18,9418
138.18,9417
138.21,9416
138.21,9415
138.21,9414
138.22,9413
138.22,9412
138.22,9411
138.48,9410
138.48,9409
138.48,9408
138.50,9407
138.50,9406
138.50,9405
138.50,9404
138.51,9403
138.52,9402
138.52,9401
138.52,9400
138.53,9399
138.54,9398
138.54,9397
138.54,9396
138.56,9395
138.56,9394
138.56,9393
138.62,9392
138.77,9391
138.77,9390
138.90,9389
138.91,9388
138.92,9387
138.92,9386
138.93,9385
138.94,9384
138.94,9383
138.96,9382
138.97,9381
138.97,9380
139.00,9379
139.00,9378
139.00,9377
139.00,9376
139.01,9375
139.02,9374
139.02,9373
139.28,9372
141.49,9371
141.50,9370
141.50,9369
142.80,9368
142.80,9367
142.81,9366
142.82,9365
142.82,9364
142.82,9363
142.82,9362
142.86,9361
142.86,9360
142.89,9359
142.90,9358
142.90,9357
142.90,9356
146.19,9355
146.19,9354
146.19,9353
146.19,9352
146.20,9351
146.21,9350
146.28,9349
146.29,9348
146.29,9347
146.31,9346
146.33,9345
155.12,9344
155.12,9343
155.12,9342
155.13,9341
155.13,9340
155.14,9339
155.15,9338
155.15,9337
155.15,9336
155.17,9335
155.17,9334
155.18,9333
155.21,9332
155.22,9331
155.23,9330
155.33,9329
155.33,9328
156.13,9327
156.14,9326
156.14,9325
156.14,9324
156.14,9323
156.15,9322
156.19,9321
156.19,9320
156.19,9319
156.24,9318
156.25,9317
156.39,9316
156.48,9315
156.49,9314
156.51,9313
156.51,9312
156.51,9311
158.08,9310
158.08,9309
158.08,9308
158.12,9307
158.12,9306
158.62,9305
158.62,9304
158.62,9303
158.63,9302
158.63,9301
158.69,9300
158.69,9299
158.73,9298
158.74,9297
158.76,9296
158.85,9295
158.86,9294
158.86,9293
158.87,9292
158.90,9291
158.92,9290
159.06,9289
159.06,9288
159.06,9287
159.11,9286
159.12,9285
159.13,9284
159.17,9283
159.18,9282
159.21,9281
159.21,9280
159.22,9279
159.22,9278
159.82,9277
159.82,9276
159.83,9275
159.83,9274
159.83,9273
159.83,9272
159.83,9271
159.97,9270
160.13,9269
160.22,9268
160.28,9267
160.44,9266
160.46,9265
160.46,9264
160.47,9263
160.50,9262
160.50,9261
160.51,9260
160.51,9259
161.12,9258
161.12,9257
161.13,9256
161.14,9255
161.14,9254
161.14,9253
161.14,9252
161.20,9251
161.20,9250
161.20,9249
161.21,9248
161.21,9247
161.21,9246
161.22,9245
161.22,9244
161.22,9243
161.24,9242
161.24,9241
161.24,9240
161.25,9239
161.44,9238
161.44,9237
161.52,9236
161.53,9235
161.53,9234
161.54,9233
165.82,9232
165.83,9231
165.83,9230
165.85,9229
165.85,9228
165.88,9227
165.88,9226
165.89,9225
165.90,9224
165.92,9223
165.92,9222
165.94,9221
165.94,9220
165.94,9219
166.02,9218
166.03,9217
166.03,9216
166.03,9215
166.08,9214
166.08,9213
166.08,9212
166.15,9211
166.15,9210
166.19,9209
166.20,9208
166.33,9207
166.33,9206
166.33,9205
166.33,9204
166.34,9203
166.94,9202
166.96,9201
166.96,9200
166.96,9199
167.03,9198
167.03,9197
167.04,9196
167.19,9195
167.25,9194
167.75,9193
167.75,9192
167.75,9191
167.75,9190
167.75,9189
167.76,9188
167.76,9187
167.76,9186
167.76,9185
167.76,9184
167.77,9183
167.77,9182
167.79,9181
167.79,9180
167.86,9179
167.87,9178
167.87,9177
167.87,9176
168.07,9175
168.07,9174
168.08,9173
168.08,9172
168.08,9171
168.30,9170
168.37,9169
168.38,9168
168.41,9167
168.42,9166
168.42,9165
168.42,9164
168.42,9163
168.42,9162
168.43,9161
168.43,9160
168.57,9159
168.57,9158
168.58,9157
168.58,9156
168.60,9155
168.60,9154
168.60,9153
168.60,9152
168.75,9151
169.03,9150
169.04,9149
169.07,9148
169.14,9147
169.27,9146
169.29,9145
169.30,9144
169.46,9143
169.48,9142
169.48,9141
169.50,9140
169.51,9139
169.51,9138
169.51,9137
169.53,9136
169.56,9135
171.80,9134
171.80,9133
171.81,9132
171.84,9131
171.91,9130
171.91,9129
171.91,9128
171.91,9127
171.93,9126
171.93,9125
171.94,9124
173.77,9123
173.77,9122
174.08,9121
174.08,9120
174.08,9119
174.09,9118
174.09,9117
174.12,9116
174.12,9115
174.12,9114
174.19,9113
174.20,9112
174.20,9111
174.20,9110
174.21,9109
174.22,9108
174.22,9107
174.23,9106
174.25,9105
174.25,9104
174.26,9103
174.26,9102
174.78,9101
174.79,9100
174.80,9099
174.82,9098
174.82,9097
174.83,9096
175.02,9095
175.02,9094
175.03,9093
175.03,9092
175.03,9091
175.03,9090
175.04,9089
175.04,9088
175.11,9087
175.12,9086
175.38,9085
175.39,9084
175.40,9083
175.87,9082
175.87,9081
175.88,9080
175.88,9079
175.89,9078
177.53,9077
177.55,9076
177.62,9075
178.75,9074
178.76,9073
178.76,9072
179.11,9071
179.13,9070
179.17,9069
179.17,9068
179.36,9067
179.40,9066
179.40,9065
179.41,9064
179.41,9063
179.41,9062
179.54,9061
179.61,9060
179.67,9059
179.75,9058
179.75,9057
180.00,9056
180.00,9055
180.08,9054
180.08,9053
180.08,9052
180.09,9051
180.14,9050
180.15,9049
180.15,9048
180.15,9047
180.17,9046
180.94,9045
180.95,9044
180.95,9043
181.02,9042
181.03,9041
181.05,9040
181.08,9039
181.08,9038
181.08,9037
181.09,9036
181.11,9035
181.14,9034
181.15,9033
181.16,9032
183.58,9031
183.73,9030
183.73,9029
183.73,9028
183.74,9027
183.74,9026
183.74,9025
183.75,9024
183.77,9023
183.77,9022
183.80,9021
183.81,9020
183.81,9019
183.81,9018
183.81,9017
183.81,9016
183.82,9015
183.82,9014
183.92,9013
183.95,9012
183.95,9011
183.95,9010
183.95,9009
183.96,9008
183.99,9007
183.99,9006
183.99,9005
184.00,9004
184.01,9003
184.02,9002
184.03,9001
184.04,9000
184.04,8999
184.04,8998
184.56,8997
184.57,8996
184.57,8995
184.57,8994
184.58,8993
184.60,8992
184.60,8991
184.64,8990
184.73,8989
185.49,8988
185.49,8987
185.50,8986
185.54,8985
185.72,8984
185.82,8983
185.82,8982
185.82,8981
185.82,8980
185.99,8979
186.00,8978
186.00,8977
186.05,8976
186.06,8975
186.07,8974
186.93,8973
187.08,8972
187.08,8971
187.09,8970
187.10,8969
187.10,8968
187.16,8967
187.21,8966
187.22,8965
187.45,8964
187.45,8963
187.57,8962
187.57,8961
187.58,8960
187.58,8959
187.59,8958
187.59,8957
188.07,8956
188.09,8955
188.09,8954
188.11,8953
188.11,8952
189.10,8951
189.10,8950
189.11,8949
189.11,8948
189.20,8947
189.42,8946
189.44,8945
189.45,8944
189.47,8943
189.50,8942
189.50,8941
189.51,8940
189.52,8939
189.53,8938
189.94,8937
189.96,8936
189.96,8935
189.96,8934
189.96,8933
190.00,8932
191.29,8931
191.30,8930
191.94,8929
192.48,8928
192.49,8927
192.49,8926
192.50,8925
192.54,8924
192.54,8923
192.54,8922
192.60,8921
192.61,8920
192.61,8919
192.64,8918
192.65,8917
192.65,8916
192.85,8915
192.86,8914
192.87,8913
192.88,8912
192.88,8911
192.88,8910
192.91,8909
192.91,8908
192.94,8907
192.95,8906
192.95,8905
192.95,8904
193.16,8903
193.21,8902
193.21,8901
193.22,8900
193.22,8899
193.22,8898
193.25,8897
193.25,8896
193.26,8895
193.34,8894
193.34,8893
195.62,8892
195.63,8891
195.72,8890
195.79,8889
195.79,8888
195.80,8887
195.86,8886
195.99,8885
196.00,8884
196.00,8883
196.00,8882
196.00,8881
196.11,8880
196.11,8879
196.27,8878
196.28,8877
196.29,8876
196.91,8875
196.93,8874
196.98,8873
197.03,8872
197.04,8871
197.08,8870
197.08,8869
197.09,8868
197.09,8867
197.19,8866
197.21,8865
197.21,8864
197.21,8863
197.23,8862
197.30,8861
197.30,8860
197.30,8859
197.48,8858
197.49,8857
197.49,8856
197.49,8855
197.50,8854
198.10,8853
198.12,8852
198.13,8851
198.26,8850
198.26,8849
198.26,8848
198.28,8847
198.46,8846
198.46,8845
198.50,8844
198.90,8843
198.90,8842
198.91,8841
198.91,8840
198.91,8839
198.92,8838
198.93,8837
198.93,8836
198.93,8835
198.96,8834
198.99,8833
199.11,8832
199.11,8831
199.12,8830
199.12,8829
199.12,8828
199.12,8827
199.12,8826
199.12,8825
199.13,8824
199.14,8823
199.16,8822
199.16,8821
199.16,8820
199.16,8819
199.29,8818
199.30,8817
199.31,8816
199.40,8815
199.53,8814
199.54,8813
199.55,8812
199.56,8811
199.59,8810
199.59,8809
199.63,8808
199.64,8807
199.65,8806
202.36,8805
202.36,8804
202.36,8803
202.37,8802
202.37,8801
202.37,8800
202.37,8799
202.38,8798
202.38,8797
202.38,8796
202.38,8795
202.38,8794
202.40,8793
202.40,8792
202.46,8791
202.46,8790
202.47,8789
202.48,8788
202.48,8787
202.48,8786
202.53,8785
202.53,8784
203.25,8783
203.25,8782
203.30,8781
203.32,8780
203.33,8779
203.37,8778
203.38,8777
203.38,8776
203.46,8775
203.50,8774
203.50,8773
203.51,8772
203.51,8771
203.51,8770
203.54,8769
204.36,8768
204.37,8767
204.37,8766
204.43,8765
204.43,8764
204.43,8763
204.44,8762
204.44,8761
204.46,8760
205.31,8759
205.86,8758
208.06,8757
208.08,8756
208.10,8755
210.63,8754
211.25,8753
211.25,8752
211.33,8751
211.33,8750
211.33,8749
211.34,8748
211.34,8747
211.34,8746
211.37,8745
211.44,8744
211.44,8743
211.51,8742
211.52,8741
211.52,8740
211.52,8739
212.10,8738
212.15,8737
212.15,8736
212.15,8735
212.18,8734
212.19,8733
212.19,8732
212.24,8731
212.33,8730
212.33,8729
212.33,8728
212.34,8727
212.34,8726
212.35,8725
212.37,8724
212.38,8723
212.40,8722
212.41,8721
212.41,8720
212.42,8719
212.42,8718
212.42,8717
212.43,8716
212.54,8715
212.60,8714
212.61,8713
212.61,8712
212.64,8711
212.66,8710
212.66,8709
212.68,8708
212.68,8707
212.70,8706
212.91,8705
212.91,8704
212.91,8703
212.91,8702
212.91,8701
212.92,8700
212.94,8699
213.03,8698
213.03,8697
213.04,8696
213.04,8695
213.29,8694
213.29,8693
214.25,8692
214.25,8691
214.26,8690
214.26,8689
214.28,8688
214.28,8687
214.29,8686
214.29,8685
214.29,8684
214.32,8683
214.36,8682
214.37,8681
214.39,8680
214.41,8679
214.42,8678
214.42,8677
214.42,8676
214.42,8675
214.43,8674
214.45,8673
214.45,8672
214.46,8671
214.46,8670
214.49,8669
214.52,8668
215.34,8667
215.34,8666
215.34,8665
215.36,8664
215.36,8663
215.36,8662
215.37,8661
215.40,8660
215.89,8659
215.90,8658
215.90,8657
215.99,8656
215.99,8655
215.99,8654
216.00,8653
216.28,8652
216.29,8651
216.30,8650
216.30,8649
216.30,8648
216.33,8647
216.37,8646
216.41,8645
216.47,8644
216.47,8643
217.10,8642
217.10,8641
217.11,8640
217.11,8639
217.21,8638
217.22,8637
217.23,8636
217.25,8635
217.27,8634
217.30,8633
217.32,8632
217.33,8631
218.16,8630
218.19,8629
218.19,8628
218.23,8627
218.23,8626
218.28,8625
218.28,8624
218.29,8623
218.29,8622
218.30,8621
218.45,8620
218.46,8619
218.46,8618
218.57,8617
218.61,8616
218.70,8615
218.71,8614
218.75,8613
218.78,8612
218.80,8611
218.80,8610
218.88,8609
218.94,8608
219.02,8607
219.02,8606
219.02,8605
219.02,8604
219.02,8603
219.04,8602
219.05,8601
219.05,8600
219.06,8599
219.07,8598
219.07,8597
219.07,8596
219.65,8595
219.73,8594
219.74,8593
219.78,8592
219.78,8591
219.79,8590
219.85,8589
219.86,8588
219.93,8587
219.93,8586
219.98,8585
220.00,8584
220.20,8583
220.20,8582
220.21,8581
220.21,8580
220.23,8579
220.24,8578
220.25,8577
220.26,8576
220.35,8575
220.35,8574
220.37,8573
220.42,8572
220.54,8571
220.55,8570
221.28,8569
221.31,8568
221.31,8567
221.34,8566
221.34,8565
221.35,8564
221.38,8563
221.38,8562
221.38,8561
221.38,8560
221.38,8559
221.38,8558
221.41,8557
221.42,8556
221.47,8555
221.48,8554
221.48,8553
221.53,8552
221.53,8551
221.62,8550
221.66,8549
221.66,8548
221.68,8547
221.69,8546
221.70,8545
221.71,8544
222.71,8543
222.73,8542
222.73,8541
222.74,8540
223.51,8539
223.52,8538
223.54,8537
223.54,8536
223.56,8535
223.57,8534
223.58,8533
223.80,8532
223.80,8531
223.80,8530
223.93,8529
223.97,8528
223.98,8527
223.99,8526
223.99,8525
224.17,8524
224.17,8523
224.18,8522
224.18,8521
224.22,8520
224.22,8519
224.81,8518
224.81,8517
224.81,8516
224.82,8515
224.82,8514
224.83,8513
224.84,8512
224.84,8511
224.97,8510
224.97,8509
225.02,8508
225.02,8507
225.09,8506
225.10,8505
225.11,8504
225.21,8503
225.21,8502
225.26,8501
225.31,8500
225.45,8499
225.45,8498
226.35,8497
226.35,8496
226.36,8495
226.38,8494
226.39,8493
226.40,8492
226.40,8491
226.40,8490
226.43,8489
227.33,8488
227.35,8487
227.35,8486
227.41,8485
227.43,8484
228.29,8483
228.29,8482
228.69,8481
228.89,8480
228.92,8479
229.08,8478
229.09,8477
229.09,8476
229.13,8475
229.35,8474
229.40,8473
229.45,8472
229.77,8471
229.81,8470
229.81,8469
229.82,8468
229.82,8467
229.84,8466
229.84,8465
229.84,8464
230.23,8463
230.46,8462
230.46,8461
230.47,8460
230.50,8459
230.52,8458
230.52,8457
230.52,8456
230.52,8455
230.53,8454
230.53,8453
230.56,8452
230.57,8451
230.57,8450
230.60,8449
231.00,8448
231.00,8447
231.01,8446
231.01,8445
231.01,8444
231.02,8443
231.03,8442
231.06,8441
231.07,8440
231.07,8439
231.08,8438
231.74,8437
231.75,8436
231.75,8435
231.75,8434
231.76,8433
231.99,8432
232.02,8431
232.03,8430
232.11,8429
232.11,8428
232.20,8427
232.20,8426
232.20,8425
232.24,8424
232.24,8423
232.29,8422
232.31,8421
232.58,8420
232.58,8419
232.59,8418
232.59,8417
232.60,8416
232.67,8415
232.67,8414
232.75,8413
232.75,8412
232.75,8411
232.75,8410
232.75,8409
232.75,8408
232.75,8407
232.95,8406
233.10,8405
233.18,8404
233.20,8403
233.20,8402
233.20,8401
233.21,8400
233.23,8399
233.25,8398
233.26,8397
233.60,8396
233.61,8395
233.63,8394
233.64,8393
233.65,8392
233.67,8391
233.68,8390
233.68,8389
233.68,8388
233.69,8387
233.70,8386
233.70,8385
234.96,8384
235.03,8383
235.05,8382
235.05,8381
235.07,8380
235.08,8379
235.32,8378
235.57,8377
235.57,8376
235.58,8375
235.58,8374
235.59,8373
237.20,8372
237.33,8371
237.38,8370
237.41,8369
237.53,8368
237.54,8367
237.54,8366
237.56,8365
237.57,8364
237.61,8363
237.63,8362
237.64,8361
237.65,8360
237.74,8359
237.78,8358
238.49,8357
238.56,8356
238.59,8355
238.59,8354
238.64,8353
238.64,8352
238.64,8351
238.80,8350
238.99,8349
238.99,8348
239.18,8347
239.18,8346
239.19,8345
239.37,8344
239.37,8343
239.37,8342
239.39,8341
239.42,8340
239.44,8339
239.44,8338
239.46,8337
239.49,8336
239.57,8335
239.63,8334
239.64,8333
239.65,8332
239.65,8331
239.65,8330
239.74,8329
239.81,8328
239.82,8327
239.82,8326
239.82,8325
239.83,8324
239.83,8323
239.84,8322
239.84,8321
239.85,8320
239.85,8319
239.86,8318
239.86,8317
239.87,8316
239.88,8315
239.93,8314
239.94,8313
240.12,8312
240.12,8311
240.14,8310
240.33,8309
240.34,8308
240.54,8307
240.54,8306
241.42,8305
241.42,8304
241.42,8303
241.44,8302
241.44,8301
241.44,8300
241.45,8299
241.45,8298
241.51,8297
241.52,8296
241.54,8295
241.54,8294
241.73,8293
241.77,8292
241.79,8291
241.79,8290
241.81,8289
241.81,8288
243.35,8287
243.38,8286
243.38,8285
243.39,8284
243.41,8283
243.42,8282
244.31,8281
244.32,8280
244.32,8279
244.36,8278
244.51,8277
245.20,8276
245.23,8275
246.72,8274
246.72,8273
246.73,8272
246.74,8271
246.74,8270
246.75,8269
246.80,8268
246.80,8267
246.80,8266
246.84,8265
246.84,8264
246.85,8263
246.88,8262
246.88,8261
246.90,8260
246.91,8259
246.99,8258
247.03,8257
247.06,8256
247.26,8255
247.28,8254
247.39,8253
247.39,8252
247.42,8251
247.45,8250
247.47,8249
248.23,8248
248.35,8247
248.36,8246
248.36,8245
248.37,8244
249.46,8243
249.48,8242
249.85,8241
249.90,8240
249.95,8239
249.95,8238
249.95,8237
249.95,8236
249.96,8235
250.02,8234
250.02,8233
250.13,8232
250.15,8231
250.15,8230
250.19,8229
250.21,8228
250.31,8227
250.42,8226
250.44,8225
250.50,8224
250.50,8223
250.51,8222
250.52,8221
250.53,8220
250.54,8219
250.67,8218
250.69,8217
250.69,8216
250.70,8215
252.00,8214
252.00,8213
252.02,8212
252.04,8211
252.26,8210
252.50,8209
252.50,8208
252.51,8207
252.52,8206
252.52,8205
252.52,8204
252.55,8203
252.55,8202
253.17,8201
253.18,8200
253.19,8199
253.27,8198
253.28,8197
253.28,8196
253.30,8195
253.31,8194
253.56,8193
253.62,8192
254.41,8191
254.42,8190
254.43,8189
254.43,8188
254.43,8187
254.43,8186
254.43,8185
254.44,8184
254.45,8183
254.45,8182
254.57,8181
254.65,8180
254.66,8179
254.68,8178
254.68,8177
254.68,8176
254.70,8175
254.70,8174
254.74,8173
254.84,8172
254.84,8171
254.85,8170
254.85,8169
254.86,8168
254.89,8167
255.01,8166
255.09,8165
255.19,8164
255.19,8163
255.20,8162
255.20,8161
255.20,8160
255.22,8159
255.53,8158
255.58,8157
255.60,8156
255.63,8155
255.69,8154
255.69,8153
256.44,8152
257.10,8151
257.11,8150
257.12,8149
257.13,8148
257.15,8147
257.22,8146
257.23,8145
257.24,8144
257.24,8143
257.26,8142
257.26,8141
257.30,8140
257.33,8139
257.39,8138
257.42,8137
259.38,8136
259.42,8135
259.44,8134
259.63,8133
260.58,8132
260.58,8131
260.62,8130
260.65,8129
260.65,8128
260.65,8127
260.66,8126
260.66,8125
260.92,8124
260.93,8123
260.95,8122
261.06,8121
263.41,8120
263.44,8119
265.52,8118
265.52,8117
265.52,8116
265.55,8115
265.59,8114
265.61,8113
265.63,8112
265.63,8111
265.63,8110
265.66,8109
265.66,8108
265.68,8107
265.72,8106
265.78,8105
265.78,8104
265.91,8103
266.16,8102
266.17,8101
266.19,8100
266.19,8099
266.23,8098
266.26,8097
266.28,8096
266.56,8095
266.57,8094
266.58,8093
266.58,8092
266.58,8091
266.64,8090
266.68,8089
266.68,8088
266.85,8087
266.86,8086
266.87,8085
268.16,8084
269.17,8083
269.21,8082
269.35,8081
269.36,8080
269.36,8079
269.48,8078
269.51,8077
269.52,8076
269.55,8075
269.55,8074
269.55,8073
269.60,8072
269.61,8071
269.65,8070
269.65,8069
269.66,8068
269.66,8067
269.68,8066
269.71,8065
269.75,8064
270.49,8063
270.49,8062
272.04,8061
272.04,8060
272.09,8059
272.10,8058
272.61,8057
272.69,8056
272.71,8055
272.79,8054
272.85,8053
272.85,8052
272.87,8051
272.89,8050
272.89,8049
272.89,8048
272.89,8047
272.90,8046
272.90,8045
272.91,8044
272.91,8043
272.91,8042
272.92,8041
273.12,8040
273.13,8039
273.14,8038
273.14,8037
273.16,8036
273.18,8035
273.18,8034
273.19,8033
273.34,8032
273.50,8031
273.51,8030
273.76,8029
273.78,8028
273.79,8027
273.85,8026
273.86,8025
273.89,8024
273.97,8023
274.15,8022
274.16,8021
274.40,8020
274.40,8019
274.42,8018
274.45,8017
274.45,8016
274.47,8015
274.65,8014
274.66,8013
274.66,8012
275.09,8011
280.77,8010
280.78,8009
280.79,8008
280.79,8007
280.80,8006
280.83,8005
280.87,8004
280.88,8003
280.90,8002
280.90,8001
280.94,8000
281.10,7999
281.24,7998
281.24,7997
281.26,7996
281.61,7995
281.66,7994
281.67,7993
281.85,7992
281.85,7991
281.90,7990
281.93,7989
281.95,7988
281.97,7987
281.99,7986
281.99,7985
282.01,7984
284.98,7983
285.69,7982
285.73,7981
285.73,7980
285.78,7979
285.80,7978
285.80,7977
285.86,7976
285.87,7975
285.88,7974
285.92,7973
286.01,7972
286.03,7971
286.04,7970
286.07,7969
286.07,7968
286.08,7967
286.10,7966
286.14,7965
286.26,7964
286.27,7963
286.39,7962
286.41,7961
286.43,7960
287.34,7959
287.53,7958
287.65,7957
287.65,7956
287.72,7955
287.76,7954
287.81,7953
287.81,7952
287.85,7951
287.90,7950
287.91,7949
287.91,7948
287.93,7947
287.93,7946
288.13,7945
290.45,7944
290.45,7943
290.92,7942
290.94,7941
290.95,7940
290.97,7939
290.99,7938
291.05,7937
291.05,7936
291.15,7935
291.17,7934
291.20,7933
291.22,7932
291.37,7931
291.70,7930
291.77,7929
291.78,7928
301.82,7927
301.88,7926
301.89,7925
301.90,7924
301.91,7923
301.96,7922
302.26,7921
302.88,7920
302.92,7919
303.08,7918
303.18,7917
303.18,7916
303.21,7915
303.71,7914
303.74,7913
304.87,7912
304.87,7911
304.93,7910
304.94,7909
304.98,7908
304.99,7907
305.21,7906
305.22,7905
305.29,7904
305.31,7903
305.34,7902
305.35,7901
305.35,7900
305.37,7899
305.50,7898
305.52,7897
305.52,7896
305.67,7895
305.68,7894
305.72,7893
305.74,7892
305.75,7891
305.76,7890
306.13,7889
306.32,7888
306.37,7887
306.38,7886
306.39,7885
306.40,7884
309.30,7883
309.30,7882
309.32,7881
309.34,7880
309.56,7879
309.61,7878
309.91,7877
309.92,7876
309.93,7875
309.93,7874
310.00,7873
310.01,7872
310.02,7871
310.02,7870
310.28,7869
310.33,7868
310.54,7867
310.58,7866
310.64,7865
310.70,7864
310.75,7863
310.81,7862
310.82,7861
310.82,7860
311.41,7859
311.69,7858
311.69,7857
311.72,7856
311.73,7855
311.74,7854
311.82,7853
311.82,7852
311.82,7851
311.87,7850
311.89,7849
311.90,7848
312.60,7847
312.86,7846
312.93,7845
312.98,7844
312.99,7843
313.15,7842
313.19,7841
313.21,7840
313.26,7839
313.42,7838
313.43,7837
314.43,7836
314.45,7835
314.47,7834
314.63,7833
314.64,7832
314.64,7831
314.67,7830
314.76,7829
314.77,7828
314.77,7827
315.02,7826
315.02,7825
315.13,7824
315.13,7823
316.34,7822
316.46,7821
316.46,7820
316.63,7819
316.65,7818
316.68,7817
316.69,7816
316.70,7815
316.71,7814
316.71,7813
317.47,7812
317.47,7811
317.49,7810
317.50,7809
317.60,7808
324.21,7807
324.23,7806
324.25,7805
324.26,7804
324.26,7803
324.47,7802
324.48,7801
324.53,7800
324.54,7799
331.22,7798
331.23,7797
331.24,7796
331.34,7795
331.61,7794
331.68,7793
331.69,7792
332.19,7791
332.20,7790
333.13,7789
333.13,7788
333.14,7787
333.83,7786
333.87,7785
333.91,7784
333.95,7783
334.07,7782
334.08,7781
335.51,7780
335.51,7779
335.52,7778
335.55,7777
335.69,7776
335.92,7775
335.95,7774
338.98,7773
339.00,7772
339.11,7771
339.13,7770
339.16,7769
339.18,7768
339.22,7767
340.30,7766
340.34,7765
340.37,7764
340.88,7763
342.16,7762
342.22,7761
342.23,7760
342.28,7759
342.38,7758
342.43,7757
342.45,7756
342.48,7755
346.69,7754
346.72,7753
346.75,7752
347.07,7751
347.16,7750
347.21,7749
347.83,7748
347.83,7747
347.94,7746
348.35,7745
348.45,7744
348.45,7743
348.71,7742
348.86,7741
349.92,7740
357.78,7739
365.33,7738
365.37,7737
365.39,7736
365.42,7735
365.77,7734
365.78,7733
365.88,7732
365.93,7731
366.12,7730
366.13,7729
366.14,7728
366.55,7727
367.16,7726
370.24,7725
370.25,7724
370.34,7723
370.37,7722
372.13,7721
372.15,7720
372.68,7719
372.68,7718
372.78,7717
372.79,7716
372.79,7715
372.97,7714
372.99,7713
373.26,7712
373.26,7711
373.34,7710
373.41,7709
373.45,7708
373.58,7707
373.59,7706
373.62,7705
373.72,7704
373.75,7703
374.17,7702
383.12,7701
384.73,7700
384.78,7699
384.91,7698
384.95,7697
384.98,7696
385.21,7695
391.02,7694
391.07,7693
391.09,7692
396.05,7691
396.07,7690
396.08,7689
396.17,7688
402.47,7687
402.53,7686
402.60,7685
402.60,7684
402.64,7683
409.09,7682
409.36,7681
409.53,7680
409.56,7679
411.85,7678
411.86,7677
411.93,7676
412.03,7675
412.09,7674
412.31,7673
412.35,7672
412.35,7671
413.20,7670
413.27,7669
413.29,7668
413.59,7667
413.75,7666
413.86,7665
413.87,7664
413.92,7663
414.14,7662
414.14,7661
414.66,7660
416.38,7659
420.64,7658
421.32,7657
421.49,7656
427.89,7655
428.01,7654
428.05,7653
428.09,7652
428.11,7651
428.44,7650
428.62,7649
428.65,7648
428.66,7647
428.71,7646
428.76,7645
428.78,7644
428.85,7643
428.85,7642
428.95,7641
429.94,7640
430.01,7639
430.02,7638
430.60,7637
430.60,7636
433.27,7635
433.64,7634
437.92,7633
437.96,7632
438.14,7631
438.19,7630
438.40,7629
438.42,7628
438.44,7627
438.91,7626
439.00,7625
439.10,7624
440.29,7623
440.29,7622
440.34,7621
440.36,7620
440.36,7619
440.40,7618
442.82,7617
442.96,7616
456.16,7615
456.23,7614
456.24,7613
456.30,7612
456.33,7611
456.38,7610
456.41,7609
456.44,7608
456.54,7607
456.64,7606
489.74,7605
490.19,7604
490.32,7603
490.33,7602
493.42,7601
498.80,7600
499.33,7599
499.36,7598
500.01,7597
500.26,7596
500.31,7595
500.33,7594
500.33,7593
500.36,7592
500.40,7591
500.41,7590
502.37,7589
505.90,7588
505.90,7587
505.98,7586
506.04,7585
506.09,7584
506.44,7583
506.58,7582
527.21,7581
527.38,7580
527.61,7579
527.70,7578
527.82,7577
527.83,7576
528.92,7575
529.51,7574
529.62,7573
529.66,7572
529.71,7571
531.26,7570
531.37,7569
537.27,7568
538.87,7567
539.02,7566
539.15,7565
539.16,7564
544.30,7563
578.95,7562
579.55,7561
579.58,7560
579.58,7559
579.59,7558
580.81,7557
584.24,7556
584.35,7555
584.53,7554
584.68,7553
584.73,7552
588.22,7551
588.28,7550
588.29,7549
594.14,7548
595.32,7547
595.71,7546
595.71,7545
