0.00,5947
0.40,5946
1.67,5945
2.64,5944
3.43,5943
4.02,5942
4.82,5941
5.23,5940
5.84,5939
8.41,5938
9.01,5937
9.61,5936
10.86,5935
11.26,5934
11.65,5933
13.50,5932
14.50,5931
15.70,5930
16.31,5929
18.75,5928
19.62,5927
22.78,5926
26.97,5925
27.60,5924
27.98,5923
28.36,5922
29.86,5921
31.27,5920
32.31,5919
33.54,5918
35.47,5917
36.04,5916
36.62,5915
37.01,5914
40.93,5913
42.69,5912
43.87,5911
45.55,5910
46.80,5909
47.90,5908
48.69,5907
49.86,5906
50.25,5905
51.21,5904
52.37,5903
52.96,5902
53.95,5901
55.30,5900
57.49,5899
58.26,5898
58.84,5897
59.42,5896
60.77,5895
61.54,5894
63.75,5893
65.53,5892
66.16,5891
67.18,5890
68.63,5889
69.28,5888
71.59,5887
73.37,5886
73.76,5885
74.75,5884
75.92,5883
77.08,5882
77.47,5881
78.25,5880
79.03,5879
79.81,5878
80.20,5877
80.97,5876
81.92,5875
82.70,5874
83.09,5873
83.85,5872
84.62,5871
85.96,5870
86.72,5869
87.49,5868
88.85,5867
91.75,5866
94.99,5865
96.34,5864
97.51,5863
98.48,5862
99.26,5861
99.84,5860
100.42,5859
102.55,5858
103.33,5857
104.37,5856
104.76,5855
105.71,5854
106.47,5853
107.24,5852
107.66,5851
109.20,5850
110.61,5849
112.11,5848
113.24,5847
116.05,5846
116.79,5845
120.01,5844
120.82,5843
121.57,5842
121.96,5841
122.97,5840
123.38,5839
124.13,5838
125.13,5837
125.52,5836
126.26,5835
127.83,5834
128.92,5833
129.65,5832
131.35,5831
132.08,5830
133.59,5829
133.96,5828
134.70,5827
135.63,5826
136.19,5825
137.29,5824
138.24,5823
139.12,5822
139.68,5821
140.47,5820
140.85,5819
142.15,5818
143.44,5817
144.01,5816
145.14,5815
146.27,5814
148.17,5813
148.57,5812
149.69,5811
150.06,5810
152.58,5809
154.33,5808
154.74,5807
155.14,5806
158.92,5805
159.29,5804
160.26,5803
162.22,5802
162.99,5801
164.12,5800
164.70,5799
166.53,5798
168.26,5797
168.81,5796
169.19,5795
169.94,5794
170.50,5793
171.48,5792
172.23,5791
172.79,5790
173.15,5789
173.51,5788
174.25,5787
174.80,5786
175.17,5785
175.72,5784
176.44,5783
176.98,5782
178.25,5781
178.80,5780
179.77,5779
181.04,5778
181.60,5777
182.15,5776
183.08,5775
184.38,5774
185.46,5773
186.19,5772
187.29,5771
188.21,5770
189.50,5769
190.43,5768
191.34,5767
191.71,5766
192.08,5765
192.83,5764
194.13,5763
194.68,5762
195.27,5761
196.00,5760
196.59,5759
199.16,5758
199.88,5757
200.98,5756
201.57,5755
203.05,5754
204.34,5753
205.45,5752
206.57,5751
206.93,5750
207.30,5749
208.21,5748
208.57,5747
209.48,5746
210.23,5745
211.04,5744
212.73,5743
213.87,5742
215.41,5741
215.80,5740
217.21,5739
218.15,5738
218.58,5737
219.72,5736
220.09,5735
220.45,5734
221.73,5733
223.08,5732
224.08,5731
225.04,5730
229.59,5729
231.26,5728
231.65,5727
232.24,5726
233.35,5725
234.37,5724
234.84,5723
235.59,5722
238.40,5721
238.78,5720
239.45,5719
240.21,5718
241.30,5717
242.03,5716
242.39,5715
243.34,5714
244.86,5713
246.90,5712
249.88,5711
251.11,5710
255.24,5709
256.20,5708
258.31,5707
258.78,5706
259.56,5705
260.86,5704
261.47,5703
262.07,5702
262.91,5701
263.53,5700
266.03,5699
266.42,5698
267.00,5697
267.77,5696
268.58,5695
269.00,5694
269.59,5693
270.37,5692
271.96,5691
272.73,5690
274.45,5689
275.46,5688
276.03,5687
276.79,5686
277.37,5685
278.33,5684
279.28,5683
280.99,5682
282.20,5681
283.56,5680
286.93,5679
287.53,5678
288.93,5677
289.77,5676
290.16,5675
291.52,5674
292.59,5673
292.98,5672
295.35,5671
296.72,5670
297.68,5669
299.86,5668
301.26,5667
302.26,5666
302.65,5665
304.44,5664
305.23,5663
306.97,5662
307.54,5661
307.94,5660
308.32,5659
310.06,5658
310.82,5657
311.58,5656
313.93,5655
314.52,5654
315.31,5653
315.73,5652
316.14,5651
317.11,5650
317.87,5649
318.31,5648
319.09,5647
323.71,5646
324.83,5645
325.88,5644
326.70,5643
327.29,5642
328.48,5641
328.87,5640
329.49,5639
330.63,5638
332.36,5637
333.61,5636
334.54,5635
336.99,5634
338.64,5633
339.20,5632
340.50,5631
341.43,5630
342.74,5629
343.12,5628
344.06,5627
345.20,5626
346.93,5625
347.75,5624
348.33,5623
349.11,5622
350.58,5621
351.46,5620
353.14,5619
354.63,5618
356.51,5617
356.88,5616
357.26,5615
359.46,5614
360.54,5613
361.13,5612
362.47,5611
364.82,5610
366.16,5609
367.28,5608
368.21,5607
370.43,5606
371.38,5605
372.62,5604
375.10,5603
375.74,5602
376.14,5601
379.36,5600
381.37,5599
381.77,5598
382.59,5597
383.00,5596
383.42,5595
384.33,5594
385.14,5593
386.14,5592
390.04,5591
390.80,5590
391.52,5589
391.89,5588
394.48,5587
395.05,5586
398.27,5585
400.60,5584
401.20,5583
402.64,5582
404.25,5581
405.62,5580
407.15,5579
407.52,5578
409.47,5577
410.21,5576
410.58,5575
412.62,5574
414.61,5573
415.50,5572
416.30,5571
417.28,5570
419.52,5569
420.25,5568
422.46,5567
425.01,5566
425.75,5565
426.70,5564
427.07,5563
427.44,5562
427.81,5561
430.37,5560
430.94,5559
431.71,5558
432.45,5557
433.03,5556
434.55,5555
437.17,5554
439.40,5553
440.56,5552
441.31,5551
442.43,5550
444.33,5549
444.91,5548
445.54,5547
448.74,5546
450.38,5545
451.28,5544
452.57,5543
453.46,5542
454.56,5541
455.35,5540
455.76,5539
456.35,5538
458.29,5537
459.93,5536
460.72,5535
461.28,5534
461.66,5533
464.19,5532
464.59,5531
465.19,5530
465.96,5529
468.03,5528
472.05,5527
476.69,5526
478.06,5525
480.53,5524
484.53,5523
485.66,5522
488.79,5521
489.20,5520
489.63,5519
490.46,5518
491.66,5517
492.05,5516
494.29,5515
495.25,5514
496.21,5513
496.78,5512
499.28,5511
499.84,5510
500.41,5509
501.36,5508
502.72,5507
504.25,5506
505.02,5505
506.15,5504
506.72,5503
508.06,5502
510.19,5501
511.14,5500
512.85,5499
513.62,5498
514.58,5497
515.72,5496
517.54,5495
518.75,5494
521.16,5493
522.22,5492
523.07,5491
526.28,5490
527.47,5489
527.89,5488
528.35,5487
533.53,5486
534.38,5485
535.26,5484
536.33,5483
538.82,5482
541.07,5481
544.42,5480
545.62,5479
546.01,5478
547.44,5477
549.59,5476
550.19,5475
551.79,5474
553.41,5473
553.80,5472
556.01,5471
557.68,5470
559.00,5469
561.10,5468
562.76,5467
564.61,5466
564.97,5465
566.44,5464
566.81,5463
567.38,5462
568.49,5461
570.30,5460
571.21,5459
571.76,5458
572.31,5457
573.67,5456
574.05,5455
579.15,5454
580.00,5453
581.09,5452
581.85,5451
586.36,5450
586.76,5449
587.76,5448
588.14,5447
589.63,5446
591.72,5445
593.00,5444
594.29,5443
597.33,5442
598.32,5441
599.06,5440
