0.48,11022
0.48,11021
0.48,11020
0.48,11019
0.48,11018
0.49,11017
0.49,11016
0.49,11015
0.50,11014
0.50,11013
0.50,11012
0.50,11011
0.50,11010
0.50,11009
0.51,11008
0.51,11007
0.52,11006
0.52,11005
0.52,11004
0.53,11003
0.53,11002
0.53,11001
0.53,11000
0.53,10999
0.53,10998
0.53,10997
0.53,10996
0.54,10995
0.54,10994
0.55,10993
0.55,10992
0.55,10991
0.55,10990
0.55,10989
0.56,10988
0.56,10987
0.56,10986
0.57,10985
0.57,10984
0.57,10983
0.58,10982
0.58,10981
0.58,10980
0.58,10979
0.59,10978
0.59,10977
0.59,10976
0.60,10975
0.60,10974
0.60,10973
0.60,10972
0.61,10971
0.61,10970
0.62,10969
0.62,10968
0.62,10967
0.62,10966
0.62,10965
0.63,10964
0.63,10963
0.63,10962
0.65,10961
0.65,10960
0.65,10959
0.66,10958
0.66,10957
0.66,10956
0.67,10955
0.67,10954
0.67,10953
0.68,10952
0.68,10951
0.68,10950
0.68,10949
0.69,10948
0.69,10947
0.70,10946
0.70,10945
0.70,10944
0.70,10943
0.70,10942
0.70,10941
0.71,10940
0.71,10939
0.72,10938
0.73,10937
0.73,10936
0.73,10935
0.74,10934
0.74,10933
0.74,10932
0.75,10931
0.75,10930
0.76,10929
0.78,10928
0.79,10927
0.79,10926
0.79,10925
0.80,10924
0.80,10923
0.80,10922
0.80,10921
0.81,10920
0.81,10919
0.82,10918
0.83,10917
0.83,10916
0.84,10915
0.84,10914
0.84,10913
0.86,10912
0.86,10911
0.87,10910
0.87,10909
0.87,10908
0.87,10907
0.87,10906
0.88,10905
0.88,10904
0.89,10903
0.89,10902
0.89,10901
0.89,10900
0.91,10899
0.91,10898
0.91,10897
0.92,10896
0.92,10895
0.92,10894
0.92,10893
0.92,10892
0.93,10891
0.93,10890
0.93,10889
0.93,10888
0.93,10887
0.94,10886
0.95,10885
0.95,10884
0.95,10883
0.96,10882
0.97,10881
0.97,10880
0.97,10879
0.97,10878
0.97,10877
0.98,10876
0.98,10875
0.99,10874
0.99,10873
1.00,10872
1.00,10871
1.00,10870
1.01,10869
1.01,10868
1.02,10867
1.02,10866
1.02,10865
1.02,10864
1.02,10863
1.02,10862
1.02,10861
1.02,10860
1.02,10859
1.02,10858
1.04,10857
1.04,10856
1.04,10855
1.05,10854
1.05,10853
1.05,10852
1.06,10851
1.06,10850
1.06,10849
1.06,10848
1.06,10847
1.07,10846
1.07,10845
1.08,10844
1.08,10843
1.08,10842
1.08,10841
1.09,10840
1.09,10839
1.09,10838
1.10,10837
1.11,10836
1.12,10835
1.12,10834
1.12,10833
1.12,10832
1.12,10831
1.12,10830
1.14,10829
1.14,10828
1.14,10827
1.14,10826
1.14,10825
1.14,10824
1.15,10823
1.15,10822
1.15,10821
1.15,10820
1.16,10819
1.16,10818
1.16,10817
1.17,10816
1.18,10815
1.18,10814
1.18,10813
1.19,10812
1.19,10811
1.19,10810
1.20,10809
1.20,10808
1.20,10807
1.20,10806
1.21,10805
1.21,10804
1.21,10803
1.22,10802
1.22,10801
1.22,10800
1.23,10799
1.23,10798
1.24,10797
1.24,10796
1.24,10795
1.24,10794
1.24,10793
1.24,10792
1.24,10791
1.25,10790
1.25,10789
1.25,10788
1.25,10787
1.25,10786
1.27,10785
1.28,10784
1.28,10783
1.28,10782
1.28,10781
1.28,10780
1.28,10779
1.29,10778
1.30,10777
1.30,10776
1.30,10775
1.31,10774
1.32,10773
1.33,10772
1.34,10771
1.34,10770
1.34,10769
1.34,10768
1.35,10767
1.35,10766
1.36,10765
1.37,10764
1.37,10763
1.37,10762
1.38,10761
1.38,10760
1.39,10759
1.39,10758
1.39,10757
1.39,10756
1.40,10755
1.40,10754
1.40,10753
1.40,10752
1.40,10751
1.42,10750
1.42,10749
1.44,10748
1.44,10747
1.44,10746
1.44,10745
1.44,10744
1.45,10743
1.45,10742
1.46,10741
1.47,10740
1.47,10739
1.47,10738
1.47,10737
1.47,10736
1.47,10735
1.47,10734
1.48,10733
1.48,10732
1.48,10731
1.50,10730
1.50,10729
1.50,10728
1.51,10727
1.52,10726
1.52,10725
1.53,10724
1.55,10723
1.57,10722
1.57,10721
1.60,10720
1.60,10719
1.61,10718
1.61,10717
1.62,10716
1.62,10715
1.62,10714
1.62,10713
1.62,10712
1.62,10711
1.62,10710
1.62,10709
1.63,10708
1.63,10707
1.64,10706
1.64,10705
1.65,10704
1.66,10703
1.66,10702
1.68,10701
1.69,10700
1.69,10699
1.69,10698
1.69,10697
1.69,10696
1.71,10695
1.72,10694
1.72,10693
1.72,10692
1.72,10691
1.72,10690
1.72,10689
1.72,10688
1.73,10687
1.73,10686
1.74,10685
1.75,10684
1.75,10683
1.76,10682
2.06,10681
2.06,10680
2.07,10679
2.07,10678
2.08,10677
2.08,10676
2.08,10675
2.08,10674
2.09,10673
2.09,10672
2.09,10671
2.11,10670
2.12,10669
2.13,10668
2.13,10667
2.13,10666
2.15,10665
2.16,10664
2.17,10663
2.17,10662
2.17,10661
2.17,10660
2.19,10659
2.19,10658
2.27,10657
2.27,10656
2.27,10655
2.28,10654
2.28,10653
2.28,10652
2.29,10651
2.30,10650
2.30,10649
2.30,10648
2.31,10647
2.31,10646
2.31,10645
2.31,10644
2.31,10643
2.33,10642
2.33,10641
2.33,10640
2.33,10639
2.34,10638
2.34,10637
2.35,10636
2.35,10635
2.35,10634
2.36,10633
2.37,10632
2.37,10631
2.37,10630
2.37,10629
2.37,10628
2.38,10627
2.39,10626
2.40,10625
2.40,10624
2.40,10623
2.40,10622
2.41,10621
2.41,10620
2.41,10619
2.41,10618
2.41,10617
2.41,10616
2.41,10615
2.41,10614
2.41,10613
2.42,10612
2.42,10611
2.42,10610
2.42,10609
2.42,10608
2.42,10607
2.43,10606
2.43,10605
2.44,10604
2.45,10603
2.46,10602
2.46,10601
2.46,10600
2.46,10599
2.47,10598
2.47,10597
2.47,10596
2.49,10595
2.50,10594
2.50,10593
2.50,10592
2.50,10591
2.51,10590
2.52,10589
2.52,10588
2.52,10587
2.52,10586
2.53,10585
2.53,10584
2.53,10583
2.53,10582
2.53,10581
2.54,10580
2.54,10579
2.54,10578
2.54,10577
2.54,10576
2.54,10575
2.54,10574
2.56,10573
2.56,10572
2.56,10571
2.57,10570
2.58,10569
2.59,10568
2.59,10567
2.59,10566
2.60,10565
2.60,10564
2.60,10563
2.61,10562
2.61,10561
2.63,10560
2.63,10559
2.63,10558
2.63,10557
2.63,10556
2.63,10555
2.63,10554
2.63,10553
2.64,10552
2.64,10551
2.64,10550
2.64,10549
2.64,10548
2.65,10547
2.65,10546
2.66,10545
2.68,10544
2.73,10543
2.73,10542
2.74,10541
2.82,10540
2.84,10539
2.84,10538
2.84,10537
2.84,10536
2.85,10535
2.85,10534
2.85,10533
2.87,10532
2.87,10531
2.88,10530
2.88,10529
2.88,10528
2.88,10527
2.89,10526
2.89,10525
2.89,10524
2.90,10523
2.90,10522
2.91,10521
2.93,10520
2.94,10519
2.95,10518
2.96,10517
2.97,10516
2.97,10515
2.97,10514
3.02,10513
3.02,10512
3.02,10511
3.02,10510
3.03,10509
3.03,10508
3.04,10507
3.04,10506
3.04,10505
3.06,10504
3.06,10503
3.06,10502
3.07,10501
3.08,10500
3.08,10499
3.10,10498
3.10,10497
3.10,10496
3.10,10495
3.10,10494
3.10,10493
3.10,10492
3.10,10491
3.10,10490
3.10,10489
3.11,10488
3.11,10487
3.23,10486
3.24,10485
3.24,10484
3.24,10483
3.25,10482
3.25,10481
3.25,10480
3.26,10479
3.27,10478
3.27,10477
3.28,10476
3.29,10475
3.29,10474
3.29,10473
3.30,10472
3.31,10471
3.31,10470
3.32,10469
3.32,10468
3.32,10467
3.33,10466
3.36,10465
3.37,10464
3.38,10463
3.38,10462
3.38,10461
3.38,10460
3.38,10459
3.41,10458
3.41,10457
3.41,10456
3.42,10455
3.42,10454
3.42,10453
3.42,10452
3.42,10451
3.43,10450
3.46,10449
3.47,10448
3.49,10447
3.50,10446
3.50,10445
3.50,10444
3.50,10443
3.51,10442
3.52,10441
3.52,10440
3.52,10439
3.80,10438
3.80,10437
3.80,10436
3.80,10435
3.81,10434
3.81,10433
3.81,10432
3.82,10431
3.88,10430
3.88,10429
3.88,10428
3.90,10427
4.02,10426
4.02,10425
4.02,10424
4.10,10423
4.10,10422
4.11,10421
4.14,10420
4.14,10419
4.14,10418
4.14,10417
4.14,10416
4.14,10415
4.15,10414
4.16,10413
4.16,10412
4.16,10411
4.18,10410
4.18,10409
4.21,10408
4.24,10407
4.26,10406
4.26,10405
4.27,10404
4.29,10403
4.32,10402
4.32,10401
4.32,10400
4.33,10399
4.34,10398
4.34,10397
4.35,10396
4.35,10395
4.43,10394
4.43,10393
4.43,10392
4.44,10391
4.44,10390
4.45,10389
4.45,10388
4.45,10387
4.45,10386
4.45,10385
4.45,10384
4.45,10383
4.46,10382
4.47,10381
4.47,10380
4.48,10379
4.48,10378
4.48,10377
4.49,10376
4.49,10375
4.49,10374
4.51,10373
4.52,10372
4.59,10371
4.59,10370
4.63,10369
4.63,10368
4.65,10367
4.65,10366
4.65,10365
4.66,10364
4.70,10363
4.70,10362
4.70,10361
4.70,10360
4.70,10359
4.71,10358
4.71,10357
4.71,10356
4.71,10355
4.73,10354
4.73,10353
4.74,10352
4.74,10351
4.74,10350
4.77,10349
4.81,10348
4.83,10347
4.83,10346
4.84,10345
4.84,10344
4.84,10343
4.85,10342
4.86,10341
4.86,10340
4.86,10339
4.87,10338
4.87,10337
4.91,10336
4.91,10335
4.92,10334
4.92,10333
4.92,10332
4.92,10331
4.93,10330
4.93,10329
4.93,10328
4.93,10327
4.93,10326
4.93,10325
4.93,10324
4.94,10323
4.94,10322
4.94,10321
4.94,10320
4.94,10319
4.94,10318
4.94,10317
4.94,10316
4.94,10315
4.94,10314
4.95,10313
4.95,10312
4.97,10311
4.97,10310
4.97,10309
4.97,10308
4.99,10307
5.00,10306
5.01,10305
5.01,10304
5.02,10303
5.02,10302
5.02,10301
5.03,10300
5.04,10299
5.08,10298
5.08,10297
5.08,10296
5.09,10295
5.15,10294
5.16,10293
5.16,10292
5.16,10291
5.16,10290
5.16,10289
5.17,10288
5.46,10287
5.46,10286
5.46,10285
5.48,10284
5.49,10283
5.49,10282
5.49,10281
5.50,10280
5.52,10279
5.52,10278
5.52,10277
5.52,10276
5.52,10275
5.53,10274
5.53,10273
5.53,10272
5.56,10271
5.56,10270
5.57,10269
5.58,10268
5.58,10267
5.58,10266
5.62,10265
5.62,10264
5.64,10263
5.64,10262
5.64,10261
5.65,10260
5.65,10259
5.66,10258
5.67,10257
5.68,10256
5.69,10255
5.71,10254
5.72,10253
5.72,10252
5.72,10251
5.73,10250
5.77,10249
5.78,10248
5.79,10247
5.79,10246
5.79,10245
5.80,10244
5.81,10243
5.81,10242
5.81,10241
5.81,10240
5.82,10239
5.82,10238
5.82,10237
5.83,10236
5.83,10235
5.83,10234
5.84,10233
5.85,10232
5.86,10231
5.88,10230
5.88,10229
5.89,10228
5.91,10227
5.94,10226
5.95,10225
5.95,10224
5.95,10223
5.96,10222
5.99,10221
6.02,10220
6.05,10219
6.06,10218
6.10,10217
6.11,10216
6.12,10215
6.13,10214
6.13,10213
6.13,10212
6.13,10211
6.13,10210
6.13,10209
6.13,10208
6.13,10207
6.14,10206
6.14,10205
6.19,10204
6.21,10203
6.21,10202
6.22,10201
6.22,10200
6.22,10199
6.23,10198
6.24,10197
6.25,10196
6.25,10195
6.25,10194
6.25,10193
6.26,10192
6.27,10191
6.28,10190
6.28,10189
6.28,10188
6.28,10187
6.29,10186
6.31,10185
6.31,10184
6.31,10183
6.31,10182
6.61,10181
6.61,10180
6.61,10179
6.61,10178
6.63,10177
6.64,10176
6.66,10175
6.66,10174
6.68,10173
6.68,10172
6.69,10171
6.69,10170
6.69,10169
6.74,10168
6.75,10167
6.80,10166
6.83,10165
6.83,10164
6.84,10163
6.84,10162
6.85,10161
6.88,10160
6.94,10159
6.94,10158
6.94,10157
6.94,10156
6.94,10155
6.96,10154
6.96,10153
6.96,10152
6.96,10151
7.06,10150
7.06,10149
7.06,10148
7.06,10147
7.06,10146
7.07,10145
7.09,10144
7.09,10143
7.12,10142
7.13,10141
7.14,10140
7.16,10139
7.17,10138
7.17,10137
7.17,10136
7.18,10135
7.18,10134
7.19,10133
7.19,10132
7.20,10131
7.20,10130
7.22,10129
7.22,10128
7.23,10127
7.24,10126
7.24,10125
7.24,10124
7.25,10123
7.25,10122
7.27,10121
7.27,10120
7.27,10119
7.28,10118
7.28,10117
7.29,10116
7.29,10115
7.30,10114
7.30,10113
7.80,10112
7.81,10111
7.81,10110
7.81,10109
7.93,10108
7.94,10107
7.95,10106
7.95,10105
7.95,10104
7.97,10103
7.98,10102
7.98,10101
8.01,10100
8.04,10099
8.07,10098
8.07,10097
8.07,10096
8.19,10095
8.19,10094
8.19,10093
8.19,10092
8.24,10091
8.31,10090
8.31,10089
8.37,10088
8.38,10087
8.41,10086
8.43,10085
8.43,10084
8.43,10083
8.44,10082
8.44,10081
8.44,10080
8.45,10079
8.45,10078
8.46,10077
8.46,10076
8.47,10075
8.47,10074
8.48,10073
8.48,10072
8.48,10071
8.48,10070
8.51,10069
8.52,10068
8.53,10067
8.53,10066
8.58,10065
8.58,10064
8.58,10063
8.58,10062
8.58,10061
8.59,10060
8.59,10059
8.60,10058
8.70,10057
8.71,10056
8.71,10055
8.71,10054
8.72,10053
8.77,10052
8.77,10051
8.77,10050
8.78,10049
8.78,10048
8.78,10047
8.78,10046
8.78,10045
8.79,10044
8.85,10043
8.87,10042
8.87,10041
8.87,10040
8.88,10039
8.88,10038
8.88,10037
8.89,10036
8.89,10035
8.90,10034
8.92,10033
8.92,10032
8.94,10031
8.94,10030
10.01,10029
10.02,10028
10.06,10027
10.07,10026
10.08,10025
10.08,10024
10.08,10023
10.08,10022
10.08,10021
10.08,10020
10.35,10019
10.35,10018
10.38,10017
10.38,10016
10.38,10015
10.41,10014
10.41,10013
10.41,10012
10.42,10011
10.42,10010
10.43,10009
10.43,10008
10.43,10007
10.43,10006
10.44,10005
10.44,10004
10.50,10003
10.50,10002
10.50,10001
10.51,10000
10.52,9999
10.52,9998
10.52,9997
10.57,9996
10.57,9995
10.57,9994
10.58,9993
10.80,9992
10.82,9991
10.83,9990
10.88,9989
10.89,9988
11.24,9987
11.24,9986
11.24,9985
11.26,9984
11.26,9983
11.30,9982
11.31,9981
11.31,9980
11.31,9979
11.31,9978
11.31,9977
11.31,9976
11.33,9975
11.33,9974
11.33,9973
11.33,9972
11.38,9971
11.39,9970
11.39,9969
11.51,9968
11.51,9967
11.51,9966
11.52,9965
11.52,9964
11.52,9963
11.52,9962
11.55,9961
11.55,9960
11.55,9959
11.56,9958
11.66,9957
11.66,9956
11.68,9955
11.68,9954
11.68,9953
11.68,9952
11.68,9951
11.69,9950
11.77,9949
11.79,9948
11.79,9947
11.79,9946
11.79,9945
11.80,9944
11.80,9943
12.35,9942
12.35,9941
12.35,9940
12.35,9939
12.36,9938
12.59,9937
12.59,9936
12.59,9935
12.59,9934
12.59,9933
13.10,9932
13.11,9931
13.11,9930
13.12,9929
13.21,9928
13.23,9927
13.23,9926
13.23,9925
13.26,9924
13.27,9923
13.27,9922
13.28,9921
13.28,9920
13.28,9919
13.28,9918
13.43,9917
13.43,9916
13.44,9915
13.44,9914
13.44,9913
13.45,9912
13.46,9911
13.54,9910
13.54,9909
13.54,9908
13.57,9907
13.57,9906
13.57,9905
13.58,9904
13.62,9903
13.64,9902
13.64,9901
13.65,9900
13.65,9899
13.82,9898
13.83,9897
13.84,9896
13.89,9895
13.89,9894
13.89,9893
13.89,9892
13.89,9891
13.90,9890
13.90,9889
13.90,9888
13.90,9887
13.90,9886
13.90,9885
13.91,9884
13.91,9883
13.91,9882
14.63,9881
14.63,9880
14.63,9879
14.66,9878
14.66,9877
14.70,9876
14.81,9875
14.81,9874
14.81,9873
14.81,9872
14.84,9871
14.84,9870
14.84,9869
14.84,9868
14.85,9867
14.86,9866
14.89,9865
14.89,9864
14.92,9863
14.92,9862
14.93,9861
14.93,9860
14.94,9859
14.94,9858
14.95,9857
14.98,9856
14.98,9855
15.18,9854
15.51,9853
15.51,9852
15.51,9851
15.61,9850
15.61,9849
15.62,9848
15.62,9847
15.64,9846
15.64,9845
15.64,9844
15.64,9843
15.65,9842
15.96,9841
15.96,9840
15.97,9839
15.97,9838
15.97,9837
15.97,9836
15.97,9835
15.98,9834
15.98,9833
16.11,9832
16.11,9831
16.11,9830
16.11,9829
16.12,9828
16.12,9827
16.20,9826
16.20,9825
16.20,9824
16.20,9823
16.20,9822
16.20,9821
16.22,9820
16.22,9819
16.22,9818
16.22,9817
16.23,9816
16.23,9815
16.33,9814
16.33,9813
16.33,9812
16.33,9811
16.36,9810
16.36,9809
16.38,9808
16.38,9807
16.38,9806
16.38,9805
16.63,9804
16.65,9803
16.66,9802
16.67,9801
16.70,9800
17.37,9799
17.39,9798
17.41,9797
17.41,9796
17.41,9795
17.42,9794
17.44,9793
17.44,9792
17.45,9791
18.28,9790
18.99,9789
19.00,9788
19.00,9787
19.00,9786
19.26,9785
19.26,9784
19.29,9783
19.29,9782
19.40,9781
20.28,9780
20.28,9779
20.76,9778
20.76,9777
20.77,9776
20.78,9775
20.78,9774
20.79,9773
20.96,9772
20.99,9771
20.99,9770
21.55,9769
21.55,9768
21.56,9767
21.56,9766
21.57,9765
21.57,9764
21.73,9763
21.73,9762
21.74,9761
21.74,9760
21.74,9759
21.74,9758
21.78,9757
22.25,9756
22.25,9755
22.25,9754
22.25,9753
22.26,9752
22.26,9751
22.27,9750
22.27,9749
22.27,9748
22.29,9747
22.29,9746
22.30,9745
22.76,9744
22.77,9743
22.77,9742
22.77,9741
22.77,9740
22.79,9739
22.80,9738
22.80,9737
22.80,9736
22.85,9735
24.80,9734
24.80,9733
24.80,9732
24.81,9731
24.81,9730
24.83,9729
24.83,9728
24.83,9727
24.83,9726
24.84,9725
24.84,9724
24.84,9723
24.84,9722
24.85,9721
24.85,9720
24.85,9719
24.85,9718
24.85,9717
24.85,9716
25.29,9715
25.29,9714
25.29,9713
25.29,9712
25.29,9711
31.66,9710
31.67,9709
31.67,9708
31.68,9707
31.71,9706
31.71,9705
31.71,9704
31.73,9703
31.78,9702
31.79,9701
31.79,9700
31.83,9699
31.83,9698
32.06,9697
32.06,9696
32.06,9695
32.07,9694
32.07,9693
33.77,9692
33.77,9691
33.77,9690
33.77,9689
33.78,9688
33.79,9687
35.53,9686
35.53,9685
35.54,9684
35.54,9683
35.55,9682
35.67,9681
35.67,9680
35.67,9679
35.67,9678
35.67,9677
35.68,9676
35.68,9675
35.69,9674
35.87,9673
35.87,9672
35.87,9671
35.88,9670
35.88,9669
35.88,9668
35.96,9667
35.96,9666
35.97,9665
36.00,9664
36.00,9663
36.10,9662
36.10,9661
36.11,9660
36.13,9659
36.23,9658
40.06,9657
40.13,9656
40.13,9655
40.14,9654
40.17,9653
40.17,9652
40.17,9651
40.27,9650
40.33,9649
40.33,9648
41.00,9647
41.48,9646
41.48,9645
41.51,9644
41.52,9643
41.55,9642
41.56,9641
41.56,9640
41.56,9639
41.57,9638
41.67,9637
41.76,9636
41.87,9635
42.19,9634
42.19,9633
42.19,9632
42.20,9631
42.23,9630
42.24,9629
43.06,9628
43.07,9627
43.07,9626
43.07,9625
43.07,9624
43.07,9623
43.08,9622
43.08,9621
43.08,9620
43.09,9619
43.09,9618
43.12,9617
43.12,9616
43.12,9615
76.65,9614
77.25,9613
77.26,9612
77.26,9611
77.27,9610
77.33,9609
77.39,9608
77.39,9607
77.40,9606
77.40,9605
77.40,9604
77.40,9603
77.41,9602
77.41,9601
77.41,9600
77.41,9599
77.47,9598
77.48,9597
77.48,9596
77.48,9595
77.48,9594
77.51,9593
77.55,9592
77.69,9591
77.69,9590
77.69,9589
77.69,9588
77.69,9587
77.69,9586
77.69,9585
77.69,9584
77.69,9583
78.54,9582
78.55,9581
78.71,9580
78.82,9579
78.82,9578
78.82,9577
78.94,9576
78.94,9575
78.94,9574
78.94,9573
79.21,9572
79.21,9571
79.22,9570
85.44,9569
85.44,9568
85.45,9567
85.46,9566
85.55,9565
85.56,9564
85.56,9563
85.58,9562
87.41,9561
87.48,9560
87.49,9559
87.50,9558
87.60,9557
87.60,9556
116.67,9555
116.67,9554
116.67,9553
116.67,9552
116.71,9551
116.71,9550
116.87,9549
116.87,9548
118.54,9547
118.54,9546
118.54,9545
118.55,9544
119.30,9543
119.30,9542
119.30,9541
119.38,9540
119.38,9539
119.38,9538
119.38,9537
119.43,9536
119.43,9535
119.43,9534
119.44,9533
119.44,9532
119.44,9531
119.45,9530
119.45,9529
119.45,9528
119.45,9527
119.50,9526
119.52,9525
119.52,9524
119.54,9523
119.54,9522
119.54,9521
119.54,9520
119.54,9519
119.59,9518
119.59,9517
119.59,9516
119.60,9515
119.61,9514
119.91,9513
119.91,9512
119.92,9511
119.92,9510
119.97,9509
119.97,9508
119.97,9507
119.98,9506
119.99,9505
120.00,9504
120.01,9503
120.05,9502
120.05,9501
120.05,9500
120.07,9499
120.13,9498
120.13,9497
120.13,9496
120.21,9495
120.28,9494
120.29,9493
120.29,9492
120.35,9491
120.35,9490
120.35,9489
120.36,9488
120.37,9487
120.37,9486
120.67,9485
120.68,9484
127.25,9483
127.26,9482
127.26,9481
127.27,9480
127.27,9479
134.32,9478
134.35,9477
134.35,9476
134.37,9475
134.37,9474
134.37,9473
134.52,9472
134.53,9471
134.53,9470
134.74,9469
134.74,9468
134.75,9467
134.75,9466
134.76,9465
134.77,9464
134.77,9463
134.97,9462
135.94,9461
135.95,9460
135.95,9459
135.96,9458
135.97,9457
135.99,9456
136.09,9455
136.09,9454
136.16,9453
136.16,9452
136.17,9451
136.17,9450
136.18,9449
140.64,9448
140.65,9447
140.73,9446
140.73,9445
140.73,9444
141.41,9443
142.71,9442
142.72,9441
142.72,9440
142.86,9439
142.95,9438
142.97,9437
142.97,9436
143.06,9435
143.06,9434
143.07,9433
143.11,9432
143.11,9431
143.11,9430
143.12,9429
143.12,9428
143.13,9427
143.13,9426
143.13,9425
143.17,9424
143.17,9423
143.18,9422
143.21,9421
143.21,9420
143.25,9419
143.27,9418
143.29,9417
143.30,9416
143.38,9415
143.38,9414
143.64,9413
143.64,9412
143.65,9411
144.00,9410
144.01,9409
144.01,9408
144.03,9407
144.03,9406
144.03,9405
144.05,9404
144.16,9403
144.16,9402
144.17,9401
144.17,9400
144.18,9399
144.18,9398
144.18,9397
144.20,9396
144.21,9395
144.22,9394
144.23,9393
144.23,9392
144.23,9391
144.62,9390
144.75,9389
144.76,9388
145.02,9387
145.02,9386
146.65,9385
147.63,9384
147.69,9383
147.72,9382
147.72,9381
147.81,9380
147.81,9379
147.84,9378
147.84,9377
147.91,9376
147.92,9375
147.97,9374
147.97,9373
147.97,9372
147.97,9371
147.97,9370
148.12,9369
148.13,9368
148.13,9367
148.13,9366
148.14,9365
148.14,9364
148.15,9363
148.15,9362
148.15,9361
148.34,9360
148.35,9359
148.35,9358
148.36,9357
148.36,9356
148.39,9355
148.39,9354
148.39,9353
148.39,9352
152.95,9351
153.07,9350
153.08,9349
153.09,9348
153.09,9347
153.11,9346
154.66,9345
154.70,9344
154.70,9343
154.70,9342
155.01,9341
155.03,9340
155.03,9339
155.04,9338
155.18,9337
155.24,9336
155.31,9335
155.32,9334
155.32,9333
155.32,9332
155.32,9331
155.32,9330
155.34,9329
155.47,9328
155.48,9327
155.48,9326
155.49,9325
155.54,9324
155.70,9323
155.70,9322
155.71,9321
155.72,9320
155.73,9319
155.73,9318
155.73,9317
155.75,9316
155.78,9315
155.81,9314
156.26,9313
156.26,9312
156.27,9311
156.27,9310
156.27,9309
156.28,9308
156.49,9307
156.49,9306
157.57,9305
157.58,9304
157.63,9303
157.66,9302
157.66,9301
157.66,9300
157.67,9299
157.82,9298
157.82,9297
157.85,9296
158.06,9295
158.06,9294
158.08,9293
158.09,9292
158.09,9291
158.10,9290
158.10,9289
158.10,9288
158.10,9287
158.11,9286
158.11,9285
158.12,9284
158.48,9283
158.50,9282
158.53,9281
158.55,9280
158.69,9279
158.74,9278
158.76,9277
158.77,9276
158.77,9275
158.80,9274
158.82,9273
161.35,9272
161.35,9271
161.37,9270
161.44,9269
161.45,9268
161.48,9267
161.51,9266
161.62,9265
161.62,9264
161.63,9263
161.66,9262
161.72,9261
161.72,9260
161.72,9259
162.54,9258
162.57,9257
162.58,9256
162.76,9255
162.83,9254
162.86,9253
162.86,9252
162.89,9251
162.89,9250
162.91,9249
162.91,9248
162.96,9247
162.97,9246
162.98,9245
163.00,9244
163.00,9243
163.13,9242
163.14,9241
163.15,9240
163.24,9239
163.35,9238
163.37,9237
163.37,9236
163.37,9235
163.37,9234
163.37,9233
163.47,9232
163.48,9231
163.50,9230
163.54,9229
163.54,9228
163.54,9227
163.61,9226
163.81,9225
164.55,9224
164.58,9223
165.20,9222
165.21,9221
165.21,9220
165.21,9219
165.21,9218
165.28,9217
165.36,9216
165.38,9215
165.41,9214
165.43,9213
165.43,9212
165.43,9211
165.43,9210
165.43,9209
165.43,9208
165.43,9207
165.43,9206
165.44,9205
165.44,9204
165.58,9203
165.58,9202
165.62,9201
165.62,9200
165.71,9199
165.72,9198
165.72,9197
165.77,9196
165.77,9195
165.77,9194
165.79,9193
166.45,9192
166.45,9191
166.46,9190
166.46,9189
166.47,9188
166.47,9187
166.47,9186
166.47,9185
166.47,9184
166.48,9183
166.48,9182
166.49,9181
166.49,9180
166.49,9179
166.53,9178
166.53,9177
166.53,9176
166.53,9175
166.57,9174
166.58,9173
166.61,9172
166.64,9171
166.65,9170
166.65,9169
166.65,9168
166.65,9167
166.66,9166
166.69,9165
167.26,9164
167.53,9163
167.53,9162
167.56,9161
167.56,9160
167.56,9159
167.56,9158
167.57,9157
167.62,9156
167.62,9155
167.62,9154
167.63,9153
167.63,9152
167.64,9151
167.64,9150
167.68,9149
167.68,9148
167.68,9147
167.68,9146
167.71,9145
167.74,9144
167.74,9143
167.74,9142
167.85,9141
167.85,9140
171.50,9139
171.62,9138
171.63,9137
171.64,9136
171.65,9135
171.65,9134
171.65,9133
172.29,9132
172.29,9131
172.29,9130
172.30,9129
177.10,9128
177.12,9127
177.13,9126
177.13,9125
177.14,9124
177.14,9123
177.27,9122
177.28,9121
177.29,9120
177.30,9119
177.30,9118
177.31,9117
177.32,9116
177.35,9115
177.43,9114
177.44,9113
177.48,9112
177.48,9111
177.54,9110
177.59,9109
177.59,9108
177.59,9107
177.59,9106
177.59,9105
179.10,9104
179.11,9103
179.14,9102
179.14,9101
179.14,9100
179.17,9099
179.17,9098
179.19,9097
179.21,9096
179.21,9095
179.23,9094
179.23,9093
179.28,9092
179.30,9091
179.31,9090
179.32,9089
179.32,9088
179.32,9087
179.33,9086
179.48,9085
179.74,9084
179.86,9083
179.86,9082
179.88,9081
179.88,9080
179.88,9079
179.89,9078
179.89,9077
179.89,9076
179.90,9075
179.91,9074
179.92,9073
179.92,9072
179.98,9071
179.99,9070
180.45,9069
180.45,9068
180.46,9067
180.46,9066
180.46,9065
180.47,9064
180.47,9063
180.47,9062
180.47,9061
180.48,9060
180.49,9059
180.50,9058
180.50,9057
182.34,9056
182.35,9055
182.36,9054
182.36,9053
183.58,9052
183.58,9051
183.61,9050
183.61,9049
183.63,9048
183.68,9047
183.68,9046
183.68,9045
183.68,9044
183.69,9043
183.85,9042
183.86,9041
183.98,9040
183.98,9039
183.99,9038
183.99,9037
184.01,9036
184.15,9035
184.17,9034
184.17,9033
184.17,9032
184.24,9031
184.24,9030
184.24,9029
184.71,9028
184.72,9027
184.72,9026
184.73,9025
184.91,9024
184.94,9023
184.94,9022
184.95,9021
184.95,9020
186.58,9019
186.60,9018
186.60,9017
186.61,9016
186.72,9015
186.72,9014
186.72,9013
186.72,9012
186.73,9011
186.75,9010
186.75,9009
186.92,9008
186.93,9007
186.93,9006
188.01,9005
188.01,9004
188.02,9003
188.02,9002
188.03,9001
188.05,9000
188.08,8999
188.12,8998
188.74,8997
188.76,8996
188.76,8995
188.77,8994
188.80,8993
188.80,8992
188.80,8991
188.80,8990
188.81,8989
188.92,8988
188.92,8987
188.95,8986
188.96,8985
188.96,8984
188.96,8983
188.97,8982
188.97,8981
188.98,8980
188.99,8979
189.01,8978
189.01,8977
189.01,8976
189.04,8975
189.05,8974
189.06,8973
189.06,8972
189.13,8971
189.13,8970
189.13,8969
189.14,8968
189.14,8967
189.22,8966
189.25,8965
189.26,8964
189.26,8963
189.27,8962
189.27,8961
189.28,8960
189.31,8959
189.32,8958
189.47,8957
189.50,8956
189.50,8955
189.51,8954
189.61,8953
189.65,8952
189.67,8951
189.71,8950
189.71,8949
189.81,8948
189.82,8947
189.95,8946
189.98,8945
189.99,8944
189.99,8943
190.00,8942
190.05,8941
190.05,8940
190.05,8939
190.05,8938
190.06,8937
190.07,8936
190.18,8935
190.18,8934
190.18,8933
190.23,8932
190.23,8931
190.23,8930
190.24,8929
190.27,8928
190.31,8927
190.31,8926
190.32,8925
190.36,8924
190.37,8923
190.37,8922
190.37,8921
190.37,8920
190.38,8919
190.41,8918
190.46,8917
190.47,8916
191.29,8915
191.29,8914
191.32,8913
191.32,8912
191.34,8911
191.36,8910
191.58,8909
191.59,8908
191.59,8907
191.62,8906
191.62,8905
191.62,8904
191.71,8903
192.04,8902
192.06,8901
192.07,8900
192.07,8899
192.10,8898
192.13,8897
192.18,8896
192.19,8895
192.27,8894
192.29,8893
192.35,8892
193.28,8891
193.35,8890
193.36,8889
193.36,8888
193.52,8887
193.52,8886
193.52,8885
193.52,8884
193.52,8883
193.52,8882
193.56,8881
193.56,8880
193.56,8879
193.59,8878
193.61,8877
193.62,8876
193.63,8875
193.63,8874
193.64,8873
193.73,8872
193.83,8871
193.83,8870
193.92,8869
193.92,8868
193.97,8867
193.97,8866
193.98,8865
193.99,8864
194.08,8863
194.09,8862
194.09,8861
194.10,8860
194.14,8859
194.14,8858
194.14,8857
194.15,8856
194.16,8855
194.17,8854
194.94,8853
194.95,8852
194.95,8851
194.95,8850
194.96,8849
195.25,8848
195.28,8847
195.29,8846
195.29,8845
195.31,8844
195.31,8843
195.31,8842
195.35,8841
195.35,8840
195.36,8839
195.49,8838
195.61,8837
195.61,8836
195.61,8835
195.62,8834
195.62,8833
195.62,8832
195.63,8831
195.63,8830
195.63,8829
195.74,8828
195.75,8827
195.91,8826
195.91,8825
195.91,8824
195.91,8823
195.91,8822
195.92,8821
195.92,8820
195.92,8819
195.93,8818
195.93,8817
195.94,8816
195.94,8815
195.95,8814
202.39,8813
202.39,8812
202.40,8811
202.40,8810
202.41,8809
203.07,8808
203.08,8807
203.11,8806
203.12,8805
203.13,8804
205.16,8803
205.17,8802
205.20,8801
205.23,8800
205.23,8799
205.71,8798
205.71,8797
205.86,8796
205.88,8795
205.90,8794
205.94,8793
206.00,8792
206.05,8791
206.06,8790
206.07,8789
206.07,8788
206.07,8787
206.08,8786
206.08,8785
206.08,8784
206.12,8783
206.13,8782
206.13,8781
206.15,8780
206.19,8779
206.19,8778
206.19,8777
206.20,8776
206.21,8775
206.21,8774
206.27,8773
206.29,8772
206.30,8771
206.33,8770
206.36,8769
206.39,8768
206.46,8767
206.46,8766
206.46,8765
206.49,8764
206.50,8763
206.52,8762
206.52,8761
206.59,8760
206.59,8759
206.59,8758
206.72,8757
206.73,8756
206.73,8755
206.73,8754
206.74,8753
206.74,8752
206.75,8751
206.79,8750
206.82,8749
206.82,8748
206.88,8747
206.89,8746
206.89,8745
207.77,8744
207.83,8743
207.85,8742
207.86,8741
207.99,8740
208.00,8739
208.01,8738
209.34,8737
209.35,8736
210.50,8735
210.50,8734
211.62,8733
211.62,8732
211.63,8731
211.75,8730
211.75,8729
211.76,8728
211.76,8727
211.96,8726
211.97,8725
211.98,8724
214.09,8723
214.11,8722
214.11,8721
214.11,8720
214.18,8719
214.44,8718
214.46,8717
214.63,8716
214.65,8715
214.74,8714
214.75,8713
214.76,8712
214.76,8711
214.91,8710
214.91,8709
214.91,8708
214.92,8707
214.93,8706
214.93,8705
214.93,8704
214.95,8703
214.95,8702
214.95,8701
214.97,8700
214.97,8699
215.50,8698
215.54,8697
215.55,8696
215.55,8695
215.55,8694
215.59,8693
215.59,8692
215.60,8691
215.61,8690
215.62,8689
215.67,8688
216.28,8687
216.30,8686
216.82,8685
216.82,8684
216.83,8683
216.83,8682
217.06,8681
217.14,8680
217.21,8679
217.42,8678
217.43,8677
217.43,8676
217.43,8675
217.44,8674
217.45,8673
217.45,8672
217.50,8671
217.52,8670
217.53,8669
217.54,8668
217.54,8667
217.64,8666
218.36,8665
219.52,8664
219.53,8663
219.53,8662
219.54,8661
219.58,8660
219.61,8659
219.62,8658
219.63,8657
219.64,8656
219.64,8655
219.65,8654
219.67,8653
219.68,8652
219.71,8651
219.73,8650
219.73,8649
219.75,8648
219.75,8647
219.77,8646
219.77,8645
219.78,8644
219.79,8643
219.79,8642
219.80,8641
219.81,8640
219.82,8639
219.94,8638
219.94,8637
220.04,8636
220.09,8635
220.12,8634
220.12,8633
220.12,8632
220.12,8631
220.13,8630
220.13,8629
220.14,8628
220.14,8627
220.14,8626
223.02,8625
225.81,8624
225.82,8623
225.83,8622
225.84,8621
226.68,8620
226.69,8619
226.91,8618
226.92,8617
227.32,8616
227.33,8615
228.23,8614
228.24,8613
228.24,8612
228.32,8611
228.32,8610
228.33,8609
228.35,8608
228.36,8607
228.39,8606
228.41,8605
228.42,8604
228.42,8603
228.50,8602
228.50,8601
228.50,8600
228.54,8599
228.60,8598
228.61,8597
228.65,8596
228.65,8595
228.66,8594
228.66,8593
228.71,8592
228.75,8591
228.78,8590
228.80,8589
228.81,8588
228.81,8587
228.82,8586
228.83,8585
228.84,8584
228.85,8583
228.89,8582
228.89,8581
228.91,8580
228.92,8579
228.92,8578
228.92,8577
228.92,8576
229.38,8575
229.39,8574
229.40,8573
230.02,8572
230.06,8571
230.06,8570
230.07,8569
230.07,8568
230.08,8567
230.10,8566
230.10,8565
230.12,8564
230.13,8563
230.13,8562
230.14,8561
230.16,8560
230.22,8559
230.23,8558
230.25,8557
230.26,8556
230.53,8555
230.53,8554
230.54,8553
230.55,8552
230.57,8551
230.58,8550
230.60,8549
230.60,8548
230.67,8547
230.78,8546
232.60,8545
232.61,8544
232.61,8543
232.61,8542
232.61,8541
232.63,8540
232.63,8539
232.64,8538
232.65,8537
232.65,8536
232.70,8535
232.70,8534
232.72,8533
232.86,8532
232.86,8531
232.94,8530
232.94,8529
232.95,8528
233.10,8527
233.11,8526
233.11,8525
233.11,8524
233.14,8523
233.14,8522
233.15,8521
233.16,8520
233.19,8519
233.19,8518
233.24,8517
233.28,8516
233.54,8515
233.65,8514
233.68,8513
233.82,8512
233.82,8511
233.82,8510
233.83,8509
233.84,8508
233.85,8507
233.85,8506
233.85,8505
233.86,8504
233.93,8503
234.01,8502
234.01,8501
234.02,8500
234.02,8499
234.09,8498
234.09,8497
234.63,8496
234.82,8495
234.82,8494
235.01,8493
235.07,8492
235.26,8491
235.26,8490
235.27,8489
235.32,8488
235.43,8487
235.44,8486
235.44,8485
235.44,8484
235.49,8483
235.50,8482
238.13,8481
238.14,8480
238.21,8479
238.24,8478
238.24,8477
239.43,8476
239.44,8475
239.44,8474
239.46,8473
239.46,8472
239.46,8471
239.63,8470
239.63,8469
239.73,8468
239.74,8467
239.75,8466
239.75,8465
239.78,8464
239.80,8463
239.87,8462
239.87,8461
239.92,8460
239.93,8459
239.94,8458
239.95,8457
239.97,8456
239.98,8455
239.98,8454
239.98,8453
239.99,8452
240.00,8451
240.00,8450
240.03,8449
240.04,8448
240.04,8447
240.04,8446
240.04,8445
240.05,8444
240.05,8443
240.05,8442
240.12,8441
240.28,8440
240.32,8439
240.43,8438
240.45,8437
240.45,8436
240.49,8435
240.57,8434
240.69,8433
240.74,8432
240.75,8431
240.78,8430
240.83,8429
240.84,8428
240.84,8427
240.85,8426
241.10,8425
241.10,8424
243.29,8423
243.30,8422
243.30,8421
243.31,8420
243.33,8419
243.85,8418
243.86,8417
243.86,8416
243.86,8415
243.90,8414
243.90,8413
243.95,8412
243.97,8411
243.98,8410
244.10,8409
244.13,8408
245.59,8407
245.59,8406
245.61,8405
245.61,8404
245.61,8403
245.62,8402
245.63,8401
245.64,8400
245.64,8399
245.64,8398
245.65,8397
245.70,8396
245.72,8395
245.74,8394
245.74,8393
245.85,8392
245.87,8391
246.00,8390
246.05,8389
246.05,8388
246.86,8387
246.94,8386
246.94,8385
246.95,8384
246.95,8383
246.97,8382
247.21,8381
247.22,8380
247.23,8379
247.24,8378
247.25,8377
247.46,8376
247.46,8375
247.46,8374
247.46,8373
247.48,8372
247.48,8371
247.61,8370
247.67,8369
247.70,8368
247.74,8367
247.74,8366
247.80,8365
247.81,8364
247.82,8363
247.82,8362
247.83,8361
247.93,8360
247.93,8359
247.94,8358
247.94,8357
247.95,8356
247.97,8355
247.97,8354
247.97,8353
248.02,8352
248.02,8351
248.03,8350
248.71,8349
248.88,8348
251.02,8347
251.03,8346
251.03,8345
251.03,8344
251.04,8343
251.07,8342
251.07,8341
251.10,8340
251.10,8339
251.10,8338
251.10,8337
251.12,8336
251.21,8335
251.22,8334
251.26,8333
251.33,8332
251.35,8331
251.35,8330
251.35,8329
251.40,8328
251.42,8327
251.43,8326
251.48,8325
251.62,8324
251.67,8323
251.70,8322
251.70,8321
251.71,8320
251.71,8319
251.79,8318
252.59,8317
252.59,8316
252.59,8315
252.62,8314
252.65,8313
253.56,8312
254.72,8311
254.72,8310
254.73,8309
254.73,8308
254.74,8307
254.76,8306
254.79,8305
255.31,8304
255.88,8303
256.09,8302
256.19,8301
256.19,8300
256.21,8299
256.21,8298
256.37,8297
256.37,8296
256.39,8295
256.43,8294
256.43,8293
256.44,8292
256.46,8291
256.47,8290
256.48,8289
256.49,8288
256.51,8287
256.53,8286
256.55,8285
256.57,8284
256.59,8283
256.59,8282
256.60,8281
256.63,8280
256.66,8279
256.66,8278
257.39,8277
257.39,8276
258.04,8275
258.08,8274
258.08,8273
258.09,8272
258.10,8271
258.10,8270
258.13,8269
258.13,8268
258.17,8267
258.74,8266
258.81,8265
258.84,8264
258.90,8263
258.92,8262
258.97,8261
258.98,8260
259.01,8259
259.03,8258
259.99,8257
259.99,8256
260.00,8255
260.05,8254
260.05,8253
260.06,8252
260.07,8251
260.41,8250
260.41,8249
260.45,8248
260.47,8247
260.47,8246
260.47,8245
260.99,8244
261.03,8243
261.20,8242
261.22,8241
261.22,8240
261.26,8239
261.26,8238
261.29,8237
261.29,8236
261.39,8235
261.39,8234
261.39,8233
261.43,8232
261.44,8231
261.57,8230
261.58,8229
261.72,8228
261.77,8227
261.84,8226
262.71,8225
262.85,8224
263.19,8223
263.30,8222
263.32,8221
263.37,8220
263.38,8219
263.61,8218
263.64,8217
263.65,8216
263.67,8215
263.74,8214
263.75,8213
263.75,8212
263.77,8211
263.77,8210
263.78,8209
263.91,8208
263.91,8207
264.01,8206
264.33,8205
264.33,8204
264.45,8203
264.45,8202
264.45,8201
264.47,8200
264.47,8199
264.52,8198
264.52,8197
264.57,8196
264.57,8195
264.58,8194
264.65,8193
265.90,8192
265.93,8191
265.94,8190
265.99,8189
266.01,8188
266.08,8187
266.12,8186
266.13,8185
266.13,8184
266.14,8183
266.16,8182
266.19,8181
266.19,8180
266.19,8179
266.22,8178
266.90,8177
266.94,8176
266.95,8175
266.97,8174
266.97,8173
266.99,8172
267.12,8171
267.28,8170
267.28,8169
267.52,8168
267.53,8167
267.56,8166
267.57,8165
267.58,8164
267.65,8163
267.65,8162
267.65,8161
267.65,8160
268.00,8159
268.59,8158
268.72,8157
268.73,8156
268.73,8155
268.73,8154
268.74,8153
268.74,8152
268.75,8151
268.75,8150
268.75,8149
268.77,8148
268.81,8147
268.81,8146
268.82,8145
268.92,8144
268.92,8143
268.94,8142
268.94,8141
268.97,8140
268.99,8139
269.03,8138
269.06,8137
269.06,8136
269.09,8135
269.12,8134
269.26,8133
269.26,8132
269.27,8131
269.37,8130
269.54,8129
269.62,8128
269.78,8127
269.80,8126
269.81,8125
269.90,8124
269.91,8123
269.91,8122
269.94,8121
269.94,8120
269.94,8119
269.95,8118
269.95,8117
269.99,8116
269.99,8115
269.99,8114
270.38,8113
270.39,8112
270.43,8111
270.82,8110
271.04,8109
271.05,8108
271.07,8107
271.10,8106
271.35,8105
271.36,8104
271.40,8103
271.42,8102
271.60,8101
271.64,8100
271.67,8099
271.68,8098
271.68,8097
271.75,8096
271.85,8095
271.85,8094
271.90,8093
277.22,8092
277.38,8091
277.38,8090
277.44,8089
277.46,8088
278.22,8087
278.23,8086
279.05,8085
279.06,8084
279.06,8083
279.08,8082
279.08,8081
279.10,8080
279.11,8079
279.24,8078
279.24,8077
282.95,8076
282.96,8075
283.03,8074
283.04,8073
283.04,8072
283.05,8071
283.19,8070
284.74,8069
284.76,8068
285.29,8067
285.30,8066
285.33,8065
285.33,8064
285.42,8063
285.42,8062
285.58,8061
285.59,8060
285.62,8059
285.72,8058
285.72,8057
285.77,8056
285.77,8055
285.77,8054
285.78,8053
285.93,8052
285.93,8051
286.03,8050
286.06,8049
286.06,8048
286.17,8047
286.18,8046
286.48,8045
286.51,8044
286.54,8043
286.66,8042
286.70,8041
286.78,8040
286.80,8039
286.81,8038
286.85,8037
286.95,8036
286.96,8035
286.97,8034
286.97,8033
287.02,8032
287.59,8031
287.65,8030
287.68,8029
287.69,8028
287.71,8027
287.73,8026
287.73,8025
287.99,8024
288.01,8023
288.04,8022
288.39,8021
288.40,8020
288.41,8019
288.42,8018
290.00,8017
290.02,8016
290.08,8015
290.13,8014
290.20,8013
290.45,8012
291.27,8011
291.29,8010
291.30,8009
291.40,8008
291.41,8007
291.49,8006
291.50,8005
291.52,8004
291.52,8003
291.52,8002
291.53,8001
291.56,8000
291.65,7999
291.65,7998
292.84,7997
292.85,7996
292.87,7995
292.92,7994
294.03,7993
294.14,7992
294.14,7991
294.22,7990
294.22,7989
294.22,7988
294.24,7987
294.25,7986
294.65,7985
294.65,7984
294.92,7983
294.93,7982
295.18,7981
295.20,7980
295.25,7979
295.28,7978
295.28,7977
295.34,7976
295.35,7975
295.42,7974
296.46,7973
296.49,7972
296.51,7971
296.79,7970
296.92,7969
297.05,7968
297.69,7967
297.70,7966
299.05,7965
299.17,7964
299.20,7963
299.92,7962
299.92,7961
300.14,7960
301.13,7959
301.17,7958
301.18,7957
301.18,7956
301.18,7955
301.18,7954
301.29,7953
301.31,7952
301.31,7951
302.26,7950
302.29,7949
302.33,7948
302.34,7947
302.34,7946
303.32,7945
303.85,7944
303.85,7943
303.86,7942
303.87,7941
303.95,7940
303.95,7939
303.96,7938
303.98,7937
304.00,7936
304.02,7935
304.28,7934
304.37,7933
304.42,7932
304.42,7931
304.42,7930
304.46,7929
304.81,7928
310.25,7927
310.29,7926
312.51,7925
312.52,7924
312.58,7923
312.58,7922
312.60,7921
313.62,7920
313.64,7919
313.74,7918
313.74,7917
313.78,7916
313.81,7915
313.87,7914
313.94,7913
314.12,7912
314.13,7911
314.20,7910
314.21,7909
314.21,7908
314.25,7907
314.26,7906
314.29,7905
314.41,7904
314.50,7903
314.51,7902
314.77,7901
314.89,7900
315.19,7899
315.23,7898
315.24,7897
315.26,7896
315.28,7895
315.42,7894
315.45,7893
315.50,7892
316.49,7891
316.59,7890
316.65,7889
317.63,7888
325.97,7887
326.00,7886
326.56,7885
326.58,7884
326.61,7883
326.67,7882
326.73,7881
326.73,7880
327.29,7879
327.31,7878
327.32,7877
327.36,7876
327.36,7875
329.37,7874
329.41,7873
329.42,7872
329.44,7871
329.49,7870
329.73,7869
329.97,7868
330.04,7867
331.08,7866
331.15,7865
331.15,7864
332.53,7863
332.55,7862
332.56,7861
332.58,7860
332.66,7859
332.80,7858
332.81,7857
332.86,7856
332.90,7855
332.98,7854
333.29,7853
333.43,7852
333.63,7851
333.76,7850
333.80,7849
333.82,7848
333.86,7847
333.87,7846
333.93,7845
334.03,7844
334.05,7843
334.06,7842
334.47,7841
334.49,7840
334.76,7839
334.78,7838
334.79,7837
334.86,7836
334.88,7835
334.89,7834
335.00,7833
335.02,7832
335.02,7831
335.18,7830
335.19,7829
335.20,7828
335.22,7827
335.51,7826
335.57,7825
336.89,7824
336.92,7823
336.93,7822
336.94,7821
337.04,7820
337.05,7819
337.05,7818
337.06,7817
337.16,7816
337.16,7815
337.28,7814
337.28,7813
337.32,7812
337.37,7811
337.44,7810
337.50,7809
337.51,7808
337.52,7807
337.53,7806
337.53,7805
338.06,7804
338.10,7803
338.16,7802
338.16,7801
338.26,7800
338.28,7799
338.51,7798
338.97,7797
339.03,7796
339.09,7795
339.11,7794
339.12,7793
339.19,7792
342.60,7791
342.76,7790
342.76,7789
342.78,7788
342.88,7787
342.89,7786
342.93,7785
342.96,7784
342.96,7783
343.06,7782
343.07,7781
343.07,7780
343.11,7779
343.13,7778
343.34,7777
343.47,7776
343.89,7775
345.61,7774
345.62,7773
345.63,7772
345.70,7771
346.17,7770
346.22,7769
347.13,7768
352.48,7767
352.50,7766
352.50,7765
352.59,7764
353.59,7763
353.86,7762
353.97,7761
354.28,7760
354.28,7759
354.28,7758
354.82,7757
354.96,7756
354.98,7755
355.02,7754
355.34,7753
355.35,7752
356.15,7751
356.22,7750
360.02,7749
360.04,7748
367.15,7747
367.17,7746
367.17,7745
367.38,7744
370.01,7743
370.22,7742
370.37,7741
370.38,7740
370.44,7739
370.46,7738
370.47,7737
370.71,7736
371.32,7735
371.32,7734
371.35,7733
371.44,7732
371.59,7731
371.59,7730
371.59,7729
371.61,7728
371.63,7727
375.17,7726
375.72,7725
375.75,7724
375.77,7723
375.77,7722
375.84,7721
378.20,7720
378.22,7719
378.32,7718
378.33,7717
378.33,7716
378.38,7715
378.40,7714
378.53,7713
379.21,7712
383.42,7711
383.42,7710
383.43,7709
383.44,7708
383.50,7707
383.54,7706
383.59,7705
383.62,7704
385.74,7703
389.14,7702
389.15,7701
389.16,7700
389.21,7699
389.21,7698
389.22,7697
390.73,7696
390.86,7695
390.86,7694
391.03,7693
391.12,7692
393.13,7691
393.56,7690
404.47,7689
405.13,7688
405.16,7687
405.20,7686
405.20,7685
405.22,7684
405.32,7683
405.34,7682
407.70,7681
407.74,7680
408.94,7679
408.98,7678
409.02,7677
410.15,7676
410.18,7675
410.70,7674
410.73,7673
415.88,7672
416.06,7671
416.15,7670
423.80,7669
424.71,7668
424.72,7667
428.81,7666
429.34,7665
429.52,7664
429.54,7663
429.54,7662
429.58,7661
429.62,7660
429.66,7659
429.76,7658
429.76,7657
429.87,7656
429.91,7655
440.45,7654
440.80,7653
440.83,7652
442.74,7651
442.80,7650
442.89,7649
442.92,7648
442.94,7647
442.98,7646
443.02,7645
443.22,7644
443.25,7643
444.19,7642
446.60,7641
446.64,7640
446.69,7639
446.89,7638
454.96,7637
455.05,7636
455.42,7635
455.65,7634
455.91,7633
455.96,7632
456.46,7631
456.46,7630
456.48,7629
456.49,7628
457.68,7627
457.90,7626
458.15,7625
458.64,7624
458.70,7623
458.74,7622
458.75,7621
458.83,7620
459.55,7619
459.75,7618
459.79,7617
459.86,7616
462.79,7615
462.81,7614
462.92,7613
463.05,7612
463.10,7611
463.11,7610
528.57,7609
528.61,7608
528.78,7607
528.80,7606
530.01,7605
530.13,7604
530.26,7603
530.27,7602
530.65,7601
530.68,7600
531.13,7599
532.82,7598
532.84,7597
534.09,7596
543.18,7595
543.29,7594
543.42,7593
558.62,7592
560.41,7591
560.47,7590
560.52,7589
560.68,7588
561.42,7587
561.62,7586
562.71,7585
563.77,7584
581.79,7583
581.95,7582
581.95,7581
582.51,7580
582.58,7579
582.62,7578
583.59,7577
583.67,7576
583.73,7575
586.46,7574
586.84,7573
592.64,7572
592.81,7571
593.04,7570
593.08,7569
593.13,7568
593.30,7567
593.31,7566
598.52,7565
598.55,7564
598.75,7563
599.88,7562
599.88,7561
599.91,7560
601.38,7559
