0.00,8480
3.37,8479
5.92,8478
6.93,8477
7.98,8476
8.87,8475
10.74,8474
11.16,8473
21.92,8472
23.18,8471
24.44,8470
30.86,8469
31.97,8468
33.23,8467
35.59,8466
44.00,8465
52.99,8464
63.94,8463
65.63,8462
67.37,8461
76.00,8460
76.63,8459
80.04,8458
81.29,8457
84.33,8456
89.67,8455
90.51,8454
97.35,8453
101.24,8452
104.49,8451
105.33,8450
109.38,8449
109.80,8448
119.94,8447
124.40,8446
125.28,8445
128.75,8444
130.06,8443
135.64,8442
137.57,8441
139.09,8440
141.37,8439
142.47,8438
148.87,8437
151.41,8436
154.10,8435
156.02,8434
157.79,8433
159.24,8432
159.65,8431
160.95,8430
161.36,8429
162.59,8428
164.51,8427
165.74,8426
166.79,8425
168.56,8424
170.00,8423
171.29,8422
172.53,8421
176.76,8420
179.54,8419
180.78,8418
181.19,8417
186.04,8416
188.98,8415
194.84,8414
197.39,8413
199.09,8412
200.78,8411
203.31,8410
205.02,8409
205.43,8408
212.40,8407
215.96,8406
217.45,8405
219.51,8404
221.02,8403
222.06,8402
222.92,8401
224.83,8400
229.01,8399
230.51,8398
237.87,8397
240.19,8396
246.92,8395
253.01,8394
254.04,8393
257.96,8392
259.61,8391
262.14,8390
263.17,8389
264.66,8388
265.71,8387
266.57,8386
268.27,8385
271.82,8384
277.35,8383
281.73,8382
282.82,8381
283.23,8380
285.76,8379
290.43,8378
294.40,8377
297.13,8376
298.43,8375
300.13,8374
301.83,8373
303.89,8372
304.78,8371
306.84,8370
307.72,8369
309.78,8368
311.98,8367
312.39,8366
313.01,8365
313.69,8364
315.34,8363
316.37,8362
319.10,8361
321.23,8360
324.83,8359
325.45,8358
326.74,8357
328.39,8356
330.50,8355
331.95,8354
333.72,8353
336.04,8352
337.48,8351
340.21,8350
341.92,8349
343.37,8348
344.45,8347
345.13,8346
348.07,8345
352.24,8344
357.10,8343
361.33,8342
365.94,8341
367.48,8340
368.71,8339
369.33,8338
372.48,8337
374.80,8336
376.91,8335
378.44,8334
379.54,8333
382.68,8332
386.24,8331
388.80,8330
389.24,8329
391.30,8328
392.39,8327
396.15,8326
404.85,8325
405.87,8324
407.99,8323
408.61,8322
414.43,8321
419.02,8320
419.69,8319
422.62,8318
423.09,8317
425.36,8316
426.45,8315
430.00,8314
432.74,8313
435.56,8312
436.17,8311
439.32,8310
443.08,8309
446.51,8308
447.34,8307
454.91,8306
461.47,8305
464.22,8304
470.98,8303
473.30,8302
476.45,8301
477.07,8300
478.13,8299
479.26,8298
481.75,8297
483.05,8296
485.99,8295
490.62,8294
493.57,8293
496.34,8292
499.91,8291
501.05,8290
504.61,8289
505.64,8288
508.37,8287
509.81,8286
510.64,8285
511.05,8284
511.76,8283
513.03,8282
513.85,8281
514.73,8280
515.35,8279
519.11,8278
521.57,8277
523.74,8276
525.24,8275
527.71,8274
531.05,8273
535.06,8272
537.58,8271
538.82,8270
540.31,8269
541.74,8268
548.31,8267
552.47,8266
556.80,8265
559.70,8264
560.11,8263
564.57,8262
566.43,8261
567.32,8260
571.96,8259
575.29,8258
576.52,8257
578.01,8256
579.26,8255
584.74,8254
587.81,8253
598.27,8252
598.72,8251
