0.59,11022
0.59,11021
0.59,11020
0.60,11019
0.61,11018
0.61,11017
0.61,11016
0.61,11015
0.61,11014
0.61,11013
0.61,11012
0.62,11011
0.62,11010
0.62,11009
0.62,11008
0.63,11007
0.63,11006
0.64,11005
0.64,11004
0.64,11003
0.64,11002
0.64,11001
0.65,11000
0.65,10999
0.65,10998
0.65,10997
0.65,10996
0.65,10995
0.65,10994
0.66,10993
0.66,10992
0.66,10991
0.66,10990
0.66,10989
0.67,10988
0.69,10987
0.69,10986
0.69,10985
0.69,10984
0.69,10983
0.69,10982
0.69,10981
0.69,10980
0.70,10979
0.70,10978
0.70,10977
0.70,10976
0.70,10975
0.71,10974
0.71,10973
0.71,10972
0.71,10971
0.72,10970
0.72,10969
0.72,10968
0.72,10967
0.72,10966
0.72,10965
0.72,10964
0.73,10963
0.73,10962
0.73,10961
0.74,10960
0.74,10959
0.74,10958
0.75,10957
0.75,10956
0.75,10955
0.75,10954
0.75,10953
0.75,10952
0.76,10951
0.76,10950
0.76,10949
0.77,10948
0.77,10947
0.78,10946
0.78,10945
0.79,10944
0.79,10943
0.79,10942
0.80,10941
0.81,10940
0.82,10939
0.82,10938
0.82,10937
0.83,10936
0.83,10935
0.83,10934
0.84,10933
0.84,10932
0.84,10931
0.84,10930
0.85,10929
0.85,10928
0.86,10927
0.86,10926
0.86,10925
0.86,10924
0.87,10923
0.87,10922
0.87,10921
0.87,10920
0.87,10919
0.87,10918
0.87,10917
0.88,10916
0.88,10915
0.88,10914
0.88,10913
0.88,10912
0.88,10911
0.88,10910
0.89,10909
0.89,10908
0.90,10907
0.90,10906
0.90,10905
0.91,10904
0.91,10903
0.91,10902
0.91,10901
0.92,10900
0.92,10899
0.92,10898
0.93,10897
0.93,10896
0.93,10895
0.93,10894
0.93,10893
0.94,10892
0.94,10891
0.94,10890
0.95,10889
0.95,10888
0.95,10887
0.95,10886
0.95,10885
0.96,10884
0.96,10883
0.96,10882
0.96,10881
0.98,10880
0.99,10879
0.99,10878
0.99,10877
0.99,10876
1.00,10875
1.00,10874
1.00,10873
1.01,10872
1.01,10871
1.01,10870
1.01,10869
1.03,10868
1.03,10867
1.03,10866
1.04,10865
1.04,10864
1.04,10863
1.05,10862
1.05,10861
1.06,10860
1.06,10859
1.06,10858
1.07,10857
1.08,10856
1.08,10855
1.08,10854
1.09,10853
1.09,10852
1.09,10851
1.10,10850
1.10,10849
1.10,10848
1.11,10847
1.11,10846
1.12,10845
1.13,10844
1.13,10843
1.14,10842
1.14,10841
1.14,10840
1.15,10839
1.15,10838
1.18,10837
1.18,10836
1.18,10835
1.18,10834
1.18,10833
1.19,10832
1.19,10831
1.20,10830
1.20,10829
1.20,10828
1.20,10827
1.20,10826
1.21,10825
1.21,10824
1.21,10823
1.21,10822
1.21,10821
1.21,10820
1.21,10819
1.21,10818
1.21,10817
1.21,10816
1.22,10815
1.22,10814
1.22,10813
1.22,10812
1.23,10811
1.24,10810
1.24,10809
1.24,10808
1.26,10807
1.27,10806
1.27,10805
1.27,10804
1.27,10803
1.27,10802
1.28,10801
1.28,10800
1.29,10799
1.31,10798
1.33,10797
1.33,10796
1.34,10795
1.34,10794
1.34,10793
1.34,10792
1.34,10791
1.35,10790
1.36,10789
1.38,10788
1.38,10787
1.39,10786
1.39,10785
1.39,10784
1.39,10783
1.40,10782
1.40,10781
1.41,10780
1.43,10779
1.43,10778
1.43,10777
1.44,10776
1.44,10775
1.44,10774
1.44,10773
1.45,10772
1.45,10771
1.45,10770
1.46,10769
1.46,10768
1.46,10767
1.46,10766
1.47,10765
1.48,10764
1.48,10763
1.48,10762
1.48,10761
1.48,10760
1.48,10759
1.49,10758
1.49,10757
1.51,10756
1.51,10755
1.51,10754
1.54,10753
1.54,10752
1.55,10751
1.55,10750
1.56,10749
1.56,10748
1.57,10747
1.57,10746
1.57,10745
1.57,10744
1.57,10743
1.57,10742
1.57,10741
1.58,10740
1.58,10739
1.60,10738
1.60,10737
1.60,10736
1.62,10735
1.62,10734
1.63,10733
1.63,10732
1.63,10731
1.63,10730
1.64,10729
1.64,10728
1.64,10727
1.64,10726
1.64,10725
1.65,10724
1.65,10723
1.65,10722
1.66,10721
1.66,10720
1.66,10719
1.68,10718
1.68,10717
1.68,10716
1.68,10715
1.69,10714
1.72,10713
1.72,10712
1.73,10711
1.73,10710
1.73,10709
1.73,10708
1.74,10707
1.75,10706
1.75,10705
1.75,10704
1.75,10703
1.76,10702
1.76,10701
1.77,10700
1.77,10699
1.78,10698
1.78,10697
1.79,10696
1.80,10695
1.80,10694
1.80,10693
1.81,10692
1.81,10691
1.81,10690
1.81,10689
1.82,10688
1.82,10687
1.83,10686
1.83,10685
1.84,10684
1.86,10683
1.86,10682
1.86,10681
1.86,10680
1.86,10679
1.86,10678
1.86,10677
1.86,10676
1.86,10675
1.89,10674
1.89,10673
1.89,10672
1.89,10671
1.89,10670
1.90,10669
1.90,10668
1.90,10667
1.91,10666
1.92,10665
1.93,10664
1.93,10663
1.93,10662
1.93,10661
1.93,10660
1.94,10659
1.94,10658
1.94,10657
1.94,10656
1.94,10655
1.94,10654
1.94,10653
1.96,10652
1.96,10651
1.97,10650
1.97,10649
1.97,10648
1.97,10647
1.97,10646
1.98,10645
2.01,10644
2.01,10643
2.01,10642
2.01,10641
2.01,10640
2.01,10639
2.02,10638
2.03,10637
2.04,10636
2.04,10635
2.04,10634
2.05,10633
2.05,10632
2.06,10631
2.06,10630
2.06,10629
2.08,10628
2.09,10627
2.09,10626
2.10,10625
2.11,10624
2.11,10623
2.11,10622
2.11,10621
2.11,10620
2.12,10619
2.12,10618
2.12,10617
2.12,10616
2.12,10615
2.12,10614
2.13,10613
2.13,10612
2.14,10611
2.14,10610
2.14,10609
2.14,10608
2.15,10607
2.15,10606
2.15,10605
2.15,10604
2.15,10603
2.16,10602
2.16,10601
2.16,10600
2.60,10599
2.62,10598
2.62,10597
2.62,10596
2.62,10595
2.63,10594
2.68,10593
2.68,10592
2.68,10591
2.70,10590
2.70,10589
2.70,10588
2.74,10587
2.75,10586
2.75,10585
2.76,10584
2.76,10583
2.76,10582
2.77,10581
2.77,10580
2.77,10579
2.77,10578
2.78,10577
2.78,10576
2.80,10575
2.81,10574
2.81,10573
2.81,10572
2.82,10571
2.82,10570
2.82,10569
2.82,10568
2.83,10567
2.91,10566
2.91,10565
2.92,10564
2.92,10563
2.96,10562
2.96,10561
2.96,10560
2.98,10559
2.98,10558
2.98,10557
2.98,10556
2.98,10555
2.98,10554
2.99,10553
3.00,10552
3.00,10551
3.00,10550
3.00,10549
3.02,10548
3.02,10547
3.02,10546
3.04,10545
3.05,10544
3.05,10543
3.05,10542
3.05,10541
3.06,10540
3.08,10539
3.08,10538
3.08,10537
3.08,10536
3.08,10535
3.08,10534
3.08,10533
3.09,10532
3.09,10531
3.09,10530
3.09,10529
3.09,10528
3.10,10527
3.11,10526
3.11,10525
3.12,10524
3.12,10523
3.13,10522
3.13,10521
3.13,10520
3.13,10519
3.14,10518
3.14,10517
3.15,10516
3.15,10515
3.15,10514
3.15,10513
3.16,10512
3.16,10511
3.16,10510
3.17,10509
3.17,10508
3.17,10507
3.18,10506
3.18,10505
3.20,10504
3.21,10503
3.21,10502
3.21,10501
3.23,10500
3.25,10499
3.26,10498
3.27,10497
3.27,10496
3.27,10495
3.28,10494
3.28,10493
3.29,10492
3.29,10491
3.29,10490
3.36,10489
3.38,10488
3.44,10487
3.44,10486
3.45,10485
3.45,10484
3.46,10483
3.46,10482
3.46,10481
3.46,10480
3.46,10479
3.47,10478
3.47,10477
3.49,10476
3.52,10475
3.54,10474
3.55,10473
3.55,10472
3.55,10471
3.56,10470
3.58,10469
3.58,10468
3.60,10467
3.60,10466
3.60,10465
3.61,10464
3.63,10463
3.65,10462
3.65,10461
3.65,10460
3.71,10459
3.71,10458
3.71,10457
3.73,10456
3.73,10455
3.74,10454
3.75,10453
3.75,10452
3.75,10451
3.75,10450
3.78,10449
3.78,10448
3.78,10447
3.79,10446
3.79,10445
3.80,10444
3.80,10443
3.82,10442
3.84,10441
3.85,10440
3.88,10439
3.89,10438
3.92,10437
3.92,10436
3.95,10435
3.95,10434
3.95,10433
3.95,10432
3.96,10431
3.97,10430
3.97,10429
3.98,10428
3.98,10427
4.00,10426
4.00,10425
4.01,10424
4.04,10423
4.04,10422
4.04,10421
4.05,10420
4.05,10419
4.06,10418
4.06,10417
4.07,10416
4.07,10415
4.07,10414
4.09,10413
4.09,10412
4.09,10411
4.10,10410
4.11,10409
4.11,10408
4.12,10407
4.13,10406
4.14,10405
4.14,10404
4.16,10403
4.17,10402
4.17,10401
4.17,10400
4.22,10399
4.22,10398
4.22,10397
4.22,10396
4.24,10395
4.24,10394
4.25,10393
4.26,10392
4.34,10391
4.34,10390
4.35,10389
4.36,10388
4.36,10387
4.37,10386
4.37,10385
4.38,10384
4.38,10383
4.39,10382
4.42,10381
4.42,10380
4.42,10379
4.42,10378
4.43,10377
4.44,10376
4.44,10375
4.45,10374
4.45,10373
4.45,10372
4.46,10371
4.47,10370
4.47,10369
4.48,10368
4.49,10367
4.49,10366
4.50,10365
4.50,10364
4.50,10363
4.50,10362
4.50,10361
4.54,10360
4.56,10359
4.56,10358
4.60,10357
4.60,10356
4.61,10355
4.62,10354
4.62,10353
4.62,10352
4.63,10351
4.63,10350
4.63,10349
4.64,10348
4.64,10347
4.66,10346
4.68,10345
4.70,10344
4.70,10343
4.70,10342
4.71,10341
4.71,10340
4.71,10339
4.72,10338
4.72,10337
4.72,10336
4.72,10335
4.73,10334
4.73,10333
4.73,10332
4.75,10331
4.75,10330
4.75,10329
4.75,10328
4.75,10327
4.75,10326
4.79,10325
4.79,10324
4.80,10323
4.80,10322
4.84,10321
4.86,10320
4.86,10319
4.87,10318
4.87,10317
4.87,10316
4.88,10315
4.88,10314
4.88,10313
4.88,10312
4.88,10311
4.89,10310
4.91,10309
4.93,10308
4.93,10307
4.94,10306
4.94,10305
4.96,10304
4.96,10303
4.98,10302
4.99,10301
4.99,10300
4.99,10299
4.99,10298
4.99,10297
4.99,10296
4.99,10295
4.99,10294
5.00,10293
5.00,10292
5.00,10291
5.05,10290
5.05,10289
5.06,10288
5.06,10287
5.07,10286
5.07,10285
5.08,10284
5.08,10283
5.08,10282
5.08,10281
5.09,10280
5.09,10279
5.10,10278
5.10,10277
5.11,10276
5.11,10275
5.12,10274
5.12,10273
5.12,10272
5.15,10271
5.15,10270
5.15,10269
5.16,10268
5.16,10267
5.17,10266
5.17,10265
5.17,10264
5.17,10263
5.18,10262
5.20,10261
5.20,10260
5.22,10259
5.22,10258
5.22,10257
5.22,10256
5.22,10255
5.22,10254
5.33,10253
5.33,10252
5.33,10251
5.33,10250
5.33,10249
5.33,10248
5.37,10247
5.41,10246
5.45,10245
5.45,10244
5.46,10243
5.46,10242
5.46,10241
5.46,10240
5.46,10239
5.47,10238
5.48,10237
5.51,10236
5.51,10235
5.52,10234
5.52,10233
5.52,10232
5.54,10231
5.60,10230
5.60,10229
5.61,10228
5.61,10227
5.62,10226
5.62,10225
5.62,10224
5.62,10223
5.64,10222
5.65,10221
5.65,10220
5.65,10219
5.65,10218
5.66,10217
5.69,10216
5.69,10215
5.69,10214
5.69,10213
5.69,10212
5.69,10211
5.71,10210
5.76,10209
5.76,10208
5.76,10207
5.82,10206
5.83,10205
5.83,10204
5.83,10203
5.93,10202
5.93,10201
5.94,10200
5.94,10199
5.94,10198
5.95,10197
5.95,10196
6.24,10195
6.24,10194
6.25,10193
6.25,10192
6.25,10191
6.25,10190
6.28,10189
6.29,10188
6.30,10187
6.31,10186
6.38,10185
6.38,10184
6.38,10183
6.38,10182
6.39,10181
6.39,10180
6.39,10179
6.41,10178
6.41,10177
6.41,10176
6.42,10175
6.42,10174
6.43,10173
6.44,10172
6.44,10171
6.45,10170
6.46,10169
6.46,10168
6.47,10167
6.48,10166
6.50,10165
6.50,10164
6.51,10163
6.51,10162
6.52,10161
6.52,10160
6.69,10159
6.70,10158
6.70,10157
6.70,10156
6.70,10155
6.70,10154
6.72,10153
6.72,10152
6.73,10151
6.73,10150
6.73,10149
6.75,10148
6.75,10147
6.75,10146
6.75,10145
6.77,10144
6.77,10143
6.78,10142
6.78,10141
6.80,10140
6.80,10139
6.80,10138
6.81,10137
6.82,10136
6.82,10135
6.84,10134
6.84,10133
6.84,10132
6.84,10131
6.84,10130
7.07,10129
7.07,10128
7.07,10127
7.07,10126
7.28,10125
7.28,10124
7.29,10123
7.29,10122
7.30,10121
7.30,10120
7.31,10119
7.31,10118
7.32,10117
7.32,10116
7.33,10115
7.33,10114
7.33,10113
7.33,10112
7.33,10111
7.33,10110
7.34,10109
7.34,10108
7.35,10107
7.37,10106
7.37,10105
7.37,10104
7.37,10103
7.38,10102
7.38,10101
7.38,10100
7.39,10099
7.40,10098
7.40,10097
7.41,10096
7.41,10095
7.41,10094
7.41,10093
7.41,10092
7.41,10091
7.42,10090
7.42,10089
7.43,10088
7.44,10087
7.44,10086
7.44,10085
7.44,10084
7.44,10083
7.44,10082
7.45,10081
7.46,10080
7.47,10079
7.47,10078
7.47,10077
7.47,10076
7.53,10075
7.53,10074
7.54,10073
7.72,10072
7.72,10071
7.72,10070
7.72,10069
7.72,10068
7.73,10067
7.73,10066
7.73,10065
7.73,10064
7.74,10063
7.75,10062
7.76,10061
7.79,10060
7.82,10059
7.82,10058
7.82,10057
7.84,10056
7.93,10055
7.95,10054
7.97,10053
7.98,10052
7.98,10051
8.00,10050
8.00,10049
8.00,10048
8.00,10047
8.00,10046
8.00,10045
8.01,10044
8.01,10043
8.01,10042
8.01,10041
8.01,10040
8.01,10039
8.05,10038
8.13,10037
8.23,10036
8.23,10035
8.23,10034
8.23,10033
8.24,10032
8.25,10031
8.25,10030
8.25,10029
8.25,10028
8.25,10027
8.27,10026
8.28,10025
8.31,10024
8.31,10023
8.36,10022
8.37,10021
8.37,10020
8.37,10019
8.38,10018
8.38,10017
8.38,10016
8.39,10015
8.39,10014
8.46,10013
8.47,10012
8.47,10011
8.47,10010
8.48,10009
8.48,10008
8.48,10007
8.49,10006
8.49,10005
8.62,10004
8.62,10003
8.62,10002
8.63,10001
8.64,10000
8.64,9999
8.64,9998
8.64,9997
8.64,9996
8.71,9995
8.71,9994
8.72,9993
8.72,9992
8.73,9991
8.74,9990
8.74,9989
8.75,9988
8.75,9987
8.75,9986
8.76,9985
8.76,9984
8.76,9983
8.76,9982
8.84,9981
8.86,9980
8.86,9979
8.86,9978
8.86,9977
8.92,9976
8.93,9975
8.93,9974
8.95,9973
8.96,9972
8.97,9971
8.99,9970
8.99,9969
8.99,9968
8.99,9967
8.99,9966
9.03,9965
9.03,9964
9.08,9963
9.13,9962
9.13,9961
9.14,9960
9.17,9959
9.18,9958
9.22,9957
9.41,9956
9.90,9955
9.94,9954
9.95,9953
10.26,9952
10.36,9951
10.36,9950
10.38,9949
10.39,9948
10.40,9947
10.40,9946
10.40,9945
10.40,9944
10.43,9943
10.47,9942
10.48,9941
10.48,9940
10.48,9939
10.48,9938
10.50,9937
10.51,9936
10.52,9935
10.75,9934
10.91,9933
10.94,9932
10.94,9931
10.94,9930
10.94,9929
10.95,9928
10.95,9927
11.06,9926
11.07,9925
11.07,9924
11.07,9923
11.07,9922
11.09,9921
11.09,9920
11.42,9919
11.43,9918
11.48,9917
11.49,9916
11.49,9915
11.49,9914
11.49,9913
11.49,9912
11.49,9911
11.50,9910
11.50,9909
11.51,9908
11.54,9907
11.68,9906
11.75,9905
11.75,9904
11.75,9903
11.77,9902
11.80,9901
11.81,9900
11.83,9899
11.83,9898
11.83,9897
11.85,9896
11.86,9895
11.88,9894
11.88,9893
11.94,9892
11.94,9891
12.19,9890
12.20,9889
12.24,9888
12.25,9887
12.25,9886
12.25,9885
12.26,9884
12.26,9883
12.27,9882
12.28,9881
12.28,9880
12.29,9879
12.29,9878
12.29,9877
12.29,9876
12.31,9875
14.16,9874
14.16,9873
14.16,9872
14.16,9871
14.16,9870
14.17,9869
14.17,9868
14.17,9867
14.17,9866
14.17,9865
14.17,9864
14.18,9863
14.18,9862
14.26,9861
14.26,9860
14.26,9859
14.58,9858
14.58,9857
14.59,9856
14.59,9855
14.59,9854
14.60,9853
14.60,9852
14.62,9851
14.62,9850
14.62,9849
14.62,9848
14.66,9847
14.66,9846
14.66,9845
14.67,9844
14.69,9843
14.70,9842
14.71,9841
14.73,9840
14.73,9839
14.73,9838
14.73,9837
15.15,9836
15.15,9835
15.16,9834
15.91,9833
15.91,9832
15.92,9831
15.92,9830
15.92,9829
15.92,9828
15.98,9827
15.99,9826
15.99,9825
15.99,9824
16.32,9823
16.34,9822
16.34,9821
16.34,9820
16.34,9819
16.39,9818
16.41,9817
16.42,9816
16.42,9815
16.42,9814
16.43,9813
16.49,9812
16.49,9811
16.50,9810
16.50,9809
16.50,9808
16.50,9807
16.50,9806
16.51,9805
16.59,9804
17.08,9803
17.08,9802
17.13,9801
17.13,9800
17.15,9799
17.15,9798
17.16,9797
17.16,9796
17.26,9795
17.26,9794
17.31,9793
17.36,9792
17.36,9791
17.56,9790
17.57,9789
17.57,9788
17.57,9787
17.58,9786
17.58,9785
17.99,9784
18.01,9783
18.03,9782
18.04,9781
18.75,9780
19.82,9779
20.24,9778
20.24,9777
20.24,9776
20.24,9775
20.38,9774
20.38,9773
20.68,9772
20.68,9771
20.68,9770
20.69,9769
20.69,9768
20.69,9767
20.69,9766
20.71,9765
20.73,9764
20.73,9763
20.73,9762
20.73,9761
20.74,9760
21.36,9759
21.37,9758
21.38,9757
21.38,9756
22.08,9755
22.08,9754
22.09,9753
22.09,9752
22.14,9751
22.32,9750
22.38,9749
22.43,9748
22.44,9747
22.44,9746
22.44,9745
22.47,9744
22.61,9743
22.89,9742
22.89,9741
22.90,9740
23.06,9739
23.06,9738
23.06,9737
23.08,9736
23.79,9735
23.80,9734
23.80,9733
23.81,9732
23.82,9731
23.82,9730
23.82,9729
23.85,9728
23.87,9727
23.87,9726
23.87,9725
23.88,9724
23.88,9723
23.88,9722
23.88,9721
23.88,9720
25.44,9719
25.44,9718
25.45,9717
25.46,9716
25.56,9715
25.56,9714
25.56,9713
25.56,9712
25.56,9711
25.74,9710
25.76,9709
25.77,9708
25.77,9707
25.77,9706
49.70,9705
49.71,9704
49.71,9703
49.72,9702
49.74,9701
49.74,9700
49.74,9699
49.76,9698
49.77,9697
49.82,9696
49.82,9695
51.05,9694
51.05,9693
51.11,9692
51.12,9691
51.13,9690
51.46,9689
52.29,9688
52.30,9687
52.30,9686
52.33,9685
52.34,9684
52.37,9683
52.40,9682
52.40,9681
52.40,9680
52.41,9679
52.54,9678
52.55,9677
52.55,9676
52.55,9675
52.55,9674
52.59,9673
52.61,9672
52.61,9671
52.62,9670
52.62,9669
52.63,9668
53.70,9667
53.70,9666
53.76,9665
53.77,9664
53.77,9663
53.77,9662
53.78,9661
54.55,9660
54.56,9659
54.56,9658
54.95,9657
54.96,9656
54.96,9655
54.96,9654
54.97,9653
55.14,9652
55.14,9651
55.15,9650
55.22,9649
55.25,9648
55.25,9647
55.25,9646
55.27,9645
55.74,9644
55.75,9643
55.75,9642
55.75,9641
55.75,9640
55.85,9639
55.86,9638
55.86,9637
55.87,9636
76.64,9635
76.64,9634
76.85,9633
76.97,9632
76.99,9631
77.23,9630
77.25,9629
78.33,9628
78.33,9627
78.52,9626
78.65,9625
78.65,9624
78.65,9623
78.66,9622
79.27,9621
79.37,9620
79.38,9619
79.38,9618
79.38,9617
79.38,9616
79.39,9615
79.39,9614
79.39,9613
82.38,9612
82.39,9611
82.41,9610
82.70,9609
82.70,9608
83.03,9607
83.91,9606
83.91,9605
84.11,9604
84.11,9603
84.12,9602
84.14,9601
84.26,9600
84.26,9599
84.26,9598
84.26,9597
84.26,9596
84.26,9595
84.26,9594
84.49,9593
84.50,9592
84.50,9591
84.50,9590
84.51,9589
84.52,9588
84.52,9587
84.52,9586
99.86,9585
99.90,9584
99.90,9583
99.96,9582
99.96,9581
99.96,9580
99.96,9579
99.96,9578
99.96,9577
99.97,9576
99.97,9575
99.97,9574
99.98,9573
99.98,9572
99.99,9571
100.41,9570
100.42,9569
100.50,9568
100.50,9567
100.51,9566
100.51,9565
100.52,9564
100.57,9563
111.30,9562
111.32,9561
111.32,9560
111.32,9559
111.33,9558
111.33,9557
111.33,9556
111.34,9555
111.34,9554
111.34,9553
111.34,9552
111.34,9551
113.64,9550
113.64,9549
113.65,9548
113.65,9547
113.66,9546
113.66,9545
113.66,9544
113.72,9543
113.72,9542
113.72,9541
114.06,9540
114.06,9539
136.30,9538
136.33,9537
136.33,9536
136.33,9535
136.41,9534
136.41,9533
136.41,9532
136.41,9531
136.41,9530
136.42,9529
136.65,9528
136.66,9527
136.68,9526
136.68,9525
136.68,9524
136.74,9523
136.75,9522
136.77,9521
136.78,9520
136.79,9519
136.79,9518
136.79,9517
136.82,9516
136.84,9515
136.84,9514
136.84,9513
137.16,9512
137.16,9511
137.16,9510
137.16,9509
137.22,9508
137.22,9507
137.22,9506
137.22,9505
137.24,9504
137.24,9503
137.25,9502
137.25,9501
137.27,9500
137.27,9499
137.27,9498
137.30,9497
137.34,9496
137.42,9495
137.42,9494
137.42,9493
137.42,9492
138.39,9491
138.39,9490
138.40,9489
141.22,9488
141.22,9487
143.21,9486
143.21,9485
143.22,9484
143.23,9483
146.47,9482
146.93,9481
146.93,9480
147.02,9479
147.02,9478
147.02,9477
147.03,9476
147.09,9475
147.09,9474
147.10,9473
147.17,9472
147.18,9471
147.18,9470
147.19,9469
147.19,9468
147.20,9467
147.20,9466
147.24,9465
147.24,9464
147.28,9463
148.81,9462
148.82,9461
148.83,9460
148.84,9459
148.84,9458
148.84,9457
148.84,9456
148.84,9455
148.84,9454
149.04,9453
149.13,9452
149.13,9451
149.15,9450
149.15,9449
149.15,9448
149.19,9447
149.34,9446
149.34,9445
149.36,9444
149.36,9443
149.39,9442
149.40,9441
149.41,9440
149.42,9439
149.42,9438
149.42,9437
149.42,9436
149.42,9435
149.43,9434
149.43,9433
149.43,9432
149.65,9431
149.68,9430
150.29,9429
150.29,9428
150.35,9427
150.35,9426
150.36,9425
150.39,9424
150.40,9423
150.40,9422
150.40,9421
150.41,9420
150.41,9419
150.41,9418
150.42,9417
150.43,9416
150.43,9415
150.45,9414
150.59,9413
150.60,9412
150.60,9411
151.62,9410
151.64,9409
151.91,9408
151.92,9407
151.93,9406
151.97,9405
152.01,9404
152.05,9403
152.05,9402
152.07,9401
152.07,9400
152.07,9399
152.11,9398
152.11,9397
152.12,9396
152.12,9395
152.12,9394
152.12,9393
152.12,9392
152.12,9391
152.13,9390
152.13,9389
152.13,9388
152.14,9387
152.14,9386
152.14,9385
152.15,9384
152.15,9383
152.19,9382
152.27,9381
152.27,9380
152.28,9379
152.33,9378
152.34,9377
156.81,9376
156.82,9375
156.82,9374
156.82,9373
156.85,9372
156.86,9371
156.88,9370
156.88,9369
156.89,9368
157.42,9367
157.42,9366
157.42,9365
157.42,9364
157.44,9363
157.44,9362
157.45,9361
157.47,9360
157.48,9359
157.48,9358
157.48,9357
157.49,9356
157.49,9355
157.54,9354
157.66,9353
159.08,9352
159.08,9351
159.10,9350
159.10,9349
159.10,9348
159.10,9347
159.10,9346
159.10,9345
159.11,9344
159.19,9343
159.20,9342
159.20,9341
159.27,9340
159.30,9339
159.30,9338
159.31,9337
160.10,9336
160.15,9335
160.19,9334
160.84,9333
160.84,9332
160.85,9331
161.19,9330
161.19,9329
161.30,9328
161.30,9327
161.31,9326
161.31,9325
161.32,9324
161.32,9323
161.32,9322
161.33,9321
161.34,9320
161.34,9319
161.34,9318
161.37,9317
161.38,9316
161.38,9315
164.71,9314
164.71,9313
164.74,9312
164.74,9311
164.79,9310
164.79,9309
164.82,9308
164.83,9307
164.85,9306
165.08,9305
165.08,9304
165.08,9303
165.08,9302
165.08,9301
166.48,9300
166.48,9299
166.48,9298
166.48,9297
166.49,9296
166.50,9295
166.50,9294
167.61,9293
167.64,9292
167.66,9291
168.05,9290
169.25,9289
169.27,9288
169.27,9287
169.28,9286
169.33,9285
169.34,9284
169.34,9283
169.35,9282
169.35,9281
169.35,9280
169.36,9279
169.37,9278
169.67,9277
169.83,9276
169.83,9275
169.83,9274
169.84,9273
169.84,9272
169.84,9271
169.84,9270
169.84,9269
169.92,9268
169.93,9267
169.93,9266
169.93,9265
169.94,9264
169.94,9263
169.94,9262
169.95,9261
169.95,9260
169.95,9259
170.08,9258
170.61,9257
170.62,9256
170.62,9255
170.62,9254
172.01,9253
172.01,9252
172.01,9251
172.02,9250
172.03,9249
172.08,9248
172.08,9247
172.09,9246
172.09,9245
172.09,9244
172.09,9243
172.28,9242
172.28,9241
172.28,9240
172.30,9239
172.30,9238
172.45,9237
172.46,9236
173.93,9235
173.95,9234
173.96,9233
174.04,9232
174.23,9231
175.71,9230
175.71,9229
175.71,9228
175.71,9227
175.89,9226
175.89,9225
175.90,9224
175.91,9223
175.91,9222
175.91,9221
175.93,9220
175.93,9219
175.95,9218
175.99,9217
176.03,9216
176.08,9215
176.10,9214
176.11,9213
176.12,9212
176.14,9211
176.18,9210
176.19,9209
176.19,9208
176.19,9207
176.20,9206
176.21,9205
176.21,9204
176.22,9203
176.25,9202
176.66,9201
176.67,9200
176.69,9199
176.79,9198
176.84,9197
176.85,9196
176.85,9195
176.85,9194
176.85,9193
176.86,9192
176.86,9191
176.86,9190
176.88,9189
176.88,9188
177.05,9187
177.47,9186
177.47,9185
177.47,9184
177.67,9183
177.67,9182
177.68,9181
177.72,9180
177.72,9179
177.72,9178
177.73,9177
177.73,9176
177.74,9175
177.91,9174
177.91,9173
178.66,9172
178.66,9171
178.66,9170
179.70,9169
179.76,9168
179.77,9167
179.77,9166
179.85,9165
179.85,9164
179.86,9163
179.87,9162
179.87,9161
179.89,9160
179.89,9159
179.91,9158
180.33,9157
180.33,9156
180.33,9155
180.78,9154
180.79,9153
181.64,9152
181.65,9151
181.86,9150
181.87,9149
181.87,9148
182.01,9147
182.01,9146
182.03,9145
182.90,9144
182.90,9143
182.92,9142
183.06,9141
183.07,9140
183.07,9139
183.10,9138
183.12,9137
183.12,9136
183.12,9135
183.13,9134
183.13,9133
183.27,9132
183.27,9131
183.28,9130
183.28,9129
183.28,9128
187.08,9127
187.08,9126
187.09,9125
187.10,9124
187.10,9123
187.10,9122
187.11,9121
187.41,9120
187.41,9119
187.49,9118
187.49,9117
187.52,9116
187.52,9115
187.53,9114
187.54,9113
187.75,9112
187.76,9111
187.76,9110
187.82,9109
187.82,9108
188.31,9107
188.34,9106
188.39,9105
188.40,9104
188.40,9103
188.41,9102
188.41,9101
189.12,9100
189.14,9099
189.15,9098
189.15,9097
189.15,9096
189.16,9095
189.16,9094
189.63,9093
189.64,9092
189.64,9091
189.64,9090
189.64,9089
190.60,9088
190.60,9087
190.60,9086
190.60,9085
190.63,9084
191.01,9083
191.01,9082
191.02,9081
191.33,9080
191.38,9079
191.39,9078
191.39,9077
191.39,9076
191.42,9075
191.46,9074
191.46,9073
191.46,9072
191.47,9071
191.49,9070
191.49,9069
192.14,9068
192.15,9067
192.15,9066
192.15,9065
192.76,9064
192.79,9063
192.89,9062
192.89,9061
192.89,9060
192.90,9059
193.80,9058
193.80,9057
193.80,9056
193.81,9055
193.83,9054
193.83,9053
193.83,9052
195.02,9051
195.02,9050
195.02,9049
195.02,9048
195.06,9047
195.07,9046
195.08,9045
195.08,9044
195.09,9043
195.09,9042
195.14,9041
195.14,9040
195.31,9039
195.44,9038
195.47,9037
195.47,9036
195.48,9035
195.48,9034
195.49,9033
195.51,9032
195.53,9031
195.54,9030
195.54,9029
195.54,9028
195.54,9027
195.56,9026
197.50,9025
197.50,9024
197.51,9023
197.51,9022
197.52,9021
197.52,9020
197.52,9019
197.52,9018
197.56,9017
197.56,9016
197.59,9015
197.60,9014
197.60,9013
197.63,9012
197.70,9011
197.70,9010
197.70,9009
197.71,9008
197.71,9007
197.72,9006
197.72,9005
197.73,9004
197.73,9003
197.85,9002
197.85,9001
197.87,9000
197.98,8999
197.98,8998
197.98,8997
197.98,8996
197.98,8995
197.99,8994
197.99,8993
198.02,8992
198.06,8991
198.06,8990
198.10,8989
198.12,8988
198.13,8987
198.13,8986
198.50,8985
198.56,8984
198.58,8983
198.61,8982
198.61,8981
198.61,8980
198.62,8979
198.63,8978
198.63,8977
198.63,8976
198.64,8975
198.65,8974
198.65,8973
198.65,8972
198.68,8971
198.71,8970
198.71,8969
198.79,8968
198.79,8967
198.94,8966
198.98,8965
199.11,8964
199.30,8963
199.30,8962
199.31,8961
199.36,8960
199.42,8959
199.43,8958
199.52,8957
200.00,8956
200.04,8955
200.21,8954
200.21,8953
200.22,8952
200.22,8951
200.22,8950
200.61,8949
200.61,8948
200.85,8947
200.86,8946
200.86,8945
200.87,8944
200.87,8943
201.01,8942
201.01,8941
201.01,8940
201.04,8939
201.04,8938
201.05,8937
202.12,8936
202.14,8935
202.34,8934
202.40,8933
202.40,8932
202.42,8931
202.42,8930
202.43,8929
202.43,8928
202.53,8927
202.55,8926
202.56,8925
202.56,8924
202.57,8923
202.58,8922
202.58,8921
202.58,8920
202.65,8919
202.65,8918
202.69,8917
202.69,8916
202.70,8915
202.97,8914
202.98,8913
202.98,8912
202.99,8911
203.02,8910
203.03,8909
203.04,8908
203.04,8907
203.05,8906
203.06,8905
203.74,8904
203.74,8903
203.75,8902
203.77,8901
203.78,8900
203.78,8899
203.78,8898
203.81,8897
203.81,8896
204.15,8895
204.17,8894
204.18,8893
204.18,8892
204.18,8891
204.19,8890
204.29,8889
204.31,8888
204.37,8887
204.41,8886
204.41,8885
204.42,8884
204.42,8883
204.56,8882
204.62,8881
204.63,8880
204.90,8879
204.93,8878
204.93,8877
204.96,8876
204.96,8875
205.05,8874
205.05,8873
205.05,8872
205.06,8871
205.06,8870
205.06,8869
205.07,8868
205.07,8867
205.09,8866
205.09,8865
205.10,8864
205.11,8863
206.05,8862
206.06,8861
206.08,8860
206.12,8859
206.13,8858
206.13,8857
206.13,8856
206.18,8855
206.21,8854
206.22,8853
206.22,8852
206.22,8851
206.25,8850
206.25,8849
206.29,8848
206.29,8847
206.32,8846
206.32,8845
206.34,8844
206.34,8843
206.35,8842
206.37,8841
206.38,8840
206.38,8839
206.39,8838
206.43,8837
206.44,8836
206.53,8835
206.54,8834
206.54,8833
206.55,8832
206.55,8831
212.00,8830
212.03,8829
212.05,8828
212.51,8827
212.51,8826
212.52,8825
212.52,8824
212.52,8823
212.52,8822
212.58,8821
212.61,8820
212.63,8819
212.67,8818
212.72,8817
212.75,8816
212.76,8815
212.83,8814
212.83,8813
212.94,8812
212.94,8811
212.97,8810
213.35,8809
216.09,8808
216.10,8807
216.22,8806
216.23,8805
216.23,8804
216.26,8803
216.27,8802
216.27,8801
216.28,8800
216.29,8799
216.29,8798
216.92,8797
217.01,8796
217.01,8795
217.17,8794
217.23,8793
217.23,8792
217.31,8791
217.46,8790
217.46,8789
217.46,8788
217.48,8787
217.50,8786
217.51,8785
217.51,8784
217.51,8783
217.52,8782
217.52,8781
217.53,8780
217.54,8779
217.55,8778
217.56,8777
217.56,8776
217.56,8775
218.60,8774
218.60,8773
218.63,8772
218.67,8771
218.71,8770
219.81,8769
219.83,8768
219.83,8767
219.84,8766
219.84,8765
219.86,8764
220.20,8763
220.20,8762
220.20,8761
220.21,8760
220.21,8759
220.34,8758
220.35,8757
221.39,8756
221.44,8755
221.62,8754
221.62,8753
221.62,8752
221.63,8751
221.64,8750
221.64,8749
221.66,8748
221.88,8747
221.88,8746
221.88,8745
221.88,8744
222.01,8743
222.01,8742
222.49,8741
222.49,8740
222.49,8739
222.54,8738
222.61,8737
222.61,8736
223.04,8735
223.05,8734
223.09,8733
223.36,8732
223.36,8731
223.39,8730
223.40,8729
223.41,8728
223.41,8727
223.42,8726
223.42,8725
223.48,8724
223.48,8723
223.48,8722
223.49,8721
223.49,8720
223.52,8719
223.54,8718
223.57,8717
223.58,8716
224.40,8715
224.40,8714
224.41,8713
224.41,8712
224.44,8711
224.45,8710
224.47,8709
224.52,8708
224.53,8707
224.53,8706
224.66,8705
224.67,8704
224.67,8703
224.87,8702
224.87,8701
224.90,8700
225.01,8699
225.13,8698
225.17,8697
225.18,8696
225.18,8695
225.28,8694
225.29,8693
225.34,8692
225.35,8691
225.35,8690
225.35,8689
225.35,8688
225.44,8687
225.44,8686
225.45,8685
225.45,8684
225.46,8683
225.46,8682
226.16,8681
226.29,8680
226.29,8679
226.31,8678
226.40,8677
226.40,8676
226.41,8675
226.43,8674
226.44,8673
226.44,8672
226.44,8671
226.44,8670
226.54,8669
226.61,8668
226.62,8667
226.63,8666
226.63,8665
226.63,8664
226.64,8663
226.65,8662
226.67,8661
226.77,8660
226.77,8659
226.78,8658
226.78,8657
227.56,8656
227.59,8655
227.59,8654
227.59,8653
227.60,8652
227.60,8651
227.88,8650
227.91,8649
227.92,8648
227.93,8647
227.93,8646
227.95,8645
227.97,8644
227.98,8643
228.06,8642
228.08,8641
228.08,8640
228.18,8639
228.27,8638
229.01,8637
229.01,8636
229.02,8635
229.02,8634
229.52,8633
230.17,8632
230.17,8631
230.20,8630
230.51,8629
230.51,8628
230.51,8627
230.54,8626
230.54,8625
230.57,8624
230.58,8623
230.60,8622
230.63,8621
230.67,8620
230.67,8619
230.68,8618
230.70,8617
230.70,8616
230.71,8615
230.71,8614
230.78,8613
230.79,8612
230.80,8611
230.80,8610
230.81,8609
230.83,8608
230.83,8607
230.86,8606
230.86,8605
230.86,8604
231.00,8603
231.00,8602
231.00,8601
231.06,8600
231.07,8599
231.24,8598
231.35,8597
231.39,8596
231.42,8595
231.60,8594
231.64,8593
231.65,8592
231.66,8591
231.75,8590
231.75,8589
231.75,8588
231.76,8587
231.77,8586
231.78,8585
231.78,8584
231.78,8583
231.79,8582
231.80,8581
231.81,8580
231.84,8579
231.84,8578
231.84,8577
231.86,8576
231.86,8575
231.87,8574
231.87,8573
231.87,8572
232.08,8571
232.08,8570
232.08,8569
232.08,8568
232.08,8567
232.09,8566
232.11,8565
232.11,8564
232.58,8563
232.59,8562
233.52,8561
233.53,8560
233.53,8559
233.53,8558
233.58,8557
234.91,8556
234.92,8555
234.92,8554
234.93,8553
234.93,8552
234.97,8551
234.98,8550
234.98,8549
235.65,8548
235.66,8547
235.66,8546
235.66,8545
235.66,8544
235.67,8543
235.67,8542
235.67,8541
235.71,8540
235.74,8539
235.77,8538
235.78,8537
235.79,8536
235.98,8535
235.98,8534
236.24,8533
236.28,8532
236.28,8531
236.28,8530
236.29,8529
236.29,8528
236.31,8527
236.34,8526
236.34,8525
236.35,8524
236.47,8523
236.48,8522
236.48,8521
236.51,8520
236.51,8519
236.54,8518
236.55,8517
236.56,8516
236.59,8515
236.59,8514
236.63,8513
236.63,8512
236.63,8511
236.63,8510
236.65,8509
236.66,8508
236.66,8507
237.14,8506
237.16,8505
237.17,8504
237.29,8503
237.31,8502
237.31,8501
237.31,8500
237.43,8499
237.66,8498
237.66,8497
237.70,8496
237.81,8495
237.81,8494
237.81,8493
237.82,8492
237.82,8491
237.83,8490
237.84,8489
237.85,8488
237.85,8487
237.87,8486
237.88,8485
238.62,8484
238.62,8483
238.62,8482
238.62,8481
239.55,8480
239.55,8479
239.56,8478
239.56,8477
239.62,8476
239.70,8475
239.70,8474
239.70,8473
239.70,8472
239.71,8471
239.78,8470
239.78,8469
239.80,8468
239.81,8467
239.83,8466
239.85,8465
240.38,8464
240.39,8463
240.41,8462
240.52,8461
240.52,8460
240.55,8459
240.59,8458
240.63,8457
240.64,8456
240.78,8455
240.78,8454
240.78,8453
240.94,8452
240.96,8451
240.98,8450
240.99,8449
241.01,8448
241.09,8447
241.33,8446
241.33,8445
241.37,8444
241.37,8443
241.37,8442
241.37,8441
241.37,8440
241.45,8439
241.46,8438
241.49,8437
241.51,8436
241.51,8435
241.70,8434
241.70,8433
242.21,8432
242.48,8431
242.50,8430
246.28,8429
246.29,8428
246.30,8427
246.30,8426
246.32,8425
246.85,8424
246.86,8423
246.87,8422
246.93,8421
246.94,8420
246.95,8419
246.95,8418
247.09,8417
247.09,8416
247.10,8415
247.10,8414
247.12,8413
247.12,8412
247.12,8411
247.12,8410
247.22,8409
247.22,8408
247.22,8407
247.22,8406
247.23,8405
247.27,8404
247.29,8403
247.29,8402
247.36,8401
247.36,8400
247.36,8399
248.17,8398
248.19,8397
248.20,8396
248.21,8395
248.22,8394
248.22,8393
248.23,8392
248.40,8391
248.41,8390
248.41,8389
248.45,8388
248.46,8387
248.47,8386
248.47,8385
248.65,8384
248.66,8383
248.67,8382
251.57,8381
251.58,8380
251.58,8379
251.58,8378
251.60,8377
251.60,8376
251.70,8375
251.70,8374
251.75,8373
251.76,8372
251.80,8371
251.80,8370
251.80,8369
253.15,8368
253.16,8367
253.16,8366
253.16,8365
253.16,8364
253.19,8363
253.21,8362
253.26,8361
253.28,8360
253.31,8359
253.31,8358
253.32,8357
253.32,8356
253.33,8355
253.33,8354
253.38,8353
253.40,8352
253.51,8351
253.52,8350
255.91,8349
256.09,8348
256.09,8347
256.09,8346
256.10,8345
256.10,8344
256.10,8343
256.13,8342
256.15,8341
256.17,8340
256.17,8339
256.17,8338
256.17,8337
256.27,8336
256.29,8335
256.43,8334
256.44,8333
256.44,8332
256.71,8331
256.71,8330
256.72,8329
256.74,8328
256.76,8327
257.74,8326
257.75,8325
257.82,8324
257.86,8323
257.89,8322
257.90,8321
257.90,8320
257.91,8319
257.91,8318
257.91,8317
257.91,8316
257.95,8315
257.96,8314
257.96,8313
257.97,8312
257.98,8311
257.98,8310
258.16,8309
258.28,8308
258.29,8307
258.29,8306
258.30,8305
258.30,8304
258.32,8303
258.34,8302
258.37,8301
258.40,8300
258.50,8299
258.51,8298
259.08,8297
259.28,8296
259.35,8295
259.38,8294
259.39,8293
259.52,8292
259.52,8291
260.28,8290
260.29,8289
261.01,8288
261.02,8287
261.07,8286
261.13,8285
261.19,8284
261.19,8283
261.23,8282
261.23,8281
261.38,8280
261.38,8279
261.62,8278
261.63,8277
261.64,8276
261.65,8275
261.65,8274
261.67,8273
261.74,8272
261.78,8271
261.81,8270
261.81,8269
261.94,8268
261.95,8267
261.96,8266
261.99,8265
261.99,8264
262.00,8263
262.53,8262
262.58,8261
262.61,8260
262.62,8259
262.63,8258
262.65,8257
262.66,8256
262.66,8255
262.67,8254
262.68,8253
263.05,8252
263.14,8251
263.19,8250
263.19,8249
263.21,8248
263.22,8247
263.23,8246
263.71,8245
263.71,8244
263.73,8243
263.74,8242
263.75,8241
263.78,8240
263.78,8239
263.79,8238
263.81,8237
263.81,8236
263.83,8235
263.87,8234
263.91,8233
263.94,8232
263.94,8231
263.98,8230
264.05,8229
264.07,8228
264.07,8227
264.07,8226
264.07,8225
264.12,8224
264.12,8223
264.12,8222
264.13,8221
264.19,8220
264.19,8219
264.43,8218
264.50,8217
264.61,8216
264.61,8215
264.63,8214
264.67,8213
265.16,8212
265.28,8211
265.30,8210
265.31,8209
265.35,8208
265.37,8207
266.14,8206
266.15,8205
266.15,8204
266.15,8203
266.16,8202
266.19,8201
266.24,8200
266.25,8199
266.44,8198
266.46,8197
266.55,8196
266.57,8195
267.06,8194
267.06,8193
267.09,8192
267.37,8191
267.37,8190
267.37,8189
267.39,8188
267.44,8187
267.47,8186
267.47,8185
267.70,8184
267.76,8183
267.76,8182
267.76,8181
267.81,8180
267.86,8179
267.91,8178
267.98,8177
267.98,8176
269.07,8175
269.07,8174
269.08,8173
269.12,8172
269.12,8171
269.12,8170
269.14,8169
269.21,8168
269.27,8167
269.31,8166
269.32,8165
269.32,8164
269.33,8163
270.09,8162
270.19,8161
270.21,8160
270.22,8159
270.33,8158
270.46,8157
270.46,8156
270.48,8155
271.36,8154
271.36,8153
271.36,8152
271.92,8151
271.94,8150
271.95,8149
271.95,8148
271.98,8147
271.99,8146
273.18,8145
273.26,8144
273.29,8143
273.32,8142
273.33,8141
274.70,8140
275.12,8139
275.15,8138
275.23,8137
275.51,8136
275.52,8135
275.54,8134
276.29,8133
276.29,8132
276.39,8131
276.40,8130
276.62,8129
276.64,8128
277.46,8127
277.47,8126
277.47,8125
277.48,8124
277.49,8123
277.49,8122
277.49,8121
278.22,8120
278.24,8119
278.63,8118
279.11,8117
279.14,8116
279.14,8115
279.55,8114
279.56,8113
279.61,8112
279.63,8111
279.64,8110
279.64,8109
279.66,8108
279.69,8107
279.72,8106
280.12,8105
280.12,8104
281.13,8103
281.13,8102
281.14,8101
281.15,8100
281.15,8099
281.22,8098
281.23,8097
281.23,8096
281.27,8095
281.28,8094
281.29,8093
281.30,8092
281.37,8091
281.78,8090
281.81,8089
281.82,8088
281.98,8087
282.08,8086
282.14,8085
282.22,8084
282.30,8083
282.33,8082
282.34,8081
282.35,8080
282.41,8079
282.43,8078
282.46,8077
282.48,8076
282.48,8075
282.48,8074
282.70,8073
282.70,8072
282.70,8071
282.72,8070
282.76,8069
282.78,8068
282.78,8067
282.81,8066
282.98,8065
283.12,8064
283.13,8063
283.19,8062
283.21,8061
283.29,8060
283.30,8059
283.30,8058
283.31,8057
283.31,8056
283.31,8055
283.32,8054
283.32,8053
283.34,8052
283.37,8051
283.44,8050
283.45,8049
283.46,8048
283.50,8047
283.53,8046
283.55,8045
283.58,8044
283.63,8043
283.63,8042
283.64,8041
283.67,8040
287.36,8039
287.82,8038
287.83,8037
287.90,8036
287.90,8035
291.01,8034
291.07,8033
291.07,8032
291.10,8031
291.12,8030
291.13,8029
291.29,8028
291.31,8027
291.41,8026
291.43,8025
291.51,8024
291.76,8023
291.84,8022
291.87,8021
291.87,8020
291.88,8019
291.91,8018
291.92,8017
291.93,8016
291.94,8015
292.03,8014
292.06,8013
292.07,8012
292.27,8011
292.37,8010
292.44,8009
292.46,8008
292.50,8007
292.71,8006
292.73,8005
292.74,8004
293.22,8003
293.34,8002
293.35,8001
293.35,8000
293.39,7999
293.57,7998
293.60,7997
293.73,7996
293.81,7995
294.25,7994
295.32,7993
295.33,7992
295.47,7991
295.47,7990
295.75,7989
295.91,7988
295.91,7987
295.92,7986
295.93,7985
296.13,7984
296.14,7983
296.14,7982
296.16,7981
296.19,7980
296.32,7979
296.40,7978
297.26,7977
297.28,7976
297.32,7975
297.45,7974
297.45,7973
297.48,7972
298.11,7971
298.11,7970
298.25,7969
298.26,7968
298.27,7967
298.33,7966
298.34,7965
298.39,7964
300.40,7963
300.40,7962
300.95,7961
300.97,7960
300.98,7959
300.99,7958
301.02,7957
301.02,7956
301.04,7955
301.04,7954
301.13,7953
302.35,7952
302.35,7951
302.48,7950
302.59,7949
302.59,7948
302.87,7947
305.20,7946
305.22,7945
309.89,7944
309.89,7943
321.86,7942
321.87,7941
321.87,7940
321.88,7939
321.88,7938
321.93,7937
322.83,7936
322.85,7935
322.86,7934
322.87,7933
322.88,7932
322.88,7931
322.91,7930
323.16,7929
323.29,7928
323.73,7927
323.89,7926
323.89,7925
323.90,7924
323.90,7923
323.96,7922
324.18,7921
324.20,7920
324.23,7919
324.23,7918
324.24,7917
324.24,7916
324.31,7915
324.32,7914
324.32,7913
324.33,7912
324.34,7911
324.39,7910
324.50,7909
324.60,7908
324.60,7907
324.63,7906
324.65,7905
324.66,7904
324.74,7903
324.99,7902
324.99,7901
325.08,7900
325.16,7899
325.25,7898
325.30,7897
325.33,7896
325.36,7895
325.40,7894
325.42,7893
325.44,7892
327.79,7891
327.80,7890
327.82,7889
327.88,7888
327.91,7887
327.92,7886
327.92,7885
329.61,7884
329.61,7883
329.62,7882
329.63,7881
330.39,7880
330.47,7879
330.58,7878
331.35,7877
332.90,7876
332.91,7875
332.92,7874
334.26,7873
334.26,7872
334.33,7871
334.34,7870
334.43,7869
334.45,7868
334.47,7867
334.47,7866
334.48,7865
334.58,7864
334.58,7863
335.56,7862
335.63,7861
335.65,7860
335.66,7859
335.76,7858
335.82,7857
335.97,7856
336.09,7855
337.82,7854
337.83,7853
337.84,7852
337.87,7851
337.90,7850
337.90,7849
337.90,7848
337.94,7847
337.95,7846
338.01,7845
340.10,7844
340.18,7843
340.20,7842
340.20,7841
340.27,7840
340.85,7839
340.87,7838
340.88,7837
340.93,7836
340.96,7835
341.00,7834
341.02,7833
341.06,7832
341.06,7831
341.33,7830
341.34,7829
341.52,7828
341.52,7827
341.76,7826
341.76,7825
341.81,7824
341.81,7823
341.82,7822
342.02,7821
342.07,7820
342.08,7819
342.09,7818
342.14,7817
342.18,7816
342.18,7815
342.28,7814
346.61,7813
346.61,7812
346.62,7811
346.62,7810
346.69,7809
346.71,7808
346.72,7807
346.74,7806
346.75,7805
346.76,7804
346.76,7803
346.76,7802
346.77,7801
347.55,7800
347.56,7799
348.11,7798
348.27,7797
348.29,7796
348.30,7795
348.97,7794
349.02,7793
349.16,7792
349.16,7791
349.23,7790
349.24,7789
349.25,7788
349.33,7787
349.43,7786
349.71,7785
349.86,7784
349.86,7783
350.05,7782
350.06,7781
350.19,7780
350.21,7779
353.64,7778
363.87,7777
363.90,7776
363.96,7775
363.98,7774
363.98,7773
364.05,7772
364.06,7771
364.08,7770
367.30,7769
367.98,7768
367.99,7767
378.10,7766
378.21,7765
378.97,7764
378.98,7763
379.00,7762
379.04,7761
380.05,7760
380.07,7759
380.08,7758
380.15,7757
380.19,7756
380.19,7755
380.37,7754
380.77,7753
380.78,7752
380.79,7751
381.04,7750
381.08,7749
381.12,7748
381.25,7747
381.25,7746
381.79,7745
381.98,7744
382.00,7743
382.15,7742
382.17,7741
382.20,7740
382.21,7739
389.21,7738
389.27,7737
389.34,7736
389.39,7735
389.40,7734
389.43,7733
389.71,7732
389.76,7731
389.77,7730
389.81,7729
389.83,7728
389.83,7727
389.85,7726
389.87,7725
389.92,7724
389.95,7723
392.34,7722
392.38,7721
392.39,7720
392.47,7719
392.50,7718
392.51,7717
392.52,7716
392.71,7715
392.75,7714
392.83,7713
392.89,7712
393.16,7711
393.16,7710
393.16,7709
393.24,7708
393.28,7707
393.28,7706
393.31,7705
393.49,7704
393.52,7703
393.55,7702
393.56,7701
394.73,7700
394.74,7699
394.83,7698
394.95,7697
394.98,7696
402.29,7695
402.29,7694
403.48,7693
403.49,7692
403.63,7691
403.64,7690
403.67,7689
403.95,7688
404.23,7687
405.08,7686
415.92,7685
415.94,7684
415.96,7683
415.98,7682
415.99,7681
416.08,7680
418.39,7679
418.54,7678
419.46,7677
419.56,7676
421.83,7675
421.86,7674
421.93,7673
425.63,7672
425.67,7671
425.69,7670
425.85,7669
425.87,7668
426.45,7667
426.46,7666
426.76,7665
428.52,7664
428.57,7663
434.72,7662
434.73,7661
434.81,7660
434.94,7659
435.02,7658
435.14,7657
436.12,7656
436.16,7655
436.36,7654
436.38,7653
436.67,7652
436.72,7651
437.58,7650
437.69,7649
439.00,7648
440.25,7647
440.26,7646
440.48,7645
440.58,7644
440.59,7643
441.99,7642
442.00,7641
442.06,7640
442.08,7639
446.01,7638
446.80,7637
446.97,7636
447.20,7635
447.21,7634
447.28,7633
447.57,7632
447.91,7631
448.04,7630
448.21,7629
448.22,7628
450.54,7627
452.69,7626
452.74,7625
452.75,7624
453.16,7623
453.26,7622
453.62,7621
453.71,7620
453.76,7619
454.34,7618
490.64,7617
491.14,7616
491.19,7615
491.84,7614
491.86,7613
491.87,7612
498.13,7611
498.32,7610
498.40,7609
498.75,7608
499.48,7607
501.16,7606
504.54,7605
510.32,7604
510.52,7603
510.59,7602
510.59,7601
510.60,7600
510.72,7599
510.84,7598
510.84,7597
511.50,7596
511.52,7595
511.77,7594
511.78,7593
511.87,7592
512.89,7591
512.93,7590
516.08,7589
516.10,7588
516.20,7587
516.21,7586
516.23,7585
516.33,7584
516.39,7583
516.43,7582
516.50,7581
516.52,7580
516.53,7579
516.54,7578
516.54,7577
517.04,7576
518.06,7575
518.22,7574
518.23,7573
526.14,7572
526.35,7571
526.35,7570
526.50,7569
562.13,7568
562.37,7567
562.55,7566
562.57,7565
562.58,7564
562.64,7563
562.95,7562
563.75,7561
564.85,7560
565.50,7559
570.59,7558
572.09,7557
572.39,7556
594.22,7555
595.48,7554
595.61,7553
595.62,7552
595.62,7551
595.65,7550
595.72,7549
595.77,7548
596.03,7547
596.06,7546
