0.00,5956
0.97,5955
2.14,5954
3.28,5953
3.66,5952
5.57,5951
6.54,5950
6.92,5949
7.30,5948
7.87,5947
8.83,5946
9.60,5945
10.37,5944
10.76,5943
12.18,5942
13.34,5941
13.91,5940
14.29,5939
15.44,5938
16.02,5937
16.68,5936
17.07,5935
18.42,5934
19.02,5933
19.41,5932
20.17,5931
20.93,5930
21.32,5929
23.42,5928
24.00,5927
25.53,5926
27.24,5925
27.83,5924
28.61,5923
30.35,5922
31.16,5921
31.75,5920
32.17,5919
33.15,5918
34.33,5917
37.34,5916
38.92,5915
39.32,5914
39.91,5913
40.29,5912
41.26,5911
41.85,5910
42.44,5909
43.21,5908
45.34,5907
45.93,5906
47.88,5905
48.67,5904
49.06,5903
50.59,5902
50.98,5901
51.56,5900
52.53,5899
53.49,5898
54.63,5897
56.35,5896
57.50,5895
57.88,5894
58.85,5893
59.62,5892
60.00,5891
60.58,5890
62.48,5889
63.08,5888
64.62,5887
65.01,5886
66.17,5885
66.55,5884
68.73,5883
69.11,5882
71.96,5881
72.73,5880
73.12,5879
74.93,5878
75.32,5877
77.35,5876
77.73,5875
78.51,5874
79.11,5873
80.32,5872
82.84,5871
84.78,5870
85.37,5869
86.90,5868
87.86,5867
88.25,5866
89.01,5865
89.39,5864
90.17,5863
90.57,5862
92.09,5861
93.05,5860
93.43,5859
95.38,5858
96.57,5857
97.15,5856
99.08,5855
100.50,5854
100.88,5853
102.21,5852
104.53,5851
105.68,5850
108.16,5849
108.89,5848
109.44,5847
110.18,5846
111.64,5845
112.40,5844
113.84,5843
114.38,5842
116.01,5841
117.15,5840
117.91,5839
118.66,5838
119.76,5837
120.12,5836
122.20,5835
123.79,5834
126.01,5833
126.58,5832
127.15,5831
127.83,5830
128.76,5829
129.51,5828
130.80,5827
131.35,5826
132.28,5825
133.02,5824
134.31,5823
135.22,5822
136.51,5821
137.45,5820
138.20,5819
139.32,5818
140.99,5817
141.72,5816
142.26,5815
142.81,5814
143.37,5813
143.92,5812
146.11,5811
147.78,5810
149.24,5809
150.70,5808
151.06,5807
151.60,5806
152.15,5805
152.71,5804
153.45,5803
154.18,5802
155.89,5801
158.00,5800
159.47,5799
160.39,5798
160.75,5797
161.49,5796
162.40,5795
162.94,5794
163.31,5793
164.03,5792
164.59,5791
165.14,5790
166.05,5789
167.35,5788
167.73,5787
169.28,5786
170.07,5785
170.62,5784
170.98,5783
171.54,5782
172.26,5781
173.18,5780
173.90,5779
174.26,5778
175.52,5777
176.13,5776
176.68,5775
177.04,5774
178.51,5773
179.60,5772
181.59,5771
181.97,5770
182.33,5769
183.04,5768
183.58,5767
185.21,5766
186.47,5765
188.29,5764
190.76,5763
191.34,5762
193.03,5761
194.32,5760
196.52,5759
197.65,5758
198.02,5757
200.08,5756
201.05,5755
202.92,5754
204.02,5753
205.55,5752
206.86,5751
208.18,5750
208.91,5749
209.29,5748
209.65,5747
210.78,5746
212.07,5745
212.61,5744
213.35,5743
214.25,5742
214.79,5741
215.16,5740
216.07,5739
216.44,5738
217.36,5737
218.25,5736
218.61,5735
219.16,5734
219.71,5733
220.79,5732
221.70,5731
222.43,5730
224.08,5729
226.28,5728
227.92,5727
229.08,5726
229.45,5725
229.81,5724
232.54,5723
233.45,5722
235.97,5721
236.71,5720
237.46,5719
237.99,5718
238.35,5717
238.89,5716
239.80,5715
241.47,5714
243.11,5713
244.39,5712
245.48,5711
246.03,5710
246.39,5709
248.20,5708
248.56,5707
248.92,5706
251.11,5705
251.47,5704
254.37,5703
254.73,5702
255.27,5701
256.73,5700
257.85,5699
259.33,5698
260.05,5697
260.97,5696
261.52,5695
263.16,5694
263.51,5693
263.88,5692
265.48,5691
265.85,5690
266.93,5689
268.02,5688
268.93,5687
269.66,5686
270.20,5685
271.14,5684
272.03,5683
272.94,5682
274.04,5681
274.40,5680
274.77,5679
275.51,5678
276.59,5677
278.94,5676
279.31,5675
280.76,5674
281.93,5673
282.86,5672
283.96,5671
284.51,5670
285.06,5669
286.33,5668
287.42,5667
287.79,5666
288.51,5665
288.86,5664
289.40,5663
290.50,5662
291.25,5661
291.81,5660
292.36,5659
293.45,5658
293.82,5657
297.62,5656
298.73,5655
299.10,5654
300.20,5653
300.73,5652
302.55,5651
303.09,5650
304.55,5649
305.10,5648
306.21,5647
307.31,5646
308.57,5645
310.04,5644
310.77,5643
311.87,5642
312.79,5641
313.86,5640
314.23,5639
314.60,5638
315.50,5637
316.05,5636
316.41,5635
319.67,5634
320.21,5633
321.30,5632
325.12,5631
325.67,5630
326.58,5629
327.85,5628
328.40,5627
329.66,5626
330.04,5625
330.79,5624
331.33,5623
333.14,5622
333.94,5621
334.30,5620
334.66,5619
335.75,5618
336.10,5617
336.64,5616
337.93,5615
339.03,5614
339.56,5613
340.99,5612
341.72,5611
342.97,5610
344.26,5609
344.79,5608
346.24,5607
346.79,5606
349.86,5605
350.58,5604
350.95,5603
351.84,5602
353.11,5601
354.02,5600
354.38,5599
355.46,5598
356.18,5597
358.89,5596
361.26,5595
361.99,5594
363.24,5593
363.61,5592
364.89,5591
365.44,5590
365.80,5589
366.51,5588
367.76,5587
370.10,5586
371.00,5585
372.09,5584
372.99,5583
374.26,5582
374.79,5581
376.42,5580
376.95,5579
377.49,5578
377.85,5577
379.48,5576
380.05,5575
380.59,5574
380.94,5573
382.22,5572
384.42,5571
385.92,5570
387.36,5569
391.35,5568
392.80,5567
393.16,5566
393.71,5565
394.25,5564
395.52,5563
396.12,5562
397.01,5561
399.00,5560
401.00,5559
402.65,5558
406.86,5557
407.77,5556
408.87,5555
409.42,5554
411.77,5553
412.85,5552
413.21,5551
414.68,5550
415.41,5549
416.59,5548
417.69,5547
418.23,5546
418.78,5545
419.13,5544
420.42,5543
421.14,5542
423.34,5541
424.23,5540
424.59,5539
425.14,5538
427.72,5537
429.34,5536
430.08,5535
430.61,5534
430.97,5533
432.62,5532
433.54,5531
434.26,5530
435.56,5529
437.01,5528
440.16,5527
440.53,5526
442.51,5525
442.86,5524
445.06,5523
446.70,5522
448.68,5521
449.05,5520
450.56,5519
451.10,5518
452.19,5517
452.55,5516
453.12,5515
454.41,5514
456.06,5513
456.60,5512
460.42,5511
461.87,5510
463.13,5509
464.22,5508
464.58,5507
465.12,5506
465.65,5505
466.39,5504
467.49,5503
468.57,5502
469.12,5501
469.49,5500
469.86,5499
470.93,5498
471.86,5497
472.22,5496
474.76,5495
477.83,5494
479.49,5493
481.51,5492
482.78,5491
483.51,5490
484.24,5489
486.79,5488
487.86,5487
488.22,5486
488.58,5485
489.13,5484
489.49,5483
490.28,5482
491.00,5481
491.36,5480
491.72,5479
492.08,5478
492.80,5477
493.89,5476
494.43,5475
495.34,5474
495.88,5473
498.64,5472
501.18,5471
501.54,5470
504.45,5469
505.88,5468
506.44,5467
507.16,5466
507.52,5465
508.07,5464
508.98,5463
511.91,5462
512.28,5461
514.08,5460
514.99,5459
517.52,5458
518.24,5457
518.79,5456
520.99,5455
522.61,5454
523.16,5453
526.08,5452
527.35,5451
528.09,5450
528.63,5449
530.44,5448
530.99,5447
533.34,5446
535.89,5445
536.26,5444
536.62,5443
539.14,5442
539.51,5441
540.23,5440
541.51,5439
541.94,5438
542.47,5437
542.83,5436
544.63,5435
545.19,5434
547.00,5433
547.91,5432
548.45,5431
549.71,5430
553.50,5429
554.58,5428
556.45,5427
557.89,5426
558.80,5425
560.07,5424
560.78,5423
561.87,5422
562.81,5421
564.62,5420
565.37,5419
565.90,5418
566.44,5417
567.52,5416
568.44,5415
570.08,5414
573.70,5413
575.85,5412
577.48,5411
578.03,5410
578.75,5409
579.29,5408
579.84,5407
580.94,5406
584.57,5405
586.39,5404
586.94,5403
588.04,5402
589.15,5401
589.89,5400
590.27,5399
591.53,5398
592.45,5397
594.21,5396
595.34,5395
597.95,5394
598.94,5393
