0.00,8514
6.16,8513
7.66,8512
10.44,8511
18.02,8510
19.26,8509
23.30,8508
30.18,8507
30.94,8506
32.43,8505
37.82,8504
38.31,8503
39.28,8502
41.57,8501
43.04,8500
46.55,8499
50.06,8498
50.55,8497
52.12,8496
56.36,8495
58.91,8494
61.09,8493
62.66,8492
64.11,8491
64.59,8490
71.62,8489
74.89,8488
80.57,8487
84.97,8486
87.92,8485
92.87,8484
104.90,8483
106.14,8482
110.97,8481
121.76,8480
124.86,8479
132.34,8478
134.18,8477
134.93,8476
137.17,8475
145.70,8474
146.96,8473
148.20,8472
165.25,8471
169.12,8470
173.24,8469
181.43,8468
182.17,8467
183.17,8466
184.30,8465
185.80,8464
190.14,8463
192.00,8462
196.86,8461
198.97,8460
203.81,8459
206.93,8458
209.66,8457
212.26,8456
213.50,8455
215.88,8454
217.99,8453
218.49,8452
219.73,8451
220.22,8450
223.34,8449
228.26,8448
237.73,8447
241.05,8446
241.78,8445
246.81,8444
252.23,8443
254.91,8442
257.72,8441
259.82,8440
264.08,8439
272.14,8438
273.10,8437
273.83,8436
281.88,8435
283.19,8434
284.40,8433
286.21,8432
287.90,8431
292.61,8430
293.46,8429
298.89,8428
303.12,8427
305.66,8426
306.38,8425
308.91,8424
309.63,8423
313.88,8422
314.36,8421
316.42,8420
317.14,8419
320.63,8418
322.56,8417
323.41,8416
331.39,8415
331.88,8414
335.85,8413
336.34,8412
341.65,8411
343.82,8410
345.38,8409
349.11,8408
354.36,8407
354.85,8406
357.90,8405
358.64,8404
360.22,8403
360.95,8402
363.50,8401
366.90,8400
368.24,8399
370.44,8398
374.79,8397
377.46,8396
379.50,8395
380.70,8394
381.66,8393
384.92,8392
388.64,8391
390.70,8390
393.67,8389
394.65,8388
397.87,8387
400.61,8386
404.11,8385
408.06,8384
408.55,8383
409.28,8382
412.06,8381
413.75,8380
414.23,8379
415.32,8378
415.80,8377
417.23,8376
420.94,8375
421.65,8374
424.44,8373
424.92,8372
431.64,8371
435.11,8370
437.62,8369
440.86,8368
443.02,8367
445.55,8366
446.02,8365
447.46,8364
448.31,8363
448.79,8362
450.47,8361
451.79,8360
452.99,8359
454.44,8358
457.67,8357
458.63,8356
463.61,8355
467.06,8354
469.68,8353
470.50,8352
472.65,8351
474.68,8350
478.14,8349
480.54,8348
483.75,8347
487.47,8346
489.04,8345
489.76,8344
491.20,8343
493.50,8342
493.98,8341
496.51,8340
499.76,8339
504.16,8338
506.68,8337
508.35,8336
508.84,8335
512.81,8334
513.30,8333
517.26,8332
520.22,8331
523.21,8330
527.18,8329
530.42,8328
532.44,8327
533.64,8326
539.64,8325
544.28,8324
547.04,8323
548.95,8322
550.74,8321
558.13,8320
564.27,8319
567.04,8318
568.01,8317
570.05,8316
571.24,8315
571.73,8314
574.73,8313
576.55,8312
578.64,8311
580.83,8310
584.61,8309
585.29,8308
588.40,8307
590.82,8306
594.38,8305
595.77,8304
597.91,8303
598.49,8302
