0.52,11022
0.53,11021
0.53,11020
0.53,11019
0.53,11018
0.82,11017
0.82,11016
0.82,11015
0.83,11014
0.83,11013
0.83,11012
0.83,11011
0.84,11010
0.85,11009
0.85,11008
0.85,11007
0.85,11006
0.86,11005
0.86,11004
0.86,11003
0.87,11002
0.87,11001
0.88,11000
0.88,10999
0.88,10998
0.89,10997
0.89,10996
0.89,10995
0.89,10994
0.89,10993
0.89,10992
0.90,10991
0.90,10990
0.90,10989
0.91,10988
0.91,10987
0.91,10986
0.92,10985
0.92,10984
0.93,10983
0.93,10982
0.93,10981
0.94,10980
0.94,10979
0.94,10978
0.95,10977
0.95,10976
0.95,10975
0.96,10974
0.96,10973
0.96,10972
0.96,10971
0.97,10970
0.98,10969
0.98,10968
0.98,10967
0.99,10966
0.99,10965
0.99,10964
0.99,10963
1.00,10962
1.00,10961
1.01,10960
1.01,10959
1.01,10958
1.01,10957
1.03,10956
1.03,10955
1.04,10954
1.04,10953
1.04,10952
1.04,10951
1.04,10950
1.04,10949
1.05,10948
1.05,10947
1.06,10946
1.06,10945
1.06,10944
1.06,10943
1.06,10942
1.07,10941
1.07,10940
1.08,10939
1.08,10938
1.08,10937
1.09,10936
1.09,10935
1.10,10934
1.10,10933
1.10,10932
1.10,10931
1.10,10930
1.10,10929
1.10,10928
1.11,10927
1.11,10926
1.11,10925
1.11,10924
1.12,10923
1.12,10922
1.12,10921
1.12,10920
1.13,10919
1.13,10918
1.13,10917
1.14,10916
1.14,10915
1.15,10914
1.15,10913
1.16,10912
1.16,10911
1.16,10910
1.17,10909
1.18,10908
1.18,10907
1.18,10906
1.19,10905
1.19,10904
1.20,10903
1.20,10902
1.20,10901
1.20,10900
1.22,10899
1.22,10898
1.22,10897
1.22,10896
1.22,10895
1.23,10894
1.23,10893
1.24,10892
1.25,10891
1.25,10890
1.25,10889
1.27,10888
1.27,10887
1.28,10886
1.29,10885
1.29,10884
1.29,10883
1.29,10882
1.29,10881
1.29,10880
1.30,10879
1.30,10878
1.30,10877
1.31,10876
1.31,10875
1.31,10874
1.32,10873
1.32,10872
1.33,10871
1.33,10870
1.33,10869
1.33,10868
1.33,10867
1.34,10866
1.34,10865
1.36,10864
1.36,10863
1.36,10862
1.37,10861
1.37,10860
1.37,10859
1.38,10858
1.38,10857
1.38,10856
1.39,10855
1.39,10854
1.39,10853
1.39,10852
1.39,10851
1.39,10850
1.40,10849
1.41,10848
1.41,10847
1.41,10846
1.41,10845
1.41,10844
1.42,10843
1.42,10842
1.42,10841
1.42,10840
1.42,10839
1.42,10838
1.43,10837
1.43,10836
1.43,10835
1.44,10834
1.44,10833
1.45,10832
1.45,10831
1.45,10830
1.45,10829
1.45,10828
1.46,10827
1.46,10826
1.46,10825
1.47,10824
1.47,10823
1.47,10822
1.47,10821
1.47,10820
1.47,10819
1.48,10818
1.49,10817
1.49,10816
1.49,10815
1.49,10814
1.49,10813
1.50,10812
1.50,10811
1.51,10810
1.51,10809
1.52,10808
1.52,10807
1.52,10806
1.53,10805
1.53,10804
1.54,10803
1.56,10802
1.57,10801
1.57,10800
1.57,10799
1.57,10798
1.57,10797
1.58,10796
1.58,10795
1.58,10794
1.58,10793
1.59,10792
1.60,10791
1.60,10790
1.61,10789
1.61,10788
1.61,10787
1.61,10786
1.62,10785
1.62,10784
1.62,10783
1.62,10782
1.62,10781
1.63,10780
1.63,10779
1.63,10778
1.63,10777
1.63,10776
1.63,10775
1.63,10774
1.63,10773
1.63,10772
1.64,10771
1.64,10770
1.64,10769
1.64,10768
1.66,10767
1.66,10766
1.66,10765
1.66,10764
1.67,10763
1.67,10762
1.70,10761
1.71,10760
1.71,10759
1.72,10758
1.72,10757
1.72,10756
1.72,10755
1.73,10754
1.73,10753
1.73,10752
1.73,10751
1.73,10750
1.75,10749
1.75,10748
1.75,10747
1.75,10746
1.76,10745
1.76,10744
1.76,10743
1.76,10742
1.76,10741
1.81,10740
1.82,10739
1.87,10738
1.87,10737
1.89,10736
1.90,10735
1.90,10734
1.91,10733
1.93,10732
1.93,10731
1.93,10730
1.93,10729
1.95,10728
1.95,10727
1.96,10726
1.96,10725
1.96,10724
1.96,10723
1.96,10722
1.97,10721
1.98,10720
1.99,10719
1.99,10718
1.99,10717
2.00,10716
2.00,10715
2.01,10714
2.01,10713
2.03,10712
2.03,10711
2.03,10710
2.04,10709
2.04,10708
2.04,10707
2.04,10706
2.04,10705
2.05,10704
2.05,10703
2.05,10702
2.05,10701
2.05,10700
2.06,10699
2.06,10698
2.06,10697
2.07,10696
2.07,10695
2.08,10694
2.08,10693
2.09,10692
2.09,10691
2.09,10690
2.09,10689
2.09,10688
2.11,10687
2.11,10686
2.12,10685
2.12,10684
2.13,10683
2.13,10682
2.13,10681
2.15,10680
2.15,10679
2.15,10678
2.15,10677
2.15,10676
2.15,10675
2.17,10674
2.18,10673
2.19,10672
2.19,10671
2.21,10670
2.22,10669
2.22,10668
2.23,10667
2.23,10666
2.23,10665
2.24,10664
2.24,10663
2.25,10662
2.26,10661
2.26,10660
2.28,10659
2.28,10658
2.28,10657
2.28,10656
2.29,10655
2.29,10654
2.32,10653
2.32,10652
2.32,10651
2.32,10650
2.32,10649
2.32,10648
2.33,10647
2.34,10646
2.34,10645
2.36,10644
2.36,10643
2.36,10642
2.36,10641
2.37,10640
2.38,10639
2.38,10638
2.38,10637
2.39,10636
2.39,10635
2.40,10634
2.40,10633
2.41,10632
2.41,10631
2.42,10630
2.43,10629
2.43,10628
2.43,10627
2.44,10626
2.44,10625
2.44,10624
2.45,10623
2.45,10622
2.46,10621
2.47,10620
2.48,10619
2.48,10618
2.48,10617
2.49,10616
2.50,10615
2.50,10614
2.51,10613
2.52,10612
2.52,10611
2.52,10610
2.53,10609
2.53,10608
2.53,10607
2.53,10606
2.54,10605
2.54,10604
2.55,10603
2.56,10602
2.57,10601
2.57,10600
2.57,10599
2.58,10598
2.58,10597
2.60,10596
2.62,10595
2.63,10594
2.64,10593
2.65,10592
2.65,10591
2.65,10590
2.66,10589
2.66,10588
2.67,10587
2.67,10586
2.67,10585
2.67,10584
2.67,10583
2.67,10582
2.68,10581
2.69,10580
2.69,10579
2.70,10578
2.70,10577
2.73,10576
2.74,10575
2.74,10574
2.75,10573
2.76,10572
2.76,10571
2.76,10570
2.76,10569
2.76,10568
2.78,10567
2.80,10566
2.80,10565
2.81,10564
2.81,10563
2.81,10562
2.82,10561
2.82,10560
2.82,10559
2.82,10558
2.82,10557
2.92,10556
2.93,10555
2.93,10554
2.93,10553
2.94,10552
2.94,10551
2.94,10550
2.95,10549
2.96,10548
2.96,10547
2.96,10546
2.96,10545
2.96,10544
2.97,10543
2.97,10542
2.97,10541
2.99,10540
2.99,10539
2.99,10538
3.00,10537
3.00,10536
3.01,10535
3.01,10534
3.02,10533
3.02,10532
3.03,10531
3.03,10530
3.07,10529
3.07,10528
3.07,10527
3.07,10526
3.09,10525
3.09,10524
3.09,10523
3.09,10522
3.09,10521
3.10,10520
3.11,10519
3.11,10518
3.11,10517
3.12,10516
3.14,10515
3.14,10514
3.14,10513
3.15,10512
3.15,10511
3.16,10510
3.17,10509
3.17,10508
3.18,10507
3.18,10506
3.19,10505
3.19,10504
3.20,10503
3.20,10502
3.22,10501
3.22,10500
3.22,10499
3.23,10498
3.24,10497
3.24,10496
3.24,10495
3.24,10494
3.24,10493
3.24,10492
3.26,10491
3.26,10490
3.26,10489
3.26,10488
3.27,10487
3.27,10486
3.27,10485
3.28,10484
3.28,10483
3.28,10482
3.28,10481
3.29,10480
3.30,10479
3.31,10478
3.31,10477
3.31,10476
3.32,10475
3.34,10474
3.34,10473
3.36,10472
3.36,10471
3.36,10470
3.37,10469
3.37,10468
3.37,10467
3.37,10466
3.37,10465
3.38,10464
3.38,10463
3.38,10462
3.38,10461
3.40,10460
3.40,10459
3.42,10458
3.42,10457
3.42,10456
3.42,10455
3.42,10454
3.43,10453
3.43,10452
3.43,10451
3.45,10450
3.49,10449
3.50,10448
3.51,10447
3.51,10446
3.51,10445
3.53,10444
3.53,10443
3.54,10442
3.55,10441
3.55,10440
3.55,10439
3.55,10438
3.55,10437
3.56,10436
3.56,10435
3.56,10434
3.57,10433
3.57,10432
3.58,10431
3.58,10430
3.58,10429
3.58,10428
3.58,10427
3.58,10426
3.59,10425
3.59,10424
3.59,10423
3.59,10422
3.60,10421
3.60,10420
3.60,10419
3.60,10418
3.61,10417
3.61,10416
3.61,10415
3.63,10414
3.63,10413
3.63,10412
3.63,10411
3.64,10410
3.64,10409
3.64,10408
3.64,10407
3.64,10406
3.65,10405
3.65,10404
3.65,10403
3.66,10402
3.66,10401
3.66,10400
3.68,10399
3.68,10398
3.68,10397
3.68,10396
3.68,10395
3.69,10394
3.70,10393
3.70,10392
3.71,10391
3.71,10390
3.72,10389
3.74,10388
3.74,10387
3.74,10386
3.74,10385
3.74,10384
3.74,10383
3.74,10382
3.75,10381
3.75,10380
3.75,10379
3.75,10378
3.75,10377
3.76,10376
3.76,10375
3.77,10374
3.77,10373
3.78,10372
3.78,10371
3.80,10370
3.84,10369
3.84,10368
3.84,10367
3.84,10366
3.84,10365
3.85,10364
3.85,10363
3.85,10362
3.86,10361
3.87,10360
3.97,10359
3.98,10358
3.98,10357
3.98,10356
3.98,10355
3.98,10354
3.99,10353
4.00,10352
4.01,10351
4.01,10350
4.01,10349
4.01,10348
4.02,10347
4.02,10346
4.03,10345
4.03,10344
4.04,10343
4.04,10342
4.05,10341
4.05,10340
4.06,10339
4.06,10338
4.06,10337
4.07,10336
4.13,10335
4.14,10334
4.15,10333
4.16,10332
4.17,10331
4.17,10330
4.17,10329
4.17,10328
4.17,10327
4.20,10326
4.21,10325
4.21,10324
4.21,10323
4.21,10322
4.21,10321
4.24,10320
4.24,10319
4.24,10318
4.25,10317
4.26,10316
4.26,10315
4.26,10314
4.29,10313
4.30,10312
4.31,10311
4.31,10310
4.33,10309
4.33,10308
4.33,10307
4.34,10306
4.34,10305
4.34,10304
4.35,10303
4.35,10302
4.36,10301
4.36,10300
4.36,10299
4.37,10298
4.37,10297
4.37,10296
4.37,10295
4.40,10294
4.41,10293
4.41,10292
4.48,10291
4.49,10290
4.49,10289
4.49,10288
4.50,10287
4.58,10286
4.58,10285
4.59,10284
4.59,10283
4.59,10282
4.61,10281
4.62,10280
4.62,10279
4.62,10278
4.62,10277
4.62,10276
4.63,10275
4.63,10274
4.64,10273
4.65,10272
4.66,10271
4.67,10270
4.67,10269
4.69,10268
4.82,10267
4.82,10266
4.82,10265
4.89,10264
4.89,10263
4.89,10262
4.89,10261
4.93,10260
4.93,10259
4.94,10258
4.94,10257
4.95,10256
4.95,10255
4.95,10254
4.96,10253
4.97,10252
5.18,10251
5.18,10250
5.18,10249
5.19,10248
5.19,10247
5.22,10246
5.22,10245
5.22,10244
5.25,10243
5.25,10242
5.26,10241
5.27,10240
5.27,10239
5.27,10238
5.27,10237
5.30,10236
5.30,10235
5.31,10234
5.31,10233
5.31,10232
5.31,10231
5.31,10230
5.31,10229
5.33,10228
5.33,10227
5.33,10226
5.33,10225
5.33,10224
5.34,10223
5.34,10222
5.40,10221
5.40,10220
5.40,10219
5.42,10218
5.42,10217
5.43,10216
5.44,10215
5.44,10214
5.44,10213
5.44,10212
5.45,10211
5.45,10210
5.46,10209
5.47,10208
5.47,10207
5.52,10206
5.52,10205
5.54,10204
5.54,10203
5.54,10202
5.55,10201
5.57,10200
5.58,10199
5.58,10198
5.58,10197
5.58,10196
5.59,10195
5.65,10194
5.66,10193
5.66,10192
5.67,10191
5.67,10190
5.67,10189
5.68,10188
5.68,10187
5.77,10186
5.77,10185
5.77,10184
5.78,10183
5.85,10182
5.85,10181
5.85,10180
5.85,10179
5.85,10178
5.85,10177
5.86,10176
5.87,10175
5.87,10174
5.87,10173
5.87,10172
5.87,10171
6.12,10170
6.12,10169
6.12,10168
6.15,10167
6.15,10166
6.15,10165
6.15,10164
6.15,10163
6.18,10162
6.18,10161
6.18,10160
6.27,10159
6.27,10158
6.29,10157
6.29,10156
6.30,10155
6.30,10154
6.33,10153
6.38,10152
6.45,10151
6.46,10150
6.47,10149
6.48,10148
6.48,10147
6.48,10146
6.49,10145
6.49,10144
6.50,10143
6.69,10142
6.69,10141
6.69,10140
6.70,10139
6.83,10138
6.83,10137
6.84,10136
6.84,10135
6.84,10134
6.84,10133
6.86,10132
6.86,10131
6.92,10130
6.92,10129
6.92,10128
6.92,10127
6.95,10126
6.95,10125
6.96,10124
6.96,10123
6.96,10122
6.96,10121
6.96,10120
6.96,10119
6.97,10118
6.98,10117
6.99,10116
7.01,10115
7.01,10114
7.07,10113
7.07,10112
7.07,10111
7.07,10110
7.08,10109
7.08,10108
7.09,10107
7.09,10106
7.09,10105
7.09,10104
7.09,10103
7.14,10102
7.26,10101
7.27,10100
7.27,10099
7.36,10098
7.36,10097
7.37,10096
7.38,10095
7.41,10094
7.42,10093
7.45,10092
7.45,10091
7.45,10090
7.47,10089
7.48,10088
7.49,10087
7.51,10086
7.65,10085
7.70,10084
7.71,10083
7.71,10082
7.71,10081
7.72,10080
7.74,10079
7.74,10078
7.75,10077
7.79,10076
8.20,10075
8.21,10074
8.21,10073
8.49,10072
8.50,10071
8.52,10070
8.52,10069
8.61,10068
8.62,10067
8.63,10066
8.64,10065
8.64,10064
8.65,10063
8.68,10062
8.72,10061
8.72,10060
8.73,10059
8.73,10058
8.76,10057
8.76,10056
8.76,10055
8.76,10054
8.77,10053
8.78,10052
8.79,10051
8.79,10050
8.83,10049
8.84,10048
8.87,10047
8.91,10046
8.94,10045
8.95,10044
8.97,10043
8.97,10042
8.98,10041
8.98,10040
8.98,10039
8.98,10038
8.98,10037
8.99,10036
9.12,10035
9.12,10034
9.13,10033
9.13,10032
9.14,10031
9.15,10030
9.15,10029
9.16,10028
9.17,10027
9.22,10026
9.23,10025
9.23,10024
9.24,10023
9.24,10022
9.24,10021
9.25,10020
9.25,10019
9.26,10018
9.27,10017
9.30,10016
9.35,10015
9.36,10014
9.61,10013
9.61,10012
9.62,10011
9.63,10010
9.66,10009
9.66,10008
9.66,10007
9.73,10006
9.73,10005
9.74,10004
9.76,10003
9.78,10002
9.78,10001
9.78,10000
9.86,9999
9.88,9998
9.88,9997
9.89,9996
9.93,9995
9.93,9994
9.94,9993
9.94,9992
9.95,9991
9.97,9990
9.99,9989
9.99,9988
10.00,9987
10.00,9986
10.01,9985
10.08,9984
10.09,9983
10.10,9982
10.11,9981
10.11,9980
10.12,9979
10.16,9978
10.19,9977
10.19,9976
10.19,9975
10.19,9974
10.22,9973
10.27,9972
10.34,9971
10.34,9970
10.34,9969
10.35,9968
10.36,9967
10.36,9966
10.36,9965
10.37,9964
10.37,9963
10.38,9962
10.38,9961
10.39,9960
10.40,9959
10.41,9958
10.41,9957
10.77,9956
10.81,9955
10.81,9954
10.88,9953
10.95,9952
10.99,9951
11.02,9950
11.07,9949
11.08,9948
11.12,9947
11.20,9946
11.21,9945
11.23,9944
11.61,9943
11.61,9942
11.62,9941
11.62,9940
11.62,9939
11.83,9938
11.84,9937
11.97,9936
12.43,9935
12.45,9934
12.46,9933
12.47,9932
12.47,9931
12.47,9930
12.47,9929
12.47,9928
12.48,9927
12.48,9926
12.48,9925
12.53,9924
12.67,9923
12.70,9922
12.70,9921
12.73,9920
12.73,9919
12.73,9918
12.73,9917
12.73,9916
12.74,9915
12.86,9914
12.90,9913
12.91,9912
12.92,9911
12.92,9910
12.92,9909
12.93,9908
12.94,9907
13.01,9906
13.01,9905
13.01,9904
13.02,9903
13.04,9902
13.05,9901
13.06,9900
13.07,9899
13.07,9898
13.11,9897
13.11,9896
13.11,9895
13.12,9894
13.12,9893
13.12,9892
13.12,9891
13.14,9890
13.16,9889
13.16,9888
13.30,9887
13.30,9886
13.31,9885
13.31,9884
13.31,9883
13.32,9882
13.32,9881
13.33,9880
13.35,9879
13.50,9878
13.50,9877
13.50,9876
13.51,9875
13.51,9874
13.51,9873
13.51,9872
13.52,9871
15.02,9870
15.12,9869
15.14,9868
15.14,9867
15.14,9866
15.18,9865
15.18,9864
15.19,9863
15.19,9862
15.24,9861
15.25,9860
15.25,9859
15.25,9858
15.26,9857
15.27,9856
15.27,9855
15.27,9854
15.27,9853
15.27,9852
15.27,9851
15.28,9850
15.28,9849
15.32,9848
16.31,9847
16.31,9846
16.32,9845
16.33,9844
16.35,9843
16.36,9842
16.37,9841
16.38,9840
16.39,9839
17.00,9838
17.00,9837
17.00,9836
17.02,9835
17.02,9834
17.02,9833
17.02,9832
17.04,9831
19.35,9830
19.40,9829
19.40,9828
19.46,9827
19.53,9826
19.65,9825
19.66,9824
19.66,9823
19.66,9822
19.66,9821
19.70,9820
19.70,9819
19.70,9818
19.70,9817
19.76,9816
19.87,9815
19.87,9814
19.90,9813
19.93,9812
19.94,9811
19.94,9810
19.94,9809
19.95,9808
19.95,9807
19.97,9806
19.98,9805
20.01,9804
20.01,9803
20.02,9802
20.04,9801
20.05,9800
20.08,9799
20.14,9798
20.21,9797
20.21,9796
20.21,9795
20.22,9794
20.22,9793
20.68,9792
21.56,9791
21.56,9790
21.60,9789
21.65,9788
21.66,9787
21.68,9786
21.69,9785
21.70,9784
21.70,9783
21.71,9782
21.71,9781
21.72,9780
21.72,9779
21.77,9778
21.80,9777
21.82,9776
21.83,9775
21.83,9774
21.84,9773
22.49,9772
22.49,9771
22.50,9770
22.51,9769
22.52,9768
22.52,9767
22.52,9766
22.52,9765
27.87,9764
27.88,9763
27.93,9762
28.00,9761
28.02,9760
28.02,9759
28.03,9758
28.04,9757
28.04,9756
28.04,9755
28.04,9754
28.04,9753
28.05,9752
28.05,9751
28.06,9750
28.07,9749
28.08,9748
28.24,9747
28.24,9746
28.24,9745
28.24,9744
28.25,9743
28.25,9742
28.25,9741
33.06,9740
33.06,9739
33.09,9738
33.10,9737
33.13,9736
34.22,9735
34.22,9734
34.71,9733
34.71,9732
34.71,9731
34.71,9730
34.84,9729
34.85,9728
34.85,9727
34.85,9726
34.85,9725
34.86,9724
34.87,9723
34.89,9722
34.89,9721
35.30,9720
35.30,9719
35.48,9718
35.48,9717
35.50,9716
35.50,9715
35.50,9714
35.50,9713
35.51,9712
35.51,9711
35.51,9710
35.52,9709
35.54,9708
35.79,9707
35.80,9706
35.82,9705
35.85,9704
35.86,9703
35.86,9702
37.65,9701
37.65,9700
41.21,9699
52.24,9698
52.24,9697
52.24,9696
52.26,9695
52.26,9694
52.26,9693
52.42,9692
52.46,9691
52.55,9690
52.59,9689
52.62,9688
52.62,9687
52.63,9686
52.65,9685
52.68,9684
52.68,9683
52.73,9682
52.73,9681
52.74,9680
52.75,9679
52.75,9678
52.87,9677
52.87,9676
52.88,9675
52.88,9674
52.88,9673
53.13,9672
53.13,9671
53.36,9670
53.47,9669
54.28,9668
54.50,9667
54.52,9666
54.53,9665
54.59,9664
54.59,9663
54.60,9662
54.61,9661
54.61,9660
54.61,9659
54.61,9658
54.63,9657
54.63,9656
54.63,9655
54.63,9654
54.70,9653
54.70,9652
54.98,9651
55.03,9650
55.12,9649
55.12,9648
55.12,9647
55.13,9646
55.13,9645
55.13,9644
55.21,9643
55.21,9642
55.28,9641
55.28,9640
55.29,9639
55.29,9638
55.32,9637
58.57,9636
58.57,9635
58.57,9634
58.58,9633
59.59,9632
59.61,9631
59.64,9630
59.64,9629
59.64,9628
59.64,9627
59.66,9626
59.92,9625
59.93,9624
59.93,9623
59.97,9622
59.97,9621
59.97,9620
59.98,9619
59.99,9618
60.03,9617
60.03,9616
60.07,9615
60.15,9614
60.16,9613
60.17,9612
60.39,9611
60.40,9610
60.40,9609
60.40,9608
60.40,9607
60.40,9606
60.43,9605
60.43,9604
60.44,9603
60.74,9602
60.77,9601
65.22,9600
65.22,9599
65.55,9598
65.80,9597
65.81,9596
65.82,9595
65.85,9594
65.96,9593
65.98,9592
65.98,9591
66.96,9590
66.96,9589
66.96,9588
66.97,9587
66.98,9586
66.98,9585
67.08,9584
67.09,9583
94.55,9582
94.55,9581
94.55,9580
94.56,9579
94.57,9578
94.59,9577
94.63,9576
94.63,9575
94.63,9574
94.63,9573
94.63,9572
94.65,9571
94.65,9570
94.83,9569
94.83,9568
94.85,9567
94.85,9566
94.85,9565
94.86,9564
94.86,9563
94.87,9562
94.88,9561
94.88,9560
94.89,9559
94.89,9558
94.89,9557
94.93,9556
94.93,9555
94.97,9554
94.97,9553
94.98,9552
95.03,9551
113.95,9550
113.95,9549
113.96,9548
114.06,9547
114.07,9546
114.07,9545
114.07,9544
114.07,9543
114.07,9542
114.07,9541
114.08,9540
114.08,9539
114.08,9538
114.09,9537
114.27,9536
114.28,9535
114.88,9534
114.91,9533
115.10,9532
115.10,9531
115.10,9530
115.11,9529
115.12,9528
115.15,9527
115.15,9526
115.18,9525
115.23,9524
115.23,9523
115.23,9522
115.23,9521
115.36,9520
115.36,9519
115.37,9518
115.37,9517
115.37,9516
115.39,9515
115.39,9514
115.40,9513
115.40,9512
115.40,9511
117.78,9510
117.78,9509
117.78,9508
117.80,9507
117.80,9506
117.82,9505
117.86,9504
117.86,9503
118.00,9502
118.00,9501
118.05,9500
118.05,9499
118.06,9498
118.06,9497
118.07,9496
118.07,9495
118.08,9494
118.08,9493
118.09,9492
118.12,9491
118.12,9490
118.23,9489
118.25,9488
118.26,9487
118.37,9486
118.38,9485
118.42,9484
118.42,9483
118.44,9482
118.44,9481
118.45,9480
118.45,9479
118.45,9478
118.45,9477
118.45,9476
118.46,9475
118.46,9474
118.46,9473
118.46,9472
118.46,9471
118.47,9470
118.47,9469
118.47,9468
118.47,9467
118.47,9466
118.47,9465
119.59,9464
119.59,9463
119.60,9462
119.61,9461
133.59,9460
133.60,9459
133.66,9458
133.78,9457
134.00,9456
134.01,9455
134.01,9454
134.01,9453
134.01,9452
134.02,9451
134.03,9450
134.03,9449
134.03,9448
134.03,9447
134.03,9446
134.04,9445
134.09,9444
134.10,9443
134.10,9442
134.11,9441
134.11,9440
134.11,9439
134.11,9438
134.11,9437
134.12,9436
134.12,9435
137.40,9434
137.41,9433
137.41,9432
137.41,9431
137.41,9430
137.43,9429
137.43,9428
137.50,9427
137.50,9426
137.51,9425
137.52,9424
137.53,9423
137.53,9422
137.80,9421
137.83,9420
138.10,9419
138.10,9418
138.22,9417
138.22,9416
138.28,9415
138.28,9414
138.35,9413
138.38,9412
138.39,9411
138.39,9410
139.40,9409
139.43,9408
139.55,9407
139.55,9406
139.73,9405
139.73,9404
139.76,9403
139.76,9402
139.76,9401
139.76,9400
139.77,9399
139.78,9398
139.78,9397
139.78,9396
139.78,9395
139.78,9394
139.78,9393
143.21,9392
143.22,9391
143.24,9390
143.24,9389
143.25,9388
143.28,9387
143.29,9386
143.32,9385
143.33,9384
143.33,9383
143.34,9382
143.34,9381
143.40,9380
143.44,9379
143.44,9378
143.44,9377
143.45,9376
143.45,9375
143.46,9374
143.46,9373
143.52,9372
144.21,9371
144.21,9370
144.31,9369
144.34,9368
144.34,9367
144.34,9366
144.34,9365
144.34,9364
144.35,9363
144.35,9362
144.36,9361
144.36,9360
144.41,9359
144.47,9358
144.47,9357
144.47,9356
147.22,9355
147.22,9354
147.22,9353
147.28,9352
147.28,9351
147.28,9350
147.29,9349
147.29,9348
147.32,9347
147.32,9346
147.45,9345
147.45,9344
147.46,9343
147.49,9342
147.50,9341
147.57,9340
147.59,9339
147.64,9338
147.69,9337
147.70,9336
147.70,9335
148.57,9334
148.70,9333
148.79,9332
148.80,9331
148.86,9330
148.99,9329
148.99,9328
150.91,9327
150.91,9326
151.00,9325
151.02,9324
151.02,9323
151.02,9322
151.02,9321
151.03,9320
151.03,9319
151.04,9318
151.04,9317
151.05,9316
151.25,9315
151.25,9314
151.26,9313
151.26,9312
151.29,9311
151.29,9310
151.29,9309
151.29,9308
151.32,9307
151.32,9306
151.35,9305
151.35,9304
151.35,9303
151.35,9302
151.35,9301
151.36,9300
151.37,9299
151.37,9298
151.37,9297
151.89,9296
151.89,9295
151.89,9294
151.89,9293
151.95,9292
151.95,9291
151.95,9290
151.95,9289
152.33,9288
152.41,9287
152.41,9286
152.42,9285
152.42,9284
152.44,9283
155.21,9282
155.25,9281
155.25,9280
155.26,9279
155.26,9278
155.26,9277
155.26,9276
155.26,9275
155.27,9274
155.28,9273
155.28,9272
155.28,9271
155.28,9270
155.28,9269
155.29,9268
155.29,9267
155.30,9266
155.30,9265
155.30,9264
155.30,9263
155.31,9262
155.34,9261
155.34,9260
156.97,9259
156.98,9258
156.98,9257
156.99,9256
156.99,9255
156.99,9254
156.99,9253
157.00,9252
157.00,9251
157.01,9250
157.01,9249
157.04,9248
157.05,9247
157.05,9246
157.05,9245
157.05,9244
157.05,9243
157.05,9242
157.07,9241
157.60,9240
157.61,9239
157.77,9238
157.77,9237
157.78,9236
157.79,9235
157.79,9234
157.79,9233
157.79,9232
157.79,9231
157.82,9230
158.08,9229
158.09,9228
158.09,9227
158.10,9226
158.48,9225
158.49,9224
158.49,9223
158.49,9222
158.49,9221
158.49,9220
158.50,9219
158.51,9218
159.23,9217
159.24,9216
159.24,9215
159.24,9214
159.24,9213
159.24,9212
159.30,9211
159.30,9210
159.30,9209
159.31,9208
159.32,9207
159.45,9206
159.45,9205
159.46,9204
159.47,9203
159.50,9202
159.50,9201
159.70,9200
159.71,9199
159.71,9198
159.75,9197
159.76,9196
159.77,9195
159.77,9194
159.77,9193
159.78,9192
159.79,9191
159.82,9190
159.83,9189
159.84,9188
159.84,9187
159.86,9186
159.91,9185
159.92,9184
160.54,9183
160.56,9182
160.56,9181
160.56,9180
160.58,9179
160.58,9178
160.58,9177
160.58,9176
160.59,9175
160.59,9174
160.60,9173
160.61,9172
160.61,9171
160.64,9170
160.67,9169
160.67,9168
160.70,9167
161.81,9166
161.81,9165
161.81,9164
161.81,9163
162.52,9162
162.88,9161
162.88,9160
162.88,9159
162.88,9158
166.52,9157
166.53,9156
166.59,9155
166.59,9154
166.65,9153
166.65,9152
166.66,9151
166.67,9150
166.67,9149
166.68,9148
166.68,9147
166.78,9146
166.79,9145
166.82,9144
166.85,9143
167.90,9142
167.91,9141
167.92,9140
167.92,9139
167.94,9138
167.94,9137
167.94,9136
167.96,9135
167.97,9134
167.97,9133
167.97,9132
167.98,9131
167.98,9130
167.98,9129
168.04,9128
168.04,9127
168.07,9126
168.07,9125
168.08,9124
168.09,9123
168.13,9122
168.15,9121
168.15,9120
168.17,9119
168.18,9118
168.19,9117
168.19,9116
170.64,9115
170.65,9114
170.65,9113
170.66,9112
170.70,9111
170.70,9110
170.70,9109
170.70,9108
170.70,9107
170.70,9106
170.71,9105
170.74,9104
170.75,9103
170.76,9102
170.82,9101
170.82,9100
170.82,9099
170.82,9098
170.83,9097
170.85,9096
170.86,9095
170.86,9094
170.87,9093
170.89,9092
170.89,9091
170.92,9090
170.94,9089
170.97,9088
171.51,9087
171.53,9086
171.57,9085
171.57,9084
171.57,9083
171.77,9082
171.90,9081
173.34,9080
173.34,9079
173.39,9078
173.39,9077
173.40,9076
173.41,9075
173.41,9074
173.41,9073
173.41,9072
173.57,9071
174.52,9070
174.52,9069
174.58,9068
174.58,9067
175.32,9066
175.33,9065
175.34,9064
175.34,9063
175.39,9062
175.39,9061
175.40,9060
175.43,9059
175.43,9058
175.43,9057
175.45,9056
175.46,9055
175.46,9054
175.47,9053
175.47,9052
175.48,9051
175.48,9050
175.53,9049
175.54,9048
175.55,9047
175.57,9046
175.67,9045
175.68,9044
175.68,9043
175.69,9042
175.71,9041
175.72,9040
175.96,9039
175.96,9038
175.97,9037
175.97,9036
176.20,9035
179.36,9034
179.36,9033
179.36,9032
179.36,9031
179.44,9030
179.62,9029
179.62,9028
179.69,9027
179.69,9026
180.26,9025
180.27,9024
180.28,9023
180.28,9022
180.29,9021
180.35,9020
180.41,9019
180.69,9018
180.74,9017
180.74,9016
180.78,9015
180.79,9014
180.86,9013
180.86,9012
180.89,9011
180.96,9010
180.99,9009
180.99,9008
180.99,9007
181.00,9006
181.00,9005
181.23,9004
181.23,9003
181.23,9002
181.23,9001
181.27,9000
181.28,8999
181.28,8998
181.28,8997
181.29,8996
181.30,8995
181.38,8994
181.38,8993
181.53,8992
183.37,8991
183.39,8990
184.00,8989
184.01,8988
184.73,8987
184.73,8986
184.73,8985
184.73,8984
185.00,8983
185.15,8982
185.15,8981
185.16,8980
185.16,8979
185.17,8978
185.17,8977
185.21,8976
185.21,8975
185.21,8974
185.29,8973
185.40,8972
185.41,8971
185.42,8970
185.42,8969
185.44,8968
185.44,8967
185.44,8966
185.44,8965
185.45,8964
185.51,8963
185.52,8962
185.53,8961
185.55,8960
185.55,8959
185.56,8958
185.57,8957
185.57,8956
185.57,8955
185.64,8954
185.64,8953
185.64,8952
186.53,8951
186.66,8950
186.67,8949
187.33,8948
187.33,8947
187.35,8946
187.35,8945
187.35,8944
187.39,8943
187.40,8942
187.40,8941
187.41,8940
187.42,8939
187.44,8938
187.49,8937
187.52,8936
187.53,8935
187.57,8934
187.57,8933
187.57,8932
187.57,8931
187.58,8930
187.58,8929
187.58,8928
187.74,8927
188.36,8926
188.36,8925
188.37,8924
188.37,8923
188.38,8922
188.38,8921
188.39,8920
189.41,8919
189.44,8918
189.45,8917
189.46,8916
189.47,8915
189.47,8914
189.50,8913
189.50,8912
189.50,8911
189.51,8910
189.52,8909
189.62,8908
189.62,8907
189.62,8906
189.62,8905
190.48,8904
190.49,8903
190.49,8902
190.50,8901
190.50,8900
190.65,8899
190.65,8898
190.88,8897
190.88,8896
190.88,8895
190.95,8894
190.95,8893
190.98,8892
191.01,8891
191.03,8890
191.53,8889
191.54,8888
191.54,8887
191.55,8886
191.55,8885
191.56,8884
191.61,8883
191.61,8882
191.62,8881
191.64,8880
191.64,8879
191.77,8878
191.77,8877
191.80,8876
193.19,8875
193.19,8874
193.20,8873
193.20,8872
193.20,8871
193.22,8870
193.23,8869
193.23,8868
193.25,8867
193.25,8866
193.26,8865
193.26,8864
193.27,8863
193.27,8862
193.30,8861
193.32,8860
193.33,8859
193.46,8858
193.46,8857
193.47,8856
193.47,8855
193.47,8854
193.55,8853
193.60,8852
193.64,8851
193.65,8850
193.65,8849
193.65,8848
193.65,8847
193.66,8846
193.85,8845
193.86,8844
193.95,8843
193.95,8842
193.95,8841
193.96,8840
193.98,8839
193.98,8838
193.98,8837
193.99,8836
195.04,8835
195.06,8834
195.07,8833
195.07,8832
195.12,8831
195.12,8830
195.12,8829
195.79,8828
195.79,8827
195.79,8826
195.80,8825
195.80,8824
195.80,8823
195.95,8822
196.22,8821
196.27,8820
196.28,8819
196.29,8818
196.30,8817
196.31,8816
196.31,8815
196.34,8814
196.34,8813
196.34,8812
196.35,8811
196.36,8810
196.37,8809
196.38,8808
196.40,8807
196.40,8806
196.42,8805
196.52,8804
196.53,8803
196.53,8802
196.59,8801
196.60,8800
196.60,8799
196.60,8798
196.60,8797
196.61,8796
196.61,8795
196.61,8794
196.81,8793
196.81,8792
196.81,8791
196.83,8790
196.85,8789
196.85,8788
196.86,8787
196.87,8786
196.89,8785
196.91,8784
196.94,8783
196.94,8782
196.96,8781
196.97,8780
196.97,8779
196.97,8778
196.97,8777
196.98,8776
196.98,8775
197.05,8774
197.17,8773
197.17,8772
197.18,8771
197.27,8770
197.28,8769
197.32,8768
197.33,8767
197.33,8766
197.33,8765
197.40,8764
197.40,8763
197.41,8762
197.42,8761
197.42,8760
197.42,8759
197.46,8758
197.46,8757
197.47,8756
197.47,8755
198.02,8754
198.02,8753
198.02,8752
198.03,8751
198.03,8750
198.32,8749
198.40,8748
198.43,8747
198.54,8746
198.54,8745
198.54,8744
198.55,8743
198.55,8742
198.55,8741
198.56,8740
198.63,8739
198.63,8738
198.64,8737
198.64,8736
198.64,8735
198.65,8734
198.69,8733
198.75,8732
198.75,8731
199.17,8730
199.20,8729
199.23,8728
199.25,8727
199.29,8726
199.31,8725
199.33,8724
199.33,8723
199.33,8722
199.36,8721
199.44,8720
199.51,8719
200.29,8718
200.56,8717
200.58,8716
200.59,8715
200.64,8714
200.64,8713
200.65,8712
200.65,8711
200.65,8710
200.66,8709
200.70,8708
200.70,8707
200.70,8706
201.35,8705
201.36,8704
201.48,8703
201.48,8702
201.77,8701
201.79,8700
201.80,8699
201.80,8698
201.80,8697
201.80,8696
201.81,8695
201.83,8694
201.84,8693
201.85,8692
202.75,8691
202.79,8690
202.80,8689
202.80,8688
202.80,8687
202.86,8686
202.86,8685
202.87,8684
202.88,8683
202.90,8682
202.90,8681
202.90,8680
202.90,8679
202.91,8678
202.91,8677
202.94,8676
202.94,8675
202.94,8674
203.02,8673
203.11,8672
203.18,8671
203.19,8670
203.19,8669
203.51,8668
203.52,8667
203.53,8666
203.53,8665
203.54,8664
203.55,8663
203.62,8662
204.47,8661
204.48,8660
204.51,8659
204.51,8658
204.51,8657
204.52,8656
204.52,8655
204.53,8654
207.72,8653
207.72,8652
207.72,8651
207.72,8650
207.73,8649
207.76,8648
207.90,8647
207.90,8646
207.90,8645
207.90,8644
207.90,8643
207.90,8642
207.91,8641
207.91,8640
208.86,8639
208.94,8638
208.97,8637
208.98,8636
208.98,8635
208.98,8634
208.99,8633
209.21,8632
209.43,8631
209.44,8630
209.44,8629
209.48,8628
209.48,8627
209.54,8626
209.54,8625
209.54,8624
209.56,8623
209.56,8622
209.58,8621
209.59,8620
209.59,8619
209.81,8618
209.81,8617
209.83,8616
209.83,8615
209.84,8614
209.87,8613
209.88,8612
209.88,8611
209.88,8610
209.89,8609
210.08,8608
210.09,8607
210.23,8606
210.88,8605
210.88,8604
210.89,8603
210.89,8602
210.89,8601
210.89,8600
210.90,8599
210.92,8598
210.94,8597
210.97,8596
210.98,8595
210.99,8594
210.99,8593
210.99,8592
210.99,8591
210.99,8590
211.03,8589
211.04,8588
211.05,8587
211.08,8586
211.16,8585
211.21,8584
211.26,8583
211.30,8582
211.31,8581
211.47,8580
211.49,8579
211.55,8578
211.55,8577
211.55,8576
211.56,8575
211.57,8574
211.63,8573
211.63,8572
211.64,8571
211.64,8570
211.69,8569
211.69,8568
211.70,8567
211.70,8566
211.70,8565
211.71,8564
211.71,8563
211.72,8562
211.72,8561
211.72,8560
211.73,8559
211.73,8558
211.73,8557
211.73,8556
211.74,8555
211.80,8554
212.44,8553
212.54,8552
212.62,8551
212.62,8550
212.64,8549
212.65,8548
212.67,8547
212.84,8546
212.84,8545
212.86,8544
213.02,8543
213.03,8542
213.04,8541
213.07,8540
213.07,8539
213.07,8538
213.08,8537
213.19,8536
213.22,8535
213.23,8534
213.24,8533
214.05,8532
214.58,8531
214.58,8530
214.59,8529
214.60,8528
214.60,8527
214.60,8526
214.61,8525
214.62,8524
215.22,8523
215.23,8522
215.24,8521
215.25,8520
215.34,8519
215.41,8518
215.42,8517
215.42,8516
215.47,8515
215.54,8514
215.72,8513
215.72,8512
215.73,8511
215.75,8510
215.76,8509
215.76,8508
215.77,8507
215.78,8506
216.41,8505
216.41,8504
216.42,8503
216.49,8502
216.49,8501
216.50,8500
216.50,8499
217.76,8498
217.79,8497
217.98,8496
218.05,8495
218.85,8494
219.59,8493
219.59,8492
219.60,8491
220.08,8490
220.42,8489
220.43,8488
220.43,8487
220.45,8486
220.45,8485
220.45,8484
222.60,8483
222.79,8482
222.84,8481
222.85,8480
222.85,8479
222.85,8478
222.88,8477
226.58,8476
226.64,8475
226.66,8474
226.66,8473
226.71,8472
226.72,8471
226.72,8470
227.00,8469
227.01,8468
227.06,8467
227.10,8466
227.36,8465
227.37,8464
227.38,8463
227.49,8462
227.67,8461
227.68,8460
227.69,8459
227.69,8458
228.55,8457
228.55,8456
228.55,8455
228.56,8454
228.56,8453
228.59,8452
228.67,8451
228.73,8450
228.73,8449
228.77,8448
230.27,8447
230.29,8446
230.30,8445
230.31,8444
230.34,8443
230.34,8442
230.35,8441
230.37,8440
230.38,8439
230.38,8438
230.43,8437
230.79,8436
230.83,8435
230.83,8434
230.85,8433
230.87,8432
230.87,8431
230.87,8430
230.88,8429
231.10,8428
231.11,8427
231.14,8426
231.14,8425
231.14,8424
231.28,8423
231.31,8422
231.32,8421
231.32,8420
231.34,8419
231.35,8418
231.35,8417
231.35,8416
231.36,8415
231.37,8414
231.38,8413
231.38,8412
231.43,8411
231.43,8410
231.44,8409
231.44,8408
231.91,8407
231.93,8406
231.98,8405
231.99,8404
232.00,8403
232.04,8402
232.04,8401
232.14,8400
232.14,8399
232.16,8398
232.19,8397
232.20,8396
232.22,8395
232.22,8394
232.30,8393
232.40,8392
232.41,8391
232.82,8390
232.84,8389
232.99,8388
233.01,8387
233.01,8386
233.05,8385
233.07,8384
233.09,8383
233.10,8382
233.13,8381
233.13,8380
233.75,8379
233.76,8378
233.77,8377
233.77,8376
233.79,8375
233.87,8374
233.88,8373
233.88,8372
233.88,8371
233.89,8370
234.65,8369
234.66,8368
234.68,8367
234.68,8366
234.76,8365
234.76,8364
236.66,8363
236.68,8362
236.69,8361
236.69,8360
236.69,8359
236.70,8358
236.74,8357
236.74,8356
236.75,8355
236.76,8354
236.86,8353
236.89,8352
236.89,8351
237.07,8350
237.12,8349
237.12,8348
237.16,8347
237.16,8346
238.33,8345
238.35,8344
238.35,8343
238.36,8342
238.37,8341
238.37,8340
238.38,8339
238.41,8338
238.42,8337
238.43,8336
238.44,8335
238.44,8334
238.45,8333
238.54,8332
238.55,8331
238.63,8330
238.63,8329
238.63,8328
239.10,8327
239.10,8326
239.10,8325
239.14,8324
240.67,8323
240.72,8322
240.74,8321
240.75,8320
240.78,8319
240.78,8318
240.78,8317
240.79,8316
240.98,8315
241.78,8314
241.80,8313
241.82,8312
241.83,8311
241.84,8310
241.85,8309
241.87,8308
241.93,8307
241.93,8306
241.94,8305
241.96,8304
242.01,8303
242.02,8302
242.66,8301
242.66,8300
242.67,8299
242.68,8298
242.71,8297
242.71,8296
243.24,8295
243.25,8294
243.26,8293
243.30,8292
243.31,8291
243.32,8290
243.32,8289
243.33,8288
243.33,8287
243.34,8286
243.35,8285
244.14,8284
244.15,8283
244.15,8282
244.16,8281
244.20,8280
244.20,8279
244.25,8278
244.81,8277
244.83,8276
244.87,8275
244.88,8274
244.88,8273
244.93,8272
245.39,8271
245.39,8270
245.44,8269
245.45,8268
245.82,8267
245.82,8266
245.83,8265
245.88,8264
248.20,8263
248.21,8262
248.21,8261
248.21,8260
248.21,8259
248.24,8258
248.43,8257
248.44,8256
248.51,8255
248.80,8254
248.83,8253
248.84,8252
248.86,8251
248.94,8250
248.95,8249
248.95,8248
248.97,8247
248.97,8246
248.98,8245
248.99,8244
249.00,8243
249.01,8242
249.02,8241
249.02,8240
249.09,8239
249.09,8238
249.09,8237
249.11,8236
249.16,8235
249.17,8234
249.17,8233
249.17,8232
249.21,8231
249.22,8230
249.50,8229
249.55,8228
249.57,8227
249.57,8226
249.58,8225
249.59,8224
249.70,8223
249.72,8222
249.87,8221
249.87,8220
249.87,8219
249.90,8218
249.94,8217
249.96,8216
250.02,8215
250.11,8214
250.13,8213
250.14,8212
250.15,8211
250.15,8210
250.15,8209
250.25,8208
250.32,8207
250.45,8206
250.45,8205
250.45,8204
250.59,8203
250.60,8202
250.62,8201
250.63,8200
250.64,8199
250.64,8198
250.77,8197
251.39,8196
251.39,8195
251.40,8194
251.41,8193
251.45,8192
251.47,8191
251.51,8190
251.52,8189
251.55,8188
251.60,8187
251.60,8186
252.00,8185
252.00,8184
252.07,8183
252.07,8182
252.08,8181
252.15,8180
252.22,8179
252.27,8178
252.39,8177
252.40,8176
252.81,8175
252.85,8174
252.86,8173
252.86,8172
252.86,8171
252.86,8170
252.88,8169
253.00,8168
253.00,8167
253.03,8166
253.04,8165
253.05,8164
253.07,8163
253.07,8162
253.08,8161
253.10,8160
253.11,8159
253.11,8158
253.12,8157
253.15,8156
253.18,8155
253.22,8154
253.22,8153
253.27,8152
253.29,8151
253.31,8150
253.33,8149
253.38,8148
253.40,8147
253.40,8146
253.43,8145
253.47,8144
253.47,8143
253.49,8142
253.49,8141
253.50,8140
253.50,8139
253.52,8138
253.53,8137
253.75,8136
253.75,8135
253.76,8134
254.15,8133
254.18,8132
254.18,8131
254.30,8130
254.41,8129
254.68,8128
254.72,8127
254.78,8126
254.81,8125
254.82,8124
254.86,8123
254.87,8122
254.95,8121
254.97,8120
254.97,8119
255.46,8118
255.48,8117
258.32,8116
258.32,8115
258.38,8114
258.38,8113
258.38,8112
258.48,8111
258.50,8110
258.56,8109
258.57,8108
258.67,8107
258.67,8106
258.67,8105
258.74,8104
258.75,8103
259.31,8102
259.33,8101
259.33,8100
259.35,8099
261.62,8098
261.65,8097
261.71,8096
261.71,8095
261.86,8094
261.86,8093
261.87,8092
262.05,8091
263.18,8090
263.19,8089
263.20,8088
263.20,8087
263.20,8086
263.20,8085
263.22,8084
263.23,8083
265.47,8082
265.59,8081
265.85,8080
265.87,8079
265.89,8078
265.94,8077
265.94,8076
266.07,8075
266.08,8074
266.09,8073
266.11,8072
266.13,8071
266.24,8070
266.26,8069
266.27,8068
266.37,8067
266.81,8066
267.93,8065
267.93,8064
268.01,8063
268.14,8062
268.14,8061
268.75,8060
268.76,8059
268.76,8058
268.92,8057
268.97,8056
269.00,8055
269.30,8054
269.30,8053
269.43,8052
269.46,8051
269.47,8050
269.48,8049
269.49,8048
270.97,8047
270.98,8046
271.01,8045
271.19,8044
271.26,8043
271.50,8042
271.50,8041
271.53,8040
271.54,8039
273.00,8038
273.48,8037
273.48,8036
274.59,8035
274.75,8034
274.75,8033
274.76,8032
274.79,8031
274.79,8030
274.79,8029
274.79,8028
274.80,8027
274.81,8026
274.84,8025
275.00,8024
275.57,8023
275.58,8022
275.59,8021
275.61,8020
275.61,8019
275.65,8018
275.66,8017
275.77,8016
275.77,8015
275.77,8014
275.78,8013
275.78,8012
275.78,8011
275.80,8010
275.81,8009
275.83,8008
278.02,8007
278.04,8006
278.05,8005
278.07,8004
278.09,8003
278.12,8002
281.17,8001
281.21,8000
281.21,7999
281.23,7998
281.23,7997
281.23,7996
284.70,7995
284.71,7994
284.74,7993
284.75,7992
284.75,7991
284.77,7990
284.78,7989
284.78,7988
284.81,7987
284.84,7986
284.84,7985
284.92,7984
285.21,7983
285.36,7982
285.41,7981
285.42,7980
285.46,7979
285.51,7978
285.73,7977
285.77,7976
286.51,7975
287.47,7974
288.92,7973
288.95,7972
288.99,7971
289.03,7970
289.03,7969
289.04,7968
289.10,7967
289.69,7966
289.73,7965
290.50,7964
290.57,7963
290.57,7962
290.57,7961
291.32,7960
291.33,7959
291.40,7958
291.42,7957
291.45,7956
291.45,7955
291.47,7954
291.49,7953
291.69,7952
291.69,7951
291.69,7950
291.76,7949
291.78,7948
291.83,7947
291.97,7946
291.98,7945
292.10,7944
292.10,7943
292.11,7942
292.11,7941
292.11,7940
292.28,7939
292.32,7938
292.33,7937
292.55,7936
293.02,7935
293.06,7934
293.07,7933
293.07,7932
293.07,7931
293.10,7930
293.65,7929
293.65,7928
293.65,7927
293.79,7926
293.80,7925
293.80,7924
294.41,7923
294.78,7922
295.10,7921
295.11,7920
295.18,7919
295.20,7918
295.51,7917
295.52,7916
296.30,7915
296.36,7914
296.41,7913
296.43,7912
296.44,7911
296.45,7910
296.46,7909
296.46,7908
296.49,7907
296.57,7906
296.65,7905
296.66,7904
296.76,7903
297.03,7902
297.24,7901
297.26,7900
297.26,7899
297.39,7898
297.40,7897
297.40,7896
297.44,7895
297.45,7894
297.46,7893
297.46,7892
297.48,7891
297.48,7890
297.49,7889
297.49,7888
297.51,7887
297.57,7886
297.59,7885
297.98,7884
297.99,7883
298.00,7882
298.00,7881
298.01,7880
298.01,7879
298.02,7878
298.03,7877
298.05,7876
298.24,7875
298.63,7874
299.66,7873
299.78,7872
300.87,7871
300.88,7870
301.14,7869
301.16,7868
301.18,7867
301.38,7866
301.39,7865
302.01,7864
303.14,7863
303.35,7862
303.40,7861
303.41,7860
303.41,7859
303.44,7858
303.50,7857
303.55,7856
303.60,7855
304.14,7854
308.88,7853
308.89,7852
308.93,7851
309.60,7850
310.29,7849
311.45,7848
311.48,7847
311.50,7846
311.55,7845
311.55,7844
311.60,7843
311.88,7842
311.93,7841
311.95,7840
312.00,7839
312.04,7838
312.10,7837
312.13,7836
312.25,7835
312.28,7834
312.44,7833
312.54,7832
312.58,7831
312.68,7830
312.69,7829
312.69,7828
312.75,7827
312.87,7826
313.85,7825
314.08,7824
314.11,7823
314.16,7822
314.49,7821
314.50,7820
314.52,7819
314.53,7818
314.53,7817
314.87,7816
314.87,7815
314.91,7814
315.00,7813
315.08,7812
315.13,7811
315.20,7810
315.21,7809
315.22,7808
315.31,7807
315.32,7806
315.40,7805
315.41,7804
315.66,7803
315.66,7802
315.67,7801
315.68,7800
315.68,7799
316.97,7798
321.26,7797
321.41,7796
321.47,7795
321.51,7794
321.55,7793
321.58,7792
322.28,7791
322.28,7790
322.34,7789
322.53,7788
322.57,7787
322.57,7786
322.81,7785
322.83,7784
323.00,7783
323.04,7782
323.04,7781
323.09,7780
323.19,7779
323.19,7778
323.39,7777
323.49,7776
323.50,7775
323.64,7774
323.66,7773
323.67,7772
323.68,7771
323.78,7770
323.84,7769
323.85,7768
323.91,7767
334.63,7766
334.63,7765
337.21,7764
337.24,7763
337.34,7762
337.35,7761
337.38,7760
337.47,7759
338.73,7758
338.78,7757
338.79,7756
345.65,7755
345.66,7754
345.67,7753
346.04,7752
346.05,7751
346.16,7750
346.18,7749
346.32,7748
346.33,7747
346.34,7746
346.84,7745
347.00,7744
347.13,7743
348.28,7742
349.28,7741
349.29,7740
349.33,7739
349.36,7738
350.03,7737
350.03,7736
350.06,7735
350.08,7734
350.87,7733
350.89,7732
350.89,7731
350.92,7730
351.83,7729
351.85,7728
351.86,7727
353.12,7726
353.20,7725
353.40,7724
353.41,7723
353.44,7722
353.66,7721
353.73,7720
354.20,7719
354.24,7718
354.29,7717
354.31,7716
354.58,7715
354.99,7714
355.08,7713
355.11,7712
355.11,7711
355.14,7710
355.16,7709
357.21,7708
357.21,7707
357.26,7706
357.26,7705
357.27,7704
357.34,7703
357.37,7702
357.38,7701
357.42,7700
357.43,7699
365.70,7698
366.42,7697
366.44,7696
366.97,7695
367.29,7694
367.35,7693
367.35,7692
367.48,7691
367.56,7690
367.66,7689
368.01,7688
368.02,7687
368.05,7686
368.07,7685
368.08,7684
368.16,7683
370.08,7682
370.09,7681
372.58,7680
372.58,7679
372.61,7678
372.63,7677
372.64,7676
372.68,7675
374.78,7674
375.34,7673
375.63,7672
375.70,7671
375.70,7670
375.89,7669
375.94,7668
378.06,7667
380.22,7666
380.23,7665
380.26,7664
380.50,7663
380.60,7662
380.67,7661
383.32,7660
383.40,7659
385.11,7658
386.09,7657
386.10,7656
386.42,7655
386.47,7654
386.50,7653
386.58,7652
389.85,7651
389.95,7650
389.95,7649
390.01,7648
390.03,7647
391.69,7646
391.87,7645
391.93,7644
393.56,7643
394.07,7642
394.11,7641
394.19,7640
394.20,7639
394.23,7638
394.47,7637
401.55,7636
401.56,7635
401.58,7634
401.59,7633
402.65,7632
402.90,7631
402.93,7630
402.99,7629
403.15,7628
403.36,7627
416.31,7626
416.34,7625
416.39,7624
416.42,7623
416.49,7622
416.90,7621
416.97,7620
418.59,7619
418.60,7618
418.61,7617
418.66,7616
418.67,7615
418.69,7614
420.71,7613
429.66,7612
429.67,7611
429.69,7610
430.13,7609
430.16,7608
430.16,7607
433.54,7606
433.56,7605
434.08,7604
434.10,7603
435.20,7602
435.22,7601
436.07,7600
436.07,7599
436.08,7598
436.10,7597
438.04,7596
438.05,7595
438.07,7594
438.35,7593
438.37,7592
459.80,7591
460.01,7590
460.06,7589
460.16,7588
473.43,7587
473.51,7586
473.92,7585
474.07,7584
474.28,7583
475.38,7582
475.50,7581
475.61,7580
475.64,7579
475.82,7578
477.63,7577
478.21,7576
478.26,7575
478.30,7574
504.64,7573
507.43,7572
507.82,7571
514.90,7570
514.93,7569
514.93,7568
515.10,7567
515.71,7566
515.71,7565
515.75,7564
520.89,7563
520.95,7562
521.13,7561
521.72,7560
525.82,7559
527.65,7558
528.55,7557
528.62,7556
528.76,7555
538.06,7554
538.06,7553
538.10,7552
538.24,7551
538.27,7550
538.41,7549
540.42,7548
540.44,7547
540.50,7546
541.84,7545
541.91,7544
544.01,7543
544.12,7542
544.20,7541
544.20,7540
544.23,7539
544.31,7538
544.36,7537
544.45,7536
591.76,7535
592.98,7534
593.16,7533
593.32,7532
593.52,7531
593.80,7530
594.23,7529
