0.00,5938
2.37,5937
3.17,5936
3.56,5935
4.55,5934
5.86,5933
6.24,5932
8.36,5931
10.54,5930
11.92,5929
12.42,5928
12.83,5927
14.66,5926
15.87,5925
16.68,5924
17.27,5923
17.86,5922
18.66,5921
19.07,5920
19.86,5919
20.46,5918
21.05,5917
21.65,5916
22.63,5915
23.42,5914
23.81,5913
24.20,5912
25.61,5911
26.41,5910
27.91,5909
29.11,5908
29.54,5907
29.95,5906
30.73,5905
32.10,5904
32.51,5903
33.47,5902
34.66,5901
35.84,5900
37.81,5899
38.98,5898
39.58,5897
40.16,5896
40.76,5895
41.16,5894
41.77,5893
42.16,5892
43.38,5891
44.14,5890
44.53,5889
44.95,5888
45.77,5887
47.40,5886
49.41,5885
51.99,5884
53.94,5883
55.50,5882
56.86,5881
57.25,5880
59.80,5879
62.64,5878
63.91,5877
64.34,5876
65.63,5875
67.31,5874
68.29,5873
68.68,5872
69.06,5871
71.14,5870
71.91,5869
74.17,5868
75.17,5867
79.99,5866
80.96,5865
81.74,5864
82.51,5863
84.69,5862
85.86,5861
86.34,5860
90.44,5859
92.82,5858
93.81,5857
94.20,5856
94.59,5855
96.25,5854
96.65,5853
98.43,5852
100.20,5851
103.60,5850
105.39,5849
106.40,5848
108.85,5847
109.40,5846
110.15,5845
111.88,5844
113.50,5843
113.90,5842
115.12,5841
116.72,5840
118.73,5839
120.33,5838
120.73,5837
121.13,5836
121.75,5835
122.76,5834
123.35,5833
123.95,5832
125.15,5831
126.17,5830
126.56,5829
127.03,5828
127.85,5827
130.18,5826
131.15,5825
132.13,5824
132.51,5823
133.29,5822
133.88,5821
134.90,5820
135.50,5819
136.25,5818
137.19,5817
138.92,5816
140.05,5815
140.81,5814
142.53,5813
143.10,5812
143.47,5811
144.21,5810
146.50,5809
147.07,5808
147.44,5807
148.58,5806
149.15,5805
149.74,5804
151.86,5803
153.96,5802
154.90,5801
155.28,5800
155.66,5799
157.74,5798
158.68,5797
159.81,5796
161.70,5795
162.50,5794
163.81,5793
164.76,5792
167.04,5791
167.59,5790
167.96,5789
170.18,5788
170.73,5787
172.39,5786
173.16,5785
173.94,5784
174.33,5783
175.31,5782
175.70,5781
176.11,5780
176.72,5779
177.30,5778
179.49,5777
180.05,5776
180.83,5775
181.40,5774
182.21,5773
182.95,5772
183.72,5771
184.13,5770
184.53,5769
185.53,5768
186.09,5767
187.23,5766
187.82,5765
188.20,5764
188.77,5763
189.14,5762
189.54,5761
190.88,5760
191.46,5759
192.94,5758
196.11,5757
196.66,5756
198.14,5755
199.95,5754
200.85,5753
201.59,5752
201.96,5751
202.68,5750
203.04,5749
206.07,5748
207.22,5747
208.58,5746
209.94,5745
211.27,5744
212.76,5743
213.13,5742
213.55,5741
214.89,5740
215.81,5739
218.31,5738
219.46,5737
219.84,5736
221.77,5735
222.16,5734
223.85,5733
225.15,5732
226.07,5731
226.63,5730
228.52,5729
229.50,5728
230.49,5727
231.06,5726
232.23,5725
234.33,5724
234.89,5723
238.40,5722
240.17,5721
240.55,5720
243.64,5719
245.05,5718
246.00,5717
247.54,5716
247.91,5715
250.78,5714
252.82,5713
253.19,5712
254.15,5711
254.52,5710
254.90,5709
255.85,5708
256.60,5707
257.54,5706
258.84,5705
259.39,5704
261.66,5703
265.08,5702
265.45,5701
266.21,5700
266.58,5699
267.52,5698
268.50,5697
269.11,5696
270.45,5695
271.22,5694
272.18,5693
272.98,5692
273.76,5691
274.91,5690
275.27,5689
276.02,5688
276.39,5687
277.74,5686
278.49,5685
278.85,5684
279.22,5683
280.15,5682
280.56,5681
282.07,5680
282.87,5679
283.24,5678
284.96,5677
285.90,5676
286.64,5675
289.09,5674
290.02,5673
290.75,5672
291.58,5671
293.45,5670
294.78,5669
295.98,5668
296.73,5667
297.65,5666
298.75,5665
299.11,5664
302.81,5663
303.89,5662
305.03,5661
305.91,5660
306.85,5659
307.21,5658
308.16,5657
308.54,5656
309.29,5655
311.80,5654
312.26,5653
314.41,5652
315.41,5651
317.52,5650
318.46,5649
319.79,5648
321.16,5647
322.30,5646
322.71,5645
323.09,5644
324.03,5643
325.86,5642
326.25,5641
326.85,5640
328.22,5639
329.46,5638
330.34,5637
330.77,5636
331.39,5635
332.54,5634
333.12,5633
333.88,5632
334.63,5631
335.76,5630
337.65,5629
338.02,5628
338.60,5627
340.83,5626
341.21,5625
341.94,5624
343.44,5623
344.54,5622
344.91,5621
346.48,5620
347.80,5619
350.23,5618
351.36,5617
352.13,5616
352.69,5615
354.98,5614
355.57,5613
356.56,5612
357.73,5611
358.30,5610
359.64,5609
361.00,5608
361.61,5607
362.40,5606
362.78,5605
363.56,5604
364.31,5603
365.07,5602
366.39,5601
368.44,5600
368.82,5599
369.55,5598
371.95,5597
372.32,5596
372.69,5595
375.64,5594
377.12,5593
377.48,5592
378.40,5591
379.14,5590
379.92,5589
380.31,5588
380.89,5587
381.47,5586
381.85,5585
384.96,5584
385.76,5583
388.45,5582
389.39,5581
389.79,5580
390.92,5579
393.71,5578
394.87,5577
396.38,5576
397.96,5575
399.88,5574
401.89,5573
402.27,5572
402.85,5571
403.86,5570
405.40,5569
407.81,5568
409.16,5567
411.89,5566
413.80,5565
419.12,5564
421.85,5563
422.46,5562
426.16,5561
427.74,5560
429.17,5559
430.38,5558
432.95,5557
435.14,5556
437.11,5555
438.84,5554
440.90,5553
442.06,5552
442.65,5551
443.25,5550
445.00,5549
448.05,5548
449.82,5547
450.19,5546
452.08,5545
454.22,5544
459.90,5543
461.77,5542
462.70,5541
463.63,5540
464.00,5539
467.00,5538
467.56,5537
468.10,5536
469.21,5535
470.14,5534
471.48,5533
472.79,5532
473.17,5531
473.72,5530
474.65,5529
478.79,5528
479.88,5527
480.62,5526
481.37,5525
483.06,5524
483.43,5523
486.22,5522
490.35,5521
490.72,5520
491.83,5519
492.59,5518
492.97,5517
494.27,5516
495.39,5515
498.00,5514
498.77,5513
500.07,5512
501.37,5511
502.81,5510
503.18,5509
504.50,5508
505.07,5507
505.80,5506
506.55,5505
507.50,5504
511.82,5503
513.14,5502
513.70,5501
515.20,5500
515.98,5499
516.99,5498
518.71,5497
519.64,5496
520.22,5495
520.59,5494
520.96,5493
522.14,5492
522.51,5491
523.06,5490
525.47,5489
526.25,5488
526.81,5487
527.74,5486
528.48,5485
530.03,5484
530.95,5483
531.87,5482
533.36,5481
533.74,5480
534.13,5479
534.68,5478
535.23,5477
536.52,5476
537.65,5475
540.08,5474
541.18,5473
541.55,5472
541.92,5471
542.86,5470
543.83,5469
545.01,5468
547.04,5467
547.97,5466
548.89,5465
550.37,5464
550.94,5463
552.09,5462
552.66,5461
553.05,5460
553.99,5459
557.20,5458
558.75,5457
560.05,5456
561.19,5455
562.13,5454
564.03,5453
564.47,5452
566.41,5451
567.36,5450
568.55,5449
570.43,5448
570.80,5447
572.50,5446
572.87,5445
573.44,5444
575.93,5443
576.51,5442
581.63,5441
582.95,5440
583.88,5439
584.67,5438
586.97,5437
587.56,5436
588.52,5435
589.07,5434
590.39,5433
590.78,5432
591.33,5431
592.28,5430
593.10,5429
594.30,5428
595.24,5427
598.03,5426
598.62,5425
599.58,5424
