0.00,8469
12.46,8468
15.10,8467
16.25,8466
19.16,8465
21.59,8464
23.20,8463
32.20,8462
33.35,8461
39.71,8460
54.52,8459
56.67,8458
57.81,8457
60.19,8456
60.64,8455
63.95,8454
65.78,8453
68.16,8452
72.41,8451
73.66,8450
75.75,8449
81.33,8448
84.70,8447
85.88,8446
89.02,8445
92.16,8444
92.63,8443
97.42,8442
102.53,8441
107.56,8440
109.77,8439
115.03,8438
124.96,8437
127.64,8436
130.32,8435
131.95,8434
133.35,8433
135.79,8432
150.73,8431
151.53,8430
154.34,8429
157.96,8428
161.35,8427
163.31,8426
165.42,8425
168.57,8424
169.14,8423
172.76,8422
177.07,8421
182.34,8420
183.05,8419
184.77,8418
185.25,8417
192.00,8416
192.47,8415
193.64,8414
194.69,8413
198.30,8412
199.00,8411
201.21,8410
202.16,8409
202.86,8408
213.72,8407
219.92,8406
221.32,8405
227.75,8404
233.28,8403
235.12,8402
236.07,8401
238.24,8400
242.04,8399
245.83,8398
253.22,8397
254.74,8396
258.54,8395
268.31,8394
269.25,8393
271.10,8392
279.50,8391
281.37,8390
283.54,8389
285.40,8388
292.80,8387
294.28,8386
303.86,8385
304.79,8384
307.89,8383
310.20,8382
310.77,8381
314.13,8380
318.17,8379
323.36,8378
328.89,8377
332.47,8376
334.56,8375
335.58,8374
337.93,8373
338.40,8372
343.76,8371
347.14,8370
350.06,8369
353.44,8368
355.08,8367
360.66,8366
361.81,8365
364.69,8364
366.08,8363
366.54,8362
367.01,8361
369.19,8360
369.89,8359
371.15,8358
372.30,8357
374.25,8356
375.17,8355
378.50,8354
386.98,8353
393.20,8352
398.60,8351
399.88,8350
401.51,8349
404.83,8348
405.84,8347
407.92,8346
409.08,8345
410.81,8344
412.20,8343
413.68,8342
414.84,8341
419.78,8340
427.65,8339
432.15,8338
442.60,8337
449.21,8336
453.43,8335
454.57,8334
461.66,8333
462.21,8332
464.73,8331
466.19,8330
466.88,8329
470.41,8328
476.84,8327
478.45,8326
479.73,8325
481.35,8324
484.94,8323
489.64,8322
493.56,8321
496.81,8320
503.27,8319
505.91,8318
510.14,8317
517.72,8316
520.55,8315
523.64,8314
527.88,8313
529.84,8312
534.12,8311
538.74,8310
539.53,8309
540.22,8308
541.85,8307
543.79,8306
544.71,8305
546.89,8304
549.21,8303
551.63,8302
553.03,8301
555.47,8300
559.52,8299
561.49,8298
565.08,8297
573.51,8296
575.39,8295
576.05,8294
580.16,8293
582.28,8292
584.86,8291
593.42,8290
599.34,8289
