0.00,8474
3.16,8473
6.17,8472
7.42,8471
8.04,8470
11.46,8469
13.82,8468
14.66,8467
19.26,8466
19.89,8465
23.10,8464
24.17,8463
25.70,8462
27.42,8461
30.24,8460
31.55,8459
33.24,8458
36.44,8457
40.12,8456
41.44,8455
43.12,8454
50.53,8453
51.16,8452
53.05,8451
62.51,8450
64.46,8449
72.15,8448
73.05,8447
78.16,8446
78.58,8445
82.31,8444
88.96,8443
90.43,8442
91.06,8441
91.69,8440
95.64,8439
96.48,8438
98.85,8437
104.20,8436
106.36,8435
107.41,8434
110.89,8433
116.68,8432
122.05,8431
124.42,8430
124.84,8429
129.14,8428
132.34,8427
133.67,8426
134.09,8425
134.72,8424
135.78,8423
136.49,8422
140.55,8421
143.55,8420
144.81,8419
145.95,8418
149.43,8417
152.22,8416
153.48,8415
158.43,8414
159.12,8413
166.38,8412
173.90,8411
175.88,8410
176.30,8409
177.56,8408
180.19,8407
181.72,8406
183.83,8405
185.15,8404
189.00,8403
191.64,8402
193.32,8401
195.27,8400
196.53,8399
197.85,8398
198.49,8397
199.34,8396
203.94,8395
207.79,8394
209.74,8393
214.05,8392
217.68,8391
220.05,8390
222.88,8389
225.68,8388
227.77,8387
228.41,8386
234.28,8385
241.62,8384
246.77,8383
247.61,8382
248.51,8381
257.10,8380
258.42,8379
259.89,8378
260.58,8377
261.42,8376
267.93,8375
268.35,8374
269.41,8373
270.10,8372
272.20,8371
275.41,8370
279.09,8369
280.00,8368
284.89,8367
288.75,8366
291.33,8365
291.75,8364
293.49,8363
294.97,8362
295.66,8361
296.71,8360
312.26,8359
315.26,8358
319.52,8357
325.38,8356
326.22,8355
326.64,8354
327.96,8353
329.86,8352
332.65,8351
334.65,8350
335.91,8349
338.28,8348
342.75,8347
343.86,8346
346.03,8345
347.56,8344
347.98,8343
349.66,8342
351.19,8341
353.98,8340
357.28,8339
364.33,8338
369.34,8337
375.97,8336
377.86,8335
378.29,8334
387.14,8333
389.14,8332
391.09,8331
394.78,8330
395.41,8329
400.09,8328
402.93,8327
404.25,8326
405.30,8325
405.71,8324
413.53,8323
417.16,8322
419.94,8321
422.67,8320
425.32,8319
426.43,8318
431.31,8317
433.26,8316
435.21,8315
436.74,8314
437.79,8313
438.42,8312
439.11,8311
443.80,8310
444.22,8309
447.70,8308
449.87,8307
456.73,8306
458.09,8305
459.99,8304
460.63,8303
461.53,8302
463.43,8301
466.64,8300
471.22,8299
480.82,8298
484.02,8297
484.44,8296
485.49,8295
486.33,8294
487.64,8293
489.32,8292
491.12,8291
493.01,8290
496.00,8289
500.31,8288
501.59,8287
505.24,8286
506.50,8285
507.60,8284
510.11,8283
511.64,8282
514.68,8281
519.34,8280
520.18,8279
525.20,8278
529.24,8277
530.29,8276
531.76,8275
532.45,8274
535.49,8273
536.19,8272
538.08,8271
540.25,8270
542.58,8269
545.17,8268
550.15,8267
559.18,8266
559.80,8265
562.98,8264
566.17,8263
567.00,8262
568.73,8261
569.16,8260
571.26,8259
576.19,8258
580.49,8257
582.35,8256
586.48,8255
588.10,8254
590.00,8253
591.46,8252
593.04,8251
595.08,8250
596.64,8249
597.89,8248
