0.00,8500
0.86,8499
3.17,8498
6.02,8497
6.90,8496
8.01,8495
11.61,8494
14.76,8493
20.53,8492
20.95,8491
28.09,8490
29.83,8489
31.10,8488
36.05,8487
41.82,8486
45.92,8485
54.23,8484
67.49,8483
70.35,8482
71.64,8481
76.52,8480
79.38,8479
80.03,8478
82.89,8477
87.48,8476
94.06,8475
94.79,8474
96.71,8473
99.16,8472
99.80,8471
100.67,8470
101.38,8469
104.17,8468
112.88,8467
113.32,8466
114.70,8465
121.02,8464
122.77,8463
124.83,8462
129.74,8461
130.40,8460
141.93,8459
143.03,8458
145.75,8457
148.25,8456
152.07,8455
152.51,8454
153.17,8453
155.68,8452
157.51,8451
159.94,8450
161.11,8449
163.10,8448
164.93,8447
168.30,8446
170.51,8445
171.90,8444
172.56,8443
173.00,8442
175.28,8441
178.44,8440
183.36,8439
184.10,8438
185.65,8437
186.53,8436
188.59,8435
189.47,8434
190.57,8433
191.08,8432
195.57,8431
204.81,8430
209.74,8429
210.62,8428
213.33,8427
215.83,8426
216.71,8425
218.34,8424
221.06,8423
223.92,8422
227.08,8421
228.70,8420
230.47,8419
236.33,8418
238.83,8417
243.31,8416
246.02,8415
248.74,8414
253.17,8413
253.83,8412
254.54,8411
261.23,8410
264.79,8409
267.69,8408
269.43,8407
271.24,8406
271.90,8405
272.34,8404
274.58,8403
277.05,8402
277.92,8401
280.39,8400
282.12,8399
290.18,8398
296.55,8397
297.50,8396
300.40,8395
302.15,8394
305.49,8393
306.14,8392
311.29,8391
314.18,8390
315.93,8389
317.75,8388
320.65,8387
322.83,8386
325.51,8385
329.30,8384
330.67,8383
334.22,8382
340.04,8381
341.57,8380
344.47,8379
346.50,8378
347.81,8377
352.46,8376
355.59,8375
357.40,8374
359.65,8373
361.84,8372
362.99,8371
366.55,8370
368.96,8369
374.36,8368
377.31,8367
378.41,8366
378.85,8365
382.75,8364
386.80,8363
387.69,8362
390.63,8361
393.12,8360
394.89,8359
396.05,8358
397.36,8357
398.23,8356
402.94,8355
403.82,8354
405.34,8353
405.85,8352
408.98,8351
415.62,8350
421.75,8349
422.47,8348
424.00,8347
425.60,8346
426.25,8345
430.66,8344
436.03,8343
436.90,8342
438.93,8341
439.36,8340
440.87,8339
443.75,8338
444.19,8337
446.00,8336
447.31,8335
453.74,8334
454.39,8333
454.90,8332
455.77,8331
459.31,8330
461.25,8329
462.39,8328
463.48,8327
464.86,8326
466.81,8325
468.84,8324
470.35,8323
471.00,8322
472.16,8321
473.89,8320
474.62,8319
479.68,8318
480.11,8317
481.90,8316
484.06,8315
486.07,8314
486.92,8313
493.08,8312
495.94,8311
500.60,8310
504.33,8309
504.98,8308
505.84,8307
507.63,8306
509.14,8305
511.17,8304
513.12,8303
513.62,8302
515.38,8301
519.37,8300
520.31,8299
524.92,8298
529.53,8297
531.55,8296
532.64,8295
533.08,8294
534.88,8293
537.55,8292
544.16,8291
545.46,8290
548.12,8289
548.56,8288
551.45,8287
554.76,8286
557.13,8285
557.64,8284
559.60,8283
561.61,8282
565.13,8281
572.36,8280
575.65,8279
578.01,8278
580.87,8277
583.30,8276
585.24,8275
586.81,8274
588.11,8273
591.00,8272
593.38,8271
593.88,8270
594.96,8269
596.26,8268
